[2023-09-15T16:12:41.467+0000] {taskinstance.py:1125} INFO - Dependencies all met for dep_context=non-requeueable deps ti=<TaskInstance: datamart_business.insert_into_artist_earnings scheduled__2023-09-14T02:00:00+00:00 [queued]>
[2023-09-15T16:12:41.658+0000] {taskinstance.py:1125} INFO - Dependencies all met for dep_context=requeueable deps ti=<TaskInstance: datamart_business.insert_into_artist_earnings scheduled__2023-09-14T02:00:00+00:00 [queued]>
[2023-09-15T16:12:41.661+0000] {taskinstance.py:1331} INFO - Starting attempt 1 of 2
[2023-09-15T16:12:41.695+0000] {taskinstance.py:1350} INFO - Executing <Task(GenericTransfer): insert_into_artist_earnings> on 2023-09-14 02:00:00+00:00
[2023-09-15T16:12:41.706+0000] {standard_task_runner.py:57} INFO - Started process 249 to run task
[2023-09-15T16:12:41.712+0000] {standard_task_runner.py:84} INFO - Running: ['***', 'tasks', 'run', 'datamart_business', 'insert_into_artist_earnings', 'scheduled__2023-09-14T02:00:00+00:00', '--job-id', '54', '--raw', '--subdir', 'DAGS_FOLDER/datamart_bisnis.py', '--cfg-path', '/tmp/tmpomthm0eu']
[2023-09-15T16:12:41.724+0000] {standard_task_runner.py:85} INFO - Job 54: Subtask insert_into_artist_earnings
[2023-09-15T16:12:41.867+0000] {task_command.py:410} INFO - Running <TaskInstance: datamart_business.insert_into_artist_earnings scheduled__2023-09-14T02:00:00+00:00 [running]> on host ecb76d2810ac
[2023-09-15T16:12:42.030+0000] {taskinstance.py:1570} INFO - Exporting env vars: AIRFLOW_CTX_DAG_OWNER='Imara Acacia' AIRFLOW_CTX_DAG_ID='datamart_business' AIRFLOW_CTX_TASK_ID='insert_into_artist_earnings' AIRFLOW_CTX_EXECUTION_DATE='2023-09-14T02:00:00+00:00' AIRFLOW_CTX_TRY_NUMBER='1' AIRFLOW_CTX_DAG_RUN_ID='scheduled__2023-09-14T02:00:00+00:00'
[2023-09-15T16:12:42.050+0000] {base.py:73} INFO - Using connection ID 'dwh' for task execution.
[2023-09-15T16:12:42.342+0000] {base.py:73} INFO - Using connection ID 'datamart' for task execution.
[2023-09-15T16:12:42.442+0000] {generic_transfer.py:77} INFO - Extracting data from dwh
[2023-09-15T16:12:42.443+0000] {generic_transfer.py:78} INFO - Executing: 
 
SELECT "ArtistId", "ArtistName", SUM("TotalPrice") AS "Earnings"
FROM "artist_revenue"
GROUP BY "ArtistId", "ArtistName"
ORDER BY "Earnings" DESC
[2023-09-15T16:12:42.454+0000] {base.py:73} INFO - Using connection ID 'dwh' for task execution.
[2023-09-15T16:12:42.462+0000] {sql.py:375} INFO - Running statement: 
SELECT "ArtistId", "ArtistName", SUM("TotalPrice") AS "Earnings"
FROM "artist_revenue"
GROUP BY "ArtistId", "ArtistName"
ORDER BY "Earnings" DESC, parameters: None
[2023-09-15T16:12:42.467+0000] {sql.py:384} INFO - Rows affected: 165
[2023-09-15T16:12:42.471+0000] {generic_transfer.py:95} INFO - Running preoperator
[2023-09-15T16:12:42.472+0000] {generic_transfer.py:96} INFO - ['DROP TABLE IF EXISTS artist_earnings', '\n        CREATE TABLE artist_earnings (\n        "ArtistId" INT NOT NULL,\n        "ArtistName" VARCHAR(120),\n        "Earnings" NUMERIC(10,2) NOT NULL\n        )\n        ']
[2023-09-15T16:12:42.484+0000] {base.py:73} INFO - Using connection ID 'datamart' for task execution.
[2023-09-15T16:12:42.493+0000] {sql.py:375} INFO - Running statement: DROP TABLE IF EXISTS artist_earnings, parameters: None
[2023-09-15T16:12:42.497+0000] {sql.py:375} INFO - Running statement: 
        CREATE TABLE artist_earnings (
        "ArtistId" INT NOT NULL,
        "ArtistName" VARCHAR(120),
        "Earnings" NUMERIC(10,2) NOT NULL
        )
        , parameters: None
[2023-09-15T16:12:42.506+0000] {generic_transfer.py:105} INFO - Inserting rows into datamart
[2023-09-15T16:12:42.517+0000] {base.py:73} INFO - Using connection ID 'datamart' for task execution.
[2023-09-15T16:12:42.571+0000] {sql.py:473} INFO - Done loading. Loaded a total of 165 rows into artist_earnings
[2023-09-15T16:12:42.591+0000] {taskinstance.py:1373} INFO - Marking task as SUCCESS. dag_id=datamart_business, task_id=insert_into_artist_earnings, execution_date=20230914T020000, start_date=20230915T161241, end_date=20230915T161242
[2023-09-15T16:12:42.647+0000] {local_task_job_runner.py:232} INFO - Task exited with return code 0
[2023-09-15T16:12:42.687+0000] {taskinstance.py:2674} INFO - 1 downstream tasks scheduled from follow-on schedule check
