[2023-09-15T16:12:37.793+0000] {taskinstance.py:1125} INFO - Dependencies all met for dep_context=non-requeueable deps ti=<TaskInstance: datamart_business.insert_into_artist_earnings manual__2023-09-15T16:12:15.832393+00:00 [queued]>
[2023-09-15T16:12:38.029+0000] {taskinstance.py:1125} INFO - Dependencies all met for dep_context=requeueable deps ti=<TaskInstance: datamart_business.insert_into_artist_earnings manual__2023-09-15T16:12:15.832393+00:00 [queued]>
[2023-09-15T16:12:38.030+0000] {taskinstance.py:1331} INFO - Starting attempt 1 of 2
[2023-09-15T16:12:38.059+0000] {taskinstance.py:1350} INFO - Executing <Task(GenericTransfer): insert_into_artist_earnings> on 2023-09-15 16:12:15.832393+00:00
[2023-09-15T16:12:38.073+0000] {standard_task_runner.py:57} INFO - Started process 243 to run task
[2023-09-15T16:12:38.079+0000] {standard_task_runner.py:84} INFO - Running: ['***', 'tasks', 'run', 'datamart_business', 'insert_into_artist_earnings', 'manual__2023-09-15T16:12:15.832393+00:00', '--job-id', '52', '--raw', '--subdir', 'DAGS_FOLDER/datamart_bisnis.py', '--cfg-path', '/tmp/tmpbyxcp0ll']
[2023-09-15T16:12:38.086+0000] {standard_task_runner.py:85} INFO - Job 52: Subtask insert_into_artist_earnings
[2023-09-15T16:12:38.190+0000] {task_command.py:410} INFO - Running <TaskInstance: datamart_business.insert_into_artist_earnings manual__2023-09-15T16:12:15.832393+00:00 [running]> on host ecb76d2810ac
[2023-09-15T16:12:38.346+0000] {taskinstance.py:1570} INFO - Exporting env vars: AIRFLOW_CTX_DAG_OWNER='Imara Acacia' AIRFLOW_CTX_DAG_ID='datamart_business' AIRFLOW_CTX_TASK_ID='insert_into_artist_earnings' AIRFLOW_CTX_EXECUTION_DATE='2023-09-15T16:12:15.832393+00:00' AIRFLOW_CTX_TRY_NUMBER='1' AIRFLOW_CTX_DAG_RUN_ID='manual__2023-09-15T16:12:15.832393+00:00'
[2023-09-15T16:12:38.382+0000] {base.py:73} INFO - Using connection ID 'dwh' for task execution.
[2023-09-15T16:12:38.781+0000] {base.py:73} INFO - Using connection ID 'datamart' for task execution.
[2023-09-15T16:12:38.860+0000] {generic_transfer.py:77} INFO - Extracting data from dwh
[2023-09-15T16:12:38.861+0000] {generic_transfer.py:78} INFO - Executing: 
 
SELECT "ArtistId", "ArtistName", SUM("TotalPrice") AS "Earnings"
FROM "artist_revenue"
GROUP BY "ArtistId", "ArtistName"
ORDER BY "Earnings" DESC
[2023-09-15T16:12:38.872+0000] {base.py:73} INFO - Using connection ID 'dwh' for task execution.
[2023-09-15T16:12:38.881+0000] {sql.py:375} INFO - Running statement: 
SELECT "ArtistId", "ArtistName", SUM("TotalPrice") AS "Earnings"
FROM "artist_revenue"
GROUP BY "ArtistId", "ArtistName"
ORDER BY "Earnings" DESC, parameters: None
[2023-09-15T16:12:38.885+0000] {sql.py:384} INFO - Rows affected: 165
[2023-09-15T16:12:38.886+0000] {generic_transfer.py:95} INFO - Running preoperator
[2023-09-15T16:12:38.887+0000] {generic_transfer.py:96} INFO - ['DROP TABLE IF EXISTS artist_earnings', '\n        CREATE TABLE artist_earnings (\n        "ArtistId" INT NOT NULL,\n        "ArtistName" VARCHAR(120),\n        "Earnings" NUMERIC(10,2) NOT NULL\n        )\n        ']
[2023-09-15T16:12:38.895+0000] {base.py:73} INFO - Using connection ID 'datamart' for task execution.
[2023-09-15T16:12:38.904+0000] {sql.py:375} INFO - Running statement: DROP TABLE IF EXISTS artist_earnings, parameters: None
[2023-09-15T16:12:38.907+0000] {sql.py:375} INFO - Running statement: 
        CREATE TABLE artist_earnings (
        "ArtistId" INT NOT NULL,
        "ArtistName" VARCHAR(120),
        "Earnings" NUMERIC(10,2) NOT NULL
        )
        , parameters: None
[2023-09-15T16:12:38.911+0000] {generic_transfer.py:105} INFO - Inserting rows into datamart
[2023-09-15T16:12:38.923+0000] {base.py:73} INFO - Using connection ID 'datamart' for task execution.
[2023-09-15T16:12:38.968+0000] {sql.py:473} INFO - Done loading. Loaded a total of 165 rows into artist_earnings
[2023-09-15T16:12:38.979+0000] {taskinstance.py:1373} INFO - Marking task as SUCCESS. dag_id=datamart_business, task_id=insert_into_artist_earnings, execution_date=20230915T161215, start_date=20230915T161237, end_date=20230915T161238
[2023-09-15T16:12:39.014+0000] {local_task_job_runner.py:232} INFO - Task exited with return code 0
[2023-09-15T16:12:39.055+0000] {taskinstance.py:2674} INFO - 1 downstream tasks scheduled from follow-on schedule check
