[2023-09-15T11:54:23.721+0000] {taskinstance.py:1125} INFO - Dependencies all met for dep_context=non-requeueable deps ti=<TaskInstance: songs.insert_into_songs manual__2023-09-15T11:54:16.497257+00:00 [queued]>
[2023-09-15T11:54:27.664+0000] {taskinstance.py:1125} INFO - Dependencies all met for dep_context=requeueable deps ti=<TaskInstance: songs.insert_into_songs manual__2023-09-15T11:54:16.497257+00:00 [queued]>
[2023-09-15T11:54:27.666+0000] {taskinstance.py:1331} INFO - Starting attempt 1 of 2
[2023-09-15T11:54:27.723+0000] {taskinstance.py:1350} INFO - Executing <Task(GenericTransfer): insert_into_songs> on 2023-09-15 11:54:16.497257+00:00
[2023-09-15T11:54:27.742+0000] {standard_task_runner.py:57} INFO - Started process 279 to run task
[2023-09-15T11:54:27.774+0000] {standard_task_runner.py:84} INFO - Running: ['***', 'tasks', 'run', 'songs', 'insert_into_songs', 'manual__2023-09-15T11:54:16.497257+00:00', '--job-id', '36', '--raw', '--subdir', 'DAGS_FOLDER/songs.py', '--cfg-path', '/tmp/tmpcugbxklj']
[2023-09-15T11:54:27.786+0000] {standard_task_runner.py:85} INFO - Job 36: Subtask insert_into_songs
[2023-09-15T11:54:27.915+0000] {task_command.py:410} INFO - Running <TaskInstance: songs.insert_into_songs manual__2023-09-15T11:54:16.497257+00:00 [running]> on host ecb76d2810ac
[2023-09-15T11:54:28.208+0000] {taskinstance.py:1570} INFO - Exporting env vars: AIRFLOW_CTX_DAG_OWNER='Imara Acacia' AIRFLOW_CTX_DAG_ID='songs' AIRFLOW_CTX_TASK_ID='insert_into_songs' AIRFLOW_CTX_EXECUTION_DATE='2023-09-15T11:54:16.497257+00:00' AIRFLOW_CTX_TRY_NUMBER='1' AIRFLOW_CTX_DAG_RUN_ID='manual__2023-09-15T11:54:16.497257+00:00'
[2023-09-15T11:54:28.281+0000] {base.py:73} INFO - Using connection ID 'postgres' for task execution.
[2023-09-15T11:54:28.867+0000] {base.py:73} INFO - Using connection ID 'dwh' for task execution.
[2023-09-15T11:54:28.964+0000] {generic_transfer.py:77} INFO - Extracting data from postgres
[2023-09-15T11:54:28.965+0000] {generic_transfer.py:78} INFO - Executing: 
 
SELECT a."ArtistId", 
       a."Name", 
       b."AlbumId",
       b."Title",
       c."TrackId", 
       c."Name", 
       c."UnitPrice",
       c."Bytes",
       d."GenreId",
       d."Name"
FROM "Artist" a
JOIN "Album" b
ON a."ArtistId" = b."ArtistId"
JOIN "Track" c
ON b."AlbumId" = c."AlbumId"
JOIN "Genre" d
ON c."GenreId" = d."GenreId"
[2023-09-15T11:54:28.978+0000] {base.py:73} INFO - Using connection ID 'postgres' for task execution.
[2023-09-15T11:54:28.991+0000] {sql.py:375} INFO - Running statement: 
SELECT a."ArtistId", 
       a."Name", 
       b."AlbumId",
       b."Title",
       c."TrackId", 
       c."Name", 
       c."UnitPrice",
       c."Bytes",
       d."GenreId",
       d."Name"
FROM "Artist" a
JOIN "Album" b
ON a."ArtistId" = b."ArtistId"
JOIN "Track" c
ON b."AlbumId" = c."AlbumId"
JOIN "Genre" d
ON c."GenreId" = d."GenreId", parameters: None
[2023-09-15T11:54:29.027+0000] {sql.py:384} INFO - Rows affected: 3503
[2023-09-15T11:54:29.036+0000] {generic_transfer.py:95} INFO - Running preoperator
[2023-09-15T11:54:29.038+0000] {generic_transfer.py:96} INFO - ['DROP TABLE IF EXISTS songs', '\n        CREATE TABLE songs (\n        "ArtistId" INT NOT NULL,\n        "ArtistName" VARCHAR(120),\n        "AlbumId" INT NOT NULL,\n        "AlbumTitle" VARCHAR(160) NOT NULL,\n        "TrackId" INT NOT NULL,\n        "TrackName" VARCHAR(200) NOT NULL,\n        "TrackUnitPrice" NUMERIC(10,2) NOT NULL,\n        "TrackBytes" INT,\n        "GenreId" INT NOT NULL,\n        "GenreName" VARCHAR(120)\n        )\n        ']
[2023-09-15T11:54:29.049+0000] {base.py:73} INFO - Using connection ID 'dwh' for task execution.
[2023-09-15T11:54:29.057+0000] {sql.py:375} INFO - Running statement: DROP TABLE IF EXISTS songs, parameters: None
[2023-09-15T11:54:29.061+0000] {sql.py:375} INFO - Running statement: 
        CREATE TABLE songs (
        "ArtistId" INT NOT NULL,
        "ArtistName" VARCHAR(120),
        "AlbumId" INT NOT NULL,
        "AlbumTitle" VARCHAR(160) NOT NULL,
        "TrackId" INT NOT NULL,
        "TrackName" VARCHAR(200) NOT NULL,
        "TrackUnitPrice" NUMERIC(10,2) NOT NULL,
        "TrackBytes" INT,
        "GenreId" INT NOT NULL,
        "GenreName" VARCHAR(120)
        )
        , parameters: None
[2023-09-15T11:54:29.086+0000] {generic_transfer.py:105} INFO - Inserting rows into dwh
[2023-09-15T11:54:29.097+0000] {base.py:73} INFO - Using connection ID 'dwh' for task execution.
[2023-09-15T11:54:29.435+0000] {sql.py:470} INFO - Loaded 1000 rows into songs so far
[2023-09-15T11:54:29.716+0000] {sql.py:470} INFO - Loaded 2000 rows into songs so far
[2023-09-15T11:54:30.070+0000] {sql.py:470} INFO - Loaded 3000 rows into songs so far
[2023-09-15T11:54:30.205+0000] {sql.py:473} INFO - Done loading. Loaded a total of 3503 rows into songs
[2023-09-15T11:54:30.218+0000] {taskinstance.py:1373} INFO - Marking task as SUCCESS. dag_id=songs, task_id=insert_into_songs, execution_date=20230915T115416, start_date=20230915T115423, end_date=20230915T115430
[2023-09-15T11:54:30.271+0000] {local_task_job_runner.py:232} INFO - Task exited with return code 0
[2023-09-15T11:54:30.302+0000] {taskinstance.py:2674} INFO - 0 downstream tasks scheduled from follow-on schedule check
