[2023-09-15T16:12:24.591+0000] {taskinstance.py:1125} INFO - Dependencies all met for dep_context=non-requeueable deps ti=<TaskInstance: datamart_business.insert_into_daily_earnings manual__2023-09-15T16:12:15.832393+00:00 [queued]>
[2023-09-15T16:12:28.289+0000] {taskinstance.py:1125} INFO - Dependencies all met for dep_context=requeueable deps ti=<TaskInstance: datamart_business.insert_into_daily_earnings manual__2023-09-15T16:12:15.832393+00:00 [queued]>
[2023-09-15T16:12:28.291+0000] {taskinstance.py:1331} INFO - Starting attempt 1 of 2
[2023-09-15T16:12:28.326+0000] {taskinstance.py:1350} INFO - Executing <Task(GenericTransfer): insert_into_daily_earnings> on 2023-09-15 16:12:15.832393+00:00
[2023-09-15T16:12:28.339+0000] {standard_task_runner.py:57} INFO - Started process 225 to run task
[2023-09-15T16:12:28.349+0000] {standard_task_runner.py:84} INFO - Running: ['***', 'tasks', 'run', 'datamart_business', 'insert_into_daily_earnings', 'manual__2023-09-15T16:12:15.832393+00:00', '--job-id', '48', '--raw', '--subdir', 'DAGS_FOLDER/datamart_bisnis.py', '--cfg-path', '/tmp/tmprmzyg6jg']
[2023-09-15T16:12:28.355+0000] {standard_task_runner.py:85} INFO - Job 48: Subtask insert_into_daily_earnings
[2023-09-15T16:12:28.543+0000] {task_command.py:410} INFO - Running <TaskInstance: datamart_business.insert_into_daily_earnings manual__2023-09-15T16:12:15.832393+00:00 [running]> on host ecb76d2810ac
[2023-09-15T16:12:28.706+0000] {taskinstance.py:1570} INFO - Exporting env vars: AIRFLOW_CTX_DAG_OWNER='Imara Acacia' AIRFLOW_CTX_DAG_ID='datamart_business' AIRFLOW_CTX_TASK_ID='insert_into_daily_earnings' AIRFLOW_CTX_EXECUTION_DATE='2023-09-15T16:12:15.832393+00:00' AIRFLOW_CTX_TRY_NUMBER='1' AIRFLOW_CTX_DAG_RUN_ID='manual__2023-09-15T16:12:15.832393+00:00'
[2023-09-15T16:12:28.739+0000] {base.py:73} INFO - Using connection ID 'dwh' for task execution.
[2023-09-15T16:12:29.162+0000] {base.py:73} INFO - Using connection ID 'datamart' for task execution.
[2023-09-15T16:12:29.245+0000] {generic_transfer.py:77} INFO - Extracting data from dwh
[2023-09-15T16:12:29.246+0000] {generic_transfer.py:78} INFO - Executing: 
 
SELECT "InvoiceDate", SUM("TotalPrice")
FROM "artist_revenue"
GROUP BY "InvoiceDate"
ORDER BY "InvoiceDate"
[2023-09-15T16:12:29.257+0000] {base.py:73} INFO - Using connection ID 'dwh' for task execution.
[2023-09-15T16:12:29.271+0000] {sql.py:375} INFO - Running statement: 
SELECT "InvoiceDate", SUM("TotalPrice")
FROM "artist_revenue"
GROUP BY "InvoiceDate"
ORDER BY "InvoiceDate", parameters: None
[2023-09-15T16:12:29.293+0000] {sql.py:384} INFO - Rows affected: 354
[2023-09-15T16:12:29.295+0000] {generic_transfer.py:95} INFO - Running preoperator
[2023-09-15T16:12:29.296+0000] {generic_transfer.py:96} INFO - ['DROP TABLE IF EXISTS daily_earnings', '\n        CREATE TABLE daily_earnings (\n        "InvoiceDate" TIMESTAMP NOT NULL,\n        "Earnings" NUMERIC(10,2) NOT NULL\n        )\n        ']
[2023-09-15T16:12:29.311+0000] {base.py:73} INFO - Using connection ID 'datamart' for task execution.
[2023-09-15T16:12:29.321+0000] {sql.py:375} INFO - Running statement: DROP TABLE IF EXISTS daily_earnings, parameters: None
[2023-09-15T16:12:29.330+0000] {sql.py:375} INFO - Running statement: 
        CREATE TABLE daily_earnings (
        "InvoiceDate" TIMESTAMP NOT NULL,
        "Earnings" NUMERIC(10,2) NOT NULL
        )
        , parameters: None
[2023-09-15T16:12:29.360+0000] {generic_transfer.py:105} INFO - Inserting rows into datamart
[2023-09-15T16:12:29.371+0000] {base.py:73} INFO - Using connection ID 'datamart' for task execution.
[2023-09-15T16:12:29.493+0000] {sql.py:473} INFO - Done loading. Loaded a total of 354 rows into daily_earnings
[2023-09-15T16:12:29.511+0000] {taskinstance.py:1373} INFO - Marking task as SUCCESS. dag_id=datamart_business, task_id=insert_into_daily_earnings, execution_date=20230915T161215, start_date=20230915T161224, end_date=20230915T161229
[2023-09-15T16:12:29.565+0000] {local_task_job_runner.py:232} INFO - Task exited with return code 0
[2023-09-15T16:12:29.628+0000] {taskinstance.py:2674} INFO - 1 downstream tasks scheduled from follow-on schedule check
