[2023-09-07T04:11:27.736+0000] {processor.py:156} INFO - Started process (PID=31) to work on /opt/airflow/dags/postgres_operator.py
[2023-09-07T04:11:27.741+0000] {processor.py:799} INFO - Processing file /opt/airflow/dags/postgres_operator.py for tasks to queue
[2023-09-07T04:11:27.744+0000] {logging_mixin.py:149} INFO - [2023-09-07T04:11:27.744+0000] {dagbag.py:541} INFO - Filling up the DagBag from /opt/airflow/dags/postgres_operator.py
[2023-09-07T04:11:27.880+0000] {processor.py:809} INFO - DAG(s) dict_keys(['postgres_operator_dag']) retrieved from /opt/airflow/dags/postgres_operator.py
[2023-09-07T04:11:28.946+0000] {logging_mixin.py:149} INFO - [2023-09-07T04:11:28.945+0000] {manager.py:504} INFO - Created Permission View: can delete on DAG:postgres_operator_dag
[2023-09-07T04:11:28.983+0000] {logging_mixin.py:149} INFO - [2023-09-07T04:11:28.983+0000] {manager.py:504} INFO - Created Permission View: can edit on DAG:postgres_operator_dag
[2023-09-07T04:11:29.015+0000] {logging_mixin.py:149} INFO - [2023-09-07T04:11:29.015+0000] {manager.py:504} INFO - Created Permission View: can read on DAG:postgres_operator_dag
[2023-09-07T04:11:29.017+0000] {logging_mixin.py:149} INFO - [2023-09-07T04:11:29.016+0000] {dag.py:2726} INFO - Sync 1 DAGs
[2023-09-07T04:11:29.077+0000] {logging_mixin.py:149} INFO - [2023-09-07T04:11:29.076+0000] {dag.py:2747} INFO - Creating ORM DAG for postgres_operator_dag
[2023-09-07T04:11:29.136+0000] {logging_mixin.py:149} INFO - [2023-09-07T04:11:29.136+0000] {dag.py:3490} INFO - Setting next_dagrun for postgres_operator_dag to 2020-02-02T00:00:00+00:00, run_after=2020-02-02T00:00:00+00:00
[2023-09-07T04:11:29.296+0000] {processor.py:178} INFO - Processing /opt/airflow/dags/postgres_operator.py took 1.574 seconds
[2023-09-07T04:12:06.113+0000] {processor.py:156} INFO - Started process (PID=97) to work on /opt/airflow/dags/postgres_operator.py
[2023-09-07T04:12:06.119+0000] {processor.py:799} INFO - Processing file /opt/airflow/dags/postgres_operator.py for tasks to queue
[2023-09-07T04:12:06.128+0000] {logging_mixin.py:149} INFO - [2023-09-07T04:12:06.127+0000] {dagbag.py:541} INFO - Filling up the DagBag from /opt/airflow/dags/postgres_operator.py
[2023-09-07T04:12:06.260+0000] {processor.py:809} INFO - DAG(s) dict_keys(['postgres_operator_dag']) retrieved from /opt/airflow/dags/postgres_operator.py
[2023-09-07T04:12:06.438+0000] {logging_mixin.py:149} INFO - [2023-09-07T04:12:06.437+0000] {dag.py:2726} INFO - Sync 1 DAGs
[2023-09-07T04:12:06.435+0000] {logging_mixin.py:149} INFO - [2023-09-07T04:12:06.434+0000] {dag.py:3490} INFO - Setting next_dagrun for postgres_operator_dag to 2020-02-02T00:00:00+00:00, run_after=2020-02-02T00:00:00+00:00
[2023-09-07T04:12:06.515+0000] {processor.py:178} INFO - Processing /opt/airflow/dags/postgres_operator.py took 0.671 seconds
[2023-09-07T04:12:37.111+0000] {processor.py:156} INFO - Started process (PID=140) to work on /opt/airflow/dags/postgres_operator.py
[2023-09-07T04:12:37.115+0000] {processor.py:799} INFO - Processing file /opt/airflow/dags/postgres_operator.py for tasks to queue
[2023-09-07T04:12:37.119+0000] {logging_mixin.py:149} INFO - [2023-09-07T04:12:37.118+0000] {dagbag.py:541} INFO - Filling up the DagBag from /opt/airflow/dags/postgres_operator.py
[2023-09-07T04:12:37.219+0000] {processor.py:809} INFO - DAG(s) dict_keys(['postgres_operator_dag']) retrieved from /opt/airflow/dags/postgres_operator.py
[2023-09-07T04:12:37.332+0000] {logging_mixin.py:149} INFO - [2023-09-07T04:12:37.331+0000] {dag.py:2726} INFO - Sync 1 DAGs
[2023-09-07T04:12:37.451+0000] {logging_mixin.py:149} INFO - [2023-09-07T04:12:37.451+0000] {dag.py:3490} INFO - Setting next_dagrun for postgres_operator_dag to 2020-02-02T00:00:00+00:00, run_after=2020-02-02T00:00:00+00:00
[2023-09-07T04:12:37.763+0000] {processor.py:178} INFO - Processing /opt/airflow/dags/postgres_operator.py took 0.672 seconds
[2023-09-07T04:13:08.128+0000] {processor.py:156} INFO - Started process (PID=200) to work on /opt/airflow/dags/postgres_operator.py
[2023-09-07T04:13:08.138+0000] {processor.py:799} INFO - Processing file /opt/airflow/dags/postgres_operator.py for tasks to queue
[2023-09-07T04:13:08.141+0000] {logging_mixin.py:149} INFO - [2023-09-07T04:13:08.140+0000] {dagbag.py:541} INFO - Filling up the DagBag from /opt/airflow/dags/postgres_operator.py
[2023-09-07T04:13:08.431+0000] {processor.py:809} INFO - DAG(s) dict_keys(['postgres_operator_dag']) retrieved from /opt/airflow/dags/postgres_operator.py
[2023-09-07T04:13:08.476+0000] {logging_mixin.py:149} INFO - [2023-09-07T04:13:08.476+0000] {dag.py:2726} INFO - Sync 1 DAGs
[2023-09-07T04:13:08.531+0000] {logging_mixin.py:149} INFO - [2023-09-07T04:13:08.531+0000] {dag.py:3490} INFO - Setting next_dagrun for postgres_operator_dag to None, run_after=None
[2023-09-07T04:13:08.583+0000] {processor.py:178} INFO - Processing /opt/airflow/dags/postgres_operator.py took 0.464 seconds
[2023-09-07T04:13:39.526+0000] {processor.py:156} INFO - Started process (PID=261) to work on /opt/airflow/dags/postgres_operator.py
[2023-09-07T04:13:39.529+0000] {processor.py:799} INFO - Processing file /opt/airflow/dags/postgres_operator.py for tasks to queue
[2023-09-07T04:13:39.530+0000] {logging_mixin.py:149} INFO - [2023-09-07T04:13:39.530+0000] {dagbag.py:541} INFO - Filling up the DagBag from /opt/airflow/dags/postgres_operator.py
[2023-09-07T04:13:39.579+0000] {processor.py:809} INFO - DAG(s) dict_keys(['postgres_operator_dag']) retrieved from /opt/airflow/dags/postgres_operator.py
[2023-09-07T04:13:39.616+0000] {logging_mixin.py:149} INFO - [2023-09-07T04:13:39.616+0000] {dag.py:2726} INFO - Sync 1 DAGs
[2023-09-07T04:13:39.662+0000] {logging_mixin.py:149} INFO - [2023-09-07T04:13:39.661+0000] {dag.py:3490} INFO - Setting next_dagrun for postgres_operator_dag to None, run_after=None
[2023-09-07T04:13:39.700+0000] {processor.py:178} INFO - Processing /opt/airflow/dags/postgres_operator.py took 0.179 seconds
[2023-09-07T04:14:09.992+0000] {processor.py:156} INFO - Started process (PID=320) to work on /opt/airflow/dags/postgres_operator.py
[2023-09-07T04:14:09.995+0000] {processor.py:799} INFO - Processing file /opt/airflow/dags/postgres_operator.py for tasks to queue
[2023-09-07T04:14:10.000+0000] {logging_mixin.py:149} INFO - [2023-09-07T04:14:09.999+0000] {dagbag.py:541} INFO - Filling up the DagBag from /opt/airflow/dags/postgres_operator.py
[2023-09-07T04:14:10.062+0000] {processor.py:809} INFO - DAG(s) dict_keys(['postgres_operator_dag']) retrieved from /opt/airflow/dags/postgres_operator.py
[2023-09-07T04:14:10.133+0000] {logging_mixin.py:149} INFO - [2023-09-07T04:14:10.132+0000] {dag.py:2726} INFO - Sync 1 DAGs
[2023-09-07T04:14:10.206+0000] {logging_mixin.py:149} INFO - [2023-09-07T04:14:10.205+0000] {dag.py:3490} INFO - Setting next_dagrun for postgres_operator_dag to None, run_after=None
[2023-09-07T04:14:10.264+0000] {processor.py:178} INFO - Processing /opt/airflow/dags/postgres_operator.py took 0.282 seconds
[2023-09-07T04:14:40.586+0000] {processor.py:156} INFO - Started process (PID=381) to work on /opt/airflow/dags/postgres_operator.py
[2023-09-07T04:14:40.588+0000] {processor.py:799} INFO - Processing file /opt/airflow/dags/postgres_operator.py for tasks to queue
[2023-09-07T04:14:40.590+0000] {logging_mixin.py:149} INFO - [2023-09-07T04:14:40.590+0000] {dagbag.py:541} INFO - Filling up the DagBag from /opt/airflow/dags/postgres_operator.py
[2023-09-07T04:14:40.648+0000] {processor.py:809} INFO - DAG(s) dict_keys(['postgres_operator_dag']) retrieved from /opt/airflow/dags/postgres_operator.py
[2023-09-07T04:14:40.725+0000] {logging_mixin.py:149} INFO - [2023-09-07T04:14:40.724+0000] {dag.py:2726} INFO - Sync 1 DAGs
[2023-09-07T04:14:40.795+0000] {logging_mixin.py:149} INFO - [2023-09-07T04:14:40.794+0000] {dag.py:3490} INFO - Setting next_dagrun for postgres_operator_dag to None, run_after=None
[2023-09-07T04:14:40.868+0000] {processor.py:178} INFO - Processing /opt/airflow/dags/postgres_operator.py took 0.289 seconds
[2023-09-07T04:15:11.447+0000] {processor.py:156} INFO - Started process (PID=442) to work on /opt/airflow/dags/postgres_operator.py
[2023-09-07T04:15:11.448+0000] {processor.py:799} INFO - Processing file /opt/airflow/dags/postgres_operator.py for tasks to queue
[2023-09-07T04:15:11.450+0000] {logging_mixin.py:149} INFO - [2023-09-07T04:15:11.449+0000] {dagbag.py:541} INFO - Filling up the DagBag from /opt/airflow/dags/postgres_operator.py
[2023-09-07T04:15:11.487+0000] {processor.py:809} INFO - DAG(s) dict_keys(['postgres_operator_dag']) retrieved from /opt/airflow/dags/postgres_operator.py
[2023-09-07T04:15:11.518+0000] {logging_mixin.py:149} INFO - [2023-09-07T04:15:11.518+0000] {dag.py:2726} INFO - Sync 1 DAGs
[2023-09-07T04:15:11.553+0000] {logging_mixin.py:149} INFO - [2023-09-07T04:15:11.553+0000] {dag.py:3490} INFO - Setting next_dagrun for postgres_operator_dag to None, run_after=None
[2023-09-07T04:15:11.585+0000] {processor.py:178} INFO - Processing /opt/airflow/dags/postgres_operator.py took 0.142 seconds
[2023-09-07T04:15:42.306+0000] {processor.py:156} INFO - Started process (PID=503) to work on /opt/airflow/dags/postgres_operator.py
[2023-09-07T04:15:42.309+0000] {processor.py:799} INFO - Processing file /opt/airflow/dags/postgres_operator.py for tasks to queue
[2023-09-07T04:15:42.311+0000] {logging_mixin.py:149} INFO - [2023-09-07T04:15:42.311+0000] {dagbag.py:541} INFO - Filling up the DagBag from /opt/airflow/dags/postgres_operator.py
[2023-09-07T04:15:42.373+0000] {processor.py:809} INFO - DAG(s) dict_keys(['postgres_operator_dag']) retrieved from /opt/airflow/dags/postgres_operator.py
[2023-09-07T04:15:42.424+0000] {logging_mixin.py:149} INFO - [2023-09-07T04:15:42.423+0000] {dag.py:2726} INFO - Sync 1 DAGs
[2023-09-07T04:15:42.497+0000] {logging_mixin.py:149} INFO - [2023-09-07T04:15:42.496+0000] {dag.py:3490} INFO - Setting next_dagrun for postgres_operator_dag to None, run_after=None
[2023-09-07T04:15:42.552+0000] {processor.py:178} INFO - Processing /opt/airflow/dags/postgres_operator.py took 0.253 seconds
[2023-09-07T04:16:13.167+0000] {processor.py:156} INFO - Started process (PID=564) to work on /opt/airflow/dags/postgres_operator.py
[2023-09-07T04:16:13.170+0000] {processor.py:799} INFO - Processing file /opt/airflow/dags/postgres_operator.py for tasks to queue
[2023-09-07T04:16:13.173+0000] {logging_mixin.py:149} INFO - [2023-09-07T04:16:13.172+0000] {dagbag.py:541} INFO - Filling up the DagBag from /opt/airflow/dags/postgres_operator.py
[2023-09-07T04:16:13.240+0000] {processor.py:809} INFO - DAG(s) dict_keys(['postgres_operator_dag']) retrieved from /opt/airflow/dags/postgres_operator.py
[2023-09-07T04:16:13.325+0000] {logging_mixin.py:149} INFO - [2023-09-07T04:16:13.324+0000] {dag.py:2726} INFO - Sync 1 DAGs
[2023-09-07T04:16:13.412+0000] {logging_mixin.py:149} INFO - [2023-09-07T04:16:13.412+0000] {dag.py:3490} INFO - Setting next_dagrun for postgres_operator_dag to None, run_after=None
[2023-09-07T04:16:13.489+0000] {processor.py:178} INFO - Processing /opt/airflow/dags/postgres_operator.py took 0.335 seconds
[2023-09-07T04:16:44.201+0000] {processor.py:156} INFO - Started process (PID=625) to work on /opt/airflow/dags/postgres_operator.py
[2023-09-07T04:16:44.203+0000] {processor.py:799} INFO - Processing file /opt/airflow/dags/postgres_operator.py for tasks to queue
[2023-09-07T04:16:44.204+0000] {logging_mixin.py:149} INFO - [2023-09-07T04:16:44.204+0000] {dagbag.py:541} INFO - Filling up the DagBag from /opt/airflow/dags/postgres_operator.py
[2023-09-07T04:16:44.246+0000] {processor.py:809} INFO - DAG(s) dict_keys(['postgres_operator_dag']) retrieved from /opt/airflow/dags/postgres_operator.py
[2023-09-07T04:16:44.293+0000] {logging_mixin.py:149} INFO - [2023-09-07T04:16:44.293+0000] {dag.py:2726} INFO - Sync 1 DAGs
[2023-09-07T04:16:44.339+0000] {logging_mixin.py:149} INFO - [2023-09-07T04:16:44.339+0000] {dag.py:3490} INFO - Setting next_dagrun for postgres_operator_dag to None, run_after=None
[2023-09-07T04:16:44.376+0000] {processor.py:178} INFO - Processing /opt/airflow/dags/postgres_operator.py took 0.180 seconds
[2023-09-07T04:17:14.854+0000] {processor.py:156} INFO - Started process (PID=686) to work on /opt/airflow/dags/postgres_operator.py
[2023-09-07T04:17:14.857+0000] {processor.py:799} INFO - Processing file /opt/airflow/dags/postgres_operator.py for tasks to queue
[2023-09-07T04:17:14.859+0000] {logging_mixin.py:149} INFO - [2023-09-07T04:17:14.858+0000] {dagbag.py:541} INFO - Filling up the DagBag from /opt/airflow/dags/postgres_operator.py
[2023-09-07T04:17:14.909+0000] {processor.py:809} INFO - DAG(s) dict_keys(['postgres_operator_dag']) retrieved from /opt/airflow/dags/postgres_operator.py
[2023-09-07T04:17:14.986+0000] {logging_mixin.py:149} INFO - [2023-09-07T04:17:14.986+0000] {dag.py:2726} INFO - Sync 1 DAGs
[2023-09-07T04:17:15.072+0000] {logging_mixin.py:149} INFO - [2023-09-07T04:17:15.071+0000] {dag.py:3490} INFO - Setting next_dagrun for postgres_operator_dag to None, run_after=None
[2023-09-07T04:17:15.129+0000] {processor.py:178} INFO - Processing /opt/airflow/dags/postgres_operator.py took 0.283 seconds
[2023-09-07T04:17:45.961+0000] {processor.py:156} INFO - Started process (PID=747) to work on /opt/airflow/dags/postgres_operator.py
[2023-09-07T04:17:45.963+0000] {processor.py:799} INFO - Processing file /opt/airflow/dags/postgres_operator.py for tasks to queue
[2023-09-07T04:17:45.964+0000] {logging_mixin.py:149} INFO - [2023-09-07T04:17:45.964+0000] {dagbag.py:541} INFO - Filling up the DagBag from /opt/airflow/dags/postgres_operator.py
[2023-09-07T04:17:46.002+0000] {processor.py:809} INFO - DAG(s) dict_keys(['postgres_operator_dag']) retrieved from /opt/airflow/dags/postgres_operator.py
[2023-09-07T04:17:46.036+0000] {logging_mixin.py:149} INFO - [2023-09-07T04:17:46.036+0000] {dag.py:2726} INFO - Sync 1 DAGs
[2023-09-07T04:17:46.080+0000] {logging_mixin.py:149} INFO - [2023-09-07T04:17:46.080+0000] {dag.py:3490} INFO - Setting next_dagrun for postgres_operator_dag to None, run_after=None
[2023-09-07T04:17:46.116+0000] {processor.py:178} INFO - Processing /opt/airflow/dags/postgres_operator.py took 0.158 seconds
[2023-09-07T04:18:16.328+0000] {processor.py:156} INFO - Started process (PID=808) to work on /opt/airflow/dags/postgres_operator.py
[2023-09-07T04:18:16.330+0000] {processor.py:799} INFO - Processing file /opt/airflow/dags/postgres_operator.py for tasks to queue
[2023-09-07T04:18:16.332+0000] {logging_mixin.py:149} INFO - [2023-09-07T04:18:16.331+0000] {dagbag.py:541} INFO - Filling up the DagBag from /opt/airflow/dags/postgres_operator.py
[2023-09-07T04:18:16.364+0000] {processor.py:809} INFO - DAG(s) dict_keys(['postgres_operator_dag']) retrieved from /opt/airflow/dags/postgres_operator.py
[2023-09-07T04:18:16.393+0000] {logging_mixin.py:149} INFO - [2023-09-07T04:18:16.393+0000] {dag.py:2726} INFO - Sync 1 DAGs
[2023-09-07T04:18:16.432+0000] {logging_mixin.py:149} INFO - [2023-09-07T04:18:16.432+0000] {dag.py:3490} INFO - Setting next_dagrun for postgres_operator_dag to None, run_after=None
[2023-09-07T04:18:16.462+0000] {processor.py:178} INFO - Processing /opt/airflow/dags/postgres_operator.py took 0.139 seconds
[2023-09-07T04:18:46.675+0000] {processor.py:156} INFO - Started process (PID=869) to work on /opt/airflow/dags/postgres_operator.py
[2023-09-07T04:18:46.676+0000] {processor.py:799} INFO - Processing file /opt/airflow/dags/postgres_operator.py for tasks to queue
[2023-09-07T04:18:46.678+0000] {logging_mixin.py:149} INFO - [2023-09-07T04:18:46.678+0000] {dagbag.py:541} INFO - Filling up the DagBag from /opt/airflow/dags/postgres_operator.py
[2023-09-07T04:18:46.711+0000] {processor.py:809} INFO - DAG(s) dict_keys(['postgres_operator_dag']) retrieved from /opt/airflow/dags/postgres_operator.py
[2023-09-07T04:18:46.735+0000] {logging_mixin.py:149} INFO - [2023-09-07T04:18:46.735+0000] {dag.py:2726} INFO - Sync 1 DAGs
[2023-09-07T04:18:46.775+0000] {logging_mixin.py:149} INFO - [2023-09-07T04:18:46.775+0000] {dag.py:3490} INFO - Setting next_dagrun for postgres_operator_dag to None, run_after=None
[2023-09-07T04:18:46.806+0000] {processor.py:178} INFO - Processing /opt/airflow/dags/postgres_operator.py took 0.136 seconds
[2023-09-07T04:19:17.192+0000] {processor.py:156} INFO - Started process (PID=931) to work on /opt/airflow/dags/postgres_operator.py
[2023-09-07T04:19:17.193+0000] {processor.py:799} INFO - Processing file /opt/airflow/dags/postgres_operator.py for tasks to queue
[2023-09-07T04:19:17.195+0000] {logging_mixin.py:149} INFO - [2023-09-07T04:19:17.194+0000] {dagbag.py:541} INFO - Filling up the DagBag from /opt/airflow/dags/postgres_operator.py
[2023-09-07T04:19:17.230+0000] {processor.py:809} INFO - DAG(s) dict_keys(['postgres_operator_dag']) retrieved from /opt/airflow/dags/postgres_operator.py
[2023-09-07T04:19:17.262+0000] {logging_mixin.py:149} INFO - [2023-09-07T04:19:17.262+0000] {dag.py:2726} INFO - Sync 1 DAGs
[2023-09-07T04:19:17.296+0000] {logging_mixin.py:149} INFO - [2023-09-07T04:19:17.296+0000] {dag.py:3490} INFO - Setting next_dagrun for postgres_operator_dag to None, run_after=None
[2023-09-07T04:19:17.330+0000] {processor.py:178} INFO - Processing /opt/airflow/dags/postgres_operator.py took 0.143 seconds
[2023-09-07T04:19:48.172+0000] {processor.py:156} INFO - Started process (PID=992) to work on /opt/airflow/dags/postgres_operator.py
[2023-09-07T04:19:48.173+0000] {processor.py:799} INFO - Processing file /opt/airflow/dags/postgres_operator.py for tasks to queue
[2023-09-07T04:19:48.175+0000] {logging_mixin.py:149} INFO - [2023-09-07T04:19:48.175+0000] {dagbag.py:541} INFO - Filling up the DagBag from /opt/airflow/dags/postgres_operator.py
[2023-09-07T04:19:48.208+0000] {processor.py:809} INFO - DAG(s) dict_keys(['postgres_operator_dag']) retrieved from /opt/airflow/dags/postgres_operator.py
[2023-09-07T04:19:48.238+0000] {logging_mixin.py:149} INFO - [2023-09-07T04:19:48.238+0000] {dag.py:2726} INFO - Sync 1 DAGs
[2023-09-07T04:19:48.274+0000] {logging_mixin.py:149} INFO - [2023-09-07T04:19:48.274+0000] {dag.py:3490} INFO - Setting next_dagrun for postgres_operator_dag to None, run_after=None
[2023-09-07T04:19:48.305+0000] {processor.py:178} INFO - Processing /opt/airflow/dags/postgres_operator.py took 0.138 seconds
[2023-09-07T04:20:18.469+0000] {processor.py:156} INFO - Started process (PID=1053) to work on /opt/airflow/dags/postgres_operator.py
[2023-09-07T04:20:18.470+0000] {processor.py:799} INFO - Processing file /opt/airflow/dags/postgres_operator.py for tasks to queue
[2023-09-07T04:20:18.472+0000] {logging_mixin.py:149} INFO - [2023-09-07T04:20:18.471+0000] {dagbag.py:541} INFO - Filling up the DagBag from /opt/airflow/dags/postgres_operator.py
[2023-09-07T04:20:18.514+0000] {processor.py:809} INFO - DAG(s) dict_keys(['postgres_operator_dag']) retrieved from /opt/airflow/dags/postgres_operator.py
[2023-09-07T04:20:18.544+0000] {logging_mixin.py:149} INFO - [2023-09-07T04:20:18.544+0000] {dag.py:2726} INFO - Sync 1 DAGs
[2023-09-07T04:20:18.583+0000] {logging_mixin.py:149} INFO - [2023-09-07T04:20:18.583+0000] {dag.py:3490} INFO - Setting next_dagrun for postgres_operator_dag to None, run_after=None
[2023-09-07T04:20:18.615+0000] {processor.py:178} INFO - Processing /opt/airflow/dags/postgres_operator.py took 0.151 seconds
[2023-09-07T04:20:49.014+0000] {processor.py:156} INFO - Started process (PID=1114) to work on /opt/airflow/dags/postgres_operator.py
[2023-09-07T04:20:49.015+0000] {processor.py:799} INFO - Processing file /opt/airflow/dags/postgres_operator.py for tasks to queue
[2023-09-07T04:20:49.017+0000] {logging_mixin.py:149} INFO - [2023-09-07T04:20:49.017+0000] {dagbag.py:541} INFO - Filling up the DagBag from /opt/airflow/dags/postgres_operator.py
[2023-09-07T04:20:49.060+0000] {processor.py:809} INFO - DAG(s) dict_keys(['postgres_operator_dag']) retrieved from /opt/airflow/dags/postgres_operator.py
[2023-09-07T04:20:49.094+0000] {logging_mixin.py:149} INFO - [2023-09-07T04:20:49.094+0000] {dag.py:2726} INFO - Sync 1 DAGs
[2023-09-07T04:20:49.136+0000] {logging_mixin.py:149} INFO - [2023-09-07T04:20:49.136+0000] {dag.py:3490} INFO - Setting next_dagrun for postgres_operator_dag to None, run_after=None
[2023-09-07T04:20:49.174+0000] {processor.py:178} INFO - Processing /opt/airflow/dags/postgres_operator.py took 0.166 seconds
[2023-09-07T04:21:19.988+0000] {processor.py:156} INFO - Started process (PID=1175) to work on /opt/airflow/dags/postgres_operator.py
[2023-09-07T04:21:19.991+0000] {processor.py:799} INFO - Processing file /opt/airflow/dags/postgres_operator.py for tasks to queue
[2023-09-07T04:21:20.001+0000] {logging_mixin.py:149} INFO - [2023-09-07T04:21:20.000+0000] {dagbag.py:541} INFO - Filling up the DagBag from /opt/airflow/dags/postgres_operator.py
[2023-09-07T04:21:20.071+0000] {processor.py:809} INFO - DAG(s) dict_keys(['postgres_operator_dag']) retrieved from /opt/airflow/dags/postgres_operator.py
[2023-09-07T04:21:20.203+0000] {logging_mixin.py:149} INFO - [2023-09-07T04:21:20.203+0000] {dag.py:2726} INFO - Sync 1 DAGs
[2023-09-07T04:21:20.284+0000] {logging_mixin.py:149} INFO - [2023-09-07T04:21:20.284+0000] {dag.py:3490} INFO - Setting next_dagrun for postgres_operator_dag to None, run_after=None
[2023-09-07T04:21:20.341+0000] {processor.py:178} INFO - Processing /opt/airflow/dags/postgres_operator.py took 0.373 seconds
[2023-09-07T04:21:50.672+0000] {processor.py:156} INFO - Started process (PID=1236) to work on /opt/airflow/dags/postgres_operator.py
[2023-09-07T04:21:50.674+0000] {processor.py:799} INFO - Processing file /opt/airflow/dags/postgres_operator.py for tasks to queue
[2023-09-07T04:21:50.675+0000] {logging_mixin.py:149} INFO - [2023-09-07T04:21:50.675+0000] {dagbag.py:541} INFO - Filling up the DagBag from /opt/airflow/dags/postgres_operator.py
[2023-09-07T04:21:50.716+0000] {processor.py:809} INFO - DAG(s) dict_keys(['postgres_operator_dag']) retrieved from /opt/airflow/dags/postgres_operator.py
[2023-09-07T04:21:50.764+0000] {logging_mixin.py:149} INFO - [2023-09-07T04:21:50.763+0000] {dag.py:2726} INFO - Sync 1 DAGs
[2023-09-07T04:21:50.850+0000] {logging_mixin.py:149} INFO - [2023-09-07T04:21:50.850+0000] {dag.py:3490} INFO - Setting next_dagrun for postgres_operator_dag to None, run_after=None
[2023-09-07T04:21:50.895+0000] {processor.py:178} INFO - Processing /opt/airflow/dags/postgres_operator.py took 0.228 seconds
[2023-09-07T04:22:21.086+0000] {processor.py:156} INFO - Started process (PID=1297) to work on /opt/airflow/dags/postgres_operator.py
[2023-09-07T04:22:21.089+0000] {processor.py:799} INFO - Processing file /opt/airflow/dags/postgres_operator.py for tasks to queue
[2023-09-07T04:22:21.092+0000] {logging_mixin.py:149} INFO - [2023-09-07T04:22:21.092+0000] {dagbag.py:541} INFO - Filling up the DagBag from /opt/airflow/dags/postgres_operator.py
[2023-09-07T04:22:21.152+0000] {processor.py:809} INFO - DAG(s) dict_keys(['postgres_operator_dag']) retrieved from /opt/airflow/dags/postgres_operator.py
[2023-09-07T04:22:21.253+0000] {logging_mixin.py:149} INFO - [2023-09-07T04:22:21.253+0000] {dag.py:2726} INFO - Sync 1 DAGs
[2023-09-07T04:22:21.326+0000] {logging_mixin.py:149} INFO - [2023-09-07T04:22:21.326+0000] {dag.py:3490} INFO - Setting next_dagrun for postgres_operator_dag to None, run_after=None
[2023-09-07T04:22:21.384+0000] {processor.py:178} INFO - Processing /opt/airflow/dags/postgres_operator.py took 0.313 seconds
[2023-09-07T04:26:15.049+0000] {processor.py:156} INFO - Started process (PID=1324) to work on /opt/airflow/dags/postgres_operator.py
[2023-09-07T04:26:15.069+0000] {processor.py:799} INFO - Processing file /opt/airflow/dags/postgres_operator.py for tasks to queue
[2023-09-07T04:26:15.087+0000] {logging_mixin.py:149} INFO - [2023-09-07T04:26:15.085+0000] {dagbag.py:541} INFO - Filling up the DagBag from /opt/airflow/dags/postgres_operator.py
