[2023-09-15T16:12:37.785+0000] {taskinstance.py:1125} INFO - Dependencies all met for dep_context=non-requeueable deps ti=<TaskInstance: datamart_business.insert_into_most_productive_artist scheduled__2023-09-14T02:00:00+00:00 [queued]>
[2023-09-15T16:12:38.033+0000] {taskinstance.py:1125} INFO - Dependencies all met for dep_context=requeueable deps ti=<TaskInstance: datamart_business.insert_into_most_productive_artist scheduled__2023-09-14T02:00:00+00:00 [queued]>
[2023-09-15T16:12:38.035+0000] {taskinstance.py:1331} INFO - Starting attempt 1 of 2
[2023-09-15T16:12:38.062+0000] {taskinstance.py:1350} INFO - Executing <Task(GenericTransfer): insert_into_most_productive_artist> on 2023-09-14 02:00:00+00:00
[2023-09-15T16:12:38.074+0000] {standard_task_runner.py:57} INFO - Started process 244 to run task
[2023-09-15T16:12:38.080+0000] {standard_task_runner.py:84} INFO - Running: ['***', 'tasks', 'run', 'datamart_business', 'insert_into_most_productive_artist', 'scheduled__2023-09-14T02:00:00+00:00', '--job-id', '51', '--raw', '--subdir', 'DAGS_FOLDER/datamart_bisnis.py', '--cfg-path', '/tmp/tmp448scd0m']
[2023-09-15T16:12:38.085+0000] {standard_task_runner.py:85} INFO - Job 51: Subtask insert_into_most_productive_artist
[2023-09-15T16:12:38.191+0000] {task_command.py:410} INFO - Running <TaskInstance: datamart_business.insert_into_most_productive_artist scheduled__2023-09-14T02:00:00+00:00 [running]> on host ecb76d2810ac
[2023-09-15T16:12:38.357+0000] {taskinstance.py:1570} INFO - Exporting env vars: AIRFLOW_CTX_DAG_OWNER='Imara Acacia' AIRFLOW_CTX_DAG_ID='datamart_business' AIRFLOW_CTX_TASK_ID='insert_into_most_productive_artist' AIRFLOW_CTX_EXECUTION_DATE='2023-09-14T02:00:00+00:00' AIRFLOW_CTX_TRY_NUMBER='1' AIRFLOW_CTX_DAG_RUN_ID='scheduled__2023-09-14T02:00:00+00:00'
[2023-09-15T16:12:38.391+0000] {base.py:73} INFO - Using connection ID 'dwh' for task execution.
[2023-09-15T16:12:38.782+0000] {base.py:73} INFO - Using connection ID 'datamart' for task execution.
[2023-09-15T16:12:38.864+0000] {generic_transfer.py:77} INFO - Extracting data from dwh
[2023-09-15T16:12:38.865+0000] {generic_transfer.py:78} INFO - Executing: 
 
SELECT "ArtistId", "ArtistName", COUNT("TrackId") AS "TotalTrack"
FROM "songs"
GROUP BY "GenreName", "ArtistId", "ArtistName"
ORDER BY "TotalTrack" DESC
[2023-09-15T16:12:38.875+0000] {base.py:73} INFO - Using connection ID 'dwh' for task execution.
[2023-09-15T16:12:38.881+0000] {sql.py:375} INFO - Running statement: 
SELECT "ArtistId", "ArtistName", COUNT("TrackId") AS "TotalTrack"
FROM "songs"
GROUP BY "GenreName", "ArtistId", "ArtistName"
ORDER BY "TotalTrack" DESC, parameters: None
[2023-09-15T16:12:38.885+0000] {sql.py:384} INFO - Rows affected: 233
[2023-09-15T16:12:38.886+0000] {generic_transfer.py:95} INFO - Running preoperator
[2023-09-15T16:12:38.887+0000] {generic_transfer.py:96} INFO - ['DROP TABLE IF EXISTS most_productive_artist', '\n        CREATE TABLE most_productive_artist (\n        "ArtistId" INT NOT NULL,\n        "ArtistName" VARCHAR(120),\n        "TotalTrack" INT NOT NULL\n        )\n        ']
[2023-09-15T16:12:38.895+0000] {base.py:73} INFO - Using connection ID 'datamart' for task execution.
[2023-09-15T16:12:38.904+0000] {sql.py:375} INFO - Running statement: DROP TABLE IF EXISTS most_productive_artist, parameters: None
[2023-09-15T16:12:38.908+0000] {sql.py:375} INFO - Running statement: 
        CREATE TABLE most_productive_artist (
        "ArtistId" INT NOT NULL,
        "ArtistName" VARCHAR(120),
        "TotalTrack" INT NOT NULL
        )
        , parameters: None
[2023-09-15T16:12:38.912+0000] {generic_transfer.py:105} INFO - Inserting rows into datamart
[2023-09-15T16:12:38.924+0000] {base.py:73} INFO - Using connection ID 'datamart' for task execution.
[2023-09-15T16:12:38.979+0000] {sql.py:473} INFO - Done loading. Loaded a total of 233 rows into most_productive_artist
[2023-09-15T16:12:38.992+0000] {taskinstance.py:1373} INFO - Marking task as SUCCESS. dag_id=datamart_business, task_id=insert_into_most_productive_artist, execution_date=20230914T020000, start_date=20230915T161237, end_date=20230915T161238
[2023-09-15T16:12:39.056+0000] {local_task_job_runner.py:232} INFO - Task exited with return code 0
[2023-09-15T16:12:39.102+0000] {taskinstance.py:2674} INFO - 1 downstream tasks scheduled from follow-on schedule check
