[2023-09-14T16:53:33.862+0000] {processor.py:156} INFO - Started process (PID=1745) to work on /opt/airflow/dags/artist_revenue.py
[2023-09-14T16:53:33.874+0000] {processor.py:799} INFO - Processing file /opt/airflow/dags/artist_revenue.py for tasks to queue
[2023-09-14T16:53:33.880+0000] {logging_mixin.py:149} INFO - [2023-09-14T16:53:33.880+0000] {dagbag.py:541} INFO - Filling up the DagBag from /opt/airflow/dags/artist_revenue.py
[2023-09-14T16:53:34.179+0000] {processor.py:809} INFO - DAG(s) dict_keys(['artis_revenue']) retrieved from /opt/airflow/dags/artist_revenue.py
[2023-09-14T16:53:35.056+0000] {logging_mixin.py:149} INFO - [2023-09-14T16:53:35.055+0000] {manager.py:504} INFO - Created Permission View: can read on DAG:artis_revenue
[2023-09-14T16:53:35.129+0000] {logging_mixin.py:149} INFO - [2023-09-14T16:53:35.129+0000] {manager.py:504} INFO - Created Permission View: can delete on DAG:artis_revenue
[2023-09-14T16:53:35.188+0000] {logging_mixin.py:149} INFO - [2023-09-14T16:53:35.187+0000] {manager.py:504} INFO - Created Permission View: can edit on DAG:artis_revenue
[2023-09-14T16:53:35.191+0000] {logging_mixin.py:149} INFO - [2023-09-14T16:53:35.190+0000] {dag.py:2726} INFO - Sync 1 DAGs
[2023-09-14T16:53:35.296+0000] {logging_mixin.py:149} INFO - [2023-09-14T16:53:35.295+0000] {dag.py:2747} INFO - Creating ORM DAG for artis_revenue
[2023-09-14T16:53:35.381+0000] {logging_mixin.py:149} INFO - [2023-09-14T16:53:35.380+0000] {dag.py:3490} INFO - Setting next_dagrun for artis_revenue to 2023-09-13T00:00:00+00:00, run_after=2023-09-14T00:00:00+00:00
[2023-09-14T16:53:35.478+0000] {processor.py:178} INFO - Processing /opt/airflow/dags/artist_revenue.py took 1.639 seconds
[2023-09-14T16:54:06.084+0000] {processor.py:156} INFO - Started process (PID=1810) to work on /opt/airflow/dags/artist_revenue.py
[2023-09-14T16:54:06.089+0000] {processor.py:799} INFO - Processing file /opt/airflow/dags/artist_revenue.py for tasks to queue
[2023-09-14T16:54:06.100+0000] {logging_mixin.py:149} INFO - [2023-09-14T16:54:06.093+0000] {dagbag.py:541} INFO - Filling up the DagBag from /opt/airflow/dags/artist_revenue.py
[2023-09-14T16:54:06.284+0000] {processor.py:809} INFO - DAG(s) dict_keys(['artis_revenue']) retrieved from /opt/airflow/dags/artist_revenue.py
[2023-09-14T16:54:06.438+0000] {logging_mixin.py:149} INFO - [2023-09-14T16:54:06.438+0000] {dag.py:2726} INFO - Sync 1 DAGs
[2023-09-14T16:54:06.636+0000] {logging_mixin.py:149} INFO - [2023-09-14T16:54:06.635+0000] {dag.py:3490} INFO - Setting next_dagrun for artis_revenue to 2023-09-13T00:00:00+00:00, run_after=2023-09-14T00:00:00+00:00
[2023-09-14T16:54:06.742+0000] {processor.py:178} INFO - Processing /opt/airflow/dags/artist_revenue.py took 0.677 seconds
[2023-09-14T16:54:52.489+0000] {processor.py:156} INFO - Started process (PID=1879) to work on /opt/airflow/dags/artist_revenue.py
[2023-09-14T16:54:52.503+0000] {processor.py:799} INFO - Processing file /opt/airflow/dags/artist_revenue.py for tasks to queue
[2023-09-14T16:54:52.513+0000] {logging_mixin.py:149} INFO - [2023-09-14T16:54:52.513+0000] {dagbag.py:541} INFO - Filling up the DagBag from /opt/airflow/dags/artist_revenue.py
[2023-09-14T16:54:52.847+0000] {processor.py:809} INFO - DAG(s) dict_keys(['artis_revenue']) retrieved from /opt/airflow/dags/artist_revenue.py
[2023-09-14T16:54:53.051+0000] {logging_mixin.py:149} INFO - [2023-09-14T16:54:53.050+0000] {dag.py:2726} INFO - Sync 1 DAGs
[2023-09-14T16:54:53.382+0000] {logging_mixin.py:149} INFO - [2023-09-14T16:54:53.381+0000] {dag.py:3490} INFO - Setting next_dagrun for artis_revenue to 2023-09-13T00:00:00+00:00, run_after=2023-09-14T00:00:00+00:00
[2023-09-14T16:54:53.614+0000] {processor.py:178} INFO - Processing /opt/airflow/dags/artist_revenue.py took 1.155 seconds
[2023-09-14T16:55:23.846+0000] {processor.py:156} INFO - Started process (PID=1945) to work on /opt/airflow/dags/artist_revenue.py
[2023-09-14T16:55:23.849+0000] {processor.py:799} INFO - Processing file /opt/airflow/dags/artist_revenue.py for tasks to queue
[2023-09-14T16:55:23.852+0000] {logging_mixin.py:149} INFO - [2023-09-14T16:55:23.851+0000] {dagbag.py:541} INFO - Filling up the DagBag from /opt/airflow/dags/artist_revenue.py
[2023-09-14T16:55:23.946+0000] {processor.py:809} INFO - DAG(s) dict_keys(['artis_revenue']) retrieved from /opt/airflow/dags/artist_revenue.py
[2023-09-14T16:55:24.003+0000] {logging_mixin.py:149} INFO - [2023-09-14T16:55:24.003+0000] {dag.py:2726} INFO - Sync 1 DAGs
[2023-09-14T16:55:24.073+0000] {logging_mixin.py:149} INFO - [2023-09-14T16:55:24.073+0000] {dag.py:3490} INFO - Setting next_dagrun for artis_revenue to 2023-09-13T00:00:00+00:00, run_after=2023-09-14T00:00:00+00:00
[2023-09-14T16:55:24.161+0000] {processor.py:178} INFO - Processing /opt/airflow/dags/artist_revenue.py took 0.325 seconds
[2023-09-14T16:55:54.482+0000] {processor.py:156} INFO - Started process (PID=2010) to work on /opt/airflow/dags/artist_revenue.py
[2023-09-14T16:55:54.484+0000] {processor.py:799} INFO - Processing file /opt/airflow/dags/artist_revenue.py for tasks to queue
[2023-09-14T16:55:54.486+0000] {logging_mixin.py:149} INFO - [2023-09-14T16:55:54.486+0000] {dagbag.py:541} INFO - Filling up the DagBag from /opt/airflow/dags/artist_revenue.py
[2023-09-14T16:55:54.580+0000] {processor.py:809} INFO - DAG(s) dict_keys(['artis_revenue']) retrieved from /opt/airflow/dags/artist_revenue.py
[2023-09-14T16:55:54.644+0000] {logging_mixin.py:149} INFO - [2023-09-14T16:55:54.644+0000] {dag.py:2726} INFO - Sync 1 DAGs
[2023-09-14T16:55:54.714+0000] {logging_mixin.py:149} INFO - [2023-09-14T16:55:54.714+0000] {dag.py:3490} INFO - Setting next_dagrun for artis_revenue to 2023-09-13T00:00:00+00:00, run_after=2023-09-14T00:00:00+00:00
[2023-09-14T16:55:54.784+0000] {processor.py:178} INFO - Processing /opt/airflow/dags/artist_revenue.py took 0.311 seconds
[2023-09-14T16:56:24.998+0000] {processor.py:156} INFO - Started process (PID=2075) to work on /opt/airflow/dags/artist_revenue.py
[2023-09-14T16:56:25.003+0000] {processor.py:799} INFO - Processing file /opt/airflow/dags/artist_revenue.py for tasks to queue
[2023-09-14T16:56:25.007+0000] {logging_mixin.py:149} INFO - [2023-09-14T16:56:25.006+0000] {dagbag.py:541} INFO - Filling up the DagBag from /opt/airflow/dags/artist_revenue.py
[2023-09-14T16:56:25.109+0000] {processor.py:809} INFO - DAG(s) dict_keys(['artis_revenue']) retrieved from /opt/airflow/dags/artist_revenue.py
[2023-09-14T16:56:25.204+0000] {logging_mixin.py:149} INFO - [2023-09-14T16:56:25.204+0000] {dag.py:2726} INFO - Sync 1 DAGs
[2023-09-14T16:56:25.315+0000] {logging_mixin.py:149} INFO - [2023-09-14T16:56:25.313+0000] {dag.py:3490} INFO - Setting next_dagrun for artis_revenue to 2023-09-13T00:00:00+00:00, run_after=2023-09-14T00:00:00+00:00
[2023-09-14T16:56:25.406+0000] {processor.py:178} INFO - Processing /opt/airflow/dags/artist_revenue.py took 0.420 seconds
[2023-09-14T16:56:56.026+0000] {processor.py:156} INFO - Started process (PID=2140) to work on /opt/airflow/dags/artist_revenue.py
[2023-09-14T16:56:56.030+0000] {processor.py:799} INFO - Processing file /opt/airflow/dags/artist_revenue.py for tasks to queue
[2023-09-14T16:56:56.034+0000] {logging_mixin.py:149} INFO - [2023-09-14T16:56:56.034+0000] {dagbag.py:541} INFO - Filling up the DagBag from /opt/airflow/dags/artist_revenue.py
[2023-09-14T16:56:56.145+0000] {processor.py:809} INFO - DAG(s) dict_keys(['artis_revenue']) retrieved from /opt/airflow/dags/artist_revenue.py
[2023-09-14T16:56:56.330+0000] {logging_mixin.py:149} INFO - [2023-09-14T16:56:56.329+0000] {dag.py:2726} INFO - Sync 1 DAGs
[2023-09-14T16:56:56.571+0000] {logging_mixin.py:149} INFO - [2023-09-14T16:56:56.571+0000] {dag.py:3490} INFO - Setting next_dagrun for artis_revenue to 2023-09-13T00:00:00+00:00, run_after=2023-09-14T00:00:00+00:00
[2023-09-14T16:56:56.749+0000] {processor.py:178} INFO - Processing /opt/airflow/dags/artist_revenue.py took 0.732 seconds
[2023-09-14T16:57:27.324+0000] {processor.py:156} INFO - Started process (PID=2206) to work on /opt/airflow/dags/artist_revenue.py
[2023-09-14T16:57:27.328+0000] {processor.py:799} INFO - Processing file /opt/airflow/dags/artist_revenue.py for tasks to queue
[2023-09-14T16:57:27.332+0000] {logging_mixin.py:149} INFO - [2023-09-14T16:57:27.331+0000] {dagbag.py:541} INFO - Filling up the DagBag from /opt/airflow/dags/artist_revenue.py
[2023-09-14T16:57:27.444+0000] {processor.py:809} INFO - DAG(s) dict_keys(['artis_revenue']) retrieved from /opt/airflow/dags/artist_revenue.py
[2023-09-14T16:57:27.548+0000] {logging_mixin.py:149} INFO - [2023-09-14T16:57:27.547+0000] {dag.py:2726} INFO - Sync 1 DAGs
[2023-09-14T16:57:27.665+0000] {logging_mixin.py:149} INFO - [2023-09-14T16:57:27.663+0000] {dag.py:3490} INFO - Setting next_dagrun for artis_revenue to 2023-09-13T00:00:00+00:00, run_after=2023-09-14T00:00:00+00:00
[2023-09-14T16:57:27.789+0000] {processor.py:178} INFO - Processing /opt/airflow/dags/artist_revenue.py took 0.478 seconds
[2023-09-14T16:57:58.228+0000] {processor.py:156} INFO - Started process (PID=2270) to work on /opt/airflow/dags/artist_revenue.py
[2023-09-14T16:57:58.231+0000] {processor.py:799} INFO - Processing file /opt/airflow/dags/artist_revenue.py for tasks to queue
[2023-09-14T16:57:58.236+0000] {logging_mixin.py:149} INFO - [2023-09-14T16:57:58.235+0000] {dagbag.py:541} INFO - Filling up the DagBag from /opt/airflow/dags/artist_revenue.py
[2023-09-14T16:57:58.382+0000] {processor.py:809} INFO - DAG(s) dict_keys(['artis_revenue']) retrieved from /opt/airflow/dags/artist_revenue.py
[2023-09-14T16:57:58.470+0000] {logging_mixin.py:149} INFO - [2023-09-14T16:57:58.469+0000] {dag.py:2726} INFO - Sync 1 DAGs
[2023-09-14T16:57:58.581+0000] {logging_mixin.py:149} INFO - [2023-09-14T16:57:58.580+0000] {dag.py:3490} INFO - Setting next_dagrun for artis_revenue to 2023-09-13T00:00:00+00:00, run_after=2023-09-14T00:00:00+00:00
[2023-09-14T16:57:58.702+0000] {processor.py:178} INFO - Processing /opt/airflow/dags/artist_revenue.py took 0.489 seconds
[2023-09-14T16:58:29.304+0000] {processor.py:156} INFO - Started process (PID=2337) to work on /opt/airflow/dags/artist_revenue.py
[2023-09-14T16:58:29.308+0000] {processor.py:799} INFO - Processing file /opt/airflow/dags/artist_revenue.py for tasks to queue
[2023-09-14T16:58:29.311+0000] {logging_mixin.py:149} INFO - [2023-09-14T16:58:29.310+0000] {dagbag.py:541} INFO - Filling up the DagBag from /opt/airflow/dags/artist_revenue.py
[2023-09-14T16:58:29.488+0000] {processor.py:809} INFO - DAG(s) dict_keys(['artis_revenue']) retrieved from /opt/airflow/dags/artist_revenue.py
[2023-09-14T16:58:29.625+0000] {logging_mixin.py:149} INFO - [2023-09-14T16:58:29.624+0000] {dag.py:2726} INFO - Sync 1 DAGs
[2023-09-14T16:58:29.784+0000] {logging_mixin.py:149} INFO - [2023-09-14T16:58:29.782+0000] {dag.py:3490} INFO - Setting next_dagrun for artis_revenue to 2023-09-13T00:00:00+00:00, run_after=2023-09-14T00:00:00+00:00
[2023-09-14T16:58:29.895+0000] {processor.py:178} INFO - Processing /opt/airflow/dags/artist_revenue.py took 0.613 seconds
[2023-09-14T16:58:37.724+0000] {processor.py:156} INFO - Started process (PID=2344) to work on /opt/airflow/dags/artist_revenue.py
[2023-09-14T16:58:37.856+0000] {processor.py:799} INFO - Processing file /opt/airflow/dags/artist_revenue.py for tasks to queue
[2023-09-14T16:58:37.987+0000] {logging_mixin.py:149} INFO - [2023-09-14T16:58:37.986+0000] {dagbag.py:541} INFO - Filling up the DagBag from /opt/airflow/dags/artist_revenue.py
[2023-09-14T16:58:40.035+0000] {processor.py:809} INFO - DAG(s) dict_keys(['artis_revenue']) retrieved from /opt/airflow/dags/artist_revenue.py
[2023-09-14T16:58:41.336+0000] {logging_mixin.py:149} INFO - [2023-09-14T16:58:41.335+0000] {dag.py:2726} INFO - Sync 1 DAGs
[2023-09-14T16:58:41.779+0000] {logging_mixin.py:149} INFO - [2023-09-14T16:58:41.777+0000] {dag.py:3490} INFO - Setting next_dagrun for artis_revenue to 2023-09-13T00:00:00+00:00, run_after=2023-09-14T00:00:00+00:00
[2023-09-14T16:58:42.054+0000] {processor.py:178} INFO - Processing /opt/airflow/dags/artist_revenue.py took 4.365 seconds
[2023-09-14T16:58:55.419+0000] {processor.py:156} INFO - Started process (PID=2375) to work on /opt/airflow/dags/artist_revenue.py
[2023-09-14T16:58:55.424+0000] {processor.py:799} INFO - Processing file /opt/airflow/dags/artist_revenue.py for tasks to queue
[2023-09-14T16:58:55.428+0000] {logging_mixin.py:149} INFO - [2023-09-14T16:58:55.427+0000] {dagbag.py:541} INFO - Filling up the DagBag from /opt/airflow/dags/artist_revenue.py
[2023-09-14T16:58:55.600+0000] {processor.py:809} INFO - DAG(s) dict_keys(['artis_revenue']) retrieved from /opt/airflow/dags/artist_revenue.py
[2023-09-14T16:58:55.648+0000] {logging_mixin.py:149} INFO - [2023-09-14T16:58:55.647+0000] {dag.py:2726} INFO - Sync 1 DAGs
[2023-09-14T16:58:55.776+0000] {logging_mixin.py:149} INFO - [2023-09-14T16:58:55.776+0000] {dag.py:3490} INFO - Setting next_dagrun for artis_revenue to 2023-09-13T00:00:00+00:00, run_after=2023-09-14T00:00:00+00:00
[2023-09-14T16:58:55.865+0000] {processor.py:178} INFO - Processing /opt/airflow/dags/artist_revenue.py took 0.458 seconds
[2023-09-14T16:59:25.999+0000] {processor.py:156} INFO - Started process (PID=2437) to work on /opt/airflow/dags/artist_revenue.py
[2023-09-14T16:59:26.002+0000] {processor.py:799} INFO - Processing file /opt/airflow/dags/artist_revenue.py for tasks to queue
[2023-09-14T16:59:26.005+0000] {logging_mixin.py:149} INFO - [2023-09-14T16:59:26.004+0000] {dagbag.py:541} INFO - Filling up the DagBag from /opt/airflow/dags/artist_revenue.py
[2023-09-14T16:59:26.108+0000] {processor.py:809} INFO - DAG(s) dict_keys(['artis_revenue']) retrieved from /opt/airflow/dags/artist_revenue.py
[2023-09-14T16:59:26.188+0000] {logging_mixin.py:149} INFO - [2023-09-14T16:59:26.187+0000] {dag.py:2726} INFO - Sync 1 DAGs
[2023-09-14T16:59:26.292+0000] {logging_mixin.py:149} INFO - [2023-09-14T16:59:26.291+0000] {dag.py:3490} INFO - Setting next_dagrun for artis_revenue to 2023-09-13T00:00:00+00:00, run_after=2023-09-14T00:00:00+00:00
[2023-09-14T16:59:26.356+0000] {processor.py:178} INFO - Processing /opt/airflow/dags/artist_revenue.py took 0.370 seconds
[2023-09-14T16:59:35.201+0000] {processor.py:156} INFO - Started process (PID=2464) to work on /opt/airflow/dags/artist_revenue.py
[2023-09-14T16:59:35.204+0000] {processor.py:799} INFO - Processing file /opt/airflow/dags/artist_revenue.py for tasks to queue
[2023-09-14T16:59:35.207+0000] {logging_mixin.py:149} INFO - [2023-09-14T16:59:35.207+0000] {dagbag.py:541} INFO - Filling up the DagBag from /opt/airflow/dags/artist_revenue.py
[2023-09-14T16:59:35.370+0000] {processor.py:809} INFO - DAG(s) dict_keys(['artis_revenue']) retrieved from /opt/airflow/dags/artist_revenue.py
[2023-09-14T16:59:35.437+0000] {logging_mixin.py:149} INFO - [2023-09-14T16:59:35.436+0000] {dag.py:2726} INFO - Sync 1 DAGs
[2023-09-14T16:59:35.534+0000] {logging_mixin.py:149} INFO - [2023-09-14T16:59:35.534+0000] {dag.py:3490} INFO - Setting next_dagrun for artis_revenue to 2023-09-13T00:00:00+00:00, run_after=2023-09-14T00:00:00+00:00
[2023-09-14T16:59:35.618+0000] {processor.py:178} INFO - Processing /opt/airflow/dags/artist_revenue.py took 0.431 seconds
[2023-09-14T17:00:09.416+0000] {processor.py:156} INFO - Started process (PID=2519) to work on /opt/airflow/dags/artist_revenue.py
[2023-09-14T17:00:09.428+0000] {processor.py:799} INFO - Processing file /opt/airflow/dags/artist_revenue.py for tasks to queue
[2023-09-14T17:00:09.434+0000] {logging_mixin.py:149} INFO - [2023-09-14T17:00:09.433+0000] {dagbag.py:541} INFO - Filling up the DagBag from /opt/airflow/dags/artist_revenue.py
[2023-09-14T17:00:09.634+0000] {processor.py:809} INFO - DAG(s) dict_keys(['artis_revenue']) retrieved from /opt/airflow/dags/artist_revenue.py
[2023-09-14T17:00:09.910+0000] {logging_mixin.py:149} INFO - [2023-09-14T17:00:09.909+0000] {dag.py:2726} INFO - Sync 1 DAGs
[2023-09-14T17:00:10.268+0000] {logging_mixin.py:149} INFO - [2023-09-14T17:00:10.267+0000] {dag.py:3490} INFO - Setting next_dagrun for artis_revenue to 2023-09-13T00:00:00+00:00, run_after=2023-09-14T00:00:00+00:00
[2023-09-14T17:00:10.435+0000] {processor.py:178} INFO - Processing /opt/airflow/dags/artist_revenue.py took 1.034 seconds
[2023-09-14T17:00:40.951+0000] {processor.py:156} INFO - Started process (PID=2583) to work on /opt/airflow/dags/artist_revenue.py
[2023-09-14T17:00:40.953+0000] {processor.py:799} INFO - Processing file /opt/airflow/dags/artist_revenue.py for tasks to queue
[2023-09-14T17:00:40.956+0000] {logging_mixin.py:149} INFO - [2023-09-14T17:00:40.955+0000] {dagbag.py:541} INFO - Filling up the DagBag from /opt/airflow/dags/artist_revenue.py
[2023-09-14T17:00:41.022+0000] {processor.py:809} INFO - DAG(s) dict_keys(['artis_revenue']) retrieved from /opt/airflow/dags/artist_revenue.py
[2023-09-14T17:00:41.094+0000] {logging_mixin.py:149} INFO - [2023-09-14T17:00:41.094+0000] {dag.py:2726} INFO - Sync 1 DAGs
[2023-09-14T17:00:41.158+0000] {logging_mixin.py:149} INFO - [2023-09-14T17:00:41.158+0000] {dag.py:3490} INFO - Setting next_dagrun for artis_revenue to 2023-09-13T00:00:00+00:00, run_after=2023-09-14T00:00:00+00:00
[2023-09-14T17:00:41.250+0000] {processor.py:178} INFO - Processing /opt/airflow/dags/artist_revenue.py took 0.306 seconds
[2023-09-14T17:01:11.459+0000] {processor.py:156} INFO - Started process (PID=2647) to work on /opt/airflow/dags/artist_revenue.py
[2023-09-14T17:01:11.461+0000] {processor.py:799} INFO - Processing file /opt/airflow/dags/artist_revenue.py for tasks to queue
[2023-09-14T17:01:11.463+0000] {logging_mixin.py:149} INFO - [2023-09-14T17:01:11.463+0000] {dagbag.py:541} INFO - Filling up the DagBag from /opt/airflow/dags/artist_revenue.py
[2023-09-14T17:01:11.531+0000] {processor.py:809} INFO - DAG(s) dict_keys(['artis_revenue']) retrieved from /opt/airflow/dags/artist_revenue.py
[2023-09-14T17:01:11.591+0000] {logging_mixin.py:149} INFO - [2023-09-14T17:01:11.590+0000] {dag.py:2726} INFO - Sync 1 DAGs
[2023-09-14T17:01:11.659+0000] {logging_mixin.py:149} INFO - [2023-09-14T17:01:11.659+0000] {dag.py:3490} INFO - Setting next_dagrun for artis_revenue to 2023-09-13T00:00:00+00:00, run_after=2023-09-14T00:00:00+00:00
[2023-09-14T17:01:11.707+0000] {processor.py:178} INFO - Processing /opt/airflow/dags/artist_revenue.py took 0.258 seconds
[2023-09-14T17:01:41.879+0000] {processor.py:156} INFO - Started process (PID=2711) to work on /opt/airflow/dags/artist_revenue.py
[2023-09-14T17:01:41.881+0000] {processor.py:799} INFO - Processing file /opt/airflow/dags/artist_revenue.py for tasks to queue
[2023-09-14T17:01:41.882+0000] {logging_mixin.py:149} INFO - [2023-09-14T17:01:41.882+0000] {dagbag.py:541} INFO - Filling up the DagBag from /opt/airflow/dags/artist_revenue.py
[2023-09-14T17:01:41.933+0000] {processor.py:809} INFO - DAG(s) dict_keys(['artis_revenue']) retrieved from /opt/airflow/dags/artist_revenue.py
[2023-09-14T17:01:41.971+0000] {logging_mixin.py:149} INFO - [2023-09-14T17:01:41.971+0000] {dag.py:2726} INFO - Sync 1 DAGs
[2023-09-14T17:01:42.032+0000] {logging_mixin.py:149} INFO - [2023-09-14T17:01:42.032+0000] {dag.py:3490} INFO - Setting next_dagrun for artis_revenue to 2023-09-13T00:00:00+00:00, run_after=2023-09-14T00:00:00+00:00
[2023-09-14T17:01:42.071+0000] {processor.py:178} INFO - Processing /opt/airflow/dags/artist_revenue.py took 0.197 seconds
[2023-09-14T17:02:12.872+0000] {processor.py:156} INFO - Started process (PID=2775) to work on /opt/airflow/dags/artist_revenue.py
[2023-09-14T17:02:12.874+0000] {processor.py:799} INFO - Processing file /opt/airflow/dags/artist_revenue.py for tasks to queue
[2023-09-14T17:02:12.876+0000] {logging_mixin.py:149} INFO - [2023-09-14T17:02:12.875+0000] {dagbag.py:541} INFO - Filling up the DagBag from /opt/airflow/dags/artist_revenue.py
[2023-09-14T17:02:12.974+0000] {processor.py:809} INFO - DAG(s) dict_keys(['artis_revenue']) retrieved from /opt/airflow/dags/artist_revenue.py
[2023-09-14T17:02:13.093+0000] {logging_mixin.py:149} INFO - [2023-09-14T17:02:13.092+0000] {dag.py:2726} INFO - Sync 1 DAGs
[2023-09-14T17:02:13.211+0000] {logging_mixin.py:149} INFO - [2023-09-14T17:02:13.210+0000] {dag.py:3490} INFO - Setting next_dagrun for artis_revenue to 2023-09-13T00:00:00+00:00, run_after=2023-09-14T00:00:00+00:00
[2023-09-14T17:02:13.282+0000] {processor.py:178} INFO - Processing /opt/airflow/dags/artist_revenue.py took 0.419 seconds
[2023-09-14T17:03:51.150+0000] {processor.py:156} INFO - Started process (PID=31) to work on /opt/airflow/dags/artist_revenue.py
[2023-09-14T17:03:51.163+0000] {processor.py:799} INFO - Processing file /opt/airflow/dags/artist_revenue.py for tasks to queue
[2023-09-14T17:03:51.166+0000] {logging_mixin.py:149} INFO - [2023-09-14T17:03:51.166+0000] {dagbag.py:541} INFO - Filling up the DagBag from /opt/airflow/dags/artist_revenue.py
[2023-09-14T17:03:51.404+0000] {processor.py:809} INFO - DAG(s) dict_keys(['artis_revenue']) retrieved from /opt/airflow/dags/artist_revenue.py
[2023-09-14T17:03:51.981+0000] {logging_mixin.py:149} INFO - [2023-09-14T17:03:51.980+0000] {dag.py:2726} INFO - Sync 1 DAGs
[2023-09-14T17:03:52.130+0000] {logging_mixin.py:149} INFO - [2023-09-14T17:03:52.130+0000] {dag.py:3490} INFO - Setting next_dagrun for artis_revenue to 2023-09-13T00:00:00+00:00, run_after=2023-09-14T00:00:00+00:00
[2023-09-14T17:03:52.291+0000] {processor.py:178} INFO - Processing /opt/airflow/dags/artist_revenue.py took 1.147 seconds
