[2023-09-14T16:53:33.468+0000] {processor.py:156} INFO - Started process (PID=1744) to work on /opt/airflow/dags/business_question.py
[2023-09-14T16:53:33.472+0000] {processor.py:799} INFO - Processing file /opt/airflow/dags/business_question.py for tasks to queue
[2023-09-14T16:53:33.476+0000] {logging_mixin.py:149} INFO - [2023-09-14T16:53:33.475+0000] {dagbag.py:541} INFO - Filling up the DagBag from /opt/airflow/dags/business_question.py
[2023-09-14T16:53:33.813+0000] {processor.py:809} INFO - DAG(s) dict_keys(['business_question']) retrieved from /opt/airflow/dags/business_question.py
[2023-09-14T16:53:34.622+0000] {logging_mixin.py:149} INFO - [2023-09-14T16:53:34.622+0000] {manager.py:504} INFO - Created Permission View: can read on DAG:business_question
[2023-09-14T16:53:34.715+0000] {logging_mixin.py:149} INFO - [2023-09-14T16:53:34.713+0000] {manager.py:504} INFO - Created Permission View: can delete on DAG:business_question
[2023-09-14T16:53:34.787+0000] {logging_mixin.py:149} INFO - [2023-09-14T16:53:34.787+0000] {manager.py:504} INFO - Created Permission View: can edit on DAG:business_question
[2023-09-14T16:53:34.790+0000] {logging_mixin.py:149} INFO - [2023-09-14T16:53:34.790+0000] {dag.py:2726} INFO - Sync 1 DAGs
[2023-09-14T16:53:34.923+0000] {logging_mixin.py:149} INFO - [2023-09-14T16:53:34.922+0000] {dag.py:2747} INFO - Creating ORM DAG for business_question
[2023-09-14T16:53:34.998+0000] {logging_mixin.py:149} INFO - [2023-09-14T16:53:34.997+0000] {dag.py:3490} INFO - Setting next_dagrun for business_question to 2023-09-13T02:00:00+00:00, run_after=2023-09-14T02:00:00+00:00
[2023-09-14T16:53:35.129+0000] {processor.py:178} INFO - Processing /opt/airflow/dags/business_question.py took 1.690 seconds
[2023-09-14T16:54:06.073+0000] {processor.py:156} INFO - Started process (PID=1809) to work on /opt/airflow/dags/business_question.py
[2023-09-14T16:54:06.079+0000] {processor.py:799} INFO - Processing file /opt/airflow/dags/business_question.py for tasks to queue
[2023-09-14T16:54:06.084+0000] {logging_mixin.py:149} INFO - [2023-09-14T16:54:06.083+0000] {dagbag.py:541} INFO - Filling up the DagBag from /opt/airflow/dags/business_question.py
[2023-09-14T16:54:06.268+0000] {processor.py:809} INFO - DAG(s) dict_keys(['business_question']) retrieved from /opt/airflow/dags/business_question.py
[2023-09-14T16:54:06.438+0000] {logging_mixin.py:149} INFO - [2023-09-14T16:54:06.432+0000] {dag.py:2726} INFO - Sync 1 DAGs
[2023-09-14T16:54:06.624+0000] {logging_mixin.py:149} INFO - [2023-09-14T16:54:06.616+0000] {dag.py:3490} INFO - Setting next_dagrun for business_question to 2023-09-13T02:00:00+00:00, run_after=2023-09-14T02:00:00+00:00
[2023-09-14T16:54:06.742+0000] {processor.py:178} INFO - Processing /opt/airflow/dags/business_question.py took 0.683 seconds
[2023-09-14T16:54:51.810+0000] {processor.py:156} INFO - Started process (PID=1877) to work on /opt/airflow/dags/business_question.py
[2023-09-14T16:54:51.820+0000] {processor.py:799} INFO - Processing file /opt/airflow/dags/business_question.py for tasks to queue
[2023-09-14T16:54:51.825+0000] {logging_mixin.py:149} INFO - [2023-09-14T16:54:51.824+0000] {dagbag.py:541} INFO - Filling up the DagBag from /opt/airflow/dags/business_question.py
[2023-09-14T16:54:52.072+0000] {processor.py:809} INFO - DAG(s) dict_keys(['business_question']) retrieved from /opt/airflow/dags/business_question.py
[2023-09-14T16:54:52.195+0000] {logging_mixin.py:149} INFO - [2023-09-14T16:54:52.191+0000] {dag.py:2726} INFO - Sync 1 DAGs
[2023-09-14T16:54:52.458+0000] {logging_mixin.py:149} INFO - [2023-09-14T16:54:52.458+0000] {dag.py:3490} INFO - Setting next_dagrun for business_question to 2023-09-13T02:00:00+00:00, run_after=2023-09-14T02:00:00+00:00
[2023-09-14T16:54:52.659+0000] {processor.py:178} INFO - Processing /opt/airflow/dags/business_question.py took 0.865 seconds
[2023-09-14T16:55:23.271+0000] {processor.py:156} INFO - Started process (PID=1944) to work on /opt/airflow/dags/business_question.py
[2023-09-14T16:55:23.275+0000] {processor.py:799} INFO - Processing file /opt/airflow/dags/business_question.py for tasks to queue
[2023-09-14T16:55:23.280+0000] {logging_mixin.py:149} INFO - [2023-09-14T16:55:23.279+0000] {dagbag.py:541} INFO - Filling up the DagBag from /opt/airflow/dags/business_question.py
[2023-09-14T16:55:23.357+0000] {processor.py:809} INFO - DAG(s) dict_keys(['business_question']) retrieved from /opt/airflow/dags/business_question.py
[2023-09-14T16:55:23.439+0000] {logging_mixin.py:149} INFO - [2023-09-14T16:55:23.439+0000] {dag.py:2726} INFO - Sync 1 DAGs
[2023-09-14T16:55:23.566+0000] {logging_mixin.py:149} INFO - [2023-09-14T16:55:23.565+0000] {dag.py:3490} INFO - Setting next_dagrun for business_question to 2023-09-13T02:00:00+00:00, run_after=2023-09-14T02:00:00+00:00
[2023-09-14T16:55:23.710+0000] {processor.py:178} INFO - Processing /opt/airflow/dags/business_question.py took 0.456 seconds
[2023-09-14T16:55:54.177+0000] {processor.py:156} INFO - Started process (PID=2009) to work on /opt/airflow/dags/business_question.py
[2023-09-14T16:55:54.181+0000] {processor.py:799} INFO - Processing file /opt/airflow/dags/business_question.py for tasks to queue
[2023-09-14T16:55:54.185+0000] {logging_mixin.py:149} INFO - [2023-09-14T16:55:54.184+0000] {dagbag.py:541} INFO - Filling up the DagBag from /opt/airflow/dags/business_question.py
[2023-09-14T16:55:54.263+0000] {processor.py:809} INFO - DAG(s) dict_keys(['business_question']) retrieved from /opt/airflow/dags/business_question.py
[2023-09-14T16:55:54.345+0000] {logging_mixin.py:149} INFO - [2023-09-14T16:55:54.344+0000] {dag.py:2726} INFO - Sync 1 DAGs
[2023-09-14T16:55:54.426+0000] {logging_mixin.py:149} INFO - [2023-09-14T16:55:54.426+0000] {dag.py:3490} INFO - Setting next_dagrun for business_question to 2023-09-13T02:00:00+00:00, run_after=2023-09-14T02:00:00+00:00
[2023-09-14T16:55:54.521+0000] {processor.py:178} INFO - Processing /opt/airflow/dags/business_question.py took 0.354 seconds
[2023-09-14T16:56:24.990+0000] {processor.py:156} INFO - Started process (PID=2074) to work on /opt/airflow/dags/business_question.py
[2023-09-14T16:56:24.993+0000] {processor.py:799} INFO - Processing file /opt/airflow/dags/business_question.py for tasks to queue
[2023-09-14T16:56:24.999+0000] {logging_mixin.py:149} INFO - [2023-09-14T16:56:24.999+0000] {dagbag.py:541} INFO - Filling up the DagBag from /opt/airflow/dags/business_question.py
[2023-09-14T16:56:25.099+0000] {processor.py:809} INFO - DAG(s) dict_keys(['business_question']) retrieved from /opt/airflow/dags/business_question.py
[2023-09-14T16:56:25.200+0000] {logging_mixin.py:149} INFO - [2023-09-14T16:56:25.200+0000] {dag.py:2726} INFO - Sync 1 DAGs
[2023-09-14T16:56:25.319+0000] {logging_mixin.py:149} INFO - [2023-09-14T16:56:25.318+0000] {dag.py:3490} INFO - Setting next_dagrun for business_question to 2023-09-13T02:00:00+00:00, run_after=2023-09-14T02:00:00+00:00
[2023-09-14T16:56:25.432+0000] {processor.py:178} INFO - Processing /opt/airflow/dags/business_question.py took 0.454 seconds
[2023-09-14T16:56:55.734+0000] {processor.py:156} INFO - Started process (PID=2139) to work on /opt/airflow/dags/business_question.py
[2023-09-14T16:56:55.740+0000] {processor.py:799} INFO - Processing file /opt/airflow/dags/business_question.py for tasks to queue
[2023-09-14T16:56:55.744+0000] {logging_mixin.py:149} INFO - [2023-09-14T16:56:55.743+0000] {dagbag.py:541} INFO - Filling up the DagBag from /opt/airflow/dags/business_question.py
[2023-09-14T16:56:55.854+0000] {processor.py:809} INFO - DAG(s) dict_keys(['business_question']) retrieved from /opt/airflow/dags/business_question.py
[2023-09-14T16:56:55.969+0000] {logging_mixin.py:149} INFO - [2023-09-14T16:56:55.968+0000] {dag.py:2726} INFO - Sync 1 DAGs
[2023-09-14T16:56:56.073+0000] {logging_mixin.py:149} INFO - [2023-09-14T16:56:56.072+0000] {dag.py:3490} INFO - Setting next_dagrun for business_question to 2023-09-13T02:00:00+00:00, run_after=2023-09-14T02:00:00+00:00
[2023-09-14T16:56:56.175+0000] {processor.py:178} INFO - Processing /opt/airflow/dags/business_question.py took 0.457 seconds
[2023-09-14T16:57:16.185+0000] {processor.py:156} INFO - Started process (PID=2182) to work on /opt/airflow/dags/business_question.py
[2023-09-14T16:57:16.188+0000] {processor.py:799} INFO - Processing file /opt/airflow/dags/business_question.py for tasks to queue
[2023-09-14T16:57:16.191+0000] {logging_mixin.py:149} INFO - [2023-09-14T16:57:16.190+0000] {dagbag.py:541} INFO - Filling up the DagBag from /opt/airflow/dags/business_question.py
[2023-09-14T16:57:16.351+0000] {processor.py:809} INFO - DAG(s) dict_keys(['business_question']) retrieved from /opt/airflow/dags/business_question.py
[2023-09-14T16:57:16.519+0000] {logging_mixin.py:149} INFO - [2023-09-14T16:57:16.518+0000] {dag.py:2726} INFO - Sync 1 DAGs
[2023-09-14T16:57:16.572+0000] {logging_mixin.py:149} INFO - [2023-09-14T16:57:16.572+0000] {dag.py:3490} INFO - Setting next_dagrun for business_question to 2023-09-13T02:00:00+00:00, run_after=2023-09-14T02:00:00+00:00
[2023-09-14T16:57:16.651+0000] {processor.py:178} INFO - Processing /opt/airflow/dags/business_question.py took 0.474 seconds
[2023-09-14T16:57:47.673+0000] {processor.py:156} INFO - Started process (PID=2249) to work on /opt/airflow/dags/business_question.py
[2023-09-14T16:57:47.679+0000] {processor.py:799} INFO - Processing file /opt/airflow/dags/business_question.py for tasks to queue
[2023-09-14T16:57:47.682+0000] {logging_mixin.py:149} INFO - [2023-09-14T16:57:47.682+0000] {dagbag.py:541} INFO - Filling up the DagBag from /opt/airflow/dags/business_question.py
[2023-09-14T16:57:47.782+0000] {processor.py:809} INFO - DAG(s) dict_keys(['business_question']) retrieved from /opt/airflow/dags/business_question.py
[2023-09-14T16:57:47.854+0000] {logging_mixin.py:149} INFO - [2023-09-14T16:57:47.853+0000] {dag.py:2726} INFO - Sync 1 DAGs
[2023-09-14T16:57:47.945+0000] {logging_mixin.py:149} INFO - [2023-09-14T16:57:47.945+0000] {dag.py:3490} INFO - Setting next_dagrun for business_question to 2023-09-13T02:00:00+00:00, run_after=2023-09-14T02:00:00+00:00
[2023-09-14T16:57:48.060+0000] {processor.py:178} INFO - Processing /opt/airflow/dags/business_question.py took 0.396 seconds
[2023-09-14T16:58:18.370+0000] {processor.py:156} INFO - Started process (PID=2312) to work on /opt/airflow/dags/business_question.py
[2023-09-14T16:58:18.374+0000] {processor.py:799} INFO - Processing file /opt/airflow/dags/business_question.py for tasks to queue
[2023-09-14T16:58:18.380+0000] {logging_mixin.py:149} INFO - [2023-09-14T16:58:18.380+0000] {dagbag.py:541} INFO - Filling up the DagBag from /opt/airflow/dags/business_question.py
[2023-09-14T16:58:18.552+0000] {processor.py:809} INFO - DAG(s) dict_keys(['business_question']) retrieved from /opt/airflow/dags/business_question.py
[2023-09-14T16:58:18.696+0000] {logging_mixin.py:149} INFO - [2023-09-14T16:58:18.695+0000] {dag.py:2726} INFO - Sync 1 DAGs
[2023-09-14T16:58:18.944+0000] {logging_mixin.py:149} INFO - [2023-09-14T16:58:18.943+0000] {dag.py:3490} INFO - Setting next_dagrun for business_question to 2023-09-13T02:00:00+00:00, run_after=2023-09-14T02:00:00+00:00
[2023-09-14T16:58:19.092+0000] {processor.py:178} INFO - Processing /opt/airflow/dags/business_question.py took 0.744 seconds
[2023-09-14T16:58:44.936+0000] {processor.py:156} INFO - Started process (PID=2352) to work on /opt/airflow/dags/business_question.py
[2023-09-14T16:58:44.978+0000] {processor.py:799} INFO - Processing file /opt/airflow/dags/business_question.py for tasks to queue
[2023-09-14T16:58:45.025+0000] {logging_mixin.py:149} INFO - [2023-09-14T16:58:45.024+0000] {dagbag.py:541} INFO - Filling up the DagBag from /opt/airflow/dags/business_question.py
[2023-09-14T16:58:45.745+0000] {processor.py:809} INFO - DAG(s) dict_keys(['business_question']) retrieved from /opt/airflow/dags/business_question.py
[2023-09-14T16:58:46.025+0000] {logging_mixin.py:149} INFO - [2023-09-14T16:58:46.024+0000] {dag.py:2726} INFO - Sync 1 DAGs
[2023-09-14T16:58:46.264+0000] {logging_mixin.py:149} INFO - [2023-09-14T16:58:46.263+0000] {dag.py:3490} INFO - Setting next_dagrun for business_question to 2023-09-13T02:00:00+00:00, run_after=2023-09-14T02:00:00+00:00
[2023-09-14T16:58:46.540+0000] {processor.py:178} INFO - Processing /opt/airflow/dags/business_question.py took 1.654 seconds
