[2023-09-14T16:09:41.583+0000] {processor.py:156} INFO - Started process (PID=45) to work on /opt/airflow/dags/postgres_operator.py
[2023-09-14T16:09:41.669+0000] {processor.py:799} INFO - Processing file /opt/airflow/dags/postgres_operator.py for tasks to queue
[2023-09-14T16:09:41.704+0000] {logging_mixin.py:149} INFO - [2023-09-14T16:09:41.703+0000] {dagbag.py:541} INFO - Filling up the DagBag from /opt/airflow/dags/postgres_operator.py
[2023-09-14T16:09:43.087+0000] {processor.py:809} INFO - DAG(s) dict_keys(['postgres_operator_dag']) retrieved from /opt/airflow/dags/postgres_operator.py
[2023-09-14T16:09:45.224+0000] {logging_mixin.py:149} INFO - [2023-09-14T16:09:45.224+0000] {dag.py:2726} INFO - Sync 1 DAGs
[2023-09-14T16:09:46.520+0000] {logging_mixin.py:149} INFO - [2023-09-14T16:09:46.519+0000] {dag.py:3490} INFO - Setting next_dagrun for postgres_operator_dag to None, run_after=None
[2023-09-14T16:09:47.967+0000] {processor.py:178} INFO - Processing /opt/airflow/dags/postgres_operator.py took 6.557 seconds
[2023-09-14T16:11:36.986+0000] {processor.py:156} INFO - Started process (PID=120) to work on /opt/airflow/dags/postgres_operator.py
[2023-09-14T16:11:37.112+0000] {processor.py:799} INFO - Processing file /opt/airflow/dags/postgres_operator.py for tasks to queue
[2023-09-14T16:11:37.160+0000] {logging_mixin.py:149} INFO - [2023-09-14T16:11:37.160+0000] {dagbag.py:541} INFO - Filling up the DagBag from /opt/airflow/dags/postgres_operator.py
[2023-09-14T16:11:37.385+0000] {processor.py:809} INFO - DAG(s) dict_keys(['postgres_operator_dag']) retrieved from /opt/airflow/dags/postgres_operator.py
[2023-09-14T16:11:37.645+0000] {logging_mixin.py:149} INFO - [2023-09-14T16:11:37.644+0000] {dag.py:2726} INFO - Sync 1 DAGs
[2023-09-14T16:11:37.868+0000] {logging_mixin.py:149} INFO - [2023-09-14T16:11:37.868+0000] {dag.py:3490} INFO - Setting next_dagrun for postgres_operator_dag to None, run_after=None
[2023-09-14T16:11:38.629+0000] {processor.py:178} INFO - Processing /opt/airflow/dags/postgres_operator.py took 1.710 seconds
[2023-09-14T16:12:13.442+0000] {processor.py:156} INFO - Started process (PID=166) to work on /opt/airflow/dags/postgres_operator.py
[2023-09-14T16:12:13.457+0000] {processor.py:799} INFO - Processing file /opt/airflow/dags/postgres_operator.py for tasks to queue
[2023-09-14T16:12:13.471+0000] {logging_mixin.py:149} INFO - [2023-09-14T16:12:13.471+0000] {dagbag.py:541} INFO - Filling up the DagBag from /opt/airflow/dags/postgres_operator.py
[2023-09-14T16:12:13.847+0000] {processor.py:809} INFO - DAG(s) dict_keys(['postgres_operator_dag']) retrieved from /opt/airflow/dags/postgres_operator.py
[2023-09-14T16:12:14.460+0000] {logging_mixin.py:149} INFO - [2023-09-14T16:12:14.459+0000] {dag.py:2726} INFO - Sync 1 DAGs
[2023-09-14T16:12:14.658+0000] {logging_mixin.py:149} INFO - [2023-09-14T16:12:14.657+0000] {dag.py:3490} INFO - Setting next_dagrun for postgres_operator_dag to None, run_after=None
[2023-09-14T16:12:14.781+0000] {processor.py:178} INFO - Processing /opt/airflow/dags/postgres_operator.py took 1.358 seconds
[2023-09-14T16:12:45.974+0000] {processor.py:156} INFO - Started process (PID=227) to work on /opt/airflow/dags/postgres_operator.py
[2023-09-14T16:12:45.980+0000] {processor.py:799} INFO - Processing file /opt/airflow/dags/postgres_operator.py for tasks to queue
[2023-09-14T16:12:45.984+0000] {logging_mixin.py:149} INFO - [2023-09-14T16:12:45.984+0000] {dagbag.py:541} INFO - Filling up the DagBag from /opt/airflow/dags/postgres_operator.py
[2023-09-14T16:12:46.175+0000] {processor.py:809} INFO - DAG(s) dict_keys(['postgres_operator_dag']) retrieved from /opt/airflow/dags/postgres_operator.py
[2023-09-14T16:12:46.331+0000] {logging_mixin.py:149} INFO - [2023-09-14T16:12:46.330+0000] {dag.py:2726} INFO - Sync 1 DAGs
[2023-09-14T16:12:46.516+0000] {logging_mixin.py:149} INFO - [2023-09-14T16:12:46.515+0000] {dag.py:3490} INFO - Setting next_dagrun for postgres_operator_dag to None, run_after=None
[2023-09-14T16:12:46.721+0000] {processor.py:178} INFO - Processing /opt/airflow/dags/postgres_operator.py took 0.766 seconds
[2023-09-14T16:13:17.429+0000] {processor.py:156} INFO - Started process (PID=286) to work on /opt/airflow/dags/postgres_operator.py
[2023-09-14T16:13:17.443+0000] {processor.py:799} INFO - Processing file /opt/airflow/dags/postgres_operator.py for tasks to queue
[2023-09-14T16:13:17.458+0000] {logging_mixin.py:149} INFO - [2023-09-14T16:13:17.458+0000] {dagbag.py:541} INFO - Filling up the DagBag from /opt/airflow/dags/postgres_operator.py
[2023-09-14T16:13:17.629+0000] {processor.py:809} INFO - DAG(s) dict_keys(['postgres_operator_dag']) retrieved from /opt/airflow/dags/postgres_operator.py
[2023-09-14T16:13:17.803+0000] {logging_mixin.py:149} INFO - [2023-09-14T16:13:17.802+0000] {dag.py:2726} INFO - Sync 1 DAGs
[2023-09-14T16:13:18.015+0000] {logging_mixin.py:149} INFO - [2023-09-14T16:13:18.014+0000] {dag.py:3490} INFO - Setting next_dagrun for postgres_operator_dag to None, run_after=None
[2023-09-14T16:13:18.206+0000] {processor.py:178} INFO - Processing /opt/airflow/dags/postgres_operator.py took 0.798 seconds
[2023-09-14T16:13:50.905+0000] {processor.py:156} INFO - Started process (PID=346) to work on /opt/airflow/dags/postgres_operator.py
[2023-09-14T16:13:50.911+0000] {processor.py:799} INFO - Processing file /opt/airflow/dags/postgres_operator.py for tasks to queue
[2023-09-14T16:13:50.914+0000] {logging_mixin.py:149} INFO - [2023-09-14T16:13:50.914+0000] {dagbag.py:541} INFO - Filling up the DagBag from /opt/airflow/dags/postgres_operator.py
[2023-09-14T16:13:50.980+0000] {processor.py:809} INFO - DAG(s) dict_keys(['postgres_operator_dag']) retrieved from /opt/airflow/dags/postgres_operator.py
[2023-09-14T16:13:51.044+0000] {logging_mixin.py:149} INFO - [2023-09-14T16:13:51.043+0000] {dag.py:2726} INFO - Sync 1 DAGs
[2023-09-14T16:13:51.139+0000] {logging_mixin.py:149} INFO - [2023-09-14T16:13:51.139+0000] {dag.py:3490} INFO - Setting next_dagrun for postgres_operator_dag to None, run_after=None
[2023-09-14T16:13:51.217+0000] {processor.py:178} INFO - Processing /opt/airflow/dags/postgres_operator.py took 0.322 seconds
[2023-09-14T16:14:23.870+0000] {processor.py:156} INFO - Started process (PID=399) to work on /opt/airflow/dags/postgres_operator.py
[2023-09-14T16:14:23.884+0000] {processor.py:799} INFO - Processing file /opt/airflow/dags/postgres_operator.py for tasks to queue
[2023-09-14T16:14:23.890+0000] {logging_mixin.py:149} INFO - [2023-09-14T16:14:23.889+0000] {dagbag.py:541} INFO - Filling up the DagBag from /opt/airflow/dags/postgres_operator.py
[2023-09-14T16:14:24.122+0000] {processor.py:809} INFO - DAG(s) dict_keys(['postgres_operator_dag']) retrieved from /opt/airflow/dags/postgres_operator.py
[2023-09-14T16:14:24.212+0000] {logging_mixin.py:149} INFO - [2023-09-14T16:14:24.211+0000] {dag.py:2726} INFO - Sync 1 DAGs
[2023-09-14T16:14:24.309+0000] {logging_mixin.py:149} INFO - [2023-09-14T16:14:24.308+0000] {dag.py:3490} INFO - Setting next_dagrun for postgres_operator_dag to None, run_after=None
[2023-09-14T16:14:24.381+0000] {processor.py:178} INFO - Processing /opt/airflow/dags/postgres_operator.py took 0.526 seconds
[2023-09-14T16:14:55.737+0000] {processor.py:156} INFO - Started process (PID=456) to work on /opt/airflow/dags/postgres_operator.py
[2023-09-14T16:14:55.741+0000] {processor.py:799} INFO - Processing file /opt/airflow/dags/postgres_operator.py for tasks to queue
[2023-09-14T16:14:55.744+0000] {logging_mixin.py:149} INFO - [2023-09-14T16:14:55.744+0000] {dagbag.py:541} INFO - Filling up the DagBag from /opt/airflow/dags/postgres_operator.py
[2023-09-14T16:14:55.801+0000] {processor.py:809} INFO - DAG(s) dict_keys(['postgres_operator_dag']) retrieved from /opt/airflow/dags/postgres_operator.py
[2023-09-14T16:14:55.858+0000] {logging_mixin.py:149} INFO - [2023-09-14T16:14:55.858+0000] {dag.py:2726} INFO - Sync 1 DAGs
[2023-09-14T16:14:55.934+0000] {logging_mixin.py:149} INFO - [2023-09-14T16:14:55.934+0000] {dag.py:3490} INFO - Setting next_dagrun for postgres_operator_dag to None, run_after=None
[2023-09-14T16:14:56.020+0000] {processor.py:178} INFO - Processing /opt/airflow/dags/postgres_operator.py took 0.297 seconds
[2023-09-14T16:15:26.187+0000] {processor.py:156} INFO - Started process (PID=517) to work on /opt/airflow/dags/postgres_operator.py
[2023-09-14T16:15:26.190+0000] {processor.py:799} INFO - Processing file /opt/airflow/dags/postgres_operator.py for tasks to queue
[2023-09-14T16:15:26.193+0000] {logging_mixin.py:149} INFO - [2023-09-14T16:15:26.193+0000] {dagbag.py:541} INFO - Filling up the DagBag from /opt/airflow/dags/postgres_operator.py
[2023-09-14T16:15:26.256+0000] {processor.py:809} INFO - DAG(s) dict_keys(['postgres_operator_dag']) retrieved from /opt/airflow/dags/postgres_operator.py
[2023-09-14T16:15:26.304+0000] {logging_mixin.py:149} INFO - [2023-09-14T16:15:26.303+0000] {dag.py:2726} INFO - Sync 1 DAGs
[2023-09-14T16:15:26.360+0000] {logging_mixin.py:149} INFO - [2023-09-14T16:15:26.360+0000] {dag.py:3490} INFO - Setting next_dagrun for postgres_operator_dag to None, run_after=None
[2023-09-14T16:15:26.437+0000] {processor.py:178} INFO - Processing /opt/airflow/dags/postgres_operator.py took 0.257 seconds
[2023-09-14T16:15:56.596+0000] {processor.py:156} INFO - Started process (PID=577) to work on /opt/airflow/dags/postgres_operator.py
[2023-09-14T16:15:56.598+0000] {processor.py:799} INFO - Processing file /opt/airflow/dags/postgres_operator.py for tasks to queue
[2023-09-14T16:15:56.601+0000] {logging_mixin.py:149} INFO - [2023-09-14T16:15:56.600+0000] {dagbag.py:541} INFO - Filling up the DagBag from /opt/airflow/dags/postgres_operator.py
[2023-09-14T16:15:56.650+0000] {processor.py:809} INFO - DAG(s) dict_keys(['postgres_operator_dag']) retrieved from /opt/airflow/dags/postgres_operator.py
[2023-09-14T16:15:56.692+0000] {logging_mixin.py:149} INFO - [2023-09-14T16:15:56.692+0000] {dag.py:2726} INFO - Sync 1 DAGs
[2023-09-14T16:15:56.751+0000] {logging_mixin.py:149} INFO - [2023-09-14T16:15:56.750+0000] {dag.py:3490} INFO - Setting next_dagrun for postgres_operator_dag to None, run_after=None
[2023-09-14T16:15:56.793+0000] {processor.py:178} INFO - Processing /opt/airflow/dags/postgres_operator.py took 0.202 seconds
[2023-09-14T16:16:27.243+0000] {processor.py:156} INFO - Started process (PID=636) to work on /opt/airflow/dags/postgres_operator.py
[2023-09-14T16:16:27.248+0000] {processor.py:799} INFO - Processing file /opt/airflow/dags/postgres_operator.py for tasks to queue
[2023-09-14T16:16:27.252+0000] {logging_mixin.py:149} INFO - [2023-09-14T16:16:27.251+0000] {dagbag.py:541} INFO - Filling up the DagBag from /opt/airflow/dags/postgres_operator.py
[2023-09-14T16:16:27.327+0000] {processor.py:809} INFO - DAG(s) dict_keys(['postgres_operator_dag']) retrieved from /opt/airflow/dags/postgres_operator.py
[2023-09-14T16:16:27.411+0000] {logging_mixin.py:149} INFO - [2023-09-14T16:16:27.411+0000] {dag.py:2726} INFO - Sync 1 DAGs
[2023-09-14T16:16:27.487+0000] {logging_mixin.py:149} INFO - [2023-09-14T16:16:27.487+0000] {dag.py:3490} INFO - Setting next_dagrun for postgres_operator_dag to None, run_after=None
[2023-09-14T16:16:27.541+0000] {processor.py:178} INFO - Processing /opt/airflow/dags/postgres_operator.py took 0.307 seconds
[2023-09-14T16:16:57.686+0000] {processor.py:156} INFO - Started process (PID=696) to work on /opt/airflow/dags/postgres_operator.py
[2023-09-14T16:16:57.690+0000] {processor.py:799} INFO - Processing file /opt/airflow/dags/postgres_operator.py for tasks to queue
[2023-09-14T16:16:57.694+0000] {logging_mixin.py:149} INFO - [2023-09-14T16:16:57.694+0000] {dagbag.py:541} INFO - Filling up the DagBag from /opt/airflow/dags/postgres_operator.py
[2023-09-14T16:16:57.785+0000] {processor.py:809} INFO - DAG(s) dict_keys(['postgres_operator_dag']) retrieved from /opt/airflow/dags/postgres_operator.py
[2023-09-14T16:16:57.869+0000] {logging_mixin.py:149} INFO - [2023-09-14T16:16:57.869+0000] {dag.py:2726} INFO - Sync 1 DAGs
[2023-09-14T16:16:57.955+0000] {logging_mixin.py:149} INFO - [2023-09-14T16:16:57.954+0000] {dag.py:3490} INFO - Setting next_dagrun for postgres_operator_dag to None, run_after=None
[2023-09-14T16:16:58.055+0000] {processor.py:178} INFO - Processing /opt/airflow/dags/postgres_operator.py took 0.377 seconds
[2023-09-14T16:35:26.511+0000] {processor.py:156} INFO - Started process (PID=31) to work on /opt/airflow/dags/postgres_operator.py
[2023-09-14T16:35:26.515+0000] {processor.py:799} INFO - Processing file /opt/airflow/dags/postgres_operator.py for tasks to queue
[2023-09-14T16:35:26.518+0000] {logging_mixin.py:149} INFO - [2023-09-14T16:35:26.518+0000] {dagbag.py:541} INFO - Filling up the DagBag from /opt/airflow/dags/postgres_operator.py
[2023-09-14T16:35:26.830+0000] {processor.py:809} INFO - DAG(s) dict_keys(['postgres_operator_dag']) retrieved from /opt/airflow/dags/postgres_operator.py
[2023-09-14T16:35:27.537+0000] {logging_mixin.py:149} INFO - [2023-09-14T16:35:27.537+0000] {dag.py:2726} INFO - Sync 1 DAGs
[2023-09-14T16:35:27.740+0000] {logging_mixin.py:149} INFO - [2023-09-14T16:35:27.740+0000] {dag.py:3490} INFO - Setting next_dagrun for postgres_operator_dag to None, run_after=None
[2023-09-14T16:35:27.843+0000] {processor.py:178} INFO - Processing /opt/airflow/dags/postgres_operator.py took 1.351 seconds
[2023-09-14T16:36:22.258+0000] {processor.py:156} INFO - Started process (PID=98) to work on /opt/airflow/dags/postgres_operator.py
[2023-09-14T16:36:22.263+0000] {processor.py:799} INFO - Processing file /opt/airflow/dags/postgres_operator.py for tasks to queue
[2023-09-14T16:36:22.267+0000] {logging_mixin.py:149} INFO - [2023-09-14T16:36:22.266+0000] {dagbag.py:541} INFO - Filling up the DagBag from /opt/airflow/dags/postgres_operator.py
[2023-09-14T16:36:22.406+0000] {processor.py:809} INFO - DAG(s) dict_keys(['postgres_operator_dag']) retrieved from /opt/airflow/dags/postgres_operator.py
[2023-09-14T16:36:22.689+0000] {logging_mixin.py:149} INFO - [2023-09-14T16:36:22.688+0000] {dag.py:2726} INFO - Sync 1 DAGs
[2023-09-14T16:36:22.853+0000] {logging_mixin.py:149} INFO - [2023-09-14T16:36:22.853+0000] {dag.py:3490} INFO - Setting next_dagrun for postgres_operator_dag to None, run_after=None
[2023-09-14T16:36:23.190+0000] {processor.py:178} INFO - Processing /opt/airflow/dags/postgres_operator.py took 0.941 seconds
[2023-09-14T16:38:30.959+0000] {processor.py:156} INFO - Started process (PID=31) to work on /opt/airflow/dags/postgres_operator.py
[2023-09-14T16:38:30.976+0000] {processor.py:799} INFO - Processing file /opt/airflow/dags/postgres_operator.py for tasks to queue
[2023-09-14T16:38:30.985+0000] {logging_mixin.py:149} INFO - [2023-09-14T16:38:30.985+0000] {dagbag.py:541} INFO - Filling up the DagBag from /opt/airflow/dags/postgres_operator.py
[2023-09-14T16:38:31.199+0000] {processor.py:809} INFO - DAG(s) dict_keys(['postgres_operator_dag']) retrieved from /opt/airflow/dags/postgres_operator.py
[2023-09-14T16:38:31.624+0000] {logging_mixin.py:149} INFO - [2023-09-14T16:38:31.623+0000] {dag.py:2726} INFO - Sync 1 DAGs
[2023-09-14T16:38:31.747+0000] {logging_mixin.py:149} INFO - [2023-09-14T16:38:31.746+0000] {dag.py:3490} INFO - Setting next_dagrun for postgres_operator_dag to None, run_after=None
[2023-09-14T16:38:31.919+0000] {processor.py:178} INFO - Processing /opt/airflow/dags/postgres_operator.py took 0.977 seconds
[2023-09-14T16:39:24.922+0000] {processor.py:156} INFO - Started process (PID=97) to work on /opt/airflow/dags/postgres_operator.py
[2023-09-14T16:39:24.933+0000] {processor.py:799} INFO - Processing file /opt/airflow/dags/postgres_operator.py for tasks to queue
[2023-09-14T16:39:24.939+0000] {logging_mixin.py:149} INFO - [2023-09-14T16:39:24.938+0000] {dagbag.py:541} INFO - Filling up the DagBag from /opt/airflow/dags/postgres_operator.py
[2023-09-14T16:39:25.071+0000] {processor.py:809} INFO - DAG(s) dict_keys(['postgres_operator_dag']) retrieved from /opt/airflow/dags/postgres_operator.py
[2023-09-14T16:39:25.216+0000] {logging_mixin.py:149} INFO - [2023-09-14T16:39:25.215+0000] {dag.py:2726} INFO - Sync 1 DAGs
[2023-09-14T16:39:25.383+0000] {logging_mixin.py:149} INFO - [2023-09-14T16:39:25.382+0000] {dag.py:3490} INFO - Setting next_dagrun for postgres_operator_dag to None, run_after=None
[2023-09-14T16:39:25.530+0000] {processor.py:178} INFO - Processing /opt/airflow/dags/postgres_operator.py took 0.632 seconds
[2023-09-14T16:39:57.317+0000] {processor.py:156} INFO - Started process (PID=150) to work on /opt/airflow/dags/postgres_operator.py
[2023-09-14T16:39:57.322+0000] {processor.py:799} INFO - Processing file /opt/airflow/dags/postgres_operator.py for tasks to queue
[2023-09-14T16:39:57.333+0000] {logging_mixin.py:149} INFO - [2023-09-14T16:39:57.332+0000] {dagbag.py:541} INFO - Filling up the DagBag from /opt/airflow/dags/postgres_operator.py
[2023-09-14T16:39:57.474+0000] {processor.py:809} INFO - DAG(s) dict_keys(['postgres_operator_dag']) retrieved from /opt/airflow/dags/postgres_operator.py
[2023-09-14T16:39:57.615+0000] {logging_mixin.py:149} INFO - [2023-09-14T16:39:57.615+0000] {dag.py:2726} INFO - Sync 1 DAGs
[2023-09-14T16:39:58.383+0000] {logging_mixin.py:149} INFO - [2023-09-14T16:39:58.382+0000] {dag.py:3490} INFO - Setting next_dagrun for postgres_operator_dag to None, run_after=None
[2023-09-14T16:39:58.487+0000] {processor.py:178} INFO - Processing /opt/airflow/dags/postgres_operator.py took 1.188 seconds
[2023-09-14T16:40:28.922+0000] {processor.py:156} INFO - Started process (PID=211) to work on /opt/airflow/dags/postgres_operator.py
[2023-09-14T16:40:28.926+0000] {processor.py:799} INFO - Processing file /opt/airflow/dags/postgres_operator.py for tasks to queue
[2023-09-14T16:40:28.928+0000] {logging_mixin.py:149} INFO - [2023-09-14T16:40:28.927+0000] {dagbag.py:541} INFO - Filling up the DagBag from /opt/airflow/dags/postgres_operator.py
[2023-09-14T16:40:28.980+0000] {processor.py:809} INFO - DAG(s) dict_keys(['postgres_operator_dag']) retrieved from /opt/airflow/dags/postgres_operator.py
[2023-09-14T16:40:29.020+0000] {logging_mixin.py:149} INFO - [2023-09-14T16:40:29.020+0000] {dag.py:2726} INFO - Sync 1 DAGs
[2023-09-14T16:40:29.068+0000] {logging_mixin.py:149} INFO - [2023-09-14T16:40:29.068+0000] {dag.py:3490} INFO - Setting next_dagrun for postgres_operator_dag to None, run_after=None
[2023-09-14T16:40:29.117+0000] {processor.py:178} INFO - Processing /opt/airflow/dags/postgres_operator.py took 0.202 seconds
[2023-09-14T16:40:59.432+0000] {processor.py:156} INFO - Started process (PID=272) to work on /opt/airflow/dags/postgres_operator.py
[2023-09-14T16:40:59.438+0000] {processor.py:799} INFO - Processing file /opt/airflow/dags/postgres_operator.py for tasks to queue
[2023-09-14T16:40:59.441+0000] {logging_mixin.py:149} INFO - [2023-09-14T16:40:59.441+0000] {dagbag.py:541} INFO - Filling up the DagBag from /opt/airflow/dags/postgres_operator.py
[2023-09-14T16:40:59.531+0000] {processor.py:809} INFO - DAG(s) dict_keys(['postgres_operator_dag']) retrieved from /opt/airflow/dags/postgres_operator.py
[2023-09-14T16:40:59.581+0000] {logging_mixin.py:149} INFO - [2023-09-14T16:40:59.581+0000] {dag.py:2726} INFO - Sync 1 DAGs
[2023-09-14T16:40:59.637+0000] {logging_mixin.py:149} INFO - [2023-09-14T16:40:59.637+0000] {dag.py:3490} INFO - Setting next_dagrun for postgres_operator_dag to None, run_after=None
[2023-09-14T16:40:59.717+0000] {processor.py:178} INFO - Processing /opt/airflow/dags/postgres_operator.py took 0.293 seconds
[2023-09-14T16:41:29.983+0000] {processor.py:156} INFO - Started process (PID=333) to work on /opt/airflow/dags/postgres_operator.py
[2023-09-14T16:41:29.988+0000] {processor.py:799} INFO - Processing file /opt/airflow/dags/postgres_operator.py for tasks to queue
[2023-09-14T16:41:29.991+0000] {logging_mixin.py:149} INFO - [2023-09-14T16:41:29.990+0000] {dagbag.py:541} INFO - Filling up the DagBag from /opt/airflow/dags/postgres_operator.py
[2023-09-14T16:41:30.053+0000] {processor.py:809} INFO - DAG(s) dict_keys(['postgres_operator_dag']) retrieved from /opt/airflow/dags/postgres_operator.py
[2023-09-14T16:41:30.098+0000] {logging_mixin.py:149} INFO - [2023-09-14T16:41:30.096+0000] {dag.py:2726} INFO - Sync 1 DAGs
[2023-09-14T16:41:30.166+0000] {logging_mixin.py:149} INFO - [2023-09-14T16:41:30.165+0000] {dag.py:3490} INFO - Setting next_dagrun for postgres_operator_dag to None, run_after=None
[2023-09-14T16:41:30.276+0000] {processor.py:178} INFO - Processing /opt/airflow/dags/postgres_operator.py took 0.304 seconds
[2023-09-14T16:42:00.541+0000] {processor.py:156} INFO - Started process (PID=394) to work on /opt/airflow/dags/postgres_operator.py
[2023-09-14T16:42:00.544+0000] {processor.py:799} INFO - Processing file /opt/airflow/dags/postgres_operator.py for tasks to queue
[2023-09-14T16:42:00.546+0000] {logging_mixin.py:149} INFO - [2023-09-14T16:42:00.546+0000] {dagbag.py:541} INFO - Filling up the DagBag from /opt/airflow/dags/postgres_operator.py
[2023-09-14T16:42:00.606+0000] {processor.py:809} INFO - DAG(s) dict_keys(['postgres_operator_dag']) retrieved from /opt/airflow/dags/postgres_operator.py
[2023-09-14T16:42:00.672+0000] {logging_mixin.py:149} INFO - [2023-09-14T16:42:00.672+0000] {dag.py:2726} INFO - Sync 1 DAGs
[2023-09-14T16:42:00.841+0000] {logging_mixin.py:149} INFO - [2023-09-14T16:42:00.840+0000] {dag.py:3490} INFO - Setting next_dagrun for postgres_operator_dag to None, run_after=None
[2023-09-14T16:42:00.960+0000] {processor.py:178} INFO - Processing /opt/airflow/dags/postgres_operator.py took 0.424 seconds
[2023-09-14T16:42:31.256+0000] {processor.py:156} INFO - Started process (PID=455) to work on /opt/airflow/dags/postgres_operator.py
[2023-09-14T16:42:31.258+0000] {processor.py:799} INFO - Processing file /opt/airflow/dags/postgres_operator.py for tasks to queue
[2023-09-14T16:42:31.266+0000] {logging_mixin.py:149} INFO - [2023-09-14T16:42:31.265+0000] {dagbag.py:541} INFO - Filling up the DagBag from /opt/airflow/dags/postgres_operator.py
[2023-09-14T16:42:31.330+0000] {processor.py:809} INFO - DAG(s) dict_keys(['postgres_operator_dag']) retrieved from /opt/airflow/dags/postgres_operator.py
[2023-09-14T16:42:31.379+0000] {logging_mixin.py:149} INFO - [2023-09-14T16:42:31.379+0000] {dag.py:2726} INFO - Sync 1 DAGs
[2023-09-14T16:42:31.449+0000] {logging_mixin.py:149} INFO - [2023-09-14T16:42:31.449+0000] {dag.py:3490} INFO - Setting next_dagrun for postgres_operator_dag to None, run_after=None
[2023-09-14T16:42:31.551+0000] {processor.py:178} INFO - Processing /opt/airflow/dags/postgres_operator.py took 0.304 seconds
[2023-09-14T16:43:01.777+0000] {processor.py:156} INFO - Started process (PID=517) to work on /opt/airflow/dags/postgres_operator.py
[2023-09-14T16:43:01.780+0000] {processor.py:799} INFO - Processing file /opt/airflow/dags/postgres_operator.py for tasks to queue
[2023-09-14T16:43:01.782+0000] {logging_mixin.py:149} INFO - [2023-09-14T16:43:01.781+0000] {dagbag.py:541} INFO - Filling up the DagBag from /opt/airflow/dags/postgres_operator.py
[2023-09-14T16:43:01.836+0000] {processor.py:809} INFO - DAG(s) dict_keys(['postgres_operator_dag']) retrieved from /opt/airflow/dags/postgres_operator.py
[2023-09-14T16:43:01.881+0000] {logging_mixin.py:149} INFO - [2023-09-14T16:43:01.880+0000] {dag.py:2726} INFO - Sync 1 DAGs
[2023-09-14T16:43:01.928+0000] {logging_mixin.py:149} INFO - [2023-09-14T16:43:01.928+0000] {dag.py:3490} INFO - Setting next_dagrun for postgres_operator_dag to None, run_after=None
[2023-09-14T16:43:02.013+0000] {processor.py:178} INFO - Processing /opt/airflow/dags/postgres_operator.py took 0.252 seconds
[2023-09-14T16:43:32.183+0000] {processor.py:156} INFO - Started process (PID=578) to work on /opt/airflow/dags/postgres_operator.py
[2023-09-14T16:43:32.186+0000] {processor.py:799} INFO - Processing file /opt/airflow/dags/postgres_operator.py for tasks to queue
[2023-09-14T16:43:32.188+0000] {logging_mixin.py:149} INFO - [2023-09-14T16:43:32.188+0000] {dagbag.py:541} INFO - Filling up the DagBag from /opt/airflow/dags/postgres_operator.py
[2023-09-14T16:43:32.250+0000] {processor.py:809} INFO - DAG(s) dict_keys(['postgres_operator_dag']) retrieved from /opt/airflow/dags/postgres_operator.py
[2023-09-14T16:43:32.331+0000] {logging_mixin.py:149} INFO - [2023-09-14T16:43:32.331+0000] {dag.py:2726} INFO - Sync 1 DAGs
[2023-09-14T16:43:32.390+0000] {logging_mixin.py:149} INFO - [2023-09-14T16:43:32.390+0000] {dag.py:3490} INFO - Setting next_dagrun for postgres_operator_dag to None, run_after=None
[2023-09-14T16:43:32.455+0000] {processor.py:178} INFO - Processing /opt/airflow/dags/postgres_operator.py took 0.282 seconds
[2023-09-14T16:44:03.128+0000] {processor.py:156} INFO - Started process (PID=639) to work on /opt/airflow/dags/postgres_operator.py
[2023-09-14T16:44:03.131+0000] {processor.py:799} INFO - Processing file /opt/airflow/dags/postgres_operator.py for tasks to queue
[2023-09-14T16:44:03.133+0000] {logging_mixin.py:149} INFO - [2023-09-14T16:44:03.133+0000] {dagbag.py:541} INFO - Filling up the DagBag from /opt/airflow/dags/postgres_operator.py
[2023-09-14T16:44:03.193+0000] {processor.py:809} INFO - DAG(s) dict_keys(['postgres_operator_dag']) retrieved from /opt/airflow/dags/postgres_operator.py
[2023-09-14T16:44:03.258+0000] {logging_mixin.py:149} INFO - [2023-09-14T16:44:03.257+0000] {dag.py:2726} INFO - Sync 1 DAGs
[2023-09-14T16:44:03.326+0000] {logging_mixin.py:149} INFO - [2023-09-14T16:44:03.326+0000] {dag.py:3490} INFO - Setting next_dagrun for postgres_operator_dag to None, run_after=None
[2023-09-14T16:44:03.369+0000] {processor.py:178} INFO - Processing /opt/airflow/dags/postgres_operator.py took 0.254 seconds
[2023-09-14T16:44:33.455+0000] {processor.py:156} INFO - Started process (PID=701) to work on /opt/airflow/dags/postgres_operator.py
[2023-09-14T16:44:33.458+0000] {processor.py:799} INFO - Processing file /opt/airflow/dags/postgres_operator.py for tasks to queue
[2023-09-14T16:44:33.461+0000] {logging_mixin.py:149} INFO - [2023-09-14T16:44:33.460+0000] {dagbag.py:541} INFO - Filling up the DagBag from /opt/airflow/dags/postgres_operator.py
[2023-09-14T16:44:33.518+0000] {processor.py:809} INFO - DAG(s) dict_keys(['postgres_operator_dag']) retrieved from /opt/airflow/dags/postgres_operator.py
[2023-09-14T16:44:33.558+0000] {logging_mixin.py:149} INFO - [2023-09-14T16:44:33.558+0000] {dag.py:2726} INFO - Sync 1 DAGs
[2023-09-14T16:44:33.602+0000] {logging_mixin.py:149} INFO - [2023-09-14T16:44:33.602+0000] {dag.py:3490} INFO - Setting next_dagrun for postgres_operator_dag to None, run_after=None
[2023-09-14T16:44:33.689+0000] {processor.py:178} INFO - Processing /opt/airflow/dags/postgres_operator.py took 0.239 seconds
[2023-09-14T16:45:04.025+0000] {processor.py:156} INFO - Started process (PID=762) to work on /opt/airflow/dags/postgres_operator.py
[2023-09-14T16:45:04.028+0000] {processor.py:799} INFO - Processing file /opt/airflow/dags/postgres_operator.py for tasks to queue
[2023-09-14T16:45:04.032+0000] {logging_mixin.py:149} INFO - [2023-09-14T16:45:04.031+0000] {dagbag.py:541} INFO - Filling up the DagBag from /opt/airflow/dags/postgres_operator.py
[2023-09-14T16:45:04.096+0000] {processor.py:809} INFO - DAG(s) dict_keys(['postgres_operator_dag']) retrieved from /opt/airflow/dags/postgres_operator.py
[2023-09-14T16:45:04.149+0000] {logging_mixin.py:149} INFO - [2023-09-14T16:45:04.148+0000] {dag.py:2726} INFO - Sync 1 DAGs
[2023-09-14T16:45:04.256+0000] {logging_mixin.py:149} INFO - [2023-09-14T16:45:04.255+0000] {dag.py:3490} INFO - Setting next_dagrun for postgres_operator_dag to None, run_after=None
[2023-09-14T16:45:04.397+0000] {processor.py:178} INFO - Processing /opt/airflow/dags/postgres_operator.py took 0.379 seconds
[2023-09-14T16:45:34.935+0000] {processor.py:156} INFO - Started process (PID=821) to work on /opt/airflow/dags/postgres_operator.py
[2023-09-14T16:45:34.942+0000] {processor.py:799} INFO - Processing file /opt/airflow/dags/postgres_operator.py for tasks to queue
[2023-09-14T16:45:34.944+0000] {logging_mixin.py:149} INFO - [2023-09-14T16:45:34.944+0000] {dagbag.py:541} INFO - Filling up the DagBag from /opt/airflow/dags/postgres_operator.py
[2023-09-14T16:45:35.033+0000] {processor.py:809} INFO - DAG(s) dict_keys(['postgres_operator_dag']) retrieved from /opt/airflow/dags/postgres_operator.py
[2023-09-14T16:45:35.083+0000] {logging_mixin.py:149} INFO - [2023-09-14T16:45:35.082+0000] {dag.py:2726} INFO - Sync 1 DAGs
[2023-09-14T16:45:35.161+0000] {logging_mixin.py:149} INFO - [2023-09-14T16:45:35.161+0000] {dag.py:3490} INFO - Setting next_dagrun for postgres_operator_dag to None, run_after=None
[2023-09-14T16:45:35.214+0000] {processor.py:178} INFO - Processing /opt/airflow/dags/postgres_operator.py took 0.300 seconds
[2023-09-14T16:46:05.568+0000] {processor.py:156} INFO - Started process (PID=881) to work on /opt/airflow/dags/postgres_operator.py
[2023-09-14T16:46:05.573+0000] {processor.py:799} INFO - Processing file /opt/airflow/dags/postgres_operator.py for tasks to queue
[2023-09-14T16:46:05.577+0000] {logging_mixin.py:149} INFO - [2023-09-14T16:46:05.577+0000] {dagbag.py:541} INFO - Filling up the DagBag from /opt/airflow/dags/postgres_operator.py
[2023-09-14T16:46:05.643+0000] {processor.py:809} INFO - DAG(s) dict_keys(['postgres_operator_dag']) retrieved from /opt/airflow/dags/postgres_operator.py
[2023-09-14T16:46:05.692+0000] {logging_mixin.py:149} INFO - [2023-09-14T16:46:05.691+0000] {dag.py:2726} INFO - Sync 1 DAGs
[2023-09-14T16:46:05.756+0000] {logging_mixin.py:149} INFO - [2023-09-14T16:46:05.755+0000] {dag.py:3490} INFO - Setting next_dagrun for postgres_operator_dag to None, run_after=None
[2023-09-14T16:46:05.841+0000] {processor.py:178} INFO - Processing /opt/airflow/dags/postgres_operator.py took 0.289 seconds
[2023-09-14T16:46:36.307+0000] {processor.py:156} INFO - Started process (PID=942) to work on /opt/airflow/dags/postgres_operator.py
[2023-09-14T16:46:36.311+0000] {processor.py:799} INFO - Processing file /opt/airflow/dags/postgres_operator.py for tasks to queue
[2023-09-14T16:46:36.316+0000] {logging_mixin.py:149} INFO - [2023-09-14T16:46:36.315+0000] {dagbag.py:541} INFO - Filling up the DagBag from /opt/airflow/dags/postgres_operator.py
[2023-09-14T16:46:36.412+0000] {processor.py:809} INFO - DAG(s) dict_keys(['postgres_operator_dag']) retrieved from /opt/airflow/dags/postgres_operator.py
[2023-09-14T16:46:36.557+0000] {logging_mixin.py:149} INFO - [2023-09-14T16:46:36.557+0000] {dag.py:2726} INFO - Sync 1 DAGs
[2023-09-14T16:46:36.651+0000] {logging_mixin.py:149} INFO - [2023-09-14T16:46:36.651+0000] {dag.py:3490} INFO - Setting next_dagrun for postgres_operator_dag to None, run_after=None
[2023-09-14T16:46:36.740+0000] {processor.py:178} INFO - Processing /opt/airflow/dags/postgres_operator.py took 0.443 seconds
[2023-09-14T16:47:07.250+0000] {processor.py:156} INFO - Started process (PID=1003) to work on /opt/airflow/dags/postgres_operator.py
[2023-09-14T16:47:07.253+0000] {processor.py:799} INFO - Processing file /opt/airflow/dags/postgres_operator.py for tasks to queue
[2023-09-14T16:47:07.257+0000] {logging_mixin.py:149} INFO - [2023-09-14T16:47:07.257+0000] {dagbag.py:541} INFO - Filling up the DagBag from /opt/airflow/dags/postgres_operator.py
[2023-09-14T16:47:07.375+0000] {processor.py:809} INFO - DAG(s) dict_keys(['postgres_operator_dag']) retrieved from /opt/airflow/dags/postgres_operator.py
[2023-09-14T16:47:07.468+0000] {logging_mixin.py:149} INFO - [2023-09-14T16:47:07.468+0000] {dag.py:2726} INFO - Sync 1 DAGs
[2023-09-14T16:47:07.576+0000] {logging_mixin.py:149} INFO - [2023-09-14T16:47:07.575+0000] {dag.py:3490} INFO - Setting next_dagrun for postgres_operator_dag to None, run_after=None
[2023-09-14T16:47:07.661+0000] {processor.py:178} INFO - Processing /opt/airflow/dags/postgres_operator.py took 0.431 seconds
[2023-09-14T16:47:37.793+0000] {processor.py:156} INFO - Started process (PID=1065) to work on /opt/airflow/dags/postgres_operator.py
[2023-09-14T16:47:37.798+0000] {processor.py:799} INFO - Processing file /opt/airflow/dags/postgres_operator.py for tasks to queue
[2023-09-14T16:47:37.803+0000] {logging_mixin.py:149} INFO - [2023-09-14T16:47:37.802+0000] {dagbag.py:541} INFO - Filling up the DagBag from /opt/airflow/dags/postgres_operator.py
[2023-09-14T16:47:37.955+0000] {processor.py:809} INFO - DAG(s) dict_keys(['postgres_operator_dag']) retrieved from /opt/airflow/dags/postgres_operator.py
[2023-09-14T16:47:38.065+0000] {logging_mixin.py:149} INFO - [2023-09-14T16:47:38.064+0000] {dag.py:2726} INFO - Sync 1 DAGs
[2023-09-14T16:47:38.178+0000] {logging_mixin.py:149} INFO - [2023-09-14T16:47:38.178+0000] {dag.py:3490} INFO - Setting next_dagrun for postgres_operator_dag to None, run_after=None
[2023-09-14T16:47:38.232+0000] {processor.py:178} INFO - Processing /opt/airflow/dags/postgres_operator.py took 0.450 seconds
[2023-09-14T16:48:13.254+0000] {processor.py:156} INFO - Started process (PID=1119) to work on /opt/airflow/dags/postgres_operator.py
[2023-09-14T16:48:13.267+0000] {processor.py:799} INFO - Processing file /opt/airflow/dags/postgres_operator.py for tasks to queue
[2023-09-14T16:48:13.284+0000] {logging_mixin.py:149} INFO - [2023-09-14T16:48:13.278+0000] {dagbag.py:541} INFO - Filling up the DagBag from /opt/airflow/dags/postgres_operator.py
[2023-09-14T16:48:13.758+0000] {processor.py:809} INFO - DAG(s) dict_keys(['postgres_operator_dag']) retrieved from /opt/airflow/dags/postgres_operator.py
[2023-09-14T16:48:13.943+0000] {logging_mixin.py:149} INFO - [2023-09-14T16:48:13.942+0000] {dag.py:2726} INFO - Sync 1 DAGs
[2023-09-14T16:48:14.077+0000] {logging_mixin.py:149} INFO - [2023-09-14T16:48:14.076+0000] {dag.py:3490} INFO - Setting next_dagrun for postgres_operator_dag to None, run_after=None
[2023-09-14T16:48:14.187+0000] {processor.py:178} INFO - Processing /opt/airflow/dags/postgres_operator.py took 0.967 seconds
[2023-09-14T16:48:44.506+0000] {processor.py:156} INFO - Started process (PID=1180) to work on /opt/airflow/dags/postgres_operator.py
[2023-09-14T16:48:44.509+0000] {processor.py:799} INFO - Processing file /opt/airflow/dags/postgres_operator.py for tasks to queue
[2023-09-14T16:48:44.511+0000] {logging_mixin.py:149} INFO - [2023-09-14T16:48:44.511+0000] {dagbag.py:541} INFO - Filling up the DagBag from /opt/airflow/dags/postgres_operator.py
[2023-09-14T16:48:44.578+0000] {processor.py:809} INFO - DAG(s) dict_keys(['postgres_operator_dag']) retrieved from /opt/airflow/dags/postgres_operator.py
[2023-09-14T16:48:44.635+0000] {logging_mixin.py:149} INFO - [2023-09-14T16:48:44.635+0000] {dag.py:2726} INFO - Sync 1 DAGs
[2023-09-14T16:48:44.724+0000] {logging_mixin.py:149} INFO - [2023-09-14T16:48:44.724+0000] {dag.py:3490} INFO - Setting next_dagrun for postgres_operator_dag to None, run_after=None
[2023-09-14T16:48:44.775+0000] {processor.py:178} INFO - Processing /opt/airflow/dags/postgres_operator.py took 0.277 seconds
[2023-09-14T16:49:15.208+0000] {processor.py:156} INFO - Started process (PID=1241) to work on /opt/airflow/dags/postgres_operator.py
[2023-09-14T16:49:15.212+0000] {processor.py:799} INFO - Processing file /opt/airflow/dags/postgres_operator.py for tasks to queue
[2023-09-14T16:49:15.216+0000] {logging_mixin.py:149} INFO - [2023-09-14T16:49:15.215+0000] {dagbag.py:541} INFO - Filling up the DagBag from /opt/airflow/dags/postgres_operator.py
[2023-09-14T16:49:15.315+0000] {processor.py:809} INFO - DAG(s) dict_keys(['postgres_operator_dag']) retrieved from /opt/airflow/dags/postgres_operator.py
[2023-09-14T16:49:15.402+0000] {logging_mixin.py:149} INFO - [2023-09-14T16:49:15.401+0000] {dag.py:2726} INFO - Sync 1 DAGs
[2023-09-14T16:49:15.524+0000] {logging_mixin.py:149} INFO - [2023-09-14T16:49:15.523+0000] {dag.py:3490} INFO - Setting next_dagrun for postgres_operator_dag to None, run_after=None
[2023-09-14T16:49:15.648+0000] {processor.py:178} INFO - Processing /opt/airflow/dags/postgres_operator.py took 0.457 seconds
[2023-09-14T16:49:46.481+0000] {processor.py:156} INFO - Started process (PID=1293) to work on /opt/airflow/dags/postgres_operator.py
[2023-09-14T16:49:46.486+0000] {processor.py:799} INFO - Processing file /opt/airflow/dags/postgres_operator.py for tasks to queue
[2023-09-14T16:49:46.490+0000] {logging_mixin.py:149} INFO - [2023-09-14T16:49:46.489+0000] {dagbag.py:541} INFO - Filling up the DagBag from /opt/airflow/dags/postgres_operator.py
[2023-09-14T16:49:46.564+0000] {processor.py:809} INFO - DAG(s) dict_keys(['postgres_operator_dag']) retrieved from /opt/airflow/dags/postgres_operator.py
[2023-09-14T16:49:46.631+0000] {logging_mixin.py:149} INFO - [2023-09-14T16:49:46.630+0000] {dag.py:2726} INFO - Sync 1 DAGs
[2023-09-14T16:49:46.708+0000] {logging_mixin.py:149} INFO - [2023-09-14T16:49:46.708+0000] {dag.py:3490} INFO - Setting next_dagrun for postgres_operator_dag to None, run_after=None
[2023-09-14T16:49:46.826+0000] {processor.py:178} INFO - Processing /opt/airflow/dags/postgres_operator.py took 0.353 seconds
[2023-09-14T16:50:17.179+0000] {processor.py:156} INFO - Started process (PID=1354) to work on /opt/airflow/dags/postgres_operator.py
[2023-09-14T16:50:17.184+0000] {processor.py:799} INFO - Processing file /opt/airflow/dags/postgres_operator.py for tasks to queue
[2023-09-14T16:50:17.191+0000] {logging_mixin.py:149} INFO - [2023-09-14T16:50:17.189+0000] {dagbag.py:541} INFO - Filling up the DagBag from /opt/airflow/dags/postgres_operator.py
[2023-09-14T16:50:17.290+0000] {processor.py:809} INFO - DAG(s) dict_keys(['postgres_operator_dag']) retrieved from /opt/airflow/dags/postgres_operator.py
[2023-09-14T16:50:17.372+0000] {logging_mixin.py:149} INFO - [2023-09-14T16:50:17.371+0000] {dag.py:2726} INFO - Sync 1 DAGs
[2023-09-14T16:50:17.469+0000] {logging_mixin.py:149} INFO - [2023-09-14T16:50:17.468+0000] {dag.py:3490} INFO - Setting next_dagrun for postgres_operator_dag to None, run_after=None
[2023-09-14T16:50:17.597+0000] {processor.py:178} INFO - Processing /opt/airflow/dags/postgres_operator.py took 0.428 seconds
[2023-09-14T16:50:48.153+0000] {processor.py:156} INFO - Started process (PID=1415) to work on /opt/airflow/dags/postgres_operator.py
[2023-09-14T16:50:48.159+0000] {processor.py:799} INFO - Processing file /opt/airflow/dags/postgres_operator.py for tasks to queue
[2023-09-14T16:50:48.164+0000] {logging_mixin.py:149} INFO - [2023-09-14T16:50:48.162+0000] {dagbag.py:541} INFO - Filling up the DagBag from /opt/airflow/dags/postgres_operator.py
[2023-09-14T16:50:48.258+0000] {processor.py:809} INFO - DAG(s) dict_keys(['postgres_operator_dag']) retrieved from /opt/airflow/dags/postgres_operator.py
[2023-09-14T16:50:48.322+0000] {logging_mixin.py:149} INFO - [2023-09-14T16:50:48.321+0000] {dag.py:2726} INFO - Sync 1 DAGs
[2023-09-14T16:50:48.394+0000] {logging_mixin.py:149} INFO - [2023-09-14T16:50:48.394+0000] {dag.py:3490} INFO - Setting next_dagrun for postgres_operator_dag to None, run_after=None
[2023-09-14T16:50:48.460+0000] {processor.py:178} INFO - Processing /opt/airflow/dags/postgres_operator.py took 0.319 seconds
[2023-09-14T16:51:18.570+0000] {processor.py:156} INFO - Started process (PID=1483) to work on /opt/airflow/dags/postgres_operator.py
[2023-09-14T16:51:18.572+0000] {processor.py:799} INFO - Processing file /opt/airflow/dags/postgres_operator.py for tasks to queue
[2023-09-14T16:51:18.575+0000] {logging_mixin.py:149} INFO - [2023-09-14T16:51:18.575+0000] {dagbag.py:541} INFO - Filling up the DagBag from /opt/airflow/dags/postgres_operator.py
[2023-09-14T16:51:18.661+0000] {processor.py:809} INFO - DAG(s) dict_keys(['postgres_operator_dag']) retrieved from /opt/airflow/dags/postgres_operator.py
[2023-09-14T16:51:18.727+0000] {logging_mixin.py:149} INFO - [2023-09-14T16:51:18.726+0000] {dag.py:2726} INFO - Sync 1 DAGs
[2023-09-14T16:51:18.803+0000] {logging_mixin.py:149} INFO - [2023-09-14T16:51:18.802+0000] {dag.py:3490} INFO - Setting next_dagrun for postgres_operator_dag to None, run_after=None
[2023-09-14T16:51:18.915+0000] {processor.py:178} INFO - Processing /opt/airflow/dags/postgres_operator.py took 0.355 seconds
[2023-09-14T16:51:49.135+0000] {processor.py:156} INFO - Started process (PID=1545) to work on /opt/airflow/dags/postgres_operator.py
[2023-09-14T16:51:49.136+0000] {processor.py:799} INFO - Processing file /opt/airflow/dags/postgres_operator.py for tasks to queue
[2023-09-14T16:51:49.138+0000] {logging_mixin.py:149} INFO - [2023-09-14T16:51:49.138+0000] {dagbag.py:541} INFO - Filling up the DagBag from /opt/airflow/dags/postgres_operator.py
[2023-09-14T16:51:49.194+0000] {processor.py:809} INFO - DAG(s) dict_keys(['postgres_operator_dag']) retrieved from /opt/airflow/dags/postgres_operator.py
[2023-09-14T16:51:49.257+0000] {logging_mixin.py:149} INFO - [2023-09-14T16:51:49.257+0000] {dag.py:2726} INFO - Sync 1 DAGs
[2023-09-14T16:51:49.326+0000] {logging_mixin.py:149} INFO - [2023-09-14T16:51:49.326+0000] {dag.py:3490} INFO - Setting next_dagrun for postgres_operator_dag to None, run_after=None
[2023-09-14T16:51:49.386+0000] {processor.py:178} INFO - Processing /opt/airflow/dags/postgres_operator.py took 0.260 seconds
[2023-09-14T16:52:20.831+0000] {processor.py:156} INFO - Started process (PID=1606) to work on /opt/airflow/dags/postgres_operator.py
[2023-09-14T16:52:20.836+0000] {processor.py:799} INFO - Processing file /opt/airflow/dags/postgres_operator.py for tasks to queue
[2023-09-14T16:52:20.842+0000] {logging_mixin.py:149} INFO - [2023-09-14T16:52:20.841+0000] {dagbag.py:541} INFO - Filling up the DagBag from /opt/airflow/dags/postgres_operator.py
[2023-09-14T16:52:20.958+0000] {processor.py:809} INFO - DAG(s) dict_keys(['postgres_operator_dag']) retrieved from /opt/airflow/dags/postgres_operator.py
[2023-09-14T16:52:21.090+0000] {logging_mixin.py:149} INFO - [2023-09-14T16:52:21.090+0000] {dag.py:2726} INFO - Sync 1 DAGs
[2023-09-14T16:52:21.227+0000] {logging_mixin.py:149} INFO - [2023-09-14T16:52:21.225+0000] {dag.py:3490} INFO - Setting next_dagrun for postgres_operator_dag to None, run_after=None
[2023-09-14T16:52:21.354+0000] {processor.py:178} INFO - Processing /opt/airflow/dags/postgres_operator.py took 0.558 seconds
[2023-09-14T16:52:52.004+0000] {processor.py:156} INFO - Started process (PID=1665) to work on /opt/airflow/dags/postgres_operator.py
[2023-09-14T16:52:52.008+0000] {processor.py:799} INFO - Processing file /opt/airflow/dags/postgres_operator.py for tasks to queue
[2023-09-14T16:52:52.013+0000] {logging_mixin.py:149} INFO - [2023-09-14T16:52:52.013+0000] {dagbag.py:541} INFO - Filling up the DagBag from /opt/airflow/dags/postgres_operator.py
[2023-09-14T16:52:52.099+0000] {processor.py:809} INFO - DAG(s) dict_keys(['postgres_operator_dag']) retrieved from /opt/airflow/dags/postgres_operator.py
[2023-09-14T16:52:52.195+0000] {logging_mixin.py:149} INFO - [2023-09-14T16:52:52.195+0000] {dag.py:2726} INFO - Sync 1 DAGs
[2023-09-14T16:52:52.322+0000] {logging_mixin.py:149} INFO - [2023-09-14T16:52:52.321+0000] {dag.py:3490} INFO - Setting next_dagrun for postgres_operator_dag to None, run_after=None
[2023-09-14T16:52:52.417+0000] {processor.py:178} INFO - Processing /opt/airflow/dags/postgres_operator.py took 0.423 seconds
[2023-09-14T16:53:22.869+0000] {processor.py:156} INFO - Started process (PID=1726) to work on /opt/airflow/dags/postgres_operator.py
[2023-09-14T16:53:22.874+0000] {processor.py:799} INFO - Processing file /opt/airflow/dags/postgres_operator.py for tasks to queue
[2023-09-14T16:53:22.880+0000] {logging_mixin.py:149} INFO - [2023-09-14T16:53:22.879+0000] {dagbag.py:541} INFO - Filling up the DagBag from /opt/airflow/dags/postgres_operator.py
[2023-09-14T16:53:23.002+0000] {processor.py:809} INFO - DAG(s) dict_keys(['postgres_operator_dag']) retrieved from /opt/airflow/dags/postgres_operator.py
[2023-09-14T16:53:23.119+0000] {logging_mixin.py:149} INFO - [2023-09-14T16:53:23.119+0000] {dag.py:2726} INFO - Sync 1 DAGs
[2023-09-14T16:53:23.238+0000] {logging_mixin.py:149} INFO - [2023-09-14T16:53:23.237+0000] {dag.py:3490} INFO - Setting next_dagrun for postgres_operator_dag to None, run_after=None
[2023-09-14T16:53:23.363+0000] {processor.py:178} INFO - Processing /opt/airflow/dags/postgres_operator.py took 0.514 seconds
[2023-09-14T16:53:54.151+0000] {processor.py:156} INFO - Started process (PID=1790) to work on /opt/airflow/dags/postgres_operator.py
[2023-09-14T16:53:54.156+0000] {processor.py:799} INFO - Processing file /opt/airflow/dags/postgres_operator.py for tasks to queue
[2023-09-14T16:53:54.161+0000] {logging_mixin.py:149} INFO - [2023-09-14T16:53:54.160+0000] {dagbag.py:541} INFO - Filling up the DagBag from /opt/airflow/dags/postgres_operator.py
[2023-09-14T16:53:54.267+0000] {processor.py:809} INFO - DAG(s) dict_keys(['postgres_operator_dag']) retrieved from /opt/airflow/dags/postgres_operator.py
[2023-09-14T16:53:54.355+0000] {logging_mixin.py:149} INFO - [2023-09-14T16:53:54.355+0000] {dag.py:2726} INFO - Sync 1 DAGs
[2023-09-14T16:53:54.449+0000] {logging_mixin.py:149} INFO - [2023-09-14T16:53:54.449+0000] {dag.py:3490} INFO - Setting next_dagrun for postgres_operator_dag to None, run_after=None
[2023-09-14T16:53:54.633+0000] {processor.py:178} INFO - Processing /opt/airflow/dags/postgres_operator.py took 0.492 seconds
[2023-09-14T16:54:29.161+0000] {processor.py:156} INFO - Started process (PID=1848) to work on /opt/airflow/dags/postgres_operator.py
[2023-09-14T16:54:29.187+0000] {processor.py:799} INFO - Processing file /opt/airflow/dags/postgres_operator.py for tasks to queue
[2023-09-14T16:54:29.238+0000] {logging_mixin.py:149} INFO - [2023-09-14T16:54:29.237+0000] {dagbag.py:541} INFO - Filling up the DagBag from /opt/airflow/dags/postgres_operator.py
[2023-09-14T16:54:30.404+0000] {processor.py:809} INFO - DAG(s) dict_keys(['postgres_operator_dag']) retrieved from /opt/airflow/dags/postgres_operator.py
[2023-09-14T16:54:30.838+0000] {logging_mixin.py:149} INFO - [2023-09-14T16:54:30.836+0000] {dag.py:2726} INFO - Sync 1 DAGs
[2023-09-14T16:54:31.316+0000] {logging_mixin.py:149} INFO - [2023-09-14T16:54:31.306+0000] {dag.py:3490} INFO - Setting next_dagrun for postgres_operator_dag to None, run_after=None
[2023-09-14T16:54:31.705+0000] {processor.py:178} INFO - Processing /opt/airflow/dags/postgres_operator.py took 2.615 seconds
[2023-09-14T16:55:04.233+0000] {processor.py:156} INFO - Started process (PID=1914) to work on /opt/airflow/dags/postgres_operator.py
[2023-09-14T16:55:04.238+0000] {processor.py:799} INFO - Processing file /opt/airflow/dags/postgres_operator.py for tasks to queue
[2023-09-14T16:55:04.242+0000] {logging_mixin.py:149} INFO - [2023-09-14T16:55:04.242+0000] {dagbag.py:541} INFO - Filling up the DagBag from /opt/airflow/dags/postgres_operator.py
[2023-09-14T16:55:04.334+0000] {processor.py:809} INFO - DAG(s) dict_keys(['postgres_operator_dag']) retrieved from /opt/airflow/dags/postgres_operator.py
[2023-09-14T16:55:04.409+0000] {logging_mixin.py:149} INFO - [2023-09-14T16:55:04.408+0000] {dag.py:2726} INFO - Sync 1 DAGs
[2023-09-14T16:55:04.498+0000] {logging_mixin.py:149} INFO - [2023-09-14T16:55:04.498+0000] {dag.py:3490} INFO - Setting next_dagrun for postgres_operator_dag to None, run_after=None
[2023-09-14T16:55:04.557+0000] {processor.py:178} INFO - Processing /opt/airflow/dags/postgres_operator.py took 0.332 seconds
[2023-09-14T16:55:36.535+0000] {processor.py:156} INFO - Started process (PID=1977) to work on /opt/airflow/dags/postgres_operator.py
[2023-09-14T16:55:36.552+0000] {processor.py:799} INFO - Processing file /opt/airflow/dags/postgres_operator.py for tasks to queue
[2023-09-14T16:55:36.555+0000] {logging_mixin.py:149} INFO - [2023-09-14T16:55:36.555+0000] {dagbag.py:541} INFO - Filling up the DagBag from /opt/airflow/dags/postgres_operator.py
[2023-09-14T16:55:36.700+0000] {processor.py:809} INFO - DAG(s) dict_keys(['postgres_operator_dag']) retrieved from /opt/airflow/dags/postgres_operator.py
[2023-09-14T16:55:36.905+0000] {logging_mixin.py:149} INFO - [2023-09-14T16:55:36.904+0000] {dag.py:2726} INFO - Sync 1 DAGs
[2023-09-14T16:55:37.125+0000] {logging_mixin.py:149} INFO - [2023-09-14T16:55:37.124+0000] {dag.py:3490} INFO - Setting next_dagrun for postgres_operator_dag to None, run_after=None
[2023-09-14T16:55:37.332+0000] {processor.py:178} INFO - Processing /opt/airflow/dags/postgres_operator.py took 0.826 seconds
[2023-09-14T16:56:07.516+0000] {processor.py:156} INFO - Started process (PID=2042) to work on /opt/airflow/dags/postgres_operator.py
[2023-09-14T16:56:07.520+0000] {processor.py:799} INFO - Processing file /opt/airflow/dags/postgres_operator.py for tasks to queue
[2023-09-14T16:56:07.524+0000] {logging_mixin.py:149} INFO - [2023-09-14T16:56:07.524+0000] {dagbag.py:541} INFO - Filling up the DagBag from /opt/airflow/dags/postgres_operator.py
[2023-09-14T16:56:07.618+0000] {processor.py:809} INFO - DAG(s) dict_keys(['postgres_operator_dag']) retrieved from /opt/airflow/dags/postgres_operator.py
[2023-09-14T16:56:07.671+0000] {logging_mixin.py:149} INFO - [2023-09-14T16:56:07.671+0000] {dag.py:2726} INFO - Sync 1 DAGs
[2023-09-14T16:56:07.761+0000] {logging_mixin.py:149} INFO - [2023-09-14T16:56:07.760+0000] {dag.py:3490} INFO - Setting next_dagrun for postgres_operator_dag to None, run_after=None
[2023-09-14T16:56:07.834+0000] {processor.py:178} INFO - Processing /opt/airflow/dags/postgres_operator.py took 0.325 seconds
[2023-09-14T16:56:38.429+0000] {processor.py:156} INFO - Started process (PID=2107) to work on /opt/airflow/dags/postgres_operator.py
[2023-09-14T16:56:38.433+0000] {processor.py:799} INFO - Processing file /opt/airflow/dags/postgres_operator.py for tasks to queue
[2023-09-14T16:56:38.435+0000] {logging_mixin.py:149} INFO - [2023-09-14T16:56:38.435+0000] {dagbag.py:541} INFO - Filling up the DagBag from /opt/airflow/dags/postgres_operator.py
[2023-09-14T16:56:38.514+0000] {processor.py:809} INFO - DAG(s) dict_keys(['postgres_operator_dag']) retrieved from /opt/airflow/dags/postgres_operator.py
[2023-09-14T16:56:38.589+0000] {logging_mixin.py:149} INFO - [2023-09-14T16:56:38.589+0000] {dag.py:2726} INFO - Sync 1 DAGs
[2023-09-14T16:56:38.689+0000] {logging_mixin.py:149} INFO - [2023-09-14T16:56:38.689+0000] {dag.py:3490} INFO - Setting next_dagrun for postgres_operator_dag to None, run_after=None
[2023-09-14T16:56:38.813+0000] {processor.py:178} INFO - Processing /opt/airflow/dags/postgres_operator.py took 0.395 seconds
[2023-09-14T16:57:08.946+0000] {processor.py:156} INFO - Started process (PID=2162) to work on /opt/airflow/dags/postgres_operator.py
[2023-09-14T16:57:08.949+0000] {processor.py:799} INFO - Processing file /opt/airflow/dags/postgres_operator.py for tasks to queue
[2023-09-14T16:57:08.952+0000] {logging_mixin.py:149} INFO - [2023-09-14T16:57:08.952+0000] {dagbag.py:541} INFO - Filling up the DagBag from /opt/airflow/dags/postgres_operator.py
[2023-09-14T16:57:09.025+0000] {processor.py:809} INFO - DAG(s) dict_keys(['postgres_operator_dag']) retrieved from /opt/airflow/dags/postgres_operator.py
[2023-09-14T16:57:09.093+0000] {logging_mixin.py:149} INFO - [2023-09-14T16:57:09.092+0000] {dag.py:2726} INFO - Sync 1 DAGs
[2023-09-14T16:57:09.166+0000] {logging_mixin.py:149} INFO - [2023-09-14T16:57:09.165+0000] {dag.py:3490} INFO - Setting next_dagrun for postgres_operator_dag to None, run_after=None
[2023-09-14T16:57:09.232+0000] {processor.py:178} INFO - Processing /opt/airflow/dags/postgres_operator.py took 0.298 seconds
[2023-09-14T16:57:39.617+0000] {processor.py:156} INFO - Started process (PID=2228) to work on /opt/airflow/dags/postgres_operator.py
[2023-09-14T16:57:39.621+0000] {processor.py:799} INFO - Processing file /opt/airflow/dags/postgres_operator.py for tasks to queue
[2023-09-14T16:57:39.624+0000] {logging_mixin.py:149} INFO - [2023-09-14T16:57:39.624+0000] {dagbag.py:541} INFO - Filling up the DagBag from /opt/airflow/dags/postgres_operator.py
[2023-09-14T16:57:39.710+0000] {processor.py:809} INFO - DAG(s) dict_keys(['postgres_operator_dag']) retrieved from /opt/airflow/dags/postgres_operator.py
[2023-09-14T16:57:39.815+0000] {logging_mixin.py:149} INFO - [2023-09-14T16:57:39.815+0000] {dag.py:2726} INFO - Sync 1 DAGs
[2023-09-14T16:57:39.928+0000] {logging_mixin.py:149} INFO - [2023-09-14T16:57:39.928+0000] {dag.py:3490} INFO - Setting next_dagrun for postgres_operator_dag to None, run_after=None
[2023-09-14T16:57:40.032+0000] {processor.py:178} INFO - Processing /opt/airflow/dags/postgres_operator.py took 0.430 seconds
[2023-09-14T16:58:10.223+0000] {processor.py:156} INFO - Started process (PID=2291) to work on /opt/airflow/dags/postgres_operator.py
[2023-09-14T16:58:10.227+0000] {processor.py:799} INFO - Processing file /opt/airflow/dags/postgres_operator.py for tasks to queue
[2023-09-14T16:58:10.229+0000] {logging_mixin.py:149} INFO - [2023-09-14T16:58:10.229+0000] {dagbag.py:541} INFO - Filling up the DagBag from /opt/airflow/dags/postgres_operator.py
[2023-09-14T16:58:10.334+0000] {processor.py:809} INFO - DAG(s) dict_keys(['postgres_operator_dag']) retrieved from /opt/airflow/dags/postgres_operator.py
[2023-09-14T16:58:10.436+0000] {logging_mixin.py:149} INFO - [2023-09-14T16:58:10.436+0000] {dag.py:2726} INFO - Sync 1 DAGs
[2023-09-14T16:58:10.548+0000] {logging_mixin.py:149} INFO - [2023-09-14T16:58:10.548+0000] {dag.py:3490} INFO - Setting next_dagrun for postgres_operator_dag to None, run_after=None
[2023-09-14T16:58:10.641+0000] {processor.py:178} INFO - Processing /opt/airflow/dags/postgres_operator.py took 0.426 seconds
[2023-09-14T16:58:45.425+0000] {processor.py:156} INFO - Started process (PID=2353) to work on /opt/airflow/dags/postgres_operator.py
[2023-09-14T16:58:45.459+0000] {processor.py:799} INFO - Processing file /opt/airflow/dags/postgres_operator.py for tasks to queue
[2023-09-14T16:58:45.487+0000] {logging_mixin.py:149} INFO - [2023-09-14T16:58:45.486+0000] {dagbag.py:541} INFO - Filling up the DagBag from /opt/airflow/dags/postgres_operator.py
[2023-09-14T16:58:46.044+0000] {processor.py:809} INFO - DAG(s) dict_keys(['postgres_operator_dag']) retrieved from /opt/airflow/dags/postgres_operator.py
[2023-09-14T16:58:46.208+0000] {logging_mixin.py:149} INFO - [2023-09-14T16:58:46.208+0000] {dag.py:2726} INFO - Sync 1 DAGs
[2023-09-14T16:58:46.419+0000] {logging_mixin.py:149} INFO - [2023-09-14T16:58:46.418+0000] {dag.py:3490} INFO - Setting next_dagrun for postgres_operator_dag to None, run_after=None
[2023-09-14T16:58:46.690+0000] {processor.py:178} INFO - Processing /opt/airflow/dags/postgres_operator.py took 1.332 seconds
[2023-09-14T16:59:17.125+0000] {processor.py:156} INFO - Started process (PID=2417) to work on /opt/airflow/dags/postgres_operator.py
[2023-09-14T16:59:17.128+0000] {processor.py:799} INFO - Processing file /opt/airflow/dags/postgres_operator.py for tasks to queue
[2023-09-14T16:59:17.131+0000] {logging_mixin.py:149} INFO - [2023-09-14T16:59:17.131+0000] {dagbag.py:541} INFO - Filling up the DagBag from /opt/airflow/dags/postgres_operator.py
[2023-09-14T16:59:17.226+0000] {processor.py:809} INFO - DAG(s) dict_keys(['postgres_operator_dag']) retrieved from /opt/airflow/dags/postgres_operator.py
[2023-09-14T16:59:17.286+0000] {logging_mixin.py:149} INFO - [2023-09-14T16:59:17.285+0000] {dag.py:2726} INFO - Sync 1 DAGs
[2023-09-14T16:59:17.376+0000] {logging_mixin.py:149} INFO - [2023-09-14T16:59:17.375+0000] {dag.py:3490} INFO - Setting next_dagrun for postgres_operator_dag to None, run_after=None
[2023-09-14T16:59:17.446+0000] {processor.py:178} INFO - Processing /opt/airflow/dags/postgres_operator.py took 0.332 seconds
[2023-09-14T16:59:48.313+0000] {processor.py:156} INFO - Started process (PID=2481) to work on /opt/airflow/dags/postgres_operator.py
[2023-09-14T16:59:48.323+0000] {processor.py:799} INFO - Processing file /opt/airflow/dags/postgres_operator.py for tasks to queue
[2023-09-14T16:59:48.328+0000] {logging_mixin.py:149} INFO - [2023-09-14T16:59:48.327+0000] {dagbag.py:541} INFO - Filling up the DagBag from /opt/airflow/dags/postgres_operator.py
[2023-09-14T16:59:48.517+0000] {processor.py:809} INFO - DAG(s) dict_keys(['postgres_operator_dag']) retrieved from /opt/airflow/dags/postgres_operator.py
[2023-09-14T16:59:48.683+0000] {logging_mixin.py:149} INFO - [2023-09-14T16:59:48.682+0000] {dag.py:2726} INFO - Sync 1 DAGs
[2023-09-14T16:59:48.867+0000] {logging_mixin.py:149} INFO - [2023-09-14T16:59:48.866+0000] {dag.py:3490} INFO - Setting next_dagrun for postgres_operator_dag to None, run_after=None
[2023-09-14T16:59:49.001+0000] {processor.py:178} INFO - Processing /opt/airflow/dags/postgres_operator.py took 0.708 seconds
[2023-09-14T17:00:19.460+0000] {processor.py:156} INFO - Started process (PID=2545) to work on /opt/airflow/dags/postgres_operator.py
[2023-09-14T17:00:19.470+0000] {processor.py:799} INFO - Processing file /opt/airflow/dags/postgres_operator.py for tasks to queue
[2023-09-14T17:00:19.479+0000] {logging_mixin.py:149} INFO - [2023-09-14T17:00:19.478+0000] {dagbag.py:541} INFO - Filling up the DagBag from /opt/airflow/dags/postgres_operator.py
[2023-09-14T17:00:19.800+0000] {processor.py:809} INFO - DAG(s) dict_keys(['postgres_operator_dag']) retrieved from /opt/airflow/dags/postgres_operator.py
[2023-09-14T17:00:19.962+0000] {logging_mixin.py:149} INFO - [2023-09-14T17:00:19.962+0000] {dag.py:2726} INFO - Sync 1 DAGs
[2023-09-14T17:00:20.168+0000] {logging_mixin.py:149} INFO - [2023-09-14T17:00:20.166+0000] {dag.py:3490} INFO - Setting next_dagrun for postgres_operator_dag to None, run_after=None
[2023-09-14T17:00:20.342+0000] {processor.py:178} INFO - Processing /opt/airflow/dags/postgres_operator.py took 0.899 seconds
[2023-09-14T17:00:51.248+0000] {processor.py:156} INFO - Started process (PID=2609) to work on /opt/airflow/dags/postgres_operator.py
[2023-09-14T17:00:51.250+0000] {processor.py:799} INFO - Processing file /opt/airflow/dags/postgres_operator.py for tasks to queue
[2023-09-14T17:00:51.253+0000] {logging_mixin.py:149} INFO - [2023-09-14T17:00:51.252+0000] {dagbag.py:541} INFO - Filling up the DagBag from /opt/airflow/dags/postgres_operator.py
[2023-09-14T17:00:51.306+0000] {processor.py:809} INFO - DAG(s) dict_keys(['postgres_operator_dag']) retrieved from /opt/airflow/dags/postgres_operator.py
[2023-09-14T17:00:51.344+0000] {logging_mixin.py:149} INFO - [2023-09-14T17:00:51.344+0000] {dag.py:2726} INFO - Sync 1 DAGs
[2023-09-14T17:00:51.411+0000] {logging_mixin.py:149} INFO - [2023-09-14T17:00:51.411+0000] {dag.py:3490} INFO - Setting next_dagrun for postgres_operator_dag to None, run_after=None
[2023-09-14T17:00:51.463+0000] {processor.py:178} INFO - Processing /opt/airflow/dags/postgres_operator.py took 0.219 seconds
[2023-09-14T17:01:21.803+0000] {processor.py:156} INFO - Started process (PID=2673) to work on /opt/airflow/dags/postgres_operator.py
[2023-09-14T17:01:21.805+0000] {processor.py:799} INFO - Processing file /opt/airflow/dags/postgres_operator.py for tasks to queue
[2023-09-14T17:01:21.829+0000] {logging_mixin.py:149} INFO - [2023-09-14T17:01:21.807+0000] {dagbag.py:541} INFO - Filling up the DagBag from /opt/airflow/dags/postgres_operator.py
[2023-09-14T17:01:21.886+0000] {processor.py:809} INFO - DAG(s) dict_keys(['postgres_operator_dag']) retrieved from /opt/airflow/dags/postgres_operator.py
[2023-09-14T17:01:21.925+0000] {logging_mixin.py:149} INFO - [2023-09-14T17:01:21.925+0000] {dag.py:2726} INFO - Sync 1 DAGs
[2023-09-14T17:01:21.975+0000] {logging_mixin.py:149} INFO - [2023-09-14T17:01:21.975+0000] {dag.py:3490} INFO - Setting next_dagrun for postgres_operator_dag to None, run_after=None
[2023-09-14T17:01:22.017+0000] {processor.py:178} INFO - Processing /opt/airflow/dags/postgres_operator.py took 0.202 seconds
[2023-09-14T17:01:52.132+0000] {processor.py:156} INFO - Started process (PID=2729) to work on /opt/airflow/dags/postgres_operator.py
[2023-09-14T17:01:52.134+0000] {processor.py:799} INFO - Processing file /opt/airflow/dags/postgres_operator.py for tasks to queue
[2023-09-14T17:01:52.136+0000] {logging_mixin.py:149} INFO - [2023-09-14T17:01:52.135+0000] {dagbag.py:541} INFO - Filling up the DagBag from /opt/airflow/dags/postgres_operator.py
[2023-09-14T17:01:52.307+0000] {processor.py:809} INFO - DAG(s) dict_keys(['postgres_operator_dag']) retrieved from /opt/airflow/dags/postgres_operator.py
[2023-09-14T17:01:52.446+0000] {logging_mixin.py:149} INFO - [2023-09-14T17:01:52.445+0000] {dag.py:2726} INFO - Sync 1 DAGs
[2023-09-14T17:01:52.570+0000] {logging_mixin.py:149} INFO - [2023-09-14T17:01:52.570+0000] {dag.py:3490} INFO - Setting next_dagrun for postgres_operator_dag to None, run_after=None
[2023-09-14T17:01:52.699+0000] {processor.py:178} INFO - Processing /opt/airflow/dags/postgres_operator.py took 0.575 seconds
[2023-09-14T17:02:22.883+0000] {processor.py:156} INFO - Started process (PID=2793) to work on /opt/airflow/dags/postgres_operator.py
[2023-09-14T17:02:22.887+0000] {processor.py:799} INFO - Processing file /opt/airflow/dags/postgres_operator.py for tasks to queue
[2023-09-14T17:02:22.889+0000] {logging_mixin.py:149} INFO - [2023-09-14T17:02:22.889+0000] {dagbag.py:541} INFO - Filling up the DagBag from /opt/airflow/dags/postgres_operator.py
[2023-09-14T17:02:22.948+0000] {processor.py:809} INFO - DAG(s) dict_keys(['postgres_operator_dag']) retrieved from /opt/airflow/dags/postgres_operator.py
[2023-09-14T17:02:23.014+0000] {logging_mixin.py:149} INFO - [2023-09-14T17:02:23.014+0000] {dag.py:2726} INFO - Sync 1 DAGs
[2023-09-14T17:02:23.066+0000] {logging_mixin.py:149} INFO - [2023-09-14T17:02:23.066+0000] {dag.py:3490} INFO - Setting next_dagrun for postgres_operator_dag to None, run_after=None
[2023-09-14T17:02:23.123+0000] {processor.py:178} INFO - Processing /opt/airflow/dags/postgres_operator.py took 0.248 seconds
[2023-09-14T17:03:52.435+0000] {processor.py:156} INFO - Started process (PID=33) to work on /opt/airflow/dags/postgres_operator.py
[2023-09-14T17:03:52.441+0000] {processor.py:799} INFO - Processing file /opt/airflow/dags/postgres_operator.py for tasks to queue
[2023-09-14T17:03:52.448+0000] {logging_mixin.py:149} INFO - [2023-09-14T17:03:52.447+0000] {dagbag.py:541} INFO - Filling up the DagBag from /opt/airflow/dags/postgres_operator.py
[2023-09-14T17:03:52.631+0000] {processor.py:809} INFO - DAG(s) dict_keys(['postgres_operator_dag']) retrieved from /opt/airflow/dags/postgres_operator.py
[2023-09-14T17:03:53.305+0000] {logging_mixin.py:149} INFO - [2023-09-14T17:03:53.304+0000] {dag.py:2726} INFO - Sync 1 DAGs
[2023-09-14T17:03:53.495+0000] {logging_mixin.py:149} INFO - [2023-09-14T17:03:53.495+0000] {dag.py:3490} INFO - Setting next_dagrun for postgres_operator_dag to None, run_after=None
[2023-09-14T17:03:53.599+0000] {processor.py:178} INFO - Processing /opt/airflow/dags/postgres_operator.py took 1.173 seconds
