[2023-09-14T16:53:31.241+0000] {processor.py:156} INFO - Started process (PID=1743) to work on /opt/airflow/dags/songs.py
[2023-09-14T16:53:31.247+0000] {processor.py:799} INFO - Processing file /opt/airflow/dags/songs.py for tasks to queue
[2023-09-14T16:53:31.250+0000] {logging_mixin.py:149} INFO - [2023-09-14T16:53:31.249+0000] {dagbag.py:541} INFO - Filling up the DagBag from /opt/airflow/dags/songs.py
[2023-09-14T16:53:31.398+0000] {processor.py:809} INFO - DAG(s) dict_keys(['songs']) retrieved from /opt/airflow/dags/songs.py
[2023-09-14T16:53:32.745+0000] {logging_mixin.py:149} INFO - [2023-09-14T16:53:32.745+0000] {manager.py:504} INFO - Created Permission View: can read on DAG:songs
[2023-09-14T16:53:32.795+0000] {logging_mixin.py:149} INFO - [2023-09-14T16:53:32.792+0000] {manager.py:504} INFO - Created Permission View: can delete on DAG:songs
[2023-09-14T16:53:32.836+0000] {logging_mixin.py:149} INFO - [2023-09-14T16:53:32.835+0000] {manager.py:504} INFO - Created Permission View: can edit on DAG:songs
[2023-09-14T16:53:32.839+0000] {logging_mixin.py:149} INFO - [2023-09-14T16:53:32.838+0000] {dag.py:2726} INFO - Sync 1 DAGs
[2023-09-14T16:53:32.922+0000] {logging_mixin.py:149} INFO - [2023-09-14T16:53:32.921+0000] {dag.py:2747} INFO - Creating ORM DAG for songs
[2023-09-14T16:53:33.013+0000] {logging_mixin.py:149} INFO - [2023-09-14T16:53:33.012+0000] {dag.py:3490} INFO - Setting next_dagrun for songs to 2023-09-10T00:00:00+00:00, run_after=2023-09-13T00:00:00+00:00
[2023-09-14T16:53:33.149+0000] {processor.py:178} INFO - Processing /opt/airflow/dags/songs.py took 1.917 seconds
[2023-09-14T16:54:04.024+0000] {processor.py:156} INFO - Started process (PID=1808) to work on /opt/airflow/dags/songs.py
[2023-09-14T16:54:04.029+0000] {processor.py:799} INFO - Processing file /opt/airflow/dags/songs.py for tasks to queue
[2023-09-14T16:54:04.034+0000] {logging_mixin.py:149} INFO - [2023-09-14T16:54:04.034+0000] {dagbag.py:541} INFO - Filling up the DagBag from /opt/airflow/dags/songs.py
[2023-09-14T16:54:04.226+0000] {processor.py:809} INFO - DAG(s) dict_keys(['songs']) retrieved from /opt/airflow/dags/songs.py
[2023-09-14T16:54:04.367+0000] {logging_mixin.py:149} INFO - [2023-09-14T16:54:04.367+0000] {dag.py:2726} INFO - Sync 1 DAGs
[2023-09-14T16:54:04.522+0000] {logging_mixin.py:149} INFO - [2023-09-14T16:54:04.521+0000] {dag.py:3490} INFO - Setting next_dagrun for songs to 2023-09-10T00:00:00+00:00, run_after=2023-09-13T00:00:00+00:00
[2023-09-14T16:54:04.601+0000] {processor.py:178} INFO - Processing /opt/airflow/dags/songs.py took 0.591 seconds
[2023-09-14T16:54:49.972+0000] {processor.py:156} INFO - Started process (PID=1869) to work on /opt/airflow/dags/songs.py
[2023-09-14T16:54:49.995+0000] {processor.py:799} INFO - Processing file /opt/airflow/dags/songs.py for tasks to queue
[2023-09-14T16:54:50.012+0000] {logging_mixin.py:149} INFO - [2023-09-14T16:54:50.010+0000] {dagbag.py:541} INFO - Filling up the DagBag from /opt/airflow/dags/songs.py
[2023-09-14T16:54:50.537+0000] {processor.py:809} INFO - DAG(s) dict_keys(['songs']) retrieved from /opt/airflow/dags/songs.py
[2023-09-14T16:54:50.845+0000] {logging_mixin.py:149} INFO - [2023-09-14T16:54:50.844+0000] {dag.py:2726} INFO - Sync 1 DAGs
[2023-09-14T16:54:51.276+0000] {logging_mixin.py:149} INFO - [2023-09-14T16:54:51.265+0000] {dag.py:3490} INFO - Setting next_dagrun for songs to 2023-09-10T00:00:00+00:00, run_after=2023-09-13T00:00:00+00:00
[2023-09-14T16:54:51.548+0000] {processor.py:178} INFO - Processing /opt/airflow/dags/songs.py took 1.560 seconds
[2023-09-14T16:55:21.897+0000] {processor.py:156} INFO - Started process (PID=1935) to work on /opt/airflow/dags/songs.py
[2023-09-14T16:55:21.900+0000] {processor.py:799} INFO - Processing file /opt/airflow/dags/songs.py for tasks to queue
[2023-09-14T16:55:21.904+0000] {logging_mixin.py:149} INFO - [2023-09-14T16:55:21.903+0000] {dagbag.py:541} INFO - Filling up the DagBag from /opt/airflow/dags/songs.py
[2023-09-14T16:55:22.029+0000] {processor.py:809} INFO - DAG(s) dict_keys(['songs']) retrieved from /opt/airflow/dags/songs.py
[2023-09-14T16:55:22.085+0000] {logging_mixin.py:149} INFO - [2023-09-14T16:55:22.085+0000] {dag.py:2726} INFO - Sync 1 DAGs
[2023-09-14T16:55:22.196+0000] {logging_mixin.py:149} INFO - [2023-09-14T16:55:22.195+0000] {dag.py:3490} INFO - Setting next_dagrun for songs to 2023-09-10T00:00:00+00:00, run_after=2023-09-13T00:00:00+00:00
[2023-09-14T16:55:22.315+0000] {processor.py:178} INFO - Processing /opt/airflow/dags/songs.py took 0.427 seconds
[2023-09-14T16:55:52.699+0000] {processor.py:156} INFO - Started process (PID=2008) to work on /opt/airflow/dags/songs.py
[2023-09-14T16:55:52.704+0000] {processor.py:799} INFO - Processing file /opt/airflow/dags/songs.py for tasks to queue
[2023-09-14T16:55:52.708+0000] {logging_mixin.py:149} INFO - [2023-09-14T16:55:52.708+0000] {dagbag.py:541} INFO - Filling up the DagBag from /opt/airflow/dags/songs.py
[2023-09-14T16:55:52.952+0000] {processor.py:809} INFO - DAG(s) dict_keys(['songs']) retrieved from /opt/airflow/dags/songs.py
[2023-09-14T16:55:53.073+0000] {logging_mixin.py:149} INFO - [2023-09-14T16:55:53.072+0000] {dag.py:2726} INFO - Sync 1 DAGs
[2023-09-14T16:55:53.222+0000] {logging_mixin.py:149} INFO - [2023-09-14T16:55:53.221+0000] {dag.py:3490} INFO - Setting next_dagrun for songs to 2023-09-10T00:00:00+00:00, run_after=2023-09-13T00:00:00+00:00
[2023-09-14T16:55:53.350+0000] {processor.py:178} INFO - Processing /opt/airflow/dags/songs.py took 0.663 seconds
[2023-09-14T16:56:23.712+0000] {processor.py:156} INFO - Started process (PID=2073) to work on /opt/airflow/dags/songs.py
[2023-09-14T16:56:23.718+0000] {processor.py:799} INFO - Processing file /opt/airflow/dags/songs.py for tasks to queue
[2023-09-14T16:56:23.722+0000] {logging_mixin.py:149} INFO - [2023-09-14T16:56:23.721+0000] {dagbag.py:541} INFO - Filling up the DagBag from /opt/airflow/dags/songs.py
[2023-09-14T16:56:23.858+0000] {processor.py:809} INFO - DAG(s) dict_keys(['songs']) retrieved from /opt/airflow/dags/songs.py
[2023-09-14T16:56:23.949+0000] {logging_mixin.py:149} INFO - [2023-09-14T16:56:23.949+0000] {dag.py:2726} INFO - Sync 1 DAGs
[2023-09-14T16:56:24.042+0000] {logging_mixin.py:149} INFO - [2023-09-14T16:56:24.042+0000] {dag.py:3490} INFO - Setting next_dagrun for songs to 2023-09-10T00:00:00+00:00, run_after=2023-09-13T00:00:00+00:00
[2023-09-14T16:56:24.161+0000] {processor.py:178} INFO - Processing /opt/airflow/dags/songs.py took 0.469 seconds
[2023-09-14T16:56:54.709+0000] {processor.py:156} INFO - Started process (PID=2138) to work on /opt/airflow/dags/songs.py
[2023-09-14T16:56:54.718+0000] {processor.py:799} INFO - Processing file /opt/airflow/dags/songs.py for tasks to queue
[2023-09-14T16:56:54.723+0000] {logging_mixin.py:149} INFO - [2023-09-14T16:56:54.723+0000] {dagbag.py:541} INFO - Filling up the DagBag from /opt/airflow/dags/songs.py
[2023-09-14T16:56:54.941+0000] {processor.py:809} INFO - DAG(s) dict_keys(['songs']) retrieved from /opt/airflow/dags/songs.py
[2023-09-14T16:56:55.085+0000] {logging_mixin.py:149} INFO - [2023-09-14T16:56:55.084+0000] {dag.py:2726} INFO - Sync 1 DAGs
[2023-09-14T16:56:55.301+0000] {logging_mixin.py:149} INFO - [2023-09-14T16:56:55.295+0000] {dag.py:3490} INFO - Setting next_dagrun for songs to 2023-09-10T00:00:00+00:00, run_after=2023-09-13T00:00:00+00:00
[2023-09-14T16:56:55.556+0000] {processor.py:178} INFO - Processing /opt/airflow/dags/songs.py took 0.871 seconds
[2023-09-14T16:57:26.059+0000] {processor.py:156} INFO - Started process (PID=2204) to work on /opt/airflow/dags/songs.py
[2023-09-14T16:57:26.063+0000] {processor.py:799} INFO - Processing file /opt/airflow/dags/songs.py for tasks to queue
[2023-09-14T16:57:26.067+0000] {logging_mixin.py:149} INFO - [2023-09-14T16:57:26.066+0000] {dagbag.py:541} INFO - Filling up the DagBag from /opt/airflow/dags/songs.py
[2023-09-14T16:57:26.181+0000] {processor.py:809} INFO - DAG(s) dict_keys(['songs']) retrieved from /opt/airflow/dags/songs.py
[2023-09-14T16:57:26.281+0000] {logging_mixin.py:149} INFO - [2023-09-14T16:57:26.281+0000] {dag.py:2726} INFO - Sync 1 DAGs
[2023-09-14T16:57:26.353+0000] {logging_mixin.py:149} INFO - [2023-09-14T16:57:26.352+0000] {dag.py:3490} INFO - Setting next_dagrun for songs to 2023-09-10T00:00:00+00:00, run_after=2023-09-13T00:00:00+00:00
[2023-09-14T16:57:26.422+0000] {processor.py:178} INFO - Processing /opt/airflow/dags/songs.py took 0.375 seconds
[2023-09-14T16:57:27.318+0000] {processor.py:156} INFO - Started process (PID=2205) to work on /opt/airflow/dags/songs.py
[2023-09-14T16:57:27.325+0000] {processor.py:799} INFO - Processing file /opt/airflow/dags/songs.py for tasks to queue
[2023-09-14T16:57:27.329+0000] {logging_mixin.py:149} INFO - [2023-09-14T16:57:27.328+0000] {dagbag.py:541} INFO - Filling up the DagBag from /opt/airflow/dags/songs.py
[2023-09-14T16:57:27.517+0000] {processor.py:809} INFO - DAG(s) dict_keys(['songs']) retrieved from /opt/airflow/dags/songs.py
[2023-09-14T16:57:27.765+0000] {logging_mixin.py:149} INFO - [2023-09-14T16:57:27.764+0000] {dag.py:2726} INFO - Sync 1 DAGs
[2023-09-14T16:57:27.844+0000] {logging_mixin.py:149} INFO - [2023-09-14T16:57:27.844+0000] {dag.py:3490} INFO - Setting next_dagrun for songs to 2023-09-10T00:00:00+00:00, run_after=2023-09-13T00:00:00+00:00
[2023-09-14T16:57:27.986+0000] {processor.py:178} INFO - Processing /opt/airflow/dags/songs.py took 0.678 seconds
[2023-09-14T16:57:58.851+0000] {processor.py:156} INFO - Started process (PID=2271) to work on /opt/airflow/dags/songs.py
[2023-09-14T16:57:58.855+0000] {processor.py:799} INFO - Processing file /opt/airflow/dags/songs.py for tasks to queue
[2023-09-14T16:57:58.859+0000] {logging_mixin.py:149} INFO - [2023-09-14T16:57:58.858+0000] {dagbag.py:541} INFO - Filling up the DagBag from /opt/airflow/dags/songs.py
[2023-09-14T16:57:58.961+0000] {processor.py:809} INFO - DAG(s) dict_keys(['songs']) retrieved from /opt/airflow/dags/songs.py
[2023-09-14T16:57:59.040+0000] {logging_mixin.py:149} INFO - [2023-09-14T16:57:59.039+0000] {dag.py:2726} INFO - Sync 1 DAGs
[2023-09-14T16:57:59.134+0000] {logging_mixin.py:149} INFO - [2023-09-14T16:57:59.133+0000] {dag.py:3490} INFO - Setting next_dagrun for songs to 2023-09-10T00:00:00+00:00, run_after=2023-09-13T00:00:00+00:00
[2023-09-14T16:57:59.207+0000] {processor.py:178} INFO - Processing /opt/airflow/dags/songs.py took 0.367 seconds
[2023-09-14T16:58:29.900+0000] {processor.py:156} INFO - Started process (PID=2338) to work on /opt/airflow/dags/songs.py
[2023-09-14T16:58:29.904+0000] {processor.py:799} INFO - Processing file /opt/airflow/dags/songs.py for tasks to queue
[2023-09-14T16:58:29.907+0000] {logging_mixin.py:149} INFO - [2023-09-14T16:58:29.906+0000] {dagbag.py:541} INFO - Filling up the DagBag from /opt/airflow/dags/songs.py
[2023-09-14T16:58:30.056+0000] {processor.py:809} INFO - DAG(s) dict_keys(['songs']) retrieved from /opt/airflow/dags/songs.py
[2023-09-14T16:58:30.189+0000] {logging_mixin.py:149} INFO - [2023-09-14T16:58:30.188+0000] {dag.py:2726} INFO - Sync 1 DAGs
[2023-09-14T16:58:30.411+0000] {logging_mixin.py:149} INFO - [2023-09-14T16:58:30.410+0000] {dag.py:3490} INFO - Setting next_dagrun for songs to 2023-09-10T00:00:00+00:00, run_after=2023-09-13T00:00:00+00:00
[2023-09-14T16:58:30.515+0000] {processor.py:178} INFO - Processing /opt/airflow/dags/songs.py took 0.626 seconds
[2023-09-14T16:58:47.074+0000] {processor.py:156} INFO - Started process (PID=2354) to work on /opt/airflow/dags/songs.py
[2023-09-14T16:58:47.083+0000] {processor.py:799} INFO - Processing file /opt/airflow/dags/songs.py for tasks to queue
[2023-09-14T16:58:47.094+0000] {logging_mixin.py:149} INFO - [2023-09-14T16:58:47.093+0000] {dagbag.py:541} INFO - Filling up the DagBag from /opt/airflow/dags/songs.py
[2023-09-14T16:58:47.851+0000] {processor.py:809} INFO - DAG(s) dict_keys(['songs']) retrieved from /opt/airflow/dags/songs.py
[2023-09-14T16:58:48.432+0000] {logging_mixin.py:149} INFO - [2023-09-14T16:58:48.420+0000] {dag.py:2726} INFO - Sync 1 DAGs
[2023-09-14T16:58:48.961+0000] {logging_mixin.py:149} INFO - [2023-09-14T16:58:48.960+0000] {dag.py:3490} INFO - Setting next_dagrun for songs to 2023-09-10T00:00:00+00:00, run_after=2023-09-13T00:00:00+00:00
[2023-09-14T16:58:49.414+0000] {processor.py:178} INFO - Processing /opt/airflow/dags/songs.py took 2.373 seconds
[2023-09-14T16:59:19.668+0000] {processor.py:156} INFO - Started process (PID=2418) to work on /opt/airflow/dags/songs.py
[2023-09-14T16:59:19.671+0000] {processor.py:799} INFO - Processing file /opt/airflow/dags/songs.py for tasks to queue
[2023-09-14T16:59:19.677+0000] {logging_mixin.py:149} INFO - [2023-09-14T16:59:19.674+0000] {dagbag.py:541} INFO - Filling up the DagBag from /opt/airflow/dags/songs.py
[2023-09-14T16:59:19.821+0000] {processor.py:809} INFO - DAG(s) dict_keys(['songs']) retrieved from /opt/airflow/dags/songs.py
[2023-09-14T16:59:19.921+0000] {logging_mixin.py:149} INFO - [2023-09-14T16:59:19.921+0000] {dag.py:2726} INFO - Sync 1 DAGs
[2023-09-14T16:59:20.068+0000] {logging_mixin.py:149} INFO - [2023-09-14T16:59:20.067+0000] {dag.py:3490} INFO - Setting next_dagrun for songs to 2023-09-10T00:00:00+00:00, run_after=2023-09-13T00:00:00+00:00
[2023-09-14T16:59:20.185+0000] {processor.py:178} INFO - Processing /opt/airflow/dags/songs.py took 0.533 seconds
[2023-09-14T16:59:50.949+0000] {processor.py:156} INFO - Started process (PID=2482) to work on /opt/airflow/dags/songs.py
[2023-09-14T16:59:50.954+0000] {processor.py:799} INFO - Processing file /opt/airflow/dags/songs.py for tasks to queue
[2023-09-14T16:59:50.964+0000] {logging_mixin.py:149} INFO - [2023-09-14T16:59:50.963+0000] {dagbag.py:541} INFO - Filling up the DagBag from /opt/airflow/dags/songs.py
[2023-09-14T16:59:51.196+0000] {processor.py:809} INFO - DAG(s) dict_keys(['songs']) retrieved from /opt/airflow/dags/songs.py
[2023-09-14T16:59:51.520+0000] {logging_mixin.py:149} INFO - [2023-09-14T16:59:51.519+0000] {dag.py:2726} INFO - Sync 1 DAGs
[2023-09-14T16:59:51.832+0000] {logging_mixin.py:149} INFO - [2023-09-14T16:59:51.830+0000] {dag.py:3490} INFO - Setting next_dagrun for songs to 2023-09-10T00:00:00+00:00, run_after=2023-09-13T00:00:00+00:00
[2023-09-14T16:59:52.071+0000] {processor.py:178} INFO - Processing /opt/airflow/dags/songs.py took 1.132 seconds
[2023-09-14T17:00:22.720+0000] {processor.py:156} INFO - Started process (PID=2546) to work on /opt/airflow/dags/songs.py
[2023-09-14T17:00:22.724+0000] {processor.py:799} INFO - Processing file /opt/airflow/dags/songs.py for tasks to queue
[2023-09-14T17:00:22.727+0000] {logging_mixin.py:149} INFO - [2023-09-14T17:00:22.726+0000] {dagbag.py:541} INFO - Filling up the DagBag from /opt/airflow/dags/songs.py
[2023-09-14T17:00:22.868+0000] {processor.py:809} INFO - DAG(s) dict_keys(['songs']) retrieved from /opt/airflow/dags/songs.py
[2023-09-14T17:00:22.947+0000] {logging_mixin.py:149} INFO - [2023-09-14T17:00:22.947+0000] {dag.py:2726} INFO - Sync 1 DAGs
[2023-09-14T17:00:23.099+0000] {logging_mixin.py:149} INFO - [2023-09-14T17:00:23.099+0000] {dag.py:3490} INFO - Setting next_dagrun for songs to 2023-09-10T00:00:00+00:00, run_after=2023-09-13T00:00:00+00:00
[2023-09-14T17:00:23.232+0000] {processor.py:178} INFO - Processing /opt/airflow/dags/songs.py took 0.545 seconds
[2023-09-14T17:00:53.434+0000] {processor.py:156} INFO - Started process (PID=2610) to work on /opt/airflow/dags/songs.py
[2023-09-14T17:00:53.435+0000] {processor.py:799} INFO - Processing file /opt/airflow/dags/songs.py for tasks to queue
[2023-09-14T17:00:53.438+0000] {logging_mixin.py:149} INFO - [2023-09-14T17:00:53.437+0000] {dagbag.py:541} INFO - Filling up the DagBag from /opt/airflow/dags/songs.py
[2023-09-14T17:00:53.527+0000] {processor.py:809} INFO - DAG(s) dict_keys(['songs']) retrieved from /opt/airflow/dags/songs.py
[2023-09-14T17:00:53.595+0000] {logging_mixin.py:149} INFO - [2023-09-14T17:00:53.595+0000] {dag.py:2726} INFO - Sync 1 DAGs
[2023-09-14T17:00:53.671+0000] {logging_mixin.py:149} INFO - [2023-09-14T17:00:53.671+0000] {dag.py:3490} INFO - Setting next_dagrun for songs to 2023-09-10T00:00:00+00:00, run_after=2023-09-13T00:00:00+00:00
[2023-09-14T17:00:53.719+0000] {processor.py:178} INFO - Processing /opt/airflow/dags/songs.py took 0.298 seconds
[2023-09-14T17:01:23.904+0000] {processor.py:156} INFO - Started process (PID=2674) to work on /opt/airflow/dags/songs.py
[2023-09-14T17:01:23.906+0000] {processor.py:799} INFO - Processing file /opt/airflow/dags/songs.py for tasks to queue
[2023-09-14T17:01:23.909+0000] {logging_mixin.py:149} INFO - [2023-09-14T17:01:23.909+0000] {dagbag.py:541} INFO - Filling up the DagBag from /opt/airflow/dags/songs.py
[2023-09-14T17:01:23.985+0000] {processor.py:809} INFO - DAG(s) dict_keys(['songs']) retrieved from /opt/airflow/dags/songs.py
[2023-09-14T17:01:24.031+0000] {logging_mixin.py:149} INFO - [2023-09-14T17:01:24.031+0000] {dag.py:2726} INFO - Sync 1 DAGs
[2023-09-14T17:01:24.083+0000] {logging_mixin.py:149} INFO - [2023-09-14T17:01:24.082+0000] {dag.py:3490} INFO - Setting next_dagrun for songs to 2023-09-10T00:00:00+00:00, run_after=2023-09-13T00:00:00+00:00
[2023-09-14T17:01:24.128+0000] {processor.py:178} INFO - Processing /opt/airflow/dags/songs.py took 0.233 seconds
[2023-09-14T17:01:54.276+0000] {processor.py:156} INFO - Started process (PID=2738) to work on /opt/airflow/dags/songs.py
[2023-09-14T17:01:54.279+0000] {processor.py:799} INFO - Processing file /opt/airflow/dags/songs.py for tasks to queue
[2023-09-14T17:01:54.283+0000] {logging_mixin.py:149} INFO - [2023-09-14T17:01:54.282+0000] {dagbag.py:541} INFO - Filling up the DagBag from /opt/airflow/dags/songs.py
[2023-09-14T17:01:54.347+0000] {processor.py:809} INFO - DAG(s) dict_keys(['songs']) retrieved from /opt/airflow/dags/songs.py
[2023-09-14T17:01:54.398+0000] {logging_mixin.py:149} INFO - [2023-09-14T17:01:54.398+0000] {dag.py:2726} INFO - Sync 1 DAGs
[2023-09-14T17:01:54.445+0000] {logging_mixin.py:149} INFO - [2023-09-14T17:01:54.444+0000] {dag.py:3490} INFO - Setting next_dagrun for songs to 2023-09-10T00:00:00+00:00, run_after=2023-09-13T00:00:00+00:00
[2023-09-14T17:01:54.489+0000] {processor.py:178} INFO - Processing /opt/airflow/dags/songs.py took 0.220 seconds
[2023-09-14T17:03:53.732+0000] {processor.py:156} INFO - Started process (PID=34) to work on /opt/airflow/dags/songs.py
[2023-09-14T17:03:53.737+0000] {processor.py:799} INFO - Processing file /opt/airflow/dags/songs.py for tasks to queue
[2023-09-14T17:03:53.741+0000] {logging_mixin.py:149} INFO - [2023-09-14T17:03:53.740+0000] {dagbag.py:541} INFO - Filling up the DagBag from /opt/airflow/dags/songs.py
[2023-09-14T17:03:53.901+0000] {processor.py:809} INFO - DAG(s) dict_keys(['songs']) retrieved from /opt/airflow/dags/songs.py
[2023-09-14T17:03:54.133+0000] {logging_mixin.py:149} INFO - [2023-09-14T17:03:54.133+0000] {dag.py:2726} INFO - Sync 1 DAGs
[2023-09-14T17:03:54.186+0000] {logging_mixin.py:149} INFO - [2023-09-14T17:03:54.185+0000] {dag.py:3490} INFO - Setting next_dagrun for songs to 2023-09-10T00:00:00+00:00, run_after=2023-09-13T00:00:00+00:00
[2023-09-14T17:03:54.240+0000] {processor.py:178} INFO - Processing /opt/airflow/dags/songs.py took 0.520 seconds
