[2023-09-14T16:53:31.241+0000] {processor.py:156} INFO - Started process (PID=1742) to work on /opt/airflow/dags/transactions.py
[2023-09-14T16:53:31.245+0000] {processor.py:799} INFO - Processing file /opt/airflow/dags/transactions.py for tasks to queue
[2023-09-14T16:53:31.249+0000] {logging_mixin.py:149} INFO - [2023-09-14T16:53:31.248+0000] {dagbag.py:541} INFO - Filling up the DagBag from /opt/airflow/dags/transactions.py
[2023-09-14T16:53:31.399+0000] {processor.py:809} INFO - DAG(s) dict_keys(['transactions']) retrieved from /opt/airflow/dags/transactions.py
[2023-09-14T16:53:32.745+0000] {logging_mixin.py:149} INFO - [2023-09-14T16:53:32.744+0000] {manager.py:504} INFO - Created Permission View: can read on DAG:transactions
[2023-09-14T16:53:32.796+0000] {logging_mixin.py:149} INFO - [2023-09-14T16:53:32.795+0000] {manager.py:504} INFO - Created Permission View: can delete on DAG:transactions
[2023-09-14T16:53:32.840+0000] {logging_mixin.py:149} INFO - [2023-09-14T16:53:32.839+0000] {manager.py:504} INFO - Created Permission View: can edit on DAG:transactions
[2023-09-14T16:53:32.843+0000] {logging_mixin.py:149} INFO - [2023-09-14T16:53:32.842+0000] {dag.py:2726} INFO - Sync 1 DAGs
[2023-09-14T16:53:32.922+0000] {logging_mixin.py:149} INFO - [2023-09-14T16:53:32.922+0000] {dag.py:2747} INFO - Creating ORM DAG for transactions
[2023-09-14T16:53:33.011+0000] {logging_mixin.py:149} INFO - [2023-09-14T16:53:33.009+0000] {dag.py:3490} INFO - Setting next_dagrun for transactions to 2023-09-14T11:00:00+00:00, run_after=2023-09-14T14:00:00+00:00
[2023-09-14T16:53:33.149+0000] {processor.py:178} INFO - Processing /opt/airflow/dags/transactions.py took 1.919 seconds
[2023-09-14T16:54:04.023+0000] {processor.py:156} INFO - Started process (PID=1807) to work on /opt/airflow/dags/transactions.py
[2023-09-14T16:54:04.034+0000] {processor.py:799} INFO - Processing file /opt/airflow/dags/transactions.py for tasks to queue
[2023-09-14T16:54:04.039+0000] {logging_mixin.py:149} INFO - [2023-09-14T16:54:04.039+0000] {dagbag.py:541} INFO - Filling up the DagBag from /opt/airflow/dags/transactions.py
[2023-09-14T16:54:04.234+0000] {processor.py:809} INFO - DAG(s) dict_keys(['transactions']) retrieved from /opt/airflow/dags/transactions.py
[2023-09-14T16:54:04.372+0000] {logging_mixin.py:149} INFO - [2023-09-14T16:54:04.372+0000] {dag.py:2726} INFO - Sync 1 DAGs
[2023-09-14T16:54:04.524+0000] {logging_mixin.py:149} INFO - [2023-09-14T16:54:04.523+0000] {dag.py:3490} INFO - Setting next_dagrun for transactions to 2023-09-14T11:00:00+00:00, run_after=2023-09-14T14:00:00+00:00
[2023-09-14T16:54:04.606+0000] {processor.py:178} INFO - Processing /opt/airflow/dags/transactions.py took 0.601 seconds
[2023-09-14T16:54:49.943+0000] {processor.py:156} INFO - Started process (PID=1868) to work on /opt/airflow/dags/transactions.py
[2023-09-14T16:54:49.991+0000] {processor.py:799} INFO - Processing file /opt/airflow/dags/transactions.py for tasks to queue
[2023-09-14T16:54:50.007+0000] {logging_mixin.py:149} INFO - [2023-09-14T16:54:50.006+0000] {dagbag.py:541} INFO - Filling up the DagBag from /opt/airflow/dags/transactions.py
[2023-09-14T16:54:50.539+0000] {processor.py:809} INFO - DAG(s) dict_keys(['transactions']) retrieved from /opt/airflow/dags/transactions.py
[2023-09-14T16:54:50.838+0000] {logging_mixin.py:149} INFO - [2023-09-14T16:54:50.837+0000] {dag.py:2726} INFO - Sync 1 DAGs
[2023-09-14T16:54:51.277+0000] {logging_mixin.py:149} INFO - [2023-09-14T16:54:51.276+0000] {dag.py:3490} INFO - Setting next_dagrun for transactions to 2023-09-14T11:00:00+00:00, run_after=2023-09-14T14:00:00+00:00
[2023-09-14T16:54:51.546+0000] {processor.py:178} INFO - Processing /opt/airflow/dags/transactions.py took 1.578 seconds
[2023-09-14T16:55:21.893+0000] {processor.py:156} INFO - Started process (PID=1934) to work on /opt/airflow/dags/transactions.py
[2023-09-14T16:55:21.895+0000] {processor.py:799} INFO - Processing file /opt/airflow/dags/transactions.py for tasks to queue
[2023-09-14T16:55:21.897+0000] {logging_mixin.py:149} INFO - [2023-09-14T16:55:21.897+0000] {dagbag.py:541} INFO - Filling up the DagBag from /opt/airflow/dags/transactions.py
[2023-09-14T16:55:22.029+0000] {processor.py:809} INFO - DAG(s) dict_keys(['transactions']) retrieved from /opt/airflow/dags/transactions.py
[2023-09-14T16:55:22.088+0000] {logging_mixin.py:149} INFO - [2023-09-14T16:55:22.088+0000] {dag.py:2726} INFO - Sync 1 DAGs
[2023-09-14T16:55:22.195+0000] {logging_mixin.py:149} INFO - [2023-09-14T16:55:22.195+0000] {dag.py:3490} INFO - Setting next_dagrun for transactions to 2023-09-14T11:00:00+00:00, run_after=2023-09-14T14:00:00+00:00
[2023-09-14T16:55:22.311+0000] {processor.py:178} INFO - Processing /opt/airflow/dags/transactions.py took 0.427 seconds
[2023-09-14T16:55:52.697+0000] {processor.py:156} INFO - Started process (PID=2007) to work on /opt/airflow/dags/transactions.py
[2023-09-14T16:55:52.704+0000] {processor.py:799} INFO - Processing file /opt/airflow/dags/transactions.py for tasks to queue
[2023-09-14T16:55:52.708+0000] {logging_mixin.py:149} INFO - [2023-09-14T16:55:52.708+0000] {dagbag.py:541} INFO - Filling up the DagBag from /opt/airflow/dags/transactions.py
[2023-09-14T16:55:52.955+0000] {processor.py:809} INFO - DAG(s) dict_keys(['transactions']) retrieved from /opt/airflow/dags/transactions.py
[2023-09-14T16:55:53.076+0000] {logging_mixin.py:149} INFO - [2023-09-14T16:55:53.075+0000] {dag.py:2726} INFO - Sync 1 DAGs
[2023-09-14T16:55:53.218+0000] {logging_mixin.py:149} INFO - [2023-09-14T16:55:53.218+0000] {dag.py:3490} INFO - Setting next_dagrun for transactions to 2023-09-14T11:00:00+00:00, run_after=2023-09-14T14:00:00+00:00
[2023-09-14T16:55:53.340+0000] {processor.py:178} INFO - Processing /opt/airflow/dags/transactions.py took 0.657 seconds
[2023-09-14T16:56:23.696+0000] {processor.py:156} INFO - Started process (PID=2072) to work on /opt/airflow/dags/transactions.py
[2023-09-14T16:56:23.703+0000] {processor.py:799} INFO - Processing file /opt/airflow/dags/transactions.py for tasks to queue
[2023-09-14T16:56:23.708+0000] {logging_mixin.py:149} INFO - [2023-09-14T16:56:23.707+0000] {dagbag.py:541} INFO - Filling up the DagBag from /opt/airflow/dags/transactions.py
[2023-09-14T16:56:23.847+0000] {processor.py:809} INFO - DAG(s) dict_keys(['transactions']) retrieved from /opt/airflow/dags/transactions.py
[2023-09-14T16:56:23.947+0000] {logging_mixin.py:149} INFO - [2023-09-14T16:56:23.946+0000] {dag.py:2726} INFO - Sync 1 DAGs
[2023-09-14T16:56:24.032+0000] {logging_mixin.py:149} INFO - [2023-09-14T16:56:24.031+0000] {dag.py:3490} INFO - Setting next_dagrun for transactions to 2023-09-14T11:00:00+00:00, run_after=2023-09-14T14:00:00+00:00
[2023-09-14T16:56:24.159+0000] {processor.py:178} INFO - Processing /opt/airflow/dags/transactions.py took 0.477 seconds
[2023-09-14T16:56:54.695+0000] {processor.py:156} INFO - Started process (PID=2137) to work on /opt/airflow/dags/transactions.py
[2023-09-14T16:56:54.706+0000] {processor.py:799} INFO - Processing file /opt/airflow/dags/transactions.py for tasks to queue
[2023-09-14T16:56:54.711+0000] {logging_mixin.py:149} INFO - [2023-09-14T16:56:54.711+0000] {dagbag.py:541} INFO - Filling up the DagBag from /opt/airflow/dags/transactions.py
[2023-09-14T16:56:54.923+0000] {processor.py:809} INFO - DAG(s) dict_keys(['transactions']) retrieved from /opt/airflow/dags/transactions.py
[2023-09-14T16:56:55.076+0000] {logging_mixin.py:149} INFO - [2023-09-14T16:56:55.075+0000] {dag.py:2726} INFO - Sync 1 DAGs
[2023-09-14T16:56:55.309+0000] {logging_mixin.py:149} INFO - [2023-09-14T16:56:55.308+0000] {dag.py:3490} INFO - Setting next_dagrun for transactions to 2023-09-14T11:00:00+00:00, run_after=2023-09-14T14:00:00+00:00
[2023-09-14T16:56:55.522+0000] {processor.py:178} INFO - Processing /opt/airflow/dags/transactions.py took 0.847 seconds
[2023-09-14T16:57:26.050+0000] {processor.py:156} INFO - Started process (PID=2203) to work on /opt/airflow/dags/transactions.py
[2023-09-14T16:57:26.055+0000] {processor.py:799} INFO - Processing file /opt/airflow/dags/transactions.py for tasks to queue
[2023-09-14T16:57:26.059+0000] {logging_mixin.py:149} INFO - [2023-09-14T16:57:26.058+0000] {dagbag.py:541} INFO - Filling up the DagBag from /opt/airflow/dags/transactions.py
[2023-09-14T16:57:26.178+0000] {processor.py:809} INFO - DAG(s) dict_keys(['transactions']) retrieved from /opt/airflow/dags/transactions.py
[2023-09-14T16:57:26.278+0000] {logging_mixin.py:149} INFO - [2023-09-14T16:57:26.278+0000] {dag.py:2726} INFO - Sync 1 DAGs
[2023-09-14T16:57:26.350+0000] {logging_mixin.py:149} INFO - [2023-09-14T16:57:26.349+0000] {dag.py:3490} INFO - Setting next_dagrun for transactions to 2023-09-14T11:00:00+00:00, run_after=2023-09-14T14:00:00+00:00
[2023-09-14T16:57:26.422+0000] {processor.py:178} INFO - Processing /opt/airflow/dags/transactions.py took 0.383 seconds
[2023-09-14T16:57:32.258+0000] {processor.py:156} INFO - Started process (PID=2217) to work on /opt/airflow/dags/transactions.py
[2023-09-14T16:57:32.263+0000] {processor.py:799} INFO - Processing file /opt/airflow/dags/transactions.py for tasks to queue
[2023-09-14T16:57:32.266+0000] {logging_mixin.py:149} INFO - [2023-09-14T16:57:32.266+0000] {dagbag.py:541} INFO - Filling up the DagBag from /opt/airflow/dags/transactions.py
[2023-09-14T16:57:32.460+0000] {processor.py:809} INFO - DAG(s) dict_keys(['transactions']) retrieved from /opt/airflow/dags/transactions.py
[2023-09-14T16:57:33.279+0000] {logging_mixin.py:149} INFO - [2023-09-14T16:57:33.278+0000] {dag.py:2726} INFO - Sync 1 DAGs
[2023-09-14T16:57:33.617+0000] {logging_mixin.py:149} INFO - [2023-09-14T16:57:33.617+0000] {dag.py:3490} INFO - Setting next_dagrun for transactions to 2023-09-14T11:00:00+00:00, run_after=2023-09-14T14:00:00+00:00
[2023-09-14T16:57:33.859+0000] {processor.py:178} INFO - Processing /opt/airflow/dags/transactions.py took 1.612 seconds
[2023-09-14T16:58:04.388+0000] {processor.py:156} INFO - Started process (PID=2282) to work on /opt/airflow/dags/transactions.py
[2023-09-14T16:58:04.393+0000] {processor.py:799} INFO - Processing file /opt/airflow/dags/transactions.py for tasks to queue
[2023-09-14T16:58:04.397+0000] {logging_mixin.py:149} INFO - [2023-09-14T16:58:04.396+0000] {dagbag.py:541} INFO - Filling up the DagBag from /opt/airflow/dags/transactions.py
[2023-09-14T16:58:04.528+0000] {processor.py:809} INFO - DAG(s) dict_keys(['transactions']) retrieved from /opt/airflow/dags/transactions.py
[2023-09-14T16:58:04.626+0000] {logging_mixin.py:149} INFO - [2023-09-14T16:58:04.625+0000] {dag.py:2726} INFO - Sync 1 DAGs
[2023-09-14T16:58:04.784+0000] {logging_mixin.py:149} INFO - [2023-09-14T16:58:04.784+0000] {dag.py:3490} INFO - Setting next_dagrun for transactions to 2023-09-14T11:00:00+00:00, run_after=2023-09-14T14:00:00+00:00
[2023-09-14T16:58:04.879+0000] {processor.py:178} INFO - Processing /opt/airflow/dags/transactions.py took 0.502 seconds
[2023-09-14T16:58:27.165+0000] {processor.py:156} INFO - Started process (PID=2333) to work on /opt/airflow/dags/transactions.py
[2023-09-14T16:58:27.171+0000] {processor.py:799} INFO - Processing file /opt/airflow/dags/transactions.py for tasks to queue
[2023-09-14T16:58:27.177+0000] {logging_mixin.py:149} INFO - [2023-09-14T16:58:27.176+0000] {dagbag.py:541} INFO - Filling up the DagBag from /opt/airflow/dags/transactions.py
[2023-09-14T16:58:27.438+0000] {processor.py:809} INFO - DAG(s) dict_keys(['transactions']) retrieved from /opt/airflow/dags/transactions.py
[2023-09-14T16:58:27.596+0000] {logging_mixin.py:149} INFO - [2023-09-14T16:58:27.595+0000] {dag.py:2726} INFO - Sync 1 DAGs
[2023-09-14T16:58:27.726+0000] {logging_mixin.py:149} INFO - [2023-09-14T16:58:27.723+0000] {dag.py:3490} INFO - Setting next_dagrun for transactions to 2023-09-14T11:00:00+00:00, run_after=2023-09-14T14:00:00+00:00
[2023-09-14T16:58:27.839+0000] {processor.py:178} INFO - Processing /opt/airflow/dags/transactions.py took 0.699 seconds
[2023-09-14T16:59:00.471+0000] {processor.py:156} INFO - Started process (PID=2397) to work on /opt/airflow/dags/transactions.py
[2023-09-14T16:59:00.485+0000] {processor.py:799} INFO - Processing file /opt/airflow/dags/transactions.py for tasks to queue
[2023-09-14T16:59:00.517+0000] {logging_mixin.py:149} INFO - [2023-09-14T16:59:00.504+0000] {dagbag.py:541} INFO - Filling up the DagBag from /opt/airflow/dags/transactions.py
[2023-09-14T16:59:00.643+0000] {processor.py:809} INFO - DAG(s) dict_keys(['transactions']) retrieved from /opt/airflow/dags/transactions.py
[2023-09-14T16:59:00.772+0000] {logging_mixin.py:149} INFO - [2023-09-14T16:59:00.770+0000] {dag.py:2726} INFO - Sync 1 DAGs
[2023-09-14T16:59:00.920+0000] {logging_mixin.py:149} INFO - [2023-09-14T16:59:00.919+0000] {dag.py:3490} INFO - Setting next_dagrun for transactions to 2023-09-14T11:00:00+00:00, run_after=2023-09-14T14:00:00+00:00
[2023-09-14T16:59:01.023+0000] {processor.py:178} INFO - Processing /opt/airflow/dags/transactions.py took 0.566 seconds
[2023-09-14T16:59:32.241+0000] {processor.py:156} INFO - Started process (PID=2449) to work on /opt/airflow/dags/transactions.py
[2023-09-14T16:59:32.245+0000] {processor.py:799} INFO - Processing file /opt/airflow/dags/transactions.py for tasks to queue
[2023-09-14T16:59:32.249+0000] {logging_mixin.py:149} INFO - [2023-09-14T16:59:32.248+0000] {dagbag.py:541} INFO - Filling up the DagBag from /opt/airflow/dags/transactions.py
[2023-09-14T16:59:32.367+0000] {processor.py:809} INFO - DAG(s) dict_keys(['transactions']) retrieved from /opt/airflow/dags/transactions.py
[2023-09-14T16:59:32.441+0000] {logging_mixin.py:149} INFO - [2023-09-14T16:59:32.440+0000] {dag.py:2726} INFO - Sync 1 DAGs
[2023-09-14T16:59:32.572+0000] {logging_mixin.py:149} INFO - [2023-09-14T16:59:32.572+0000] {dag.py:3490} INFO - Setting next_dagrun for transactions to 2023-09-14T11:00:00+00:00, run_after=2023-09-14T14:00:00+00:00
[2023-09-14T16:59:32.680+0000] {processor.py:178} INFO - Processing /opt/airflow/dags/transactions.py took 0.452 seconds
[2023-09-14T17:00:05.511+0000] {processor.py:156} INFO - Started process (PID=2511) to work on /opt/airflow/dags/transactions.py
[2023-09-14T17:00:05.516+0000] {processor.py:799} INFO - Processing file /opt/airflow/dags/transactions.py for tasks to queue
[2023-09-14T17:00:05.519+0000] {logging_mixin.py:149} INFO - [2023-09-14T17:00:05.519+0000] {dagbag.py:541} INFO - Filling up the DagBag from /opt/airflow/dags/transactions.py
[2023-09-14T17:00:05.705+0000] {processor.py:809} INFO - DAG(s) dict_keys(['transactions']) retrieved from /opt/airflow/dags/transactions.py
[2023-09-14T17:00:05.865+0000] {logging_mixin.py:149} INFO - [2023-09-14T17:00:05.864+0000] {dag.py:2726} INFO - Sync 1 DAGs
[2023-09-14T17:00:06.006+0000] {logging_mixin.py:149} INFO - [2023-09-14T17:00:06.005+0000] {dag.py:3490} INFO - Setting next_dagrun for transactions to 2023-09-14T14:00:00+00:00, run_after=2023-09-14T17:00:00+00:00
[2023-09-14T17:00:06.102+0000] {processor.py:178} INFO - Processing /opt/airflow/dags/transactions.py took 0.616 seconds
[2023-09-14T17:00:36.806+0000] {processor.py:156} INFO - Started process (PID=2575) to work on /opt/airflow/dags/transactions.py
[2023-09-14T17:00:36.809+0000] {processor.py:799} INFO - Processing file /opt/airflow/dags/transactions.py for tasks to queue
[2023-09-14T17:00:36.812+0000] {logging_mixin.py:149} INFO - [2023-09-14T17:00:36.811+0000] {dagbag.py:541} INFO - Filling up the DagBag from /opt/airflow/dags/transactions.py
[2023-09-14T17:00:36.885+0000] {processor.py:809} INFO - DAG(s) dict_keys(['transactions']) retrieved from /opt/airflow/dags/transactions.py
[2023-09-14T17:00:36.947+0000] {logging_mixin.py:149} INFO - [2023-09-14T17:00:36.946+0000] {dag.py:2726} INFO - Sync 1 DAGs
[2023-09-14T17:00:37.014+0000] {logging_mixin.py:149} INFO - [2023-09-14T17:00:37.013+0000] {dag.py:3490} INFO - Setting next_dagrun for transactions to 2023-09-14T14:00:00+00:00, run_after=2023-09-14T17:00:00+00:00
[2023-09-14T17:00:37.089+0000] {processor.py:178} INFO - Processing /opt/airflow/dags/transactions.py took 0.291 seconds
[2023-09-14T17:01:07.222+0000] {processor.py:156} INFO - Started process (PID=2638) to work on /opt/airflow/dags/transactions.py
[2023-09-14T17:01:07.224+0000] {processor.py:799} INFO - Processing file /opt/airflow/dags/transactions.py for tasks to queue
[2023-09-14T17:01:07.226+0000] {logging_mixin.py:149} INFO - [2023-09-14T17:01:07.226+0000] {dagbag.py:541} INFO - Filling up the DagBag from /opt/airflow/dags/transactions.py
[2023-09-14T17:01:07.317+0000] {processor.py:809} INFO - DAG(s) dict_keys(['transactions']) retrieved from /opt/airflow/dags/transactions.py
[2023-09-14T17:01:07.401+0000] {logging_mixin.py:149} INFO - [2023-09-14T17:01:07.401+0000] {dag.py:2726} INFO - Sync 1 DAGs
[2023-09-14T17:01:07.490+0000] {logging_mixin.py:149} INFO - [2023-09-14T17:01:07.490+0000] {dag.py:3490} INFO - Setting next_dagrun for transactions to 2023-09-14T14:00:00+00:00, run_after=2023-09-14T17:00:00+00:00
[2023-09-14T17:01:07.565+0000] {processor.py:178} INFO - Processing /opt/airflow/dags/transactions.py took 0.348 seconds
[2023-09-14T17:01:38.505+0000] {processor.py:156} INFO - Started process (PID=2702) to work on /opt/airflow/dags/transactions.py
[2023-09-14T17:01:38.508+0000] {processor.py:799} INFO - Processing file /opt/airflow/dags/transactions.py for tasks to queue
[2023-09-14T17:01:38.511+0000] {logging_mixin.py:149} INFO - [2023-09-14T17:01:38.511+0000] {dagbag.py:541} INFO - Filling up the DagBag from /opt/airflow/dags/transactions.py
[2023-09-14T17:01:38.567+0000] {processor.py:809} INFO - DAG(s) dict_keys(['transactions']) retrieved from /opt/airflow/dags/transactions.py
[2023-09-14T17:01:38.601+0000] {logging_mixin.py:149} INFO - [2023-09-14T17:01:38.601+0000] {dag.py:2726} INFO - Sync 1 DAGs
[2023-09-14T17:01:38.669+0000] {logging_mixin.py:149} INFO - [2023-09-14T17:01:38.668+0000] {dag.py:3490} INFO - Setting next_dagrun for transactions to 2023-09-14T14:00:00+00:00, run_after=2023-09-14T17:00:00+00:00
[2023-09-14T17:01:38.712+0000] {processor.py:178} INFO - Processing /opt/airflow/dags/transactions.py took 0.212 seconds
[2023-09-14T17:02:09.119+0000] {processor.py:156} INFO - Started process (PID=2767) to work on /opt/airflow/dags/transactions.py
[2023-09-14T17:02:09.122+0000] {processor.py:799} INFO - Processing file /opt/airflow/dags/transactions.py for tasks to queue
[2023-09-14T17:02:09.125+0000] {logging_mixin.py:149} INFO - [2023-09-14T17:02:09.124+0000] {dagbag.py:541} INFO - Filling up the DagBag from /opt/airflow/dags/transactions.py
[2023-09-14T17:02:09.207+0000] {processor.py:809} INFO - DAG(s) dict_keys(['transactions']) retrieved from /opt/airflow/dags/transactions.py
[2023-09-14T17:02:09.272+0000] {logging_mixin.py:149} INFO - [2023-09-14T17:02:09.271+0000] {dag.py:2726} INFO - Sync 1 DAGs
[2023-09-14T17:02:09.362+0000] {logging_mixin.py:149} INFO - [2023-09-14T17:02:09.362+0000] {dag.py:3490} INFO - Setting next_dagrun for transactions to 2023-09-14T14:00:00+00:00, run_after=2023-09-14T17:00:00+00:00
[2023-09-14T17:02:09.416+0000] {processor.py:178} INFO - Processing /opt/airflow/dags/transactions.py took 0.333 seconds
[2023-09-14T17:03:54.339+0000] {processor.py:156} INFO - Started process (PID=35) to work on /opt/airflow/dags/transactions.py
[2023-09-14T17:03:54.343+0000] {processor.py:799} INFO - Processing file /opt/airflow/dags/transactions.py for tasks to queue
[2023-09-14T17:03:54.345+0000] {logging_mixin.py:149} INFO - [2023-09-14T17:03:54.345+0000] {dagbag.py:541} INFO - Filling up the DagBag from /opt/airflow/dags/transactions.py
[2023-09-14T17:03:54.435+0000] {processor.py:809} INFO - DAG(s) dict_keys(['transactions']) retrieved from /opt/airflow/dags/transactions.py
[2023-09-14T17:03:54.633+0000] {logging_mixin.py:149} INFO - [2023-09-14T17:03:54.633+0000] {dag.py:2726} INFO - Sync 1 DAGs
[2023-09-14T17:03:54.715+0000] {logging_mixin.py:149} INFO - [2023-09-14T17:03:54.715+0000] {dag.py:3490} INFO - Setting next_dagrun for transactions to 2023-09-14T14:00:00+00:00, run_after=2023-09-14T17:00:00+00:00
[2023-09-14T17:03:54.777+0000] {processor.py:178} INFO - Processing /opt/airflow/dags/transactions.py took 0.450 seconds
