[2023-09-14T16:11:29.661+0000] {processor.py:156} INFO - Started process (PID=103) to work on /home/airflow/.local/lib/python3.7/site-packages/airflow/example_dags/example_time_delta_sensor_async.py
[2023-09-14T16:11:29.694+0000] {processor.py:799} INFO - Processing file /home/airflow/.local/lib/python3.7/site-packages/airflow/example_dags/example_time_delta_sensor_async.py for tasks to queue
[2023-09-14T16:11:29.714+0000] {logging_mixin.py:149} INFO - [2023-09-14T16:11:29.714+0000] {dagbag.py:541} INFO - Filling up the DagBag from /home/airflow/.local/lib/python3.7/site-packages/airflow/example_dags/example_time_delta_sensor_async.py
[2023-09-14T16:11:29.770+0000] {processor.py:809} INFO - DAG(s) dict_keys(['example_time_delta_sensor_async']) retrieved from /home/airflow/.local/lib/python3.7/site-packages/airflow/example_dags/example_time_delta_sensor_async.py
[2023-09-14T16:11:29.918+0000] {logging_mixin.py:149} INFO - [2023-09-14T16:11:29.917+0000] {dag.py:2726} INFO - Sync 1 DAGs
[2023-09-14T16:11:30.101+0000] {logging_mixin.py:149} INFO - [2023-09-14T16:11:30.100+0000] {dag.py:3490} INFO - Setting next_dagrun for example_time_delta_sensor_async to None, run_after=None
[2023-09-14T16:11:30.273+0000] {processor.py:178} INFO - Processing /home/airflow/.local/lib/python3.7/site-packages/airflow/example_dags/example_time_delta_sensor_async.py took 0.658 seconds
[2023-09-14T16:12:10.973+0000] {processor.py:156} INFO - Started process (PID=164) to work on /home/airflow/.local/lib/python3.7/site-packages/airflow/example_dags/example_time_delta_sensor_async.py
[2023-09-14T16:12:10.984+0000] {processor.py:799} INFO - Processing file /home/airflow/.local/lib/python3.7/site-packages/airflow/example_dags/example_time_delta_sensor_async.py for tasks to queue
[2023-09-14T16:12:10.989+0000] {logging_mixin.py:149} INFO - [2023-09-14T16:12:10.988+0000] {dagbag.py:541} INFO - Filling up the DagBag from /home/airflow/.local/lib/python3.7/site-packages/airflow/example_dags/example_time_delta_sensor_async.py
[2023-09-14T16:12:11.147+0000] {processor.py:809} INFO - DAG(s) dict_keys(['example_time_delta_sensor_async']) retrieved from /home/airflow/.local/lib/python3.7/site-packages/airflow/example_dags/example_time_delta_sensor_async.py
[2023-09-14T16:12:12.764+0000] {logging_mixin.py:149} INFO - [2023-09-14T16:12:12.764+0000] {dag.py:2726} INFO - Sync 1 DAGs
[2023-09-14T16:12:12.924+0000] {logging_mixin.py:149} INFO - [2023-09-14T16:12:12.924+0000] {dag.py:3490} INFO - Setting next_dagrun for example_time_delta_sensor_async to None, run_after=None
[2023-09-14T16:12:13.068+0000] {processor.py:178} INFO - Processing /home/airflow/.local/lib/python3.7/site-packages/airflow/example_dags/example_time_delta_sensor_async.py took 2.130 seconds
[2023-09-14T16:12:44.076+0000] {processor.py:156} INFO - Started process (PID=225) to work on /home/airflow/.local/lib/python3.7/site-packages/airflow/example_dags/example_time_delta_sensor_async.py
[2023-09-14T16:12:44.089+0000] {processor.py:799} INFO - Processing file /home/airflow/.local/lib/python3.7/site-packages/airflow/example_dags/example_time_delta_sensor_async.py for tasks to queue
[2023-09-14T16:12:44.093+0000] {logging_mixin.py:149} INFO - [2023-09-14T16:12:44.093+0000] {dagbag.py:541} INFO - Filling up the DagBag from /home/airflow/.local/lib/python3.7/site-packages/airflow/example_dags/example_time_delta_sensor_async.py
[2023-09-14T16:12:44.150+0000] {processor.py:809} INFO - DAG(s) dict_keys(['example_time_delta_sensor_async']) retrieved from /home/airflow/.local/lib/python3.7/site-packages/airflow/example_dags/example_time_delta_sensor_async.py
[2023-09-14T16:12:44.722+0000] {logging_mixin.py:149} INFO - [2023-09-14T16:12:44.721+0000] {dag.py:2726} INFO - Sync 1 DAGs
[2023-09-14T16:12:45.213+0000] {logging_mixin.py:149} INFO - [2023-09-14T16:12:45.212+0000] {dag.py:3490} INFO - Setting next_dagrun for example_time_delta_sensor_async to None, run_after=None
[2023-09-14T16:12:45.488+0000] {processor.py:178} INFO - Processing /home/airflow/.local/lib/python3.7/site-packages/airflow/example_dags/example_time_delta_sensor_async.py took 1.431 seconds
[2023-09-14T16:13:17.988+0000] {processor.py:156} INFO - Started process (PID=287) to work on /home/airflow/.local/lib/python3.7/site-packages/airflow/example_dags/example_time_delta_sensor_async.py
[2023-09-14T16:13:18.008+0000] {processor.py:799} INFO - Processing file /home/airflow/.local/lib/python3.7/site-packages/airflow/example_dags/example_time_delta_sensor_async.py for tasks to queue
[2023-09-14T16:13:18.014+0000] {logging_mixin.py:149} INFO - [2023-09-14T16:13:18.014+0000] {dagbag.py:541} INFO - Filling up the DagBag from /home/airflow/.local/lib/python3.7/site-packages/airflow/example_dags/example_time_delta_sensor_async.py
[2023-09-14T16:13:18.038+0000] {processor.py:809} INFO - DAG(s) dict_keys(['example_time_delta_sensor_async']) retrieved from /home/airflow/.local/lib/python3.7/site-packages/airflow/example_dags/example_time_delta_sensor_async.py
[2023-09-14T16:13:18.205+0000] {logging_mixin.py:149} INFO - [2023-09-14T16:13:18.205+0000] {dag.py:2726} INFO - Sync 1 DAGs
[2023-09-14T16:13:18.463+0000] {logging_mixin.py:149} INFO - [2023-09-14T16:13:18.462+0000] {dag.py:3490} INFO - Setting next_dagrun for example_time_delta_sensor_async to None, run_after=None
[2023-09-14T16:13:18.605+0000] {processor.py:178} INFO - Processing /home/airflow/.local/lib/python3.7/site-packages/airflow/example_dags/example_time_delta_sensor_async.py took 0.637 seconds
[2023-09-14T16:13:51.465+0000] {processor.py:156} INFO - Started process (PID=349) to work on /home/airflow/.local/lib/python3.7/site-packages/airflow/example_dags/example_time_delta_sensor_async.py
[2023-09-14T16:13:51.480+0000] {processor.py:799} INFO - Processing file /home/airflow/.local/lib/python3.7/site-packages/airflow/example_dags/example_time_delta_sensor_async.py for tasks to queue
[2023-09-14T16:13:51.483+0000] {logging_mixin.py:149} INFO - [2023-09-14T16:13:51.483+0000] {dagbag.py:541} INFO - Filling up the DagBag from /home/airflow/.local/lib/python3.7/site-packages/airflow/example_dags/example_time_delta_sensor_async.py
[2023-09-14T16:13:51.504+0000] {processor.py:809} INFO - DAG(s) dict_keys(['example_time_delta_sensor_async']) retrieved from /home/airflow/.local/lib/python3.7/site-packages/airflow/example_dags/example_time_delta_sensor_async.py
[2023-09-14T16:13:51.608+0000] {logging_mixin.py:149} INFO - [2023-09-14T16:13:51.607+0000] {dag.py:2726} INFO - Sync 1 DAGs
[2023-09-14T16:13:51.827+0000] {logging_mixin.py:149} INFO - [2023-09-14T16:13:51.826+0000] {dag.py:3490} INFO - Setting next_dagrun for example_time_delta_sensor_async to None, run_after=None
[2023-09-14T16:13:51.959+0000] {processor.py:178} INFO - Processing /home/airflow/.local/lib/python3.7/site-packages/airflow/example_dags/example_time_delta_sensor_async.py took 0.513 seconds
[2023-09-14T16:14:25.767+0000] {processor.py:156} INFO - Started process (PID=410) to work on /home/airflow/.local/lib/python3.7/site-packages/airflow/example_dags/example_time_delta_sensor_async.py
[2023-09-14T16:14:25.773+0000] {processor.py:799} INFO - Processing file /home/airflow/.local/lib/python3.7/site-packages/airflow/example_dags/example_time_delta_sensor_async.py for tasks to queue
[2023-09-14T16:14:25.777+0000] {logging_mixin.py:149} INFO - [2023-09-14T16:14:25.776+0000] {dagbag.py:541} INFO - Filling up the DagBag from /home/airflow/.local/lib/python3.7/site-packages/airflow/example_dags/example_time_delta_sensor_async.py
[2023-09-14T16:14:25.802+0000] {processor.py:809} INFO - DAG(s) dict_keys(['example_time_delta_sensor_async']) retrieved from /home/airflow/.local/lib/python3.7/site-packages/airflow/example_dags/example_time_delta_sensor_async.py
[2023-09-14T16:14:25.953+0000] {logging_mixin.py:149} INFO - [2023-09-14T16:14:25.951+0000] {dag.py:2726} INFO - Sync 1 DAGs
[2023-09-14T16:14:26.115+0000] {logging_mixin.py:149} INFO - [2023-09-14T16:14:26.114+0000] {dag.py:3490} INFO - Setting next_dagrun for example_time_delta_sensor_async to None, run_after=None
[2023-09-14T16:14:26.423+0000] {processor.py:178} INFO - Processing /home/airflow/.local/lib/python3.7/site-packages/airflow/example_dags/example_time_delta_sensor_async.py took 0.676 seconds
[2023-09-14T16:14:56.747+0000] {processor.py:156} INFO - Started process (PID=463) to work on /home/airflow/.local/lib/python3.7/site-packages/airflow/example_dags/example_time_delta_sensor_async.py
[2023-09-14T16:14:56.752+0000] {processor.py:799} INFO - Processing file /home/airflow/.local/lib/python3.7/site-packages/airflow/example_dags/example_time_delta_sensor_async.py for tasks to queue
[2023-09-14T16:14:56.754+0000] {logging_mixin.py:149} INFO - [2023-09-14T16:14:56.754+0000] {dagbag.py:541} INFO - Filling up the DagBag from /home/airflow/.local/lib/python3.7/site-packages/airflow/example_dags/example_time_delta_sensor_async.py
[2023-09-14T16:14:56.765+0000] {processor.py:809} INFO - DAG(s) dict_keys(['example_time_delta_sensor_async']) retrieved from /home/airflow/.local/lib/python3.7/site-packages/airflow/example_dags/example_time_delta_sensor_async.py
[2023-09-14T16:14:56.828+0000] {logging_mixin.py:149} INFO - [2023-09-14T16:14:56.827+0000] {dag.py:2726} INFO - Sync 1 DAGs
[2023-09-14T16:14:56.901+0000] {logging_mixin.py:149} INFO - [2023-09-14T16:14:56.901+0000] {dag.py:3490} INFO - Setting next_dagrun for example_time_delta_sensor_async to None, run_after=None
[2023-09-14T16:14:56.969+0000] {processor.py:178} INFO - Processing /home/airflow/.local/lib/python3.7/site-packages/airflow/example_dags/example_time_delta_sensor_async.py took 0.231 seconds
[2023-09-14T16:15:27.179+0000] {processor.py:156} INFO - Started process (PID=524) to work on /home/airflow/.local/lib/python3.7/site-packages/airflow/example_dags/example_time_delta_sensor_async.py
[2023-09-14T16:15:27.182+0000] {processor.py:799} INFO - Processing file /home/airflow/.local/lib/python3.7/site-packages/airflow/example_dags/example_time_delta_sensor_async.py for tasks to queue
[2023-09-14T16:15:27.184+0000] {logging_mixin.py:149} INFO - [2023-09-14T16:15:27.184+0000] {dagbag.py:541} INFO - Filling up the DagBag from /home/airflow/.local/lib/python3.7/site-packages/airflow/example_dags/example_time_delta_sensor_async.py
[2023-09-14T16:15:27.193+0000] {processor.py:809} INFO - DAG(s) dict_keys(['example_time_delta_sensor_async']) retrieved from /home/airflow/.local/lib/python3.7/site-packages/airflow/example_dags/example_time_delta_sensor_async.py
[2023-09-14T16:15:27.278+0000] {logging_mixin.py:149} INFO - [2023-09-14T16:15:27.278+0000] {dag.py:2726} INFO - Sync 1 DAGs
[2023-09-14T16:15:27.338+0000] {logging_mixin.py:149} INFO - [2023-09-14T16:15:27.338+0000] {dag.py:3490} INFO - Setting next_dagrun for example_time_delta_sensor_async to None, run_after=None
[2023-09-14T16:15:27.382+0000] {processor.py:178} INFO - Processing /home/airflow/.local/lib/python3.7/site-packages/airflow/example_dags/example_time_delta_sensor_async.py took 0.211 seconds
[2023-09-14T16:15:57.882+0000] {processor.py:156} INFO - Started process (PID=585) to work on /home/airflow/.local/lib/python3.7/site-packages/airflow/example_dags/example_time_delta_sensor_async.py
[2023-09-14T16:15:57.884+0000] {processor.py:799} INFO - Processing file /home/airflow/.local/lib/python3.7/site-packages/airflow/example_dags/example_time_delta_sensor_async.py for tasks to queue
[2023-09-14T16:15:57.887+0000] {logging_mixin.py:149} INFO - [2023-09-14T16:15:57.886+0000] {dagbag.py:541} INFO - Filling up the DagBag from /home/airflow/.local/lib/python3.7/site-packages/airflow/example_dags/example_time_delta_sensor_async.py
[2023-09-14T16:15:57.902+0000] {processor.py:809} INFO - DAG(s) dict_keys(['example_time_delta_sensor_async']) retrieved from /home/airflow/.local/lib/python3.7/site-packages/airflow/example_dags/example_time_delta_sensor_async.py
[2023-09-14T16:15:57.947+0000] {logging_mixin.py:149} INFO - [2023-09-14T16:15:57.947+0000] {dag.py:2726} INFO - Sync 1 DAGs
[2023-09-14T16:15:57.998+0000] {logging_mixin.py:149} INFO - [2023-09-14T16:15:57.998+0000] {dag.py:3490} INFO - Setting next_dagrun for example_time_delta_sensor_async to None, run_after=None
[2023-09-14T16:15:58.050+0000] {processor.py:178} INFO - Processing /home/airflow/.local/lib/python3.7/site-packages/airflow/example_dags/example_time_delta_sensor_async.py took 0.176 seconds
[2023-09-14T16:16:29.198+0000] {processor.py:156} INFO - Started process (PID=646) to work on /home/airflow/.local/lib/python3.7/site-packages/airflow/example_dags/example_time_delta_sensor_async.py
[2023-09-14T16:16:29.201+0000] {processor.py:799} INFO - Processing file /home/airflow/.local/lib/python3.7/site-packages/airflow/example_dags/example_time_delta_sensor_async.py for tasks to queue
[2023-09-14T16:16:29.203+0000] {logging_mixin.py:149} INFO - [2023-09-14T16:16:29.203+0000] {dagbag.py:541} INFO - Filling up the DagBag from /home/airflow/.local/lib/python3.7/site-packages/airflow/example_dags/example_time_delta_sensor_async.py
[2023-09-14T16:16:29.212+0000] {processor.py:809} INFO - DAG(s) dict_keys(['example_time_delta_sensor_async']) retrieved from /home/airflow/.local/lib/python3.7/site-packages/airflow/example_dags/example_time_delta_sensor_async.py
[2023-09-14T16:16:29.289+0000] {logging_mixin.py:149} INFO - [2023-09-14T16:16:29.288+0000] {dag.py:2726} INFO - Sync 1 DAGs
[2023-09-14T16:16:29.349+0000] {logging_mixin.py:149} INFO - [2023-09-14T16:16:29.349+0000] {dag.py:3490} INFO - Setting next_dagrun for example_time_delta_sensor_async to None, run_after=None
[2023-09-14T16:16:29.402+0000] {processor.py:178} INFO - Processing /home/airflow/.local/lib/python3.7/site-packages/airflow/example_dags/example_time_delta_sensor_async.py took 0.209 seconds
[2023-09-14T16:36:17.090+0000] {processor.py:156} INFO - Started process (PID=81) to work on /home/airflow/.local/lib/python3.7/site-packages/airflow/example_dags/example_time_delta_sensor_async.py
[2023-09-14T16:36:17.093+0000] {processor.py:799} INFO - Processing file /home/airflow/.local/lib/python3.7/site-packages/airflow/example_dags/example_time_delta_sensor_async.py for tasks to queue
[2023-09-14T16:36:17.098+0000] {logging_mixin.py:149} INFO - [2023-09-14T16:36:17.097+0000] {dagbag.py:541} INFO - Filling up the DagBag from /home/airflow/.local/lib/python3.7/site-packages/airflow/example_dags/example_time_delta_sensor_async.py
[2023-09-14T16:36:17.152+0000] {processor.py:809} INFO - DAG(s) dict_keys(['example_time_delta_sensor_async']) retrieved from /home/airflow/.local/lib/python3.7/site-packages/airflow/example_dags/example_time_delta_sensor_async.py
[2023-09-14T16:36:17.340+0000] {logging_mixin.py:149} INFO - [2023-09-14T16:36:17.340+0000] {dag.py:2726} INFO - Sync 1 DAGs
[2023-09-14T16:36:17.548+0000] {logging_mixin.py:149} INFO - [2023-09-14T16:36:17.547+0000] {dag.py:3490} INFO - Setting next_dagrun for example_time_delta_sensor_async to None, run_after=None
[2023-09-14T16:36:17.791+0000] {processor.py:178} INFO - Processing /home/airflow/.local/lib/python3.7/site-packages/airflow/example_dags/example_time_delta_sensor_async.py took 0.725 seconds
[2023-09-14T16:39:19.402+0000] {processor.py:156} INFO - Started process (PID=80) to work on /home/airflow/.local/lib/python3.7/site-packages/airflow/example_dags/example_time_delta_sensor_async.py
[2023-09-14T16:39:19.408+0000] {processor.py:799} INFO - Processing file /home/airflow/.local/lib/python3.7/site-packages/airflow/example_dags/example_time_delta_sensor_async.py for tasks to queue
[2023-09-14T16:39:19.414+0000] {logging_mixin.py:149} INFO - [2023-09-14T16:39:19.413+0000] {dagbag.py:541} INFO - Filling up the DagBag from /home/airflow/.local/lib/python3.7/site-packages/airflow/example_dags/example_time_delta_sensor_async.py
[2023-09-14T16:39:19.443+0000] {processor.py:809} INFO - DAG(s) dict_keys(['example_time_delta_sensor_async']) retrieved from /home/airflow/.local/lib/python3.7/site-packages/airflow/example_dags/example_time_delta_sensor_async.py
[2023-09-14T16:39:19.709+0000] {logging_mixin.py:149} INFO - [2023-09-14T16:39:19.709+0000] {dag.py:2726} INFO - Sync 1 DAGs
[2023-09-14T16:39:19.916+0000] {logging_mixin.py:149} INFO - [2023-09-14T16:39:19.916+0000] {dag.py:3490} INFO - Setting next_dagrun for example_time_delta_sensor_async to None, run_after=None
[2023-09-14T16:39:20.016+0000] {processor.py:178} INFO - Processing /home/airflow/.local/lib/python3.7/site-packages/airflow/example_dags/example_time_delta_sensor_async.py took 0.636 seconds
[2023-09-14T16:39:50.938+0000] {processor.py:156} INFO - Started process (PID=141) to work on /home/airflow/.local/lib/python3.7/site-packages/airflow/example_dags/example_time_delta_sensor_async.py
[2023-09-14T16:39:50.942+0000] {processor.py:799} INFO - Processing file /home/airflow/.local/lib/python3.7/site-packages/airflow/example_dags/example_time_delta_sensor_async.py for tasks to queue
[2023-09-14T16:39:50.948+0000] {logging_mixin.py:149} INFO - [2023-09-14T16:39:50.947+0000] {dagbag.py:541} INFO - Filling up the DagBag from /home/airflow/.local/lib/python3.7/site-packages/airflow/example_dags/example_time_delta_sensor_async.py
[2023-09-14T16:39:50.961+0000] {processor.py:809} INFO - DAG(s) dict_keys(['example_time_delta_sensor_async']) retrieved from /home/airflow/.local/lib/python3.7/site-packages/airflow/example_dags/example_time_delta_sensor_async.py
[2023-09-14T16:39:51.073+0000] {logging_mixin.py:149} INFO - [2023-09-14T16:39:51.073+0000] {dag.py:2726} INFO - Sync 1 DAGs
[2023-09-14T16:39:51.689+0000] {logging_mixin.py:149} INFO - [2023-09-14T16:39:51.689+0000] {dag.py:3490} INFO - Setting next_dagrun for example_time_delta_sensor_async to None, run_after=None
[2023-09-14T16:39:51.891+0000] {processor.py:178} INFO - Processing /home/airflow/.local/lib/python3.7/site-packages/airflow/example_dags/example_time_delta_sensor_async.py took 0.964 seconds
[2023-09-14T16:40:22.491+0000] {processor.py:156} INFO - Started process (PID=202) to work on /home/airflow/.local/lib/python3.7/site-packages/airflow/example_dags/example_time_delta_sensor_async.py
[2023-09-14T16:40:22.494+0000] {processor.py:799} INFO - Processing file /home/airflow/.local/lib/python3.7/site-packages/airflow/example_dags/example_time_delta_sensor_async.py for tasks to queue
[2023-09-14T16:40:22.496+0000] {logging_mixin.py:149} INFO - [2023-09-14T16:40:22.495+0000] {dagbag.py:541} INFO - Filling up the DagBag from /home/airflow/.local/lib/python3.7/site-packages/airflow/example_dags/example_time_delta_sensor_async.py
[2023-09-14T16:40:22.506+0000] {processor.py:809} INFO - DAG(s) dict_keys(['example_time_delta_sensor_async']) retrieved from /home/airflow/.local/lib/python3.7/site-packages/airflow/example_dags/example_time_delta_sensor_async.py
[2023-09-14T16:40:22.572+0000] {logging_mixin.py:149} INFO - [2023-09-14T16:40:22.571+0000] {dag.py:2726} INFO - Sync 1 DAGs
[2023-09-14T16:40:22.636+0000] {logging_mixin.py:149} INFO - [2023-09-14T16:40:22.636+0000] {dag.py:3490} INFO - Setting next_dagrun for example_time_delta_sensor_async to None, run_after=None
[2023-09-14T16:40:22.719+0000] {processor.py:178} INFO - Processing /home/airflow/.local/lib/python3.7/site-packages/airflow/example_dags/example_time_delta_sensor_async.py took 0.233 seconds
[2023-09-14T16:40:53.145+0000] {processor.py:156} INFO - Started process (PID=263) to work on /home/airflow/.local/lib/python3.7/site-packages/airflow/example_dags/example_time_delta_sensor_async.py
[2023-09-14T16:40:53.146+0000] {processor.py:799} INFO - Processing file /home/airflow/.local/lib/python3.7/site-packages/airflow/example_dags/example_time_delta_sensor_async.py for tasks to queue
[2023-09-14T16:40:53.147+0000] {logging_mixin.py:149} INFO - [2023-09-14T16:40:53.147+0000] {dagbag.py:541} INFO - Filling up the DagBag from /home/airflow/.local/lib/python3.7/site-packages/airflow/example_dags/example_time_delta_sensor_async.py
[2023-09-14T16:40:53.155+0000] {processor.py:809} INFO - DAG(s) dict_keys(['example_time_delta_sensor_async']) retrieved from /home/airflow/.local/lib/python3.7/site-packages/airflow/example_dags/example_time_delta_sensor_async.py
[2023-09-14T16:40:53.196+0000] {logging_mixin.py:149} INFO - [2023-09-14T16:40:53.196+0000] {dag.py:2726} INFO - Sync 1 DAGs
[2023-09-14T16:40:53.236+0000] {logging_mixin.py:149} INFO - [2023-09-14T16:40:53.236+0000] {dag.py:3490} INFO - Setting next_dagrun for example_time_delta_sensor_async to None, run_after=None
[2023-09-14T16:40:53.267+0000] {processor.py:178} INFO - Processing /home/airflow/.local/lib/python3.7/site-packages/airflow/example_dags/example_time_delta_sensor_async.py took 0.126 seconds
[2023-09-14T16:41:23.703+0000] {processor.py:156} INFO - Started process (PID=324) to work on /home/airflow/.local/lib/python3.7/site-packages/airflow/example_dags/example_time_delta_sensor_async.py
[2023-09-14T16:41:23.706+0000] {processor.py:799} INFO - Processing file /home/airflow/.local/lib/python3.7/site-packages/airflow/example_dags/example_time_delta_sensor_async.py for tasks to queue
[2023-09-14T16:41:23.709+0000] {logging_mixin.py:149} INFO - [2023-09-14T16:41:23.708+0000] {dagbag.py:541} INFO - Filling up the DagBag from /home/airflow/.local/lib/python3.7/site-packages/airflow/example_dags/example_time_delta_sensor_async.py
[2023-09-14T16:41:23.720+0000] {processor.py:809} INFO - DAG(s) dict_keys(['example_time_delta_sensor_async']) retrieved from /home/airflow/.local/lib/python3.7/site-packages/airflow/example_dags/example_time_delta_sensor_async.py
[2023-09-14T16:41:23.774+0000] {logging_mixin.py:149} INFO - [2023-09-14T16:41:23.774+0000] {dag.py:2726} INFO - Sync 1 DAGs
[2023-09-14T16:41:23.853+0000] {logging_mixin.py:149} INFO - [2023-09-14T16:41:23.853+0000] {dag.py:3490} INFO - Setting next_dagrun for example_time_delta_sensor_async to None, run_after=None
[2023-09-14T16:41:23.890+0000] {processor.py:178} INFO - Processing /home/airflow/.local/lib/python3.7/site-packages/airflow/example_dags/example_time_delta_sensor_async.py took 0.197 seconds
[2023-09-14T16:41:54.411+0000] {processor.py:156} INFO - Started process (PID=385) to work on /home/airflow/.local/lib/python3.7/site-packages/airflow/example_dags/example_time_delta_sensor_async.py
[2023-09-14T16:41:54.413+0000] {processor.py:799} INFO - Processing file /home/airflow/.local/lib/python3.7/site-packages/airflow/example_dags/example_time_delta_sensor_async.py for tasks to queue
[2023-09-14T16:41:54.416+0000] {logging_mixin.py:149} INFO - [2023-09-14T16:41:54.415+0000] {dagbag.py:541} INFO - Filling up the DagBag from /home/airflow/.local/lib/python3.7/site-packages/airflow/example_dags/example_time_delta_sensor_async.py
[2023-09-14T16:41:54.426+0000] {processor.py:809} INFO - DAG(s) dict_keys(['example_time_delta_sensor_async']) retrieved from /home/airflow/.local/lib/python3.7/site-packages/airflow/example_dags/example_time_delta_sensor_async.py
[2023-09-14T16:41:54.481+0000] {logging_mixin.py:149} INFO - [2023-09-14T16:41:54.481+0000] {dag.py:2726} INFO - Sync 1 DAGs
[2023-09-14T16:41:54.542+0000] {logging_mixin.py:149} INFO - [2023-09-14T16:41:54.542+0000] {dag.py:3490} INFO - Setting next_dagrun for example_time_delta_sensor_async to None, run_after=None
[2023-09-14T16:41:54.591+0000] {processor.py:178} INFO - Processing /home/airflow/.local/lib/python3.7/site-packages/airflow/example_dags/example_time_delta_sensor_async.py took 0.188 seconds
[2023-09-14T16:42:25.213+0000] {processor.py:156} INFO - Started process (PID=445) to work on /home/airflow/.local/lib/python3.7/site-packages/airflow/example_dags/example_time_delta_sensor_async.py
[2023-09-14T16:42:25.217+0000] {processor.py:799} INFO - Processing file /home/airflow/.local/lib/python3.7/site-packages/airflow/example_dags/example_time_delta_sensor_async.py for tasks to queue
[2023-09-14T16:42:25.220+0000] {logging_mixin.py:149} INFO - [2023-09-14T16:42:25.219+0000] {dagbag.py:541} INFO - Filling up the DagBag from /home/airflow/.local/lib/python3.7/site-packages/airflow/example_dags/example_time_delta_sensor_async.py
[2023-09-14T16:42:25.232+0000] {processor.py:809} INFO - DAG(s) dict_keys(['example_time_delta_sensor_async']) retrieved from /home/airflow/.local/lib/python3.7/site-packages/airflow/example_dags/example_time_delta_sensor_async.py
[2023-09-14T16:42:25.320+0000] {logging_mixin.py:149} INFO - [2023-09-14T16:42:25.320+0000] {dag.py:2726} INFO - Sync 1 DAGs
[2023-09-14T16:42:25.422+0000] {logging_mixin.py:149} INFO - [2023-09-14T16:42:25.422+0000] {dag.py:3490} INFO - Setting next_dagrun for example_time_delta_sensor_async to None, run_after=None
[2023-09-14T16:42:25.491+0000] {processor.py:178} INFO - Processing /home/airflow/.local/lib/python3.7/site-packages/airflow/example_dags/example_time_delta_sensor_async.py took 0.287 seconds
[2023-09-14T16:42:55.951+0000] {processor.py:156} INFO - Started process (PID=507) to work on /home/airflow/.local/lib/python3.7/site-packages/airflow/example_dags/example_time_delta_sensor_async.py
[2023-09-14T16:42:55.953+0000] {processor.py:799} INFO - Processing file /home/airflow/.local/lib/python3.7/site-packages/airflow/example_dags/example_time_delta_sensor_async.py for tasks to queue
[2023-09-14T16:42:55.955+0000] {logging_mixin.py:149} INFO - [2023-09-14T16:42:55.955+0000] {dagbag.py:541} INFO - Filling up the DagBag from /home/airflow/.local/lib/python3.7/site-packages/airflow/example_dags/example_time_delta_sensor_async.py
[2023-09-14T16:42:55.967+0000] {processor.py:809} INFO - DAG(s) dict_keys(['example_time_delta_sensor_async']) retrieved from /home/airflow/.local/lib/python3.7/site-packages/airflow/example_dags/example_time_delta_sensor_async.py
[2023-09-14T16:42:56.033+0000] {logging_mixin.py:149} INFO - [2023-09-14T16:42:56.032+0000] {dag.py:2726} INFO - Sync 1 DAGs
[2023-09-14T16:42:56.102+0000] {logging_mixin.py:149} INFO - [2023-09-14T16:42:56.102+0000] {dag.py:3490} INFO - Setting next_dagrun for example_time_delta_sensor_async to None, run_after=None
[2023-09-14T16:42:56.148+0000] {processor.py:178} INFO - Processing /home/airflow/.local/lib/python3.7/site-packages/airflow/example_dags/example_time_delta_sensor_async.py took 0.206 seconds
[2023-09-14T16:43:26.422+0000] {processor.py:156} INFO - Started process (PID=568) to work on /home/airflow/.local/lib/python3.7/site-packages/airflow/example_dags/example_time_delta_sensor_async.py
[2023-09-14T16:43:26.425+0000] {processor.py:799} INFO - Processing file /home/airflow/.local/lib/python3.7/site-packages/airflow/example_dags/example_time_delta_sensor_async.py for tasks to queue
[2023-09-14T16:43:26.427+0000] {logging_mixin.py:149} INFO - [2023-09-14T16:43:26.427+0000] {dagbag.py:541} INFO - Filling up the DagBag from /home/airflow/.local/lib/python3.7/site-packages/airflow/example_dags/example_time_delta_sensor_async.py
[2023-09-14T16:43:26.435+0000] {processor.py:809} INFO - DAG(s) dict_keys(['example_time_delta_sensor_async']) retrieved from /home/airflow/.local/lib/python3.7/site-packages/airflow/example_dags/example_time_delta_sensor_async.py
[2023-09-14T16:43:26.490+0000] {logging_mixin.py:149} INFO - [2023-09-14T16:43:26.490+0000] {dag.py:2726} INFO - Sync 1 DAGs
[2023-09-14T16:43:26.566+0000] {logging_mixin.py:149} INFO - [2023-09-14T16:43:26.566+0000] {dag.py:3490} INFO - Setting next_dagrun for example_time_delta_sensor_async to None, run_after=None
[2023-09-14T16:43:26.692+0000] {processor.py:178} INFO - Processing /home/airflow/.local/lib/python3.7/site-packages/airflow/example_dags/example_time_delta_sensor_async.py took 0.278 seconds
[2023-09-14T16:43:57.512+0000] {processor.py:156} INFO - Started process (PID=629) to work on /home/airflow/.local/lib/python3.7/site-packages/airflow/example_dags/example_time_delta_sensor_async.py
[2023-09-14T16:43:57.514+0000] {processor.py:799} INFO - Processing file /home/airflow/.local/lib/python3.7/site-packages/airflow/example_dags/example_time_delta_sensor_async.py for tasks to queue
[2023-09-14T16:43:57.516+0000] {logging_mixin.py:149} INFO - [2023-09-14T16:43:57.516+0000] {dagbag.py:541} INFO - Filling up the DagBag from /home/airflow/.local/lib/python3.7/site-packages/airflow/example_dags/example_time_delta_sensor_async.py
[2023-09-14T16:43:57.526+0000] {processor.py:809} INFO - DAG(s) dict_keys(['example_time_delta_sensor_async']) retrieved from /home/airflow/.local/lib/python3.7/site-packages/airflow/example_dags/example_time_delta_sensor_async.py
[2023-09-14T16:43:57.620+0000] {logging_mixin.py:149} INFO - [2023-09-14T16:43:57.619+0000] {dag.py:2726} INFO - Sync 1 DAGs
[2023-09-14T16:43:57.773+0000] {logging_mixin.py:149} INFO - [2023-09-14T16:43:57.772+0000] {dag.py:3490} INFO - Setting next_dagrun for example_time_delta_sensor_async to None, run_after=None
[2023-09-14T16:43:57.826+0000] {processor.py:178} INFO - Processing /home/airflow/.local/lib/python3.7/site-packages/airflow/example_dags/example_time_delta_sensor_async.py took 0.321 seconds
[2023-09-14T16:44:28.023+0000] {processor.py:156} INFO - Started process (PID=691) to work on /home/airflow/.local/lib/python3.7/site-packages/airflow/example_dags/example_time_delta_sensor_async.py
[2023-09-14T16:44:28.026+0000] {processor.py:799} INFO - Processing file /home/airflow/.local/lib/python3.7/site-packages/airflow/example_dags/example_time_delta_sensor_async.py for tasks to queue
[2023-09-14T16:44:28.028+0000] {logging_mixin.py:149} INFO - [2023-09-14T16:44:28.028+0000] {dagbag.py:541} INFO - Filling up the DagBag from /home/airflow/.local/lib/python3.7/site-packages/airflow/example_dags/example_time_delta_sensor_async.py
[2023-09-14T16:44:28.037+0000] {processor.py:809} INFO - DAG(s) dict_keys(['example_time_delta_sensor_async']) retrieved from /home/airflow/.local/lib/python3.7/site-packages/airflow/example_dags/example_time_delta_sensor_async.py
[2023-09-14T16:44:28.098+0000] {logging_mixin.py:149} INFO - [2023-09-14T16:44:28.098+0000] {dag.py:2726} INFO - Sync 1 DAGs
[2023-09-14T16:44:28.165+0000] {logging_mixin.py:149} INFO - [2023-09-14T16:44:28.164+0000] {dag.py:3490} INFO - Setting next_dagrun for example_time_delta_sensor_async to None, run_after=None
[2023-09-14T16:44:28.206+0000] {processor.py:178} INFO - Processing /home/airflow/.local/lib/python3.7/site-packages/airflow/example_dags/example_time_delta_sensor_async.py took 0.188 seconds
[2023-09-14T16:44:59.555+0000] {processor.py:156} INFO - Started process (PID=752) to work on /home/airflow/.local/lib/python3.7/site-packages/airflow/example_dags/example_time_delta_sensor_async.py
[2023-09-14T16:44:59.558+0000] {processor.py:799} INFO - Processing file /home/airflow/.local/lib/python3.7/site-packages/airflow/example_dags/example_time_delta_sensor_async.py for tasks to queue
[2023-09-14T16:44:59.562+0000] {logging_mixin.py:149} INFO - [2023-09-14T16:44:59.561+0000] {dagbag.py:541} INFO - Filling up the DagBag from /home/airflow/.local/lib/python3.7/site-packages/airflow/example_dags/example_time_delta_sensor_async.py
[2023-09-14T16:44:59.571+0000] {processor.py:809} INFO - DAG(s) dict_keys(['example_time_delta_sensor_async']) retrieved from /home/airflow/.local/lib/python3.7/site-packages/airflow/example_dags/example_time_delta_sensor_async.py
[2023-09-14T16:44:59.666+0000] {logging_mixin.py:149} INFO - [2023-09-14T16:44:59.666+0000] {dag.py:2726} INFO - Sync 1 DAGs
[2023-09-14T16:44:59.795+0000] {logging_mixin.py:149} INFO - [2023-09-14T16:44:59.794+0000] {dag.py:3490} INFO - Setting next_dagrun for example_time_delta_sensor_async to None, run_after=None
[2023-09-14T16:44:59.870+0000] {processor.py:178} INFO - Processing /home/airflow/.local/lib/python3.7/site-packages/airflow/example_dags/example_time_delta_sensor_async.py took 0.323 seconds
[2023-09-14T16:45:29.960+0000] {processor.py:156} INFO - Started process (PID=813) to work on /home/airflow/.local/lib/python3.7/site-packages/airflow/example_dags/example_time_delta_sensor_async.py
[2023-09-14T16:45:29.961+0000] {processor.py:799} INFO - Processing file /home/airflow/.local/lib/python3.7/site-packages/airflow/example_dags/example_time_delta_sensor_async.py for tasks to queue
[2023-09-14T16:45:29.963+0000] {logging_mixin.py:149} INFO - [2023-09-14T16:45:29.963+0000] {dagbag.py:541} INFO - Filling up the DagBag from /home/airflow/.local/lib/python3.7/site-packages/airflow/example_dags/example_time_delta_sensor_async.py
[2023-09-14T16:45:29.972+0000] {processor.py:809} INFO - DAG(s) dict_keys(['example_time_delta_sensor_async']) retrieved from /home/airflow/.local/lib/python3.7/site-packages/airflow/example_dags/example_time_delta_sensor_async.py
[2023-09-14T16:45:30.029+0000] {logging_mixin.py:149} INFO - [2023-09-14T16:45:30.028+0000] {dag.py:2726} INFO - Sync 1 DAGs
[2023-09-14T16:45:30.104+0000] {logging_mixin.py:149} INFO - [2023-09-14T16:45:30.103+0000] {dag.py:3490} INFO - Setting next_dagrun for example_time_delta_sensor_async to None, run_after=None
[2023-09-14T16:45:30.212+0000] {processor.py:178} INFO - Processing /home/airflow/.local/lib/python3.7/site-packages/airflow/example_dags/example_time_delta_sensor_async.py took 0.257 seconds
[2023-09-14T16:46:02.657+0000] {processor.py:156} INFO - Started process (PID=874) to work on /home/airflow/.local/lib/python3.7/site-packages/airflow/example_dags/example_time_delta_sensor_async.py
[2023-09-14T16:46:02.662+0000] {processor.py:799} INFO - Processing file /home/airflow/.local/lib/python3.7/site-packages/airflow/example_dags/example_time_delta_sensor_async.py for tasks to queue
[2023-09-14T16:46:02.665+0000] {logging_mixin.py:149} INFO - [2023-09-14T16:46:02.664+0000] {dagbag.py:541} INFO - Filling up the DagBag from /home/airflow/.local/lib/python3.7/site-packages/airflow/example_dags/example_time_delta_sensor_async.py
[2023-09-14T16:46:02.682+0000] {processor.py:809} INFO - DAG(s) dict_keys(['example_time_delta_sensor_async']) retrieved from /home/airflow/.local/lib/python3.7/site-packages/airflow/example_dags/example_time_delta_sensor_async.py
[2023-09-14T16:46:02.773+0000] {logging_mixin.py:149} INFO - [2023-09-14T16:46:02.773+0000] {dag.py:2726} INFO - Sync 1 DAGs
[2023-09-14T16:46:02.863+0000] {logging_mixin.py:149} INFO - [2023-09-14T16:46:02.862+0000] {dag.py:3490} INFO - Setting next_dagrun for example_time_delta_sensor_async to None, run_after=None
[2023-09-14T16:46:02.961+0000] {processor.py:178} INFO - Processing /home/airflow/.local/lib/python3.7/site-packages/airflow/example_dags/example_time_delta_sensor_async.py took 0.311 seconds
[2023-09-14T16:46:33.405+0000] {processor.py:156} INFO - Started process (PID=935) to work on /home/airflow/.local/lib/python3.7/site-packages/airflow/example_dags/example_time_delta_sensor_async.py
[2023-09-14T16:46:33.413+0000] {processor.py:799} INFO - Processing file /home/airflow/.local/lib/python3.7/site-packages/airflow/example_dags/example_time_delta_sensor_async.py for tasks to queue
[2023-09-14T16:46:33.416+0000] {logging_mixin.py:149} INFO - [2023-09-14T16:46:33.416+0000] {dagbag.py:541} INFO - Filling up the DagBag from /home/airflow/.local/lib/python3.7/site-packages/airflow/example_dags/example_time_delta_sensor_async.py
[2023-09-14T16:46:33.429+0000] {processor.py:809} INFO - DAG(s) dict_keys(['example_time_delta_sensor_async']) retrieved from /home/airflow/.local/lib/python3.7/site-packages/airflow/example_dags/example_time_delta_sensor_async.py
[2023-09-14T16:46:33.490+0000] {logging_mixin.py:149} INFO - [2023-09-14T16:46:33.490+0000] {dag.py:2726} INFO - Sync 1 DAGs
[2023-09-14T16:46:33.571+0000] {logging_mixin.py:149} INFO - [2023-09-14T16:46:33.570+0000] {dag.py:3490} INFO - Setting next_dagrun for example_time_delta_sensor_async to None, run_after=None
[2023-09-14T16:46:33.647+0000] {processor.py:178} INFO - Processing /home/airflow/.local/lib/python3.7/site-packages/airflow/example_dags/example_time_delta_sensor_async.py took 0.250 seconds
[2023-09-14T16:47:05.634+0000] {processor.py:156} INFO - Started process (PID=996) to work on /home/airflow/.local/lib/python3.7/site-packages/airflow/example_dags/example_time_delta_sensor_async.py
[2023-09-14T16:47:05.638+0000] {processor.py:799} INFO - Processing file /home/airflow/.local/lib/python3.7/site-packages/airflow/example_dags/example_time_delta_sensor_async.py for tasks to queue
[2023-09-14T16:47:05.644+0000] {logging_mixin.py:149} INFO - [2023-09-14T16:47:05.644+0000] {dagbag.py:541} INFO - Filling up the DagBag from /home/airflow/.local/lib/python3.7/site-packages/airflow/example_dags/example_time_delta_sensor_async.py
[2023-09-14T16:47:05.656+0000] {processor.py:809} INFO - DAG(s) dict_keys(['example_time_delta_sensor_async']) retrieved from /home/airflow/.local/lib/python3.7/site-packages/airflow/example_dags/example_time_delta_sensor_async.py
[2023-09-14T16:47:05.737+0000] {logging_mixin.py:149} INFO - [2023-09-14T16:47:05.736+0000] {dag.py:2726} INFO - Sync 1 DAGs
[2023-09-14T16:47:05.896+0000] {logging_mixin.py:149} INFO - [2023-09-14T16:47:05.895+0000] {dag.py:3490} INFO - Setting next_dagrun for example_time_delta_sensor_async to None, run_after=None
[2023-09-14T16:47:06.002+0000] {processor.py:178} INFO - Processing /home/airflow/.local/lib/python3.7/site-packages/airflow/example_dags/example_time_delta_sensor_async.py took 0.385 seconds
[2023-09-14T16:47:36.595+0000] {processor.py:156} INFO - Started process (PID=1057) to work on /home/airflow/.local/lib/python3.7/site-packages/airflow/example_dags/example_time_delta_sensor_async.py
[2023-09-14T16:47:36.599+0000] {processor.py:799} INFO - Processing file /home/airflow/.local/lib/python3.7/site-packages/airflow/example_dags/example_time_delta_sensor_async.py for tasks to queue
[2023-09-14T16:47:36.605+0000] {logging_mixin.py:149} INFO - [2023-09-14T16:47:36.602+0000] {dagbag.py:541} INFO - Filling up the DagBag from /home/airflow/.local/lib/python3.7/site-packages/airflow/example_dags/example_time_delta_sensor_async.py
[2023-09-14T16:47:36.614+0000] {processor.py:809} INFO - DAG(s) dict_keys(['example_time_delta_sensor_async']) retrieved from /home/airflow/.local/lib/python3.7/site-packages/airflow/example_dags/example_time_delta_sensor_async.py
[2023-09-14T16:47:36.744+0000] {logging_mixin.py:149} INFO - [2023-09-14T16:47:36.744+0000] {dag.py:2726} INFO - Sync 1 DAGs
[2023-09-14T16:47:36.821+0000] {logging_mixin.py:149} INFO - [2023-09-14T16:47:36.821+0000] {dag.py:3490} INFO - Setting next_dagrun for example_time_delta_sensor_async to None, run_after=None
[2023-09-14T16:47:36.911+0000] {processor.py:178} INFO - Processing /home/airflow/.local/lib/python3.7/site-packages/airflow/example_dags/example_time_delta_sensor_async.py took 0.321 seconds
[2023-09-14T16:48:12.338+0000] {processor.py:156} INFO - Started process (PID=1118) to work on /home/airflow/.local/lib/python3.7/site-packages/airflow/example_dags/example_time_delta_sensor_async.py
[2023-09-14T16:48:12.341+0000] {processor.py:799} INFO - Processing file /home/airflow/.local/lib/python3.7/site-packages/airflow/example_dags/example_time_delta_sensor_async.py for tasks to queue
[2023-09-14T16:48:12.345+0000] {logging_mixin.py:149} INFO - [2023-09-14T16:48:12.344+0000] {dagbag.py:541} INFO - Filling up the DagBag from /home/airflow/.local/lib/python3.7/site-packages/airflow/example_dags/example_time_delta_sensor_async.py
[2023-09-14T16:48:12.386+0000] {processor.py:809} INFO - DAG(s) dict_keys(['example_time_delta_sensor_async']) retrieved from /home/airflow/.local/lib/python3.7/site-packages/airflow/example_dags/example_time_delta_sensor_async.py
[2023-09-14T16:48:12.704+0000] {logging_mixin.py:149} INFO - [2023-09-14T16:48:12.703+0000] {dag.py:2726} INFO - Sync 1 DAGs
[2023-09-14T16:48:13.153+0000] {logging_mixin.py:149} INFO - [2023-09-14T16:48:13.153+0000] {dag.py:3490} INFO - Setting next_dagrun for example_time_delta_sensor_async to None, run_after=None
[2023-09-14T16:48:13.570+0000] {processor.py:178} INFO - Processing /home/airflow/.local/lib/python3.7/site-packages/airflow/example_dags/example_time_delta_sensor_async.py took 1.248 seconds
[2023-09-14T16:48:44.133+0000] {processor.py:156} INFO - Started process (PID=1179) to work on /home/airflow/.local/lib/python3.7/site-packages/airflow/example_dags/example_time_delta_sensor_async.py
[2023-09-14T16:48:44.137+0000] {processor.py:799} INFO - Processing file /home/airflow/.local/lib/python3.7/site-packages/airflow/example_dags/example_time_delta_sensor_async.py for tasks to queue
[2023-09-14T16:48:44.140+0000] {logging_mixin.py:149} INFO - [2023-09-14T16:48:44.140+0000] {dagbag.py:541} INFO - Filling up the DagBag from /home/airflow/.local/lib/python3.7/site-packages/airflow/example_dags/example_time_delta_sensor_async.py
[2023-09-14T16:48:44.153+0000] {processor.py:809} INFO - DAG(s) dict_keys(['example_time_delta_sensor_async']) retrieved from /home/airflow/.local/lib/python3.7/site-packages/airflow/example_dags/example_time_delta_sensor_async.py
[2023-09-14T16:48:44.218+0000] {logging_mixin.py:149} INFO - [2023-09-14T16:48:44.218+0000] {dag.py:2726} INFO - Sync 1 DAGs
[2023-09-14T16:48:44.289+0000] {logging_mixin.py:149} INFO - [2023-09-14T16:48:44.288+0000] {dag.py:3490} INFO - Setting next_dagrun for example_time_delta_sensor_async to None, run_after=None
[2023-09-14T16:48:44.379+0000] {processor.py:178} INFO - Processing /home/airflow/.local/lib/python3.7/site-packages/airflow/example_dags/example_time_delta_sensor_async.py took 0.254 seconds
[2023-09-14T16:49:14.733+0000] {processor.py:156} INFO - Started process (PID=1239) to work on /home/airflow/.local/lib/python3.7/site-packages/airflow/example_dags/example_time_delta_sensor_async.py
[2023-09-14T16:49:14.738+0000] {processor.py:799} INFO - Processing file /home/airflow/.local/lib/python3.7/site-packages/airflow/example_dags/example_time_delta_sensor_async.py for tasks to queue
[2023-09-14T16:49:14.743+0000] {logging_mixin.py:149} INFO - [2023-09-14T16:49:14.743+0000] {dagbag.py:541} INFO - Filling up the DagBag from /home/airflow/.local/lib/python3.7/site-packages/airflow/example_dags/example_time_delta_sensor_async.py
[2023-09-14T16:49:14.764+0000] {processor.py:809} INFO - DAG(s) dict_keys(['example_time_delta_sensor_async']) retrieved from /home/airflow/.local/lib/python3.7/site-packages/airflow/example_dags/example_time_delta_sensor_async.py
[2023-09-14T16:49:14.880+0000] {logging_mixin.py:149} INFO - [2023-09-14T16:49:14.880+0000] {dag.py:2726} INFO - Sync 1 DAGs
[2023-09-14T16:49:14.984+0000] {logging_mixin.py:149} INFO - [2023-09-14T16:49:14.983+0000] {dag.py:3490} INFO - Setting next_dagrun for example_time_delta_sensor_async to None, run_after=None
[2023-09-14T16:49:15.090+0000] {processor.py:178} INFO - Processing /home/airflow/.local/lib/python3.7/site-packages/airflow/example_dags/example_time_delta_sensor_async.py took 0.381 seconds
[2023-09-14T16:49:45.231+0000] {processor.py:156} INFO - Started process (PID=1292) to work on /home/airflow/.local/lib/python3.7/site-packages/airflow/example_dags/example_time_delta_sensor_async.py
[2023-09-14T16:49:45.234+0000] {processor.py:799} INFO - Processing file /home/airflow/.local/lib/python3.7/site-packages/airflow/example_dags/example_time_delta_sensor_async.py for tasks to queue
[2023-09-14T16:49:45.235+0000] {logging_mixin.py:149} INFO - [2023-09-14T16:49:45.235+0000] {dagbag.py:541} INFO - Filling up the DagBag from /home/airflow/.local/lib/python3.7/site-packages/airflow/example_dags/example_time_delta_sensor_async.py
[2023-09-14T16:49:45.248+0000] {processor.py:809} INFO - DAG(s) dict_keys(['example_time_delta_sensor_async']) retrieved from /home/airflow/.local/lib/python3.7/site-packages/airflow/example_dags/example_time_delta_sensor_async.py
[2023-09-14T16:49:45.326+0000] {logging_mixin.py:149} INFO - [2023-09-14T16:49:45.325+0000] {dag.py:2726} INFO - Sync 1 DAGs
[2023-09-14T16:49:45.408+0000] {logging_mixin.py:149} INFO - [2023-09-14T16:49:45.408+0000] {dag.py:3490} INFO - Setting next_dagrun for example_time_delta_sensor_async to None, run_after=None
[2023-09-14T16:49:45.497+0000] {processor.py:178} INFO - Processing /home/airflow/.local/lib/python3.7/site-packages/airflow/example_dags/example_time_delta_sensor_async.py took 0.274 seconds
[2023-09-14T16:50:15.725+0000] {processor.py:156} INFO - Started process (PID=1353) to work on /home/airflow/.local/lib/python3.7/site-packages/airflow/example_dags/example_time_delta_sensor_async.py
[2023-09-14T16:50:15.727+0000] {processor.py:799} INFO - Processing file /home/airflow/.local/lib/python3.7/site-packages/airflow/example_dags/example_time_delta_sensor_async.py for tasks to queue
[2023-09-14T16:50:15.731+0000] {logging_mixin.py:149} INFO - [2023-09-14T16:50:15.730+0000] {dagbag.py:541} INFO - Filling up the DagBag from /home/airflow/.local/lib/python3.7/site-packages/airflow/example_dags/example_time_delta_sensor_async.py
[2023-09-14T16:50:15.755+0000] {processor.py:809} INFO - DAG(s) dict_keys(['example_time_delta_sensor_async']) retrieved from /home/airflow/.local/lib/python3.7/site-packages/airflow/example_dags/example_time_delta_sensor_async.py
[2023-09-14T16:50:15.848+0000] {logging_mixin.py:149} INFO - [2023-09-14T16:50:15.847+0000] {dag.py:2726} INFO - Sync 1 DAGs
[2023-09-14T16:50:15.963+0000] {logging_mixin.py:149} INFO - [2023-09-14T16:50:15.962+0000] {dag.py:3490} INFO - Setting next_dagrun for example_time_delta_sensor_async to None, run_after=None
[2023-09-14T16:50:16.086+0000] {processor.py:178} INFO - Processing /home/airflow/.local/lib/python3.7/site-packages/airflow/example_dags/example_time_delta_sensor_async.py took 0.376 seconds
[2023-09-14T16:50:46.835+0000] {processor.py:156} INFO - Started process (PID=1414) to work on /home/airflow/.local/lib/python3.7/site-packages/airflow/example_dags/example_time_delta_sensor_async.py
[2023-09-14T16:50:46.838+0000] {processor.py:799} INFO - Processing file /home/airflow/.local/lib/python3.7/site-packages/airflow/example_dags/example_time_delta_sensor_async.py for tasks to queue
[2023-09-14T16:50:46.842+0000] {logging_mixin.py:149} INFO - [2023-09-14T16:50:46.841+0000] {dagbag.py:541} INFO - Filling up the DagBag from /home/airflow/.local/lib/python3.7/site-packages/airflow/example_dags/example_time_delta_sensor_async.py
[2023-09-14T16:50:46.855+0000] {processor.py:809} INFO - DAG(s) dict_keys(['example_time_delta_sensor_async']) retrieved from /home/airflow/.local/lib/python3.7/site-packages/airflow/example_dags/example_time_delta_sensor_async.py
[2023-09-14T16:50:46.923+0000] {logging_mixin.py:149} INFO - [2023-09-14T16:50:46.923+0000] {dag.py:2726} INFO - Sync 1 DAGs
[2023-09-14T16:50:47.009+0000] {logging_mixin.py:149} INFO - [2023-09-14T16:50:47.009+0000] {dag.py:3490} INFO - Setting next_dagrun for example_time_delta_sensor_async to None, run_after=None
[2023-09-14T16:50:47.108+0000] {processor.py:178} INFO - Processing /home/airflow/.local/lib/python3.7/site-packages/airflow/example_dags/example_time_delta_sensor_async.py took 0.285 seconds
[2023-09-14T16:51:17.323+0000] {processor.py:156} INFO - Started process (PID=1475) to work on /home/airflow/.local/lib/python3.7/site-packages/airflow/example_dags/example_time_delta_sensor_async.py
[2023-09-14T16:51:17.327+0000] {processor.py:799} INFO - Processing file /home/airflow/.local/lib/python3.7/site-packages/airflow/example_dags/example_time_delta_sensor_async.py for tasks to queue
[2023-09-14T16:51:17.332+0000] {logging_mixin.py:149} INFO - [2023-09-14T16:51:17.331+0000] {dagbag.py:541} INFO - Filling up the DagBag from /home/airflow/.local/lib/python3.7/site-packages/airflow/example_dags/example_time_delta_sensor_async.py
[2023-09-14T16:51:17.348+0000] {processor.py:809} INFO - DAG(s) dict_keys(['example_time_delta_sensor_async']) retrieved from /home/airflow/.local/lib/python3.7/site-packages/airflow/example_dags/example_time_delta_sensor_async.py
[2023-09-14T16:51:17.480+0000] {logging_mixin.py:149} INFO - [2023-09-14T16:51:17.480+0000] {dag.py:2726} INFO - Sync 1 DAGs
[2023-09-14T16:51:17.602+0000] {logging_mixin.py:149} INFO - [2023-09-14T16:51:17.601+0000] {dag.py:3490} INFO - Setting next_dagrun for example_time_delta_sensor_async to None, run_after=None
[2023-09-14T16:51:17.669+0000] {processor.py:178} INFO - Processing /home/airflow/.local/lib/python3.7/site-packages/airflow/example_dags/example_time_delta_sensor_async.py took 0.360 seconds
[2023-09-14T16:51:48.106+0000] {processor.py:156} INFO - Started process (PID=1536) to work on /home/airflow/.local/lib/python3.7/site-packages/airflow/example_dags/example_time_delta_sensor_async.py
[2023-09-14T16:51:48.109+0000] {processor.py:799} INFO - Processing file /home/airflow/.local/lib/python3.7/site-packages/airflow/example_dags/example_time_delta_sensor_async.py for tasks to queue
[2023-09-14T16:51:48.114+0000] {logging_mixin.py:149} INFO - [2023-09-14T16:51:48.113+0000] {dagbag.py:541} INFO - Filling up the DagBag from /home/airflow/.local/lib/python3.7/site-packages/airflow/example_dags/example_time_delta_sensor_async.py
[2023-09-14T16:51:48.130+0000] {processor.py:809} INFO - DAG(s) dict_keys(['example_time_delta_sensor_async']) retrieved from /home/airflow/.local/lib/python3.7/site-packages/airflow/example_dags/example_time_delta_sensor_async.py
[2023-09-14T16:51:48.205+0000] {logging_mixin.py:149} INFO - [2023-09-14T16:51:48.205+0000] {dag.py:2726} INFO - Sync 1 DAGs
[2023-09-14T16:51:48.295+0000] {logging_mixin.py:149} INFO - [2023-09-14T16:51:48.295+0000] {dag.py:3490} INFO - Setting next_dagrun for example_time_delta_sensor_async to None, run_after=None
[2023-09-14T16:51:48.400+0000] {processor.py:178} INFO - Processing /home/airflow/.local/lib/python3.7/site-packages/airflow/example_dags/example_time_delta_sensor_async.py took 0.306 seconds
[2023-09-14T16:52:20.353+0000] {processor.py:156} INFO - Started process (PID=1605) to work on /home/airflow/.local/lib/python3.7/site-packages/airflow/example_dags/example_time_delta_sensor_async.py
[2023-09-14T16:52:20.356+0000] {processor.py:799} INFO - Processing file /home/airflow/.local/lib/python3.7/site-packages/airflow/example_dags/example_time_delta_sensor_async.py for tasks to queue
[2023-09-14T16:52:20.364+0000] {logging_mixin.py:149} INFO - [2023-09-14T16:52:20.361+0000] {dagbag.py:541} INFO - Filling up the DagBag from /home/airflow/.local/lib/python3.7/site-packages/airflow/example_dags/example_time_delta_sensor_async.py
[2023-09-14T16:52:20.394+0000] {processor.py:809} INFO - DAG(s) dict_keys(['example_time_delta_sensor_async']) retrieved from /home/airflow/.local/lib/python3.7/site-packages/airflow/example_dags/example_time_delta_sensor_async.py
[2023-09-14T16:52:20.591+0000] {logging_mixin.py:149} INFO - [2023-09-14T16:52:20.589+0000] {dag.py:2726} INFO - Sync 1 DAGs
[2023-09-14T16:52:20.833+0000] {logging_mixin.py:149} INFO - [2023-09-14T16:52:20.824+0000] {dag.py:3490} INFO - Setting next_dagrun for example_time_delta_sensor_async to None, run_after=None
[2023-09-14T16:52:20.981+0000] {processor.py:178} INFO - Processing /home/airflow/.local/lib/python3.7/site-packages/airflow/example_dags/example_time_delta_sensor_async.py took 0.676 seconds
[2023-09-14T16:52:52.747+0000] {processor.py:156} INFO - Started process (PID=1668) to work on /home/airflow/.local/lib/python3.7/site-packages/airflow/example_dags/example_time_delta_sensor_async.py
[2023-09-14T16:52:52.750+0000] {processor.py:799} INFO - Processing file /home/airflow/.local/lib/python3.7/site-packages/airflow/example_dags/example_time_delta_sensor_async.py for tasks to queue
[2023-09-14T16:52:52.753+0000] {logging_mixin.py:149} INFO - [2023-09-14T16:52:52.752+0000] {dagbag.py:541} INFO - Filling up the DagBag from /home/airflow/.local/lib/python3.7/site-packages/airflow/example_dags/example_time_delta_sensor_async.py
[2023-09-14T16:52:52.770+0000] {processor.py:809} INFO - DAG(s) dict_keys(['example_time_delta_sensor_async']) retrieved from /home/airflow/.local/lib/python3.7/site-packages/airflow/example_dags/example_time_delta_sensor_async.py
[2023-09-14T16:52:52.866+0000] {logging_mixin.py:149} INFO - [2023-09-14T16:52:52.866+0000] {dag.py:2726} INFO - Sync 1 DAGs
[2023-09-14T16:52:53.028+0000] {logging_mixin.py:149} INFO - [2023-09-14T16:52:53.027+0000] {dag.py:3490} INFO - Setting next_dagrun for example_time_delta_sensor_async to None, run_after=None
[2023-09-14T16:52:53.107+0000] {processor.py:178} INFO - Processing /home/airflow/.local/lib/python3.7/site-packages/airflow/example_dags/example_time_delta_sensor_async.py took 0.372 seconds
[2023-09-14T16:53:24.618+0000] {processor.py:156} INFO - Started process (PID=1731) to work on /home/airflow/.local/lib/python3.7/site-packages/airflow/example_dags/example_time_delta_sensor_async.py
[2023-09-14T16:53:24.621+0000] {processor.py:799} INFO - Processing file /home/airflow/.local/lib/python3.7/site-packages/airflow/example_dags/example_time_delta_sensor_async.py for tasks to queue
[2023-09-14T16:53:24.623+0000] {logging_mixin.py:149} INFO - [2023-09-14T16:53:24.623+0000] {dagbag.py:541} INFO - Filling up the DagBag from /home/airflow/.local/lib/python3.7/site-packages/airflow/example_dags/example_time_delta_sensor_async.py
[2023-09-14T16:53:24.635+0000] {processor.py:809} INFO - DAG(s) dict_keys(['example_time_delta_sensor_async']) retrieved from /home/airflow/.local/lib/python3.7/site-packages/airflow/example_dags/example_time_delta_sensor_async.py
[2023-09-14T16:53:24.724+0000] {logging_mixin.py:149} INFO - [2023-09-14T16:53:24.723+0000] {dag.py:2726} INFO - Sync 1 DAGs
[2023-09-14T16:53:24.863+0000] {logging_mixin.py:149} INFO - [2023-09-14T16:53:24.863+0000] {dag.py:3490} INFO - Setting next_dagrun for example_time_delta_sensor_async to None, run_after=None
[2023-09-14T16:53:24.949+0000] {processor.py:178} INFO - Processing /home/airflow/.local/lib/python3.7/site-packages/airflow/example_dags/example_time_delta_sensor_async.py took 0.340 seconds
[2023-09-14T16:53:56.476+0000] {processor.py:156} INFO - Started process (PID=1796) to work on /home/airflow/.local/lib/python3.7/site-packages/airflow/example_dags/example_time_delta_sensor_async.py
[2023-09-14T16:53:56.480+0000] {processor.py:799} INFO - Processing file /home/airflow/.local/lib/python3.7/site-packages/airflow/example_dags/example_time_delta_sensor_async.py for tasks to queue
[2023-09-14T16:53:56.483+0000] {logging_mixin.py:149} INFO - [2023-09-14T16:53:56.482+0000] {dagbag.py:541} INFO - Filling up the DagBag from /home/airflow/.local/lib/python3.7/site-packages/airflow/example_dags/example_time_delta_sensor_async.py
[2023-09-14T16:53:56.509+0000] {processor.py:809} INFO - DAG(s) dict_keys(['example_time_delta_sensor_async']) retrieved from /home/airflow/.local/lib/python3.7/site-packages/airflow/example_dags/example_time_delta_sensor_async.py
[2023-09-14T16:53:56.604+0000] {logging_mixin.py:149} INFO - [2023-09-14T16:53:56.603+0000] {dag.py:2726} INFO - Sync 1 DAGs
[2023-09-14T16:53:56.701+0000] {logging_mixin.py:149} INFO - [2023-09-14T16:53:56.700+0000] {dag.py:3490} INFO - Setting next_dagrun for example_time_delta_sensor_async to None, run_after=None
[2023-09-14T16:53:56.791+0000] {processor.py:178} INFO - Processing /home/airflow/.local/lib/python3.7/site-packages/airflow/example_dags/example_time_delta_sensor_async.py took 0.334 seconds
[2023-09-14T16:54:45.912+0000] {processor.py:156} INFO - Started process (PID=1863) to work on /home/airflow/.local/lib/python3.7/site-packages/airflow/example_dags/example_time_delta_sensor_async.py
[2023-09-14T16:54:45.926+0000] {processor.py:799} INFO - Processing file /home/airflow/.local/lib/python3.7/site-packages/airflow/example_dags/example_time_delta_sensor_async.py for tasks to queue
[2023-09-14T16:54:45.944+0000] {logging_mixin.py:149} INFO - [2023-09-14T16:54:45.943+0000] {dagbag.py:541} INFO - Filling up the DagBag from /home/airflow/.local/lib/python3.7/site-packages/airflow/example_dags/example_time_delta_sensor_async.py
[2023-09-14T16:54:46.024+0000] {processor.py:809} INFO - DAG(s) dict_keys(['example_time_delta_sensor_async']) retrieved from /home/airflow/.local/lib/python3.7/site-packages/airflow/example_dags/example_time_delta_sensor_async.py
[2023-09-14T16:54:46.314+0000] {logging_mixin.py:149} INFO - [2023-09-14T16:54:46.313+0000] {dag.py:2726} INFO - Sync 1 DAGs
[2023-09-14T16:54:46.673+0000] {logging_mixin.py:149} INFO - [2023-09-14T16:54:46.672+0000] {dag.py:3490} INFO - Setting next_dagrun for example_time_delta_sensor_async to None, run_after=None
[2023-09-14T16:54:46.982+0000] {processor.py:178} INFO - Processing /home/airflow/.local/lib/python3.7/site-packages/airflow/example_dags/example_time_delta_sensor_async.py took 1.156 seconds
[2023-09-14T16:55:17.346+0000] {processor.py:156} INFO - Started process (PID=1929) to work on /home/airflow/.local/lib/python3.7/site-packages/airflow/example_dags/example_time_delta_sensor_async.py
[2023-09-14T16:55:17.351+0000] {processor.py:799} INFO - Processing file /home/airflow/.local/lib/python3.7/site-packages/airflow/example_dags/example_time_delta_sensor_async.py for tasks to queue
[2023-09-14T16:55:17.354+0000] {logging_mixin.py:149} INFO - [2023-09-14T16:55:17.354+0000] {dagbag.py:541} INFO - Filling up the DagBag from /home/airflow/.local/lib/python3.7/site-packages/airflow/example_dags/example_time_delta_sensor_async.py
[2023-09-14T16:55:17.381+0000] {processor.py:809} INFO - DAG(s) dict_keys(['example_time_delta_sensor_async']) retrieved from /home/airflow/.local/lib/python3.7/site-packages/airflow/example_dags/example_time_delta_sensor_async.py
[2023-09-14T16:55:17.478+0000] {logging_mixin.py:149} INFO - [2023-09-14T16:55:17.478+0000] {dag.py:2726} INFO - Sync 1 DAGs
[2023-09-14T16:55:17.583+0000] {logging_mixin.py:149} INFO - [2023-09-14T16:55:17.582+0000] {dag.py:3490} INFO - Setting next_dagrun for example_time_delta_sensor_async to None, run_after=None
[2023-09-14T16:55:17.679+0000] {processor.py:178} INFO - Processing /home/airflow/.local/lib/python3.7/site-packages/airflow/example_dags/example_time_delta_sensor_async.py took 0.349 seconds
[2023-09-14T16:55:47.995+0000] {processor.py:156} INFO - Started process (PID=1995) to work on /home/airflow/.local/lib/python3.7/site-packages/airflow/example_dags/example_time_delta_sensor_async.py
[2023-09-14T16:55:48.001+0000] {processor.py:799} INFO - Processing file /home/airflow/.local/lib/python3.7/site-packages/airflow/example_dags/example_time_delta_sensor_async.py for tasks to queue
[2023-09-14T16:55:48.010+0000] {logging_mixin.py:149} INFO - [2023-09-14T16:55:48.009+0000] {dagbag.py:541} INFO - Filling up the DagBag from /home/airflow/.local/lib/python3.7/site-packages/airflow/example_dags/example_time_delta_sensor_async.py
[2023-09-14T16:55:48.032+0000] {processor.py:809} INFO - DAG(s) dict_keys(['example_time_delta_sensor_async']) retrieved from /home/airflow/.local/lib/python3.7/site-packages/airflow/example_dags/example_time_delta_sensor_async.py
[2023-09-14T16:55:48.167+0000] {logging_mixin.py:149} INFO - [2023-09-14T16:55:48.166+0000] {dag.py:2726} INFO - Sync 1 DAGs
[2023-09-14T16:55:48.341+0000] {logging_mixin.py:149} INFO - [2023-09-14T16:55:48.340+0000] {dag.py:3490} INFO - Setting next_dagrun for example_time_delta_sensor_async to None, run_after=None
[2023-09-14T16:55:48.471+0000] {processor.py:178} INFO - Processing /home/airflow/.local/lib/python3.7/site-packages/airflow/example_dags/example_time_delta_sensor_async.py took 0.494 seconds
[2023-09-14T16:56:19.235+0000] {processor.py:156} INFO - Started process (PID=2060) to work on /home/airflow/.local/lib/python3.7/site-packages/airflow/example_dags/example_time_delta_sensor_async.py
[2023-09-14T16:56:19.241+0000] {processor.py:799} INFO - Processing file /home/airflow/.local/lib/python3.7/site-packages/airflow/example_dags/example_time_delta_sensor_async.py for tasks to queue
[2023-09-14T16:56:19.251+0000] {logging_mixin.py:149} INFO - [2023-09-14T16:56:19.250+0000] {dagbag.py:541} INFO - Filling up the DagBag from /home/airflow/.local/lib/python3.7/site-packages/airflow/example_dags/example_time_delta_sensor_async.py
[2023-09-14T16:56:19.277+0000] {processor.py:809} INFO - DAG(s) dict_keys(['example_time_delta_sensor_async']) retrieved from /home/airflow/.local/lib/python3.7/site-packages/airflow/example_dags/example_time_delta_sensor_async.py
[2023-09-14T16:56:19.419+0000] {logging_mixin.py:149} INFO - [2023-09-14T16:56:19.418+0000] {dag.py:2726} INFO - Sync 1 DAGs
[2023-09-14T16:56:19.539+0000] {logging_mixin.py:149} INFO - [2023-09-14T16:56:19.538+0000] {dag.py:3490} INFO - Setting next_dagrun for example_time_delta_sensor_async to None, run_after=None
[2023-09-14T16:56:19.641+0000] {processor.py:178} INFO - Processing /home/airflow/.local/lib/python3.7/site-packages/airflow/example_dags/example_time_delta_sensor_async.py took 0.425 seconds
[2023-09-14T16:56:50.411+0000] {processor.py:156} INFO - Started process (PID=2125) to work on /home/airflow/.local/lib/python3.7/site-packages/airflow/example_dags/example_time_delta_sensor_async.py
[2023-09-14T16:56:50.418+0000] {processor.py:799} INFO - Processing file /home/airflow/.local/lib/python3.7/site-packages/airflow/example_dags/example_time_delta_sensor_async.py for tasks to queue
[2023-09-14T16:56:50.422+0000] {logging_mixin.py:149} INFO - [2023-09-14T16:56:50.421+0000] {dagbag.py:541} INFO - Filling up the DagBag from /home/airflow/.local/lib/python3.7/site-packages/airflow/example_dags/example_time_delta_sensor_async.py
[2023-09-14T16:56:50.444+0000] {processor.py:809} INFO - DAG(s) dict_keys(['example_time_delta_sensor_async']) retrieved from /home/airflow/.local/lib/python3.7/site-packages/airflow/example_dags/example_time_delta_sensor_async.py
[2023-09-14T16:56:50.656+0000] {logging_mixin.py:149} INFO - [2023-09-14T16:56:50.655+0000] {dag.py:2726} INFO - Sync 1 DAGs
[2023-09-14T16:56:50.847+0000] {logging_mixin.py:149} INFO - [2023-09-14T16:56:50.845+0000] {dag.py:3490} INFO - Setting next_dagrun for example_time_delta_sensor_async to None, run_after=None
[2023-09-14T16:56:51.014+0000] {processor.py:178} INFO - Processing /home/airflow/.local/lib/python3.7/site-packages/airflow/example_dags/example_time_delta_sensor_async.py took 0.621 seconds
[2023-09-14T16:57:21.965+0000] {processor.py:156} INFO - Started process (PID=2191) to work on /home/airflow/.local/lib/python3.7/site-packages/airflow/example_dags/example_time_delta_sensor_async.py
[2023-09-14T16:57:21.969+0000] {processor.py:799} INFO - Processing file /home/airflow/.local/lib/python3.7/site-packages/airflow/example_dags/example_time_delta_sensor_async.py for tasks to queue
[2023-09-14T16:57:21.975+0000] {logging_mixin.py:149} INFO - [2023-09-14T16:57:21.974+0000] {dagbag.py:541} INFO - Filling up the DagBag from /home/airflow/.local/lib/python3.7/site-packages/airflow/example_dags/example_time_delta_sensor_async.py
[2023-09-14T16:57:22.030+0000] {processor.py:809} INFO - DAG(s) dict_keys(['example_time_delta_sensor_async']) retrieved from /home/airflow/.local/lib/python3.7/site-packages/airflow/example_dags/example_time_delta_sensor_async.py
[2023-09-14T16:57:22.133+0000] {logging_mixin.py:149} INFO - [2023-09-14T16:57:22.132+0000] {dag.py:2726} INFO - Sync 1 DAGs
[2023-09-14T16:57:22.256+0000] {logging_mixin.py:149} INFO - [2023-09-14T16:57:22.255+0000] {dag.py:3490} INFO - Setting next_dagrun for example_time_delta_sensor_async to None, run_after=None
[2023-09-14T16:57:22.364+0000] {processor.py:178} INFO - Processing /home/airflow/.local/lib/python3.7/site-packages/airflow/example_dags/example_time_delta_sensor_async.py took 0.414 seconds
[2023-09-14T16:57:52.717+0000] {processor.py:156} INFO - Started process (PID=2258) to work on /home/airflow/.local/lib/python3.7/site-packages/airflow/example_dags/example_time_delta_sensor_async.py
[2023-09-14T16:57:52.722+0000] {processor.py:799} INFO - Processing file /home/airflow/.local/lib/python3.7/site-packages/airflow/example_dags/example_time_delta_sensor_async.py for tasks to queue
[2023-09-14T16:57:52.727+0000] {logging_mixin.py:149} INFO - [2023-09-14T16:57:52.726+0000] {dagbag.py:541} INFO - Filling up the DagBag from /home/airflow/.local/lib/python3.7/site-packages/airflow/example_dags/example_time_delta_sensor_async.py
[2023-09-14T16:57:52.735+0000] {processor.py:809} INFO - DAG(s) dict_keys(['example_time_delta_sensor_async']) retrieved from /home/airflow/.local/lib/python3.7/site-packages/airflow/example_dags/example_time_delta_sensor_async.py
[2023-09-14T16:57:52.809+0000] {logging_mixin.py:149} INFO - [2023-09-14T16:57:52.808+0000] {dag.py:2726} INFO - Sync 1 DAGs
[2023-09-14T16:57:52.865+0000] {logging_mixin.py:149} INFO - [2023-09-14T16:57:52.864+0000] {dag.py:3490} INFO - Setting next_dagrun for example_time_delta_sensor_async to None, run_after=None
[2023-09-14T16:57:52.924+0000] {processor.py:178} INFO - Processing /home/airflow/.local/lib/python3.7/site-packages/airflow/example_dags/example_time_delta_sensor_async.py took 0.224 seconds
[2023-09-14T16:58:25.212+0000] {processor.py:156} INFO - Started process (PID=2331) to work on /home/airflow/.local/lib/python3.7/site-packages/airflow/example_dags/example_time_delta_sensor_async.py
[2023-09-14T16:58:25.218+0000] {processor.py:799} INFO - Processing file /home/airflow/.local/lib/python3.7/site-packages/airflow/example_dags/example_time_delta_sensor_async.py for tasks to queue
[2023-09-14T16:58:25.223+0000] {logging_mixin.py:149} INFO - [2023-09-14T16:58:25.222+0000] {dagbag.py:541} INFO - Filling up the DagBag from /home/airflow/.local/lib/python3.7/site-packages/airflow/example_dags/example_time_delta_sensor_async.py
[2023-09-14T16:58:25.259+0000] {processor.py:809} INFO - DAG(s) dict_keys(['example_time_delta_sensor_async']) retrieved from /home/airflow/.local/lib/python3.7/site-packages/airflow/example_dags/example_time_delta_sensor_async.py
[2023-09-14T16:58:25.394+0000] {logging_mixin.py:149} INFO - [2023-09-14T16:58:25.394+0000] {dag.py:2726} INFO - Sync 1 DAGs
[2023-09-14T16:58:25.542+0000] {logging_mixin.py:149} INFO - [2023-09-14T16:58:25.541+0000] {dag.py:3490} INFO - Setting next_dagrun for example_time_delta_sensor_async to None, run_after=None
[2023-09-14T16:58:25.681+0000] {processor.py:178} INFO - Processing /home/airflow/.local/lib/python3.7/site-packages/airflow/example_dags/example_time_delta_sensor_async.py took 0.486 seconds
[2023-09-14T16:59:02.930+0000] {processor.py:156} INFO - Started process (PID=2400) to work on /home/airflow/.local/lib/python3.7/site-packages/airflow/example_dags/example_time_delta_sensor_async.py
[2023-09-14T16:59:02.932+0000] {processor.py:799} INFO - Processing file /home/airflow/.local/lib/python3.7/site-packages/airflow/example_dags/example_time_delta_sensor_async.py for tasks to queue
[2023-09-14T16:59:02.935+0000] {logging_mixin.py:149} INFO - [2023-09-14T16:59:02.935+0000] {dagbag.py:541} INFO - Filling up the DagBag from /home/airflow/.local/lib/python3.7/site-packages/airflow/example_dags/example_time_delta_sensor_async.py
[2023-09-14T16:59:02.950+0000] {processor.py:809} INFO - DAG(s) dict_keys(['example_time_delta_sensor_async']) retrieved from /home/airflow/.local/lib/python3.7/site-packages/airflow/example_dags/example_time_delta_sensor_async.py
[2023-09-14T16:59:03.011+0000] {logging_mixin.py:149} INFO - [2023-09-14T16:59:03.011+0000] {dag.py:2726} INFO - Sync 1 DAGs
[2023-09-14T16:59:03.083+0000] {logging_mixin.py:149} INFO - [2023-09-14T16:59:03.082+0000] {dag.py:3490} INFO - Setting next_dagrun for example_time_delta_sensor_async to None, run_after=None
[2023-09-14T16:59:03.135+0000] {processor.py:178} INFO - Processing /home/airflow/.local/lib/python3.7/site-packages/airflow/example_dags/example_time_delta_sensor_async.py took 0.216 seconds
[2023-09-14T16:59:34.800+0000] {processor.py:156} INFO - Started process (PID=2463) to work on /home/airflow/.local/lib/python3.7/site-packages/airflow/example_dags/example_time_delta_sensor_async.py
[2023-09-14T16:59:34.804+0000] {processor.py:799} INFO - Processing file /home/airflow/.local/lib/python3.7/site-packages/airflow/example_dags/example_time_delta_sensor_async.py for tasks to queue
[2023-09-14T16:59:34.807+0000] {logging_mixin.py:149} INFO - [2023-09-14T16:59:34.807+0000] {dagbag.py:541} INFO - Filling up the DagBag from /home/airflow/.local/lib/python3.7/site-packages/airflow/example_dags/example_time_delta_sensor_async.py
[2023-09-14T16:59:34.821+0000] {processor.py:809} INFO - DAG(s) dict_keys(['example_time_delta_sensor_async']) retrieved from /home/airflow/.local/lib/python3.7/site-packages/airflow/example_dags/example_time_delta_sensor_async.py
[2023-09-14T16:59:34.894+0000] {logging_mixin.py:149} INFO - [2023-09-14T16:59:34.894+0000] {dag.py:2726} INFO - Sync 1 DAGs
[2023-09-14T16:59:34.977+0000] {logging_mixin.py:149} INFO - [2023-09-14T16:59:34.977+0000] {dag.py:3490} INFO - Setting next_dagrun for example_time_delta_sensor_async to None, run_after=None
[2023-09-14T16:59:35.050+0000] {processor.py:178} INFO - Processing /home/airflow/.local/lib/python3.7/site-packages/airflow/example_dags/example_time_delta_sensor_async.py took 0.261 seconds
[2023-09-14T17:00:08.923+0000] {processor.py:156} INFO - Started process (PID=2518) to work on /home/airflow/.local/lib/python3.7/site-packages/airflow/example_dags/example_time_delta_sensor_async.py
[2023-09-14T17:00:08.939+0000] {processor.py:799} INFO - Processing file /home/airflow/.local/lib/python3.7/site-packages/airflow/example_dags/example_time_delta_sensor_async.py for tasks to queue
[2023-09-14T17:00:08.964+0000] {logging_mixin.py:149} INFO - [2023-09-14T17:00:08.963+0000] {dagbag.py:541} INFO - Filling up the DagBag from /home/airflow/.local/lib/python3.7/site-packages/airflow/example_dags/example_time_delta_sensor_async.py
[2023-09-14T17:00:09.019+0000] {processor.py:809} INFO - DAG(s) dict_keys(['example_time_delta_sensor_async']) retrieved from /home/airflow/.local/lib/python3.7/site-packages/airflow/example_dags/example_time_delta_sensor_async.py
[2023-09-14T17:00:09.152+0000] {logging_mixin.py:149} INFO - [2023-09-14T17:00:09.150+0000] {dag.py:2726} INFO - Sync 1 DAGs
[2023-09-14T17:00:09.316+0000] {logging_mixin.py:149} INFO - [2023-09-14T17:00:09.315+0000] {dag.py:3490} INFO - Setting next_dagrun for example_time_delta_sensor_async to None, run_after=None
[2023-09-14T17:00:09.408+0000] {processor.py:178} INFO - Processing /home/airflow/.local/lib/python3.7/site-packages/airflow/example_dags/example_time_delta_sensor_async.py took 0.517 seconds
[2023-09-14T17:00:39.680+0000] {processor.py:156} INFO - Started process (PID=2582) to work on /home/airflow/.local/lib/python3.7/site-packages/airflow/example_dags/example_time_delta_sensor_async.py
[2023-09-14T17:00:39.682+0000] {processor.py:799} INFO - Processing file /home/airflow/.local/lib/python3.7/site-packages/airflow/example_dags/example_time_delta_sensor_async.py for tasks to queue
[2023-09-14T17:00:39.688+0000] {logging_mixin.py:149} INFO - [2023-09-14T17:00:39.687+0000] {dagbag.py:541} INFO - Filling up the DagBag from /home/airflow/.local/lib/python3.7/site-packages/airflow/example_dags/example_time_delta_sensor_async.py
[2023-09-14T17:00:39.738+0000] {processor.py:809} INFO - DAG(s) dict_keys(['example_time_delta_sensor_async']) retrieved from /home/airflow/.local/lib/python3.7/site-packages/airflow/example_dags/example_time_delta_sensor_async.py
[2023-09-14T17:00:39.820+0000] {logging_mixin.py:149} INFO - [2023-09-14T17:00:39.820+0000] {dag.py:2726} INFO - Sync 1 DAGs
[2023-09-14T17:00:39.883+0000] {logging_mixin.py:149} INFO - [2023-09-14T17:00:39.883+0000] {dag.py:3490} INFO - Setting next_dagrun for example_time_delta_sensor_async to None, run_after=None
[2023-09-14T17:00:39.933+0000] {processor.py:178} INFO - Processing /home/airflow/.local/lib/python3.7/site-packages/airflow/example_dags/example_time_delta_sensor_async.py took 0.259 seconds
[2023-09-14T17:01:11.232+0000] {processor.py:156} INFO - Started process (PID=2646) to work on /home/airflow/.local/lib/python3.7/site-packages/airflow/example_dags/example_time_delta_sensor_async.py
[2023-09-14T17:01:11.236+0000] {processor.py:799} INFO - Processing file /home/airflow/.local/lib/python3.7/site-packages/airflow/example_dags/example_time_delta_sensor_async.py for tasks to queue
[2023-09-14T17:01:11.238+0000] {logging_mixin.py:149} INFO - [2023-09-14T17:01:11.238+0000] {dagbag.py:541} INFO - Filling up the DagBag from /home/airflow/.local/lib/python3.7/site-packages/airflow/example_dags/example_time_delta_sensor_async.py
[2023-09-14T17:01:11.251+0000] {processor.py:809} INFO - DAG(s) dict_keys(['example_time_delta_sensor_async']) retrieved from /home/airflow/.local/lib/python3.7/site-packages/airflow/example_dags/example_time_delta_sensor_async.py
[2023-09-14T17:01:11.291+0000] {logging_mixin.py:149} INFO - [2023-09-14T17:01:11.291+0000] {dag.py:2726} INFO - Sync 1 DAGs
[2023-09-14T17:01:11.340+0000] {logging_mixin.py:149} INFO - [2023-09-14T17:01:11.340+0000] {dag.py:3490} INFO - Setting next_dagrun for example_time_delta_sensor_async to None, run_after=None
[2023-09-14T17:01:11.378+0000] {processor.py:178} INFO - Processing /home/airflow/.local/lib/python3.7/site-packages/airflow/example_dags/example_time_delta_sensor_async.py took 0.151 seconds
[2023-09-14T17:01:41.575+0000] {processor.py:156} INFO - Started process (PID=2710) to work on /home/airflow/.local/lib/python3.7/site-packages/airflow/example_dags/example_time_delta_sensor_async.py
[2023-09-14T17:01:41.580+0000] {processor.py:799} INFO - Processing file /home/airflow/.local/lib/python3.7/site-packages/airflow/example_dags/example_time_delta_sensor_async.py for tasks to queue
[2023-09-14T17:01:41.585+0000] {logging_mixin.py:149} INFO - [2023-09-14T17:01:41.583+0000] {dagbag.py:541} INFO - Filling up the DagBag from /home/airflow/.local/lib/python3.7/site-packages/airflow/example_dags/example_time_delta_sensor_async.py
[2023-09-14T17:01:41.603+0000] {processor.py:809} INFO - DAG(s) dict_keys(['example_time_delta_sensor_async']) retrieved from /home/airflow/.local/lib/python3.7/site-packages/airflow/example_dags/example_time_delta_sensor_async.py
[2023-09-14T17:01:41.673+0000] {logging_mixin.py:149} INFO - [2023-09-14T17:01:41.673+0000] {dag.py:2726} INFO - Sync 1 DAGs
[2023-09-14T17:01:41.736+0000] {logging_mixin.py:149} INFO - [2023-09-14T17:01:41.736+0000] {dag.py:3490} INFO - Setting next_dagrun for example_time_delta_sensor_async to None, run_after=None
[2023-09-14T17:01:41.800+0000] {processor.py:178} INFO - Processing /home/airflow/.local/lib/python3.7/site-packages/airflow/example_dags/example_time_delta_sensor_async.py took 0.232 seconds
[2023-09-14T17:02:12.541+0000] {processor.py:156} INFO - Started process (PID=2774) to work on /home/airflow/.local/lib/python3.7/site-packages/airflow/example_dags/example_time_delta_sensor_async.py
[2023-09-14T17:02:12.545+0000] {processor.py:799} INFO - Processing file /home/airflow/.local/lib/python3.7/site-packages/airflow/example_dags/example_time_delta_sensor_async.py for tasks to queue
[2023-09-14T17:02:12.548+0000] {logging_mixin.py:149} INFO - [2023-09-14T17:02:12.548+0000] {dagbag.py:541} INFO - Filling up the DagBag from /home/airflow/.local/lib/python3.7/site-packages/airflow/example_dags/example_time_delta_sensor_async.py
[2023-09-14T17:02:12.560+0000] {processor.py:809} INFO - DAG(s) dict_keys(['example_time_delta_sensor_async']) retrieved from /home/airflow/.local/lib/python3.7/site-packages/airflow/example_dags/example_time_delta_sensor_async.py
[2023-09-14T17:02:12.611+0000] {logging_mixin.py:149} INFO - [2023-09-14T17:02:12.610+0000] {dag.py:2726} INFO - Sync 1 DAGs
[2023-09-14T17:02:12.732+0000] {logging_mixin.py:149} INFO - [2023-09-14T17:02:12.731+0000] {dag.py:3490} INFO - Setting next_dagrun for example_time_delta_sensor_async to None, run_after=None
[2023-09-14T17:02:12.790+0000] {processor.py:178} INFO - Processing /home/airflow/.local/lib/python3.7/site-packages/airflow/example_dags/example_time_delta_sensor_async.py took 0.254 seconds
