[2023-09-14T16:10:39.757+0000] {processor.py:156} INFO - Started process (PID=72) to work on /home/airflow/.local/lib/python3.7/site-packages/airflow/example_dags/example_params_ui_tutorial.py
[2023-09-14T16:10:39.775+0000] {processor.py:799} INFO - Processing file /home/airflow/.local/lib/python3.7/site-packages/airflow/example_dags/example_params_ui_tutorial.py for tasks to queue
[2023-09-14T16:10:39.784+0000] {logging_mixin.py:149} INFO - [2023-09-14T16:10:39.783+0000] {dagbag.py:541} INFO - Filling up the DagBag from /home/airflow/.local/lib/python3.7/site-packages/airflow/example_dags/example_params_ui_tutorial.py
[2023-09-14T16:10:40.369+0000] {processor.py:809} INFO - DAG(s) dict_keys(['example_params_ui_tutorial']) retrieved from /home/airflow/.local/lib/python3.7/site-packages/airflow/example_dags/example_params_ui_tutorial.py
[2023-09-14T16:10:41.569+0000] {logging_mixin.py:149} INFO - [2023-09-14T16:10:41.568+0000] {dag.py:2726} INFO - Sync 1 DAGs
[2023-09-14T16:10:54.271+0000] {logging_mixin.py:149} INFO - [2023-09-14T16:10:54.269+0000] {dag.py:3490} INFO - Setting next_dagrun for example_params_ui_tutorial to None, run_after=None
[2023-09-14T16:10:54.705+0000] {processor.py:178} INFO - Processing /home/airflow/.local/lib/python3.7/site-packages/airflow/example_dags/example_params_ui_tutorial.py took 14.975 seconds
[2023-09-14T16:11:53.686+0000] {processor.py:156} INFO - Started process (PID=148) to work on /home/airflow/.local/lib/python3.7/site-packages/airflow/example_dags/example_params_ui_tutorial.py
[2023-09-14T16:11:53.690+0000] {processor.py:799} INFO - Processing file /home/airflow/.local/lib/python3.7/site-packages/airflow/example_dags/example_params_ui_tutorial.py for tasks to queue
[2023-09-14T16:11:53.694+0000] {logging_mixin.py:149} INFO - [2023-09-14T16:11:53.694+0000] {dagbag.py:541} INFO - Filling up the DagBag from /home/airflow/.local/lib/python3.7/site-packages/airflow/example_dags/example_params_ui_tutorial.py
[2023-09-14T16:11:53.886+0000] {processor.py:809} INFO - DAG(s) dict_keys(['example_params_ui_tutorial']) retrieved from /home/airflow/.local/lib/python3.7/site-packages/airflow/example_dags/example_params_ui_tutorial.py
[2023-09-14T16:11:54.756+0000] {logging_mixin.py:149} INFO - [2023-09-14T16:11:54.755+0000] {dag.py:2726} INFO - Sync 1 DAGs
[2023-09-14T16:11:54.912+0000] {logging_mixin.py:149} INFO - [2023-09-14T16:11:54.912+0000] {dag.py:3490} INFO - Setting next_dagrun for example_params_ui_tutorial to None, run_after=None
[2023-09-14T16:11:55.065+0000] {processor.py:178} INFO - Processing /home/airflow/.local/lib/python3.7/site-packages/airflow/example_dags/example_params_ui_tutorial.py took 1.389 seconds
[2023-09-14T16:12:30.889+0000] {processor.py:156} INFO - Started process (PID=209) to work on /home/airflow/.local/lib/python3.7/site-packages/airflow/example_dags/example_params_ui_tutorial.py
[2023-09-14T16:12:30.901+0000] {processor.py:799} INFO - Processing file /home/airflow/.local/lib/python3.7/site-packages/airflow/example_dags/example_params_ui_tutorial.py for tasks to queue
[2023-09-14T16:12:30.909+0000] {logging_mixin.py:149} INFO - [2023-09-14T16:12:30.908+0000] {dagbag.py:541} INFO - Filling up the DagBag from /home/airflow/.local/lib/python3.7/site-packages/airflow/example_dags/example_params_ui_tutorial.py
[2023-09-14T16:12:31.253+0000] {processor.py:809} INFO - DAG(s) dict_keys(['example_params_ui_tutorial']) retrieved from /home/airflow/.local/lib/python3.7/site-packages/airflow/example_dags/example_params_ui_tutorial.py
[2023-09-14T16:12:31.883+0000] {logging_mixin.py:149} INFO - [2023-09-14T16:12:31.882+0000] {dag.py:2726} INFO - Sync 1 DAGs
[2023-09-14T16:12:32.097+0000] {logging_mixin.py:149} INFO - [2023-09-14T16:12:32.097+0000] {dag.py:3490} INFO - Setting next_dagrun for example_params_ui_tutorial to None, run_after=None
[2023-09-14T16:12:32.260+0000] {processor.py:178} INFO - Processing /home/airflow/.local/lib/python3.7/site-packages/airflow/example_dags/example_params_ui_tutorial.py took 1.390 seconds
[2023-09-14T16:13:07.873+0000] {processor.py:156} INFO - Started process (PID=269) to work on /home/airflow/.local/lib/python3.7/site-packages/airflow/example_dags/example_params_ui_tutorial.py
[2023-09-14T16:13:07.877+0000] {processor.py:799} INFO - Processing file /home/airflow/.local/lib/python3.7/site-packages/airflow/example_dags/example_params_ui_tutorial.py for tasks to queue
[2023-09-14T16:13:07.880+0000] {logging_mixin.py:149} INFO - [2023-09-14T16:13:07.880+0000] {dagbag.py:541} INFO - Filling up the DagBag from /home/airflow/.local/lib/python3.7/site-packages/airflow/example_dags/example_params_ui_tutorial.py
[2023-09-14T16:13:08.048+0000] {processor.py:809} INFO - DAG(s) dict_keys(['example_params_ui_tutorial']) retrieved from /home/airflow/.local/lib/python3.7/site-packages/airflow/example_dags/example_params_ui_tutorial.py
[2023-09-14T16:13:08.344+0000] {logging_mixin.py:149} INFO - [2023-09-14T16:13:08.344+0000] {dag.py:2726} INFO - Sync 1 DAGs
[2023-09-14T16:13:08.466+0000] {logging_mixin.py:149} INFO - [2023-09-14T16:13:08.465+0000] {dag.py:3490} INFO - Setting next_dagrun for example_params_ui_tutorial to None, run_after=None
[2023-09-14T16:13:08.542+0000] {processor.py:178} INFO - Processing /home/airflow/.local/lib/python3.7/site-packages/airflow/example_dags/example_params_ui_tutorial.py took 0.683 seconds
[2023-09-14T16:13:44.301+0000] {processor.py:156} INFO - Started process (PID=322) to work on /home/airflow/.local/lib/python3.7/site-packages/airflow/example_dags/example_params_ui_tutorial.py
[2023-09-14T16:13:44.313+0000] {processor.py:799} INFO - Processing file /home/airflow/.local/lib/python3.7/site-packages/airflow/example_dags/example_params_ui_tutorial.py for tasks to queue
[2023-09-14T16:13:44.316+0000] {logging_mixin.py:149} INFO - [2023-09-14T16:13:44.315+0000] {dagbag.py:541} INFO - Filling up the DagBag from /home/airflow/.local/lib/python3.7/site-packages/airflow/example_dags/example_params_ui_tutorial.py
[2023-09-14T16:13:44.573+0000] {processor.py:809} INFO - DAG(s) dict_keys(['example_params_ui_tutorial']) retrieved from /home/airflow/.local/lib/python3.7/site-packages/airflow/example_dags/example_params_ui_tutorial.py
[2023-09-14T16:13:44.899+0000] {logging_mixin.py:149} INFO - [2023-09-14T16:13:44.898+0000] {dag.py:2726} INFO - Sync 1 DAGs
[2023-09-14T16:13:45.068+0000] {logging_mixin.py:149} INFO - [2023-09-14T16:13:45.068+0000] {dag.py:3490} INFO - Setting next_dagrun for example_params_ui_tutorial to None, run_after=None
[2023-09-14T16:13:45.189+0000] {processor.py:178} INFO - Processing /home/airflow/.local/lib/python3.7/site-packages/airflow/example_dags/example_params_ui_tutorial.py took 0.898 seconds
[2023-09-14T16:14:19.130+0000] {processor.py:156} INFO - Started process (PID=383) to work on /home/airflow/.local/lib/python3.7/site-packages/airflow/example_dags/example_params_ui_tutorial.py
[2023-09-14T16:14:19.135+0000] {processor.py:799} INFO - Processing file /home/airflow/.local/lib/python3.7/site-packages/airflow/example_dags/example_params_ui_tutorial.py for tasks to queue
[2023-09-14T16:14:19.142+0000] {logging_mixin.py:149} INFO - [2023-09-14T16:14:19.141+0000] {dagbag.py:541} INFO - Filling up the DagBag from /home/airflow/.local/lib/python3.7/site-packages/airflow/example_dags/example_params_ui_tutorial.py
[2023-09-14T16:14:19.385+0000] {processor.py:809} INFO - DAG(s) dict_keys(['example_params_ui_tutorial']) retrieved from /home/airflow/.local/lib/python3.7/site-packages/airflow/example_dags/example_params_ui_tutorial.py
[2023-09-14T16:14:19.710+0000] {logging_mixin.py:149} INFO - [2023-09-14T16:14:19.709+0000] {dag.py:2726} INFO - Sync 1 DAGs
[2023-09-14T16:14:19.822+0000] {logging_mixin.py:149} INFO - [2023-09-14T16:14:19.822+0000] {dag.py:3490} INFO - Setting next_dagrun for example_params_ui_tutorial to None, run_after=None
[2023-09-14T16:14:19.888+0000] {processor.py:178} INFO - Processing /home/airflow/.local/lib/python3.7/site-packages/airflow/example_dags/example_params_ui_tutorial.py took 0.776 seconds
[2023-09-14T16:14:50.189+0000] {processor.py:156} INFO - Started process (PID=445) to work on /home/airflow/.local/lib/python3.7/site-packages/airflow/example_dags/example_params_ui_tutorial.py
[2023-09-14T16:14:50.195+0000] {processor.py:799} INFO - Processing file /home/airflow/.local/lib/python3.7/site-packages/airflow/example_dags/example_params_ui_tutorial.py for tasks to queue
[2023-09-14T16:14:50.198+0000] {logging_mixin.py:149} INFO - [2023-09-14T16:14:50.197+0000] {dagbag.py:541} INFO - Filling up the DagBag from /home/airflow/.local/lib/python3.7/site-packages/airflow/example_dags/example_params_ui_tutorial.py
[2023-09-14T16:14:50.327+0000] {processor.py:809} INFO - DAG(s) dict_keys(['example_params_ui_tutorial']) retrieved from /home/airflow/.local/lib/python3.7/site-packages/airflow/example_dags/example_params_ui_tutorial.py
[2023-09-14T16:14:50.537+0000] {logging_mixin.py:149} INFO - [2023-09-14T16:14:50.536+0000] {dag.py:2726} INFO - Sync 1 DAGs
[2023-09-14T16:14:50.600+0000] {logging_mixin.py:149} INFO - [2023-09-14T16:14:50.600+0000] {dag.py:3490} INFO - Setting next_dagrun for example_params_ui_tutorial to None, run_after=None
[2023-09-14T16:14:50.662+0000] {processor.py:178} INFO - Processing /home/airflow/.local/lib/python3.7/site-packages/airflow/example_dags/example_params_ui_tutorial.py took 0.481 seconds
[2023-09-14T16:15:20.838+0000] {processor.py:156} INFO - Started process (PID=506) to work on /home/airflow/.local/lib/python3.7/site-packages/airflow/example_dags/example_params_ui_tutorial.py
[2023-09-14T16:15:20.843+0000] {processor.py:799} INFO - Processing file /home/airflow/.local/lib/python3.7/site-packages/airflow/example_dags/example_params_ui_tutorial.py for tasks to queue
[2023-09-14T16:15:20.845+0000] {logging_mixin.py:149} INFO - [2023-09-14T16:15:20.845+0000] {dagbag.py:541} INFO - Filling up the DagBag from /home/airflow/.local/lib/python3.7/site-packages/airflow/example_dags/example_params_ui_tutorial.py
[2023-09-14T16:15:20.988+0000] {processor.py:809} INFO - DAG(s) dict_keys(['example_params_ui_tutorial']) retrieved from /home/airflow/.local/lib/python3.7/site-packages/airflow/example_dags/example_params_ui_tutorial.py
[2023-09-14T16:15:21.198+0000] {logging_mixin.py:149} INFO - [2023-09-14T16:15:21.198+0000] {dag.py:2726} INFO - Sync 1 DAGs
[2023-09-14T16:15:21.255+0000] {logging_mixin.py:149} INFO - [2023-09-14T16:15:21.255+0000] {dag.py:3490} INFO - Setting next_dagrun for example_params_ui_tutorial to None, run_after=None
[2023-09-14T16:15:21.304+0000] {processor.py:178} INFO - Processing /home/airflow/.local/lib/python3.7/site-packages/airflow/example_dags/example_params_ui_tutorial.py took 0.478 seconds
[2023-09-14T16:15:51.877+0000] {processor.py:156} INFO - Started process (PID=567) to work on /home/airflow/.local/lib/python3.7/site-packages/airflow/example_dags/example_params_ui_tutorial.py
[2023-09-14T16:15:51.879+0000] {processor.py:799} INFO - Processing file /home/airflow/.local/lib/python3.7/site-packages/airflow/example_dags/example_params_ui_tutorial.py for tasks to queue
[2023-09-14T16:15:51.882+0000] {logging_mixin.py:149} INFO - [2023-09-14T16:15:51.881+0000] {dagbag.py:541} INFO - Filling up the DagBag from /home/airflow/.local/lib/python3.7/site-packages/airflow/example_dags/example_params_ui_tutorial.py
[2023-09-14T16:15:51.971+0000] {processor.py:809} INFO - DAG(s) dict_keys(['example_params_ui_tutorial']) retrieved from /home/airflow/.local/lib/python3.7/site-packages/airflow/example_dags/example_params_ui_tutorial.py
[2023-09-14T16:15:52.149+0000] {logging_mixin.py:149} INFO - [2023-09-14T16:15:52.149+0000] {dag.py:2726} INFO - Sync 1 DAGs
[2023-09-14T16:15:52.202+0000] {logging_mixin.py:149} INFO - [2023-09-14T16:15:52.202+0000] {dag.py:3490} INFO - Setting next_dagrun for example_params_ui_tutorial to None, run_after=None
[2023-09-14T16:15:52.259+0000] {processor.py:178} INFO - Processing /home/airflow/.local/lib/python3.7/site-packages/airflow/example_dags/example_params_ui_tutorial.py took 0.388 seconds
[2023-09-14T16:16:22.553+0000] {processor.py:156} INFO - Started process (PID=628) to work on /home/airflow/.local/lib/python3.7/site-packages/airflow/example_dags/example_params_ui_tutorial.py
[2023-09-14T16:16:22.556+0000] {processor.py:799} INFO - Processing file /home/airflow/.local/lib/python3.7/site-packages/airflow/example_dags/example_params_ui_tutorial.py for tasks to queue
[2023-09-14T16:16:22.558+0000] {logging_mixin.py:149} INFO - [2023-09-14T16:16:22.557+0000] {dagbag.py:541} INFO - Filling up the DagBag from /home/airflow/.local/lib/python3.7/site-packages/airflow/example_dags/example_params_ui_tutorial.py
[2023-09-14T16:16:22.648+0000] {processor.py:809} INFO - DAG(s) dict_keys(['example_params_ui_tutorial']) retrieved from /home/airflow/.local/lib/python3.7/site-packages/airflow/example_dags/example_params_ui_tutorial.py
[2023-09-14T16:16:22.776+0000] {logging_mixin.py:149} INFO - [2023-09-14T16:16:22.776+0000] {dag.py:2726} INFO - Sync 1 DAGs
[2023-09-14T16:16:22.823+0000] {logging_mixin.py:149} INFO - [2023-09-14T16:16:22.823+0000] {dag.py:3490} INFO - Setting next_dagrun for example_params_ui_tutorial to None, run_after=None
[2023-09-14T16:16:22.866+0000] {processor.py:178} INFO - Processing /home/airflow/.local/lib/python3.7/site-packages/airflow/example_dags/example_params_ui_tutorial.py took 0.320 seconds
[2023-09-14T16:16:53.147+0000] {processor.py:156} INFO - Started process (PID=689) to work on /home/airflow/.local/lib/python3.7/site-packages/airflow/example_dags/example_params_ui_tutorial.py
[2023-09-14T16:16:53.149+0000] {processor.py:799} INFO - Processing file /home/airflow/.local/lib/python3.7/site-packages/airflow/example_dags/example_params_ui_tutorial.py for tasks to queue
[2023-09-14T16:16:53.151+0000] {logging_mixin.py:149} INFO - [2023-09-14T16:16:53.151+0000] {dagbag.py:541} INFO - Filling up the DagBag from /home/airflow/.local/lib/python3.7/site-packages/airflow/example_dags/example_params_ui_tutorial.py
[2023-09-14T16:16:53.245+0000] {processor.py:809} INFO - DAG(s) dict_keys(['example_params_ui_tutorial']) retrieved from /home/airflow/.local/lib/python3.7/site-packages/airflow/example_dags/example_params_ui_tutorial.py
[2023-09-14T16:16:53.486+0000] {logging_mixin.py:149} INFO - [2023-09-14T16:16:53.486+0000] {dag.py:2726} INFO - Sync 1 DAGs
[2023-09-14T16:16:53.600+0000] {logging_mixin.py:149} INFO - [2023-09-14T16:16:53.600+0000] {dag.py:3490} INFO - Setting next_dagrun for example_params_ui_tutorial to None, run_after=None
[2023-09-14T16:16:53.728+0000] {processor.py:178} INFO - Processing /home/airflow/.local/lib/python3.7/site-packages/airflow/example_dags/example_params_ui_tutorial.py took 0.590 seconds
[2023-09-14T16:35:53.062+0000] {processor.py:156} INFO - Started process (PID=58) to work on /home/airflow/.local/lib/python3.7/site-packages/airflow/example_dags/example_params_ui_tutorial.py
[2023-09-14T16:35:53.067+0000] {processor.py:799} INFO - Processing file /home/airflow/.local/lib/python3.7/site-packages/airflow/example_dags/example_params_ui_tutorial.py for tasks to queue
[2023-09-14T16:35:53.073+0000] {logging_mixin.py:149} INFO - [2023-09-14T16:35:53.072+0000] {dagbag.py:541} INFO - Filling up the DagBag from /home/airflow/.local/lib/python3.7/site-packages/airflow/example_dags/example_params_ui_tutorial.py
[2023-09-14T16:35:53.449+0000] {processor.py:809} INFO - DAG(s) dict_keys(['example_params_ui_tutorial']) retrieved from /home/airflow/.local/lib/python3.7/site-packages/airflow/example_dags/example_params_ui_tutorial.py
[2023-09-14T16:35:54.186+0000] {logging_mixin.py:149} INFO - [2023-09-14T16:35:54.183+0000] {dag.py:2726} INFO - Sync 1 DAGs
[2023-09-14T16:35:55.376+0000] {logging_mixin.py:149} INFO - [2023-09-14T16:35:55.374+0000] {dag.py:3490} INFO - Setting next_dagrun for example_params_ui_tutorial to None, run_after=None
[2023-09-14T16:35:55.703+0000] {processor.py:178} INFO - Processing /home/airflow/.local/lib/python3.7/site-packages/airflow/example_dags/example_params_ui_tutorial.py took 2.734 seconds
[2023-09-14T16:36:35.993+0000] {processor.py:156} INFO - Started process (PID=126) to work on /home/airflow/.local/lib/python3.7/site-packages/airflow/example_dags/example_params_ui_tutorial.py
[2023-09-14T16:36:35.997+0000] {processor.py:799} INFO - Processing file /home/airflow/.local/lib/python3.7/site-packages/airflow/example_dags/example_params_ui_tutorial.py for tasks to queue
[2023-09-14T16:36:36.001+0000] {logging_mixin.py:149} INFO - [2023-09-14T16:36:36.000+0000] {dagbag.py:541} INFO - Filling up the DagBag from /home/airflow/.local/lib/python3.7/site-packages/airflow/example_dags/example_params_ui_tutorial.py
[2023-09-14T16:36:36.183+0000] {processor.py:809} INFO - DAG(s) dict_keys(['example_params_ui_tutorial']) retrieved from /home/airflow/.local/lib/python3.7/site-packages/airflow/example_dags/example_params_ui_tutorial.py
[2023-09-14T16:36:36.536+0000] {logging_mixin.py:149} INFO - [2023-09-14T16:36:36.536+0000] {dag.py:2726} INFO - Sync 1 DAGs
[2023-09-14T16:36:36.589+0000] {logging_mixin.py:149} INFO - [2023-09-14T16:36:36.589+0000] {dag.py:3490} INFO - Setting next_dagrun for example_params_ui_tutorial to None, run_after=None
[2023-09-14T16:36:36.654+0000] {processor.py:178} INFO - Processing /home/airflow/.local/lib/python3.7/site-packages/airflow/example_dags/example_params_ui_tutorial.py took 0.678 seconds
[2023-09-14T16:38:44.269+0000] {processor.py:156} INFO - Started process (PID=58) to work on /home/airflow/.local/lib/python3.7/site-packages/airflow/example_dags/example_params_ui_tutorial.py
[2023-09-14T16:38:44.304+0000] {processor.py:799} INFO - Processing file /home/airflow/.local/lib/python3.7/site-packages/airflow/example_dags/example_params_ui_tutorial.py for tasks to queue
[2023-09-14T16:38:44.345+0000] {logging_mixin.py:149} INFO - [2023-09-14T16:38:44.344+0000] {dagbag.py:541} INFO - Filling up the DagBag from /home/airflow/.local/lib/python3.7/site-packages/airflow/example_dags/example_params_ui_tutorial.py
[2023-09-14T16:38:46.813+0000] {processor.py:809} INFO - DAG(s) dict_keys(['example_params_ui_tutorial']) retrieved from /home/airflow/.local/lib/python3.7/site-packages/airflow/example_dags/example_params_ui_tutorial.py
[2023-09-14T16:38:47.974+0000] {logging_mixin.py:149} INFO - [2023-09-14T16:38:47.973+0000] {dag.py:2726} INFO - Sync 1 DAGs
[2023-09-14T16:38:48.368+0000] {logging_mixin.py:149} INFO - [2023-09-14T16:38:48.368+0000] {dag.py:3490} INFO - Setting next_dagrun for example_params_ui_tutorial to None, run_after=None
[2023-09-14T16:38:48.576+0000] {processor.py:178} INFO - Processing /home/airflow/.local/lib/python3.7/site-packages/airflow/example_dags/example_params_ui_tutorial.py took 4.357 seconds
[2023-09-14T16:39:38.202+0000] {processor.py:156} INFO - Started process (PID=118) to work on /home/airflow/.local/lib/python3.7/site-packages/airflow/example_dags/example_params_ui_tutorial.py
[2023-09-14T16:39:38.207+0000] {processor.py:799} INFO - Processing file /home/airflow/.local/lib/python3.7/site-packages/airflow/example_dags/example_params_ui_tutorial.py for tasks to queue
[2023-09-14T16:39:38.219+0000] {logging_mixin.py:149} INFO - [2023-09-14T16:39:38.218+0000] {dagbag.py:541} INFO - Filling up the DagBag from /home/airflow/.local/lib/python3.7/site-packages/airflow/example_dags/example_params_ui_tutorial.py
[2023-09-14T16:39:38.658+0000] {processor.py:809} INFO - DAG(s) dict_keys(['example_params_ui_tutorial']) retrieved from /home/airflow/.local/lib/python3.7/site-packages/airflow/example_dags/example_params_ui_tutorial.py
[2023-09-14T16:39:39.181+0000] {logging_mixin.py:149} INFO - [2023-09-14T16:39:39.181+0000] {dag.py:2726} INFO - Sync 1 DAGs
[2023-09-14T16:39:39.448+0000] {logging_mixin.py:149} INFO - [2023-09-14T16:39:39.448+0000] {dag.py:3490} INFO - Setting next_dagrun for example_params_ui_tutorial to None, run_after=None
[2023-09-14T16:39:39.496+0000] {processor.py:178} INFO - Processing /home/airflow/.local/lib/python3.7/site-packages/airflow/example_dags/example_params_ui_tutorial.py took 1.320 seconds
[2023-09-14T16:40:13.412+0000] {processor.py:156} INFO - Started process (PID=179) to work on /home/airflow/.local/lib/python3.7/site-packages/airflow/example_dags/example_params_ui_tutorial.py
[2023-09-14T16:40:13.417+0000] {processor.py:799} INFO - Processing file /home/airflow/.local/lib/python3.7/site-packages/airflow/example_dags/example_params_ui_tutorial.py for tasks to queue
[2023-09-14T16:40:13.422+0000] {logging_mixin.py:149} INFO - [2023-09-14T16:40:13.421+0000] {dagbag.py:541} INFO - Filling up the DagBag from /home/airflow/.local/lib/python3.7/site-packages/airflow/example_dags/example_params_ui_tutorial.py
[2023-09-14T16:40:13.794+0000] {processor.py:809} INFO - DAG(s) dict_keys(['example_params_ui_tutorial']) retrieved from /home/airflow/.local/lib/python3.7/site-packages/airflow/example_dags/example_params_ui_tutorial.py
[2023-09-14T16:40:13.980+0000] {logging_mixin.py:149} INFO - [2023-09-14T16:40:13.979+0000] {dag.py:2726} INFO - Sync 1 DAGs
[2023-09-14T16:40:14.050+0000] {logging_mixin.py:149} INFO - [2023-09-14T16:40:14.050+0000] {dag.py:3490} INFO - Setting next_dagrun for example_params_ui_tutorial to None, run_after=None
[2023-09-14T16:40:14.100+0000] {processor.py:178} INFO - Processing /home/airflow/.local/lib/python3.7/site-packages/airflow/example_dags/example_params_ui_tutorial.py took 0.700 seconds
[2023-09-14T16:40:44.517+0000] {processor.py:156} INFO - Started process (PID=247) to work on /home/airflow/.local/lib/python3.7/site-packages/airflow/example_dags/example_params_ui_tutorial.py
[2023-09-14T16:40:44.524+0000] {processor.py:799} INFO - Processing file /home/airflow/.local/lib/python3.7/site-packages/airflow/example_dags/example_params_ui_tutorial.py for tasks to queue
[2023-09-14T16:40:44.528+0000] {logging_mixin.py:149} INFO - [2023-09-14T16:40:44.527+0000] {dagbag.py:541} INFO - Filling up the DagBag from /home/airflow/.local/lib/python3.7/site-packages/airflow/example_dags/example_params_ui_tutorial.py
[2023-09-14T16:40:44.630+0000] {processor.py:809} INFO - DAG(s) dict_keys(['example_params_ui_tutorial']) retrieved from /home/airflow/.local/lib/python3.7/site-packages/airflow/example_dags/example_params_ui_tutorial.py
[2023-09-14T16:40:44.839+0000] {logging_mixin.py:149} INFO - [2023-09-14T16:40:44.838+0000] {dag.py:2726} INFO - Sync 1 DAGs
[2023-09-14T16:40:44.912+0000] {logging_mixin.py:149} INFO - [2023-09-14T16:40:44.912+0000] {dag.py:3490} INFO - Setting next_dagrun for example_params_ui_tutorial to None, run_after=None
[2023-09-14T16:40:44.999+0000] {processor.py:178} INFO - Processing /home/airflow/.local/lib/python3.7/site-packages/airflow/example_dags/example_params_ui_tutorial.py took 0.494 seconds
[2023-09-14T16:41:15.169+0000] {processor.py:156} INFO - Started process (PID=309) to work on /home/airflow/.local/lib/python3.7/site-packages/airflow/example_dags/example_params_ui_tutorial.py
[2023-09-14T16:41:15.172+0000] {processor.py:799} INFO - Processing file /home/airflow/.local/lib/python3.7/site-packages/airflow/example_dags/example_params_ui_tutorial.py for tasks to queue
[2023-09-14T16:41:15.175+0000] {logging_mixin.py:149} INFO - [2023-09-14T16:41:15.174+0000] {dagbag.py:541} INFO - Filling up the DagBag from /home/airflow/.local/lib/python3.7/site-packages/airflow/example_dags/example_params_ui_tutorial.py
[2023-09-14T16:41:15.259+0000] {processor.py:809} INFO - DAG(s) dict_keys(['example_params_ui_tutorial']) retrieved from /home/airflow/.local/lib/python3.7/site-packages/airflow/example_dags/example_params_ui_tutorial.py
[2023-09-14T16:41:15.395+0000] {logging_mixin.py:149} INFO - [2023-09-14T16:41:15.394+0000] {dag.py:2726} INFO - Sync 1 DAGs
[2023-09-14T16:41:15.447+0000] {logging_mixin.py:149} INFO - [2023-09-14T16:41:15.446+0000] {dag.py:3490} INFO - Setting next_dagrun for example_params_ui_tutorial to None, run_after=None
[2023-09-14T16:41:15.518+0000] {processor.py:178} INFO - Processing /home/airflow/.local/lib/python3.7/site-packages/airflow/example_dags/example_params_ui_tutorial.py took 0.355 seconds
[2023-09-14T16:41:45.856+0000] {processor.py:156} INFO - Started process (PID=370) to work on /home/airflow/.local/lib/python3.7/site-packages/airflow/example_dags/example_params_ui_tutorial.py
[2023-09-14T16:41:45.861+0000] {processor.py:799} INFO - Processing file /home/airflow/.local/lib/python3.7/site-packages/airflow/example_dags/example_params_ui_tutorial.py for tasks to queue
[2023-09-14T16:41:45.865+0000] {logging_mixin.py:149} INFO - [2023-09-14T16:41:45.865+0000] {dagbag.py:541} INFO - Filling up the DagBag from /home/airflow/.local/lib/python3.7/site-packages/airflow/example_dags/example_params_ui_tutorial.py
[2023-09-14T16:41:46.040+0000] {processor.py:809} INFO - DAG(s) dict_keys(['example_params_ui_tutorial']) retrieved from /home/airflow/.local/lib/python3.7/site-packages/airflow/example_dags/example_params_ui_tutorial.py
[2023-09-14T16:41:46.243+0000] {logging_mixin.py:149} INFO - [2023-09-14T16:41:46.243+0000] {dag.py:2726} INFO - Sync 1 DAGs
[2023-09-14T16:41:46.327+0000] {logging_mixin.py:149} INFO - [2023-09-14T16:41:46.327+0000] {dag.py:3490} INFO - Setting next_dagrun for example_params_ui_tutorial to None, run_after=None
[2023-09-14T16:41:46.385+0000] {processor.py:178} INFO - Processing /home/airflow/.local/lib/python3.7/site-packages/airflow/example_dags/example_params_ui_tutorial.py took 0.542 seconds
[2023-09-14T16:42:17.424+0000] {processor.py:156} INFO - Started process (PID=431) to work on /home/airflow/.local/lib/python3.7/site-packages/airflow/example_dags/example_params_ui_tutorial.py
[2023-09-14T16:42:17.427+0000] {processor.py:799} INFO - Processing file /home/airflow/.local/lib/python3.7/site-packages/airflow/example_dags/example_params_ui_tutorial.py for tasks to queue
[2023-09-14T16:42:17.431+0000] {logging_mixin.py:149} INFO - [2023-09-14T16:42:17.429+0000] {dagbag.py:541} INFO - Filling up the DagBag from /home/airflow/.local/lib/python3.7/site-packages/airflow/example_dags/example_params_ui_tutorial.py
[2023-09-14T16:42:17.557+0000] {processor.py:809} INFO - DAG(s) dict_keys(['example_params_ui_tutorial']) retrieved from /home/airflow/.local/lib/python3.7/site-packages/airflow/example_dags/example_params_ui_tutorial.py
[2023-09-14T16:42:17.734+0000] {logging_mixin.py:149} INFO - [2023-09-14T16:42:17.734+0000] {dag.py:2726} INFO - Sync 1 DAGs
[2023-09-14T16:42:17.824+0000] {logging_mixin.py:149} INFO - [2023-09-14T16:42:17.823+0000] {dag.py:3490} INFO - Setting next_dagrun for example_params_ui_tutorial to None, run_after=None
[2023-09-14T16:42:17.936+0000] {processor.py:178} INFO - Processing /home/airflow/.local/lib/python3.7/site-packages/airflow/example_dags/example_params_ui_tutorial.py took 0.522 seconds
[2023-09-14T16:42:48.368+0000] {processor.py:156} INFO - Started process (PID=493) to work on /home/airflow/.local/lib/python3.7/site-packages/airflow/example_dags/example_params_ui_tutorial.py
[2023-09-14T16:42:48.377+0000] {processor.py:799} INFO - Processing file /home/airflow/.local/lib/python3.7/site-packages/airflow/example_dags/example_params_ui_tutorial.py for tasks to queue
[2023-09-14T16:42:48.381+0000] {logging_mixin.py:149} INFO - [2023-09-14T16:42:48.380+0000] {dagbag.py:541} INFO - Filling up the DagBag from /home/airflow/.local/lib/python3.7/site-packages/airflow/example_dags/example_params_ui_tutorial.py
[2023-09-14T16:42:48.651+0000] {processor.py:809} INFO - DAG(s) dict_keys(['example_params_ui_tutorial']) retrieved from /home/airflow/.local/lib/python3.7/site-packages/airflow/example_dags/example_params_ui_tutorial.py
[2023-09-14T16:42:48.904+0000] {logging_mixin.py:149} INFO - [2023-09-14T16:42:48.903+0000] {dag.py:2726} INFO - Sync 1 DAGs
[2023-09-14T16:42:48.981+0000] {logging_mixin.py:149} INFO - [2023-09-14T16:42:48.981+0000] {dag.py:3490} INFO - Setting next_dagrun for example_params_ui_tutorial to None, run_after=None
[2023-09-14T16:42:49.111+0000] {processor.py:178} INFO - Processing /home/airflow/.local/lib/python3.7/site-packages/airflow/example_dags/example_params_ui_tutorial.py took 0.771 seconds
[2023-09-14T16:43:19.626+0000] {processor.py:156} INFO - Started process (PID=555) to work on /home/airflow/.local/lib/python3.7/site-packages/airflow/example_dags/example_params_ui_tutorial.py
[2023-09-14T16:43:19.628+0000] {processor.py:799} INFO - Processing file /home/airflow/.local/lib/python3.7/site-packages/airflow/example_dags/example_params_ui_tutorial.py for tasks to queue
[2023-09-14T16:43:19.632+0000] {logging_mixin.py:149} INFO - [2023-09-14T16:43:19.630+0000] {dagbag.py:541} INFO - Filling up the DagBag from /home/airflow/.local/lib/python3.7/site-packages/airflow/example_dags/example_params_ui_tutorial.py
[2023-09-14T16:43:19.740+0000] {processor.py:809} INFO - DAG(s) dict_keys(['example_params_ui_tutorial']) retrieved from /home/airflow/.local/lib/python3.7/site-packages/airflow/example_dags/example_params_ui_tutorial.py
[2023-09-14T16:43:19.899+0000] {logging_mixin.py:149} INFO - [2023-09-14T16:43:19.898+0000] {dag.py:2726} INFO - Sync 1 DAGs
[2023-09-14T16:43:19.963+0000] {logging_mixin.py:149} INFO - [2023-09-14T16:43:19.962+0000] {dag.py:3490} INFO - Setting next_dagrun for example_params_ui_tutorial to None, run_after=None
[2023-09-14T16:43:20.042+0000] {processor.py:178} INFO - Processing /home/airflow/.local/lib/python3.7/site-packages/airflow/example_dags/example_params_ui_tutorial.py took 0.420 seconds
[2023-09-14T16:43:50.514+0000] {processor.py:156} INFO - Started process (PID=616) to work on /home/airflow/.local/lib/python3.7/site-packages/airflow/example_dags/example_params_ui_tutorial.py
[2023-09-14T16:43:50.517+0000] {processor.py:799} INFO - Processing file /home/airflow/.local/lib/python3.7/site-packages/airflow/example_dags/example_params_ui_tutorial.py for tasks to queue
[2023-09-14T16:43:50.520+0000] {logging_mixin.py:149} INFO - [2023-09-14T16:43:50.519+0000] {dagbag.py:541} INFO - Filling up the DagBag from /home/airflow/.local/lib/python3.7/site-packages/airflow/example_dags/example_params_ui_tutorial.py
[2023-09-14T16:43:50.625+0000] {processor.py:809} INFO - DAG(s) dict_keys(['example_params_ui_tutorial']) retrieved from /home/airflow/.local/lib/python3.7/site-packages/airflow/example_dags/example_params_ui_tutorial.py
[2023-09-14T16:43:50.855+0000] {logging_mixin.py:149} INFO - [2023-09-14T16:43:50.855+0000] {dag.py:2726} INFO - Sync 1 DAGs
[2023-09-14T16:43:50.919+0000] {logging_mixin.py:149} INFO - [2023-09-14T16:43:50.918+0000] {dag.py:3490} INFO - Setting next_dagrun for example_params_ui_tutorial to None, run_after=None
[2023-09-14T16:43:50.963+0000] {processor.py:178} INFO - Processing /home/airflow/.local/lib/python3.7/site-packages/airflow/example_dags/example_params_ui_tutorial.py took 0.456 seconds
[2023-09-14T16:44:21.862+0000] {processor.py:156} INFO - Started process (PID=676) to work on /home/airflow/.local/lib/python3.7/site-packages/airflow/example_dags/example_params_ui_tutorial.py
[2023-09-14T16:44:21.864+0000] {processor.py:799} INFO - Processing file /home/airflow/.local/lib/python3.7/site-packages/airflow/example_dags/example_params_ui_tutorial.py for tasks to queue
[2023-09-14T16:44:21.866+0000] {logging_mixin.py:149} INFO - [2023-09-14T16:44:21.866+0000] {dagbag.py:541} INFO - Filling up the DagBag from /home/airflow/.local/lib/python3.7/site-packages/airflow/example_dags/example_params_ui_tutorial.py
[2023-09-14T16:44:21.956+0000] {processor.py:809} INFO - DAG(s) dict_keys(['example_params_ui_tutorial']) retrieved from /home/airflow/.local/lib/python3.7/site-packages/airflow/example_dags/example_params_ui_tutorial.py
[2023-09-14T16:44:22.094+0000] {logging_mixin.py:149} INFO - [2023-09-14T16:44:22.094+0000] {dag.py:2726} INFO - Sync 1 DAGs
[2023-09-14T16:44:22.143+0000] {logging_mixin.py:149} INFO - [2023-09-14T16:44:22.143+0000] {dag.py:3490} INFO - Setting next_dagrun for example_params_ui_tutorial to None, run_after=None
[2023-09-14T16:44:22.183+0000] {processor.py:178} INFO - Processing /home/airflow/.local/lib/python3.7/site-packages/airflow/example_dags/example_params_ui_tutorial.py took 0.327 seconds
[2023-09-14T16:44:55.651+0000] {processor.py:156} INFO - Started process (PID=737) to work on /home/airflow/.local/lib/python3.7/site-packages/airflow/example_dags/example_params_ui_tutorial.py
[2023-09-14T16:44:55.655+0000] {processor.py:799} INFO - Processing file /home/airflow/.local/lib/python3.7/site-packages/airflow/example_dags/example_params_ui_tutorial.py for tasks to queue
[2023-09-14T16:44:55.661+0000] {logging_mixin.py:149} INFO - [2023-09-14T16:44:55.660+0000] {dagbag.py:541} INFO - Filling up the DagBag from /home/airflow/.local/lib/python3.7/site-packages/airflow/example_dags/example_params_ui_tutorial.py
[2023-09-14T16:44:55.824+0000] {processor.py:809} INFO - DAG(s) dict_keys(['example_params_ui_tutorial']) retrieved from /home/airflow/.local/lib/python3.7/site-packages/airflow/example_dags/example_params_ui_tutorial.py
[2023-09-14T16:44:56.292+0000] {logging_mixin.py:149} INFO - [2023-09-14T16:44:56.291+0000] {dag.py:2726} INFO - Sync 1 DAGs
[2023-09-14T16:44:56.368+0000] {logging_mixin.py:149} INFO - [2023-09-14T16:44:56.367+0000] {dag.py:3490} INFO - Setting next_dagrun for example_params_ui_tutorial to None, run_after=None
[2023-09-14T16:44:56.424+0000] {processor.py:178} INFO - Processing /home/airflow/.local/lib/python3.7/site-packages/airflow/example_dags/example_params_ui_tutorial.py took 0.782 seconds
[2023-09-14T16:45:26.831+0000] {processor.py:156} INFO - Started process (PID=799) to work on /home/airflow/.local/lib/python3.7/site-packages/airflow/example_dags/example_params_ui_tutorial.py
[2023-09-14T16:45:26.834+0000] {processor.py:799} INFO - Processing file /home/airflow/.local/lib/python3.7/site-packages/airflow/example_dags/example_params_ui_tutorial.py for tasks to queue
[2023-09-14T16:45:26.839+0000] {logging_mixin.py:149} INFO - [2023-09-14T16:45:26.838+0000] {dagbag.py:541} INFO - Filling up the DagBag from /home/airflow/.local/lib/python3.7/site-packages/airflow/example_dags/example_params_ui_tutorial.py
[2023-09-14T16:45:26.944+0000] {processor.py:809} INFO - DAG(s) dict_keys(['example_params_ui_tutorial']) retrieved from /home/airflow/.local/lib/python3.7/site-packages/airflow/example_dags/example_params_ui_tutorial.py
[2023-09-14T16:45:27.083+0000] {logging_mixin.py:149} INFO - [2023-09-14T16:45:27.082+0000] {dag.py:2726} INFO - Sync 1 DAGs
[2023-09-14T16:45:27.127+0000] {logging_mixin.py:149} INFO - [2023-09-14T16:45:27.127+0000] {dag.py:3490} INFO - Setting next_dagrun for example_params_ui_tutorial to None, run_after=None
[2023-09-14T16:45:27.164+0000] {processor.py:178} INFO - Processing /home/airflow/.local/lib/python3.7/site-packages/airflow/example_dags/example_params_ui_tutorial.py took 0.342 seconds
[2023-09-14T16:45:58.722+0000] {processor.py:156} INFO - Started process (PID=859) to work on /home/airflow/.local/lib/python3.7/site-packages/airflow/example_dags/example_params_ui_tutorial.py
[2023-09-14T16:45:58.725+0000] {processor.py:799} INFO - Processing file /home/airflow/.local/lib/python3.7/site-packages/airflow/example_dags/example_params_ui_tutorial.py for tasks to queue
[2023-09-14T16:45:58.731+0000] {logging_mixin.py:149} INFO - [2023-09-14T16:45:58.730+0000] {dagbag.py:541} INFO - Filling up the DagBag from /home/airflow/.local/lib/python3.7/site-packages/airflow/example_dags/example_params_ui_tutorial.py
[2023-09-14T16:45:58.901+0000] {processor.py:809} INFO - DAG(s) dict_keys(['example_params_ui_tutorial']) retrieved from /home/airflow/.local/lib/python3.7/site-packages/airflow/example_dags/example_params_ui_tutorial.py
[2023-09-14T16:45:59.170+0000] {logging_mixin.py:149} INFO - [2023-09-14T16:45:59.170+0000] {dag.py:2726} INFO - Sync 1 DAGs
[2023-09-14T16:45:59.279+0000] {logging_mixin.py:149} INFO - [2023-09-14T16:45:59.278+0000] {dag.py:3490} INFO - Setting next_dagrun for example_params_ui_tutorial to None, run_after=None
[2023-09-14T16:45:59.343+0000] {processor.py:178} INFO - Processing /home/airflow/.local/lib/python3.7/site-packages/airflow/example_dags/example_params_ui_tutorial.py took 0.638 seconds
[2023-09-14T16:46:29.569+0000] {processor.py:156} INFO - Started process (PID=912) to work on /home/airflow/.local/lib/python3.7/site-packages/airflow/example_dags/example_params_ui_tutorial.py
[2023-09-14T16:46:29.572+0000] {processor.py:799} INFO - Processing file /home/airflow/.local/lib/python3.7/site-packages/airflow/example_dags/example_params_ui_tutorial.py for tasks to queue
[2023-09-14T16:46:29.575+0000] {logging_mixin.py:149} INFO - [2023-09-14T16:46:29.574+0000] {dagbag.py:541} INFO - Filling up the DagBag from /home/airflow/.local/lib/python3.7/site-packages/airflow/example_dags/example_params_ui_tutorial.py
[2023-09-14T16:46:29.731+0000] {processor.py:809} INFO - DAG(s) dict_keys(['example_params_ui_tutorial']) retrieved from /home/airflow/.local/lib/python3.7/site-packages/airflow/example_dags/example_params_ui_tutorial.py
[2023-09-14T16:46:29.967+0000] {logging_mixin.py:149} INFO - [2023-09-14T16:46:29.967+0000] {dag.py:2726} INFO - Sync 1 DAGs
[2023-09-14T16:46:30.084+0000] {logging_mixin.py:149} INFO - [2023-09-14T16:46:30.083+0000] {dag.py:3490} INFO - Setting next_dagrun for example_params_ui_tutorial to None, run_after=None
[2023-09-14T16:46:30.143+0000] {processor.py:178} INFO - Processing /home/airflow/.local/lib/python3.7/site-packages/airflow/example_dags/example_params_ui_tutorial.py took 0.582 seconds
[2023-09-14T16:47:00.910+0000] {processor.py:156} INFO - Started process (PID=973) to work on /home/airflow/.local/lib/python3.7/site-packages/airflow/example_dags/example_params_ui_tutorial.py
[2023-09-14T16:47:00.913+0000] {processor.py:799} INFO - Processing file /home/airflow/.local/lib/python3.7/site-packages/airflow/example_dags/example_params_ui_tutorial.py for tasks to queue
[2023-09-14T16:47:00.915+0000] {logging_mixin.py:149} INFO - [2023-09-14T16:47:00.915+0000] {dagbag.py:541} INFO - Filling up the DagBag from /home/airflow/.local/lib/python3.7/site-packages/airflow/example_dags/example_params_ui_tutorial.py
[2023-09-14T16:47:01.016+0000] {processor.py:809} INFO - DAG(s) dict_keys(['example_params_ui_tutorial']) retrieved from /home/airflow/.local/lib/python3.7/site-packages/airflow/example_dags/example_params_ui_tutorial.py
[2023-09-14T16:47:01.246+0000] {logging_mixin.py:149} INFO - [2023-09-14T16:47:01.245+0000] {dag.py:2726} INFO - Sync 1 DAGs
[2023-09-14T16:47:01.331+0000] {logging_mixin.py:149} INFO - [2023-09-14T16:47:01.330+0000] {dag.py:3490} INFO - Setting next_dagrun for example_params_ui_tutorial to None, run_after=None
[2023-09-14T16:47:01.415+0000] {processor.py:178} INFO - Processing /home/airflow/.local/lib/python3.7/site-packages/airflow/example_dags/example_params_ui_tutorial.py took 0.516 seconds
[2023-09-14T16:47:32.224+0000] {processor.py:156} INFO - Started process (PID=1034) to work on /home/airflow/.local/lib/python3.7/site-packages/airflow/example_dags/example_params_ui_tutorial.py
[2023-09-14T16:47:32.229+0000] {processor.py:799} INFO - Processing file /home/airflow/.local/lib/python3.7/site-packages/airflow/example_dags/example_params_ui_tutorial.py for tasks to queue
[2023-09-14T16:47:32.233+0000] {logging_mixin.py:149} INFO - [2023-09-14T16:47:32.232+0000] {dagbag.py:541} INFO - Filling up the DagBag from /home/airflow/.local/lib/python3.7/site-packages/airflow/example_dags/example_params_ui_tutorial.py
[2023-09-14T16:47:32.466+0000] {processor.py:809} INFO - DAG(s) dict_keys(['example_params_ui_tutorial']) retrieved from /home/airflow/.local/lib/python3.7/site-packages/airflow/example_dags/example_params_ui_tutorial.py
[2023-09-14T16:47:33.036+0000] {logging_mixin.py:149} INFO - [2023-09-14T16:47:33.035+0000] {dag.py:2726} INFO - Sync 1 DAGs
[2023-09-14T16:47:33.265+0000] {logging_mixin.py:149} INFO - [2023-09-14T16:47:33.263+0000] {dag.py:3490} INFO - Setting next_dagrun for example_params_ui_tutorial to None, run_after=None
[2023-09-14T16:47:33.375+0000] {processor.py:178} INFO - Processing /home/airflow/.local/lib/python3.7/site-packages/airflow/example_dags/example_params_ui_tutorial.py took 1.161 seconds
[2023-09-14T16:48:03.599+0000] {processor.py:156} INFO - Started process (PID=1095) to work on /home/airflow/.local/lib/python3.7/site-packages/airflow/example_dags/example_params_ui_tutorial.py
[2023-09-14T16:48:03.604+0000] {processor.py:799} INFO - Processing file /home/airflow/.local/lib/python3.7/site-packages/airflow/example_dags/example_params_ui_tutorial.py for tasks to queue
[2023-09-14T16:48:03.607+0000] {logging_mixin.py:149} INFO - [2023-09-14T16:48:03.606+0000] {dagbag.py:541} INFO - Filling up the DagBag from /home/airflow/.local/lib/python3.7/site-packages/airflow/example_dags/example_params_ui_tutorial.py
[2023-09-14T16:48:03.776+0000] {processor.py:809} INFO - DAG(s) dict_keys(['example_params_ui_tutorial']) retrieved from /home/airflow/.local/lib/python3.7/site-packages/airflow/example_dags/example_params_ui_tutorial.py
[2023-09-14T16:48:03.989+0000] {logging_mixin.py:149} INFO - [2023-09-14T16:48:03.988+0000] {dag.py:2726} INFO - Sync 1 DAGs
[2023-09-14T16:48:04.060+0000] {logging_mixin.py:149} INFO - [2023-09-14T16:48:04.060+0000] {dag.py:3490} INFO - Setting next_dagrun for example_params_ui_tutorial to None, run_after=None
[2023-09-14T16:48:04.126+0000] {processor.py:178} INFO - Processing /home/airflow/.local/lib/python3.7/site-packages/airflow/example_dags/example_params_ui_tutorial.py took 0.539 seconds
[2023-09-14T16:48:34.747+0000] {processor.py:156} INFO - Started process (PID=1155) to work on /home/airflow/.local/lib/python3.7/site-packages/airflow/example_dags/example_params_ui_tutorial.py
[2023-09-14T16:48:34.749+0000] {processor.py:799} INFO - Processing file /home/airflow/.local/lib/python3.7/site-packages/airflow/example_dags/example_params_ui_tutorial.py for tasks to queue
[2023-09-14T16:48:34.751+0000] {logging_mixin.py:149} INFO - [2023-09-14T16:48:34.751+0000] {dagbag.py:541} INFO - Filling up the DagBag from /home/airflow/.local/lib/python3.7/site-packages/airflow/example_dags/example_params_ui_tutorial.py
[2023-09-14T16:48:34.917+0000] {processor.py:809} INFO - DAG(s) dict_keys(['example_params_ui_tutorial']) retrieved from /home/airflow/.local/lib/python3.7/site-packages/airflow/example_dags/example_params_ui_tutorial.py
[2023-09-14T16:48:35.147+0000] {logging_mixin.py:149} INFO - [2023-09-14T16:48:35.147+0000] {dag.py:2726} INFO - Sync 1 DAGs
[2023-09-14T16:48:35.216+0000] {logging_mixin.py:149} INFO - [2023-09-14T16:48:35.215+0000] {dag.py:3490} INFO - Setting next_dagrun for example_params_ui_tutorial to None, run_after=None
[2023-09-14T16:48:35.317+0000] {processor.py:178} INFO - Processing /home/airflow/.local/lib/python3.7/site-packages/airflow/example_dags/example_params_ui_tutorial.py took 0.576 seconds
[2023-09-14T16:49:06.008+0000] {processor.py:156} INFO - Started process (PID=1216) to work on /home/airflow/.local/lib/python3.7/site-packages/airflow/example_dags/example_params_ui_tutorial.py
[2023-09-14T16:49:06.012+0000] {processor.py:799} INFO - Processing file /home/airflow/.local/lib/python3.7/site-packages/airflow/example_dags/example_params_ui_tutorial.py for tasks to queue
[2023-09-14T16:49:06.016+0000] {logging_mixin.py:149} INFO - [2023-09-14T16:49:06.015+0000] {dagbag.py:541} INFO - Filling up the DagBag from /home/airflow/.local/lib/python3.7/site-packages/airflow/example_dags/example_params_ui_tutorial.py
[2023-09-14T16:49:06.248+0000] {processor.py:809} INFO - DAG(s) dict_keys(['example_params_ui_tutorial']) retrieved from /home/airflow/.local/lib/python3.7/site-packages/airflow/example_dags/example_params_ui_tutorial.py
[2023-09-14T16:49:06.584+0000] {logging_mixin.py:149} INFO - [2023-09-14T16:49:06.583+0000] {dag.py:2726} INFO - Sync 1 DAGs
[2023-09-14T16:49:06.734+0000] {logging_mixin.py:149} INFO - [2023-09-14T16:49:06.733+0000] {dag.py:3490} INFO - Setting next_dagrun for example_params_ui_tutorial to None, run_after=None
[2023-09-14T16:49:06.864+0000] {processor.py:178} INFO - Processing /home/airflow/.local/lib/python3.7/site-packages/airflow/example_dags/example_params_ui_tutorial.py took 0.877 seconds
[2023-09-14T16:49:37.389+0000] {processor.py:156} INFO - Started process (PID=1277) to work on /home/airflow/.local/lib/python3.7/site-packages/airflow/example_dags/example_params_ui_tutorial.py
[2023-09-14T16:49:37.391+0000] {processor.py:799} INFO - Processing file /home/airflow/.local/lib/python3.7/site-packages/airflow/example_dags/example_params_ui_tutorial.py for tasks to queue
[2023-09-14T16:49:37.394+0000] {logging_mixin.py:149} INFO - [2023-09-14T16:49:37.394+0000] {dagbag.py:541} INFO - Filling up the DagBag from /home/airflow/.local/lib/python3.7/site-packages/airflow/example_dags/example_params_ui_tutorial.py
[2023-09-14T16:49:37.534+0000] {processor.py:809} INFO - DAG(s) dict_keys(['example_params_ui_tutorial']) retrieved from /home/airflow/.local/lib/python3.7/site-packages/airflow/example_dags/example_params_ui_tutorial.py
[2023-09-14T16:49:37.746+0000] {logging_mixin.py:149} INFO - [2023-09-14T16:49:37.746+0000] {dag.py:2726} INFO - Sync 1 DAGs
[2023-09-14T16:49:37.829+0000] {logging_mixin.py:149} INFO - [2023-09-14T16:49:37.829+0000] {dag.py:3490} INFO - Setting next_dagrun for example_params_ui_tutorial to None, run_after=None
[2023-09-14T16:49:37.890+0000] {processor.py:178} INFO - Processing /home/airflow/.local/lib/python3.7/site-packages/airflow/example_dags/example_params_ui_tutorial.py took 0.513 seconds
[2023-09-14T16:50:08.408+0000] {processor.py:156} INFO - Started process (PID=1337) to work on /home/airflow/.local/lib/python3.7/site-packages/airflow/example_dags/example_params_ui_tutorial.py
[2023-09-14T16:50:08.421+0000] {processor.py:799} INFO - Processing file /home/airflow/.local/lib/python3.7/site-packages/airflow/example_dags/example_params_ui_tutorial.py for tasks to queue
[2023-09-14T16:50:08.426+0000] {logging_mixin.py:149} INFO - [2023-09-14T16:50:08.425+0000] {dagbag.py:541} INFO - Filling up the DagBag from /home/airflow/.local/lib/python3.7/site-packages/airflow/example_dags/example_params_ui_tutorial.py
[2023-09-14T16:50:08.657+0000] {processor.py:809} INFO - DAG(s) dict_keys(['example_params_ui_tutorial']) retrieved from /home/airflow/.local/lib/python3.7/site-packages/airflow/example_dags/example_params_ui_tutorial.py
[2023-09-14T16:50:09.042+0000] {logging_mixin.py:149} INFO - [2023-09-14T16:50:09.042+0000] {dag.py:2726} INFO - Sync 1 DAGs
[2023-09-14T16:50:09.136+0000] {logging_mixin.py:149} INFO - [2023-09-14T16:50:09.136+0000] {dag.py:3490} INFO - Setting next_dagrun for example_params_ui_tutorial to None, run_after=None
[2023-09-14T16:50:09.227+0000] {processor.py:178} INFO - Processing /home/airflow/.local/lib/python3.7/site-packages/airflow/example_dags/example_params_ui_tutorial.py took 0.840 seconds
[2023-09-14T16:50:39.394+0000] {processor.py:156} INFO - Started process (PID=1398) to work on /home/airflow/.local/lib/python3.7/site-packages/airflow/example_dags/example_params_ui_tutorial.py
[2023-09-14T16:50:39.398+0000] {processor.py:799} INFO - Processing file /home/airflow/.local/lib/python3.7/site-packages/airflow/example_dags/example_params_ui_tutorial.py for tasks to queue
[2023-09-14T16:50:39.401+0000] {logging_mixin.py:149} INFO - [2023-09-14T16:50:39.400+0000] {dagbag.py:541} INFO - Filling up the DagBag from /home/airflow/.local/lib/python3.7/site-packages/airflow/example_dags/example_params_ui_tutorial.py
[2023-09-14T16:50:39.984+0000] {processor.py:809} INFO - DAG(s) dict_keys(['example_params_ui_tutorial']) retrieved from /home/airflow/.local/lib/python3.7/site-packages/airflow/example_dags/example_params_ui_tutorial.py
[2023-09-14T16:50:40.460+0000] {logging_mixin.py:149} INFO - [2023-09-14T16:50:40.460+0000] {dag.py:2726} INFO - Sync 1 DAGs
[2023-09-14T16:50:40.595+0000] {logging_mixin.py:149} INFO - [2023-09-14T16:50:40.594+0000] {dag.py:3490} INFO - Setting next_dagrun for example_params_ui_tutorial to None, run_after=None
[2023-09-14T16:50:40.715+0000] {processor.py:178} INFO - Processing /home/airflow/.local/lib/python3.7/site-packages/airflow/example_dags/example_params_ui_tutorial.py took 1.340 seconds
[2023-09-14T16:51:11.123+0000] {processor.py:156} INFO - Started process (PID=1459) to work on /home/airflow/.local/lib/python3.7/site-packages/airflow/example_dags/example_params_ui_tutorial.py
[2023-09-14T16:51:11.128+0000] {processor.py:799} INFO - Processing file /home/airflow/.local/lib/python3.7/site-packages/airflow/example_dags/example_params_ui_tutorial.py for tasks to queue
[2023-09-14T16:51:11.135+0000] {logging_mixin.py:149} INFO - [2023-09-14T16:51:11.134+0000] {dagbag.py:541} INFO - Filling up the DagBag from /home/airflow/.local/lib/python3.7/site-packages/airflow/example_dags/example_params_ui_tutorial.py
[2023-09-14T16:51:11.370+0000] {processor.py:809} INFO - DAG(s) dict_keys(['example_params_ui_tutorial']) retrieved from /home/airflow/.local/lib/python3.7/site-packages/airflow/example_dags/example_params_ui_tutorial.py
[2023-09-14T16:51:11.679+0000] {logging_mixin.py:149} INFO - [2023-09-14T16:51:11.679+0000] {dag.py:2726} INFO - Sync 1 DAGs
[2023-09-14T16:51:11.803+0000] {logging_mixin.py:149} INFO - [2023-09-14T16:51:11.802+0000] {dag.py:3490} INFO - Setting next_dagrun for example_params_ui_tutorial to None, run_after=None
[2023-09-14T16:51:11.897+0000] {processor.py:178} INFO - Processing /home/airflow/.local/lib/python3.7/site-packages/airflow/example_dags/example_params_ui_tutorial.py took 0.787 seconds
[2023-09-14T16:51:42.249+0000] {processor.py:156} INFO - Started process (PID=1521) to work on /home/airflow/.local/lib/python3.7/site-packages/airflow/example_dags/example_params_ui_tutorial.py
[2023-09-14T16:51:42.253+0000] {processor.py:799} INFO - Processing file /home/airflow/.local/lib/python3.7/site-packages/airflow/example_dags/example_params_ui_tutorial.py for tasks to queue
[2023-09-14T16:51:42.255+0000] {logging_mixin.py:149} INFO - [2023-09-14T16:51:42.255+0000] {dagbag.py:541} INFO - Filling up the DagBag from /home/airflow/.local/lib/python3.7/site-packages/airflow/example_dags/example_params_ui_tutorial.py
[2023-09-14T16:51:42.375+0000] {processor.py:809} INFO - DAG(s) dict_keys(['example_params_ui_tutorial']) retrieved from /home/airflow/.local/lib/python3.7/site-packages/airflow/example_dags/example_params_ui_tutorial.py
[2023-09-14T16:51:42.613+0000] {logging_mixin.py:149} INFO - [2023-09-14T16:51:42.612+0000] {dag.py:2726} INFO - Sync 1 DAGs
[2023-09-14T16:51:42.706+0000] {logging_mixin.py:149} INFO - [2023-09-14T16:51:42.706+0000] {dag.py:3490} INFO - Setting next_dagrun for example_params_ui_tutorial to None, run_after=None
[2023-09-14T16:51:42.811+0000] {processor.py:178} INFO - Processing /home/airflow/.local/lib/python3.7/site-packages/airflow/example_dags/example_params_ui_tutorial.py took 0.567 seconds
[2023-09-14T16:52:13.440+0000] {processor.py:156} INFO - Started process (PID=1584) to work on /home/airflow/.local/lib/python3.7/site-packages/airflow/example_dags/example_params_ui_tutorial.py
[2023-09-14T16:52:13.448+0000] {processor.py:799} INFO - Processing file /home/airflow/.local/lib/python3.7/site-packages/airflow/example_dags/example_params_ui_tutorial.py for tasks to queue
[2023-09-14T16:52:13.454+0000] {logging_mixin.py:149} INFO - [2023-09-14T16:52:13.454+0000] {dagbag.py:541} INFO - Filling up the DagBag from /home/airflow/.local/lib/python3.7/site-packages/airflow/example_dags/example_params_ui_tutorial.py
[2023-09-14T16:52:13.776+0000] {processor.py:809} INFO - DAG(s) dict_keys(['example_params_ui_tutorial']) retrieved from /home/airflow/.local/lib/python3.7/site-packages/airflow/example_dags/example_params_ui_tutorial.py
[2023-09-14T16:52:14.324+0000] {logging_mixin.py:149} INFO - [2023-09-14T16:52:14.323+0000] {dag.py:2726} INFO - Sync 1 DAGs
[2023-09-14T16:52:14.439+0000] {logging_mixin.py:149} INFO - [2023-09-14T16:52:14.438+0000] {dag.py:3490} INFO - Setting next_dagrun for example_params_ui_tutorial to None, run_after=None
[2023-09-14T16:52:14.608+0000] {processor.py:178} INFO - Processing /home/airflow/.local/lib/python3.7/site-packages/airflow/example_dags/example_params_ui_tutorial.py took 1.184 seconds
[2023-09-14T16:52:44.843+0000] {processor.py:156} INFO - Started process (PID=1645) to work on /home/airflow/.local/lib/python3.7/site-packages/airflow/example_dags/example_params_ui_tutorial.py
[2023-09-14T16:52:44.846+0000] {processor.py:799} INFO - Processing file /home/airflow/.local/lib/python3.7/site-packages/airflow/example_dags/example_params_ui_tutorial.py for tasks to queue
[2023-09-14T16:52:44.850+0000] {logging_mixin.py:149} INFO - [2023-09-14T16:52:44.849+0000] {dagbag.py:541} INFO - Filling up the DagBag from /home/airflow/.local/lib/python3.7/site-packages/airflow/example_dags/example_params_ui_tutorial.py
[2023-09-14T16:52:44.997+0000] {processor.py:809} INFO - DAG(s) dict_keys(['example_params_ui_tutorial']) retrieved from /home/airflow/.local/lib/python3.7/site-packages/airflow/example_dags/example_params_ui_tutorial.py
[2023-09-14T16:52:45.213+0000] {logging_mixin.py:149} INFO - [2023-09-14T16:52:45.212+0000] {dag.py:2726} INFO - Sync 1 DAGs
[2023-09-14T16:52:45.286+0000] {logging_mixin.py:149} INFO - [2023-09-14T16:52:45.285+0000] {dag.py:3490} INFO - Setting next_dagrun for example_params_ui_tutorial to None, run_after=None
[2023-09-14T16:52:45.387+0000] {processor.py:178} INFO - Processing /home/airflow/.local/lib/python3.7/site-packages/airflow/example_dags/example_params_ui_tutorial.py took 0.552 seconds
[2023-09-14T16:53:15.779+0000] {processor.py:156} INFO - Started process (PID=1706) to work on /home/airflow/.local/lib/python3.7/site-packages/airflow/example_dags/example_params_ui_tutorial.py
[2023-09-14T16:53:15.782+0000] {processor.py:799} INFO - Processing file /home/airflow/.local/lib/python3.7/site-packages/airflow/example_dags/example_params_ui_tutorial.py for tasks to queue
[2023-09-14T16:53:15.784+0000] {logging_mixin.py:149} INFO - [2023-09-14T16:53:15.784+0000] {dagbag.py:541} INFO - Filling up the DagBag from /home/airflow/.local/lib/python3.7/site-packages/airflow/example_dags/example_params_ui_tutorial.py
[2023-09-14T16:53:15.935+0000] {processor.py:809} INFO - DAG(s) dict_keys(['example_params_ui_tutorial']) retrieved from /home/airflow/.local/lib/python3.7/site-packages/airflow/example_dags/example_params_ui_tutorial.py
[2023-09-14T16:53:16.481+0000] {logging_mixin.py:149} INFO - [2023-09-14T16:53:16.480+0000] {dag.py:2726} INFO - Sync 1 DAGs
[2023-09-14T16:53:16.864+0000] {logging_mixin.py:149} INFO - [2023-09-14T16:53:16.863+0000] {dag.py:3490} INFO - Setting next_dagrun for example_params_ui_tutorial to None, run_after=None
[2023-09-14T16:53:17.134+0000] {processor.py:178} INFO - Processing /home/airflow/.local/lib/python3.7/site-packages/airflow/example_dags/example_params_ui_tutorial.py took 1.365 seconds
[2023-09-14T16:53:47.399+0000] {processor.py:156} INFO - Started process (PID=1772) to work on /home/airflow/.local/lib/python3.7/site-packages/airflow/example_dags/example_params_ui_tutorial.py
[2023-09-14T16:53:47.402+0000] {processor.py:799} INFO - Processing file /home/airflow/.local/lib/python3.7/site-packages/airflow/example_dags/example_params_ui_tutorial.py for tasks to queue
[2023-09-14T16:53:47.406+0000] {logging_mixin.py:149} INFO - [2023-09-14T16:53:47.405+0000] {dagbag.py:541} INFO - Filling up the DagBag from /home/airflow/.local/lib/python3.7/site-packages/airflow/example_dags/example_params_ui_tutorial.py
[2023-09-14T16:53:47.562+0000] {processor.py:809} INFO - DAG(s) dict_keys(['example_params_ui_tutorial']) retrieved from /home/airflow/.local/lib/python3.7/site-packages/airflow/example_dags/example_params_ui_tutorial.py
[2023-09-14T16:53:47.880+0000] {logging_mixin.py:149} INFO - [2023-09-14T16:53:47.880+0000] {dag.py:2726} INFO - Sync 1 DAGs
[2023-09-14T16:53:47.973+0000] {logging_mixin.py:149} INFO - [2023-09-14T16:53:47.973+0000] {dag.py:3490} INFO - Setting next_dagrun for example_params_ui_tutorial to None, run_after=None
[2023-09-14T16:53:48.093+0000] {processor.py:178} INFO - Processing /home/airflow/.local/lib/python3.7/site-packages/airflow/example_dags/example_params_ui_tutorial.py took 0.705 seconds
[2023-09-14T16:54:24.157+0000] {processor.py:156} INFO - Started process (PID=1843) to work on /home/airflow/.local/lib/python3.7/site-packages/airflow/example_dags/example_params_ui_tutorial.py
[2023-09-14T16:54:24.166+0000] {processor.py:799} INFO - Processing file /home/airflow/.local/lib/python3.7/site-packages/airflow/example_dags/example_params_ui_tutorial.py for tasks to queue
[2023-09-14T16:54:24.337+0000] {logging_mixin.py:149} INFO - [2023-09-14T16:54:24.336+0000] {dagbag.py:541} INFO - Filling up the DagBag from /home/airflow/.local/lib/python3.7/site-packages/airflow/example_dags/example_params_ui_tutorial.py
[2023-09-14T16:54:24.986+0000] {processor.py:809} INFO - DAG(s) dict_keys(['example_params_ui_tutorial']) retrieved from /home/airflow/.local/lib/python3.7/site-packages/airflow/example_dags/example_params_ui_tutorial.py
[2023-09-14T16:54:25.719+0000] {logging_mixin.py:149} INFO - [2023-09-14T16:54:25.719+0000] {dag.py:2726} INFO - Sync 1 DAGs
[2023-09-14T16:54:25.944+0000] {logging_mixin.py:149} INFO - [2023-09-14T16:54:25.943+0000] {dag.py:3490} INFO - Setting next_dagrun for example_params_ui_tutorial to None, run_after=None
[2023-09-14T16:54:26.105+0000] {processor.py:178} INFO - Processing /home/airflow/.local/lib/python3.7/site-packages/airflow/example_dags/example_params_ui_tutorial.py took 1.993 seconds
[2023-09-14T16:55:02.913+0000] {processor.py:156} INFO - Started process (PID=1909) to work on /home/airflow/.local/lib/python3.7/site-packages/airflow/example_dags/example_params_ui_tutorial.py
[2023-09-14T16:55:02.917+0000] {processor.py:799} INFO - Processing file /home/airflow/.local/lib/python3.7/site-packages/airflow/example_dags/example_params_ui_tutorial.py for tasks to queue
[2023-09-14T16:55:02.920+0000] {logging_mixin.py:149} INFO - [2023-09-14T16:55:02.920+0000] {dagbag.py:541} INFO - Filling up the DagBag from /home/airflow/.local/lib/python3.7/site-packages/airflow/example_dags/example_params_ui_tutorial.py
[2023-09-14T16:55:03.058+0000] {processor.py:809} INFO - DAG(s) dict_keys(['example_params_ui_tutorial']) retrieved from /home/airflow/.local/lib/python3.7/site-packages/airflow/example_dags/example_params_ui_tutorial.py
[2023-09-14T16:55:03.313+0000] {logging_mixin.py:149} INFO - [2023-09-14T16:55:03.313+0000] {dag.py:2726} INFO - Sync 1 DAGs
[2023-09-14T16:55:03.413+0000] {logging_mixin.py:149} INFO - [2023-09-14T16:55:03.413+0000] {dag.py:3490} INFO - Setting next_dagrun for example_params_ui_tutorial to None, run_after=None
[2023-09-14T16:55:03.491+0000] {processor.py:178} INFO - Processing /home/airflow/.local/lib/python3.7/site-packages/airflow/example_dags/example_params_ui_tutorial.py took 0.587 seconds
[2023-09-14T16:55:34.556+0000] {processor.py:156} INFO - Started process (PID=1975) to work on /home/airflow/.local/lib/python3.7/site-packages/airflow/example_dags/example_params_ui_tutorial.py
[2023-09-14T16:55:34.560+0000] {processor.py:799} INFO - Processing file /home/airflow/.local/lib/python3.7/site-packages/airflow/example_dags/example_params_ui_tutorial.py for tasks to queue
[2023-09-14T16:55:34.564+0000] {logging_mixin.py:149} INFO - [2023-09-14T16:55:34.563+0000] {dagbag.py:541} INFO - Filling up the DagBag from /home/airflow/.local/lib/python3.7/site-packages/airflow/example_dags/example_params_ui_tutorial.py
[2023-09-14T16:55:35.000+0000] {processor.py:809} INFO - DAG(s) dict_keys(['example_params_ui_tutorial']) retrieved from /home/airflow/.local/lib/python3.7/site-packages/airflow/example_dags/example_params_ui_tutorial.py
[2023-09-14T16:55:35.907+0000] {logging_mixin.py:149} INFO - [2023-09-14T16:55:35.906+0000] {dag.py:2726} INFO - Sync 1 DAGs
[2023-09-14T16:55:36.201+0000] {logging_mixin.py:149} INFO - [2023-09-14T16:55:36.200+0000] {dag.py:3490} INFO - Setting next_dagrun for example_params_ui_tutorial to None, run_after=None
[2023-09-14T16:55:36.314+0000] {processor.py:178} INFO - Processing /home/airflow/.local/lib/python3.7/site-packages/airflow/example_dags/example_params_ui_tutorial.py took 1.772 seconds
[2023-09-14T16:56:06.607+0000] {processor.py:156} INFO - Started process (PID=2040) to work on /home/airflow/.local/lib/python3.7/site-packages/airflow/example_dags/example_params_ui_tutorial.py
[2023-09-14T16:56:06.612+0000] {processor.py:799} INFO - Processing file /home/airflow/.local/lib/python3.7/site-packages/airflow/example_dags/example_params_ui_tutorial.py for tasks to queue
[2023-09-14T16:56:06.617+0000] {logging_mixin.py:149} INFO - [2023-09-14T16:56:06.616+0000] {dagbag.py:541} INFO - Filling up the DagBag from /home/airflow/.local/lib/python3.7/site-packages/airflow/example_dags/example_params_ui_tutorial.py
[2023-09-14T16:56:06.770+0000] {processor.py:809} INFO - DAG(s) dict_keys(['example_params_ui_tutorial']) retrieved from /home/airflow/.local/lib/python3.7/site-packages/airflow/example_dags/example_params_ui_tutorial.py
[2023-09-14T16:56:07.002+0000] {logging_mixin.py:149} INFO - [2023-09-14T16:56:07.001+0000] {dag.py:2726} INFO - Sync 1 DAGs
[2023-09-14T16:56:07.099+0000] {logging_mixin.py:149} INFO - [2023-09-14T16:56:07.098+0000] {dag.py:3490} INFO - Setting next_dagrun for example_params_ui_tutorial to None, run_after=None
[2023-09-14T16:56:07.176+0000] {processor.py:178} INFO - Processing /home/airflow/.local/lib/python3.7/site-packages/airflow/example_dags/example_params_ui_tutorial.py took 0.580 seconds
[2023-09-14T16:56:37.513+0000] {processor.py:156} INFO - Started process (PID=2105) to work on /home/airflow/.local/lib/python3.7/site-packages/airflow/example_dags/example_params_ui_tutorial.py
[2023-09-14T16:56:37.516+0000] {processor.py:799} INFO - Processing file /home/airflow/.local/lib/python3.7/site-packages/airflow/example_dags/example_params_ui_tutorial.py for tasks to queue
[2023-09-14T16:56:37.519+0000] {logging_mixin.py:149} INFO - [2023-09-14T16:56:37.518+0000] {dagbag.py:541} INFO - Filling up the DagBag from /home/airflow/.local/lib/python3.7/site-packages/airflow/example_dags/example_params_ui_tutorial.py
[2023-09-14T16:56:37.720+0000] {processor.py:809} INFO - DAG(s) dict_keys(['example_params_ui_tutorial']) retrieved from /home/airflow/.local/lib/python3.7/site-packages/airflow/example_dags/example_params_ui_tutorial.py
[2023-09-14T16:56:37.966+0000] {logging_mixin.py:149} INFO - [2023-09-14T16:56:37.965+0000] {dag.py:2726} INFO - Sync 1 DAGs
[2023-09-14T16:56:38.056+0000] {logging_mixin.py:149} INFO - [2023-09-14T16:56:38.056+0000] {dag.py:3490} INFO - Setting next_dagrun for example_params_ui_tutorial to None, run_after=None
[2023-09-14T16:56:38.150+0000] {processor.py:178} INFO - Processing /home/airflow/.local/lib/python3.7/site-packages/airflow/example_dags/example_params_ui_tutorial.py took 0.649 seconds
[2023-09-14T16:57:08.319+0000] {processor.py:156} INFO - Started process (PID=2161) to work on /home/airflow/.local/lib/python3.7/site-packages/airflow/example_dags/example_params_ui_tutorial.py
[2023-09-14T16:57:08.323+0000] {processor.py:799} INFO - Processing file /home/airflow/.local/lib/python3.7/site-packages/airflow/example_dags/example_params_ui_tutorial.py for tasks to queue
[2023-09-14T16:57:08.326+0000] {logging_mixin.py:149} INFO - [2023-09-14T16:57:08.326+0000] {dagbag.py:541} INFO - Filling up the DagBag from /home/airflow/.local/lib/python3.7/site-packages/airflow/example_dags/example_params_ui_tutorial.py
[2023-09-14T16:57:08.444+0000] {processor.py:809} INFO - DAG(s) dict_keys(['example_params_ui_tutorial']) retrieved from /home/airflow/.local/lib/python3.7/site-packages/airflow/example_dags/example_params_ui_tutorial.py
[2023-09-14T16:57:08.693+0000] {logging_mixin.py:149} INFO - [2023-09-14T16:57:08.693+0000] {dag.py:2726} INFO - Sync 1 DAGs
[2023-09-14T16:57:08.762+0000] {logging_mixin.py:149} INFO - [2023-09-14T16:57:08.762+0000] {dag.py:3490} INFO - Setting next_dagrun for example_params_ui_tutorial to None, run_after=None
[2023-09-14T16:57:08.813+0000] {processor.py:178} INFO - Processing /home/airflow/.local/lib/python3.7/site-packages/airflow/example_dags/example_params_ui_tutorial.py took 0.501 seconds
[2023-09-14T16:57:40.130+0000] {processor.py:156} INFO - Started process (PID=2229) to work on /home/airflow/.local/lib/python3.7/site-packages/airflow/example_dags/example_params_ui_tutorial.py
[2023-09-14T16:57:40.132+0000] {processor.py:799} INFO - Processing file /home/airflow/.local/lib/python3.7/site-packages/airflow/example_dags/example_params_ui_tutorial.py for tasks to queue
[2023-09-14T16:57:40.136+0000] {logging_mixin.py:149} INFO - [2023-09-14T16:57:40.136+0000] {dagbag.py:541} INFO - Filling up the DagBag from /home/airflow/.local/lib/python3.7/site-packages/airflow/example_dags/example_params_ui_tutorial.py
[2023-09-14T16:57:40.270+0000] {processor.py:809} INFO - DAG(s) dict_keys(['example_params_ui_tutorial']) retrieved from /home/airflow/.local/lib/python3.7/site-packages/airflow/example_dags/example_params_ui_tutorial.py
[2023-09-14T16:57:40.470+0000] {logging_mixin.py:149} INFO - [2023-09-14T16:57:40.469+0000] {dag.py:2726} INFO - Sync 1 DAGs
[2023-09-14T16:57:40.531+0000] {logging_mixin.py:149} INFO - [2023-09-14T16:57:40.531+0000] {dag.py:3490} INFO - Setting next_dagrun for example_params_ui_tutorial to None, run_after=None
[2023-09-14T16:57:40.598+0000] {processor.py:178} INFO - Processing /home/airflow/.local/lib/python3.7/site-packages/airflow/example_dags/example_params_ui_tutorial.py took 0.481 seconds
[2023-09-14T16:58:11.147+0000] {processor.py:156} INFO - Started process (PID=2294) to work on /home/airflow/.local/lib/python3.7/site-packages/airflow/example_dags/example_params_ui_tutorial.py
[2023-09-14T16:58:11.153+0000] {processor.py:799} INFO - Processing file /home/airflow/.local/lib/python3.7/site-packages/airflow/example_dags/example_params_ui_tutorial.py for tasks to queue
[2023-09-14T16:58:11.160+0000] {logging_mixin.py:149} INFO - [2023-09-14T16:58:11.158+0000] {dagbag.py:541} INFO - Filling up the DagBag from /home/airflow/.local/lib/python3.7/site-packages/airflow/example_dags/example_params_ui_tutorial.py
[2023-09-14T16:58:11.356+0000] {processor.py:809} INFO - DAG(s) dict_keys(['example_params_ui_tutorial']) retrieved from /home/airflow/.local/lib/python3.7/site-packages/airflow/example_dags/example_params_ui_tutorial.py
[2023-09-14T16:58:11.699+0000] {logging_mixin.py:149} INFO - [2023-09-14T16:58:11.698+0000] {dag.py:2726} INFO - Sync 1 DAGs
[2023-09-14T16:58:11.835+0000] {logging_mixin.py:149} INFO - [2023-09-14T16:58:11.834+0000] {dag.py:3490} INFO - Setting next_dagrun for example_params_ui_tutorial to None, run_after=None
[2023-09-14T16:58:11.932+0000] {processor.py:178} INFO - Processing /home/airflow/.local/lib/python3.7/site-packages/airflow/example_dags/example_params_ui_tutorial.py took 0.793 seconds
[2023-09-14T16:58:54.235+0000] {processor.py:156} INFO - Started process (PID=2365) to work on /home/airflow/.local/lib/python3.7/site-packages/airflow/example_dags/example_params_ui_tutorial.py
[2023-09-14T16:58:54.240+0000] {processor.py:799} INFO - Processing file /home/airflow/.local/lib/python3.7/site-packages/airflow/example_dags/example_params_ui_tutorial.py for tasks to queue
[2023-09-14T16:58:54.245+0000] {logging_mixin.py:149} INFO - [2023-09-14T16:58:54.244+0000] {dagbag.py:541} INFO - Filling up the DagBag from /home/airflow/.local/lib/python3.7/site-packages/airflow/example_dags/example_params_ui_tutorial.py
[2023-09-14T16:58:54.495+0000] {processor.py:809} INFO - DAG(s) dict_keys(['example_params_ui_tutorial']) retrieved from /home/airflow/.local/lib/python3.7/site-packages/airflow/example_dags/example_params_ui_tutorial.py
[2023-09-14T16:58:54.802+0000] {logging_mixin.py:149} INFO - [2023-09-14T16:58:54.801+0000] {dag.py:2726} INFO - Sync 1 DAGs
[2023-09-14T16:58:54.936+0000] {logging_mixin.py:149} INFO - [2023-09-14T16:58:54.936+0000] {dag.py:3490} INFO - Setting next_dagrun for example_params_ui_tutorial to None, run_after=None
[2023-09-14T16:58:55.010+0000] {processor.py:178} INFO - Processing /home/airflow/.local/lib/python3.7/site-packages/airflow/example_dags/example_params_ui_tutorial.py took 0.789 seconds
[2023-09-14T16:59:25.587+0000] {processor.py:156} INFO - Started process (PID=2435) to work on /home/airflow/.local/lib/python3.7/site-packages/airflow/example_dags/example_params_ui_tutorial.py
[2023-09-14T16:59:25.589+0000] {processor.py:799} INFO - Processing file /home/airflow/.local/lib/python3.7/site-packages/airflow/example_dags/example_params_ui_tutorial.py for tasks to queue
[2023-09-14T16:59:25.591+0000] {logging_mixin.py:149} INFO - [2023-09-14T16:59:25.591+0000] {dagbag.py:541} INFO - Filling up the DagBag from /home/airflow/.local/lib/python3.7/site-packages/airflow/example_dags/example_params_ui_tutorial.py
[2023-09-14T16:59:25.756+0000] {processor.py:809} INFO - DAG(s) dict_keys(['example_params_ui_tutorial']) retrieved from /home/airflow/.local/lib/python3.7/site-packages/airflow/example_dags/example_params_ui_tutorial.py
[2023-09-14T16:59:26.036+0000] {logging_mixin.py:149} INFO - [2023-09-14T16:59:26.035+0000] {dag.py:2726} INFO - Sync 1 DAGs
[2023-09-14T16:59:26.139+0000] {logging_mixin.py:149} INFO - [2023-09-14T16:59:26.138+0000] {dag.py:3490} INFO - Setting next_dagrun for example_params_ui_tutorial to None, run_after=None
[2023-09-14T16:59:26.213+0000] {processor.py:178} INFO - Processing /home/airflow/.local/lib/python3.7/site-packages/airflow/example_dags/example_params_ui_tutorial.py took 0.633 seconds
[2023-09-14T16:59:56.993+0000] {processor.py:156} INFO - Started process (PID=2500) to work on /home/airflow/.local/lib/python3.7/site-packages/airflow/example_dags/example_params_ui_tutorial.py
[2023-09-14T16:59:57.009+0000] {processor.py:799} INFO - Processing file /home/airflow/.local/lib/python3.7/site-packages/airflow/example_dags/example_params_ui_tutorial.py for tasks to queue
[2023-09-14T16:59:57.028+0000] {logging_mixin.py:149} INFO - [2023-09-14T16:59:57.027+0000] {dagbag.py:541} INFO - Filling up the DagBag from /home/airflow/.local/lib/python3.7/site-packages/airflow/example_dags/example_params_ui_tutorial.py
[2023-09-14T16:59:57.473+0000] {processor.py:809} INFO - DAG(s) dict_keys(['example_params_ui_tutorial']) retrieved from /home/airflow/.local/lib/python3.7/site-packages/airflow/example_dags/example_params_ui_tutorial.py
[2023-09-14T16:59:58.297+0000] {logging_mixin.py:149} INFO - [2023-09-14T16:59:58.296+0000] {dag.py:2726} INFO - Sync 1 DAGs
[2023-09-14T16:59:58.600+0000] {logging_mixin.py:149} INFO - [2023-09-14T16:59:58.599+0000] {dag.py:3490} INFO - Setting next_dagrun for example_params_ui_tutorial to None, run_after=None
[2023-09-14T16:59:58.776+0000] {processor.py:178} INFO - Processing /home/airflow/.local/lib/python3.7/site-packages/airflow/example_dags/example_params_ui_tutorial.py took 1.811 seconds
[2023-09-14T17:00:29.115+0000] {processor.py:156} INFO - Started process (PID=2564) to work on /home/airflow/.local/lib/python3.7/site-packages/airflow/example_dags/example_params_ui_tutorial.py
[2023-09-14T17:00:29.118+0000] {processor.py:799} INFO - Processing file /home/airflow/.local/lib/python3.7/site-packages/airflow/example_dags/example_params_ui_tutorial.py for tasks to queue
[2023-09-14T17:00:29.121+0000] {logging_mixin.py:149} INFO - [2023-09-14T17:00:29.121+0000] {dagbag.py:541} INFO - Filling up the DagBag from /home/airflow/.local/lib/python3.7/site-packages/airflow/example_dags/example_params_ui_tutorial.py
[2023-09-14T17:00:29.252+0000] {processor.py:809} INFO - DAG(s) dict_keys(['example_params_ui_tutorial']) retrieved from /home/airflow/.local/lib/python3.7/site-packages/airflow/example_dags/example_params_ui_tutorial.py
[2023-09-14T17:00:29.431+0000] {logging_mixin.py:149} INFO - [2023-09-14T17:00:29.431+0000] {dag.py:2726} INFO - Sync 1 DAGs
[2023-09-14T17:00:29.506+0000] {logging_mixin.py:149} INFO - [2023-09-14T17:00:29.505+0000] {dag.py:3490} INFO - Setting next_dagrun for example_params_ui_tutorial to None, run_after=None
[2023-09-14T17:00:29.572+0000] {processor.py:178} INFO - Processing /home/airflow/.local/lib/python3.7/site-packages/airflow/example_dags/example_params_ui_tutorial.py took 0.466 seconds
[2023-09-14T17:00:59.861+0000] {processor.py:156} INFO - Started process (PID=2628) to work on /home/airflow/.local/lib/python3.7/site-packages/airflow/example_dags/example_params_ui_tutorial.py
[2023-09-14T17:00:59.864+0000] {processor.py:799} INFO - Processing file /home/airflow/.local/lib/python3.7/site-packages/airflow/example_dags/example_params_ui_tutorial.py for tasks to queue
[2023-09-14T17:00:59.867+0000] {logging_mixin.py:149} INFO - [2023-09-14T17:00:59.867+0000] {dagbag.py:541} INFO - Filling up the DagBag from /home/airflow/.local/lib/python3.7/site-packages/airflow/example_dags/example_params_ui_tutorial.py
[2023-09-14T17:00:59.968+0000] {processor.py:809} INFO - DAG(s) dict_keys(['example_params_ui_tutorial']) retrieved from /home/airflow/.local/lib/python3.7/site-packages/airflow/example_dags/example_params_ui_tutorial.py
[2023-09-14T17:01:00.266+0000] {logging_mixin.py:149} INFO - [2023-09-14T17:01:00.265+0000] {dag.py:2726} INFO - Sync 1 DAGs
[2023-09-14T17:01:00.478+0000] {logging_mixin.py:149} INFO - [2023-09-14T17:01:00.477+0000] {dag.py:3490} INFO - Setting next_dagrun for example_params_ui_tutorial to None, run_after=None
[2023-09-14T17:01:00.611+0000] {processor.py:178} INFO - Processing /home/airflow/.local/lib/python3.7/site-packages/airflow/example_dags/example_params_ui_tutorial.py took 0.755 seconds
[2023-09-14T17:01:31.168+0000] {processor.py:156} INFO - Started process (PID=2692) to work on /home/airflow/.local/lib/python3.7/site-packages/airflow/example_dags/example_params_ui_tutorial.py
[2023-09-14T17:01:31.170+0000] {processor.py:799} INFO - Processing file /home/airflow/.local/lib/python3.7/site-packages/airflow/example_dags/example_params_ui_tutorial.py for tasks to queue
[2023-09-14T17:01:31.171+0000] {logging_mixin.py:149} INFO - [2023-09-14T17:01:31.171+0000] {dagbag.py:541} INFO - Filling up the DagBag from /home/airflow/.local/lib/python3.7/site-packages/airflow/example_dags/example_params_ui_tutorial.py
[2023-09-14T17:01:31.231+0000] {processor.py:809} INFO - DAG(s) dict_keys(['example_params_ui_tutorial']) retrieved from /home/airflow/.local/lib/python3.7/site-packages/airflow/example_dags/example_params_ui_tutorial.py
[2023-09-14T17:01:31.374+0000] {logging_mixin.py:149} INFO - [2023-09-14T17:01:31.374+0000] {dag.py:2726} INFO - Sync 1 DAGs
[2023-09-14T17:01:31.409+0000] {logging_mixin.py:149} INFO - [2023-09-14T17:01:31.409+0000] {dag.py:3490} INFO - Setting next_dagrun for example_params_ui_tutorial to None, run_after=None
[2023-09-14T17:01:31.441+0000] {processor.py:178} INFO - Processing /home/airflow/.local/lib/python3.7/site-packages/airflow/example_dags/example_params_ui_tutorial.py took 0.277 seconds
[2023-09-14T17:02:01.723+0000] {processor.py:156} INFO - Started process (PID=2757) to work on /home/airflow/.local/lib/python3.7/site-packages/airflow/example_dags/example_params_ui_tutorial.py
[2023-09-14T17:02:01.725+0000] {processor.py:799} INFO - Processing file /home/airflow/.local/lib/python3.7/site-packages/airflow/example_dags/example_params_ui_tutorial.py for tasks to queue
[2023-09-14T17:02:01.726+0000] {logging_mixin.py:149} INFO - [2023-09-14T17:02:01.726+0000] {dagbag.py:541} INFO - Filling up the DagBag from /home/airflow/.local/lib/python3.7/site-packages/airflow/example_dags/example_params_ui_tutorial.py
[2023-09-14T17:02:01.801+0000] {processor.py:809} INFO - DAG(s) dict_keys(['example_params_ui_tutorial']) retrieved from /home/airflow/.local/lib/python3.7/site-packages/airflow/example_dags/example_params_ui_tutorial.py
[2023-09-14T17:02:01.896+0000] {logging_mixin.py:149} INFO - [2023-09-14T17:02:01.896+0000] {dag.py:2726} INFO - Sync 1 DAGs
[2023-09-14T17:02:01.939+0000] {logging_mixin.py:149} INFO - [2023-09-14T17:02:01.938+0000] {dag.py:3490} INFO - Setting next_dagrun for example_params_ui_tutorial to None, run_after=None
[2023-09-14T17:02:01.973+0000] {processor.py:178} INFO - Processing /home/airflow/.local/lib/python3.7/site-packages/airflow/example_dags/example_params_ui_tutorial.py took 0.253 seconds
