[2023-09-14T16:10:23.223+0000] {processor.py:156} INFO - Started process (PID=65) to work on /home/airflow/.local/lib/python3.7/site-packages/airflow/example_dags/example_short_circuit_operator.py
[2023-09-14T16:10:23.476+0000] {processor.py:799} INFO - Processing file /home/airflow/.local/lib/python3.7/site-packages/airflow/example_dags/example_short_circuit_operator.py for tasks to queue
[2023-09-14T16:10:23.782+0000] {logging_mixin.py:149} INFO - [2023-09-14T16:10:23.774+0000] {dagbag.py:541} INFO - Filling up the DagBag from /home/airflow/.local/lib/python3.7/site-packages/airflow/example_dags/example_short_circuit_operator.py
[2023-09-14T16:10:24.959+0000] {processor.py:809} INFO - DAG(s) dict_keys(['example_short_circuit_operator']) retrieved from /home/airflow/.local/lib/python3.7/site-packages/airflow/example_dags/example_short_circuit_operator.py
[2023-09-14T16:10:26.802+0000] {logging_mixin.py:149} INFO - [2023-09-14T16:10:26.785+0000] {dag.py:2726} INFO - Sync 1 DAGs
[2023-09-14T16:10:27.915+0000] {logging_mixin.py:149} INFO - [2023-09-14T16:10:27.914+0000] {dag.py:3490} INFO - Setting next_dagrun for example_short_circuit_operator to 2023-09-13T16:10:27.908106+00:00, run_after=2023-09-14T16:10:27.908106+00:00
[2023-09-14T16:10:28.417+0000] {processor.py:178} INFO - Processing /home/airflow/.local/lib/python3.7/site-packages/airflow/example_dags/example_short_circuit_operator.py took 5.860 seconds
[2023-09-14T16:11:49.381+0000] {processor.py:156} INFO - Started process (PID=134) to work on /home/airflow/.local/lib/python3.7/site-packages/airflow/example_dags/example_short_circuit_operator.py
[2023-09-14T16:11:49.384+0000] {processor.py:799} INFO - Processing file /home/airflow/.local/lib/python3.7/site-packages/airflow/example_dags/example_short_circuit_operator.py for tasks to queue
[2023-09-14T16:11:49.393+0000] {logging_mixin.py:149} INFO - [2023-09-14T16:11:49.390+0000] {dagbag.py:541} INFO - Filling up the DagBag from /home/airflow/.local/lib/python3.7/site-packages/airflow/example_dags/example_short_circuit_operator.py
[2023-09-14T16:11:49.430+0000] {processor.py:809} INFO - DAG(s) dict_keys(['example_short_circuit_operator']) retrieved from /home/airflow/.local/lib/python3.7/site-packages/airflow/example_dags/example_short_circuit_operator.py
[2023-09-14T16:11:49.575+0000] {logging_mixin.py:149} INFO - [2023-09-14T16:11:49.574+0000] {dag.py:2726} INFO - Sync 1 DAGs
[2023-09-14T16:11:50.319+0000] {logging_mixin.py:149} INFO - [2023-09-14T16:11:50.318+0000] {dag.py:3490} INFO - Setting next_dagrun for example_short_circuit_operator to 2023-09-13T16:11:50.315507+00:00, run_after=2023-09-14T16:11:50.315507+00:00
[2023-09-14T16:11:50.457+0000] {processor.py:178} INFO - Processing /home/airflow/.local/lib/python3.7/site-packages/airflow/example_dags/example_short_circuit_operator.py took 1.092 seconds
[2023-09-14T16:12:28.097+0000] {processor.py:156} INFO - Started process (PID=202) to work on /home/airflow/.local/lib/python3.7/site-packages/airflow/example_dags/example_short_circuit_operator.py
[2023-09-14T16:12:28.114+0000] {processor.py:799} INFO - Processing file /home/airflow/.local/lib/python3.7/site-packages/airflow/example_dags/example_short_circuit_operator.py for tasks to queue
[2023-09-14T16:12:28.125+0000] {logging_mixin.py:149} INFO - [2023-09-14T16:12:28.117+0000] {dagbag.py:541} INFO - Filling up the DagBag from /home/airflow/.local/lib/python3.7/site-packages/airflow/example_dags/example_short_circuit_operator.py
[2023-09-14T16:12:28.224+0000] {processor.py:809} INFO - DAG(s) dict_keys(['example_short_circuit_operator']) retrieved from /home/airflow/.local/lib/python3.7/site-packages/airflow/example_dags/example_short_circuit_operator.py
[2023-09-14T16:12:28.525+0000] {logging_mixin.py:149} INFO - [2023-09-14T16:12:28.525+0000] {dag.py:2726} INFO - Sync 1 DAGs
[2023-09-14T16:12:28.680+0000] {logging_mixin.py:149} INFO - [2023-09-14T16:12:28.680+0000] {dag.py:3490} INFO - Setting next_dagrun for example_short_circuit_operator to 2023-09-13T16:12:28.679652+00:00, run_after=2023-09-14T16:12:28.679652+00:00
[2023-09-14T16:12:28.875+0000] {processor.py:178} INFO - Processing /home/airflow/.local/lib/python3.7/site-packages/airflow/example_dags/example_short_circuit_operator.py took 0.809 seconds
[2023-09-14T16:13:02.458+0000] {processor.py:156} INFO - Started process (PID=254) to work on /home/airflow/.local/lib/python3.7/site-packages/airflow/example_dags/example_short_circuit_operator.py
[2023-09-14T16:13:02.479+0000] {processor.py:799} INFO - Processing file /home/airflow/.local/lib/python3.7/site-packages/airflow/example_dags/example_short_circuit_operator.py for tasks to queue
[2023-09-14T16:13:02.488+0000] {logging_mixin.py:149} INFO - [2023-09-14T16:13:02.487+0000] {dagbag.py:541} INFO - Filling up the DagBag from /home/airflow/.local/lib/python3.7/site-packages/airflow/example_dags/example_short_circuit_operator.py
[2023-09-14T16:13:02.556+0000] {processor.py:809} INFO - DAG(s) dict_keys(['example_short_circuit_operator']) retrieved from /home/airflow/.local/lib/python3.7/site-packages/airflow/example_dags/example_short_circuit_operator.py
[2023-09-14T16:13:02.773+0000] {logging_mixin.py:149} INFO - [2023-09-14T16:13:02.773+0000] {dag.py:2726} INFO - Sync 1 DAGs
[2023-09-14T16:13:03.040+0000] {logging_mixin.py:149} INFO - [2023-09-14T16:13:03.039+0000] {dag.py:3490} INFO - Setting next_dagrun for example_short_circuit_operator to 2023-09-13T16:13:03.038674+00:00, run_after=2023-09-14T16:13:03.038674+00:00
[2023-09-14T16:13:03.181+0000] {processor.py:178} INFO - Processing /home/airflow/.local/lib/python3.7/site-packages/airflow/example_dags/example_short_circuit_operator.py took 0.753 seconds
[2023-09-14T16:13:39.601+0000] {processor.py:156} INFO - Started process (PID=315) to work on /home/airflow/.local/lib/python3.7/site-packages/airflow/example_dags/example_short_circuit_operator.py
[2023-09-14T16:13:39.612+0000] {processor.py:799} INFO - Processing file /home/airflow/.local/lib/python3.7/site-packages/airflow/example_dags/example_short_circuit_operator.py for tasks to queue
[2023-09-14T16:13:39.622+0000] {logging_mixin.py:149} INFO - [2023-09-14T16:13:39.622+0000] {dagbag.py:541} INFO - Filling up the DagBag from /home/airflow/.local/lib/python3.7/site-packages/airflow/example_dags/example_short_circuit_operator.py
[2023-09-14T16:13:39.851+0000] {processor.py:809} INFO - DAG(s) dict_keys(['example_short_circuit_operator']) retrieved from /home/airflow/.local/lib/python3.7/site-packages/airflow/example_dags/example_short_circuit_operator.py
[2023-09-14T16:13:41.179+0000] {logging_mixin.py:149} INFO - [2023-09-14T16:13:41.178+0000] {dag.py:2726} INFO - Sync 1 DAGs
[2023-09-14T16:13:41.662+0000] {logging_mixin.py:149} INFO - [2023-09-14T16:13:41.661+0000] {dag.py:3490} INFO - Setting next_dagrun for example_short_circuit_operator to 2023-09-13T16:13:41.650013+00:00, run_after=2023-09-14T16:13:41.650013+00:00
[2023-09-14T16:13:41.788+0000] {processor.py:178} INFO - Processing /home/airflow/.local/lib/python3.7/site-packages/airflow/example_dags/example_short_circuit_operator.py took 2.206 seconds
[2023-09-14T16:14:12.443+0000] {processor.py:156} INFO - Started process (PID=376) to work on /home/airflow/.local/lib/python3.7/site-packages/airflow/example_dags/example_short_circuit_operator.py
[2023-09-14T16:14:12.462+0000] {processor.py:799} INFO - Processing file /home/airflow/.local/lib/python3.7/site-packages/airflow/example_dags/example_short_circuit_operator.py for tasks to queue
[2023-09-14T16:14:12.489+0000] {logging_mixin.py:149} INFO - [2023-09-14T16:14:12.488+0000] {dagbag.py:541} INFO - Filling up the DagBag from /home/airflow/.local/lib/python3.7/site-packages/airflow/example_dags/example_short_circuit_operator.py
[2023-09-14T16:14:12.728+0000] {processor.py:809} INFO - DAG(s) dict_keys(['example_short_circuit_operator']) retrieved from /home/airflow/.local/lib/python3.7/site-packages/airflow/example_dags/example_short_circuit_operator.py
[2023-09-14T16:14:12.895+0000] {logging_mixin.py:149} INFO - [2023-09-14T16:14:12.895+0000] {dag.py:2726} INFO - Sync 1 DAGs
[2023-09-14T16:14:13.036+0000] {logging_mixin.py:149} INFO - [2023-09-14T16:14:13.036+0000] {dag.py:3490} INFO - Setting next_dagrun for example_short_circuit_operator to 2023-09-13T16:14:13.027673+00:00, run_after=2023-09-14T16:14:13.027673+00:00
[2023-09-14T16:14:15.015+0000] {processor.py:178} INFO - Processing /home/airflow/.local/lib/python3.7/site-packages/airflow/example_dags/example_short_circuit_operator.py took 2.675 seconds
[2023-09-14T16:14:45.523+0000] {processor.py:156} INFO - Started process (PID=438) to work on /home/airflow/.local/lib/python3.7/site-packages/airflow/example_dags/example_short_circuit_operator.py
[2023-09-14T16:14:45.525+0000] {processor.py:799} INFO - Processing file /home/airflow/.local/lib/python3.7/site-packages/airflow/example_dags/example_short_circuit_operator.py for tasks to queue
[2023-09-14T16:14:45.528+0000] {logging_mixin.py:149} INFO - [2023-09-14T16:14:45.528+0000] {dagbag.py:541} INFO - Filling up the DagBag from /home/airflow/.local/lib/python3.7/site-packages/airflow/example_dags/example_short_circuit_operator.py
[2023-09-14T16:14:45.554+0000] {processor.py:809} INFO - DAG(s) dict_keys(['example_short_circuit_operator']) retrieved from /home/airflow/.local/lib/python3.7/site-packages/airflow/example_dags/example_short_circuit_operator.py
[2023-09-14T16:14:45.637+0000] {logging_mixin.py:149} INFO - [2023-09-14T16:14:45.637+0000] {dag.py:2726} INFO - Sync 1 DAGs
[2023-09-14T16:14:45.714+0000] {logging_mixin.py:149} INFO - [2023-09-14T16:14:45.713+0000] {dag.py:3490} INFO - Setting next_dagrun for example_short_circuit_operator to 2023-09-13T16:14:45.713422+00:00, run_after=2023-09-14T16:14:45.713422+00:00
[2023-09-14T16:14:45.783+0000] {processor.py:178} INFO - Processing /home/airflow/.local/lib/python3.7/site-packages/airflow/example_dags/example_short_circuit_operator.py took 0.269 seconds
[2023-09-14T16:15:16.062+0000] {processor.py:156} INFO - Started process (PID=498) to work on /home/airflow/.local/lib/python3.7/site-packages/airflow/example_dags/example_short_circuit_operator.py
[2023-09-14T16:15:16.066+0000] {processor.py:799} INFO - Processing file /home/airflow/.local/lib/python3.7/site-packages/airflow/example_dags/example_short_circuit_operator.py for tasks to queue
[2023-09-14T16:15:16.070+0000] {logging_mixin.py:149} INFO - [2023-09-14T16:15:16.069+0000] {dagbag.py:541} INFO - Filling up the DagBag from /home/airflow/.local/lib/python3.7/site-packages/airflow/example_dags/example_short_circuit_operator.py
[2023-09-14T16:15:16.103+0000] {processor.py:809} INFO - DAG(s) dict_keys(['example_short_circuit_operator']) retrieved from /home/airflow/.local/lib/python3.7/site-packages/airflow/example_dags/example_short_circuit_operator.py
[2023-09-14T16:15:16.203+0000] {logging_mixin.py:149} INFO - [2023-09-14T16:15:16.203+0000] {dag.py:2726} INFO - Sync 1 DAGs
[2023-09-14T16:15:16.275+0000] {logging_mixin.py:149} INFO - [2023-09-14T16:15:16.275+0000] {dag.py:3490} INFO - Setting next_dagrun for example_short_circuit_operator to 2023-09-13T16:15:16.274390+00:00, run_after=2023-09-14T16:15:16.274390+00:00
[2023-09-14T16:15:16.352+0000] {processor.py:178} INFO - Processing /home/airflow/.local/lib/python3.7/site-packages/airflow/example_dags/example_short_circuit_operator.py took 0.312 seconds
[2023-09-14T16:15:47.088+0000] {processor.py:156} INFO - Started process (PID=560) to work on /home/airflow/.local/lib/python3.7/site-packages/airflow/example_dags/example_short_circuit_operator.py
[2023-09-14T16:15:47.091+0000] {processor.py:799} INFO - Processing file /home/airflow/.local/lib/python3.7/site-packages/airflow/example_dags/example_short_circuit_operator.py for tasks to queue
[2023-09-14T16:15:47.094+0000] {logging_mixin.py:149} INFO - [2023-09-14T16:15:47.093+0000] {dagbag.py:541} INFO - Filling up the DagBag from /home/airflow/.local/lib/python3.7/site-packages/airflow/example_dags/example_short_circuit_operator.py
[2023-09-14T16:15:47.110+0000] {processor.py:809} INFO - DAG(s) dict_keys(['example_short_circuit_operator']) retrieved from /home/airflow/.local/lib/python3.7/site-packages/airflow/example_dags/example_short_circuit_operator.py
[2023-09-14T16:15:47.165+0000] {logging_mixin.py:149} INFO - [2023-09-14T16:15:47.165+0000] {dag.py:2726} INFO - Sync 1 DAGs
[2023-09-14T16:15:47.218+0000] {logging_mixin.py:149} INFO - [2023-09-14T16:15:47.218+0000] {dag.py:3490} INFO - Setting next_dagrun for example_short_circuit_operator to 2023-09-13T16:15:47.217754+00:00, run_after=2023-09-14T16:15:47.217754+00:00
[2023-09-14T16:15:47.283+0000] {processor.py:178} INFO - Processing /home/airflow/.local/lib/python3.7/site-packages/airflow/example_dags/example_short_circuit_operator.py took 0.203 seconds
[2023-09-14T16:16:17.424+0000] {processor.py:156} INFO - Started process (PID=620) to work on /home/airflow/.local/lib/python3.7/site-packages/airflow/example_dags/example_short_circuit_operator.py
[2023-09-14T16:16:17.426+0000] {processor.py:799} INFO - Processing file /home/airflow/.local/lib/python3.7/site-packages/airflow/example_dags/example_short_circuit_operator.py for tasks to queue
[2023-09-14T16:16:17.429+0000] {logging_mixin.py:149} INFO - [2023-09-14T16:16:17.429+0000] {dagbag.py:541} INFO - Filling up the DagBag from /home/airflow/.local/lib/python3.7/site-packages/airflow/example_dags/example_short_circuit_operator.py
[2023-09-14T16:16:17.446+0000] {processor.py:809} INFO - DAG(s) dict_keys(['example_short_circuit_operator']) retrieved from /home/airflow/.local/lib/python3.7/site-packages/airflow/example_dags/example_short_circuit_operator.py
[2023-09-14T16:16:17.508+0000] {logging_mixin.py:149} INFO - [2023-09-14T16:16:17.508+0000] {dag.py:2726} INFO - Sync 1 DAGs
[2023-09-14T16:16:17.560+0000] {logging_mixin.py:149} INFO - [2023-09-14T16:16:17.560+0000] {dag.py:3490} INFO - Setting next_dagrun for example_short_circuit_operator to 2023-09-13T16:16:17.559811+00:00, run_after=2023-09-14T16:16:17.559811+00:00
[2023-09-14T16:16:17.602+0000] {processor.py:178} INFO - Processing /home/airflow/.local/lib/python3.7/site-packages/airflow/example_dags/example_short_circuit_operator.py took 0.185 seconds
[2023-09-14T16:16:48.474+0000] {processor.py:156} INFO - Started process (PID=682) to work on /home/airflow/.local/lib/python3.7/site-packages/airflow/example_dags/example_short_circuit_operator.py
[2023-09-14T16:16:48.476+0000] {processor.py:799} INFO - Processing file /home/airflow/.local/lib/python3.7/site-packages/airflow/example_dags/example_short_circuit_operator.py for tasks to queue
[2023-09-14T16:16:48.479+0000] {logging_mixin.py:149} INFO - [2023-09-14T16:16:48.478+0000] {dagbag.py:541} INFO - Filling up the DagBag from /home/airflow/.local/lib/python3.7/site-packages/airflow/example_dags/example_short_circuit_operator.py
[2023-09-14T16:16:48.495+0000] {processor.py:809} INFO - DAG(s) dict_keys(['example_short_circuit_operator']) retrieved from /home/airflow/.local/lib/python3.7/site-packages/airflow/example_dags/example_short_circuit_operator.py
[2023-09-14T16:16:48.556+0000] {logging_mixin.py:149} INFO - [2023-09-14T16:16:48.556+0000] {dag.py:2726} INFO - Sync 1 DAGs
[2023-09-14T16:16:48.613+0000] {logging_mixin.py:149} INFO - [2023-09-14T16:16:48.613+0000] {dag.py:3490} INFO - Setting next_dagrun for example_short_circuit_operator to 2023-09-13T16:16:48.612659+00:00, run_after=2023-09-14T16:16:48.612659+00:00
[2023-09-14T16:16:48.712+0000] {processor.py:178} INFO - Processing /home/airflow/.local/lib/python3.7/site-packages/airflow/example_dags/example_short_circuit_operator.py took 0.244 seconds
[2023-09-14T16:35:41.929+0000] {processor.py:156} INFO - Started process (PID=51) to work on /home/airflow/.local/lib/python3.7/site-packages/airflow/example_dags/example_short_circuit_operator.py
[2023-09-14T16:35:41.965+0000] {processor.py:799} INFO - Processing file /home/airflow/.local/lib/python3.7/site-packages/airflow/example_dags/example_short_circuit_operator.py for tasks to queue
[2023-09-14T16:35:41.985+0000] {logging_mixin.py:149} INFO - [2023-09-14T16:35:41.978+0000] {dagbag.py:541} INFO - Filling up the DagBag from /home/airflow/.local/lib/python3.7/site-packages/airflow/example_dags/example_short_circuit_operator.py
[2023-09-14T16:35:42.216+0000] {processor.py:809} INFO - DAG(s) dict_keys(['example_short_circuit_operator']) retrieved from /home/airflow/.local/lib/python3.7/site-packages/airflow/example_dags/example_short_circuit_operator.py
[2023-09-14T16:35:42.961+0000] {logging_mixin.py:149} INFO - [2023-09-14T16:35:42.960+0000] {dag.py:2726} INFO - Sync 1 DAGs
[2023-09-14T16:35:43.822+0000] {logging_mixin.py:149} INFO - [2023-09-14T16:35:43.822+0000] {dag.py:3490} INFO - Setting next_dagrun for example_short_circuit_operator to 2023-09-13T16:35:43.821609+00:00, run_after=2023-09-14T16:35:43.821609+00:00
[2023-09-14T16:35:44.213+0000] {processor.py:178} INFO - Processing /home/airflow/.local/lib/python3.7/site-packages/airflow/example_dags/example_short_circuit_operator.py took 2.601 seconds
[2023-09-14T16:36:33.933+0000] {processor.py:156} INFO - Started process (PID=119) to work on /home/airflow/.local/lib/python3.7/site-packages/airflow/example_dags/example_short_circuit_operator.py
[2023-09-14T16:36:33.937+0000] {processor.py:799} INFO - Processing file /home/airflow/.local/lib/python3.7/site-packages/airflow/example_dags/example_short_circuit_operator.py for tasks to queue
[2023-09-14T16:36:33.939+0000] {logging_mixin.py:149} INFO - [2023-09-14T16:36:33.939+0000] {dagbag.py:541} INFO - Filling up the DagBag from /home/airflow/.local/lib/python3.7/site-packages/airflow/example_dags/example_short_circuit_operator.py
[2023-09-14T16:36:33.972+0000] {processor.py:809} INFO - DAG(s) dict_keys(['example_short_circuit_operator']) retrieved from /home/airflow/.local/lib/python3.7/site-packages/airflow/example_dags/example_short_circuit_operator.py
[2023-09-14T16:36:34.047+0000] {logging_mixin.py:149} INFO - [2023-09-14T16:36:34.047+0000] {dag.py:2726} INFO - Sync 1 DAGs
[2023-09-14T16:36:34.117+0000] {logging_mixin.py:149} INFO - [2023-09-14T16:36:34.117+0000] {dag.py:3490} INFO - Setting next_dagrun for example_short_circuit_operator to 2023-09-13T16:36:34.116389+00:00, run_after=2023-09-14T16:36:34.116389+00:00
[2023-09-14T16:36:34.356+0000] {processor.py:178} INFO - Processing /home/airflow/.local/lib/python3.7/site-packages/airflow/example_dags/example_short_circuit_operator.py took 0.433 seconds
[2023-09-14T16:38:37.188+0000] {processor.py:156} INFO - Started process (PID=44) to work on /home/airflow/.local/lib/python3.7/site-packages/airflow/example_dags/example_short_circuit_operator.py
[2023-09-14T16:38:37.194+0000] {processor.py:799} INFO - Processing file /home/airflow/.local/lib/python3.7/site-packages/airflow/example_dags/example_short_circuit_operator.py for tasks to queue
[2023-09-14T16:38:37.197+0000] {logging_mixin.py:149} INFO - [2023-09-14T16:38:37.196+0000] {dagbag.py:541} INFO - Filling up the DagBag from /home/airflow/.local/lib/python3.7/site-packages/airflow/example_dags/example_short_circuit_operator.py
[2023-09-14T16:38:37.251+0000] {processor.py:809} INFO - DAG(s) dict_keys(['example_short_circuit_operator']) retrieved from /home/airflow/.local/lib/python3.7/site-packages/airflow/example_dags/example_short_circuit_operator.py
[2023-09-14T16:38:37.432+0000] {logging_mixin.py:149} INFO - [2023-09-14T16:38:37.431+0000] {dag.py:2726} INFO - Sync 1 DAGs
[2023-09-14T16:38:37.560+0000] {logging_mixin.py:149} INFO - [2023-09-14T16:38:37.559+0000] {dag.py:3490} INFO - Setting next_dagrun for example_short_circuit_operator to 2023-09-13T16:38:37.559142+00:00, run_after=2023-09-14T16:38:37.559142+00:00
[2023-09-14T16:38:37.672+0000] {processor.py:178} INFO - Processing /home/airflow/.local/lib/python3.7/site-packages/airflow/example_dags/example_short_circuit_operator.py took 0.506 seconds
[2023-09-14T16:39:34.837+0000] {processor.py:156} INFO - Started process (PID=111) to work on /home/airflow/.local/lib/python3.7/site-packages/airflow/example_dags/example_short_circuit_operator.py
[2023-09-14T16:39:34.841+0000] {processor.py:799} INFO - Processing file /home/airflow/.local/lib/python3.7/site-packages/airflow/example_dags/example_short_circuit_operator.py for tasks to queue
[2023-09-14T16:39:34.845+0000] {logging_mixin.py:149} INFO - [2023-09-14T16:39:34.845+0000] {dagbag.py:541} INFO - Filling up the DagBag from /home/airflow/.local/lib/python3.7/site-packages/airflow/example_dags/example_short_circuit_operator.py
[2023-09-14T16:39:34.874+0000] {processor.py:809} INFO - DAG(s) dict_keys(['example_short_circuit_operator']) retrieved from /home/airflow/.local/lib/python3.7/site-packages/airflow/example_dags/example_short_circuit_operator.py
[2023-09-14T16:39:34.949+0000] {logging_mixin.py:149} INFO - [2023-09-14T16:39:34.948+0000] {dag.py:2726} INFO - Sync 1 DAGs
[2023-09-14T16:39:35.046+0000] {logging_mixin.py:149} INFO - [2023-09-14T16:39:35.045+0000] {dag.py:3490} INFO - Setting next_dagrun for example_short_circuit_operator to 2023-09-13T16:39:35.045410+00:00, run_after=2023-09-14T16:39:35.045410+00:00
[2023-09-14T16:39:35.127+0000] {processor.py:178} INFO - Processing /home/airflow/.local/lib/python3.7/site-packages/airflow/example_dags/example_short_circuit_operator.py took 0.298 seconds
[2023-09-14T16:40:11.082+0000] {processor.py:156} INFO - Started process (PID=172) to work on /home/airflow/.local/lib/python3.7/site-packages/airflow/example_dags/example_short_circuit_operator.py
[2023-09-14T16:40:11.085+0000] {processor.py:799} INFO - Processing file /home/airflow/.local/lib/python3.7/site-packages/airflow/example_dags/example_short_circuit_operator.py for tasks to queue
[2023-09-14T16:40:11.088+0000] {logging_mixin.py:149} INFO - [2023-09-14T16:40:11.088+0000] {dagbag.py:541} INFO - Filling up the DagBag from /home/airflow/.local/lib/python3.7/site-packages/airflow/example_dags/example_short_circuit_operator.py
[2023-09-14T16:40:11.112+0000] {processor.py:809} INFO - DAG(s) dict_keys(['example_short_circuit_operator']) retrieved from /home/airflow/.local/lib/python3.7/site-packages/airflow/example_dags/example_short_circuit_operator.py
[2023-09-14T16:40:11.469+0000] {logging_mixin.py:149} INFO - [2023-09-14T16:40:11.468+0000] {dag.py:2726} INFO - Sync 1 DAGs
[2023-09-14T16:40:11.541+0000] {logging_mixin.py:149} INFO - [2023-09-14T16:40:11.540+0000] {dag.py:3490} INFO - Setting next_dagrun for example_short_circuit_operator to 2023-09-13T16:40:11.540001+00:00, run_after=2023-09-14T16:40:11.540001+00:00
[2023-09-14T16:40:11.602+0000] {processor.py:178} INFO - Processing /home/airflow/.local/lib/python3.7/site-packages/airflow/example_dags/example_short_circuit_operator.py took 0.528 seconds
[2023-09-14T16:40:42.364+0000] {processor.py:156} INFO - Started process (PID=233) to work on /home/airflow/.local/lib/python3.7/site-packages/airflow/example_dags/example_short_circuit_operator.py
[2023-09-14T16:40:42.366+0000] {processor.py:799} INFO - Processing file /home/airflow/.local/lib/python3.7/site-packages/airflow/example_dags/example_short_circuit_operator.py for tasks to queue
[2023-09-14T16:40:42.370+0000] {logging_mixin.py:149} INFO - [2023-09-14T16:40:42.369+0000] {dagbag.py:541} INFO - Filling up the DagBag from /home/airflow/.local/lib/python3.7/site-packages/airflow/example_dags/example_short_circuit_operator.py
[2023-09-14T16:40:42.395+0000] {processor.py:809} INFO - DAG(s) dict_keys(['example_short_circuit_operator']) retrieved from /home/airflow/.local/lib/python3.7/site-packages/airflow/example_dags/example_short_circuit_operator.py
[2023-09-14T16:40:42.460+0000] {logging_mixin.py:149} INFO - [2023-09-14T16:40:42.459+0000] {dag.py:2726} INFO - Sync 1 DAGs
[2023-09-14T16:40:42.522+0000] {logging_mixin.py:149} INFO - [2023-09-14T16:40:42.522+0000] {dag.py:3490} INFO - Setting next_dagrun for example_short_circuit_operator to 2023-09-13T16:40:42.521877+00:00, run_after=2023-09-14T16:40:42.521877+00:00
[2023-09-14T16:40:42.580+0000] {processor.py:178} INFO - Processing /home/airflow/.local/lib/python3.7/site-packages/airflow/example_dags/example_short_circuit_operator.py took 0.224 seconds
[2023-09-14T16:41:13.344+0000] {processor.py:156} INFO - Started process (PID=294) to work on /home/airflow/.local/lib/python3.7/site-packages/airflow/example_dags/example_short_circuit_operator.py
[2023-09-14T16:41:13.346+0000] {processor.py:799} INFO - Processing file /home/airflow/.local/lib/python3.7/site-packages/airflow/example_dags/example_short_circuit_operator.py for tasks to queue
[2023-09-14T16:41:13.348+0000] {logging_mixin.py:149} INFO - [2023-09-14T16:41:13.348+0000] {dagbag.py:541} INFO - Filling up the DagBag from /home/airflow/.local/lib/python3.7/site-packages/airflow/example_dags/example_short_circuit_operator.py
[2023-09-14T16:41:13.362+0000] {processor.py:809} INFO - DAG(s) dict_keys(['example_short_circuit_operator']) retrieved from /home/airflow/.local/lib/python3.7/site-packages/airflow/example_dags/example_short_circuit_operator.py
[2023-09-14T16:41:13.431+0000] {logging_mixin.py:149} INFO - [2023-09-14T16:41:13.431+0000] {dag.py:2726} INFO - Sync 1 DAGs
[2023-09-14T16:41:13.519+0000] {logging_mixin.py:149} INFO - [2023-09-14T16:41:13.517+0000] {dag.py:3490} INFO - Setting next_dagrun for example_short_circuit_operator to 2023-09-13T16:41:13.516204+00:00, run_after=2023-09-14T16:41:13.516204+00:00
[2023-09-14T16:41:13.613+0000] {processor.py:178} INFO - Processing /home/airflow/.local/lib/python3.7/site-packages/airflow/example_dags/example_short_circuit_operator.py took 0.275 seconds
[2023-09-14T16:41:43.871+0000] {processor.py:156} INFO - Started process (PID=355) to work on /home/airflow/.local/lib/python3.7/site-packages/airflow/example_dags/example_short_circuit_operator.py
[2023-09-14T16:41:43.874+0000] {processor.py:799} INFO - Processing file /home/airflow/.local/lib/python3.7/site-packages/airflow/example_dags/example_short_circuit_operator.py for tasks to queue
[2023-09-14T16:41:43.878+0000] {logging_mixin.py:149} INFO - [2023-09-14T16:41:43.878+0000] {dagbag.py:541} INFO - Filling up the DagBag from /home/airflow/.local/lib/python3.7/site-packages/airflow/example_dags/example_short_circuit_operator.py
[2023-09-14T16:41:43.905+0000] {processor.py:809} INFO - DAG(s) dict_keys(['example_short_circuit_operator']) retrieved from /home/airflow/.local/lib/python3.7/site-packages/airflow/example_dags/example_short_circuit_operator.py
[2023-09-14T16:41:43.990+0000] {logging_mixin.py:149} INFO - [2023-09-14T16:41:43.990+0000] {dag.py:2726} INFO - Sync 1 DAGs
[2023-09-14T16:41:44.127+0000] {logging_mixin.py:149} INFO - [2023-09-14T16:41:44.126+0000] {dag.py:3490} INFO - Setting next_dagrun for example_short_circuit_operator to 2023-09-13T16:41:44.125741+00:00, run_after=2023-09-14T16:41:44.125741+00:00
[2023-09-14T16:41:44.233+0000] {processor.py:178} INFO - Processing /home/airflow/.local/lib/python3.7/site-packages/airflow/example_dags/example_short_circuit_operator.py took 0.371 seconds
[2023-09-14T16:42:14.529+0000] {processor.py:156} INFO - Started process (PID=423) to work on /home/airflow/.local/lib/python3.7/site-packages/airflow/example_dags/example_short_circuit_operator.py
[2023-09-14T16:42:14.531+0000] {processor.py:799} INFO - Processing file /home/airflow/.local/lib/python3.7/site-packages/airflow/example_dags/example_short_circuit_operator.py for tasks to queue
[2023-09-14T16:42:14.533+0000] {logging_mixin.py:149} INFO - [2023-09-14T16:42:14.533+0000] {dagbag.py:541} INFO - Filling up the DagBag from /home/airflow/.local/lib/python3.7/site-packages/airflow/example_dags/example_short_circuit_operator.py
[2023-09-14T16:42:14.563+0000] {processor.py:809} INFO - DAG(s) dict_keys(['example_short_circuit_operator']) retrieved from /home/airflow/.local/lib/python3.7/site-packages/airflow/example_dags/example_short_circuit_operator.py
[2023-09-14T16:42:14.630+0000] {logging_mixin.py:149} INFO - [2023-09-14T16:42:14.629+0000] {dag.py:2726} INFO - Sync 1 DAGs
[2023-09-14T16:42:14.732+0000] {logging_mixin.py:149} INFO - [2023-09-14T16:42:14.732+0000] {dag.py:3490} INFO - Setting next_dagrun for example_short_circuit_operator to 2023-09-13T16:42:14.731837+00:00, run_after=2023-09-14T16:42:14.731837+00:00
[2023-09-14T16:42:14.801+0000] {processor.py:178} INFO - Processing /home/airflow/.local/lib/python3.7/site-packages/airflow/example_dags/example_short_circuit_operator.py took 0.279 seconds
[2023-09-14T16:42:46.333+0000] {processor.py:156} INFO - Started process (PID=485) to work on /home/airflow/.local/lib/python3.7/site-packages/airflow/example_dags/example_short_circuit_operator.py
[2023-09-14T16:42:46.337+0000] {processor.py:799} INFO - Processing file /home/airflow/.local/lib/python3.7/site-packages/airflow/example_dags/example_short_circuit_operator.py for tasks to queue
[2023-09-14T16:42:46.339+0000] {logging_mixin.py:149} INFO - [2023-09-14T16:42:46.338+0000] {dagbag.py:541} INFO - Filling up the DagBag from /home/airflow/.local/lib/python3.7/site-packages/airflow/example_dags/example_short_circuit_operator.py
[2023-09-14T16:42:46.357+0000] {processor.py:809} INFO - DAG(s) dict_keys(['example_short_circuit_operator']) retrieved from /home/airflow/.local/lib/python3.7/site-packages/airflow/example_dags/example_short_circuit_operator.py
[2023-09-14T16:42:46.413+0000] {logging_mixin.py:149} INFO - [2023-09-14T16:42:46.413+0000] {dag.py:2726} INFO - Sync 1 DAGs
[2023-09-14T16:42:46.464+0000] {logging_mixin.py:149} INFO - [2023-09-14T16:42:46.463+0000] {dag.py:3490} INFO - Setting next_dagrun for example_short_circuit_operator to 2023-09-13T16:42:46.463231+00:00, run_after=2023-09-14T16:42:46.463231+00:00
[2023-09-14T16:42:46.542+0000] {processor.py:178} INFO - Processing /home/airflow/.local/lib/python3.7/site-packages/airflow/example_dags/example_short_circuit_operator.py took 0.214 seconds
[2023-09-14T16:43:17.331+0000] {processor.py:156} INFO - Started process (PID=546) to work on /home/airflow/.local/lib/python3.7/site-packages/airflow/example_dags/example_short_circuit_operator.py
[2023-09-14T16:43:17.336+0000] {processor.py:799} INFO - Processing file /home/airflow/.local/lib/python3.7/site-packages/airflow/example_dags/example_short_circuit_operator.py for tasks to queue
[2023-09-14T16:43:17.339+0000] {logging_mixin.py:149} INFO - [2023-09-14T16:43:17.339+0000] {dagbag.py:541} INFO - Filling up the DagBag from /home/airflow/.local/lib/python3.7/site-packages/airflow/example_dags/example_short_circuit_operator.py
[2023-09-14T16:43:17.361+0000] {processor.py:809} INFO - DAG(s) dict_keys(['example_short_circuit_operator']) retrieved from /home/airflow/.local/lib/python3.7/site-packages/airflow/example_dags/example_short_circuit_operator.py
[2023-09-14T16:43:17.455+0000] {logging_mixin.py:149} INFO - [2023-09-14T16:43:17.454+0000] {dag.py:2726} INFO - Sync 1 DAGs
[2023-09-14T16:43:17.527+0000] {logging_mixin.py:149} INFO - [2023-09-14T16:43:17.527+0000] {dag.py:3490} INFO - Setting next_dagrun for example_short_circuit_operator to 2023-09-13T16:43:17.527120+00:00, run_after=2023-09-14T16:43:17.527120+00:00
[2023-09-14T16:43:17.567+0000] {processor.py:178} INFO - Processing /home/airflow/.local/lib/python3.7/site-packages/airflow/example_dags/example_short_circuit_operator.py took 0.244 seconds
[2023-09-14T16:43:48.770+0000] {processor.py:156} INFO - Started process (PID=607) to work on /home/airflow/.local/lib/python3.7/site-packages/airflow/example_dags/example_short_circuit_operator.py
[2023-09-14T16:43:48.774+0000] {processor.py:799} INFO - Processing file /home/airflow/.local/lib/python3.7/site-packages/airflow/example_dags/example_short_circuit_operator.py for tasks to queue
[2023-09-14T16:43:48.776+0000] {logging_mixin.py:149} INFO - [2023-09-14T16:43:48.775+0000] {dagbag.py:541} INFO - Filling up the DagBag from /home/airflow/.local/lib/python3.7/site-packages/airflow/example_dags/example_short_circuit_operator.py
[2023-09-14T16:43:48.802+0000] {processor.py:809} INFO - DAG(s) dict_keys(['example_short_circuit_operator']) retrieved from /home/airflow/.local/lib/python3.7/site-packages/airflow/example_dags/example_short_circuit_operator.py
[2023-09-14T16:43:48.892+0000] {logging_mixin.py:149} INFO - [2023-09-14T16:43:48.892+0000] {dag.py:2726} INFO - Sync 1 DAGs
[2023-09-14T16:43:48.976+0000] {logging_mixin.py:149} INFO - [2023-09-14T16:43:48.976+0000] {dag.py:3490} INFO - Setting next_dagrun for example_short_circuit_operator to 2023-09-13T16:43:48.975537+00:00, run_after=2023-09-14T16:43:48.975537+00:00
[2023-09-14T16:43:49.044+0000] {processor.py:178} INFO - Processing /home/airflow/.local/lib/python3.7/site-packages/airflow/example_dags/example_short_circuit_operator.py took 0.285 seconds
[2023-09-14T16:44:19.361+0000] {processor.py:156} INFO - Started process (PID=660) to work on /home/airflow/.local/lib/python3.7/site-packages/airflow/example_dags/example_short_circuit_operator.py
[2023-09-14T16:44:19.365+0000] {processor.py:799} INFO - Processing file /home/airflow/.local/lib/python3.7/site-packages/airflow/example_dags/example_short_circuit_operator.py for tasks to queue
[2023-09-14T16:44:19.368+0000] {logging_mixin.py:149} INFO - [2023-09-14T16:44:19.368+0000] {dagbag.py:541} INFO - Filling up the DagBag from /home/airflow/.local/lib/python3.7/site-packages/airflow/example_dags/example_short_circuit_operator.py
[2023-09-14T16:44:19.385+0000] {processor.py:809} INFO - DAG(s) dict_keys(['example_short_circuit_operator']) retrieved from /home/airflow/.local/lib/python3.7/site-packages/airflow/example_dags/example_short_circuit_operator.py
[2023-09-14T16:44:19.448+0000] {logging_mixin.py:149} INFO - [2023-09-14T16:44:19.448+0000] {dag.py:2726} INFO - Sync 1 DAGs
[2023-09-14T16:44:19.542+0000] {logging_mixin.py:149} INFO - [2023-09-14T16:44:19.541+0000] {dag.py:3490} INFO - Setting next_dagrun for example_short_circuit_operator to 2023-09-13T16:44:19.541042+00:00, run_after=2023-09-14T16:44:19.541042+00:00
[2023-09-14T16:44:19.589+0000] {processor.py:178} INFO - Processing /home/airflow/.local/lib/python3.7/site-packages/airflow/example_dags/example_short_circuit_operator.py took 0.234 seconds
[2023-09-14T16:44:49.942+0000] {processor.py:156} INFO - Started process (PID=720) to work on /home/airflow/.local/lib/python3.7/site-packages/airflow/example_dags/example_short_circuit_operator.py
[2023-09-14T16:44:49.945+0000] {processor.py:799} INFO - Processing file /home/airflow/.local/lib/python3.7/site-packages/airflow/example_dags/example_short_circuit_operator.py for tasks to queue
[2023-09-14T16:44:49.949+0000] {logging_mixin.py:149} INFO - [2023-09-14T16:44:49.948+0000] {dagbag.py:541} INFO - Filling up the DagBag from /home/airflow/.local/lib/python3.7/site-packages/airflow/example_dags/example_short_circuit_operator.py
[2023-09-14T16:44:49.977+0000] {processor.py:809} INFO - DAG(s) dict_keys(['example_short_circuit_operator']) retrieved from /home/airflow/.local/lib/python3.7/site-packages/airflow/example_dags/example_short_circuit_operator.py
[2023-09-14T16:44:50.083+0000] {logging_mixin.py:149} INFO - [2023-09-14T16:44:50.083+0000] {dag.py:2726} INFO - Sync 1 DAGs
[2023-09-14T16:44:50.187+0000] {logging_mixin.py:149} INFO - [2023-09-14T16:44:50.186+0000] {dag.py:3490} INFO - Setting next_dagrun for example_short_circuit_operator to 2023-09-13T16:44:50.185733+00:00, run_after=2023-09-14T16:44:50.185733+00:00
[2023-09-14T16:44:50.324+0000] {processor.py:178} INFO - Processing /home/airflow/.local/lib/python3.7/site-packages/airflow/example_dags/example_short_circuit_operator.py took 0.393 seconds
[2023-09-14T16:45:20.868+0000] {processor.py:156} INFO - Started process (PID=781) to work on /home/airflow/.local/lib/python3.7/site-packages/airflow/example_dags/example_short_circuit_operator.py
[2023-09-14T16:45:20.869+0000] {processor.py:799} INFO - Processing file /home/airflow/.local/lib/python3.7/site-packages/airflow/example_dags/example_short_circuit_operator.py for tasks to queue
[2023-09-14T16:45:20.870+0000] {logging_mixin.py:149} INFO - [2023-09-14T16:45:20.870+0000] {dagbag.py:541} INFO - Filling up the DagBag from /home/airflow/.local/lib/python3.7/site-packages/airflow/example_dags/example_short_circuit_operator.py
[2023-09-14T16:45:20.881+0000] {processor.py:809} INFO - DAG(s) dict_keys(['example_short_circuit_operator']) retrieved from /home/airflow/.local/lib/python3.7/site-packages/airflow/example_dags/example_short_circuit_operator.py
[2023-09-14T16:45:20.921+0000] {logging_mixin.py:149} INFO - [2023-09-14T16:45:20.920+0000] {dag.py:2726} INFO - Sync 1 DAGs
[2023-09-14T16:45:20.953+0000] {logging_mixin.py:149} INFO - [2023-09-14T16:45:20.953+0000] {dag.py:3490} INFO - Setting next_dagrun for example_short_circuit_operator to 2023-09-13T16:45:20.952976+00:00, run_after=2023-09-14T16:45:20.952976+00:00
[2023-09-14T16:45:21.057+0000] {processor.py:178} INFO - Processing /home/airflow/.local/lib/python3.7/site-packages/airflow/example_dags/example_short_circuit_operator.py took 0.193 seconds
[2023-09-14T16:45:51.524+0000] {processor.py:156} INFO - Started process (PID=842) to work on /home/airflow/.local/lib/python3.7/site-packages/airflow/example_dags/example_short_circuit_operator.py
[2023-09-14T16:45:51.528+0000] {processor.py:799} INFO - Processing file /home/airflow/.local/lib/python3.7/site-packages/airflow/example_dags/example_short_circuit_operator.py for tasks to queue
[2023-09-14T16:45:51.532+0000] {logging_mixin.py:149} INFO - [2023-09-14T16:45:51.532+0000] {dagbag.py:541} INFO - Filling up the DagBag from /home/airflow/.local/lib/python3.7/site-packages/airflow/example_dags/example_short_circuit_operator.py
[2023-09-14T16:45:51.557+0000] {processor.py:809} INFO - DAG(s) dict_keys(['example_short_circuit_operator']) retrieved from /home/airflow/.local/lib/python3.7/site-packages/airflow/example_dags/example_short_circuit_operator.py
[2023-09-14T16:45:51.626+0000] {logging_mixin.py:149} INFO - [2023-09-14T16:45:51.625+0000] {dag.py:2726} INFO - Sync 1 DAGs
[2023-09-14T16:45:51.731+0000] {logging_mixin.py:149} INFO - [2023-09-14T16:45:51.730+0000] {dag.py:3490} INFO - Setting next_dagrun for example_short_circuit_operator to 2023-09-13T16:45:51.730340+00:00, run_after=2023-09-14T16:45:51.730340+00:00
[2023-09-14T16:45:51.833+0000] {processor.py:178} INFO - Processing /home/airflow/.local/lib/python3.7/site-packages/airflow/example_dags/example_short_circuit_operator.py took 0.314 seconds
[2023-09-14T16:46:22.169+0000] {processor.py:156} INFO - Started process (PID=902) to work on /home/airflow/.local/lib/python3.7/site-packages/airflow/example_dags/example_short_circuit_operator.py
[2023-09-14T16:46:22.171+0000] {processor.py:799} INFO - Processing file /home/airflow/.local/lib/python3.7/site-packages/airflow/example_dags/example_short_circuit_operator.py for tasks to queue
[2023-09-14T16:46:22.173+0000] {logging_mixin.py:149} INFO - [2023-09-14T16:46:22.172+0000] {dagbag.py:541} INFO - Filling up the DagBag from /home/airflow/.local/lib/python3.7/site-packages/airflow/example_dags/example_short_circuit_operator.py
[2023-09-14T16:46:22.197+0000] {processor.py:809} INFO - DAG(s) dict_keys(['example_short_circuit_operator']) retrieved from /home/airflow/.local/lib/python3.7/site-packages/airflow/example_dags/example_short_circuit_operator.py
[2023-09-14T16:46:22.282+0000] {logging_mixin.py:149} INFO - [2023-09-14T16:46:22.281+0000] {dag.py:2726} INFO - Sync 1 DAGs
[2023-09-14T16:46:22.338+0000] {logging_mixin.py:149} INFO - [2023-09-14T16:46:22.338+0000] {dag.py:3490} INFO - Setting next_dagrun for example_short_circuit_operator to 2023-09-13T16:46:22.338070+00:00, run_after=2023-09-14T16:46:22.338070+00:00
[2023-09-14T16:46:22.387+0000] {processor.py:178} INFO - Processing /home/airflow/.local/lib/python3.7/site-packages/airflow/example_dags/example_short_circuit_operator.py took 0.223 seconds
[2023-09-14T16:46:52.754+0000] {processor.py:156} INFO - Started process (PID=963) to work on /home/airflow/.local/lib/python3.7/site-packages/airflow/example_dags/example_short_circuit_operator.py
[2023-09-14T16:46:52.765+0000] {processor.py:799} INFO - Processing file /home/airflow/.local/lib/python3.7/site-packages/airflow/example_dags/example_short_circuit_operator.py for tasks to queue
[2023-09-14T16:46:52.768+0000] {logging_mixin.py:149} INFO - [2023-09-14T16:46:52.767+0000] {dagbag.py:541} INFO - Filling up the DagBag from /home/airflow/.local/lib/python3.7/site-packages/airflow/example_dags/example_short_circuit_operator.py
[2023-09-14T16:46:52.790+0000] {processor.py:809} INFO - DAG(s) dict_keys(['example_short_circuit_operator']) retrieved from /home/airflow/.local/lib/python3.7/site-packages/airflow/example_dags/example_short_circuit_operator.py
[2023-09-14T16:46:52.872+0000] {logging_mixin.py:149} INFO - [2023-09-14T16:46:52.871+0000] {dag.py:2726} INFO - Sync 1 DAGs
[2023-09-14T16:46:52.937+0000] {logging_mixin.py:149} INFO - [2023-09-14T16:46:52.936+0000] {dag.py:3490} INFO - Setting next_dagrun for example_short_circuit_operator to 2023-09-13T16:46:52.936075+00:00, run_after=2023-09-14T16:46:52.936075+00:00
[2023-09-14T16:46:53.018+0000] {processor.py:178} INFO - Processing /home/airflow/.local/lib/python3.7/site-packages/airflow/example_dags/example_short_circuit_operator.py took 0.276 seconds
[2023-09-14T16:47:24.162+0000] {processor.py:156} INFO - Started process (PID=1024) to work on /home/airflow/.local/lib/python3.7/site-packages/airflow/example_dags/example_short_circuit_operator.py
[2023-09-14T16:47:24.166+0000] {processor.py:799} INFO - Processing file /home/airflow/.local/lib/python3.7/site-packages/airflow/example_dags/example_short_circuit_operator.py for tasks to queue
[2023-09-14T16:47:24.172+0000] {logging_mixin.py:149} INFO - [2023-09-14T16:47:24.170+0000] {dagbag.py:541} INFO - Filling up the DagBag from /home/airflow/.local/lib/python3.7/site-packages/airflow/example_dags/example_short_circuit_operator.py
[2023-09-14T16:47:24.217+0000] {processor.py:809} INFO - DAG(s) dict_keys(['example_short_circuit_operator']) retrieved from /home/airflow/.local/lib/python3.7/site-packages/airflow/example_dags/example_short_circuit_operator.py
[2023-09-14T16:47:24.370+0000] {logging_mixin.py:149} INFO - [2023-09-14T16:47:24.368+0000] {dag.py:2726} INFO - Sync 1 DAGs
[2023-09-14T16:47:24.489+0000] {logging_mixin.py:149} INFO - [2023-09-14T16:47:24.488+0000] {dag.py:3490} INFO - Setting next_dagrun for example_short_circuit_operator to 2023-09-13T16:47:24.487652+00:00, run_after=2023-09-14T16:47:24.487652+00:00
[2023-09-14T16:47:24.566+0000] {processor.py:178} INFO - Processing /home/airflow/.local/lib/python3.7/site-packages/airflow/example_dags/example_short_circuit_operator.py took 0.422 seconds
[2023-09-14T16:47:54.771+0000] {processor.py:156} INFO - Started process (PID=1085) to work on /home/airflow/.local/lib/python3.7/site-packages/airflow/example_dags/example_short_circuit_operator.py
[2023-09-14T16:47:54.773+0000] {processor.py:799} INFO - Processing file /home/airflow/.local/lib/python3.7/site-packages/airflow/example_dags/example_short_circuit_operator.py for tasks to queue
[2023-09-14T16:47:54.777+0000] {logging_mixin.py:149} INFO - [2023-09-14T16:47:54.777+0000] {dagbag.py:541} INFO - Filling up the DagBag from /home/airflow/.local/lib/python3.7/site-packages/airflow/example_dags/example_short_circuit_operator.py
[2023-09-14T16:47:54.802+0000] {processor.py:809} INFO - DAG(s) dict_keys(['example_short_circuit_operator']) retrieved from /home/airflow/.local/lib/python3.7/site-packages/airflow/example_dags/example_short_circuit_operator.py
[2023-09-14T16:47:54.864+0000] {logging_mixin.py:149} INFO - [2023-09-14T16:47:54.864+0000] {dag.py:2726} INFO - Sync 1 DAGs
[2023-09-14T16:47:54.949+0000] {logging_mixin.py:149} INFO - [2023-09-14T16:47:54.949+0000] {dag.py:3490} INFO - Setting next_dagrun for example_short_circuit_operator to 2023-09-13T16:47:54.948153+00:00, run_after=2023-09-14T16:47:54.948153+00:00
[2023-09-14T16:47:55.022+0000] {processor.py:178} INFO - Processing /home/airflow/.local/lib/python3.7/site-packages/airflow/example_dags/example_short_circuit_operator.py took 0.258 seconds
[2023-09-14T16:48:25.310+0000] {processor.py:156} INFO - Started process (PID=1146) to work on /home/airflow/.local/lib/python3.7/site-packages/airflow/example_dags/example_short_circuit_operator.py
[2023-09-14T16:48:25.314+0000] {processor.py:799} INFO - Processing file /home/airflow/.local/lib/python3.7/site-packages/airflow/example_dags/example_short_circuit_operator.py for tasks to queue
[2023-09-14T16:48:25.317+0000] {logging_mixin.py:149} INFO - [2023-09-14T16:48:25.316+0000] {dagbag.py:541} INFO - Filling up the DagBag from /home/airflow/.local/lib/python3.7/site-packages/airflow/example_dags/example_short_circuit_operator.py
[2023-09-14T16:48:25.357+0000] {processor.py:809} INFO - DAG(s) dict_keys(['example_short_circuit_operator']) retrieved from /home/airflow/.local/lib/python3.7/site-packages/airflow/example_dags/example_short_circuit_operator.py
[2023-09-14T16:48:25.512+0000] {logging_mixin.py:149} INFO - [2023-09-14T16:48:25.511+0000] {dag.py:2726} INFO - Sync 1 DAGs
[2023-09-14T16:48:25.598+0000] {logging_mixin.py:149} INFO - [2023-09-14T16:48:25.597+0000] {dag.py:3490} INFO - Setting next_dagrun for example_short_circuit_operator to 2023-09-13T16:48:25.597335+00:00, run_after=2023-09-14T16:48:25.597335+00:00
[2023-09-14T16:48:25.652+0000] {processor.py:178} INFO - Processing /home/airflow/.local/lib/python3.7/site-packages/airflow/example_dags/example_short_circuit_operator.py took 0.354 seconds
[2023-09-14T16:48:55.949+0000] {processor.py:156} INFO - Started process (PID=1207) to work on /home/airflow/.local/lib/python3.7/site-packages/airflow/example_dags/example_short_circuit_operator.py
[2023-09-14T16:48:55.952+0000] {processor.py:799} INFO - Processing file /home/airflow/.local/lib/python3.7/site-packages/airflow/example_dags/example_short_circuit_operator.py for tasks to queue
[2023-09-14T16:48:55.955+0000] {logging_mixin.py:149} INFO - [2023-09-14T16:48:55.955+0000] {dagbag.py:541} INFO - Filling up the DagBag from /home/airflow/.local/lib/python3.7/site-packages/airflow/example_dags/example_short_circuit_operator.py
[2023-09-14T16:48:55.986+0000] {processor.py:809} INFO - DAG(s) dict_keys(['example_short_circuit_operator']) retrieved from /home/airflow/.local/lib/python3.7/site-packages/airflow/example_dags/example_short_circuit_operator.py
[2023-09-14T16:48:56.092+0000] {logging_mixin.py:149} INFO - [2023-09-14T16:48:56.091+0000] {dag.py:2726} INFO - Sync 1 DAGs
[2023-09-14T16:48:56.184+0000] {logging_mixin.py:149} INFO - [2023-09-14T16:48:56.184+0000] {dag.py:3490} INFO - Setting next_dagrun for example_short_circuit_operator to 2023-09-13T16:48:56.183511+00:00, run_after=2023-09-14T16:48:56.183511+00:00
[2023-09-14T16:48:56.277+0000] {processor.py:178} INFO - Processing /home/airflow/.local/lib/python3.7/site-packages/airflow/example_dags/example_short_circuit_operator.py took 0.336 seconds
[2023-09-14T16:49:27.256+0000] {processor.py:156} INFO - Started process (PID=1268) to work on /home/airflow/.local/lib/python3.7/site-packages/airflow/example_dags/example_short_circuit_operator.py
[2023-09-14T16:49:27.258+0000] {processor.py:799} INFO - Processing file /home/airflow/.local/lib/python3.7/site-packages/airflow/example_dags/example_short_circuit_operator.py for tasks to queue
[2023-09-14T16:49:27.260+0000] {logging_mixin.py:149} INFO - [2023-09-14T16:49:27.260+0000] {dagbag.py:541} INFO - Filling up the DagBag from /home/airflow/.local/lib/python3.7/site-packages/airflow/example_dags/example_short_circuit_operator.py
[2023-09-14T16:49:27.279+0000] {processor.py:809} INFO - DAG(s) dict_keys(['example_short_circuit_operator']) retrieved from /home/airflow/.local/lib/python3.7/site-packages/airflow/example_dags/example_short_circuit_operator.py
[2023-09-14T16:49:27.379+0000] {logging_mixin.py:149} INFO - [2023-09-14T16:49:27.378+0000] {dag.py:2726} INFO - Sync 1 DAGs
[2023-09-14T16:49:27.456+0000] {logging_mixin.py:149} INFO - [2023-09-14T16:49:27.455+0000] {dag.py:3490} INFO - Setting next_dagrun for example_short_circuit_operator to 2023-09-13T16:49:27.454809+00:00, run_after=2023-09-14T16:49:27.454809+00:00
[2023-09-14T16:49:27.524+0000] {processor.py:178} INFO - Processing /home/airflow/.local/lib/python3.7/site-packages/airflow/example_dags/example_short_circuit_operator.py took 0.276 seconds
[2023-09-14T16:49:58.534+0000] {processor.py:156} INFO - Started process (PID=1329) to work on /home/airflow/.local/lib/python3.7/site-packages/airflow/example_dags/example_short_circuit_operator.py
[2023-09-14T16:49:58.536+0000] {processor.py:799} INFO - Processing file /home/airflow/.local/lib/python3.7/site-packages/airflow/example_dags/example_short_circuit_operator.py for tasks to queue
[2023-09-14T16:49:58.540+0000] {logging_mixin.py:149} INFO - [2023-09-14T16:49:58.539+0000] {dagbag.py:541} INFO - Filling up the DagBag from /home/airflow/.local/lib/python3.7/site-packages/airflow/example_dags/example_short_circuit_operator.py
[2023-09-14T16:49:58.567+0000] {processor.py:809} INFO - DAG(s) dict_keys(['example_short_circuit_operator']) retrieved from /home/airflow/.local/lib/python3.7/site-packages/airflow/example_dags/example_short_circuit_operator.py
[2023-09-14T16:49:58.649+0000] {logging_mixin.py:149} INFO - [2023-09-14T16:49:58.648+0000] {dag.py:2726} INFO - Sync 1 DAGs
[2023-09-14T16:49:58.751+0000] {logging_mixin.py:149} INFO - [2023-09-14T16:49:58.750+0000] {dag.py:3490} INFO - Setting next_dagrun for example_short_circuit_operator to 2023-09-13T16:49:58.749968+00:00, run_after=2023-09-14T16:49:58.749968+00:00
[2023-09-14T16:49:58.849+0000] {processor.py:178} INFO - Processing /home/airflow/.local/lib/python3.7/site-packages/airflow/example_dags/example_short_circuit_operator.py took 0.321 seconds
[2023-09-14T16:50:29.435+0000] {processor.py:156} INFO - Started process (PID=1390) to work on /home/airflow/.local/lib/python3.7/site-packages/airflow/example_dags/example_short_circuit_operator.py
[2023-09-14T16:50:29.441+0000] {processor.py:799} INFO - Processing file /home/airflow/.local/lib/python3.7/site-packages/airflow/example_dags/example_short_circuit_operator.py for tasks to queue
[2023-09-14T16:50:29.445+0000] {logging_mixin.py:149} INFO - [2023-09-14T16:50:29.445+0000] {dagbag.py:541} INFO - Filling up the DagBag from /home/airflow/.local/lib/python3.7/site-packages/airflow/example_dags/example_short_circuit_operator.py
[2023-09-14T16:50:29.479+0000] {processor.py:809} INFO - DAG(s) dict_keys(['example_short_circuit_operator']) retrieved from /home/airflow/.local/lib/python3.7/site-packages/airflow/example_dags/example_short_circuit_operator.py
[2023-09-14T16:50:29.615+0000] {logging_mixin.py:149} INFO - [2023-09-14T16:50:29.615+0000] {dag.py:2726} INFO - Sync 1 DAGs
[2023-09-14T16:50:29.732+0000] {logging_mixin.py:149} INFO - [2023-09-14T16:50:29.730+0000] {dag.py:3490} INFO - Setting next_dagrun for example_short_circuit_operator to 2023-09-13T16:50:29.729403+00:00, run_after=2023-09-14T16:50:29.729403+00:00
[2023-09-14T16:50:29.870+0000] {processor.py:178} INFO - Processing /home/airflow/.local/lib/python3.7/site-packages/airflow/example_dags/example_short_circuit_operator.py took 0.448 seconds
[2023-09-14T16:51:00.456+0000] {processor.py:156} INFO - Started process (PID=1451) to work on /home/airflow/.local/lib/python3.7/site-packages/airflow/example_dags/example_short_circuit_operator.py
[2023-09-14T16:51:00.462+0000] {processor.py:799} INFO - Processing file /home/airflow/.local/lib/python3.7/site-packages/airflow/example_dags/example_short_circuit_operator.py for tasks to queue
[2023-09-14T16:51:00.465+0000] {logging_mixin.py:149} INFO - [2023-09-14T16:51:00.465+0000] {dagbag.py:541} INFO - Filling up the DagBag from /home/airflow/.local/lib/python3.7/site-packages/airflow/example_dags/example_short_circuit_operator.py
[2023-09-14T16:51:00.486+0000] {processor.py:809} INFO - DAG(s) dict_keys(['example_short_circuit_operator']) retrieved from /home/airflow/.local/lib/python3.7/site-packages/airflow/example_dags/example_short_circuit_operator.py
[2023-09-14T16:51:00.582+0000] {logging_mixin.py:149} INFO - [2023-09-14T16:51:00.581+0000] {dag.py:2726} INFO - Sync 1 DAGs
[2023-09-14T16:51:00.666+0000] {logging_mixin.py:149} INFO - [2023-09-14T16:51:00.665+0000] {dag.py:3490} INFO - Setting next_dagrun for example_short_circuit_operator to 2023-09-13T16:51:00.664964+00:00, run_after=2023-09-14T16:51:00.664964+00:00
[2023-09-14T16:51:00.760+0000] {processor.py:178} INFO - Processing /home/airflow/.local/lib/python3.7/site-packages/airflow/example_dags/example_short_circuit_operator.py took 0.320 seconds
[2023-09-14T16:51:30.860+0000] {processor.py:156} INFO - Started process (PID=1512) to work on /home/airflow/.local/lib/python3.7/site-packages/airflow/example_dags/example_short_circuit_operator.py
[2023-09-14T16:51:30.862+0000] {processor.py:799} INFO - Processing file /home/airflow/.local/lib/python3.7/site-packages/airflow/example_dags/example_short_circuit_operator.py for tasks to queue
[2023-09-14T16:51:30.863+0000] {logging_mixin.py:149} INFO - [2023-09-14T16:51:30.863+0000] {dagbag.py:541} INFO - Filling up the DagBag from /home/airflow/.local/lib/python3.7/site-packages/airflow/example_dags/example_short_circuit_operator.py
[2023-09-14T16:51:30.881+0000] {processor.py:809} INFO - DAG(s) dict_keys(['example_short_circuit_operator']) retrieved from /home/airflow/.local/lib/python3.7/site-packages/airflow/example_dags/example_short_circuit_operator.py
[2023-09-14T16:51:30.948+0000] {logging_mixin.py:149} INFO - [2023-09-14T16:51:30.948+0000] {dag.py:2726} INFO - Sync 1 DAGs
[2023-09-14T16:51:31.012+0000] {logging_mixin.py:149} INFO - [2023-09-14T16:51:31.012+0000] {dag.py:3490} INFO - Setting next_dagrun for example_short_circuit_operator to 2023-09-13T16:51:31.011719+00:00, run_after=2023-09-14T16:51:31.011719+00:00
[2023-09-14T16:51:31.079+0000] {processor.py:178} INFO - Processing /home/airflow/.local/lib/python3.7/site-packages/airflow/example_dags/example_short_circuit_operator.py took 0.223 seconds
[2023-09-14T16:52:01.362+0000] {processor.py:156} INFO - Started process (PID=1574) to work on /home/airflow/.local/lib/python3.7/site-packages/airflow/example_dags/example_short_circuit_operator.py
[2023-09-14T16:52:01.364+0000] {processor.py:799} INFO - Processing file /home/airflow/.local/lib/python3.7/site-packages/airflow/example_dags/example_short_circuit_operator.py for tasks to queue
[2023-09-14T16:52:01.367+0000] {logging_mixin.py:149} INFO - [2023-09-14T16:52:01.366+0000] {dagbag.py:541} INFO - Filling up the DagBag from /home/airflow/.local/lib/python3.7/site-packages/airflow/example_dags/example_short_circuit_operator.py
[2023-09-14T16:52:01.388+0000] {processor.py:809} INFO - DAG(s) dict_keys(['example_short_circuit_operator']) retrieved from /home/airflow/.local/lib/python3.7/site-packages/airflow/example_dags/example_short_circuit_operator.py
[2023-09-14T16:52:01.450+0000] {logging_mixin.py:149} INFO - [2023-09-14T16:52:01.450+0000] {dag.py:2726} INFO - Sync 1 DAGs
[2023-09-14T16:52:01.519+0000] {logging_mixin.py:149} INFO - [2023-09-14T16:52:01.519+0000] {dag.py:3490} INFO - Setting next_dagrun for example_short_circuit_operator to 2023-09-13T16:52:01.518112+00:00, run_after=2023-09-14T16:52:01.518112+00:00
[2023-09-14T16:52:01.609+0000] {processor.py:178} INFO - Processing /home/airflow/.local/lib/python3.7/site-packages/airflow/example_dags/example_short_circuit_operator.py took 0.254 seconds
[2023-09-14T16:52:32.490+0000] {processor.py:156} INFO - Started process (PID=1635) to work on /home/airflow/.local/lib/python3.7/site-packages/airflow/example_dags/example_short_circuit_operator.py
[2023-09-14T16:52:32.492+0000] {processor.py:799} INFO - Processing file /home/airflow/.local/lib/python3.7/site-packages/airflow/example_dags/example_short_circuit_operator.py for tasks to queue
[2023-09-14T16:52:32.495+0000] {logging_mixin.py:149} INFO - [2023-09-14T16:52:32.494+0000] {dagbag.py:541} INFO - Filling up the DagBag from /home/airflow/.local/lib/python3.7/site-packages/airflow/example_dags/example_short_circuit_operator.py
[2023-09-14T16:52:32.534+0000] {processor.py:809} INFO - DAG(s) dict_keys(['example_short_circuit_operator']) retrieved from /home/airflow/.local/lib/python3.7/site-packages/airflow/example_dags/example_short_circuit_operator.py
[2023-09-14T16:52:32.610+0000] {logging_mixin.py:149} INFO - [2023-09-14T16:52:32.608+0000] {dag.py:2726} INFO - Sync 1 DAGs
[2023-09-14T16:52:32.695+0000] {logging_mixin.py:149} INFO - [2023-09-14T16:52:32.695+0000] {dag.py:3490} INFO - Setting next_dagrun for example_short_circuit_operator to 2023-09-13T16:52:32.695131+00:00, run_after=2023-09-14T16:52:32.695131+00:00
[2023-09-14T16:52:32.767+0000] {processor.py:178} INFO - Processing /home/airflow/.local/lib/python3.7/site-packages/airflow/example_dags/example_short_circuit_operator.py took 0.284 seconds
[2023-09-14T16:53:03.748+0000] {processor.py:156} INFO - Started process (PID=1696) to work on /home/airflow/.local/lib/python3.7/site-packages/airflow/example_dags/example_short_circuit_operator.py
[2023-09-14T16:53:03.755+0000] {processor.py:799} INFO - Processing file /home/airflow/.local/lib/python3.7/site-packages/airflow/example_dags/example_short_circuit_operator.py for tasks to queue
[2023-09-14T16:53:03.759+0000] {logging_mixin.py:149} INFO - [2023-09-14T16:53:03.759+0000] {dagbag.py:541} INFO - Filling up the DagBag from /home/airflow/.local/lib/python3.7/site-packages/airflow/example_dags/example_short_circuit_operator.py
[2023-09-14T16:53:03.825+0000] {processor.py:809} INFO - DAG(s) dict_keys(['example_short_circuit_operator']) retrieved from /home/airflow/.local/lib/python3.7/site-packages/airflow/example_dags/example_short_circuit_operator.py
[2023-09-14T16:53:03.939+0000] {logging_mixin.py:149} INFO - [2023-09-14T16:53:03.939+0000] {dag.py:2726} INFO - Sync 1 DAGs
[2023-09-14T16:53:04.034+0000] {logging_mixin.py:149} INFO - [2023-09-14T16:53:04.033+0000] {dag.py:3490} INFO - Setting next_dagrun for example_short_circuit_operator to 2023-09-13T16:53:04.033359+00:00, run_after=2023-09-14T16:53:04.033359+00:00
[2023-09-14T16:53:04.159+0000] {processor.py:178} INFO - Processing /home/airflow/.local/lib/python3.7/site-packages/airflow/example_dags/example_short_circuit_operator.py took 0.422 seconds
[2023-09-14T16:53:37.800+0000] {processor.py:156} INFO - Started process (PID=1752) to work on /home/airflow/.local/lib/python3.7/site-packages/airflow/example_dags/example_short_circuit_operator.py
[2023-09-14T16:53:37.804+0000] {processor.py:799} INFO - Processing file /home/airflow/.local/lib/python3.7/site-packages/airflow/example_dags/example_short_circuit_operator.py for tasks to queue
[2023-09-14T16:53:37.808+0000] {logging_mixin.py:149} INFO - [2023-09-14T16:53:37.807+0000] {dagbag.py:541} INFO - Filling up the DagBag from /home/airflow/.local/lib/python3.7/site-packages/airflow/example_dags/example_short_circuit_operator.py
[2023-09-14T16:53:37.860+0000] {processor.py:809} INFO - DAG(s) dict_keys(['example_short_circuit_operator']) retrieved from /home/airflow/.local/lib/python3.7/site-packages/airflow/example_dags/example_short_circuit_operator.py
[2023-09-14T16:53:38.030+0000] {logging_mixin.py:149} INFO - [2023-09-14T16:53:38.030+0000] {dag.py:2726} INFO - Sync 1 DAGs
[2023-09-14T16:53:38.230+0000] {logging_mixin.py:149} INFO - [2023-09-14T16:53:38.229+0000] {dag.py:3490} INFO - Setting next_dagrun for example_short_circuit_operator to 2023-09-13T16:53:38.228277+00:00, run_after=2023-09-14T16:53:38.228277+00:00
[2023-09-14T16:53:38.364+0000] {processor.py:178} INFO - Processing /home/airflow/.local/lib/python3.7/site-packages/airflow/example_dags/example_short_circuit_operator.py took 0.589 seconds
[2023-09-14T16:54:09.196+0000] {processor.py:156} INFO - Started process (PID=1817) to work on /home/airflow/.local/lib/python3.7/site-packages/airflow/example_dags/example_short_circuit_operator.py
[2023-09-14T16:54:09.200+0000] {processor.py:799} INFO - Processing file /home/airflow/.local/lib/python3.7/site-packages/airflow/example_dags/example_short_circuit_operator.py for tasks to queue
[2023-09-14T16:54:09.202+0000] {logging_mixin.py:149} INFO - [2023-09-14T16:54:09.202+0000] {dagbag.py:541} INFO - Filling up the DagBag from /home/airflow/.local/lib/python3.7/site-packages/airflow/example_dags/example_short_circuit_operator.py
[2023-09-14T16:54:09.232+0000] {processor.py:809} INFO - DAG(s) dict_keys(['example_short_circuit_operator']) retrieved from /home/airflow/.local/lib/python3.7/site-packages/airflow/example_dags/example_short_circuit_operator.py
[2023-09-14T16:54:09.456+0000] {logging_mixin.py:149} INFO - [2023-09-14T16:54:09.455+0000] {dag.py:2726} INFO - Sync 1 DAGs
[2023-09-14T16:54:09.640+0000] {logging_mixin.py:149} INFO - [2023-09-14T16:54:09.639+0000] {dag.py:3490} INFO - Setting next_dagrun for example_short_circuit_operator to 2023-09-13T16:54:09.638514+00:00, run_after=2023-09-14T16:54:09.638514+00:00
[2023-09-14T16:54:09.874+0000] {processor.py:178} INFO - Processing /home/airflow/.local/lib/python3.7/site-packages/airflow/example_dags/example_short_circuit_operator.py took 0.689 seconds
[2023-09-14T16:54:56.254+0000] {processor.py:156} INFO - Started process (PID=1887) to work on /home/airflow/.local/lib/python3.7/site-packages/airflow/example_dags/example_short_circuit_operator.py
[2023-09-14T16:54:56.266+0000] {processor.py:799} INFO - Processing file /home/airflow/.local/lib/python3.7/site-packages/airflow/example_dags/example_short_circuit_operator.py for tasks to queue
[2023-09-14T16:54:56.287+0000] {logging_mixin.py:149} INFO - [2023-09-14T16:54:56.280+0000] {dagbag.py:541} INFO - Filling up the DagBag from /home/airflow/.local/lib/python3.7/site-packages/airflow/example_dags/example_short_circuit_operator.py
[2023-09-14T16:54:56.354+0000] {processor.py:809} INFO - DAG(s) dict_keys(['example_short_circuit_operator']) retrieved from /home/airflow/.local/lib/python3.7/site-packages/airflow/example_dags/example_short_circuit_operator.py
[2023-09-14T16:54:56.592+0000] {logging_mixin.py:149} INFO - [2023-09-14T16:54:56.591+0000] {dag.py:2726} INFO - Sync 1 DAGs
[2023-09-14T16:54:56.899+0000] {logging_mixin.py:149} INFO - [2023-09-14T16:54:56.899+0000] {dag.py:3490} INFO - Setting next_dagrun for example_short_circuit_operator to 2023-09-13T16:54:56.897884+00:00, run_after=2023-09-14T16:54:56.897884+00:00
[2023-09-14T16:54:57.120+0000] {processor.py:178} INFO - Processing /home/airflow/.local/lib/python3.7/site-packages/airflow/example_dags/example_short_circuit_operator.py took 0.901 seconds
[2023-09-14T16:55:27.563+0000] {processor.py:156} INFO - Started process (PID=1953) to work on /home/airflow/.local/lib/python3.7/site-packages/airflow/example_dags/example_short_circuit_operator.py
[2023-09-14T16:55:27.566+0000] {processor.py:799} INFO - Processing file /home/airflow/.local/lib/python3.7/site-packages/airflow/example_dags/example_short_circuit_operator.py for tasks to queue
[2023-09-14T16:55:27.568+0000] {logging_mixin.py:149} INFO - [2023-09-14T16:55:27.568+0000] {dagbag.py:541} INFO - Filling up the DagBag from /home/airflow/.local/lib/python3.7/site-packages/airflow/example_dags/example_short_circuit_operator.py
[2023-09-14T16:55:27.585+0000] {processor.py:809} INFO - DAG(s) dict_keys(['example_short_circuit_operator']) retrieved from /home/airflow/.local/lib/python3.7/site-packages/airflow/example_dags/example_short_circuit_operator.py
[2023-09-14T16:55:27.643+0000] {logging_mixin.py:149} INFO - [2023-09-14T16:55:27.642+0000] {dag.py:2726} INFO - Sync 1 DAGs
[2023-09-14T16:55:27.709+0000] {logging_mixin.py:149} INFO - [2023-09-14T16:55:27.708+0000] {dag.py:3490} INFO - Setting next_dagrun for example_short_circuit_operator to 2023-09-13T16:55:27.708009+00:00, run_after=2023-09-14T16:55:27.708009+00:00
[2023-09-14T16:55:27.768+0000] {processor.py:178} INFO - Processing /home/airflow/.local/lib/python3.7/site-packages/airflow/example_dags/example_short_circuit_operator.py took 0.209 seconds
[2023-09-14T16:55:57.938+0000] {processor.py:156} INFO - Started process (PID=2018) to work on /home/airflow/.local/lib/python3.7/site-packages/airflow/example_dags/example_short_circuit_operator.py
[2023-09-14T16:55:57.941+0000] {processor.py:799} INFO - Processing file /home/airflow/.local/lib/python3.7/site-packages/airflow/example_dags/example_short_circuit_operator.py for tasks to queue
[2023-09-14T16:55:57.943+0000] {logging_mixin.py:149} INFO - [2023-09-14T16:55:57.943+0000] {dagbag.py:541} INFO - Filling up the DagBag from /home/airflow/.local/lib/python3.7/site-packages/airflow/example_dags/example_short_circuit_operator.py
[2023-09-14T16:55:57.976+0000] {processor.py:809} INFO - DAG(s) dict_keys(['example_short_circuit_operator']) retrieved from /home/airflow/.local/lib/python3.7/site-packages/airflow/example_dags/example_short_circuit_operator.py
[2023-09-14T16:55:58.054+0000] {logging_mixin.py:149} INFO - [2023-09-14T16:55:58.054+0000] {dag.py:2726} INFO - Sync 1 DAGs
[2023-09-14T16:55:58.141+0000] {logging_mixin.py:149} INFO - [2023-09-14T16:55:58.141+0000] {dag.py:3490} INFO - Setting next_dagrun for example_short_circuit_operator to 2023-09-13T16:55:58.140946+00:00, run_after=2023-09-14T16:55:58.140946+00:00
[2023-09-14T16:55:58.262+0000] {processor.py:178} INFO - Processing /home/airflow/.local/lib/python3.7/site-packages/airflow/example_dags/example_short_circuit_operator.py took 0.337 seconds
[2023-09-14T16:56:28.737+0000] {processor.py:156} INFO - Started process (PID=2083) to work on /home/airflow/.local/lib/python3.7/site-packages/airflow/example_dags/example_short_circuit_operator.py
[2023-09-14T16:56:28.741+0000] {processor.py:799} INFO - Processing file /home/airflow/.local/lib/python3.7/site-packages/airflow/example_dags/example_short_circuit_operator.py for tasks to queue
[2023-09-14T16:56:28.744+0000] {logging_mixin.py:149} INFO - [2023-09-14T16:56:28.743+0000] {dagbag.py:541} INFO - Filling up the DagBag from /home/airflow/.local/lib/python3.7/site-packages/airflow/example_dags/example_short_circuit_operator.py
[2023-09-14T16:56:28.775+0000] {processor.py:809} INFO - DAG(s) dict_keys(['example_short_circuit_operator']) retrieved from /home/airflow/.local/lib/python3.7/site-packages/airflow/example_dags/example_short_circuit_operator.py
[2023-09-14T16:56:28.867+0000] {logging_mixin.py:149} INFO - [2023-09-14T16:56:28.866+0000] {dag.py:2726} INFO - Sync 1 DAGs
[2023-09-14T16:56:28.957+0000] {logging_mixin.py:149} INFO - [2023-09-14T16:56:28.956+0000] {dag.py:3490} INFO - Setting next_dagrun for example_short_circuit_operator to 2023-09-13T16:56:28.955178+00:00, run_after=2023-09-14T16:56:28.955178+00:00
[2023-09-14T16:56:29.022+0000] {processor.py:178} INFO - Processing /home/airflow/.local/lib/python3.7/site-packages/airflow/example_dags/example_short_circuit_operator.py took 0.294 seconds
[2023-09-14T16:56:59.567+0000] {processor.py:156} INFO - Started process (PID=2148) to work on /home/airflow/.local/lib/python3.7/site-packages/airflow/example_dags/example_short_circuit_operator.py
[2023-09-14T16:56:59.577+0000] {processor.py:799} INFO - Processing file /home/airflow/.local/lib/python3.7/site-packages/airflow/example_dags/example_short_circuit_operator.py for tasks to queue
[2023-09-14T16:56:59.581+0000] {logging_mixin.py:149} INFO - [2023-09-14T16:56:59.580+0000] {dagbag.py:541} INFO - Filling up the DagBag from /home/airflow/.local/lib/python3.7/site-packages/airflow/example_dags/example_short_circuit_operator.py
[2023-09-14T16:56:59.600+0000] {processor.py:809} INFO - DAG(s) dict_keys(['example_short_circuit_operator']) retrieved from /home/airflow/.local/lib/python3.7/site-packages/airflow/example_dags/example_short_circuit_operator.py
[2023-09-14T16:56:59.695+0000] {logging_mixin.py:149} INFO - [2023-09-14T16:56:59.695+0000] {dag.py:2726} INFO - Sync 1 DAGs
[2023-09-14T16:56:59.796+0000] {logging_mixin.py:149} INFO - [2023-09-14T16:56:59.796+0000] {dag.py:3490} INFO - Setting next_dagrun for example_short_circuit_operator to 2023-09-13T16:56:59.795981+00:00, run_after=2023-09-14T16:56:59.795981+00:00
[2023-09-14T16:56:59.892+0000] {processor.py:178} INFO - Processing /home/airflow/.local/lib/python3.7/site-packages/airflow/example_dags/example_short_circuit_operator.py took 0.339 seconds
[2023-09-14T16:57:30.618+0000] {processor.py:156} INFO - Started process (PID=2214) to work on /home/airflow/.local/lib/python3.7/site-packages/airflow/example_dags/example_short_circuit_operator.py
[2023-09-14T16:57:30.620+0000] {processor.py:799} INFO - Processing file /home/airflow/.local/lib/python3.7/site-packages/airflow/example_dags/example_short_circuit_operator.py for tasks to queue
[2023-09-14T16:57:30.622+0000] {logging_mixin.py:149} INFO - [2023-09-14T16:57:30.622+0000] {dagbag.py:541} INFO - Filling up the DagBag from /home/airflow/.local/lib/python3.7/site-packages/airflow/example_dags/example_short_circuit_operator.py
[2023-09-14T16:57:30.638+0000] {processor.py:809} INFO - DAG(s) dict_keys(['example_short_circuit_operator']) retrieved from /home/airflow/.local/lib/python3.7/site-packages/airflow/example_dags/example_short_circuit_operator.py
[2023-09-14T16:57:30.737+0000] {logging_mixin.py:149} INFO - [2023-09-14T16:57:30.736+0000] {dag.py:2726} INFO - Sync 1 DAGs
[2023-09-14T16:57:30.801+0000] {logging_mixin.py:149} INFO - [2023-09-14T16:57:30.801+0000] {dag.py:3490} INFO - Setting next_dagrun for example_short_circuit_operator to 2023-09-13T16:57:30.800801+00:00, run_after=2023-09-14T16:57:30.800801+00:00
[2023-09-14T16:57:30.870+0000] {processor.py:178} INFO - Processing /home/airflow/.local/lib/python3.7/site-packages/airflow/example_dags/example_short_circuit_operator.py took 0.259 seconds
[2023-09-14T16:58:01.073+0000] {processor.py:156} INFO - Started process (PID=2279) to work on /home/airflow/.local/lib/python3.7/site-packages/airflow/example_dags/example_short_circuit_operator.py
[2023-09-14T16:58:01.076+0000] {processor.py:799} INFO - Processing file /home/airflow/.local/lib/python3.7/site-packages/airflow/example_dags/example_short_circuit_operator.py for tasks to queue
[2023-09-14T16:58:01.081+0000] {logging_mixin.py:149} INFO - [2023-09-14T16:58:01.080+0000] {dagbag.py:541} INFO - Filling up the DagBag from /home/airflow/.local/lib/python3.7/site-packages/airflow/example_dags/example_short_circuit_operator.py
[2023-09-14T16:58:01.114+0000] {processor.py:809} INFO - DAG(s) dict_keys(['example_short_circuit_operator']) retrieved from /home/airflow/.local/lib/python3.7/site-packages/airflow/example_dags/example_short_circuit_operator.py
[2023-09-14T16:58:01.214+0000] {logging_mixin.py:149} INFO - [2023-09-14T16:58:01.214+0000] {dag.py:2726} INFO - Sync 1 DAGs
[2023-09-14T16:58:01.316+0000] {logging_mixin.py:149} INFO - [2023-09-14T16:58:01.315+0000] {dag.py:3490} INFO - Setting next_dagrun for example_short_circuit_operator to 2023-09-13T16:58:01.314400+00:00, run_after=2023-09-14T16:58:01.314400+00:00
[2023-09-14T16:58:01.397+0000] {processor.py:178} INFO - Processing /home/airflow/.local/lib/python3.7/site-packages/airflow/example_dags/example_short_circuit_operator.py took 0.334 seconds
[2023-09-14T16:58:42.308+0000] {processor.py:156} INFO - Started process (PID=2347) to work on /home/airflow/.local/lib/python3.7/site-packages/airflow/example_dags/example_short_circuit_operator.py
[2023-09-14T16:58:42.323+0000] {processor.py:799} INFO - Processing file /home/airflow/.local/lib/python3.7/site-packages/airflow/example_dags/example_short_circuit_operator.py for tasks to queue
[2023-09-14T16:58:42.336+0000] {logging_mixin.py:149} INFO - [2023-09-14T16:58:42.328+0000] {dagbag.py:541} INFO - Filling up the DagBag from /home/airflow/.local/lib/python3.7/site-packages/airflow/example_dags/example_short_circuit_operator.py
[2023-09-14T16:58:42.402+0000] {processor.py:809} INFO - DAG(s) dict_keys(['example_short_circuit_operator']) retrieved from /home/airflow/.local/lib/python3.7/site-packages/airflow/example_dags/example_short_circuit_operator.py
[2023-09-14T16:58:42.557+0000] {logging_mixin.py:149} INFO - [2023-09-14T16:58:42.556+0000] {dag.py:2726} INFO - Sync 1 DAGs
[2023-09-14T16:58:42.704+0000] {logging_mixin.py:149} INFO - [2023-09-14T16:58:42.703+0000] {dag.py:3490} INFO - Setting next_dagrun for example_short_circuit_operator to 2023-09-13T16:58:42.702660+00:00, run_after=2023-09-14T16:58:42.702660+00:00
[2023-09-14T16:58:42.833+0000] {processor.py:178} INFO - Processing /home/airflow/.local/lib/python3.7/site-packages/airflow/example_dags/example_short_circuit_operator.py took 0.553 seconds
[2023-09-14T16:59:13.190+0000] {processor.py:156} INFO - Started process (PID=2412) to work on /home/airflow/.local/lib/python3.7/site-packages/airflow/example_dags/example_short_circuit_operator.py
[2023-09-14T16:59:13.194+0000] {processor.py:799} INFO - Processing file /home/airflow/.local/lib/python3.7/site-packages/airflow/example_dags/example_short_circuit_operator.py for tasks to queue
[2023-09-14T16:59:13.197+0000] {logging_mixin.py:149} INFO - [2023-09-14T16:59:13.196+0000] {dagbag.py:541} INFO - Filling up the DagBag from /home/airflow/.local/lib/python3.7/site-packages/airflow/example_dags/example_short_circuit_operator.py
[2023-09-14T16:59:13.227+0000] {processor.py:809} INFO - DAG(s) dict_keys(['example_short_circuit_operator']) retrieved from /home/airflow/.local/lib/python3.7/site-packages/airflow/example_dags/example_short_circuit_operator.py
[2023-09-14T16:59:13.289+0000] {logging_mixin.py:149} INFO - [2023-09-14T16:59:13.289+0000] {dag.py:2726} INFO - Sync 1 DAGs
[2023-09-14T16:59:13.343+0000] {logging_mixin.py:149} INFO - [2023-09-14T16:59:13.342+0000] {dag.py:3490} INFO - Setting next_dagrun for example_short_circuit_operator to 2023-09-13T16:59:13.342618+00:00, run_after=2023-09-14T16:59:13.342618+00:00
[2023-09-14T16:59:13.422+0000] {processor.py:178} INFO - Processing /home/airflow/.local/lib/python3.7/site-packages/airflow/example_dags/example_short_circuit_operator.py took 0.243 seconds
[2023-09-14T16:59:43.795+0000] {processor.py:156} INFO - Started process (PID=2476) to work on /home/airflow/.local/lib/python3.7/site-packages/airflow/example_dags/example_short_circuit_operator.py
[2023-09-14T16:59:43.798+0000] {processor.py:799} INFO - Processing file /home/airflow/.local/lib/python3.7/site-packages/airflow/example_dags/example_short_circuit_operator.py for tasks to queue
[2023-09-14T16:59:43.803+0000] {logging_mixin.py:149} INFO - [2023-09-14T16:59:43.801+0000] {dagbag.py:541} INFO - Filling up the DagBag from /home/airflow/.local/lib/python3.7/site-packages/airflow/example_dags/example_short_circuit_operator.py
[2023-09-14T16:59:43.907+0000] {processor.py:809} INFO - DAG(s) dict_keys(['example_short_circuit_operator']) retrieved from /home/airflow/.local/lib/python3.7/site-packages/airflow/example_dags/example_short_circuit_operator.py
[2023-09-14T16:59:44.016+0000] {logging_mixin.py:149} INFO - [2023-09-14T16:59:44.015+0000] {dag.py:2726} INFO - Sync 1 DAGs
[2023-09-14T16:59:44.131+0000] {logging_mixin.py:149} INFO - [2023-09-14T16:59:44.130+0000] {dag.py:3490} INFO - Setting next_dagrun for example_short_circuit_operator to 2023-09-13T16:59:44.130024+00:00, run_after=2023-09-14T16:59:44.130024+00:00
[2023-09-14T16:59:44.215+0000] {processor.py:178} INFO - Processing /home/airflow/.local/lib/python3.7/site-packages/airflow/example_dags/example_short_circuit_operator.py took 0.434 seconds
[2023-09-14T17:00:14.998+0000] {processor.py:156} INFO - Started process (PID=2540) to work on /home/airflow/.local/lib/python3.7/site-packages/airflow/example_dags/example_short_circuit_operator.py
[2023-09-14T17:00:15.002+0000] {processor.py:799} INFO - Processing file /home/airflow/.local/lib/python3.7/site-packages/airflow/example_dags/example_short_circuit_operator.py for tasks to queue
[2023-09-14T17:00:15.007+0000] {logging_mixin.py:149} INFO - [2023-09-14T17:00:15.006+0000] {dagbag.py:541} INFO - Filling up the DagBag from /home/airflow/.local/lib/python3.7/site-packages/airflow/example_dags/example_short_circuit_operator.py
[2023-09-14T17:00:15.057+0000] {processor.py:809} INFO - DAG(s) dict_keys(['example_short_circuit_operator']) retrieved from /home/airflow/.local/lib/python3.7/site-packages/airflow/example_dags/example_short_circuit_operator.py
[2023-09-14T17:00:15.163+0000] {logging_mixin.py:149} INFO - [2023-09-14T17:00:15.163+0000] {dag.py:2726} INFO - Sync 1 DAGs
[2023-09-14T17:00:15.252+0000] {logging_mixin.py:149} INFO - [2023-09-14T17:00:15.251+0000] {dag.py:3490} INFO - Setting next_dagrun for example_short_circuit_operator to 2023-09-13T17:00:15.251245+00:00, run_after=2023-09-14T17:00:15.251245+00:00
[2023-09-14T17:00:15.340+0000] {processor.py:178} INFO - Processing /home/airflow/.local/lib/python3.7/site-packages/airflow/example_dags/example_short_circuit_operator.py took 0.355 seconds
[2023-09-14T17:00:45.637+0000] {processor.py:156} INFO - Started process (PID=2595) to work on /home/airflow/.local/lib/python3.7/site-packages/airflow/example_dags/example_short_circuit_operator.py
[2023-09-14T17:00:45.639+0000] {processor.py:799} INFO - Processing file /home/airflow/.local/lib/python3.7/site-packages/airflow/example_dags/example_short_circuit_operator.py for tasks to queue
[2023-09-14T17:00:45.641+0000] {logging_mixin.py:149} INFO - [2023-09-14T17:00:45.641+0000] {dagbag.py:541} INFO - Filling up the DagBag from /home/airflow/.local/lib/python3.7/site-packages/airflow/example_dags/example_short_circuit_operator.py
[2023-09-14T17:00:45.659+0000] {processor.py:809} INFO - DAG(s) dict_keys(['example_short_circuit_operator']) retrieved from /home/airflow/.local/lib/python3.7/site-packages/airflow/example_dags/example_short_circuit_operator.py
[2023-09-14T17:00:45.716+0000] {logging_mixin.py:149} INFO - [2023-09-14T17:00:45.715+0000] {dag.py:2726} INFO - Sync 1 DAGs
[2023-09-14T17:00:45.771+0000] {logging_mixin.py:149} INFO - [2023-09-14T17:00:45.771+0000] {dag.py:3490} INFO - Setting next_dagrun for example_short_circuit_operator to 2023-09-13T17:00:45.771046+00:00, run_after=2023-09-14T17:00:45.771046+00:00
[2023-09-14T17:00:45.814+0000] {processor.py:178} INFO - Processing /home/airflow/.local/lib/python3.7/site-packages/airflow/example_dags/example_short_circuit_operator.py took 0.185 seconds
[2023-09-14T17:01:15.965+0000] {processor.py:156} INFO - Started process (PID=2659) to work on /home/airflow/.local/lib/python3.7/site-packages/airflow/example_dags/example_short_circuit_operator.py
[2023-09-14T17:01:15.967+0000] {processor.py:799} INFO - Processing file /home/airflow/.local/lib/python3.7/site-packages/airflow/example_dags/example_short_circuit_operator.py for tasks to queue
[2023-09-14T17:01:15.971+0000] {logging_mixin.py:149} INFO - [2023-09-14T17:01:15.969+0000] {dagbag.py:541} INFO - Filling up the DagBag from /home/airflow/.local/lib/python3.7/site-packages/airflow/example_dags/example_short_circuit_operator.py
[2023-09-14T17:01:16.005+0000] {processor.py:809} INFO - DAG(s) dict_keys(['example_short_circuit_operator']) retrieved from /home/airflow/.local/lib/python3.7/site-packages/airflow/example_dags/example_short_circuit_operator.py
[2023-09-14T17:01:16.112+0000] {logging_mixin.py:149} INFO - [2023-09-14T17:01:16.112+0000] {dag.py:2726} INFO - Sync 1 DAGs
[2023-09-14T17:01:16.171+0000] {logging_mixin.py:149} INFO - [2023-09-14T17:01:16.170+0000] {dag.py:3490} INFO - Setting next_dagrun for example_short_circuit_operator to 2023-09-13T17:01:16.170431+00:00, run_after=2023-09-14T17:01:16.170431+00:00
[2023-09-14T17:01:16.211+0000] {processor.py:178} INFO - Processing /home/airflow/.local/lib/python3.7/site-packages/airflow/example_dags/example_short_circuit_operator.py took 0.253 seconds
[2023-09-14T17:01:47.095+0000] {processor.py:156} INFO - Started process (PID=2723) to work on /home/airflow/.local/lib/python3.7/site-packages/airflow/example_dags/example_short_circuit_operator.py
[2023-09-14T17:01:47.101+0000] {processor.py:799} INFO - Processing file /home/airflow/.local/lib/python3.7/site-packages/airflow/example_dags/example_short_circuit_operator.py for tasks to queue
[2023-09-14T17:01:47.104+0000] {logging_mixin.py:149} INFO - [2023-09-14T17:01:47.103+0000] {dagbag.py:541} INFO - Filling up the DagBag from /home/airflow/.local/lib/python3.7/site-packages/airflow/example_dags/example_short_circuit_operator.py
[2023-09-14T17:01:47.116+0000] {processor.py:809} INFO - DAG(s) dict_keys(['example_short_circuit_operator']) retrieved from /home/airflow/.local/lib/python3.7/site-packages/airflow/example_dags/example_short_circuit_operator.py
[2023-09-14T17:01:47.200+0000] {logging_mixin.py:149} INFO - [2023-09-14T17:01:47.199+0000] {dag.py:2726} INFO - Sync 1 DAGs
[2023-09-14T17:01:47.299+0000] {logging_mixin.py:149} INFO - [2023-09-14T17:01:47.297+0000] {dag.py:3490} INFO - Setting next_dagrun for example_short_circuit_operator to 2023-09-13T17:01:47.296315+00:00, run_after=2023-09-14T17:01:47.296315+00:00
[2023-09-14T17:01:47.369+0000] {processor.py:178} INFO - Processing /home/airflow/.local/lib/python3.7/site-packages/airflow/example_dags/example_short_circuit_operator.py took 0.288 seconds
[2023-09-14T17:02:17.864+0000] {processor.py:156} INFO - Started process (PID=2788) to work on /home/airflow/.local/lib/python3.7/site-packages/airflow/example_dags/example_short_circuit_operator.py
[2023-09-14T17:02:17.866+0000] {processor.py:799} INFO - Processing file /home/airflow/.local/lib/python3.7/site-packages/airflow/example_dags/example_short_circuit_operator.py for tasks to queue
[2023-09-14T17:02:17.869+0000] {logging_mixin.py:149} INFO - [2023-09-14T17:02:17.868+0000] {dagbag.py:541} INFO - Filling up the DagBag from /home/airflow/.local/lib/python3.7/site-packages/airflow/example_dags/example_short_circuit_operator.py
[2023-09-14T17:02:17.891+0000] {processor.py:809} INFO - DAG(s) dict_keys(['example_short_circuit_operator']) retrieved from /home/airflow/.local/lib/python3.7/site-packages/airflow/example_dags/example_short_circuit_operator.py
[2023-09-14T17:02:17.978+0000] {logging_mixin.py:149} INFO - [2023-09-14T17:02:17.978+0000] {dag.py:2726} INFO - Sync 1 DAGs
[2023-09-14T17:02:18.050+0000] {logging_mixin.py:149} INFO - [2023-09-14T17:02:18.049+0000] {dag.py:3490} INFO - Setting next_dagrun for example_short_circuit_operator to 2023-09-13T17:02:18.049257+00:00, run_after=2023-09-14T17:02:18.049257+00:00
[2023-09-14T17:02:18.111+0000] {processor.py:178} INFO - Processing /home/airflow/.local/lib/python3.7/site-packages/airflow/example_dags/example_short_circuit_operator.py took 0.259 seconds
[2023-09-14T17:04:01.319+0000] {processor.py:156} INFO - Started process (PID=55) to work on /home/airflow/.local/lib/python3.7/site-packages/airflow/example_dags/example_short_circuit_operator.py
[2023-09-14T17:04:01.324+0000] {processor.py:799} INFO - Processing file /home/airflow/.local/lib/python3.7/site-packages/airflow/example_dags/example_short_circuit_operator.py for tasks to queue
[2023-09-14T17:04:01.328+0000] {logging_mixin.py:149} INFO - [2023-09-14T17:04:01.328+0000] {dagbag.py:541} INFO - Filling up the DagBag from /home/airflow/.local/lib/python3.7/site-packages/airflow/example_dags/example_short_circuit_operator.py
[2023-09-14T17:04:01.379+0000] {processor.py:809} INFO - DAG(s) dict_keys(['example_short_circuit_operator']) retrieved from /home/airflow/.local/lib/python3.7/site-packages/airflow/example_dags/example_short_circuit_operator.py
[2023-09-14T17:04:01.535+0000] {logging_mixin.py:149} INFO - [2023-09-14T17:04:01.534+0000] {dag.py:2726} INFO - Sync 1 DAGs
[2023-09-14T17:04:01.765+0000] {logging_mixin.py:149} INFO - [2023-09-14T17:04:01.764+0000] {dag.py:3490} INFO - Setting next_dagrun for example_short_circuit_operator to 2023-09-13T17:04:01.732048+00:00, run_after=2023-09-14T17:04:01.732048+00:00
[2023-09-14T17:04:02.679+0000] {logging_mixin.py:149} INFO - [2023-09-14T17:04:02.678+0000] {process_utils.py:258} INFO - Waiting up to 5 seconds for processes to exit...
