[2023-09-14T16:10:20.815+0000] {processor.py:156} INFO - Started process (PID=64) to work on /home/airflow/.local/lib/python3.7/site-packages/airflow/example_dags/example_params_trigger_ui.py
[2023-09-14T16:10:20.856+0000] {processor.py:799} INFO - Processing file /home/airflow/.local/lib/python3.7/site-packages/airflow/example_dags/example_params_trigger_ui.py for tasks to queue
[2023-09-14T16:10:20.861+0000] {logging_mixin.py:149} INFO - [2023-09-14T16:10:20.860+0000] {dagbag.py:541} INFO - Filling up the DagBag from /home/airflow/.local/lib/python3.7/site-packages/airflow/example_dags/example_params_trigger_ui.py
[2023-09-14T16:10:21.171+0000] {processor.py:809} INFO - DAG(s) dict_keys(['example_params_trigger_ui']) retrieved from /home/airflow/.local/lib/python3.7/site-packages/airflow/example_dags/example_params_trigger_ui.py
[2023-09-14T16:10:22.553+0000] {logging_mixin.py:149} INFO - [2023-09-14T16:10:22.552+0000] {dag.py:2726} INFO - Sync 1 DAGs
[2023-09-14T16:10:23.610+0000] {logging_mixin.py:149} INFO - [2023-09-14T16:10:23.609+0000] {dag.py:3490} INFO - Setting next_dagrun for example_params_trigger_ui to None, run_after=None
[2023-09-14T16:10:24.736+0000] {processor.py:178} INFO - Processing /home/airflow/.local/lib/python3.7/site-packages/airflow/example_dags/example_params_trigger_ui.py took 4.143 seconds
[2023-09-14T16:11:48.908+0000] {processor.py:156} INFO - Started process (PID=133) to work on /home/airflow/.local/lib/python3.7/site-packages/airflow/example_dags/example_params_trigger_ui.py
[2023-09-14T16:11:48.912+0000] {processor.py:799} INFO - Processing file /home/airflow/.local/lib/python3.7/site-packages/airflow/example_dags/example_params_trigger_ui.py for tasks to queue
[2023-09-14T16:11:48.923+0000] {logging_mixin.py:149} INFO - [2023-09-14T16:11:48.915+0000] {dagbag.py:541} INFO - Filling up the DagBag from /home/airflow/.local/lib/python3.7/site-packages/airflow/example_dags/example_params_trigger_ui.py
[2023-09-14T16:11:49.106+0000] {processor.py:809} INFO - DAG(s) dict_keys(['example_params_trigger_ui']) retrieved from /home/airflow/.local/lib/python3.7/site-packages/airflow/example_dags/example_params_trigger_ui.py
[2023-09-14T16:11:50.062+0000] {logging_mixin.py:149} INFO - [2023-09-14T16:11:50.062+0000] {dag.py:2726} INFO - Sync 1 DAGs
[2023-09-14T16:11:50.278+0000] {logging_mixin.py:149} INFO - [2023-09-14T16:11:50.278+0000] {dag.py:3490} INFO - Setting next_dagrun for example_params_trigger_ui to None, run_after=None
[2023-09-14T16:11:50.525+0000] {processor.py:178} INFO - Processing /home/airflow/.local/lib/python3.7/site-packages/airflow/example_dags/example_params_trigger_ui.py took 1.634 seconds
[2023-09-14T16:12:26.797+0000] {processor.py:156} INFO - Started process (PID=201) to work on /home/airflow/.local/lib/python3.7/site-packages/airflow/example_dags/example_params_trigger_ui.py
[2023-09-14T16:12:26.827+0000] {processor.py:799} INFO - Processing file /home/airflow/.local/lib/python3.7/site-packages/airflow/example_dags/example_params_trigger_ui.py for tasks to queue
[2023-09-14T16:12:26.865+0000] {logging_mixin.py:149} INFO - [2023-09-14T16:12:26.864+0000] {dagbag.py:541} INFO - Filling up the DagBag from /home/airflow/.local/lib/python3.7/site-packages/airflow/example_dags/example_params_trigger_ui.py
[2023-09-14T16:12:27.193+0000] {processor.py:809} INFO - DAG(s) dict_keys(['example_params_trigger_ui']) retrieved from /home/airflow/.local/lib/python3.7/site-packages/airflow/example_dags/example_params_trigger_ui.py
[2023-09-14T16:12:27.936+0000] {logging_mixin.py:149} INFO - [2023-09-14T16:12:27.936+0000] {dag.py:2726} INFO - Sync 1 DAGs
[2023-09-14T16:12:28.241+0000] {logging_mixin.py:149} INFO - [2023-09-14T16:12:28.240+0000] {dag.py:3490} INFO - Setting next_dagrun for example_params_trigger_ui to None, run_after=None
[2023-09-14T16:12:28.375+0000] {processor.py:178} INFO - Processing /home/airflow/.local/lib/python3.7/site-packages/airflow/example_dags/example_params_trigger_ui.py took 1.601 seconds
[2023-09-14T16:13:02.239+0000] {processor.py:156} INFO - Started process (PID=253) to work on /home/airflow/.local/lib/python3.7/site-packages/airflow/example_dags/example_params_trigger_ui.py
[2023-09-14T16:13:02.254+0000] {processor.py:799} INFO - Processing file /home/airflow/.local/lib/python3.7/site-packages/airflow/example_dags/example_params_trigger_ui.py for tasks to queue
[2023-09-14T16:13:02.269+0000] {logging_mixin.py:149} INFO - [2023-09-14T16:13:02.269+0000] {dagbag.py:541} INFO - Filling up the DagBag from /home/airflow/.local/lib/python3.7/site-packages/airflow/example_dags/example_params_trigger_ui.py
[2023-09-14T16:13:02.824+0000] {processor.py:809} INFO - DAG(s) dict_keys(['example_params_trigger_ui']) retrieved from /home/airflow/.local/lib/python3.7/site-packages/airflow/example_dags/example_params_trigger_ui.py
[2023-09-14T16:13:03.692+0000] {logging_mixin.py:149} INFO - [2023-09-14T16:13:03.692+0000] {dag.py:2726} INFO - Sync 1 DAGs
[2023-09-14T16:13:03.944+0000] {logging_mixin.py:149} INFO - [2023-09-14T16:13:03.943+0000] {dag.py:3490} INFO - Setting next_dagrun for example_params_trigger_ui to None, run_after=None
[2023-09-14T16:13:04.085+0000] {processor.py:178} INFO - Processing /home/airflow/.local/lib/python3.7/site-packages/airflow/example_dags/example_params_trigger_ui.py took 1.866 seconds
[2023-09-14T16:13:39.462+0000] {processor.py:156} INFO - Started process (PID=314) to work on /home/airflow/.local/lib/python3.7/site-packages/airflow/example_dags/example_params_trigger_ui.py
[2023-09-14T16:13:39.469+0000] {processor.py:799} INFO - Processing file /home/airflow/.local/lib/python3.7/site-packages/airflow/example_dags/example_params_trigger_ui.py for tasks to queue
[2023-09-14T16:13:39.472+0000] {logging_mixin.py:149} INFO - [2023-09-14T16:13:39.471+0000] {dagbag.py:541} INFO - Filling up the DagBag from /home/airflow/.local/lib/python3.7/site-packages/airflow/example_dags/example_params_trigger_ui.py
[2023-09-14T16:13:40.640+0000] {processor.py:809} INFO - DAG(s) dict_keys(['example_params_trigger_ui']) retrieved from /home/airflow/.local/lib/python3.7/site-packages/airflow/example_dags/example_params_trigger_ui.py
[2023-09-14T16:13:41.801+0000] {logging_mixin.py:149} INFO - [2023-09-14T16:13:41.801+0000] {dag.py:2726} INFO - Sync 1 DAGs
[2023-09-14T16:13:41.954+0000] {logging_mixin.py:149} INFO - [2023-09-14T16:13:41.952+0000] {dag.py:3490} INFO - Setting next_dagrun for example_params_trigger_ui to None, run_after=None
[2023-09-14T16:13:42.102+0000] {processor.py:178} INFO - Processing /home/airflow/.local/lib/python3.7/site-packages/airflow/example_dags/example_params_trigger_ui.py took 2.649 seconds
[2023-09-14T16:14:12.340+0000] {processor.py:156} INFO - Started process (PID=375) to work on /home/airflow/.local/lib/python3.7/site-packages/airflow/example_dags/example_params_trigger_ui.py
[2023-09-14T16:14:12.364+0000] {processor.py:799} INFO - Processing file /home/airflow/.local/lib/python3.7/site-packages/airflow/example_dags/example_params_trigger_ui.py for tasks to queue
[2023-09-14T16:14:12.379+0000] {logging_mixin.py:149} INFO - [2023-09-14T16:14:12.378+0000] {dagbag.py:541} INFO - Filling up the DagBag from /home/airflow/.local/lib/python3.7/site-packages/airflow/example_dags/example_params_trigger_ui.py
[2023-09-14T16:14:12.777+0000] {processor.py:809} INFO - DAG(s) dict_keys(['example_params_trigger_ui']) retrieved from /home/airflow/.local/lib/python3.7/site-packages/airflow/example_dags/example_params_trigger_ui.py
[2023-09-14T16:14:13.133+0000] {logging_mixin.py:149} INFO - [2023-09-14T16:14:13.133+0000] {dag.py:2726} INFO - Sync 1 DAGs
[2023-09-14T16:14:13.226+0000] {logging_mixin.py:149} INFO - [2023-09-14T16:14:13.226+0000] {dag.py:3490} INFO - Setting next_dagrun for example_params_trigger_ui to None, run_after=None
[2023-09-14T16:14:15.173+0000] {processor.py:178} INFO - Processing /home/airflow/.local/lib/python3.7/site-packages/airflow/example_dags/example_params_trigger_ui.py took 2.883 seconds
[2023-09-14T16:14:45.521+0000] {processor.py:156} INFO - Started process (PID=437) to work on /home/airflow/.local/lib/python3.7/site-packages/airflow/example_dags/example_params_trigger_ui.py
[2023-09-14T16:14:45.524+0000] {processor.py:799} INFO - Processing file /home/airflow/.local/lib/python3.7/site-packages/airflow/example_dags/example_params_trigger_ui.py for tasks to queue
[2023-09-14T16:14:45.528+0000] {logging_mixin.py:149} INFO - [2023-09-14T16:14:45.527+0000] {dagbag.py:541} INFO - Filling up the DagBag from /home/airflow/.local/lib/python3.7/site-packages/airflow/example_dags/example_params_trigger_ui.py
[2023-09-14T16:14:45.602+0000] {processor.py:809} INFO - DAG(s) dict_keys(['example_params_trigger_ui']) retrieved from /home/airflow/.local/lib/python3.7/site-packages/airflow/example_dags/example_params_trigger_ui.py
[2023-09-14T16:14:45.879+0000] {logging_mixin.py:149} INFO - [2023-09-14T16:14:45.879+0000] {dag.py:2726} INFO - Sync 1 DAGs
[2023-09-14T16:14:45.943+0000] {logging_mixin.py:149} INFO - [2023-09-14T16:14:45.943+0000] {dag.py:3490} INFO - Setting next_dagrun for example_params_trigger_ui to None, run_after=None
[2023-09-14T16:14:46.002+0000] {processor.py:178} INFO - Processing /home/airflow/.local/lib/python3.7/site-packages/airflow/example_dags/example_params_trigger_ui.py took 0.489 seconds
[2023-09-14T16:15:16.361+0000] {processor.py:156} INFO - Started process (PID=499) to work on /home/airflow/.local/lib/python3.7/site-packages/airflow/example_dags/example_params_trigger_ui.py
[2023-09-14T16:15:16.363+0000] {processor.py:799} INFO - Processing file /home/airflow/.local/lib/python3.7/site-packages/airflow/example_dags/example_params_trigger_ui.py for tasks to queue
[2023-09-14T16:15:16.365+0000] {logging_mixin.py:149} INFO - [2023-09-14T16:15:16.365+0000] {dagbag.py:541} INFO - Filling up the DagBag from /home/airflow/.local/lib/python3.7/site-packages/airflow/example_dags/example_params_trigger_ui.py
[2023-09-14T16:15:16.419+0000] {processor.py:809} INFO - DAG(s) dict_keys(['example_params_trigger_ui']) retrieved from /home/airflow/.local/lib/python3.7/site-packages/airflow/example_dags/example_params_trigger_ui.py
[2023-09-14T16:15:16.589+0000] {logging_mixin.py:149} INFO - [2023-09-14T16:15:16.589+0000] {dag.py:2726} INFO - Sync 1 DAGs
[2023-09-14T16:15:16.665+0000] {logging_mixin.py:149} INFO - [2023-09-14T16:15:16.665+0000] {dag.py:3490} INFO - Setting next_dagrun for example_params_trigger_ui to None, run_after=None
[2023-09-14T16:15:16.717+0000] {processor.py:178} INFO - Processing /home/airflow/.local/lib/python3.7/site-packages/airflow/example_dags/example_params_trigger_ui.py took 0.362 seconds
[2023-09-14T16:15:47.086+0000] {processor.py:156} INFO - Started process (PID=559) to work on /home/airflow/.local/lib/python3.7/site-packages/airflow/example_dags/example_params_trigger_ui.py
[2023-09-14T16:15:47.088+0000] {processor.py:799} INFO - Processing file /home/airflow/.local/lib/python3.7/site-packages/airflow/example_dags/example_params_trigger_ui.py for tasks to queue
[2023-09-14T16:15:47.091+0000] {logging_mixin.py:149} INFO - [2023-09-14T16:15:47.091+0000] {dagbag.py:541} INFO - Filling up the DagBag from /home/airflow/.local/lib/python3.7/site-packages/airflow/example_dags/example_params_trigger_ui.py
[2023-09-14T16:15:47.142+0000] {processor.py:809} INFO - DAG(s) dict_keys(['example_params_trigger_ui']) retrieved from /home/airflow/.local/lib/python3.7/site-packages/airflow/example_dags/example_params_trigger_ui.py
[2023-09-14T16:15:47.306+0000] {logging_mixin.py:149} INFO - [2023-09-14T16:15:47.306+0000] {dag.py:2726} INFO - Sync 1 DAGs
[2023-09-14T16:15:47.351+0000] {logging_mixin.py:149} INFO - [2023-09-14T16:15:47.350+0000] {dag.py:3490} INFO - Setting next_dagrun for example_params_trigger_ui to None, run_after=None
[2023-09-14T16:15:47.386+0000] {processor.py:178} INFO - Processing /home/airflow/.local/lib/python3.7/site-packages/airflow/example_dags/example_params_trigger_ui.py took 0.305 seconds
[2023-09-14T16:16:17.685+0000] {processor.py:156} INFO - Started process (PID=621) to work on /home/airflow/.local/lib/python3.7/site-packages/airflow/example_dags/example_params_trigger_ui.py
[2023-09-14T16:16:17.687+0000] {processor.py:799} INFO - Processing file /home/airflow/.local/lib/python3.7/site-packages/airflow/example_dags/example_params_trigger_ui.py for tasks to queue
[2023-09-14T16:16:17.690+0000] {logging_mixin.py:149} INFO - [2023-09-14T16:16:17.690+0000] {dagbag.py:541} INFO - Filling up the DagBag from /home/airflow/.local/lib/python3.7/site-packages/airflow/example_dags/example_params_trigger_ui.py
[2023-09-14T16:16:17.733+0000] {processor.py:809} INFO - DAG(s) dict_keys(['example_params_trigger_ui']) retrieved from /home/airflow/.local/lib/python3.7/site-packages/airflow/example_dags/example_params_trigger_ui.py
[2023-09-14T16:16:17.881+0000] {logging_mixin.py:149} INFO - [2023-09-14T16:16:17.881+0000] {dag.py:2726} INFO - Sync 1 DAGs
[2023-09-14T16:16:17.926+0000] {logging_mixin.py:149} INFO - [2023-09-14T16:16:17.925+0000] {dag.py:3490} INFO - Setting next_dagrun for example_params_trigger_ui to None, run_after=None
[2023-09-14T16:16:17.965+0000] {processor.py:178} INFO - Processing /home/airflow/.local/lib/python3.7/site-packages/airflow/example_dags/example_params_trigger_ui.py took 0.285 seconds
[2023-09-14T16:16:48.475+0000] {processor.py:156} INFO - Started process (PID=681) to work on /home/airflow/.local/lib/python3.7/site-packages/airflow/example_dags/example_params_trigger_ui.py
[2023-09-14T16:16:48.478+0000] {processor.py:799} INFO - Processing file /home/airflow/.local/lib/python3.7/site-packages/airflow/example_dags/example_params_trigger_ui.py for tasks to queue
[2023-09-14T16:16:48.480+0000] {logging_mixin.py:149} INFO - [2023-09-14T16:16:48.480+0000] {dagbag.py:541} INFO - Filling up the DagBag from /home/airflow/.local/lib/python3.7/site-packages/airflow/example_dags/example_params_trigger_ui.py
[2023-09-14T16:16:48.532+0000] {processor.py:809} INFO - DAG(s) dict_keys(['example_params_trigger_ui']) retrieved from /home/airflow/.local/lib/python3.7/site-packages/airflow/example_dags/example_params_trigger_ui.py
[2023-09-14T16:16:48.693+0000] {logging_mixin.py:149} INFO - [2023-09-14T16:16:48.692+0000] {dag.py:2726} INFO - Sync 1 DAGs
[2023-09-14T16:16:48.737+0000] {logging_mixin.py:149} INFO - [2023-09-14T16:16:48.736+0000] {dag.py:3490} INFO - Setting next_dagrun for example_params_trigger_ui to None, run_after=None
[2023-09-14T16:16:48.801+0000] {processor.py:178} INFO - Processing /home/airflow/.local/lib/python3.7/site-packages/airflow/example_dags/example_params_trigger_ui.py took 0.332 seconds
[2023-09-14T16:35:38.267+0000] {processor.py:156} INFO - Started process (PID=50) to work on /home/airflow/.local/lib/python3.7/site-packages/airflow/example_dags/example_params_trigger_ui.py
[2023-09-14T16:35:38.270+0000] {processor.py:799} INFO - Processing file /home/airflow/.local/lib/python3.7/site-packages/airflow/example_dags/example_params_trigger_ui.py for tasks to queue
[2023-09-14T16:35:38.274+0000] {logging_mixin.py:149} INFO - [2023-09-14T16:35:38.273+0000] {dagbag.py:541} INFO - Filling up the DagBag from /home/airflow/.local/lib/python3.7/site-packages/airflow/example_dags/example_params_trigger_ui.py
[2023-09-14T16:35:38.810+0000] {processor.py:809} INFO - DAG(s) dict_keys(['example_params_trigger_ui']) retrieved from /home/airflow/.local/lib/python3.7/site-packages/airflow/example_dags/example_params_trigger_ui.py
[2023-09-14T16:35:40.679+0000] {logging_mixin.py:149} INFO - [2023-09-14T16:35:40.678+0000] {dag.py:2726} INFO - Sync 1 DAGs
[2023-09-14T16:35:41.582+0000] {logging_mixin.py:149} INFO - [2023-09-14T16:35:41.582+0000] {dag.py:3490} INFO - Setting next_dagrun for example_params_trigger_ui to None, run_after=None
[2023-09-14T16:35:41.993+0000] {processor.py:178} INFO - Processing /home/airflow/.local/lib/python3.7/site-packages/airflow/example_dags/example_params_trigger_ui.py took 3.846 seconds
[2023-09-14T16:36:33.829+0000] {processor.py:156} INFO - Started process (PID=118) to work on /home/airflow/.local/lib/python3.7/site-packages/airflow/example_dags/example_params_trigger_ui.py
[2023-09-14T16:36:33.832+0000] {processor.py:799} INFO - Processing file /home/airflow/.local/lib/python3.7/site-packages/airflow/example_dags/example_params_trigger_ui.py for tasks to queue
[2023-09-14T16:36:33.834+0000] {logging_mixin.py:149} INFO - [2023-09-14T16:36:33.834+0000] {dagbag.py:541} INFO - Filling up the DagBag from /home/airflow/.local/lib/python3.7/site-packages/airflow/example_dags/example_params_trigger_ui.py
[2023-09-14T16:36:33.915+0000] {processor.py:809} INFO - DAG(s) dict_keys(['example_params_trigger_ui']) retrieved from /home/airflow/.local/lib/python3.7/site-packages/airflow/example_dags/example_params_trigger_ui.py
[2023-09-14T16:36:34.180+0000] {logging_mixin.py:149} INFO - [2023-09-14T16:36:34.180+0000] {dag.py:2726} INFO - Sync 1 DAGs
[2023-09-14T16:36:34.486+0000] {logging_mixin.py:149} INFO - [2023-09-14T16:36:34.486+0000] {dag.py:3490} INFO - Setting next_dagrun for example_params_trigger_ui to None, run_after=None
[2023-09-14T16:36:34.528+0000] {processor.py:178} INFO - Processing /home/airflow/.local/lib/python3.7/site-packages/airflow/example_dags/example_params_trigger_ui.py took 0.711 seconds
[2023-09-14T16:38:36.911+0000] {processor.py:156} INFO - Started process (PID=43) to work on /home/airflow/.local/lib/python3.7/site-packages/airflow/example_dags/example_params_trigger_ui.py
[2023-09-14T16:38:36.914+0000] {processor.py:799} INFO - Processing file /home/airflow/.local/lib/python3.7/site-packages/airflow/example_dags/example_params_trigger_ui.py for tasks to queue
[2023-09-14T16:38:36.917+0000] {logging_mixin.py:149} INFO - [2023-09-14T16:38:36.916+0000] {dagbag.py:541} INFO - Filling up the DagBag from /home/airflow/.local/lib/python3.7/site-packages/airflow/example_dags/example_params_trigger_ui.py
[2023-09-14T16:38:36.988+0000] {processor.py:809} INFO - DAG(s) dict_keys(['example_params_trigger_ui']) retrieved from /home/airflow/.local/lib/python3.7/site-packages/airflow/example_dags/example_params_trigger_ui.py
[2023-09-14T16:38:37.528+0000] {logging_mixin.py:149} INFO - [2023-09-14T16:38:37.528+0000] {dag.py:2726} INFO - Sync 1 DAGs
[2023-09-14T16:38:37.668+0000] {logging_mixin.py:149} INFO - [2023-09-14T16:38:37.667+0000] {dag.py:3490} INFO - Setting next_dagrun for example_params_trigger_ui to None, run_after=None
[2023-09-14T16:38:37.833+0000] {processor.py:178} INFO - Processing /home/airflow/.local/lib/python3.7/site-packages/airflow/example_dags/example_params_trigger_ui.py took 0.929 seconds
[2023-09-14T16:39:34.617+0000] {processor.py:156} INFO - Started process (PID=110) to work on /home/airflow/.local/lib/python3.7/site-packages/airflow/example_dags/example_params_trigger_ui.py
[2023-09-14T16:39:34.623+0000] {processor.py:799} INFO - Processing file /home/airflow/.local/lib/python3.7/site-packages/airflow/example_dags/example_params_trigger_ui.py for tasks to queue
[2023-09-14T16:39:34.626+0000] {logging_mixin.py:149} INFO - [2023-09-14T16:39:34.626+0000] {dagbag.py:541} INFO - Filling up the DagBag from /home/airflow/.local/lib/python3.7/site-packages/airflow/example_dags/example_params_trigger_ui.py
[2023-09-14T16:39:34.721+0000] {processor.py:809} INFO - DAG(s) dict_keys(['example_params_trigger_ui']) retrieved from /home/airflow/.local/lib/python3.7/site-packages/airflow/example_dags/example_params_trigger_ui.py
[2023-09-14T16:39:35.029+0000] {logging_mixin.py:149} INFO - [2023-09-14T16:39:35.027+0000] {dag.py:2726} INFO - Sync 1 DAGs
[2023-09-14T16:39:35.404+0000] {logging_mixin.py:149} INFO - [2023-09-14T16:39:35.404+0000] {dag.py:3490} INFO - Setting next_dagrun for example_params_trigger_ui to None, run_after=None
[2023-09-14T16:39:35.462+0000] {processor.py:178} INFO - Processing /home/airflow/.local/lib/python3.7/site-packages/airflow/example_dags/example_params_trigger_ui.py took 0.854 seconds
[2023-09-14T16:40:10.620+0000] {processor.py:156} INFO - Started process (PID=171) to work on /home/airflow/.local/lib/python3.7/site-packages/airflow/example_dags/example_params_trigger_ui.py
[2023-09-14T16:40:10.624+0000] {processor.py:799} INFO - Processing file /home/airflow/.local/lib/python3.7/site-packages/airflow/example_dags/example_params_trigger_ui.py for tasks to queue
[2023-09-14T16:40:10.629+0000] {logging_mixin.py:149} INFO - [2023-09-14T16:40:10.628+0000] {dagbag.py:541} INFO - Filling up the DagBag from /home/airflow/.local/lib/python3.7/site-packages/airflow/example_dags/example_params_trigger_ui.py
[2023-09-14T16:40:10.693+0000] {processor.py:809} INFO - DAG(s) dict_keys(['example_params_trigger_ui']) retrieved from /home/airflow/.local/lib/python3.7/site-packages/airflow/example_dags/example_params_trigger_ui.py
[2023-09-14T16:40:11.242+0000] {logging_mixin.py:149} INFO - [2023-09-14T16:40:11.241+0000] {dag.py:2726} INFO - Sync 1 DAGs
[2023-09-14T16:40:11.307+0000] {logging_mixin.py:149} INFO - [2023-09-14T16:40:11.306+0000] {dag.py:3490} INFO - Setting next_dagrun for example_params_trigger_ui to None, run_after=None
[2023-09-14T16:40:11.382+0000] {processor.py:178} INFO - Processing /home/airflow/.local/lib/python3.7/site-packages/airflow/example_dags/example_params_trigger_ui.py took 0.770 seconds
[2023-09-14T16:40:42.068+0000] {processor.py:156} INFO - Started process (PID=232) to work on /home/airflow/.local/lib/python3.7/site-packages/airflow/example_dags/example_params_trigger_ui.py
[2023-09-14T16:40:42.070+0000] {processor.py:799} INFO - Processing file /home/airflow/.local/lib/python3.7/site-packages/airflow/example_dags/example_params_trigger_ui.py for tasks to queue
[2023-09-14T16:40:42.073+0000] {logging_mixin.py:149} INFO - [2023-09-14T16:40:42.072+0000] {dagbag.py:541} INFO - Filling up the DagBag from /home/airflow/.local/lib/python3.7/site-packages/airflow/example_dags/example_params_trigger_ui.py
[2023-09-14T16:40:42.146+0000] {processor.py:809} INFO - DAG(s) dict_keys(['example_params_trigger_ui']) retrieved from /home/airflow/.local/lib/python3.7/site-packages/airflow/example_dags/example_params_trigger_ui.py
[2023-09-14T16:40:42.404+0000] {logging_mixin.py:149} INFO - [2023-09-14T16:40:42.403+0000] {dag.py:2726} INFO - Sync 1 DAGs
[2023-09-14T16:40:42.470+0000] {logging_mixin.py:149} INFO - [2023-09-14T16:40:42.469+0000] {dag.py:3490} INFO - Setting next_dagrun for example_params_trigger_ui to None, run_after=None
[2023-09-14T16:40:42.570+0000] {processor.py:178} INFO - Processing /home/airflow/.local/lib/python3.7/site-packages/airflow/example_dags/example_params_trigger_ui.py took 0.514 seconds
[2023-09-14T16:41:12.850+0000] {processor.py:156} INFO - Started process (PID=293) to work on /home/airflow/.local/lib/python3.7/site-packages/airflow/example_dags/example_params_trigger_ui.py
[2023-09-14T16:41:12.852+0000] {processor.py:799} INFO - Processing file /home/airflow/.local/lib/python3.7/site-packages/airflow/example_dags/example_params_trigger_ui.py for tasks to queue
[2023-09-14T16:41:12.854+0000] {logging_mixin.py:149} INFO - [2023-09-14T16:41:12.853+0000] {dagbag.py:541} INFO - Filling up the DagBag from /home/airflow/.local/lib/python3.7/site-packages/airflow/example_dags/example_params_trigger_ui.py
[2023-09-14T16:41:12.887+0000] {processor.py:809} INFO - DAG(s) dict_keys(['example_params_trigger_ui']) retrieved from /home/airflow/.local/lib/python3.7/site-packages/airflow/example_dags/example_params_trigger_ui.py
[2023-09-14T16:41:13.048+0000] {logging_mixin.py:149} INFO - [2023-09-14T16:41:13.048+0000] {dag.py:2726} INFO - Sync 1 DAGs
[2023-09-14T16:41:13.086+0000] {logging_mixin.py:149} INFO - [2023-09-14T16:41:13.086+0000] {dag.py:3490} INFO - Setting next_dagrun for example_params_trigger_ui to None, run_after=None
[2023-09-14T16:41:13.169+0000] {processor.py:178} INFO - Processing /home/airflow/.local/lib/python3.7/site-packages/airflow/example_dags/example_params_trigger_ui.py took 0.322 seconds
[2023-09-14T16:41:43.431+0000] {processor.py:156} INFO - Started process (PID=354) to work on /home/airflow/.local/lib/python3.7/site-packages/airflow/example_dags/example_params_trigger_ui.py
[2023-09-14T16:41:43.435+0000] {processor.py:799} INFO - Processing file /home/airflow/.local/lib/python3.7/site-packages/airflow/example_dags/example_params_trigger_ui.py for tasks to queue
[2023-09-14T16:41:43.441+0000] {logging_mixin.py:149} INFO - [2023-09-14T16:41:43.441+0000] {dagbag.py:541} INFO - Filling up the DagBag from /home/airflow/.local/lib/python3.7/site-packages/airflow/example_dags/example_params_trigger_ui.py
[2023-09-14T16:41:43.558+0000] {processor.py:809} INFO - DAG(s) dict_keys(['example_params_trigger_ui']) retrieved from /home/airflow/.local/lib/python3.7/site-packages/airflow/example_dags/example_params_trigger_ui.py
[2023-09-14T16:41:43.911+0000] {logging_mixin.py:149} INFO - [2023-09-14T16:41:43.911+0000] {dag.py:2726} INFO - Sync 1 DAGs
[2023-09-14T16:41:43.994+0000] {logging_mixin.py:149} INFO - [2023-09-14T16:41:43.994+0000] {dag.py:3490} INFO - Setting next_dagrun for example_params_trigger_ui to None, run_after=None
[2023-09-14T16:41:44.147+0000] {processor.py:178} INFO - Processing /home/airflow/.local/lib/python3.7/site-packages/airflow/example_dags/example_params_trigger_ui.py took 0.727 seconds
[2023-09-14T16:42:14.320+0000] {processor.py:156} INFO - Started process (PID=417) to work on /home/airflow/.local/lib/python3.7/site-packages/airflow/example_dags/example_params_trigger_ui.py
[2023-09-14T16:42:14.323+0000] {processor.py:799} INFO - Processing file /home/airflow/.local/lib/python3.7/site-packages/airflow/example_dags/example_params_trigger_ui.py for tasks to queue
[2023-09-14T16:42:14.336+0000] {logging_mixin.py:149} INFO - [2023-09-14T16:42:14.335+0000] {dagbag.py:541} INFO - Filling up the DagBag from /home/airflow/.local/lib/python3.7/site-packages/airflow/example_dags/example_params_trigger_ui.py
[2023-09-14T16:42:14.445+0000] {processor.py:809} INFO - DAG(s) dict_keys(['example_params_trigger_ui']) retrieved from /home/airflow/.local/lib/python3.7/site-packages/airflow/example_dags/example_params_trigger_ui.py
[2023-09-14T16:42:14.736+0000] {logging_mixin.py:149} INFO - [2023-09-14T16:42:14.736+0000] {dag.py:2726} INFO - Sync 1 DAGs
[2023-09-14T16:42:14.818+0000] {logging_mixin.py:149} INFO - [2023-09-14T16:42:14.817+0000] {dag.py:3490} INFO - Setting next_dagrun for example_params_trigger_ui to None, run_after=None
[2023-09-14T16:42:14.892+0000] {processor.py:178} INFO - Processing /home/airflow/.local/lib/python3.7/site-packages/airflow/example_dags/example_params_trigger_ui.py took 0.591 seconds
[2023-09-14T16:42:46.280+0000] {processor.py:156} INFO - Started process (PID=484) to work on /home/airflow/.local/lib/python3.7/site-packages/airflow/example_dags/example_params_trigger_ui.py
[2023-09-14T16:42:46.282+0000] {processor.py:799} INFO - Processing file /home/airflow/.local/lib/python3.7/site-packages/airflow/example_dags/example_params_trigger_ui.py for tasks to queue
[2023-09-14T16:42:46.285+0000] {logging_mixin.py:149} INFO - [2023-09-14T16:42:46.284+0000] {dagbag.py:541} INFO - Filling up the DagBag from /home/airflow/.local/lib/python3.7/site-packages/airflow/example_dags/example_params_trigger_ui.py
[2023-09-14T16:42:46.337+0000] {processor.py:809} INFO - DAG(s) dict_keys(['example_params_trigger_ui']) retrieved from /home/airflow/.local/lib/python3.7/site-packages/airflow/example_dags/example_params_trigger_ui.py
[2023-09-14T16:42:46.505+0000] {logging_mixin.py:149} INFO - [2023-09-14T16:42:46.504+0000] {dag.py:2726} INFO - Sync 1 DAGs
[2023-09-14T16:42:46.563+0000] {logging_mixin.py:149} INFO - [2023-09-14T16:42:46.562+0000] {dag.py:3490} INFO - Setting next_dagrun for example_params_trigger_ui to None, run_after=None
[2023-09-14T16:42:46.612+0000] {processor.py:178} INFO - Processing /home/airflow/.local/lib/python3.7/site-packages/airflow/example_dags/example_params_trigger_ui.py took 0.340 seconds
[2023-09-14T16:43:16.812+0000] {processor.py:156} INFO - Started process (PID=545) to work on /home/airflow/.local/lib/python3.7/site-packages/airflow/example_dags/example_params_trigger_ui.py
[2023-09-14T16:43:16.815+0000] {processor.py:799} INFO - Processing file /home/airflow/.local/lib/python3.7/site-packages/airflow/example_dags/example_params_trigger_ui.py for tasks to queue
[2023-09-14T16:43:16.817+0000] {logging_mixin.py:149} INFO - [2023-09-14T16:43:16.816+0000] {dagbag.py:541} INFO - Filling up the DagBag from /home/airflow/.local/lib/python3.7/site-packages/airflow/example_dags/example_params_trigger_ui.py
[2023-09-14T16:43:16.864+0000] {processor.py:809} INFO - DAG(s) dict_keys(['example_params_trigger_ui']) retrieved from /home/airflow/.local/lib/python3.7/site-packages/airflow/example_dags/example_params_trigger_ui.py
[2023-09-14T16:43:17.080+0000] {logging_mixin.py:149} INFO - [2023-09-14T16:43:17.080+0000] {dag.py:2726} INFO - Sync 1 DAGs
[2023-09-14T16:43:17.129+0000] {logging_mixin.py:149} INFO - [2023-09-14T16:43:17.129+0000] {dag.py:3490} INFO - Setting next_dagrun for example_params_trigger_ui to None, run_after=None
[2023-09-14T16:43:17.405+0000] {processor.py:178} INFO - Processing /home/airflow/.local/lib/python3.7/site-packages/airflow/example_dags/example_params_trigger_ui.py took 0.599 seconds
[2023-09-14T16:43:47.998+0000] {processor.py:156} INFO - Started process (PID=605) to work on /home/airflow/.local/lib/python3.7/site-packages/airflow/example_dags/example_params_trigger_ui.py
[2023-09-14T16:43:48.002+0000] {processor.py:799} INFO - Processing file /home/airflow/.local/lib/python3.7/site-packages/airflow/example_dags/example_params_trigger_ui.py for tasks to queue
[2023-09-14T16:43:48.004+0000] {logging_mixin.py:149} INFO - [2023-09-14T16:43:48.004+0000] {dagbag.py:541} INFO - Filling up the DagBag from /home/airflow/.local/lib/python3.7/site-packages/airflow/example_dags/example_params_trigger_ui.py
[2023-09-14T16:43:48.085+0000] {processor.py:809} INFO - DAG(s) dict_keys(['example_params_trigger_ui']) retrieved from /home/airflow/.local/lib/python3.7/site-packages/airflow/example_dags/example_params_trigger_ui.py
[2023-09-14T16:43:48.527+0000] {logging_mixin.py:149} INFO - [2023-09-14T16:43:48.527+0000] {dag.py:2726} INFO - Sync 1 DAGs
[2023-09-14T16:43:48.610+0000] {logging_mixin.py:149} INFO - [2023-09-14T16:43:48.610+0000] {dag.py:3490} INFO - Setting next_dagrun for example_params_trigger_ui to None, run_after=None
[2023-09-14T16:43:48.693+0000] {processor.py:178} INFO - Processing /home/airflow/.local/lib/python3.7/site-packages/airflow/example_dags/example_params_trigger_ui.py took 0.706 seconds
[2023-09-14T16:44:19.363+0000] {processor.py:156} INFO - Started process (PID=659) to work on /home/airflow/.local/lib/python3.7/site-packages/airflow/example_dags/example_params_trigger_ui.py
[2023-09-14T16:44:19.366+0000] {processor.py:799} INFO - Processing file /home/airflow/.local/lib/python3.7/site-packages/airflow/example_dags/example_params_trigger_ui.py for tasks to queue
[2023-09-14T16:44:19.368+0000] {logging_mixin.py:149} INFO - [2023-09-14T16:44:19.368+0000] {dagbag.py:541} INFO - Filling up the DagBag from /home/airflow/.local/lib/python3.7/site-packages/airflow/example_dags/example_params_trigger_ui.py
[2023-09-14T16:44:19.421+0000] {processor.py:809} INFO - DAG(s) dict_keys(['example_params_trigger_ui']) retrieved from /home/airflow/.local/lib/python3.7/site-packages/airflow/example_dags/example_params_trigger_ui.py
[2023-09-14T16:44:19.676+0000] {logging_mixin.py:149} INFO - [2023-09-14T16:44:19.676+0000] {dag.py:2726} INFO - Sync 1 DAGs
[2023-09-14T16:44:19.830+0000] {logging_mixin.py:149} INFO - [2023-09-14T16:44:19.829+0000] {dag.py:3490} INFO - Setting next_dagrun for example_params_trigger_ui to None, run_after=None
[2023-09-14T16:44:19.992+0000] {processor.py:178} INFO - Processing /home/airflow/.local/lib/python3.7/site-packages/airflow/example_dags/example_params_trigger_ui.py took 0.636 seconds
[2023-09-14T16:44:50.145+0000] {processor.py:156} INFO - Started process (PID=721) to work on /home/airflow/.local/lib/python3.7/site-packages/airflow/example_dags/example_params_trigger_ui.py
[2023-09-14T16:44:50.148+0000] {processor.py:799} INFO - Processing file /home/airflow/.local/lib/python3.7/site-packages/airflow/example_dags/example_params_trigger_ui.py for tasks to queue
[2023-09-14T16:44:50.151+0000] {logging_mixin.py:149} INFO - [2023-09-14T16:44:50.150+0000] {dagbag.py:541} INFO - Filling up the DagBag from /home/airflow/.local/lib/python3.7/site-packages/airflow/example_dags/example_params_trigger_ui.py
[2023-09-14T16:44:50.264+0000] {processor.py:809} INFO - DAG(s) dict_keys(['example_params_trigger_ui']) retrieved from /home/airflow/.local/lib/python3.7/site-packages/airflow/example_dags/example_params_trigger_ui.py
[2023-09-14T16:44:50.663+0000] {logging_mixin.py:149} INFO - [2023-09-14T16:44:50.663+0000] {dag.py:2726} INFO - Sync 1 DAGs
[2023-09-14T16:44:50.809+0000] {logging_mixin.py:149} INFO - [2023-09-14T16:44:50.808+0000] {dag.py:3490} INFO - Setting next_dagrun for example_params_trigger_ui to None, run_after=None
[2023-09-14T16:44:50.885+0000] {processor.py:178} INFO - Processing /home/airflow/.local/lib/python3.7/site-packages/airflow/example_dags/example_params_trigger_ui.py took 0.751 seconds
[2023-09-14T16:45:21.211+0000] {processor.py:156} INFO - Started process (PID=782) to work on /home/airflow/.local/lib/python3.7/site-packages/airflow/example_dags/example_params_trigger_ui.py
[2023-09-14T16:45:21.213+0000] {processor.py:799} INFO - Processing file /home/airflow/.local/lib/python3.7/site-packages/airflow/example_dags/example_params_trigger_ui.py for tasks to queue
[2023-09-14T16:45:21.216+0000] {logging_mixin.py:149} INFO - [2023-09-14T16:45:21.215+0000] {dagbag.py:541} INFO - Filling up the DagBag from /home/airflow/.local/lib/python3.7/site-packages/airflow/example_dags/example_params_trigger_ui.py
[2023-09-14T16:45:21.266+0000] {processor.py:809} INFO - DAG(s) dict_keys(['example_params_trigger_ui']) retrieved from /home/airflow/.local/lib/python3.7/site-packages/airflow/example_dags/example_params_trigger_ui.py
[2023-09-14T16:45:21.456+0000] {logging_mixin.py:149} INFO - [2023-09-14T16:45:21.453+0000] {dag.py:2726} INFO - Sync 1 DAGs
[2023-09-14T16:45:21.543+0000] {logging_mixin.py:149} INFO - [2023-09-14T16:45:21.542+0000] {dag.py:3490} INFO - Setting next_dagrun for example_params_trigger_ui to None, run_after=None
[2023-09-14T16:45:21.594+0000] {processor.py:178} INFO - Processing /home/airflow/.local/lib/python3.7/site-packages/airflow/example_dags/example_params_trigger_ui.py took 0.396 seconds
[2023-09-14T16:45:51.905+0000] {processor.py:156} INFO - Started process (PID=843) to work on /home/airflow/.local/lib/python3.7/site-packages/airflow/example_dags/example_params_trigger_ui.py
[2023-09-14T16:45:51.907+0000] {processor.py:799} INFO - Processing file /home/airflow/.local/lib/python3.7/site-packages/airflow/example_dags/example_params_trigger_ui.py for tasks to queue
[2023-09-14T16:45:51.911+0000] {logging_mixin.py:149} INFO - [2023-09-14T16:45:51.910+0000] {dagbag.py:541} INFO - Filling up the DagBag from /home/airflow/.local/lib/python3.7/site-packages/airflow/example_dags/example_params_trigger_ui.py
[2023-09-14T16:45:52.006+0000] {processor.py:809} INFO - DAG(s) dict_keys(['example_params_trigger_ui']) retrieved from /home/airflow/.local/lib/python3.7/site-packages/airflow/example_dags/example_params_trigger_ui.py
[2023-09-14T16:45:52.217+0000] {logging_mixin.py:149} INFO - [2023-09-14T16:45:52.217+0000] {dag.py:2726} INFO - Sync 1 DAGs
[2023-09-14T16:45:52.274+0000] {logging_mixin.py:149} INFO - [2023-09-14T16:45:52.274+0000] {dag.py:3490} INFO - Setting next_dagrun for example_params_trigger_ui to None, run_after=None
[2023-09-14T16:45:52.340+0000] {processor.py:178} INFO - Processing /home/airflow/.local/lib/python3.7/site-packages/airflow/example_dags/example_params_trigger_ui.py took 0.443 seconds
[2023-09-14T16:46:22.602+0000] {processor.py:156} INFO - Started process (PID=904) to work on /home/airflow/.local/lib/python3.7/site-packages/airflow/example_dags/example_params_trigger_ui.py
[2023-09-14T16:46:22.651+0000] {processor.py:799} INFO - Processing file /home/airflow/.local/lib/python3.7/site-packages/airflow/example_dags/example_params_trigger_ui.py for tasks to queue
[2023-09-14T16:46:22.673+0000] {logging_mixin.py:149} INFO - [2023-09-14T16:46:22.673+0000] {dagbag.py:541} INFO - Filling up the DagBag from /home/airflow/.local/lib/python3.7/site-packages/airflow/example_dags/example_params_trigger_ui.py
[2023-09-14T16:46:22.810+0000] {processor.py:809} INFO - DAG(s) dict_keys(['example_params_trigger_ui']) retrieved from /home/airflow/.local/lib/python3.7/site-packages/airflow/example_dags/example_params_trigger_ui.py
[2023-09-14T16:46:23.427+0000] {logging_mixin.py:149} INFO - [2023-09-14T16:46:23.426+0000] {dag.py:2726} INFO - Sync 1 DAGs
[2023-09-14T16:46:23.649+0000] {logging_mixin.py:149} INFO - [2023-09-14T16:46:23.648+0000] {dag.py:3490} INFO - Setting next_dagrun for example_params_trigger_ui to None, run_after=None
[2023-09-14T16:46:23.828+0000] {processor.py:178} INFO - Processing /home/airflow/.local/lib/python3.7/site-packages/airflow/example_dags/example_params_trigger_ui.py took 1.245 seconds
[2023-09-14T16:46:54.170+0000] {processor.py:156} INFO - Started process (PID=964) to work on /home/airflow/.local/lib/python3.7/site-packages/airflow/example_dags/example_params_trigger_ui.py
[2023-09-14T16:46:54.174+0000] {processor.py:799} INFO - Processing file /home/airflow/.local/lib/python3.7/site-packages/airflow/example_dags/example_params_trigger_ui.py for tasks to queue
[2023-09-14T16:46:54.177+0000] {logging_mixin.py:149} INFO - [2023-09-14T16:46:54.177+0000] {dagbag.py:541} INFO - Filling up the DagBag from /home/airflow/.local/lib/python3.7/site-packages/airflow/example_dags/example_params_trigger_ui.py
[2023-09-14T16:46:54.250+0000] {processor.py:809} INFO - DAG(s) dict_keys(['example_params_trigger_ui']) retrieved from /home/airflow/.local/lib/python3.7/site-packages/airflow/example_dags/example_params_trigger_ui.py
[2023-09-14T16:46:54.551+0000] {logging_mixin.py:149} INFO - [2023-09-14T16:46:54.551+0000] {dag.py:2726} INFO - Sync 1 DAGs
[2023-09-14T16:46:54.635+0000] {logging_mixin.py:149} INFO - [2023-09-14T16:46:54.634+0000] {dag.py:3490} INFO - Setting next_dagrun for example_params_trigger_ui to None, run_after=None
[2023-09-14T16:46:54.703+0000] {processor.py:178} INFO - Processing /home/airflow/.local/lib/python3.7/site-packages/airflow/example_dags/example_params_trigger_ui.py took 0.543 seconds
[2023-09-14T16:47:25.103+0000] {processor.py:156} INFO - Started process (PID=1025) to work on /home/airflow/.local/lib/python3.7/site-packages/airflow/example_dags/example_params_trigger_ui.py
[2023-09-14T16:47:25.107+0000] {processor.py:799} INFO - Processing file /home/airflow/.local/lib/python3.7/site-packages/airflow/example_dags/example_params_trigger_ui.py for tasks to queue
[2023-09-14T16:47:25.112+0000] {logging_mixin.py:149} INFO - [2023-09-14T16:47:25.111+0000] {dagbag.py:541} INFO - Filling up the DagBag from /home/airflow/.local/lib/python3.7/site-packages/airflow/example_dags/example_params_trigger_ui.py
[2023-09-14T16:47:25.211+0000] {processor.py:809} INFO - DAG(s) dict_keys(['example_params_trigger_ui']) retrieved from /home/airflow/.local/lib/python3.7/site-packages/airflow/example_dags/example_params_trigger_ui.py
[2023-09-14T16:47:25.784+0000] {logging_mixin.py:149} INFO - [2023-09-14T16:47:25.783+0000] {dag.py:2726} INFO - Sync 1 DAGs
[2023-09-14T16:47:25.881+0000] {logging_mixin.py:149} INFO - [2023-09-14T16:47:25.880+0000] {dag.py:3490} INFO - Setting next_dagrun for example_params_trigger_ui to None, run_after=None
[2023-09-14T16:47:25.986+0000] {processor.py:178} INFO - Processing /home/airflow/.local/lib/python3.7/site-packages/airflow/example_dags/example_params_trigger_ui.py took 0.899 seconds
[2023-09-14T16:47:56.171+0000] {processor.py:156} INFO - Started process (PID=1086) to work on /home/airflow/.local/lib/python3.7/site-packages/airflow/example_dags/example_params_trigger_ui.py
[2023-09-14T16:47:56.174+0000] {processor.py:799} INFO - Processing file /home/airflow/.local/lib/python3.7/site-packages/airflow/example_dags/example_params_trigger_ui.py for tasks to queue
[2023-09-14T16:47:56.177+0000] {logging_mixin.py:149} INFO - [2023-09-14T16:47:56.176+0000] {dagbag.py:541} INFO - Filling up the DagBag from /home/airflow/.local/lib/python3.7/site-packages/airflow/example_dags/example_params_trigger_ui.py
[2023-09-14T16:47:56.257+0000] {processor.py:809} INFO - DAG(s) dict_keys(['example_params_trigger_ui']) retrieved from /home/airflow/.local/lib/python3.7/site-packages/airflow/example_dags/example_params_trigger_ui.py
[2023-09-14T16:47:56.601+0000] {logging_mixin.py:149} INFO - [2023-09-14T16:47:56.600+0000] {dag.py:2726} INFO - Sync 1 DAGs
[2023-09-14T16:47:56.678+0000] {logging_mixin.py:149} INFO - [2023-09-14T16:47:56.677+0000] {dag.py:3490} INFO - Setting next_dagrun for example_params_trigger_ui to None, run_after=None
[2023-09-14T16:47:56.799+0000] {processor.py:178} INFO - Processing /home/airflow/.local/lib/python3.7/site-packages/airflow/example_dags/example_params_trigger_ui.py took 0.639 seconds
[2023-09-14T16:48:27.317+0000] {processor.py:156} INFO - Started process (PID=1147) to work on /home/airflow/.local/lib/python3.7/site-packages/airflow/example_dags/example_params_trigger_ui.py
[2023-09-14T16:48:27.321+0000] {processor.py:799} INFO - Processing file /home/airflow/.local/lib/python3.7/site-packages/airflow/example_dags/example_params_trigger_ui.py for tasks to queue
[2023-09-14T16:48:27.328+0000] {logging_mixin.py:149} INFO - [2023-09-14T16:48:27.327+0000] {dagbag.py:541} INFO - Filling up the DagBag from /home/airflow/.local/lib/python3.7/site-packages/airflow/example_dags/example_params_trigger_ui.py
[2023-09-14T16:48:27.389+0000] {processor.py:809} INFO - DAG(s) dict_keys(['example_params_trigger_ui']) retrieved from /home/airflow/.local/lib/python3.7/site-packages/airflow/example_dags/example_params_trigger_ui.py
[2023-09-14T16:48:27.670+0000] {logging_mixin.py:149} INFO - [2023-09-14T16:48:27.670+0000] {dag.py:2726} INFO - Sync 1 DAGs
[2023-09-14T16:48:27.750+0000] {logging_mixin.py:149} INFO - [2023-09-14T16:48:27.749+0000] {dag.py:3490} INFO - Setting next_dagrun for example_params_trigger_ui to None, run_after=None
[2023-09-14T16:48:27.856+0000] {processor.py:178} INFO - Processing /home/airflow/.local/lib/python3.7/site-packages/airflow/example_dags/example_params_trigger_ui.py took 0.546 seconds
[2023-09-14T16:48:57.997+0000] {processor.py:156} INFO - Started process (PID=1208) to work on /home/airflow/.local/lib/python3.7/site-packages/airflow/example_dags/example_params_trigger_ui.py
[2023-09-14T16:48:58.000+0000] {processor.py:799} INFO - Processing file /home/airflow/.local/lib/python3.7/site-packages/airflow/example_dags/example_params_trigger_ui.py for tasks to queue
[2023-09-14T16:48:58.002+0000] {logging_mixin.py:149} INFO - [2023-09-14T16:48:58.002+0000] {dagbag.py:541} INFO - Filling up the DagBag from /home/airflow/.local/lib/python3.7/site-packages/airflow/example_dags/example_params_trigger_ui.py
[2023-09-14T16:48:58.086+0000] {processor.py:809} INFO - DAG(s) dict_keys(['example_params_trigger_ui']) retrieved from /home/airflow/.local/lib/python3.7/site-packages/airflow/example_dags/example_params_trigger_ui.py
[2023-09-14T16:48:58.418+0000] {logging_mixin.py:149} INFO - [2023-09-14T16:48:58.418+0000] {dag.py:2726} INFO - Sync 1 DAGs
[2023-09-14T16:48:58.479+0000] {logging_mixin.py:149} INFO - [2023-09-14T16:48:58.479+0000] {dag.py:3490} INFO - Setting next_dagrun for example_params_trigger_ui to None, run_after=None
[2023-09-14T16:48:58.529+0000] {processor.py:178} INFO - Processing /home/airflow/.local/lib/python3.7/site-packages/airflow/example_dags/example_params_trigger_ui.py took 0.539 seconds
[2023-09-14T16:49:28.668+0000] {processor.py:156} INFO - Started process (PID=1269) to work on /home/airflow/.local/lib/python3.7/site-packages/airflow/example_dags/example_params_trigger_ui.py
[2023-09-14T16:49:28.671+0000] {processor.py:799} INFO - Processing file /home/airflow/.local/lib/python3.7/site-packages/airflow/example_dags/example_params_trigger_ui.py for tasks to queue
[2023-09-14T16:49:28.675+0000] {logging_mixin.py:149} INFO - [2023-09-14T16:49:28.675+0000] {dagbag.py:541} INFO - Filling up the DagBag from /home/airflow/.local/lib/python3.7/site-packages/airflow/example_dags/example_params_trigger_ui.py
[2023-09-14T16:49:28.747+0000] {processor.py:809} INFO - DAG(s) dict_keys(['example_params_trigger_ui']) retrieved from /home/airflow/.local/lib/python3.7/site-packages/airflow/example_dags/example_params_trigger_ui.py
[2023-09-14T16:49:29.106+0000] {logging_mixin.py:149} INFO - [2023-09-14T16:49:29.105+0000] {dag.py:2726} INFO - Sync 1 DAGs
[2023-09-14T16:49:29.214+0000] {logging_mixin.py:149} INFO - [2023-09-14T16:49:29.213+0000] {dag.py:3490} INFO - Setting next_dagrun for example_params_trigger_ui to None, run_after=None
[2023-09-14T16:49:29.304+0000] {processor.py:178} INFO - Processing /home/airflow/.local/lib/python3.7/site-packages/airflow/example_dags/example_params_trigger_ui.py took 0.646 seconds
[2023-09-14T16:49:59.602+0000] {processor.py:156} INFO - Started process (PID=1330) to work on /home/airflow/.local/lib/python3.7/site-packages/airflow/example_dags/example_params_trigger_ui.py
[2023-09-14T16:49:59.607+0000] {processor.py:799} INFO - Processing file /home/airflow/.local/lib/python3.7/site-packages/airflow/example_dags/example_params_trigger_ui.py for tasks to queue
[2023-09-14T16:49:59.609+0000] {logging_mixin.py:149} INFO - [2023-09-14T16:49:59.609+0000] {dagbag.py:541} INFO - Filling up the DagBag from /home/airflow/.local/lib/python3.7/site-packages/airflow/example_dags/example_params_trigger_ui.py
[2023-09-14T16:49:59.691+0000] {processor.py:809} INFO - DAG(s) dict_keys(['example_params_trigger_ui']) retrieved from /home/airflow/.local/lib/python3.7/site-packages/airflow/example_dags/example_params_trigger_ui.py
[2023-09-14T16:50:00.027+0000] {logging_mixin.py:149} INFO - [2023-09-14T16:50:00.027+0000] {dag.py:2726} INFO - Sync 1 DAGs
[2023-09-14T16:50:00.125+0000] {logging_mixin.py:149} INFO - [2023-09-14T16:50:00.125+0000] {dag.py:3490} INFO - Setting next_dagrun for example_params_trigger_ui to None, run_after=None
[2023-09-14T16:50:00.190+0000] {processor.py:178} INFO - Processing /home/airflow/.local/lib/python3.7/site-packages/airflow/example_dags/example_params_trigger_ui.py took 0.599 seconds
[2023-09-14T16:50:30.979+0000] {processor.py:156} INFO - Started process (PID=1391) to work on /home/airflow/.local/lib/python3.7/site-packages/airflow/example_dags/example_params_trigger_ui.py
[2023-09-14T16:50:30.983+0000] {processor.py:799} INFO - Processing file /home/airflow/.local/lib/python3.7/site-packages/airflow/example_dags/example_params_trigger_ui.py for tasks to queue
[2023-09-14T16:50:30.988+0000] {logging_mixin.py:149} INFO - [2023-09-14T16:50:30.987+0000] {dagbag.py:541} INFO - Filling up the DagBag from /home/airflow/.local/lib/python3.7/site-packages/airflow/example_dags/example_params_trigger_ui.py
[2023-09-14T16:50:31.147+0000] {processor.py:809} INFO - DAG(s) dict_keys(['example_params_trigger_ui']) retrieved from /home/airflow/.local/lib/python3.7/site-packages/airflow/example_dags/example_params_trigger_ui.py
[2023-09-14T16:50:31.669+0000] {logging_mixin.py:149} INFO - [2023-09-14T16:50:31.669+0000] {dag.py:2726} INFO - Sync 1 DAGs
[2023-09-14T16:50:31.813+0000] {logging_mixin.py:149} INFO - [2023-09-14T16:50:31.812+0000] {dag.py:3490} INFO - Setting next_dagrun for example_params_trigger_ui to None, run_after=None
[2023-09-14T16:50:31.889+0000] {processor.py:178} INFO - Processing /home/airflow/.local/lib/python3.7/site-packages/airflow/example_dags/example_params_trigger_ui.py took 0.923 seconds
[2023-09-14T16:51:02.223+0000] {processor.py:156} INFO - Started process (PID=1453) to work on /home/airflow/.local/lib/python3.7/site-packages/airflow/example_dags/example_params_trigger_ui.py
[2023-09-14T16:51:02.227+0000] {processor.py:799} INFO - Processing file /home/airflow/.local/lib/python3.7/site-packages/airflow/example_dags/example_params_trigger_ui.py for tasks to queue
[2023-09-14T16:51:02.230+0000] {logging_mixin.py:149} INFO - [2023-09-14T16:51:02.229+0000] {dagbag.py:541} INFO - Filling up the DagBag from /home/airflow/.local/lib/python3.7/site-packages/airflow/example_dags/example_params_trigger_ui.py
[2023-09-14T16:51:02.332+0000] {processor.py:809} INFO - DAG(s) dict_keys(['example_params_trigger_ui']) retrieved from /home/airflow/.local/lib/python3.7/site-packages/airflow/example_dags/example_params_trigger_ui.py
[2023-09-14T16:51:02.560+0000] {logging_mixin.py:149} INFO - [2023-09-14T16:51:02.560+0000] {dag.py:2726} INFO - Sync 1 DAGs
[2023-09-14T16:51:02.613+0000] {logging_mixin.py:149} INFO - [2023-09-14T16:51:02.613+0000] {dag.py:3490} INFO - Setting next_dagrun for example_params_trigger_ui to None, run_after=None
[2023-09-14T16:51:02.711+0000] {processor.py:178} INFO - Processing /home/airflow/.local/lib/python3.7/site-packages/airflow/example_dags/example_params_trigger_ui.py took 0.496 seconds
[2023-09-14T16:51:33.293+0000] {processor.py:156} INFO - Started process (PID=1514) to work on /home/airflow/.local/lib/python3.7/site-packages/airflow/example_dags/example_params_trigger_ui.py
[2023-09-14T16:51:33.295+0000] {processor.py:799} INFO - Processing file /home/airflow/.local/lib/python3.7/site-packages/airflow/example_dags/example_params_trigger_ui.py for tasks to queue
[2023-09-14T16:51:33.298+0000] {logging_mixin.py:149} INFO - [2023-09-14T16:51:33.297+0000] {dagbag.py:541} INFO - Filling up the DagBag from /home/airflow/.local/lib/python3.7/site-packages/airflow/example_dags/example_params_trigger_ui.py
[2023-09-14T16:51:33.351+0000] {processor.py:809} INFO - DAG(s) dict_keys(['example_params_trigger_ui']) retrieved from /home/airflow/.local/lib/python3.7/site-packages/airflow/example_dags/example_params_trigger_ui.py
[2023-09-14T16:51:33.564+0000] {logging_mixin.py:149} INFO - [2023-09-14T16:51:33.564+0000] {dag.py:2726} INFO - Sync 1 DAGs
[2023-09-14T16:51:33.619+0000] {logging_mixin.py:149} INFO - [2023-09-14T16:51:33.619+0000] {dag.py:3490} INFO - Setting next_dagrun for example_params_trigger_ui to None, run_after=None
[2023-09-14T16:51:33.711+0000] {processor.py:178} INFO - Processing /home/airflow/.local/lib/python3.7/site-packages/airflow/example_dags/example_params_trigger_ui.py took 0.424 seconds
[2023-09-14T16:52:04.100+0000] {processor.py:156} INFO - Started process (PID=1576) to work on /home/airflow/.local/lib/python3.7/site-packages/airflow/example_dags/example_params_trigger_ui.py
[2023-09-14T16:52:04.104+0000] {processor.py:799} INFO - Processing file /home/airflow/.local/lib/python3.7/site-packages/airflow/example_dags/example_params_trigger_ui.py for tasks to queue
[2023-09-14T16:52:04.109+0000] {logging_mixin.py:149} INFO - [2023-09-14T16:52:04.108+0000] {dagbag.py:541} INFO - Filling up the DagBag from /home/airflow/.local/lib/python3.7/site-packages/airflow/example_dags/example_params_trigger_ui.py
[2023-09-14T16:52:04.176+0000] {processor.py:809} INFO - DAG(s) dict_keys(['example_params_trigger_ui']) retrieved from /home/airflow/.local/lib/python3.7/site-packages/airflow/example_dags/example_params_trigger_ui.py
[2023-09-14T16:52:04.455+0000] {logging_mixin.py:149} INFO - [2023-09-14T16:52:04.454+0000] {dag.py:2726} INFO - Sync 1 DAGs
[2023-09-14T16:52:04.543+0000] {logging_mixin.py:149} INFO - [2023-09-14T16:52:04.542+0000] {dag.py:3490} INFO - Setting next_dagrun for example_params_trigger_ui to None, run_after=None
[2023-09-14T16:52:04.643+0000] {processor.py:178} INFO - Processing /home/airflow/.local/lib/python3.7/site-packages/airflow/example_dags/example_params_trigger_ui.py took 0.552 seconds
[2023-09-14T16:52:34.982+0000] {processor.py:156} INFO - Started process (PID=1637) to work on /home/airflow/.local/lib/python3.7/site-packages/airflow/example_dags/example_params_trigger_ui.py
[2023-09-14T16:52:34.987+0000] {processor.py:799} INFO - Processing file /home/airflow/.local/lib/python3.7/site-packages/airflow/example_dags/example_params_trigger_ui.py for tasks to queue
[2023-09-14T16:52:34.994+0000] {logging_mixin.py:149} INFO - [2023-09-14T16:52:34.993+0000] {dagbag.py:541} INFO - Filling up the DagBag from /home/airflow/.local/lib/python3.7/site-packages/airflow/example_dags/example_params_trigger_ui.py
[2023-09-14T16:52:35.093+0000] {processor.py:809} INFO - DAG(s) dict_keys(['example_params_trigger_ui']) retrieved from /home/airflow/.local/lib/python3.7/site-packages/airflow/example_dags/example_params_trigger_ui.py
[2023-09-14T16:52:35.331+0000] {logging_mixin.py:149} INFO - [2023-09-14T16:52:35.331+0000] {dag.py:2726} INFO - Sync 1 DAGs
[2023-09-14T16:52:35.414+0000] {logging_mixin.py:149} INFO - [2023-09-14T16:52:35.414+0000] {dag.py:3490} INFO - Setting next_dagrun for example_params_trigger_ui to None, run_after=None
[2023-09-14T16:52:35.538+0000] {processor.py:178} INFO - Processing /home/airflow/.local/lib/python3.7/site-packages/airflow/example_dags/example_params_trigger_ui.py took 0.581 seconds
[2023-09-14T16:53:05.994+0000] {processor.py:156} INFO - Started process (PID=1698) to work on /home/airflow/.local/lib/python3.7/site-packages/airflow/example_dags/example_params_trigger_ui.py
[2023-09-14T16:53:06.004+0000] {processor.py:799} INFO - Processing file /home/airflow/.local/lib/python3.7/site-packages/airflow/example_dags/example_params_trigger_ui.py for tasks to queue
[2023-09-14T16:53:06.009+0000] {logging_mixin.py:149} INFO - [2023-09-14T16:53:06.008+0000] {dagbag.py:541} INFO - Filling up the DagBag from /home/airflow/.local/lib/python3.7/site-packages/airflow/example_dags/example_params_trigger_ui.py
[2023-09-14T16:53:06.107+0000] {processor.py:809} INFO - DAG(s) dict_keys(['example_params_trigger_ui']) retrieved from /home/airflow/.local/lib/python3.7/site-packages/airflow/example_dags/example_params_trigger_ui.py
[2023-09-14T16:53:06.450+0000] {logging_mixin.py:149} INFO - [2023-09-14T16:53:06.450+0000] {dag.py:2726} INFO - Sync 1 DAGs
[2023-09-14T16:53:06.534+0000] {logging_mixin.py:149} INFO - [2023-09-14T16:53:06.534+0000] {dag.py:3490} INFO - Setting next_dagrun for example_params_trigger_ui to None, run_after=None
[2023-09-14T16:53:06.737+0000] {processor.py:178} INFO - Processing /home/airflow/.local/lib/python3.7/site-packages/airflow/example_dags/example_params_trigger_ui.py took 0.755 seconds
[2023-09-14T16:53:41.993+0000] {processor.py:156} INFO - Started process (PID=1763) to work on /home/airflow/.local/lib/python3.7/site-packages/airflow/example_dags/example_params_trigger_ui.py
[2023-09-14T16:53:41.998+0000] {processor.py:799} INFO - Processing file /home/airflow/.local/lib/python3.7/site-packages/airflow/example_dags/example_params_trigger_ui.py for tasks to queue
[2023-09-14T16:53:42.001+0000] {logging_mixin.py:149} INFO - [2023-09-14T16:53:42.000+0000] {dagbag.py:541} INFO - Filling up the DagBag from /home/airflow/.local/lib/python3.7/site-packages/airflow/example_dags/example_params_trigger_ui.py
[2023-09-14T16:53:42.089+0000] {processor.py:809} INFO - DAG(s) dict_keys(['example_params_trigger_ui']) retrieved from /home/airflow/.local/lib/python3.7/site-packages/airflow/example_dags/example_params_trigger_ui.py
[2023-09-14T16:53:42.646+0000] {logging_mixin.py:149} INFO - [2023-09-14T16:53:42.645+0000] {dag.py:2726} INFO - Sync 1 DAGs
[2023-09-14T16:53:42.753+0000] {logging_mixin.py:149} INFO - [2023-09-14T16:53:42.753+0000] {dag.py:3490} INFO - Setting next_dagrun for example_params_trigger_ui to None, run_after=None
[2023-09-14T16:53:42.846+0000] {processor.py:178} INFO - Processing /home/airflow/.local/lib/python3.7/site-packages/airflow/example_dags/example_params_trigger_ui.py took 0.868 seconds
[2023-09-14T16:54:17.271+0000] {processor.py:156} INFO - Started process (PID=1828) to work on /home/airflow/.local/lib/python3.7/site-packages/airflow/example_dags/example_params_trigger_ui.py
[2023-09-14T16:54:17.278+0000] {processor.py:799} INFO - Processing file /home/airflow/.local/lib/python3.7/site-packages/airflow/example_dags/example_params_trigger_ui.py for tasks to queue
[2023-09-14T16:54:17.287+0000] {logging_mixin.py:149} INFO - [2023-09-14T16:54:17.286+0000] {dagbag.py:541} INFO - Filling up the DagBag from /home/airflow/.local/lib/python3.7/site-packages/airflow/example_dags/example_params_trigger_ui.py
[2023-09-14T16:54:17.478+0000] {processor.py:809} INFO - DAG(s) dict_keys(['example_params_trigger_ui']) retrieved from /home/airflow/.local/lib/python3.7/site-packages/airflow/example_dags/example_params_trigger_ui.py
[2023-09-14T16:54:18.701+0000] {logging_mixin.py:149} INFO - [2023-09-14T16:54:18.700+0000] {dag.py:2726} INFO - Sync 1 DAGs
[2023-09-14T16:54:19.020+0000] {logging_mixin.py:149} INFO - [2023-09-14T16:54:19.019+0000] {dag.py:3490} INFO - Setting next_dagrun for example_params_trigger_ui to None, run_after=None
[2023-09-14T16:54:19.345+0000] {processor.py:178} INFO - Processing /home/airflow/.local/lib/python3.7/site-packages/airflow/example_dags/example_params_trigger_ui.py took 2.107 seconds
[2023-09-14T16:55:00.610+0000] {processor.py:156} INFO - Started process (PID=1902) to work on /home/airflow/.local/lib/python3.7/site-packages/airflow/example_dags/example_params_trigger_ui.py
[2023-09-14T16:55:00.613+0000] {processor.py:799} INFO - Processing file /home/airflow/.local/lib/python3.7/site-packages/airflow/example_dags/example_params_trigger_ui.py for tasks to queue
[2023-09-14T16:55:00.616+0000] {logging_mixin.py:149} INFO - [2023-09-14T16:55:00.616+0000] {dagbag.py:541} INFO - Filling up the DagBag from /home/airflow/.local/lib/python3.7/site-packages/airflow/example_dags/example_params_trigger_ui.py
[2023-09-14T16:55:00.713+0000] {processor.py:809} INFO - DAG(s) dict_keys(['example_params_trigger_ui']) retrieved from /home/airflow/.local/lib/python3.7/site-packages/airflow/example_dags/example_params_trigger_ui.py
[2023-09-14T16:55:01.020+0000] {logging_mixin.py:149} INFO - [2023-09-14T16:55:01.019+0000] {dag.py:2726} INFO - Sync 1 DAGs
[2023-09-14T16:55:01.094+0000] {logging_mixin.py:149} INFO - [2023-09-14T16:55:01.093+0000] {dag.py:3490} INFO - Setting next_dagrun for example_params_trigger_ui to None, run_after=None
[2023-09-14T16:55:01.176+0000] {processor.py:178} INFO - Processing /home/airflow/.local/lib/python3.7/site-packages/airflow/example_dags/example_params_trigger_ui.py took 0.579 seconds
[2023-09-14T16:55:31.319+0000] {processor.py:156} INFO - Started process (PID=1959) to work on /home/airflow/.local/lib/python3.7/site-packages/airflow/example_dags/example_params_trigger_ui.py
[2023-09-14T16:55:31.322+0000] {processor.py:799} INFO - Processing file /home/airflow/.local/lib/python3.7/site-packages/airflow/example_dags/example_params_trigger_ui.py for tasks to queue
[2023-09-14T16:55:31.325+0000] {logging_mixin.py:149} INFO - [2023-09-14T16:55:31.325+0000] {dagbag.py:541} INFO - Filling up the DagBag from /home/airflow/.local/lib/python3.7/site-packages/airflow/example_dags/example_params_trigger_ui.py
[2023-09-14T16:55:31.409+0000] {processor.py:809} INFO - DAG(s) dict_keys(['example_params_trigger_ui']) retrieved from /home/airflow/.local/lib/python3.7/site-packages/airflow/example_dags/example_params_trigger_ui.py
[2023-09-14T16:55:31.675+0000] {logging_mixin.py:149} INFO - [2023-09-14T16:55:31.673+0000] {dag.py:2726} INFO - Sync 1 DAGs
[2023-09-14T16:55:31.758+0000] {logging_mixin.py:149} INFO - [2023-09-14T16:55:31.758+0000] {dag.py:3490} INFO - Setting next_dagrun for example_params_trigger_ui to None, run_after=None
[2023-09-14T16:55:31.866+0000] {processor.py:178} INFO - Processing /home/airflow/.local/lib/python3.7/site-packages/airflow/example_dags/example_params_trigger_ui.py took 0.558 seconds
[2023-09-14T16:56:02.376+0000] {processor.py:156} INFO - Started process (PID=2023) to work on /home/airflow/.local/lib/python3.7/site-packages/airflow/example_dags/example_params_trigger_ui.py
[2023-09-14T16:56:02.379+0000] {processor.py:799} INFO - Processing file /home/airflow/.local/lib/python3.7/site-packages/airflow/example_dags/example_params_trigger_ui.py for tasks to queue
[2023-09-14T16:56:02.384+0000] {logging_mixin.py:149} INFO - [2023-09-14T16:56:02.383+0000] {dagbag.py:541} INFO - Filling up the DagBag from /home/airflow/.local/lib/python3.7/site-packages/airflow/example_dags/example_params_trigger_ui.py
[2023-09-14T16:56:02.468+0000] {processor.py:809} INFO - DAG(s) dict_keys(['example_params_trigger_ui']) retrieved from /home/airflow/.local/lib/python3.7/site-packages/airflow/example_dags/example_params_trigger_ui.py
[2023-09-14T16:56:02.759+0000] {logging_mixin.py:149} INFO - [2023-09-14T16:56:02.759+0000] {dag.py:2726} INFO - Sync 1 DAGs
[2023-09-14T16:56:02.868+0000] {logging_mixin.py:149} INFO - [2023-09-14T16:56:02.868+0000] {dag.py:3490} INFO - Setting next_dagrun for example_params_trigger_ui to None, run_after=None
[2023-09-14T16:56:02.925+0000] {processor.py:178} INFO - Processing /home/airflow/.local/lib/python3.7/site-packages/airflow/example_dags/example_params_trigger_ui.py took 0.557 seconds
[2023-09-14T16:56:33.718+0000] {processor.py:156} INFO - Started process (PID=2088) to work on /home/airflow/.local/lib/python3.7/site-packages/airflow/example_dags/example_params_trigger_ui.py
[2023-09-14T16:56:33.734+0000] {processor.py:799} INFO - Processing file /home/airflow/.local/lib/python3.7/site-packages/airflow/example_dags/example_params_trigger_ui.py for tasks to queue
[2023-09-14T16:56:33.750+0000] {logging_mixin.py:149} INFO - [2023-09-14T16:56:33.742+0000] {dagbag.py:541} INFO - Filling up the DagBag from /home/airflow/.local/lib/python3.7/site-packages/airflow/example_dags/example_params_trigger_ui.py
[2023-09-14T16:56:33.995+0000] {processor.py:809} INFO - DAG(s) dict_keys(['example_params_trigger_ui']) retrieved from /home/airflow/.local/lib/python3.7/site-packages/airflow/example_dags/example_params_trigger_ui.py
[2023-09-14T16:56:34.614+0000] {logging_mixin.py:149} INFO - [2023-09-14T16:56:34.612+0000] {dag.py:2726} INFO - Sync 1 DAGs
[2023-09-14T16:56:34.731+0000] {logging_mixin.py:149} INFO - [2023-09-14T16:56:34.730+0000] {dag.py:3490} INFO - Setting next_dagrun for example_params_trigger_ui to None, run_after=None
[2023-09-14T16:56:34.807+0000] {processor.py:178} INFO - Processing /home/airflow/.local/lib/python3.7/site-packages/airflow/example_dags/example_params_trigger_ui.py took 1.126 seconds
[2023-09-14T16:57:05.259+0000] {processor.py:156} INFO - Started process (PID=2153) to work on /home/airflow/.local/lib/python3.7/site-packages/airflow/example_dags/example_params_trigger_ui.py
[2023-09-14T16:57:05.264+0000] {processor.py:799} INFO - Processing file /home/airflow/.local/lib/python3.7/site-packages/airflow/example_dags/example_params_trigger_ui.py for tasks to queue
[2023-09-14T16:57:05.267+0000] {logging_mixin.py:149} INFO - [2023-09-14T16:57:05.267+0000] {dagbag.py:541} INFO - Filling up the DagBag from /home/airflow/.local/lib/python3.7/site-packages/airflow/example_dags/example_params_trigger_ui.py
[2023-09-14T16:57:05.349+0000] {processor.py:809} INFO - DAG(s) dict_keys(['example_params_trigger_ui']) retrieved from /home/airflow/.local/lib/python3.7/site-packages/airflow/example_dags/example_params_trigger_ui.py
[2023-09-14T16:57:05.639+0000] {logging_mixin.py:149} INFO - [2023-09-14T16:57:05.638+0000] {dag.py:2726} INFO - Sync 1 DAGs
[2023-09-14T16:57:05.756+0000] {logging_mixin.py:149} INFO - [2023-09-14T16:57:05.756+0000] {dag.py:3490} INFO - Setting next_dagrun for example_params_trigger_ui to None, run_after=None
[2023-09-14T16:57:05.826+0000] {processor.py:178} INFO - Processing /home/airflow/.local/lib/python3.7/site-packages/airflow/example_dags/example_params_trigger_ui.py took 0.579 seconds
[2023-09-14T16:57:36.148+0000] {processor.py:156} INFO - Started process (PID=2220) to work on /home/airflow/.local/lib/python3.7/site-packages/airflow/example_dags/example_params_trigger_ui.py
[2023-09-14T16:57:36.152+0000] {processor.py:799} INFO - Processing file /home/airflow/.local/lib/python3.7/site-packages/airflow/example_dags/example_params_trigger_ui.py for tasks to queue
[2023-09-14T16:57:36.158+0000] {logging_mixin.py:149} INFO - [2023-09-14T16:57:36.157+0000] {dagbag.py:541} INFO - Filling up the DagBag from /home/airflow/.local/lib/python3.7/site-packages/airflow/example_dags/example_params_trigger_ui.py
[2023-09-14T16:57:36.251+0000] {processor.py:809} INFO - DAG(s) dict_keys(['example_params_trigger_ui']) retrieved from /home/airflow/.local/lib/python3.7/site-packages/airflow/example_dags/example_params_trigger_ui.py
[2023-09-14T16:57:36.587+0000] {logging_mixin.py:149} INFO - [2023-09-14T16:57:36.586+0000] {dag.py:2726} INFO - Sync 1 DAGs
[2023-09-14T16:57:36.695+0000] {logging_mixin.py:149} INFO - [2023-09-14T16:57:36.695+0000] {dag.py:3490} INFO - Setting next_dagrun for example_params_trigger_ui to None, run_after=None
[2023-09-14T16:57:36.800+0000] {processor.py:178} INFO - Processing /home/airflow/.local/lib/python3.7/site-packages/airflow/example_dags/example_params_trigger_ui.py took 0.665 seconds
[2023-09-14T16:58:07.093+0000] {processor.py:156} INFO - Started process (PID=2285) to work on /home/airflow/.local/lib/python3.7/site-packages/airflow/example_dags/example_params_trigger_ui.py
[2023-09-14T16:58:07.099+0000] {processor.py:799} INFO - Processing file /home/airflow/.local/lib/python3.7/site-packages/airflow/example_dags/example_params_trigger_ui.py for tasks to queue
[2023-09-14T16:58:07.104+0000] {logging_mixin.py:149} INFO - [2023-09-14T16:58:07.103+0000] {dagbag.py:541} INFO - Filling up the DagBag from /home/airflow/.local/lib/python3.7/site-packages/airflow/example_dags/example_params_trigger_ui.py
[2023-09-14T16:58:07.210+0000] {processor.py:809} INFO - DAG(s) dict_keys(['example_params_trigger_ui']) retrieved from /home/airflow/.local/lib/python3.7/site-packages/airflow/example_dags/example_params_trigger_ui.py
[2023-09-14T16:58:07.656+0000] {logging_mixin.py:149} INFO - [2023-09-14T16:58:07.655+0000] {dag.py:2726} INFO - Sync 1 DAGs
[2023-09-14T16:58:07.840+0000] {logging_mixin.py:149} INFO - [2023-09-14T16:58:07.840+0000] {dag.py:3490} INFO - Setting next_dagrun for example_params_trigger_ui to None, run_after=None
[2023-09-14T16:58:07.949+0000] {processor.py:178} INFO - Processing /home/airflow/.local/lib/python3.7/site-packages/airflow/example_dags/example_params_trigger_ui.py took 0.869 seconds
[2023-09-14T16:58:50.181+0000] {processor.py:156} INFO - Started process (PID=2358) to work on /home/airflow/.local/lib/python3.7/site-packages/airflow/example_dags/example_params_trigger_ui.py
[2023-09-14T16:58:50.204+0000] {processor.py:799} INFO - Processing file /home/airflow/.local/lib/python3.7/site-packages/airflow/example_dags/example_params_trigger_ui.py for tasks to queue
[2023-09-14T16:58:50.219+0000] {logging_mixin.py:149} INFO - [2023-09-14T16:58:50.209+0000] {dagbag.py:541} INFO - Filling up the DagBag from /home/airflow/.local/lib/python3.7/site-packages/airflow/example_dags/example_params_trigger_ui.py
[2023-09-14T16:58:50.589+0000] {processor.py:809} INFO - DAG(s) dict_keys(['example_params_trigger_ui']) retrieved from /home/airflow/.local/lib/python3.7/site-packages/airflow/example_dags/example_params_trigger_ui.py
[2023-09-14T16:58:51.556+0000] {logging_mixin.py:149} INFO - [2023-09-14T16:58:51.555+0000] {dag.py:2726} INFO - Sync 1 DAGs
[2023-09-14T16:58:51.895+0000] {logging_mixin.py:149} INFO - [2023-09-14T16:58:51.895+0000] {dag.py:3490} INFO - Setting next_dagrun for example_params_trigger_ui to None, run_after=None
[2023-09-14T16:58:52.149+0000] {processor.py:178} INFO - Processing /home/airflow/.local/lib/python3.7/site-packages/airflow/example_dags/example_params_trigger_ui.py took 1.963 seconds
[2023-09-14T16:59:22.571+0000] {processor.py:156} INFO - Started process (PID=2423) to work on /home/airflow/.local/lib/python3.7/site-packages/airflow/example_dags/example_params_trigger_ui.py
[2023-09-14T16:59:22.574+0000] {processor.py:799} INFO - Processing file /home/airflow/.local/lib/python3.7/site-packages/airflow/example_dags/example_params_trigger_ui.py for tasks to queue
[2023-09-14T16:59:22.577+0000] {logging_mixin.py:149} INFO - [2023-09-14T16:59:22.577+0000] {dagbag.py:541} INFO - Filling up the DagBag from /home/airflow/.local/lib/python3.7/site-packages/airflow/example_dags/example_params_trigger_ui.py
[2023-09-14T16:59:22.621+0000] {processor.py:809} INFO - DAG(s) dict_keys(['example_params_trigger_ui']) retrieved from /home/airflow/.local/lib/python3.7/site-packages/airflow/example_dags/example_params_trigger_ui.py
[2023-09-14T16:59:22.870+0000] {logging_mixin.py:149} INFO - [2023-09-14T16:59:22.870+0000] {dag.py:2726} INFO - Sync 1 DAGs
[2023-09-14T16:59:22.950+0000] {logging_mixin.py:149} INFO - [2023-09-14T16:59:22.950+0000] {dag.py:3490} INFO - Setting next_dagrun for example_params_trigger_ui to None, run_after=None
[2023-09-14T16:59:23.007+0000] {processor.py:178} INFO - Processing /home/airflow/.local/lib/python3.7/site-packages/airflow/example_dags/example_params_trigger_ui.py took 0.444 seconds
[2023-09-14T16:59:53.686+0000] {processor.py:156} INFO - Started process (PID=2487) to work on /home/airflow/.local/lib/python3.7/site-packages/airflow/example_dags/example_params_trigger_ui.py
[2023-09-14T16:59:53.695+0000] {processor.py:799} INFO - Processing file /home/airflow/.local/lib/python3.7/site-packages/airflow/example_dags/example_params_trigger_ui.py for tasks to queue
[2023-09-14T16:59:53.704+0000] {logging_mixin.py:149} INFO - [2023-09-14T16:59:53.703+0000] {dagbag.py:541} INFO - Filling up the DagBag from /home/airflow/.local/lib/python3.7/site-packages/airflow/example_dags/example_params_trigger_ui.py
[2023-09-14T16:59:53.866+0000] {processor.py:809} INFO - DAG(s) dict_keys(['example_params_trigger_ui']) retrieved from /home/airflow/.local/lib/python3.7/site-packages/airflow/example_dags/example_params_trigger_ui.py
[2023-09-14T16:59:54.633+0000] {logging_mixin.py:149} INFO - [2023-09-14T16:59:54.633+0000] {dag.py:2726} INFO - Sync 1 DAGs
[2023-09-14T16:59:54.886+0000] {logging_mixin.py:149} INFO - [2023-09-14T16:59:54.886+0000] {dag.py:3490} INFO - Setting next_dagrun for example_params_trigger_ui to None, run_after=None
[2023-09-14T16:59:55.050+0000] {processor.py:178} INFO - Processing /home/airflow/.local/lib/python3.7/site-packages/airflow/example_dags/example_params_trigger_ui.py took 1.398 seconds
[2023-09-14T17:00:25.801+0000] {processor.py:156} INFO - Started process (PID=2558) to work on /home/airflow/.local/lib/python3.7/site-packages/airflow/example_dags/example_params_trigger_ui.py
[2023-09-14T17:00:25.804+0000] {processor.py:799} INFO - Processing file /home/airflow/.local/lib/python3.7/site-packages/airflow/example_dags/example_params_trigger_ui.py for tasks to queue
[2023-09-14T17:00:25.808+0000] {logging_mixin.py:149} INFO - [2023-09-14T17:00:25.807+0000] {dagbag.py:541} INFO - Filling up the DagBag from /home/airflow/.local/lib/python3.7/site-packages/airflow/example_dags/example_params_trigger_ui.py
[2023-09-14T17:00:25.883+0000] {processor.py:809} INFO - DAG(s) dict_keys(['example_params_trigger_ui']) retrieved from /home/airflow/.local/lib/python3.7/site-packages/airflow/example_dags/example_params_trigger_ui.py
[2023-09-14T17:00:26.277+0000] {logging_mixin.py:149} INFO - [2023-09-14T17:00:26.276+0000] {dag.py:2726} INFO - Sync 1 DAGs
[2023-09-14T17:00:26.404+0000] {logging_mixin.py:149} INFO - [2023-09-14T17:00:26.404+0000] {dag.py:3490} INFO - Setting next_dagrun for example_params_trigger_ui to None, run_after=None
[2023-09-14T17:00:26.472+0000] {processor.py:178} INFO - Processing /home/airflow/.local/lib/python3.7/site-packages/airflow/example_dags/example_params_trigger_ui.py took 0.684 seconds
[2023-09-14T17:00:56.899+0000] {processor.py:156} INFO - Started process (PID=2623) to work on /home/airflow/.local/lib/python3.7/site-packages/airflow/example_dags/example_params_trigger_ui.py
[2023-09-14T17:00:56.901+0000] {processor.py:799} INFO - Processing file /home/airflow/.local/lib/python3.7/site-packages/airflow/example_dags/example_params_trigger_ui.py for tasks to queue
[2023-09-14T17:00:56.904+0000] {logging_mixin.py:149} INFO - [2023-09-14T17:00:56.903+0000] {dagbag.py:541} INFO - Filling up the DagBag from /home/airflow/.local/lib/python3.7/site-packages/airflow/example_dags/example_params_trigger_ui.py
[2023-09-14T17:00:56.987+0000] {processor.py:809} INFO - DAG(s) dict_keys(['example_params_trigger_ui']) retrieved from /home/airflow/.local/lib/python3.7/site-packages/airflow/example_dags/example_params_trigger_ui.py
[2023-09-14T17:00:57.213+0000] {logging_mixin.py:149} INFO - [2023-09-14T17:00:57.213+0000] {dag.py:2726} INFO - Sync 1 DAGs
[2023-09-14T17:00:57.258+0000] {logging_mixin.py:149} INFO - [2023-09-14T17:00:57.258+0000] {dag.py:3490} INFO - Setting next_dagrun for example_params_trigger_ui to None, run_after=None
[2023-09-14T17:00:57.298+0000] {processor.py:178} INFO - Processing /home/airflow/.local/lib/python3.7/site-packages/airflow/example_dags/example_params_trigger_ui.py took 0.405 seconds
[2023-09-14T17:01:27.405+0000] {processor.py:156} INFO - Started process (PID=2686) to work on /home/airflow/.local/lib/python3.7/site-packages/airflow/example_dags/example_params_trigger_ui.py
[2023-09-14T17:01:27.408+0000] {processor.py:799} INFO - Processing file /home/airflow/.local/lib/python3.7/site-packages/airflow/example_dags/example_params_trigger_ui.py for tasks to queue
[2023-09-14T17:01:27.410+0000] {logging_mixin.py:149} INFO - [2023-09-14T17:01:27.410+0000] {dagbag.py:541} INFO - Filling up the DagBag from /home/airflow/.local/lib/python3.7/site-packages/airflow/example_dags/example_params_trigger_ui.py
[2023-09-14T17:01:27.444+0000] {processor.py:809} INFO - DAG(s) dict_keys(['example_params_trigger_ui']) retrieved from /home/airflow/.local/lib/python3.7/site-packages/airflow/example_dags/example_params_trigger_ui.py
[2023-09-14T17:01:27.614+0000] {logging_mixin.py:149} INFO - [2023-09-14T17:01:27.613+0000] {dag.py:2726} INFO - Sync 1 DAGs
[2023-09-14T17:01:27.661+0000] {logging_mixin.py:149} INFO - [2023-09-14T17:01:27.661+0000] {dag.py:3490} INFO - Setting next_dagrun for example_params_trigger_ui to None, run_after=None
[2023-09-14T17:01:27.699+0000] {processor.py:178} INFO - Processing /home/airflow/.local/lib/python3.7/site-packages/airflow/example_dags/example_params_trigger_ui.py took 0.302 seconds
[2023-09-14T17:01:57.872+0000] {processor.py:156} INFO - Started process (PID=2752) to work on /home/airflow/.local/lib/python3.7/site-packages/airflow/example_dags/example_params_trigger_ui.py
[2023-09-14T17:01:57.874+0000] {processor.py:799} INFO - Processing file /home/airflow/.local/lib/python3.7/site-packages/airflow/example_dags/example_params_trigger_ui.py for tasks to queue
[2023-09-14T17:01:57.876+0000] {logging_mixin.py:149} INFO - [2023-09-14T17:01:57.875+0000] {dagbag.py:541} INFO - Filling up the DagBag from /home/airflow/.local/lib/python3.7/site-packages/airflow/example_dags/example_params_trigger_ui.py
[2023-09-14T17:01:57.911+0000] {processor.py:809} INFO - DAG(s) dict_keys(['example_params_trigger_ui']) retrieved from /home/airflow/.local/lib/python3.7/site-packages/airflow/example_dags/example_params_trigger_ui.py
[2023-09-14T17:01:58.076+0000] {logging_mixin.py:149} INFO - [2023-09-14T17:01:58.076+0000] {dag.py:2726} INFO - Sync 1 DAGs
[2023-09-14T17:01:58.124+0000] {logging_mixin.py:149} INFO - [2023-09-14T17:01:58.124+0000] {dag.py:3490} INFO - Setting next_dagrun for example_params_trigger_ui to None, run_after=None
[2023-09-14T17:01:58.168+0000] {processor.py:178} INFO - Processing /home/airflow/.local/lib/python3.7/site-packages/airflow/example_dags/example_params_trigger_ui.py took 0.301 seconds
[2023-09-14T17:04:01.023+0000] {processor.py:156} INFO - Started process (PID=54) to work on /home/airflow/.local/lib/python3.7/site-packages/airflow/example_dags/example_params_trigger_ui.py
[2023-09-14T17:04:01.026+0000] {processor.py:799} INFO - Processing file /home/airflow/.local/lib/python3.7/site-packages/airflow/example_dags/example_params_trigger_ui.py for tasks to queue
[2023-09-14T17:04:01.032+0000] {logging_mixin.py:149} INFO - [2023-09-14T17:04:01.031+0000] {dagbag.py:541} INFO - Filling up the DagBag from /home/airflow/.local/lib/python3.7/site-packages/airflow/example_dags/example_params_trigger_ui.py
[2023-09-14T17:04:01.166+0000] {processor.py:809} INFO - DAG(s) dict_keys(['example_params_trigger_ui']) retrieved from /home/airflow/.local/lib/python3.7/site-packages/airflow/example_dags/example_params_trigger_ui.py
[2023-09-14T17:04:01.717+0000] {logging_mixin.py:149} INFO - [2023-09-14T17:04:01.717+0000] {dag.py:2726} INFO - Sync 1 DAGs
[2023-09-14T17:04:02.655+0000] {logging_mixin.py:149} INFO - [2023-09-14T17:04:02.655+0000] {process_utils.py:258} INFO - Waiting up to 5 seconds for processes to exit...
