[2023-09-14T16:10:58.426+0000] {processor.py:156} INFO - Started process (PID=82) to work on /home/airflow/.local/lib/python3.7/site-packages/airflow/example_dags/example_xcomargs.py
[2023-09-14T16:10:58.478+0000] {processor.py:799} INFO - Processing file /home/airflow/.local/lib/python3.7/site-packages/airflow/example_dags/example_xcomargs.py for tasks to queue
[2023-09-14T16:10:58.498+0000] {logging_mixin.py:149} INFO - [2023-09-14T16:10:58.497+0000] {dagbag.py:541} INFO - Filling up the DagBag from /home/airflow/.local/lib/python3.7/site-packages/airflow/example_dags/example_xcomargs.py
[2023-09-14T16:10:58.649+0000] {processor.py:809} INFO - DAG(s) dict_keys(['example_xcom_args', 'example_xcom_args_with_operators']) retrieved from /home/airflow/.local/lib/python3.7/site-packages/airflow/example_dags/example_xcomargs.py
[2023-09-14T16:10:59.202+0000] {logging_mixin.py:149} INFO - [2023-09-14T16:10:59.201+0000] {dag.py:2726} INFO - Sync 2 DAGs
[2023-09-14T16:10:59.769+0000] {logging_mixin.py:149} INFO - [2023-09-14T16:10:59.768+0000] {dag.py:3490} INFO - Setting next_dagrun for example_xcom_args to None, run_after=None
[2023-09-14T16:10:59.825+0000] {logging_mixin.py:149} INFO - [2023-09-14T16:10:59.823+0000] {dag.py:3490} INFO - Setting next_dagrun for example_xcom_args_with_operators to None, run_after=None
[2023-09-14T16:11:00.187+0000] {processor.py:178} INFO - Processing /home/airflow/.local/lib/python3.7/site-packages/airflow/example_dags/example_xcomargs.py took 1.824 seconds
[2023-09-14T16:11:55.851+0000] {processor.py:156} INFO - Started process (PID=151) to work on /home/airflow/.local/lib/python3.7/site-packages/airflow/example_dags/example_xcomargs.py
[2023-09-14T16:11:55.854+0000] {processor.py:799} INFO - Processing file /home/airflow/.local/lib/python3.7/site-packages/airflow/example_dags/example_xcomargs.py for tasks to queue
[2023-09-14T16:11:55.858+0000] {logging_mixin.py:149} INFO - [2023-09-14T16:11:55.857+0000] {dagbag.py:541} INFO - Filling up the DagBag from /home/airflow/.local/lib/python3.7/site-packages/airflow/example_dags/example_xcomargs.py
[2023-09-14T16:11:55.908+0000] {processor.py:809} INFO - DAG(s) dict_keys(['example_xcom_args_with_operators', 'example_xcom_args']) retrieved from /home/airflow/.local/lib/python3.7/site-packages/airflow/example_dags/example_xcomargs.py
[2023-09-14T16:11:56.058+0000] {logging_mixin.py:149} INFO - [2023-09-14T16:11:56.058+0000] {dag.py:2726} INFO - Sync 2 DAGs
[2023-09-14T16:11:56.739+0000] {logging_mixin.py:149} INFO - [2023-09-14T16:11:56.738+0000] {dag.py:3490} INFO - Setting next_dagrun for example_xcom_args to None, run_after=None
[2023-09-14T16:11:56.760+0000] {logging_mixin.py:149} INFO - [2023-09-14T16:11:56.759+0000] {dag.py:3490} INFO - Setting next_dagrun for example_xcom_args_with_operators to None, run_after=None
[2023-09-14T16:11:56.887+0000] {processor.py:178} INFO - Processing /home/airflow/.local/lib/python3.7/site-packages/airflow/example_dags/example_xcomargs.py took 1.053 seconds
[2023-09-14T16:12:32.731+0000] {processor.py:156} INFO - Started process (PID=212) to work on /home/airflow/.local/lib/python3.7/site-packages/airflow/example_dags/example_xcomargs.py
[2023-09-14T16:12:32.743+0000] {processor.py:799} INFO - Processing file /home/airflow/.local/lib/python3.7/site-packages/airflow/example_dags/example_xcomargs.py for tasks to queue
[2023-09-14T16:12:32.760+0000] {logging_mixin.py:149} INFO - [2023-09-14T16:12:32.759+0000] {dagbag.py:541} INFO - Filling up the DagBag from /home/airflow/.local/lib/python3.7/site-packages/airflow/example_dags/example_xcomargs.py
[2023-09-14T16:12:32.823+0000] {processor.py:809} INFO - DAG(s) dict_keys(['example_xcom_args_with_operators', 'example_xcom_args']) retrieved from /home/airflow/.local/lib/python3.7/site-packages/airflow/example_dags/example_xcomargs.py
[2023-09-14T16:12:33.179+0000] {logging_mixin.py:149} INFO - [2023-09-14T16:12:33.178+0000] {dag.py:2726} INFO - Sync 2 DAGs
[2023-09-14T16:12:33.408+0000] {logging_mixin.py:149} INFO - [2023-09-14T16:12:33.407+0000] {dag.py:3490} INFO - Setting next_dagrun for example_xcom_args to None, run_after=None
[2023-09-14T16:12:33.441+0000] {logging_mixin.py:149} INFO - [2023-09-14T16:12:33.441+0000] {dag.py:3490} INFO - Setting next_dagrun for example_xcom_args_with_operators to None, run_after=None
[2023-09-14T16:12:33.589+0000] {processor.py:178} INFO - Processing /home/airflow/.local/lib/python3.7/site-packages/airflow/example_dags/example_xcomargs.py took 0.884 seconds
[2023-09-14T16:13:09.652+0000] {processor.py:156} INFO - Started process (PID=273) to work on /home/airflow/.local/lib/python3.7/site-packages/airflow/example_dags/example_xcomargs.py
[2023-09-14T16:13:09.657+0000] {processor.py:799} INFO - Processing file /home/airflow/.local/lib/python3.7/site-packages/airflow/example_dags/example_xcomargs.py for tasks to queue
[2023-09-14T16:13:09.660+0000] {logging_mixin.py:149} INFO - [2023-09-14T16:13:09.660+0000] {dagbag.py:541} INFO - Filling up the DagBag from /home/airflow/.local/lib/python3.7/site-packages/airflow/example_dags/example_xcomargs.py
[2023-09-14T16:13:09.695+0000] {processor.py:809} INFO - DAG(s) dict_keys(['example_xcom_args_with_operators', 'example_xcom_args']) retrieved from /home/airflow/.local/lib/python3.7/site-packages/airflow/example_dags/example_xcomargs.py
[2023-09-14T16:13:09.843+0000] {logging_mixin.py:149} INFO - [2023-09-14T16:13:09.842+0000] {dag.py:2726} INFO - Sync 2 DAGs
[2023-09-14T16:13:09.971+0000] {logging_mixin.py:149} INFO - [2023-09-14T16:13:09.970+0000] {dag.py:3490} INFO - Setting next_dagrun for example_xcom_args to None, run_after=None
[2023-09-14T16:13:09.987+0000] {logging_mixin.py:149} INFO - [2023-09-14T16:13:09.987+0000] {dag.py:3490} INFO - Setting next_dagrun for example_xcom_args_with_operators to None, run_after=None
[2023-09-14T16:13:10.084+0000] {processor.py:178} INFO - Processing /home/airflow/.local/lib/python3.7/site-packages/airflow/example_dags/example_xcomargs.py took 0.441 seconds
[2023-09-14T16:13:45.603+0000] {processor.py:156} INFO - Started process (PID=325) to work on /home/airflow/.local/lib/python3.7/site-packages/airflow/example_dags/example_xcomargs.py
[2023-09-14T16:13:45.606+0000] {processor.py:799} INFO - Processing file /home/airflow/.local/lib/python3.7/site-packages/airflow/example_dags/example_xcomargs.py for tasks to queue
[2023-09-14T16:13:45.615+0000] {logging_mixin.py:149} INFO - [2023-09-14T16:13:45.613+0000] {dagbag.py:541} INFO - Filling up the DagBag from /home/airflow/.local/lib/python3.7/site-packages/airflow/example_dags/example_xcomargs.py
[2023-09-14T16:13:45.659+0000] {processor.py:809} INFO - DAG(s) dict_keys(['example_xcom_args_with_operators', 'example_xcom_args']) retrieved from /home/airflow/.local/lib/python3.7/site-packages/airflow/example_dags/example_xcomargs.py
[2023-09-14T16:13:45.805+0000] {logging_mixin.py:149} INFO - [2023-09-14T16:13:45.804+0000] {dag.py:2726} INFO - Sync 2 DAGs
[2023-09-14T16:13:46.008+0000] {logging_mixin.py:149} INFO - [2023-09-14T16:13:46.007+0000] {dag.py:3490} INFO - Setting next_dagrun for example_xcom_args to None, run_after=None
[2023-09-14T16:13:46.030+0000] {logging_mixin.py:149} INFO - [2023-09-14T16:13:46.030+0000] {dag.py:3490} INFO - Setting next_dagrun for example_xcom_args_with_operators to None, run_after=None
[2023-09-14T16:13:46.138+0000] {processor.py:178} INFO - Processing /home/airflow/.local/lib/python3.7/site-packages/airflow/example_dags/example_xcomargs.py took 0.552 seconds
[2023-09-14T16:14:20.560+0000] {processor.py:156} INFO - Started process (PID=386) to work on /home/airflow/.local/lib/python3.7/site-packages/airflow/example_dags/example_xcomargs.py
[2023-09-14T16:14:20.564+0000] {processor.py:799} INFO - Processing file /home/airflow/.local/lib/python3.7/site-packages/airflow/example_dags/example_xcomargs.py for tasks to queue
[2023-09-14T16:14:20.567+0000] {logging_mixin.py:149} INFO - [2023-09-14T16:14:20.566+0000] {dagbag.py:541} INFO - Filling up the DagBag from /home/airflow/.local/lib/python3.7/site-packages/airflow/example_dags/example_xcomargs.py
[2023-09-14T16:14:20.591+0000] {processor.py:809} INFO - DAG(s) dict_keys(['example_xcom_args', 'example_xcom_args_with_operators']) retrieved from /home/airflow/.local/lib/python3.7/site-packages/airflow/example_dags/example_xcomargs.py
[2023-09-14T16:14:20.691+0000] {logging_mixin.py:149} INFO - [2023-09-14T16:14:20.690+0000] {dag.py:2726} INFO - Sync 2 DAGs
[2023-09-14T16:14:20.789+0000] {logging_mixin.py:149} INFO - [2023-09-14T16:14:20.788+0000] {dag.py:3490} INFO - Setting next_dagrun for example_xcom_args to None, run_after=None
[2023-09-14T16:14:20.806+0000] {logging_mixin.py:149} INFO - [2023-09-14T16:14:20.806+0000] {dag.py:3490} INFO - Setting next_dagrun for example_xcom_args_with_operators to None, run_after=None
[2023-09-14T16:14:20.858+0000] {processor.py:178} INFO - Processing /home/airflow/.local/lib/python3.7/site-packages/airflow/example_dags/example_xcomargs.py took 0.306 seconds
[2023-09-14T16:14:51.008+0000] {processor.py:156} INFO - Started process (PID=448) to work on /home/airflow/.local/lib/python3.7/site-packages/airflow/example_dags/example_xcomargs.py
[2023-09-14T16:14:51.012+0000] {processor.py:799} INFO - Processing file /home/airflow/.local/lib/python3.7/site-packages/airflow/example_dags/example_xcomargs.py for tasks to queue
[2023-09-14T16:14:51.014+0000] {logging_mixin.py:149} INFO - [2023-09-14T16:14:51.014+0000] {dagbag.py:541} INFO - Filling up the DagBag from /home/airflow/.local/lib/python3.7/site-packages/airflow/example_dags/example_xcomargs.py
[2023-09-14T16:14:51.040+0000] {processor.py:809} INFO - DAG(s) dict_keys(['example_xcom_args', 'example_xcom_args_with_operators']) retrieved from /home/airflow/.local/lib/python3.7/site-packages/airflow/example_dags/example_xcomargs.py
[2023-09-14T16:14:51.123+0000] {logging_mixin.py:149} INFO - [2023-09-14T16:14:51.122+0000] {dag.py:2726} INFO - Sync 2 DAGs
[2023-09-14T16:14:51.190+0000] {logging_mixin.py:149} INFO - [2023-09-14T16:14:51.189+0000] {dag.py:3490} INFO - Setting next_dagrun for example_xcom_args to None, run_after=None
[2023-09-14T16:14:51.201+0000] {logging_mixin.py:149} INFO - [2023-09-14T16:14:51.201+0000] {dag.py:3490} INFO - Setting next_dagrun for example_xcom_args_with_operators to None, run_after=None
[2023-09-14T16:14:51.252+0000] {processor.py:178} INFO - Processing /home/airflow/.local/lib/python3.7/site-packages/airflow/example_dags/example_xcomargs.py took 0.257 seconds
[2023-09-14T16:15:21.656+0000] {processor.py:156} INFO - Started process (PID=509) to work on /home/airflow/.local/lib/python3.7/site-packages/airflow/example_dags/example_xcomargs.py
[2023-09-14T16:15:21.659+0000] {processor.py:799} INFO - Processing file /home/airflow/.local/lib/python3.7/site-packages/airflow/example_dags/example_xcomargs.py for tasks to queue
[2023-09-14T16:15:21.661+0000] {logging_mixin.py:149} INFO - [2023-09-14T16:15:21.660+0000] {dagbag.py:541} INFO - Filling up the DagBag from /home/airflow/.local/lib/python3.7/site-packages/airflow/example_dags/example_xcomargs.py
[2023-09-14T16:15:21.682+0000] {processor.py:809} INFO - DAG(s) dict_keys(['example_xcom_args_with_operators', 'example_xcom_args']) retrieved from /home/airflow/.local/lib/python3.7/site-packages/airflow/example_dags/example_xcomargs.py
[2023-09-14T16:15:21.759+0000] {logging_mixin.py:149} INFO - [2023-09-14T16:15:21.759+0000] {dag.py:2726} INFO - Sync 2 DAGs
[2023-09-14T16:15:21.828+0000] {logging_mixin.py:149} INFO - [2023-09-14T16:15:21.828+0000] {dag.py:3490} INFO - Setting next_dagrun for example_xcom_args to None, run_after=None
[2023-09-14T16:15:21.839+0000] {logging_mixin.py:149} INFO - [2023-09-14T16:15:21.838+0000] {dag.py:3490} INFO - Setting next_dagrun for example_xcom_args_with_operators to None, run_after=None
[2023-09-14T16:15:21.903+0000] {processor.py:178} INFO - Processing /home/airflow/.local/lib/python3.7/site-packages/airflow/example_dags/example_xcomargs.py took 0.254 seconds
[2023-09-14T16:15:52.573+0000] {processor.py:156} INFO - Started process (PID=570) to work on /home/airflow/.local/lib/python3.7/site-packages/airflow/example_dags/example_xcomargs.py
[2023-09-14T16:15:52.576+0000] {processor.py:799} INFO - Processing file /home/airflow/.local/lib/python3.7/site-packages/airflow/example_dags/example_xcomargs.py for tasks to queue
[2023-09-14T16:15:52.581+0000] {logging_mixin.py:149} INFO - [2023-09-14T16:15:52.580+0000] {dagbag.py:541} INFO - Filling up the DagBag from /home/airflow/.local/lib/python3.7/site-packages/airflow/example_dags/example_xcomargs.py
[2023-09-14T16:15:52.610+0000] {processor.py:809} INFO - DAG(s) dict_keys(['example_xcom_args', 'example_xcom_args_with_operators']) retrieved from /home/airflow/.local/lib/python3.7/site-packages/airflow/example_dags/example_xcomargs.py
[2023-09-14T16:15:52.675+0000] {logging_mixin.py:149} INFO - [2023-09-14T16:15:52.675+0000] {dag.py:2726} INFO - Sync 2 DAGs
[2023-09-14T16:15:52.726+0000] {logging_mixin.py:149} INFO - [2023-09-14T16:15:52.726+0000] {dag.py:3490} INFO - Setting next_dagrun for example_xcom_args to None, run_after=None
[2023-09-14T16:15:52.734+0000] {logging_mixin.py:149} INFO - [2023-09-14T16:15:52.734+0000] {dag.py:3490} INFO - Setting next_dagrun for example_xcom_args_with_operators to None, run_after=None
[2023-09-14T16:15:52.805+0000] {processor.py:178} INFO - Processing /home/airflow/.local/lib/python3.7/site-packages/airflow/example_dags/example_xcomargs.py took 0.240 seconds
[2023-09-14T16:16:22.928+0000] {processor.py:156} INFO - Started process (PID=631) to work on /home/airflow/.local/lib/python3.7/site-packages/airflow/example_dags/example_xcomargs.py
[2023-09-14T16:16:22.932+0000] {processor.py:799} INFO - Processing file /home/airflow/.local/lib/python3.7/site-packages/airflow/example_dags/example_xcomargs.py for tasks to queue
[2023-09-14T16:16:22.935+0000] {logging_mixin.py:149} INFO - [2023-09-14T16:16:22.934+0000] {dagbag.py:541} INFO - Filling up the DagBag from /home/airflow/.local/lib/python3.7/site-packages/airflow/example_dags/example_xcomargs.py
[2023-09-14T16:16:22.956+0000] {processor.py:809} INFO - DAG(s) dict_keys(['example_xcom_args', 'example_xcom_args_with_operators']) retrieved from /home/airflow/.local/lib/python3.7/site-packages/airflow/example_dags/example_xcomargs.py
[2023-09-14T16:16:23.018+0000] {logging_mixin.py:149} INFO - [2023-09-14T16:16:23.018+0000] {dag.py:2726} INFO - Sync 2 DAGs
[2023-09-14T16:16:23.076+0000] {logging_mixin.py:149} INFO - [2023-09-14T16:16:23.076+0000] {dag.py:3490} INFO - Setting next_dagrun for example_xcom_args to None, run_after=None
[2023-09-14T16:16:23.086+0000] {logging_mixin.py:149} INFO - [2023-09-14T16:16:23.085+0000] {dag.py:3490} INFO - Setting next_dagrun for example_xcom_args_with_operators to None, run_after=None
[2023-09-14T16:16:23.148+0000] {processor.py:178} INFO - Processing /home/airflow/.local/lib/python3.7/site-packages/airflow/example_dags/example_xcomargs.py took 0.231 seconds
[2023-09-14T16:16:53.792+0000] {processor.py:156} INFO - Started process (PID=692) to work on /home/airflow/.local/lib/python3.7/site-packages/airflow/example_dags/example_xcomargs.py
[2023-09-14T16:16:53.795+0000] {processor.py:799} INFO - Processing file /home/airflow/.local/lib/python3.7/site-packages/airflow/example_dags/example_xcomargs.py for tasks to queue
[2023-09-14T16:16:53.797+0000] {logging_mixin.py:149} INFO - [2023-09-14T16:16:53.797+0000] {dagbag.py:541} INFO - Filling up the DagBag from /home/airflow/.local/lib/python3.7/site-packages/airflow/example_dags/example_xcomargs.py
[2023-09-14T16:16:53.810+0000] {processor.py:809} INFO - DAG(s) dict_keys(['example_xcom_args_with_operators', 'example_xcom_args']) retrieved from /home/airflow/.local/lib/python3.7/site-packages/airflow/example_dags/example_xcomargs.py
[2023-09-14T16:16:53.866+0000] {logging_mixin.py:149} INFO - [2023-09-14T16:16:53.866+0000] {dag.py:2726} INFO - Sync 2 DAGs
[2023-09-14T16:16:53.938+0000] {logging_mixin.py:149} INFO - [2023-09-14T16:16:53.937+0000] {dag.py:3490} INFO - Setting next_dagrun for example_xcom_args to None, run_after=None
[2023-09-14T16:16:53.950+0000] {logging_mixin.py:149} INFO - [2023-09-14T16:16:53.948+0000] {dag.py:3490} INFO - Setting next_dagrun for example_xcom_args_with_operators to None, run_after=None
[2023-09-14T16:16:54.017+0000] {processor.py:178} INFO - Processing /home/airflow/.local/lib/python3.7/site-packages/airflow/example_dags/example_xcomargs.py took 0.232 seconds
[2023-09-14T16:35:59.583+0000] {processor.py:156} INFO - Started process (PID=61) to work on /home/airflow/.local/lib/python3.7/site-packages/airflow/example_dags/example_xcomargs.py
[2023-09-14T16:35:59.598+0000] {processor.py:799} INFO - Processing file /home/airflow/.local/lib/python3.7/site-packages/airflow/example_dags/example_xcomargs.py for tasks to queue
[2023-09-14T16:35:59.615+0000] {logging_mixin.py:149} INFO - [2023-09-14T16:35:59.614+0000] {dagbag.py:541} INFO - Filling up the DagBag from /home/airflow/.local/lib/python3.7/site-packages/airflow/example_dags/example_xcomargs.py
[2023-09-14T16:35:59.705+0000] {processor.py:809} INFO - DAG(s) dict_keys(['example_xcom_args', 'example_xcom_args_with_operators']) retrieved from /home/airflow/.local/lib/python3.7/site-packages/airflow/example_dags/example_xcomargs.py
[2023-09-14T16:36:00.697+0000] {logging_mixin.py:149} INFO - [2023-09-14T16:36:00.696+0000] {dag.py:2726} INFO - Sync 2 DAGs
[2023-09-14T16:36:01.047+0000] {logging_mixin.py:149} INFO - [2023-09-14T16:36:01.046+0000] {dag.py:3490} INFO - Setting next_dagrun for example_xcom_args to None, run_after=None
[2023-09-14T16:36:01.071+0000] {logging_mixin.py:149} INFO - [2023-09-14T16:36:01.071+0000] {dag.py:3490} INFO - Setting next_dagrun for example_xcom_args_with_operators to None, run_after=None
[2023-09-14T16:36:01.160+0000] {processor.py:178} INFO - Processing /home/airflow/.local/lib/python3.7/site-packages/airflow/example_dags/example_xcomargs.py took 1.681 seconds
[2023-09-14T16:36:36.949+0000] {processor.py:156} INFO - Started process (PID=129) to work on /home/airflow/.local/lib/python3.7/site-packages/airflow/example_dags/example_xcomargs.py
[2023-09-14T16:36:36.954+0000] {processor.py:799} INFO - Processing file /home/airflow/.local/lib/python3.7/site-packages/airflow/example_dags/example_xcomargs.py for tasks to queue
[2023-09-14T16:36:36.962+0000] {logging_mixin.py:149} INFO - [2023-09-14T16:36:36.961+0000] {dagbag.py:541} INFO - Filling up the DagBag from /home/airflow/.local/lib/python3.7/site-packages/airflow/example_dags/example_xcomargs.py
[2023-09-14T16:36:36.987+0000] {processor.py:809} INFO - DAG(s) dict_keys(['example_xcom_args', 'example_xcom_args_with_operators']) retrieved from /home/airflow/.local/lib/python3.7/site-packages/airflow/example_dags/example_xcomargs.py
[2023-09-14T16:36:37.087+0000] {logging_mixin.py:149} INFO - [2023-09-14T16:36:37.086+0000] {dag.py:2726} INFO - Sync 2 DAGs
[2023-09-14T16:36:37.422+0000] {logging_mixin.py:149} INFO - [2023-09-14T16:36:37.422+0000] {dag.py:3490} INFO - Setting next_dagrun for example_xcom_args to None, run_after=None
[2023-09-14T16:36:37.434+0000] {logging_mixin.py:149} INFO - [2023-09-14T16:36:37.434+0000] {dag.py:3490} INFO - Setting next_dagrun for example_xcom_args_with_operators to None, run_after=None
[2023-09-14T16:36:37.489+0000] {processor.py:178} INFO - Processing /home/airflow/.local/lib/python3.7/site-packages/airflow/example_dags/example_xcomargs.py took 0.547 seconds
[2023-09-14T16:38:52.652+0000] {processor.py:156} INFO - Started process (PID=61) to work on /home/airflow/.local/lib/python3.7/site-packages/airflow/example_dags/example_xcomargs.py
[2023-09-14T16:38:52.689+0000] {processor.py:799} INFO - Processing file /home/airflow/.local/lib/python3.7/site-packages/airflow/example_dags/example_xcomargs.py for tasks to queue
[2023-09-14T16:38:52.728+0000] {logging_mixin.py:149} INFO - [2023-09-14T16:38:52.725+0000] {dagbag.py:541} INFO - Filling up the DagBag from /home/airflow/.local/lib/python3.7/site-packages/airflow/example_dags/example_xcomargs.py
[2023-09-14T16:38:52.875+0000] {processor.py:809} INFO - DAG(s) dict_keys(['example_xcom_args_with_operators', 'example_xcom_args']) retrieved from /home/airflow/.local/lib/python3.7/site-packages/airflow/example_dags/example_xcomargs.py
[2023-09-14T16:38:53.271+0000] {logging_mixin.py:149} INFO - [2023-09-14T16:38:53.270+0000] {dag.py:2726} INFO - Sync 2 DAGs
[2023-09-14T16:39:00.636+0000] {logging_mixin.py:149} INFO - [2023-09-14T16:39:00.619+0000] {dag.py:3490} INFO - Setting next_dagrun for example_xcom_args to None, run_after=None
[2023-09-14T16:39:00.706+0000] {logging_mixin.py:149} INFO - [2023-09-14T16:39:00.705+0000] {dag.py:3490} INFO - Setting next_dagrun for example_xcom_args_with_operators to None, run_after=None
[2023-09-14T16:39:01.091+0000] {processor.py:178} INFO - Processing /home/airflow/.local/lib/python3.7/site-packages/airflow/example_dags/example_xcomargs.py took 8.950 seconds
[2023-09-14T16:39:39.788+0000] {processor.py:156} INFO - Started process (PID=121) to work on /home/airflow/.local/lib/python3.7/site-packages/airflow/example_dags/example_xcomargs.py
[2023-09-14T16:39:39.792+0000] {processor.py:799} INFO - Processing file /home/airflow/.local/lib/python3.7/site-packages/airflow/example_dags/example_xcomargs.py for tasks to queue
[2023-09-14T16:39:39.796+0000] {logging_mixin.py:149} INFO - [2023-09-14T16:39:39.795+0000] {dagbag.py:541} INFO - Filling up the DagBag from /home/airflow/.local/lib/python3.7/site-packages/airflow/example_dags/example_xcomargs.py
[2023-09-14T16:39:39.822+0000] {processor.py:809} INFO - DAG(s) dict_keys(['example_xcom_args_with_operators', 'example_xcom_args']) retrieved from /home/airflow/.local/lib/python3.7/site-packages/airflow/example_dags/example_xcomargs.py
[2023-09-14T16:39:39.889+0000] {logging_mixin.py:149} INFO - [2023-09-14T16:39:39.889+0000] {dag.py:2726} INFO - Sync 2 DAGs
[2023-09-14T16:39:40.185+0000] {logging_mixin.py:149} INFO - [2023-09-14T16:39:40.185+0000] {dag.py:3490} INFO - Setting next_dagrun for example_xcom_args to None, run_after=None
[2023-09-14T16:39:40.207+0000] {logging_mixin.py:149} INFO - [2023-09-14T16:39:40.207+0000] {dag.py:3490} INFO - Setting next_dagrun for example_xcom_args_with_operators to None, run_after=None
[2023-09-14T16:39:40.292+0000] {processor.py:178} INFO - Processing /home/airflow/.local/lib/python3.7/site-packages/airflow/example_dags/example_xcomargs.py took 0.514 seconds
[2023-09-14T16:40:14.219+0000] {processor.py:156} INFO - Started process (PID=189) to work on /home/airflow/.local/lib/python3.7/site-packages/airflow/example_dags/example_xcomargs.py
[2023-09-14T16:40:14.221+0000] {processor.py:799} INFO - Processing file /home/airflow/.local/lib/python3.7/site-packages/airflow/example_dags/example_xcomargs.py for tasks to queue
[2023-09-14T16:40:14.227+0000] {logging_mixin.py:149} INFO - [2023-09-14T16:40:14.224+0000] {dagbag.py:541} INFO - Filling up the DagBag from /home/airflow/.local/lib/python3.7/site-packages/airflow/example_dags/example_xcomargs.py
[2023-09-14T16:40:14.470+0000] {processor.py:809} INFO - DAG(s) dict_keys(['example_xcom_args', 'example_xcom_args_with_operators']) retrieved from /home/airflow/.local/lib/python3.7/site-packages/airflow/example_dags/example_xcomargs.py
[2023-09-14T16:40:14.529+0000] {logging_mixin.py:149} INFO - [2023-09-14T16:40:14.529+0000] {dag.py:2726} INFO - Sync 2 DAGs
[2023-09-14T16:40:14.592+0000] {logging_mixin.py:149} INFO - [2023-09-14T16:40:14.592+0000] {dag.py:3490} INFO - Setting next_dagrun for example_xcom_args to None, run_after=None
[2023-09-14T16:40:14.602+0000] {logging_mixin.py:149} INFO - [2023-09-14T16:40:14.602+0000] {dag.py:3490} INFO - Setting next_dagrun for example_xcom_args_with_operators to None, run_after=None
[2023-09-14T16:40:14.659+0000] {processor.py:178} INFO - Processing /home/airflow/.local/lib/python3.7/site-packages/airflow/example_dags/example_xcomargs.py took 0.446 seconds
[2023-09-14T16:40:45.074+0000] {processor.py:156} INFO - Started process (PID=250) to work on /home/airflow/.local/lib/python3.7/site-packages/airflow/example_dags/example_xcomargs.py
[2023-09-14T16:40:45.077+0000] {processor.py:799} INFO - Processing file /home/airflow/.local/lib/python3.7/site-packages/airflow/example_dags/example_xcomargs.py for tasks to queue
[2023-09-14T16:40:45.080+0000] {logging_mixin.py:149} INFO - [2023-09-14T16:40:45.079+0000] {dagbag.py:541} INFO - Filling up the DagBag from /home/airflow/.local/lib/python3.7/site-packages/airflow/example_dags/example_xcomargs.py
[2023-09-14T16:40:45.099+0000] {processor.py:809} INFO - DAG(s) dict_keys(['example_xcom_args_with_operators', 'example_xcom_args']) retrieved from /home/airflow/.local/lib/python3.7/site-packages/airflow/example_dags/example_xcomargs.py
[2023-09-14T16:40:45.184+0000] {logging_mixin.py:149} INFO - [2023-09-14T16:40:45.183+0000] {dag.py:2726} INFO - Sync 2 DAGs
[2023-09-14T16:40:45.251+0000] {logging_mixin.py:149} INFO - [2023-09-14T16:40:45.251+0000] {dag.py:3490} INFO - Setting next_dagrun for example_xcom_args to None, run_after=None
[2023-09-14T16:40:45.264+0000] {logging_mixin.py:149} INFO - [2023-09-14T16:40:45.264+0000] {dag.py:3490} INFO - Setting next_dagrun for example_xcom_args_with_operators to None, run_after=None
[2023-09-14T16:40:45.351+0000] {processor.py:178} INFO - Processing /home/airflow/.local/lib/python3.7/site-packages/airflow/example_dags/example_xcomargs.py took 0.284 seconds
[2023-09-14T16:41:15.594+0000] {processor.py:156} INFO - Started process (PID=311) to work on /home/airflow/.local/lib/python3.7/site-packages/airflow/example_dags/example_xcomargs.py
[2023-09-14T16:41:15.596+0000] {processor.py:799} INFO - Processing file /home/airflow/.local/lib/python3.7/site-packages/airflow/example_dags/example_xcomargs.py for tasks to queue
[2023-09-14T16:41:15.599+0000] {logging_mixin.py:149} INFO - [2023-09-14T16:41:15.598+0000] {dagbag.py:541} INFO - Filling up the DagBag from /home/airflow/.local/lib/python3.7/site-packages/airflow/example_dags/example_xcomargs.py
[2023-09-14T16:41:15.617+0000] {processor.py:809} INFO - DAG(s) dict_keys(['example_xcom_args_with_operators', 'example_xcom_args']) retrieved from /home/airflow/.local/lib/python3.7/site-packages/airflow/example_dags/example_xcomargs.py
[2023-09-14T16:41:15.676+0000] {logging_mixin.py:149} INFO - [2023-09-14T16:41:15.676+0000] {dag.py:2726} INFO - Sync 2 DAGs
[2023-09-14T16:41:15.745+0000] {logging_mixin.py:149} INFO - [2023-09-14T16:41:15.745+0000] {dag.py:3490} INFO - Setting next_dagrun for example_xcom_args to None, run_after=None
[2023-09-14T16:41:15.754+0000] {logging_mixin.py:149} INFO - [2023-09-14T16:41:15.753+0000] {dag.py:3490} INFO - Setting next_dagrun for example_xcom_args_with_operators to None, run_after=None
[2023-09-14T16:41:15.812+0000] {processor.py:178} INFO - Processing /home/airflow/.local/lib/python3.7/site-packages/airflow/example_dags/example_xcomargs.py took 0.224 seconds
[2023-09-14T16:41:46.488+0000] {processor.py:156} INFO - Started process (PID=372) to work on /home/airflow/.local/lib/python3.7/site-packages/airflow/example_dags/example_xcomargs.py
[2023-09-14T16:41:46.491+0000] {processor.py:799} INFO - Processing file /home/airflow/.local/lib/python3.7/site-packages/airflow/example_dags/example_xcomargs.py for tasks to queue
[2023-09-14T16:41:46.496+0000] {logging_mixin.py:149} INFO - [2023-09-14T16:41:46.495+0000] {dagbag.py:541} INFO - Filling up the DagBag from /home/airflow/.local/lib/python3.7/site-packages/airflow/example_dags/example_xcomargs.py
[2023-09-14T16:41:46.512+0000] {processor.py:809} INFO - DAG(s) dict_keys(['example_xcom_args', 'example_xcom_args_with_operators']) retrieved from /home/airflow/.local/lib/python3.7/site-packages/airflow/example_dags/example_xcomargs.py
[2023-09-14T16:41:46.567+0000] {logging_mixin.py:149} INFO - [2023-09-14T16:41:46.567+0000] {dag.py:2726} INFO - Sync 2 DAGs
[2023-09-14T16:41:46.614+0000] {logging_mixin.py:149} INFO - [2023-09-14T16:41:46.614+0000] {dag.py:3490} INFO - Setting next_dagrun for example_xcom_args to None, run_after=None
[2023-09-14T16:41:46.620+0000] {logging_mixin.py:149} INFO - [2023-09-14T16:41:46.620+0000] {dag.py:3490} INFO - Setting next_dagrun for example_xcom_args_with_operators to None, run_after=None
[2023-09-14T16:41:46.646+0000] {processor.py:178} INFO - Processing /home/airflow/.local/lib/python3.7/site-packages/airflow/example_dags/example_xcomargs.py took 0.166 seconds
[2023-09-14T16:42:17.807+0000] {processor.py:156} INFO - Started process (PID=433) to work on /home/airflow/.local/lib/python3.7/site-packages/airflow/example_dags/example_xcomargs.py
[2023-09-14T16:42:17.811+0000] {processor.py:799} INFO - Processing file /home/airflow/.local/lib/python3.7/site-packages/airflow/example_dags/example_xcomargs.py for tasks to queue
[2023-09-14T16:42:17.815+0000] {logging_mixin.py:149} INFO - [2023-09-14T16:42:17.815+0000] {dagbag.py:541} INFO - Filling up the DagBag from /home/airflow/.local/lib/python3.7/site-packages/airflow/example_dags/example_xcomargs.py
[2023-09-14T16:42:17.848+0000] {processor.py:809} INFO - DAG(s) dict_keys(['example_xcom_args_with_operators', 'example_xcom_args']) retrieved from /home/airflow/.local/lib/python3.7/site-packages/airflow/example_dags/example_xcomargs.py
[2023-09-14T16:42:17.968+0000] {logging_mixin.py:149} INFO - [2023-09-14T16:42:17.968+0000] {dag.py:2726} INFO - Sync 2 DAGs
[2023-09-14T16:42:18.045+0000] {logging_mixin.py:149} INFO - [2023-09-14T16:42:18.045+0000] {dag.py:3490} INFO - Setting next_dagrun for example_xcom_args to None, run_after=None
[2023-09-14T16:42:18.058+0000] {logging_mixin.py:149} INFO - [2023-09-14T16:42:18.057+0000] {dag.py:3490} INFO - Setting next_dagrun for example_xcom_args_with_operators to None, run_after=None
[2023-09-14T16:42:18.177+0000] {processor.py:178} INFO - Processing /home/airflow/.local/lib/python3.7/site-packages/airflow/example_dags/example_xcomargs.py took 0.383 seconds
[2023-09-14T16:42:49.034+0000] {processor.py:156} INFO - Started process (PID=495) to work on /home/airflow/.local/lib/python3.7/site-packages/airflow/example_dags/example_xcomargs.py
[2023-09-14T16:42:49.043+0000] {processor.py:799} INFO - Processing file /home/airflow/.local/lib/python3.7/site-packages/airflow/example_dags/example_xcomargs.py for tasks to queue
[2023-09-14T16:42:49.048+0000] {logging_mixin.py:149} INFO - [2023-09-14T16:42:49.048+0000] {dagbag.py:541} INFO - Filling up the DagBag from /home/airflow/.local/lib/python3.7/site-packages/airflow/example_dags/example_xcomargs.py
[2023-09-14T16:42:49.117+0000] {processor.py:809} INFO - DAG(s) dict_keys(['example_xcom_args', 'example_xcom_args_with_operators']) retrieved from /home/airflow/.local/lib/python3.7/site-packages/airflow/example_dags/example_xcomargs.py
[2023-09-14T16:42:49.262+0000] {logging_mixin.py:149} INFO - [2023-09-14T16:42:49.261+0000] {dag.py:2726} INFO - Sync 2 DAGs
[2023-09-14T16:42:49.383+0000] {logging_mixin.py:149} INFO - [2023-09-14T16:42:49.383+0000] {dag.py:3490} INFO - Setting next_dagrun for example_xcom_args to None, run_after=None
[2023-09-14T16:42:49.396+0000] {logging_mixin.py:149} INFO - [2023-09-14T16:42:49.395+0000] {dag.py:3490} INFO - Setting next_dagrun for example_xcom_args_with_operators to None, run_after=None
[2023-09-14T16:42:49.497+0000] {processor.py:178} INFO - Processing /home/airflow/.local/lib/python3.7/site-packages/airflow/example_dags/example_xcomargs.py took 0.469 seconds
[2023-09-14T16:43:19.845+0000] {processor.py:156} INFO - Started process (PID=556) to work on /home/airflow/.local/lib/python3.7/site-packages/airflow/example_dags/example_xcomargs.py
[2023-09-14T16:43:19.847+0000] {processor.py:799} INFO - Processing file /home/airflow/.local/lib/python3.7/site-packages/airflow/example_dags/example_xcomargs.py for tasks to queue
[2023-09-14T16:43:19.850+0000] {logging_mixin.py:149} INFO - [2023-09-14T16:43:19.849+0000] {dagbag.py:541} INFO - Filling up the DagBag from /home/airflow/.local/lib/python3.7/site-packages/airflow/example_dags/example_xcomargs.py
[2023-09-14T16:43:19.869+0000] {processor.py:809} INFO - DAG(s) dict_keys(['example_xcom_args_with_operators', 'example_xcom_args']) retrieved from /home/airflow/.local/lib/python3.7/site-packages/airflow/example_dags/example_xcomargs.py
[2023-09-14T16:43:19.928+0000] {logging_mixin.py:149} INFO - [2023-09-14T16:43:19.928+0000] {dag.py:2726} INFO - Sync 2 DAGs
[2023-09-14T16:43:19.981+0000] {logging_mixin.py:149} INFO - [2023-09-14T16:43:19.980+0000] {dag.py:3490} INFO - Setting next_dagrun for example_xcom_args to None, run_after=None
[2023-09-14T16:43:19.988+0000] {logging_mixin.py:149} INFO - [2023-09-14T16:43:19.988+0000] {dag.py:3490} INFO - Setting next_dagrun for example_xcom_args_with_operators to None, run_after=None
[2023-09-14T16:43:20.043+0000] {processor.py:178} INFO - Processing /home/airflow/.local/lib/python3.7/site-packages/airflow/example_dags/example_xcomargs.py took 0.204 seconds
[2023-09-14T16:43:50.819+0000] {processor.py:156} INFO - Started process (PID=617) to work on /home/airflow/.local/lib/python3.7/site-packages/airflow/example_dags/example_xcomargs.py
[2023-09-14T16:43:50.827+0000] {processor.py:799} INFO - Processing file /home/airflow/.local/lib/python3.7/site-packages/airflow/example_dags/example_xcomargs.py for tasks to queue
[2023-09-14T16:43:50.831+0000] {logging_mixin.py:149} INFO - [2023-09-14T16:43:50.831+0000] {dagbag.py:541} INFO - Filling up the DagBag from /home/airflow/.local/lib/python3.7/site-packages/airflow/example_dags/example_xcomargs.py
[2023-09-14T16:43:50.855+0000] {processor.py:809} INFO - DAG(s) dict_keys(['example_xcom_args', 'example_xcom_args_with_operators']) retrieved from /home/airflow/.local/lib/python3.7/site-packages/airflow/example_dags/example_xcomargs.py
[2023-09-14T16:43:50.928+0000] {logging_mixin.py:149} INFO - [2023-09-14T16:43:50.927+0000] {dag.py:2726} INFO - Sync 2 DAGs
[2023-09-14T16:43:50.991+0000] {logging_mixin.py:149} INFO - [2023-09-14T16:43:50.991+0000] {dag.py:3490} INFO - Setting next_dagrun for example_xcom_args to None, run_after=None
[2023-09-14T16:43:51.000+0000] {logging_mixin.py:149} INFO - [2023-09-14T16:43:51.000+0000] {dag.py:3490} INFO - Setting next_dagrun for example_xcom_args_with_operators to None, run_after=None
[2023-09-14T16:43:51.046+0000] {processor.py:178} INFO - Processing /home/airflow/.local/lib/python3.7/site-packages/airflow/example_dags/example_xcomargs.py took 0.236 seconds
[2023-09-14T16:44:22.238+0000] {processor.py:156} INFO - Started process (PID=679) to work on /home/airflow/.local/lib/python3.7/site-packages/airflow/example_dags/example_xcomargs.py
[2023-09-14T16:44:22.241+0000] {processor.py:799} INFO - Processing file /home/airflow/.local/lib/python3.7/site-packages/airflow/example_dags/example_xcomargs.py for tasks to queue
[2023-09-14T16:44:22.245+0000] {logging_mixin.py:149} INFO - [2023-09-14T16:44:22.244+0000] {dagbag.py:541} INFO - Filling up the DagBag from /home/airflow/.local/lib/python3.7/site-packages/airflow/example_dags/example_xcomargs.py
[2023-09-14T16:44:22.292+0000] {processor.py:809} INFO - DAG(s) dict_keys(['example_xcom_args_with_operators', 'example_xcom_args']) retrieved from /home/airflow/.local/lib/python3.7/site-packages/airflow/example_dags/example_xcomargs.py
[2023-09-14T16:44:22.379+0000] {logging_mixin.py:149} INFO - [2023-09-14T16:44:22.379+0000] {dag.py:2726} INFO - Sync 2 DAGs
[2023-09-14T16:44:22.431+0000] {logging_mixin.py:149} INFO - [2023-09-14T16:44:22.431+0000] {dag.py:3490} INFO - Setting next_dagrun for example_xcom_args to None, run_after=None
[2023-09-14T16:44:22.441+0000] {logging_mixin.py:149} INFO - [2023-09-14T16:44:22.440+0000] {dag.py:3490} INFO - Setting next_dagrun for example_xcom_args_with_operators to None, run_after=None
[2023-09-14T16:44:22.501+0000] {processor.py:178} INFO - Processing /home/airflow/.local/lib/python3.7/site-packages/airflow/example_dags/example_xcomargs.py took 0.269 seconds
[2023-09-14T16:44:56.495+0000] {processor.py:156} INFO - Started process (PID=740) to work on /home/airflow/.local/lib/python3.7/site-packages/airflow/example_dags/example_xcomargs.py
[2023-09-14T16:44:56.498+0000] {processor.py:799} INFO - Processing file /home/airflow/.local/lib/python3.7/site-packages/airflow/example_dags/example_xcomargs.py for tasks to queue
[2023-09-14T16:44:56.500+0000] {logging_mixin.py:149} INFO - [2023-09-14T16:44:56.500+0000] {dagbag.py:541} INFO - Filling up the DagBag from /home/airflow/.local/lib/python3.7/site-packages/airflow/example_dags/example_xcomargs.py
[2023-09-14T16:44:56.526+0000] {processor.py:809} INFO - DAG(s) dict_keys(['example_xcom_args', 'example_xcom_args_with_operators']) retrieved from /home/airflow/.local/lib/python3.7/site-packages/airflow/example_dags/example_xcomargs.py
[2023-09-14T16:44:56.599+0000] {logging_mixin.py:149} INFO - [2023-09-14T16:44:56.599+0000] {dag.py:2726} INFO - Sync 2 DAGs
[2023-09-14T16:44:56.663+0000] {logging_mixin.py:149} INFO - [2023-09-14T16:44:56.663+0000] {dag.py:3490} INFO - Setting next_dagrun for example_xcom_args to None, run_after=None
[2023-09-14T16:44:56.674+0000] {logging_mixin.py:149} INFO - [2023-09-14T16:44:56.673+0000] {dag.py:3490} INFO - Setting next_dagrun for example_xcom_args_with_operators to None, run_after=None
[2023-09-14T16:44:56.763+0000] {processor.py:178} INFO - Processing /home/airflow/.local/lib/python3.7/site-packages/airflow/example_dags/example_xcomargs.py took 0.277 seconds
[2023-09-14T16:45:27.212+0000] {processor.py:156} INFO - Started process (PID=801) to work on /home/airflow/.local/lib/python3.7/site-packages/airflow/example_dags/example_xcomargs.py
[2023-09-14T16:45:27.215+0000] {processor.py:799} INFO - Processing file /home/airflow/.local/lib/python3.7/site-packages/airflow/example_dags/example_xcomargs.py for tasks to queue
[2023-09-14T16:45:27.218+0000] {logging_mixin.py:149} INFO - [2023-09-14T16:45:27.218+0000] {dagbag.py:541} INFO - Filling up the DagBag from /home/airflow/.local/lib/python3.7/site-packages/airflow/example_dags/example_xcomargs.py
[2023-09-14T16:45:27.237+0000] {processor.py:809} INFO - DAG(s) dict_keys(['example_xcom_args_with_operators', 'example_xcom_args']) retrieved from /home/airflow/.local/lib/python3.7/site-packages/airflow/example_dags/example_xcomargs.py
[2023-09-14T16:45:27.297+0000] {logging_mixin.py:149} INFO - [2023-09-14T16:45:27.296+0000] {dag.py:2726} INFO - Sync 2 DAGs
[2023-09-14T16:45:27.350+0000] {logging_mixin.py:149} INFO - [2023-09-14T16:45:27.350+0000] {dag.py:3490} INFO - Setting next_dagrun for example_xcom_args to None, run_after=None
[2023-09-14T16:45:27.359+0000] {logging_mixin.py:149} INFO - [2023-09-14T16:45:27.359+0000] {dag.py:3490} INFO - Setting next_dagrun for example_xcom_args_with_operators to None, run_after=None
[2023-09-14T16:45:27.438+0000] {processor.py:178} INFO - Processing /home/airflow/.local/lib/python3.7/site-packages/airflow/example_dags/example_xcomargs.py took 0.232 seconds
[2023-09-14T16:45:59.965+0000] {processor.py:156} INFO - Started process (PID=862) to work on /home/airflow/.local/lib/python3.7/site-packages/airflow/example_dags/example_xcomargs.py
[2023-09-14T16:45:59.968+0000] {processor.py:799} INFO - Processing file /home/airflow/.local/lib/python3.7/site-packages/airflow/example_dags/example_xcomargs.py for tasks to queue
[2023-09-14T16:45:59.972+0000] {logging_mixin.py:149} INFO - [2023-09-14T16:45:59.972+0000] {dagbag.py:541} INFO - Filling up the DagBag from /home/airflow/.local/lib/python3.7/site-packages/airflow/example_dags/example_xcomargs.py
[2023-09-14T16:46:00.000+0000] {processor.py:809} INFO - DAG(s) dict_keys(['example_xcom_args_with_operators', 'example_xcom_args']) retrieved from /home/airflow/.local/lib/python3.7/site-packages/airflow/example_dags/example_xcomargs.py
[2023-09-14T16:46:00.107+0000] {logging_mixin.py:149} INFO - [2023-09-14T16:46:00.107+0000] {dag.py:2726} INFO - Sync 2 DAGs
[2023-09-14T16:46:00.207+0000] {logging_mixin.py:149} INFO - [2023-09-14T16:46:00.206+0000] {dag.py:3490} INFO - Setting next_dagrun for example_xcom_args to None, run_after=None
[2023-09-14T16:46:00.222+0000] {logging_mixin.py:149} INFO - [2023-09-14T16:46:00.221+0000] {dag.py:3490} INFO - Setting next_dagrun for example_xcom_args_with_operators to None, run_after=None
[2023-09-14T16:46:00.367+0000] {processor.py:178} INFO - Processing /home/airflow/.local/lib/python3.7/site-packages/airflow/example_dags/example_xcomargs.py took 0.412 seconds
[2023-09-14T16:46:30.685+0000] {processor.py:156} INFO - Started process (PID=922) to work on /home/airflow/.local/lib/python3.7/site-packages/airflow/example_dags/example_xcomargs.py
[2023-09-14T16:46:30.688+0000] {processor.py:799} INFO - Processing file /home/airflow/.local/lib/python3.7/site-packages/airflow/example_dags/example_xcomargs.py for tasks to queue
[2023-09-14T16:46:30.691+0000] {logging_mixin.py:149} INFO - [2023-09-14T16:46:30.690+0000] {dagbag.py:541} INFO - Filling up the DagBag from /home/airflow/.local/lib/python3.7/site-packages/airflow/example_dags/example_xcomargs.py
[2023-09-14T16:46:30.712+0000] {processor.py:809} INFO - DAG(s) dict_keys(['example_xcom_args', 'example_xcom_args_with_operators']) retrieved from /home/airflow/.local/lib/python3.7/site-packages/airflow/example_dags/example_xcomargs.py
[2023-09-14T16:46:30.781+0000] {logging_mixin.py:149} INFO - [2023-09-14T16:46:30.781+0000] {dag.py:2726} INFO - Sync 2 DAGs
[2023-09-14T16:46:30.850+0000] {logging_mixin.py:149} INFO - [2023-09-14T16:46:30.850+0000] {dag.py:3490} INFO - Setting next_dagrun for example_xcom_args to None, run_after=None
[2023-09-14T16:46:30.862+0000] {logging_mixin.py:149} INFO - [2023-09-14T16:46:30.861+0000] {dag.py:3490} INFO - Setting next_dagrun for example_xcom_args_with_operators to None, run_after=None
[2023-09-14T16:46:30.906+0000] {processor.py:178} INFO - Processing /home/airflow/.local/lib/python3.7/site-packages/airflow/example_dags/example_xcomargs.py took 0.230 seconds
[2023-09-14T16:47:01.331+0000] {processor.py:156} INFO - Started process (PID=975) to work on /home/airflow/.local/lib/python3.7/site-packages/airflow/example_dags/example_xcomargs.py
[2023-09-14T16:47:01.335+0000] {processor.py:799} INFO - Processing file /home/airflow/.local/lib/python3.7/site-packages/airflow/example_dags/example_xcomargs.py for tasks to queue
[2023-09-14T16:47:01.339+0000] {logging_mixin.py:149} INFO - [2023-09-14T16:47:01.338+0000] {dagbag.py:541} INFO - Filling up the DagBag from /home/airflow/.local/lib/python3.7/site-packages/airflow/example_dags/example_xcomargs.py
[2023-09-14T16:47:01.381+0000] {processor.py:809} INFO - DAG(s) dict_keys(['example_xcom_args_with_operators', 'example_xcom_args']) retrieved from /home/airflow/.local/lib/python3.7/site-packages/airflow/example_dags/example_xcomargs.py
[2023-09-14T16:47:01.458+0000] {logging_mixin.py:149} INFO - [2023-09-14T16:47:01.458+0000] {dag.py:2726} INFO - Sync 2 DAGs
[2023-09-14T16:47:01.545+0000] {logging_mixin.py:149} INFO - [2023-09-14T16:47:01.544+0000] {dag.py:3490} INFO - Setting next_dagrun for example_xcom_args to None, run_after=None
[2023-09-14T16:47:01.558+0000] {logging_mixin.py:149} INFO - [2023-09-14T16:47:01.557+0000] {dag.py:3490} INFO - Setting next_dagrun for example_xcom_args_with_operators to None, run_after=None
[2023-09-14T16:47:01.674+0000] {processor.py:178} INFO - Processing /home/airflow/.local/lib/python3.7/site-packages/airflow/example_dags/example_xcomargs.py took 0.357 seconds
[2023-09-14T16:47:33.111+0000] {processor.py:156} INFO - Started process (PID=1036) to work on /home/airflow/.local/lib/python3.7/site-packages/airflow/example_dags/example_xcomargs.py
[2023-09-14T16:47:33.136+0000] {processor.py:799} INFO - Processing file /home/airflow/.local/lib/python3.7/site-packages/airflow/example_dags/example_xcomargs.py for tasks to queue
[2023-09-14T16:47:33.150+0000] {logging_mixin.py:149} INFO - [2023-09-14T16:47:33.149+0000] {dagbag.py:541} INFO - Filling up the DagBag from /home/airflow/.local/lib/python3.7/site-packages/airflow/example_dags/example_xcomargs.py
[2023-09-14T16:47:33.225+0000] {processor.py:809} INFO - DAG(s) dict_keys(['example_xcom_args_with_operators', 'example_xcom_args']) retrieved from /home/airflow/.local/lib/python3.7/site-packages/airflow/example_dags/example_xcomargs.py
[2023-09-14T16:47:33.442+0000] {logging_mixin.py:149} INFO - [2023-09-14T16:47:33.442+0000] {dag.py:2726} INFO - Sync 2 DAGs
[2023-09-14T16:47:33.547+0000] {logging_mixin.py:149} INFO - [2023-09-14T16:47:33.547+0000] {dag.py:3490} INFO - Setting next_dagrun for example_xcom_args to None, run_after=None
[2023-09-14T16:47:33.564+0000] {logging_mixin.py:149} INFO - [2023-09-14T16:47:33.563+0000] {dag.py:3490} INFO - Setting next_dagrun for example_xcom_args_with_operators to None, run_after=None
[2023-09-14T16:47:33.632+0000] {processor.py:178} INFO - Processing /home/airflow/.local/lib/python3.7/site-packages/airflow/example_dags/example_xcomargs.py took 0.544 seconds
[2023-09-14T16:48:04.124+0000] {processor.py:156} INFO - Started process (PID=1097) to work on /home/airflow/.local/lib/python3.7/site-packages/airflow/example_dags/example_xcomargs.py
[2023-09-14T16:48:04.128+0000] {processor.py:799} INFO - Processing file /home/airflow/.local/lib/python3.7/site-packages/airflow/example_dags/example_xcomargs.py for tasks to queue
[2023-09-14T16:48:04.132+0000] {logging_mixin.py:149} INFO - [2023-09-14T16:48:04.131+0000] {dagbag.py:541} INFO - Filling up the DagBag from /home/airflow/.local/lib/python3.7/site-packages/airflow/example_dags/example_xcomargs.py
[2023-09-14T16:48:04.171+0000] {processor.py:809} INFO - DAG(s) dict_keys(['example_xcom_args', 'example_xcom_args_with_operators']) retrieved from /home/airflow/.local/lib/python3.7/site-packages/airflow/example_dags/example_xcomargs.py
[2023-09-14T16:48:04.265+0000] {logging_mixin.py:149} INFO - [2023-09-14T16:48:04.264+0000] {dag.py:2726} INFO - Sync 2 DAGs
[2023-09-14T16:48:04.343+0000] {logging_mixin.py:149} INFO - [2023-09-14T16:48:04.342+0000] {dag.py:3490} INFO - Setting next_dagrun for example_xcom_args to None, run_after=None
[2023-09-14T16:48:04.359+0000] {logging_mixin.py:149} INFO - [2023-09-14T16:48:04.358+0000] {dag.py:3490} INFO - Setting next_dagrun for example_xcom_args_with_operators to None, run_after=None
[2023-09-14T16:48:04.417+0000] {processor.py:178} INFO - Processing /home/airflow/.local/lib/python3.7/site-packages/airflow/example_dags/example_xcomargs.py took 0.301 seconds
[2023-09-14T16:48:35.437+0000] {processor.py:156} INFO - Started process (PID=1158) to work on /home/airflow/.local/lib/python3.7/site-packages/airflow/example_dags/example_xcomargs.py
[2023-09-14T16:48:35.442+0000] {processor.py:799} INFO - Processing file /home/airflow/.local/lib/python3.7/site-packages/airflow/example_dags/example_xcomargs.py for tasks to queue
[2023-09-14T16:48:35.445+0000] {logging_mixin.py:149} INFO - [2023-09-14T16:48:35.445+0000] {dagbag.py:541} INFO - Filling up the DagBag from /home/airflow/.local/lib/python3.7/site-packages/airflow/example_dags/example_xcomargs.py
[2023-09-14T16:48:35.474+0000] {processor.py:809} INFO - DAG(s) dict_keys(['example_xcom_args_with_operators', 'example_xcom_args']) retrieved from /home/airflow/.local/lib/python3.7/site-packages/airflow/example_dags/example_xcomargs.py
[2023-09-14T16:48:35.567+0000] {logging_mixin.py:149} INFO - [2023-09-14T16:48:35.567+0000] {dag.py:2726} INFO - Sync 2 DAGs
[2023-09-14T16:48:35.644+0000] {logging_mixin.py:149} INFO - [2023-09-14T16:48:35.643+0000] {dag.py:3490} INFO - Setting next_dagrun for example_xcom_args to None, run_after=None
[2023-09-14T16:48:35.658+0000] {logging_mixin.py:149} INFO - [2023-09-14T16:48:35.656+0000] {dag.py:3490} INFO - Setting next_dagrun for example_xcom_args_with_operators to None, run_after=None
[2023-09-14T16:48:35.741+0000] {processor.py:178} INFO - Processing /home/airflow/.local/lib/python3.7/site-packages/airflow/example_dags/example_xcomargs.py took 0.318 seconds
[2023-09-14T16:49:07.415+0000] {processor.py:156} INFO - Started process (PID=1219) to work on /home/airflow/.local/lib/python3.7/site-packages/airflow/example_dags/example_xcomargs.py
[2023-09-14T16:49:07.420+0000] {processor.py:799} INFO - Processing file /home/airflow/.local/lib/python3.7/site-packages/airflow/example_dags/example_xcomargs.py for tasks to queue
[2023-09-14T16:49:07.427+0000] {logging_mixin.py:149} INFO - [2023-09-14T16:49:07.427+0000] {dagbag.py:541} INFO - Filling up the DagBag from /home/airflow/.local/lib/python3.7/site-packages/airflow/example_dags/example_xcomargs.py
[2023-09-14T16:49:07.469+0000] {processor.py:809} INFO - DAG(s) dict_keys(['example_xcom_args', 'example_xcom_args_with_operators']) retrieved from /home/airflow/.local/lib/python3.7/site-packages/airflow/example_dags/example_xcomargs.py
[2023-09-14T16:49:07.595+0000] {logging_mixin.py:149} INFO - [2023-09-14T16:49:07.594+0000] {dag.py:2726} INFO - Sync 2 DAGs
[2023-09-14T16:49:07.760+0000] {logging_mixin.py:149} INFO - [2023-09-14T16:49:07.757+0000] {dag.py:3490} INFO - Setting next_dagrun for example_xcom_args to None, run_after=None
[2023-09-14T16:49:07.790+0000] {logging_mixin.py:149} INFO - [2023-09-14T16:49:07.790+0000] {dag.py:3490} INFO - Setting next_dagrun for example_xcom_args_with_operators to None, run_after=None
[2023-09-14T16:49:07.929+0000] {processor.py:178} INFO - Processing /home/airflow/.local/lib/python3.7/site-packages/airflow/example_dags/example_xcomargs.py took 0.531 seconds
[2023-09-14T16:49:38.547+0000] {processor.py:156} INFO - Started process (PID=1280) to work on /home/airflow/.local/lib/python3.7/site-packages/airflow/example_dags/example_xcomargs.py
[2023-09-14T16:49:38.552+0000] {processor.py:799} INFO - Processing file /home/airflow/.local/lib/python3.7/site-packages/airflow/example_dags/example_xcomargs.py for tasks to queue
[2023-09-14T16:49:38.557+0000] {logging_mixin.py:149} INFO - [2023-09-14T16:49:38.556+0000] {dagbag.py:541} INFO - Filling up the DagBag from /home/airflow/.local/lib/python3.7/site-packages/airflow/example_dags/example_xcomargs.py
[2023-09-14T16:49:38.594+0000] {processor.py:809} INFO - DAG(s) dict_keys(['example_xcom_args_with_operators', 'example_xcom_args']) retrieved from /home/airflow/.local/lib/python3.7/site-packages/airflow/example_dags/example_xcomargs.py
[2023-09-14T16:49:38.730+0000] {logging_mixin.py:149} INFO - [2023-09-14T16:49:38.729+0000] {dag.py:2726} INFO - Sync 2 DAGs
[2023-09-14T16:49:38.800+0000] {logging_mixin.py:149} INFO - [2023-09-14T16:49:38.799+0000] {dag.py:3490} INFO - Setting next_dagrun for example_xcom_args to None, run_after=None
[2023-09-14T16:49:38.813+0000] {logging_mixin.py:149} INFO - [2023-09-14T16:49:38.813+0000] {dag.py:3490} INFO - Setting next_dagrun for example_xcom_args_with_operators to None, run_after=None
[2023-09-14T16:49:38.871+0000] {processor.py:178} INFO - Processing /home/airflow/.local/lib/python3.7/site-packages/airflow/example_dags/example_xcomargs.py took 0.334 seconds
[2023-09-14T16:50:09.823+0000] {processor.py:156} INFO - Started process (PID=1341) to work on /home/airflow/.local/lib/python3.7/site-packages/airflow/example_dags/example_xcomargs.py
[2023-09-14T16:50:09.830+0000] {processor.py:799} INFO - Processing file /home/airflow/.local/lib/python3.7/site-packages/airflow/example_dags/example_xcomargs.py for tasks to queue
[2023-09-14T16:50:09.835+0000] {logging_mixin.py:149} INFO - [2023-09-14T16:50:09.834+0000] {dagbag.py:541} INFO - Filling up the DagBag from /home/airflow/.local/lib/python3.7/site-packages/airflow/example_dags/example_xcomargs.py
[2023-09-14T16:50:09.857+0000] {processor.py:809} INFO - DAG(s) dict_keys(['example_xcom_args', 'example_xcom_args_with_operators']) retrieved from /home/airflow/.local/lib/python3.7/site-packages/airflow/example_dags/example_xcomargs.py
[2023-09-14T16:50:09.946+0000] {logging_mixin.py:149} INFO - [2023-09-14T16:50:09.946+0000] {dag.py:2726} INFO - Sync 2 DAGs
[2023-09-14T16:50:10.042+0000] {logging_mixin.py:149} INFO - [2023-09-14T16:50:10.042+0000] {dag.py:3490} INFO - Setting next_dagrun for example_xcom_args to None, run_after=None
[2023-09-14T16:50:10.057+0000] {logging_mixin.py:149} INFO - [2023-09-14T16:50:10.055+0000] {dag.py:3490} INFO - Setting next_dagrun for example_xcom_args_with_operators to None, run_after=None
[2023-09-14T16:50:10.174+0000] {processor.py:178} INFO - Processing /home/airflow/.local/lib/python3.7/site-packages/airflow/example_dags/example_xcomargs.py took 0.357 seconds
[2023-09-14T16:50:41.444+0000] {processor.py:156} INFO - Started process (PID=1402) to work on /home/airflow/.local/lib/python3.7/site-packages/airflow/example_dags/example_xcomargs.py
[2023-09-14T16:50:41.447+0000] {processor.py:799} INFO - Processing file /home/airflow/.local/lib/python3.7/site-packages/airflow/example_dags/example_xcomargs.py for tasks to queue
[2023-09-14T16:50:41.451+0000] {logging_mixin.py:149} INFO - [2023-09-14T16:50:41.450+0000] {dagbag.py:541} INFO - Filling up the DagBag from /home/airflow/.local/lib/python3.7/site-packages/airflow/example_dags/example_xcomargs.py
[2023-09-14T16:50:41.503+0000] {processor.py:809} INFO - DAG(s) dict_keys(['example_xcom_args', 'example_xcom_args_with_operators']) retrieved from /home/airflow/.local/lib/python3.7/site-packages/airflow/example_dags/example_xcomargs.py
[2023-09-14T16:50:41.611+0000] {logging_mixin.py:149} INFO - [2023-09-14T16:50:41.611+0000] {dag.py:2726} INFO - Sync 2 DAGs
[2023-09-14T16:50:41.688+0000] {logging_mixin.py:149} INFO - [2023-09-14T16:50:41.688+0000] {dag.py:3490} INFO - Setting next_dagrun for example_xcom_args to None, run_after=None
[2023-09-14T16:50:41.697+0000] {logging_mixin.py:149} INFO - [2023-09-14T16:50:41.696+0000] {dag.py:3490} INFO - Setting next_dagrun for example_xcom_args_with_operators to None, run_after=None
[2023-09-14T16:50:41.764+0000] {processor.py:178} INFO - Processing /home/airflow/.local/lib/python3.7/site-packages/airflow/example_dags/example_xcomargs.py took 0.328 seconds
[2023-09-14T16:51:12.001+0000] {processor.py:156} INFO - Started process (PID=1462) to work on /home/airflow/.local/lib/python3.7/site-packages/airflow/example_dags/example_xcomargs.py
[2023-09-14T16:51:12.005+0000] {processor.py:799} INFO - Processing file /home/airflow/.local/lib/python3.7/site-packages/airflow/example_dags/example_xcomargs.py for tasks to queue
[2023-09-14T16:51:12.008+0000] {logging_mixin.py:149} INFO - [2023-09-14T16:51:12.007+0000] {dagbag.py:541} INFO - Filling up the DagBag from /home/airflow/.local/lib/python3.7/site-packages/airflow/example_dags/example_xcomargs.py
[2023-09-14T16:51:12.027+0000] {processor.py:809} INFO - DAG(s) dict_keys(['example_xcom_args', 'example_xcom_args_with_operators']) retrieved from /home/airflow/.local/lib/python3.7/site-packages/airflow/example_dags/example_xcomargs.py
[2023-09-14T16:51:12.120+0000] {logging_mixin.py:149} INFO - [2023-09-14T16:51:12.119+0000] {dag.py:2726} INFO - Sync 2 DAGs
[2023-09-14T16:51:12.198+0000] {logging_mixin.py:149} INFO - [2023-09-14T16:51:12.197+0000] {dag.py:3490} INFO - Setting next_dagrun for example_xcom_args to None, run_after=None
[2023-09-14T16:51:12.227+0000] {logging_mixin.py:149} INFO - [2023-09-14T16:51:12.226+0000] {dag.py:3490} INFO - Setting next_dagrun for example_xcom_args_with_operators to None, run_after=None
[2023-09-14T16:51:12.317+0000] {processor.py:178} INFO - Processing /home/airflow/.local/lib/python3.7/site-packages/airflow/example_dags/example_xcomargs.py took 0.333 seconds
[2023-09-14T16:51:42.691+0000] {processor.py:156} INFO - Started process (PID=1523) to work on /home/airflow/.local/lib/python3.7/site-packages/airflow/example_dags/example_xcomargs.py
[2023-09-14T16:51:42.695+0000] {processor.py:799} INFO - Processing file /home/airflow/.local/lib/python3.7/site-packages/airflow/example_dags/example_xcomargs.py for tasks to queue
[2023-09-14T16:51:42.699+0000] {logging_mixin.py:149} INFO - [2023-09-14T16:51:42.698+0000] {dagbag.py:541} INFO - Filling up the DagBag from /home/airflow/.local/lib/python3.7/site-packages/airflow/example_dags/example_xcomargs.py
[2023-09-14T16:51:42.726+0000] {processor.py:809} INFO - DAG(s) dict_keys(['example_xcom_args_with_operators', 'example_xcom_args']) retrieved from /home/airflow/.local/lib/python3.7/site-packages/airflow/example_dags/example_xcomargs.py
[2023-09-14T16:51:42.819+0000] {logging_mixin.py:149} INFO - [2023-09-14T16:51:42.818+0000] {dag.py:2726} INFO - Sync 2 DAGs
[2023-09-14T16:51:42.897+0000] {logging_mixin.py:149} INFO - [2023-09-14T16:51:42.897+0000] {dag.py:3490} INFO - Setting next_dagrun for example_xcom_args to None, run_after=None
[2023-09-14T16:51:42.904+0000] {logging_mixin.py:149} INFO - [2023-09-14T16:51:42.904+0000] {dag.py:3490} INFO - Setting next_dagrun for example_xcom_args_with_operators to None, run_after=None
[2023-09-14T16:51:42.950+0000] {processor.py:178} INFO - Processing /home/airflow/.local/lib/python3.7/site-packages/airflow/example_dags/example_xcomargs.py took 0.270 seconds
[2023-09-14T16:52:14.492+0000] {processor.py:156} INFO - Started process (PID=1585) to work on /home/airflow/.local/lib/python3.7/site-packages/airflow/example_dags/example_xcomargs.py
[2023-09-14T16:52:14.498+0000] {processor.py:799} INFO - Processing file /home/airflow/.local/lib/python3.7/site-packages/airflow/example_dags/example_xcomargs.py for tasks to queue
[2023-09-14T16:52:14.503+0000] {logging_mixin.py:149} INFO - [2023-09-14T16:52:14.502+0000] {dagbag.py:541} INFO - Filling up the DagBag from /home/airflow/.local/lib/python3.7/site-packages/airflow/example_dags/example_xcomargs.py
[2023-09-14T16:52:14.574+0000] {processor.py:809} INFO - DAG(s) dict_keys(['example_xcom_args', 'example_xcom_args_with_operators']) retrieved from /home/airflow/.local/lib/python3.7/site-packages/airflow/example_dags/example_xcomargs.py
[2023-09-14T16:52:14.742+0000] {logging_mixin.py:149} INFO - [2023-09-14T16:52:14.741+0000] {dag.py:2726} INFO - Sync 2 DAGs
[2023-09-14T16:52:14.893+0000] {logging_mixin.py:149} INFO - [2023-09-14T16:52:14.892+0000] {dag.py:3490} INFO - Setting next_dagrun for example_xcom_args to None, run_after=None
[2023-09-14T16:52:14.908+0000] {logging_mixin.py:149} INFO - [2023-09-14T16:52:14.907+0000] {dag.py:3490} INFO - Setting next_dagrun for example_xcom_args_with_operators to None, run_after=None
[2023-09-14T16:52:15.033+0000] {processor.py:178} INFO - Processing /home/airflow/.local/lib/python3.7/site-packages/airflow/example_dags/example_xcomargs.py took 0.560 seconds
[2023-09-14T16:52:45.487+0000] {processor.py:156} INFO - Started process (PID=1646) to work on /home/airflow/.local/lib/python3.7/site-packages/airflow/example_dags/example_xcomargs.py
[2023-09-14T16:52:45.490+0000] {processor.py:799} INFO - Processing file /home/airflow/.local/lib/python3.7/site-packages/airflow/example_dags/example_xcomargs.py for tasks to queue
[2023-09-14T16:52:45.493+0000] {logging_mixin.py:149} INFO - [2023-09-14T16:52:45.493+0000] {dagbag.py:541} INFO - Filling up the DagBag from /home/airflow/.local/lib/python3.7/site-packages/airflow/example_dags/example_xcomargs.py
[2023-09-14T16:52:45.515+0000] {processor.py:809} INFO - DAG(s) dict_keys(['example_xcom_args_with_operators', 'example_xcom_args']) retrieved from /home/airflow/.local/lib/python3.7/site-packages/airflow/example_dags/example_xcomargs.py
[2023-09-14T16:52:45.601+0000] {logging_mixin.py:149} INFO - [2023-09-14T16:52:45.601+0000] {dag.py:2726} INFO - Sync 2 DAGs
[2023-09-14T16:52:45.695+0000] {logging_mixin.py:149} INFO - [2023-09-14T16:52:45.694+0000] {dag.py:3490} INFO - Setting next_dagrun for example_xcom_args to None, run_after=None
[2023-09-14T16:52:45.712+0000] {logging_mixin.py:149} INFO - [2023-09-14T16:52:45.711+0000] {dag.py:3490} INFO - Setting next_dagrun for example_xcom_args_with_operators to None, run_after=None
[2023-09-14T16:52:45.776+0000] {processor.py:178} INFO - Processing /home/airflow/.local/lib/python3.7/site-packages/airflow/example_dags/example_xcomargs.py took 0.298 seconds
[2023-09-14T16:53:16.579+0000] {processor.py:156} INFO - Started process (PID=1707) to work on /home/airflow/.local/lib/python3.7/site-packages/airflow/example_dags/example_xcomargs.py
[2023-09-14T16:53:16.680+0000] {processor.py:799} INFO - Processing file /home/airflow/.local/lib/python3.7/site-packages/airflow/example_dags/example_xcomargs.py for tasks to queue
[2023-09-14T16:53:16.744+0000] {logging_mixin.py:149} INFO - [2023-09-14T16:53:16.744+0000] {dagbag.py:541} INFO - Filling up the DagBag from /home/airflow/.local/lib/python3.7/site-packages/airflow/example_dags/example_xcomargs.py
[2023-09-14T16:53:16.953+0000] {processor.py:809} INFO - DAG(s) dict_keys(['example_xcom_args_with_operators', 'example_xcom_args']) retrieved from /home/airflow/.local/lib/python3.7/site-packages/airflow/example_dags/example_xcomargs.py
[2023-09-14T16:53:17.362+0000] {logging_mixin.py:149} INFO - [2023-09-14T16:53:17.361+0000] {dag.py:2726} INFO - Sync 2 DAGs
[2023-09-14T16:53:17.585+0000] {logging_mixin.py:149} INFO - [2023-09-14T16:53:17.585+0000] {dag.py:3490} INFO - Setting next_dagrun for example_xcom_args to None, run_after=None
[2023-09-14T16:53:17.617+0000] {logging_mixin.py:149} INFO - [2023-09-14T16:53:17.616+0000] {dag.py:3490} INFO - Setting next_dagrun for example_xcom_args_with_operators to None, run_after=None
[2023-09-14T16:53:17.743+0000] {processor.py:178} INFO - Processing /home/airflow/.local/lib/python3.7/site-packages/airflow/example_dags/example_xcomargs.py took 1.215 seconds
[2023-09-14T16:53:48.316+0000] {processor.py:156} INFO - Started process (PID=1773) to work on /home/airflow/.local/lib/python3.7/site-packages/airflow/example_dags/example_xcomargs.py
[2023-09-14T16:53:48.319+0000] {processor.py:799} INFO - Processing file /home/airflow/.local/lib/python3.7/site-packages/airflow/example_dags/example_xcomargs.py for tasks to queue
[2023-09-14T16:53:48.323+0000] {logging_mixin.py:149} INFO - [2023-09-14T16:53:48.322+0000] {dagbag.py:541} INFO - Filling up the DagBag from /home/airflow/.local/lib/python3.7/site-packages/airflow/example_dags/example_xcomargs.py
[2023-09-14T16:53:48.366+0000] {processor.py:809} INFO - DAG(s) dict_keys(['example_xcom_args', 'example_xcom_args_with_operators']) retrieved from /home/airflow/.local/lib/python3.7/site-packages/airflow/example_dags/example_xcomargs.py
[2023-09-14T16:53:48.586+0000] {logging_mixin.py:149} INFO - [2023-09-14T16:53:48.585+0000] {dag.py:2726} INFO - Sync 2 DAGs
[2023-09-14T16:53:48.747+0000] {logging_mixin.py:149} INFO - [2023-09-14T16:53:48.747+0000] {dag.py:3490} INFO - Setting next_dagrun for example_xcom_args to None, run_after=None
[2023-09-14T16:53:48.758+0000] {logging_mixin.py:149} INFO - [2023-09-14T16:53:48.758+0000] {dag.py:3490} INFO - Setting next_dagrun for example_xcom_args_with_operators to None, run_after=None
[2023-09-14T16:53:48.825+0000] {processor.py:178} INFO - Processing /home/airflow/.local/lib/python3.7/site-packages/airflow/example_dags/example_xcomargs.py took 0.522 seconds
[2023-09-14T16:54:26.973+0000] {processor.py:156} INFO - Started process (PID=1846) to work on /home/airflow/.local/lib/python3.7/site-packages/airflow/example_dags/example_xcomargs.py
[2023-09-14T16:54:26.995+0000] {processor.py:799} INFO - Processing file /home/airflow/.local/lib/python3.7/site-packages/airflow/example_dags/example_xcomargs.py for tasks to queue
[2023-09-14T16:54:27.021+0000] {logging_mixin.py:149} INFO - [2023-09-14T16:54:27.020+0000] {dagbag.py:541} INFO - Filling up the DagBag from /home/airflow/.local/lib/python3.7/site-packages/airflow/example_dags/example_xcomargs.py
[2023-09-14T16:54:27.120+0000] {processor.py:809} INFO - DAG(s) dict_keys(['example_xcom_args', 'example_xcom_args_with_operators']) retrieved from /home/airflow/.local/lib/python3.7/site-packages/airflow/example_dags/example_xcomargs.py
[2023-09-14T16:54:27.444+0000] {logging_mixin.py:149} INFO - [2023-09-14T16:54:27.443+0000] {dag.py:2726} INFO - Sync 2 DAGs
[2023-09-14T16:54:27.680+0000] {logging_mixin.py:149} INFO - [2023-09-14T16:54:27.679+0000] {dag.py:3490} INFO - Setting next_dagrun for example_xcom_args to None, run_after=None
[2023-09-14T16:54:27.720+0000] {logging_mixin.py:149} INFO - [2023-09-14T16:54:27.719+0000] {dag.py:3490} INFO - Setting next_dagrun for example_xcom_args_with_operators to None, run_after=None
[2023-09-14T16:54:27.949+0000] {processor.py:178} INFO - Processing /home/airflow/.local/lib/python3.7/site-packages/airflow/example_dags/example_xcomargs.py took 1.014 seconds
[2023-09-14T16:55:03.826+0000] {processor.py:156} INFO - Started process (PID=1912) to work on /home/airflow/.local/lib/python3.7/site-packages/airflow/example_dags/example_xcomargs.py
[2023-09-14T16:55:03.829+0000] {processor.py:799} INFO - Processing file /home/airflow/.local/lib/python3.7/site-packages/airflow/example_dags/example_xcomargs.py for tasks to queue
[2023-09-14T16:55:03.831+0000] {logging_mixin.py:149} INFO - [2023-09-14T16:55:03.831+0000] {dagbag.py:541} INFO - Filling up the DagBag from /home/airflow/.local/lib/python3.7/site-packages/airflow/example_dags/example_xcomargs.py
[2023-09-14T16:55:03.857+0000] {processor.py:809} INFO - DAG(s) dict_keys(['example_xcom_args_with_operators', 'example_xcom_args']) retrieved from /home/airflow/.local/lib/python3.7/site-packages/airflow/example_dags/example_xcomargs.py
[2023-09-14T16:55:03.951+0000] {logging_mixin.py:149} INFO - [2023-09-14T16:55:03.951+0000] {dag.py:2726} INFO - Sync 2 DAGs
[2023-09-14T16:55:04.040+0000] {logging_mixin.py:149} INFO - [2023-09-14T16:55:04.040+0000] {dag.py:3490} INFO - Setting next_dagrun for example_xcom_args to None, run_after=None
[2023-09-14T16:55:04.051+0000] {logging_mixin.py:149} INFO - [2023-09-14T16:55:04.050+0000] {dag.py:3490} INFO - Setting next_dagrun for example_xcom_args_with_operators to None, run_after=None
[2023-09-14T16:55:04.103+0000] {processor.py:178} INFO - Processing /home/airflow/.local/lib/python3.7/site-packages/airflow/example_dags/example_xcomargs.py took 0.287 seconds
[2023-09-14T16:55:38.289+0000] {processor.py:156} INFO - Started process (PID=1982) to work on /home/airflow/.local/lib/python3.7/site-packages/airflow/example_dags/example_xcomargs.py
[2023-09-14T16:55:38.296+0000] {processor.py:799} INFO - Processing file /home/airflow/.local/lib/python3.7/site-packages/airflow/example_dags/example_xcomargs.py for tasks to queue
[2023-09-14T16:55:38.305+0000] {logging_mixin.py:149} INFO - [2023-09-14T16:55:38.304+0000] {dagbag.py:541} INFO - Filling up the DagBag from /home/airflow/.local/lib/python3.7/site-packages/airflow/example_dags/example_xcomargs.py
[2023-09-14T16:55:38.338+0000] {processor.py:809} INFO - DAG(s) dict_keys(['example_xcom_args_with_operators', 'example_xcom_args']) retrieved from /home/airflow/.local/lib/python3.7/site-packages/airflow/example_dags/example_xcomargs.py
[2023-09-14T16:55:38.434+0000] {logging_mixin.py:149} INFO - [2023-09-14T16:55:38.433+0000] {dag.py:2726} INFO - Sync 2 DAGs
[2023-09-14T16:55:38.525+0000] {logging_mixin.py:149} INFO - [2023-09-14T16:55:38.524+0000] {dag.py:3490} INFO - Setting next_dagrun for example_xcom_args to None, run_after=None
[2023-09-14T16:55:38.535+0000] {logging_mixin.py:149} INFO - [2023-09-14T16:55:38.535+0000] {dag.py:3490} INFO - Setting next_dagrun for example_xcom_args_with_operators to None, run_after=None
[2023-09-14T16:55:38.644+0000] {processor.py:178} INFO - Processing /home/airflow/.local/lib/python3.7/site-packages/airflow/example_dags/example_xcomargs.py took 0.366 seconds
[2023-09-14T16:56:10.149+0000] {processor.py:156} INFO - Started process (PID=2047) to work on /home/airflow/.local/lib/python3.7/site-packages/airflow/example_dags/example_xcomargs.py
[2023-09-14T16:56:10.156+0000] {processor.py:799} INFO - Processing file /home/airflow/.local/lib/python3.7/site-packages/airflow/example_dags/example_xcomargs.py for tasks to queue
[2023-09-14T16:56:10.160+0000] {logging_mixin.py:149} INFO - [2023-09-14T16:56:10.159+0000] {dagbag.py:541} INFO - Filling up the DagBag from /home/airflow/.local/lib/python3.7/site-packages/airflow/example_dags/example_xcomargs.py
[2023-09-14T16:56:10.214+0000] {processor.py:809} INFO - DAG(s) dict_keys(['example_xcom_args_with_operators', 'example_xcom_args']) retrieved from /home/airflow/.local/lib/python3.7/site-packages/airflow/example_dags/example_xcomargs.py
[2023-09-14T16:56:10.386+0000] {logging_mixin.py:149} INFO - [2023-09-14T16:56:10.386+0000] {dag.py:2726} INFO - Sync 2 DAGs
[2023-09-14T16:56:10.556+0000] {logging_mixin.py:149} INFO - [2023-09-14T16:56:10.555+0000] {dag.py:3490} INFO - Setting next_dagrun for example_xcom_args to None, run_after=None
[2023-09-14T16:56:10.571+0000] {logging_mixin.py:149} INFO - [2023-09-14T16:56:10.571+0000] {dag.py:3490} INFO - Setting next_dagrun for example_xcom_args_with_operators to None, run_after=None
[2023-09-14T16:56:10.683+0000] {processor.py:178} INFO - Processing /home/airflow/.local/lib/python3.7/site-packages/airflow/example_dags/example_xcomargs.py took 0.550 seconds
[2023-09-14T16:56:41.941+0000] {processor.py:156} INFO - Started process (PID=2112) to work on /home/airflow/.local/lib/python3.7/site-packages/airflow/example_dags/example_xcomargs.py
[2023-09-14T16:56:41.961+0000] {processor.py:799} INFO - Processing file /home/airflow/.local/lib/python3.7/site-packages/airflow/example_dags/example_xcomargs.py for tasks to queue
[2023-09-14T16:56:41.968+0000] {logging_mixin.py:149} INFO - [2023-09-14T16:56:41.966+0000] {dagbag.py:541} INFO - Filling up the DagBag from /home/airflow/.local/lib/python3.7/site-packages/airflow/example_dags/example_xcomargs.py
[2023-09-14T16:56:42.101+0000] {processor.py:809} INFO - DAG(s) dict_keys(['example_xcom_args_with_operators', 'example_xcom_args']) retrieved from /home/airflow/.local/lib/python3.7/site-packages/airflow/example_dags/example_xcomargs.py
[2023-09-14T16:56:42.397+0000] {logging_mixin.py:149} INFO - [2023-09-14T16:56:42.396+0000] {dag.py:2726} INFO - Sync 2 DAGs
[2023-09-14T16:56:42.595+0000] {logging_mixin.py:149} INFO - [2023-09-14T16:56:42.594+0000] {dag.py:3490} INFO - Setting next_dagrun for example_xcom_args to None, run_after=None
[2023-09-14T16:56:42.612+0000] {logging_mixin.py:149} INFO - [2023-09-14T16:56:42.612+0000] {dag.py:3490} INFO - Setting next_dagrun for example_xcom_args_with_operators to None, run_after=None
[2023-09-14T16:56:42.768+0000] {processor.py:178} INFO - Processing /home/airflow/.local/lib/python3.7/site-packages/airflow/example_dags/example_xcomargs.py took 0.879 seconds
[2023-09-14T16:57:13.304+0000] {processor.py:156} INFO - Started process (PID=2177) to work on /home/airflow/.local/lib/python3.7/site-packages/airflow/example_dags/example_xcomargs.py
[2023-09-14T16:57:13.306+0000] {processor.py:799} INFO - Processing file /home/airflow/.local/lib/python3.7/site-packages/airflow/example_dags/example_xcomargs.py for tasks to queue
[2023-09-14T16:57:13.309+0000] {logging_mixin.py:149} INFO - [2023-09-14T16:57:13.309+0000] {dagbag.py:541} INFO - Filling up the DagBag from /home/airflow/.local/lib/python3.7/site-packages/airflow/example_dags/example_xcomargs.py
[2023-09-14T16:57:13.335+0000] {processor.py:809} INFO - DAG(s) dict_keys(['example_xcom_args', 'example_xcom_args_with_operators']) retrieved from /home/airflow/.local/lib/python3.7/site-packages/airflow/example_dags/example_xcomargs.py
[2023-09-14T16:57:13.442+0000] {logging_mixin.py:149} INFO - [2023-09-14T16:57:13.442+0000] {dag.py:2726} INFO - Sync 2 DAGs
[2023-09-14T16:57:13.517+0000] {logging_mixin.py:149} INFO - [2023-09-14T16:57:13.517+0000] {dag.py:3490} INFO - Setting next_dagrun for example_xcom_args to None, run_after=None
[2023-09-14T16:57:13.530+0000] {logging_mixin.py:149} INFO - [2023-09-14T16:57:13.530+0000] {dag.py:3490} INFO - Setting next_dagrun for example_xcom_args_with_operators to None, run_after=None
[2023-09-14T16:57:13.633+0000] {processor.py:178} INFO - Processing /home/airflow/.local/lib/python3.7/site-packages/airflow/example_dags/example_xcomargs.py took 0.340 seconds
[2023-09-14T16:57:44.476+0000] {processor.py:156} INFO - Started process (PID=2244) to work on /home/airflow/.local/lib/python3.7/site-packages/airflow/example_dags/example_xcomargs.py
[2023-09-14T16:57:44.480+0000] {processor.py:799} INFO - Processing file /home/airflow/.local/lib/python3.7/site-packages/airflow/example_dags/example_xcomargs.py for tasks to queue
[2023-09-14T16:57:44.484+0000] {logging_mixin.py:149} INFO - [2023-09-14T16:57:44.483+0000] {dagbag.py:541} INFO - Filling up the DagBag from /home/airflow/.local/lib/python3.7/site-packages/airflow/example_dags/example_xcomargs.py
[2023-09-14T16:57:44.511+0000] {processor.py:809} INFO - DAG(s) dict_keys(['example_xcom_args', 'example_xcom_args_with_operators']) retrieved from /home/airflow/.local/lib/python3.7/site-packages/airflow/example_dags/example_xcomargs.py
[2023-09-14T16:57:44.593+0000] {logging_mixin.py:149} INFO - [2023-09-14T16:57:44.593+0000] {dag.py:2726} INFO - Sync 2 DAGs
[2023-09-14T16:57:44.687+0000] {logging_mixin.py:149} INFO - [2023-09-14T16:57:44.685+0000] {dag.py:3490} INFO - Setting next_dagrun for example_xcom_args to None, run_after=None
[2023-09-14T16:57:44.700+0000] {logging_mixin.py:149} INFO - [2023-09-14T16:57:44.699+0000] {dag.py:3490} INFO - Setting next_dagrun for example_xcom_args_with_operators to None, run_after=None
[2023-09-14T16:57:44.761+0000] {processor.py:178} INFO - Processing /home/airflow/.local/lib/python3.7/site-packages/airflow/example_dags/example_xcomargs.py took 0.298 seconds
[2023-09-14T16:58:16.048+0000] {processor.py:156} INFO - Started process (PID=2309) to work on /home/airflow/.local/lib/python3.7/site-packages/airflow/example_dags/example_xcomargs.py
[2023-09-14T16:58:16.062+0000] {processor.py:799} INFO - Processing file /home/airflow/.local/lib/python3.7/site-packages/airflow/example_dags/example_xcomargs.py for tasks to queue
[2023-09-14T16:58:16.070+0000] {logging_mixin.py:149} INFO - [2023-09-14T16:58:16.069+0000] {dagbag.py:541} INFO - Filling up the DagBag from /home/airflow/.local/lib/python3.7/site-packages/airflow/example_dags/example_xcomargs.py
[2023-09-14T16:58:16.180+0000] {processor.py:809} INFO - DAG(s) dict_keys(['example_xcom_args_with_operators', 'example_xcom_args']) retrieved from /home/airflow/.local/lib/python3.7/site-packages/airflow/example_dags/example_xcomargs.py
[2023-09-14T16:58:16.424+0000] {logging_mixin.py:149} INFO - [2023-09-14T16:58:16.423+0000] {dag.py:2726} INFO - Sync 2 DAGs
[2023-09-14T16:58:16.675+0000] {logging_mixin.py:149} INFO - [2023-09-14T16:58:16.674+0000] {dag.py:3490} INFO - Setting next_dagrun for example_xcom_args to None, run_after=None
[2023-09-14T16:58:16.704+0000] {logging_mixin.py:149} INFO - [2023-09-14T16:58:16.699+0000] {dag.py:3490} INFO - Setting next_dagrun for example_xcom_args_with_operators to None, run_after=None
[2023-09-14T16:58:16.867+0000] {processor.py:178} INFO - Processing /home/airflow/.local/lib/python3.7/site-packages/airflow/example_dags/example_xcomargs.py took 0.834 seconds
[2023-09-14T16:58:56.485+0000] {processor.py:156} INFO - Started process (PID=2377) to work on /home/airflow/.local/lib/python3.7/site-packages/airflow/example_dags/example_xcomargs.py
[2023-09-14T16:58:56.491+0000] {processor.py:799} INFO - Processing file /home/airflow/.local/lib/python3.7/site-packages/airflow/example_dags/example_xcomargs.py for tasks to queue
[2023-09-14T16:58:56.495+0000] {logging_mixin.py:149} INFO - [2023-09-14T16:58:56.494+0000] {dagbag.py:541} INFO - Filling up the DagBag from /home/airflow/.local/lib/python3.7/site-packages/airflow/example_dags/example_xcomargs.py
[2023-09-14T16:58:56.529+0000] {processor.py:809} INFO - DAG(s) dict_keys(['example_xcom_args', 'example_xcom_args_with_operators']) retrieved from /home/airflow/.local/lib/python3.7/site-packages/airflow/example_dags/example_xcomargs.py
[2023-09-14T16:58:56.651+0000] {logging_mixin.py:149} INFO - [2023-09-14T16:58:56.651+0000] {dag.py:2726} INFO - Sync 2 DAGs
[2023-09-14T16:58:56.767+0000] {logging_mixin.py:149} INFO - [2023-09-14T16:58:56.766+0000] {dag.py:3490} INFO - Setting next_dagrun for example_xcom_args to None, run_after=None
[2023-09-14T16:58:56.796+0000] {logging_mixin.py:149} INFO - [2023-09-14T16:58:56.795+0000] {dag.py:3490} INFO - Setting next_dagrun for example_xcom_args_with_operators to None, run_after=None
[2023-09-14T16:58:56.908+0000] {processor.py:178} INFO - Processing /home/airflow/.local/lib/python3.7/site-packages/airflow/example_dags/example_xcomargs.py took 0.432 seconds
[2023-09-14T16:59:27.395+0000] {processor.py:156} INFO - Started process (PID=2439) to work on /home/airflow/.local/lib/python3.7/site-packages/airflow/example_dags/example_xcomargs.py
[2023-09-14T16:59:27.400+0000] {processor.py:799} INFO - Processing file /home/airflow/.local/lib/python3.7/site-packages/airflow/example_dags/example_xcomargs.py for tasks to queue
[2023-09-14T16:59:27.413+0000] {logging_mixin.py:149} INFO - [2023-09-14T16:59:27.412+0000] {dagbag.py:541} INFO - Filling up the DagBag from /home/airflow/.local/lib/python3.7/site-packages/airflow/example_dags/example_xcomargs.py
[2023-09-14T16:59:27.508+0000] {processor.py:809} INFO - DAG(s) dict_keys(['example_xcom_args_with_operators', 'example_xcom_args']) retrieved from /home/airflow/.local/lib/python3.7/site-packages/airflow/example_dags/example_xcomargs.py
[2023-09-14T16:59:27.670+0000] {logging_mixin.py:149} INFO - [2023-09-14T16:59:27.670+0000] {dag.py:2726} INFO - Sync 2 DAGs
[2023-09-14T16:59:27.778+0000] {logging_mixin.py:149} INFO - [2023-09-14T16:59:27.777+0000] {dag.py:3490} INFO - Setting next_dagrun for example_xcom_args to None, run_after=None
[2023-09-14T16:59:27.789+0000] {logging_mixin.py:149} INFO - [2023-09-14T16:59:27.789+0000] {dag.py:3490} INFO - Setting next_dagrun for example_xcom_args_with_operators to None, run_after=None
[2023-09-14T16:59:27.866+0000] {processor.py:178} INFO - Processing /home/airflow/.local/lib/python3.7/site-packages/airflow/example_dags/example_xcomargs.py took 0.486 seconds
[2023-09-14T16:59:59.273+0000] {processor.py:156} INFO - Started process (PID=2503) to work on /home/airflow/.local/lib/python3.7/site-packages/airflow/example_dags/example_xcomargs.py
[2023-09-14T16:59:59.276+0000] {processor.py:799} INFO - Processing file /home/airflow/.local/lib/python3.7/site-packages/airflow/example_dags/example_xcomargs.py for tasks to queue
[2023-09-14T16:59:59.280+0000] {logging_mixin.py:149} INFO - [2023-09-14T16:59:59.279+0000] {dagbag.py:541} INFO - Filling up the DagBag from /home/airflow/.local/lib/python3.7/site-packages/airflow/example_dags/example_xcomargs.py
[2023-09-14T16:59:59.327+0000] {processor.py:809} INFO - DAG(s) dict_keys(['example_xcom_args_with_operators', 'example_xcom_args']) retrieved from /home/airflow/.local/lib/python3.7/site-packages/airflow/example_dags/example_xcomargs.py
[2023-09-14T16:59:59.585+0000] {logging_mixin.py:149} INFO - [2023-09-14T16:59:59.574+0000] {dag.py:2726} INFO - Sync 2 DAGs
[2023-09-14T16:59:59.836+0000] {logging_mixin.py:149} INFO - [2023-09-14T16:59:59.830+0000] {dag.py:3490} INFO - Setting next_dagrun for example_xcom_args to None, run_after=None
[2023-09-14T16:59:59.877+0000] {logging_mixin.py:149} INFO - [2023-09-14T16:59:59.871+0000] {dag.py:3490} INFO - Setting next_dagrun for example_xcom_args_with_operators to None, run_after=None
[2023-09-14T17:00:00.076+0000] {processor.py:178} INFO - Processing /home/airflow/.local/lib/python3.7/site-packages/airflow/example_dags/example_xcomargs.py took 0.820 seconds
[2023-09-14T17:00:30.711+0000] {processor.py:156} INFO - Started process (PID=2567) to work on /home/airflow/.local/lib/python3.7/site-packages/airflow/example_dags/example_xcomargs.py
[2023-09-14T17:00:30.715+0000] {processor.py:799} INFO - Processing file /home/airflow/.local/lib/python3.7/site-packages/airflow/example_dags/example_xcomargs.py for tasks to queue
[2023-09-14T17:00:30.718+0000] {logging_mixin.py:149} INFO - [2023-09-14T17:00:30.717+0000] {dagbag.py:541} INFO - Filling up the DagBag from /home/airflow/.local/lib/python3.7/site-packages/airflow/example_dags/example_xcomargs.py
[2023-09-14T17:00:30.755+0000] {processor.py:809} INFO - DAG(s) dict_keys(['example_xcom_args_with_operators', 'example_xcom_args']) retrieved from /home/airflow/.local/lib/python3.7/site-packages/airflow/example_dags/example_xcomargs.py
[2023-09-14T17:00:30.844+0000] {logging_mixin.py:149} INFO - [2023-09-14T17:00:30.844+0000] {dag.py:2726} INFO - Sync 2 DAGs
[2023-09-14T17:00:30.933+0000] {logging_mixin.py:149} INFO - [2023-09-14T17:00:30.933+0000] {dag.py:3490} INFO - Setting next_dagrun for example_xcom_args to None, run_after=None
[2023-09-14T17:00:30.948+0000] {logging_mixin.py:149} INFO - [2023-09-14T17:00:30.948+0000] {dag.py:3490} INFO - Setting next_dagrun for example_xcom_args_with_operators to None, run_after=None
[2023-09-14T17:00:31.004+0000] {processor.py:178} INFO - Processing /home/airflow/.local/lib/python3.7/site-packages/airflow/example_dags/example_xcomargs.py took 0.303 seconds
[2023-09-14T17:01:01.652+0000] {processor.py:156} INFO - Started process (PID=2631) to work on /home/airflow/.local/lib/python3.7/site-packages/airflow/example_dags/example_xcomargs.py
[2023-09-14T17:01:01.654+0000] {processor.py:799} INFO - Processing file /home/airflow/.local/lib/python3.7/site-packages/airflow/example_dags/example_xcomargs.py for tasks to queue
[2023-09-14T17:01:01.657+0000] {logging_mixin.py:149} INFO - [2023-09-14T17:01:01.657+0000] {dagbag.py:541} INFO - Filling up the DagBag from /home/airflow/.local/lib/python3.7/site-packages/airflow/example_dags/example_xcomargs.py
[2023-09-14T17:01:01.693+0000] {processor.py:809} INFO - DAG(s) dict_keys(['example_xcom_args_with_operators', 'example_xcom_args']) retrieved from /home/airflow/.local/lib/python3.7/site-packages/airflow/example_dags/example_xcomargs.py
[2023-09-14T17:01:01.758+0000] {logging_mixin.py:149} INFO - [2023-09-14T17:01:01.758+0000] {dag.py:2726} INFO - Sync 2 DAGs
[2023-09-14T17:01:01.825+0000] {logging_mixin.py:149} INFO - [2023-09-14T17:01:01.825+0000] {dag.py:3490} INFO - Setting next_dagrun for example_xcom_args to None, run_after=None
[2023-09-14T17:01:01.840+0000] {logging_mixin.py:149} INFO - [2023-09-14T17:01:01.840+0000] {dag.py:3490} INFO - Setting next_dagrun for example_xcom_args_with_operators to None, run_after=None
[2023-09-14T17:01:01.893+0000] {processor.py:178} INFO - Processing /home/airflow/.local/lib/python3.7/site-packages/airflow/example_dags/example_xcomargs.py took 0.248 seconds
[2023-09-14T17:01:32.441+0000] {processor.py:156} INFO - Started process (PID=2695) to work on /home/airflow/.local/lib/python3.7/site-packages/airflow/example_dags/example_xcomargs.py
[2023-09-14T17:01:32.444+0000] {processor.py:799} INFO - Processing file /home/airflow/.local/lib/python3.7/site-packages/airflow/example_dags/example_xcomargs.py for tasks to queue
[2023-09-14T17:01:32.446+0000] {logging_mixin.py:149} INFO - [2023-09-14T17:01:32.445+0000] {dagbag.py:541} INFO - Filling up the DagBag from /home/airflow/.local/lib/python3.7/site-packages/airflow/example_dags/example_xcomargs.py
[2023-09-14T17:01:32.461+0000] {processor.py:809} INFO - DAG(s) dict_keys(['example_xcom_args', 'example_xcom_args_with_operators']) retrieved from /home/airflow/.local/lib/python3.7/site-packages/airflow/example_dags/example_xcomargs.py
[2023-09-14T17:01:32.511+0000] {logging_mixin.py:149} INFO - [2023-09-14T17:01:32.511+0000] {dag.py:2726} INFO - Sync 2 DAGs
[2023-09-14T17:01:32.570+0000] {logging_mixin.py:149} INFO - [2023-09-14T17:01:32.569+0000] {dag.py:3490} INFO - Setting next_dagrun for example_xcom_args to None, run_after=None
[2023-09-14T17:01:32.576+0000] {logging_mixin.py:149} INFO - [2023-09-14T17:01:32.575+0000] {dag.py:3490} INFO - Setting next_dagrun for example_xcom_args_with_operators to None, run_after=None
[2023-09-14T17:01:32.609+0000] {processor.py:178} INFO - Processing /home/airflow/.local/lib/python3.7/site-packages/airflow/example_dags/example_xcomargs.py took 0.175 seconds
[2023-09-14T17:02:02.952+0000] {processor.py:156} INFO - Started process (PID=2760) to work on /home/airflow/.local/lib/python3.7/site-packages/airflow/example_dags/example_xcomargs.py
[2023-09-14T17:02:02.954+0000] {processor.py:799} INFO - Processing file /home/airflow/.local/lib/python3.7/site-packages/airflow/example_dags/example_xcomargs.py for tasks to queue
[2023-09-14T17:02:02.956+0000] {logging_mixin.py:149} INFO - [2023-09-14T17:02:02.956+0000] {dagbag.py:541} INFO - Filling up the DagBag from /home/airflow/.local/lib/python3.7/site-packages/airflow/example_dags/example_xcomargs.py
[2023-09-14T17:02:02.969+0000] {processor.py:809} INFO - DAG(s) dict_keys(['example_xcom_args', 'example_xcom_args_with_operators']) retrieved from /home/airflow/.local/lib/python3.7/site-packages/airflow/example_dags/example_xcomargs.py
[2023-09-14T17:02:03.010+0000] {logging_mixin.py:149} INFO - [2023-09-14T17:02:03.010+0000] {dag.py:2726} INFO - Sync 2 DAGs
[2023-09-14T17:02:03.062+0000] {logging_mixin.py:149} INFO - [2023-09-14T17:02:03.062+0000] {dag.py:3490} INFO - Setting next_dagrun for example_xcom_args to None, run_after=None
[2023-09-14T17:02:03.068+0000] {logging_mixin.py:149} INFO - [2023-09-14T17:02:03.068+0000] {dag.py:3490} INFO - Setting next_dagrun for example_xcom_args_with_operators to None, run_after=None
[2023-09-14T17:02:03.097+0000] {processor.py:178} INFO - Processing /home/airflow/.local/lib/python3.7/site-packages/airflow/example_dags/example_xcomargs.py took 0.148 seconds
