[2023-09-14T16:11:02.058+0000] {processor.py:156} INFO - Started process (PID=85) to work on /home/airflow/.local/lib/python3.7/site-packages/airflow/example_dags/example_task_group.py
[2023-09-14T16:11:02.101+0000] {processor.py:799} INFO - Processing file /home/airflow/.local/lib/python3.7/site-packages/airflow/example_dags/example_task_group.py for tasks to queue
[2023-09-14T16:11:02.141+0000] {logging_mixin.py:149} INFO - [2023-09-14T16:11:02.139+0000] {dagbag.py:541} INFO - Filling up the DagBag from /home/airflow/.local/lib/python3.7/site-packages/airflow/example_dags/example_task_group.py
[2023-09-14T16:11:02.256+0000] {processor.py:809} INFO - DAG(s) dict_keys(['example_task_group']) retrieved from /home/airflow/.local/lib/python3.7/site-packages/airflow/example_dags/example_task_group.py
[2023-09-14T16:11:03.543+0000] {logging_mixin.py:149} INFO - [2023-09-14T16:11:03.542+0000] {dag.py:2726} INFO - Sync 1 DAGs
[2023-09-14T16:11:04.957+0000] {logging_mixin.py:149} INFO - [2023-09-14T16:11:04.957+0000] {dag.py:3490} INFO - Setting next_dagrun for example_task_group to 2023-09-13T16:11:04.925939+00:00, run_after=2023-09-14T16:11:04.925939+00:00
[2023-09-14T16:11:06.043+0000] {processor.py:178} INFO - Processing /home/airflow/.local/lib/python3.7/site-packages/airflow/example_dags/example_task_group.py took 4.044 seconds
[2023-09-14T16:11:57.065+0000] {processor.py:156} INFO - Started process (PID=153) to work on /home/airflow/.local/lib/python3.7/site-packages/airflow/example_dags/example_task_group.py
[2023-09-14T16:11:57.084+0000] {processor.py:799} INFO - Processing file /home/airflow/.local/lib/python3.7/site-packages/airflow/example_dags/example_task_group.py for tasks to queue
[2023-09-14T16:11:57.089+0000] {logging_mixin.py:149} INFO - [2023-09-14T16:11:57.089+0000] {dagbag.py:541} INFO - Filling up the DagBag from /home/airflow/.local/lib/python3.7/site-packages/airflow/example_dags/example_task_group.py
[2023-09-14T16:11:57.148+0000] {processor.py:809} INFO - DAG(s) dict_keys(['example_task_group']) retrieved from /home/airflow/.local/lib/python3.7/site-packages/airflow/example_dags/example_task_group.py
[2023-09-14T16:11:57.313+0000] {logging_mixin.py:149} INFO - [2023-09-14T16:11:57.312+0000] {dag.py:2726} INFO - Sync 1 DAGs
[2023-09-14T16:11:57.856+0000] {logging_mixin.py:149} INFO - [2023-09-14T16:11:57.856+0000] {dag.py:3490} INFO - Setting next_dagrun for example_task_group to 2023-09-13T16:11:57.855568+00:00, run_after=2023-09-14T16:11:57.855568+00:00
[2023-09-14T16:11:57.985+0000] {processor.py:178} INFO - Processing /home/airflow/.local/lib/python3.7/site-packages/airflow/example_dags/example_task_group.py took 0.957 seconds
[2023-09-14T16:12:34.005+0000] {processor.py:156} INFO - Started process (PID=215) to work on /home/airflow/.local/lib/python3.7/site-packages/airflow/example_dags/example_task_group.py
[2023-09-14T16:12:34.014+0000] {processor.py:799} INFO - Processing file /home/airflow/.local/lib/python3.7/site-packages/airflow/example_dags/example_task_group.py for tasks to queue
[2023-09-14T16:12:34.020+0000] {logging_mixin.py:149} INFO - [2023-09-14T16:12:34.019+0000] {dagbag.py:541} INFO - Filling up the DagBag from /home/airflow/.local/lib/python3.7/site-packages/airflow/example_dags/example_task_group.py
[2023-09-14T16:12:34.071+0000] {processor.py:809} INFO - DAG(s) dict_keys(['example_task_group']) retrieved from /home/airflow/.local/lib/python3.7/site-packages/airflow/example_dags/example_task_group.py
[2023-09-14T16:12:34.232+0000] {logging_mixin.py:149} INFO - [2023-09-14T16:12:34.231+0000] {dag.py:2726} INFO - Sync 1 DAGs
[2023-09-14T16:12:34.479+0000] {logging_mixin.py:149} INFO - [2023-09-14T16:12:34.479+0000] {dag.py:3490} INFO - Setting next_dagrun for example_task_group to 2023-09-13T16:12:34.475786+00:00, run_after=2023-09-14T16:12:34.475786+00:00
[2023-09-14T16:12:34.760+0000] {processor.py:178} INFO - Processing /home/airflow/.local/lib/python3.7/site-packages/airflow/example_dags/example_task_group.py took 0.769 seconds
[2023-09-14T16:13:10.959+0000] {processor.py:156} INFO - Started process (PID=275) to work on /home/airflow/.local/lib/python3.7/site-packages/airflow/example_dags/example_task_group.py
[2023-09-14T16:13:10.963+0000] {processor.py:799} INFO - Processing file /home/airflow/.local/lib/python3.7/site-packages/airflow/example_dags/example_task_group.py for tasks to queue
[2023-09-14T16:13:10.967+0000] {logging_mixin.py:149} INFO - [2023-09-14T16:13:10.966+0000] {dagbag.py:541} INFO - Filling up the DagBag from /home/airflow/.local/lib/python3.7/site-packages/airflow/example_dags/example_task_group.py
[2023-09-14T16:13:11.003+0000] {processor.py:809} INFO - DAG(s) dict_keys(['example_task_group']) retrieved from /home/airflow/.local/lib/python3.7/site-packages/airflow/example_dags/example_task_group.py
[2023-09-14T16:13:11.099+0000] {logging_mixin.py:149} INFO - [2023-09-14T16:13:11.099+0000] {dag.py:2726} INFO - Sync 1 DAGs
[2023-09-14T16:13:11.205+0000] {logging_mixin.py:149} INFO - [2023-09-14T16:13:11.205+0000] {dag.py:3490} INFO - Setting next_dagrun for example_task_group to 2023-09-13T16:13:11.204990+00:00, run_after=2023-09-14T16:13:11.204990+00:00
[2023-09-14T16:13:11.281+0000] {processor.py:178} INFO - Processing /home/airflow/.local/lib/python3.7/site-packages/airflow/example_dags/example_task_group.py took 0.338 seconds
[2023-09-14T16:13:46.273+0000] {processor.py:156} INFO - Started process (PID=327) to work on /home/airflow/.local/lib/python3.7/site-packages/airflow/example_dags/example_task_group.py
[2023-09-14T16:13:46.283+0000] {processor.py:799} INFO - Processing file /home/airflow/.local/lib/python3.7/site-packages/airflow/example_dags/example_task_group.py for tasks to queue
[2023-09-14T16:13:46.294+0000] {logging_mixin.py:149} INFO - [2023-09-14T16:13:46.293+0000] {dagbag.py:541} INFO - Filling up the DagBag from /home/airflow/.local/lib/python3.7/site-packages/airflow/example_dags/example_task_group.py
[2023-09-14T16:13:46.345+0000] {processor.py:809} INFO - DAG(s) dict_keys(['example_task_group']) retrieved from /home/airflow/.local/lib/python3.7/site-packages/airflow/example_dags/example_task_group.py
[2023-09-14T16:13:46.472+0000] {logging_mixin.py:149} INFO - [2023-09-14T16:13:46.471+0000] {dag.py:2726} INFO - Sync 1 DAGs
[2023-09-14T16:13:46.628+0000] {logging_mixin.py:149} INFO - [2023-09-14T16:13:46.628+0000] {dag.py:3490} INFO - Setting next_dagrun for example_task_group to 2023-09-13T16:13:46.627796+00:00, run_after=2023-09-14T16:13:46.627796+00:00
[2023-09-14T16:13:46.736+0000] {processor.py:178} INFO - Processing /home/airflow/.local/lib/python3.7/site-packages/airflow/example_dags/example_task_group.py took 0.482 seconds
[2023-09-14T16:14:21.298+0000] {processor.py:156} INFO - Started process (PID=389) to work on /home/airflow/.local/lib/python3.7/site-packages/airflow/example_dags/example_task_group.py
[2023-09-14T16:14:21.303+0000] {processor.py:799} INFO - Processing file /home/airflow/.local/lib/python3.7/site-packages/airflow/example_dags/example_task_group.py for tasks to queue
[2023-09-14T16:14:21.306+0000] {logging_mixin.py:149} INFO - [2023-09-14T16:14:21.305+0000] {dagbag.py:541} INFO - Filling up the DagBag from /home/airflow/.local/lib/python3.7/site-packages/airflow/example_dags/example_task_group.py
[2023-09-14T16:14:21.334+0000] {processor.py:809} INFO - DAG(s) dict_keys(['example_task_group']) retrieved from /home/airflow/.local/lib/python3.7/site-packages/airflow/example_dags/example_task_group.py
[2023-09-14T16:14:21.421+0000] {logging_mixin.py:149} INFO - [2023-09-14T16:14:21.421+0000] {dag.py:2726} INFO - Sync 1 DAGs
[2023-09-14T16:14:21.517+0000] {logging_mixin.py:149} INFO - [2023-09-14T16:14:21.516+0000] {dag.py:3490} INFO - Setting next_dagrun for example_task_group to 2023-09-13T16:14:21.516373+00:00, run_after=2023-09-14T16:14:21.516373+00:00
[2023-09-14T16:14:21.591+0000] {processor.py:178} INFO - Processing /home/airflow/.local/lib/python3.7/site-packages/airflow/example_dags/example_task_group.py took 0.302 seconds
[2023-09-14T16:14:52.379+0000] {processor.py:156} INFO - Started process (PID=451) to work on /home/airflow/.local/lib/python3.7/site-packages/airflow/example_dags/example_task_group.py
[2023-09-14T16:14:52.383+0000] {processor.py:799} INFO - Processing file /home/airflow/.local/lib/python3.7/site-packages/airflow/example_dags/example_task_group.py for tasks to queue
[2023-09-14T16:14:52.385+0000] {logging_mixin.py:149} INFO - [2023-09-14T16:14:52.385+0000] {dagbag.py:541} INFO - Filling up the DagBag from /home/airflow/.local/lib/python3.7/site-packages/airflow/example_dags/example_task_group.py
[2023-09-14T16:14:52.409+0000] {processor.py:809} INFO - DAG(s) dict_keys(['example_task_group']) retrieved from /home/airflow/.local/lib/python3.7/site-packages/airflow/example_dags/example_task_group.py
[2023-09-14T16:14:52.505+0000] {logging_mixin.py:149} INFO - [2023-09-14T16:14:52.505+0000] {dag.py:2726} INFO - Sync 1 DAGs
[2023-09-14T16:14:52.676+0000] {logging_mixin.py:149} INFO - [2023-09-14T16:14:52.676+0000] {dag.py:3490} INFO - Setting next_dagrun for example_task_group to 2023-09-13T16:14:52.670960+00:00, run_after=2023-09-14T16:14:52.670960+00:00
[2023-09-14T16:14:52.773+0000] {processor.py:178} INFO - Processing /home/airflow/.local/lib/python3.7/site-packages/airflow/example_dags/example_task_group.py took 0.407 seconds
[2023-09-14T16:15:23.119+0000] {processor.py:156} INFO - Started process (PID=511) to work on /home/airflow/.local/lib/python3.7/site-packages/airflow/example_dags/example_task_group.py
[2023-09-14T16:15:23.122+0000] {processor.py:799} INFO - Processing file /home/airflow/.local/lib/python3.7/site-packages/airflow/example_dags/example_task_group.py for tasks to queue
[2023-09-14T16:15:23.125+0000] {logging_mixin.py:149} INFO - [2023-09-14T16:15:23.125+0000] {dagbag.py:541} INFO - Filling up the DagBag from /home/airflow/.local/lib/python3.7/site-packages/airflow/example_dags/example_task_group.py
[2023-09-14T16:15:23.147+0000] {processor.py:809} INFO - DAG(s) dict_keys(['example_task_group']) retrieved from /home/airflow/.local/lib/python3.7/site-packages/airflow/example_dags/example_task_group.py
[2023-09-14T16:15:23.215+0000] {logging_mixin.py:149} INFO - [2023-09-14T16:15:23.215+0000] {dag.py:2726} INFO - Sync 1 DAGs
[2023-09-14T16:15:23.265+0000] {logging_mixin.py:149} INFO - [2023-09-14T16:15:23.265+0000] {dag.py:3490} INFO - Setting next_dagrun for example_task_group to 2023-09-13T16:15:23.264820+00:00, run_after=2023-09-14T16:15:23.264820+00:00
[2023-09-14T16:15:23.311+0000] {processor.py:178} INFO - Processing /home/airflow/.local/lib/python3.7/site-packages/airflow/example_dags/example_task_group.py took 0.200 seconds
[2023-09-14T16:15:53.905+0000] {processor.py:156} INFO - Started process (PID=572) to work on /home/airflow/.local/lib/python3.7/site-packages/airflow/example_dags/example_task_group.py
[2023-09-14T16:15:53.907+0000] {processor.py:799} INFO - Processing file /home/airflow/.local/lib/python3.7/site-packages/airflow/example_dags/example_task_group.py for tasks to queue
[2023-09-14T16:15:53.909+0000] {logging_mixin.py:149} INFO - [2023-09-14T16:15:53.909+0000] {dagbag.py:541} INFO - Filling up the DagBag from /home/airflow/.local/lib/python3.7/site-packages/airflow/example_dags/example_task_group.py
[2023-09-14T16:15:53.926+0000] {processor.py:809} INFO - DAG(s) dict_keys(['example_task_group']) retrieved from /home/airflow/.local/lib/python3.7/site-packages/airflow/example_dags/example_task_group.py
[2023-09-14T16:15:53.994+0000] {logging_mixin.py:149} INFO - [2023-09-14T16:15:53.994+0000] {dag.py:2726} INFO - Sync 1 DAGs
[2023-09-14T16:15:54.074+0000] {logging_mixin.py:149} INFO - [2023-09-14T16:15:54.073+0000] {dag.py:3490} INFO - Setting next_dagrun for example_task_group to 2023-09-13T16:15:54.073195+00:00, run_after=2023-09-14T16:15:54.073195+00:00
[2023-09-14T16:15:54.128+0000] {processor.py:178} INFO - Processing /home/airflow/.local/lib/python3.7/site-packages/airflow/example_dags/example_task_group.py took 0.230 seconds
[2023-09-14T16:16:24.235+0000] {processor.py:156} INFO - Started process (PID=633) to work on /home/airflow/.local/lib/python3.7/site-packages/airflow/example_dags/example_task_group.py
[2023-09-14T16:16:24.237+0000] {processor.py:799} INFO - Processing file /home/airflow/.local/lib/python3.7/site-packages/airflow/example_dags/example_task_group.py for tasks to queue
[2023-09-14T16:16:24.239+0000] {logging_mixin.py:149} INFO - [2023-09-14T16:16:24.239+0000] {dagbag.py:541} INFO - Filling up the DagBag from /home/airflow/.local/lib/python3.7/site-packages/airflow/example_dags/example_task_group.py
[2023-09-14T16:16:24.257+0000] {processor.py:809} INFO - DAG(s) dict_keys(['example_task_group']) retrieved from /home/airflow/.local/lib/python3.7/site-packages/airflow/example_dags/example_task_group.py
[2023-09-14T16:16:24.314+0000] {logging_mixin.py:149} INFO - [2023-09-14T16:16:24.314+0000] {dag.py:2726} INFO - Sync 1 DAGs
[2023-09-14T16:16:24.361+0000] {logging_mixin.py:149} INFO - [2023-09-14T16:16:24.360+0000] {dag.py:3490} INFO - Setting next_dagrun for example_task_group to 2023-09-13T16:16:24.360480+00:00, run_after=2023-09-14T16:16:24.360480+00:00
[2023-09-14T16:16:24.401+0000] {processor.py:178} INFO - Processing /home/airflow/.local/lib/python3.7/site-packages/airflow/example_dags/example_task_group.py took 0.173 seconds
[2023-09-14T16:16:55.168+0000] {processor.py:156} INFO - Started process (PID=694) to work on /home/airflow/.local/lib/python3.7/site-packages/airflow/example_dags/example_task_group.py
[2023-09-14T16:16:55.176+0000] {processor.py:799} INFO - Processing file /home/airflow/.local/lib/python3.7/site-packages/airflow/example_dags/example_task_group.py for tasks to queue
[2023-09-14T16:16:55.182+0000] {logging_mixin.py:149} INFO - [2023-09-14T16:16:55.181+0000] {dagbag.py:541} INFO - Filling up the DagBag from /home/airflow/.local/lib/python3.7/site-packages/airflow/example_dags/example_task_group.py
[2023-09-14T16:16:55.227+0000] {processor.py:809} INFO - DAG(s) dict_keys(['example_task_group']) retrieved from /home/airflow/.local/lib/python3.7/site-packages/airflow/example_dags/example_task_group.py
[2023-09-14T16:16:55.346+0000] {logging_mixin.py:149} INFO - [2023-09-14T16:16:55.346+0000] {dag.py:2726} INFO - Sync 1 DAGs
[2023-09-14T16:16:55.490+0000] {logging_mixin.py:149} INFO - [2023-09-14T16:16:55.490+0000] {dag.py:3490} INFO - Setting next_dagrun for example_task_group to 2023-09-13T16:16:55.489482+00:00, run_after=2023-09-14T16:16:55.489482+00:00
[2023-09-14T16:16:55.597+0000] {processor.py:178} INFO - Processing /home/airflow/.local/lib/python3.7/site-packages/airflow/example_dags/example_task_group.py took 0.445 seconds
[2023-09-14T16:36:01.589+0000] {processor.py:156} INFO - Started process (PID=71) to work on /home/airflow/.local/lib/python3.7/site-packages/airflow/example_dags/example_task_group.py
[2023-09-14T16:36:01.606+0000] {processor.py:799} INFO - Processing file /home/airflow/.local/lib/python3.7/site-packages/airflow/example_dags/example_task_group.py for tasks to queue
[2023-09-14T16:36:01.628+0000] {logging_mixin.py:149} INFO - [2023-09-14T16:36:01.627+0000] {dagbag.py:541} INFO - Filling up the DagBag from /home/airflow/.local/lib/python3.7/site-packages/airflow/example_dags/example_task_group.py
[2023-09-14T16:36:01.846+0000] {processor.py:809} INFO - DAG(s) dict_keys(['example_task_group']) retrieved from /home/airflow/.local/lib/python3.7/site-packages/airflow/example_dags/example_task_group.py
[2023-09-14T16:36:02.531+0000] {logging_mixin.py:149} INFO - [2023-09-14T16:36:02.530+0000] {dag.py:2726} INFO - Sync 1 DAGs
[2023-09-14T16:36:02.681+0000] {logging_mixin.py:149} INFO - [2023-09-14T16:36:02.681+0000] {dag.py:3490} INFO - Setting next_dagrun for example_task_group to 2023-09-13T16:36:02.680622+00:00, run_after=2023-09-14T16:36:02.680622+00:00
[2023-09-14T16:36:02.769+0000] {processor.py:178} INFO - Processing /home/airflow/.local/lib/python3.7/site-packages/airflow/example_dags/example_task_group.py took 1.254 seconds
[2023-09-14T16:36:37.581+0000] {processor.py:156} INFO - Started process (PID=131) to work on /home/airflow/.local/lib/python3.7/site-packages/airflow/example_dags/example_task_group.py
[2023-09-14T16:36:37.584+0000] {processor.py:799} INFO - Processing file /home/airflow/.local/lib/python3.7/site-packages/airflow/example_dags/example_task_group.py for tasks to queue
[2023-09-14T16:36:37.587+0000] {logging_mixin.py:149} INFO - [2023-09-14T16:36:37.586+0000] {dagbag.py:541} INFO - Filling up the DagBag from /home/airflow/.local/lib/python3.7/site-packages/airflow/example_dags/example_task_group.py
[2023-09-14T16:36:37.608+0000] {processor.py:809} INFO - DAG(s) dict_keys(['example_task_group']) retrieved from /home/airflow/.local/lib/python3.7/site-packages/airflow/example_dags/example_task_group.py
[2023-09-14T16:36:37.686+0000] {logging_mixin.py:149} INFO - [2023-09-14T16:36:37.685+0000] {dag.py:2726} INFO - Sync 1 DAGs
[2023-09-14T16:36:38.007+0000] {logging_mixin.py:149} INFO - [2023-09-14T16:36:38.007+0000] {dag.py:3490} INFO - Setting next_dagrun for example_task_group to 2023-09-13T16:36:38.007209+00:00, run_after=2023-09-14T16:36:38.007209+00:00
[2023-09-14T16:36:38.049+0000] {processor.py:178} INFO - Processing /home/airflow/.local/lib/python3.7/site-packages/airflow/example_dags/example_task_group.py took 0.476 seconds
[2023-09-14T16:39:08.384+0000] {processor.py:156} INFO - Started process (PID=64) to work on /home/airflow/.local/lib/python3.7/site-packages/airflow/example_dags/example_task_group.py
[2023-09-14T16:39:08.432+0000] {processor.py:799} INFO - Processing file /home/airflow/.local/lib/python3.7/site-packages/airflow/example_dags/example_task_group.py for tasks to queue
[2023-09-14T16:39:08.457+0000] {logging_mixin.py:149} INFO - [2023-09-14T16:39:08.455+0000] {dagbag.py:541} INFO - Filling up the DagBag from /home/airflow/.local/lib/python3.7/site-packages/airflow/example_dags/example_task_group.py
[2023-09-14T16:39:09.030+0000] {processor.py:809} INFO - DAG(s) dict_keys(['example_task_group']) retrieved from /home/airflow/.local/lib/python3.7/site-packages/airflow/example_dags/example_task_group.py
[2023-09-14T16:39:09.929+0000] {logging_mixin.py:149} INFO - [2023-09-14T16:39:09.928+0000] {dag.py:2726} INFO - Sync 1 DAGs
[2023-09-14T16:39:10.712+0000] {logging_mixin.py:149} INFO - [2023-09-14T16:39:10.710+0000] {dag.py:3490} INFO - Setting next_dagrun for example_task_group to 2023-09-13T16:39:10.587445+00:00, run_after=2023-09-14T16:39:10.587445+00:00
[2023-09-14T16:39:11.170+0000] {processor.py:178} INFO - Processing /home/airflow/.local/lib/python3.7/site-packages/airflow/example_dags/example_task_group.py took 2.894 seconds
[2023-09-14T16:39:41.432+0000] {processor.py:156} INFO - Started process (PID=123) to work on /home/airflow/.local/lib/python3.7/site-packages/airflow/example_dags/example_task_group.py
[2023-09-14T16:39:41.434+0000] {processor.py:799} INFO - Processing file /home/airflow/.local/lib/python3.7/site-packages/airflow/example_dags/example_task_group.py for tasks to queue
[2023-09-14T16:39:41.435+0000] {logging_mixin.py:149} INFO - [2023-09-14T16:39:41.435+0000] {dagbag.py:541} INFO - Filling up the DagBag from /home/airflow/.local/lib/python3.7/site-packages/airflow/example_dags/example_task_group.py
[2023-09-14T16:39:41.448+0000] {processor.py:809} INFO - DAG(s) dict_keys(['example_task_group']) retrieved from /home/airflow/.local/lib/python3.7/site-packages/airflow/example_dags/example_task_group.py
[2023-09-14T16:39:41.512+0000] {logging_mixin.py:149} INFO - [2023-09-14T16:39:41.512+0000] {dag.py:2726} INFO - Sync 1 DAGs
[2023-09-14T16:39:41.795+0000] {logging_mixin.py:149} INFO - [2023-09-14T16:39:41.795+0000] {dag.py:3490} INFO - Setting next_dagrun for example_task_group to 2023-09-13T16:39:41.794969+00:00, run_after=2023-09-14T16:39:41.794969+00:00
[2023-09-14T16:39:41.945+0000] {processor.py:178} INFO - Processing /home/airflow/.local/lib/python3.7/site-packages/airflow/example_dags/example_task_group.py took 0.518 seconds
[2023-09-14T16:40:14.774+0000] {processor.py:156} INFO - Started process (PID=191) to work on /home/airflow/.local/lib/python3.7/site-packages/airflow/example_dags/example_task_group.py
[2023-09-14T16:40:14.778+0000] {processor.py:799} INFO - Processing file /home/airflow/.local/lib/python3.7/site-packages/airflow/example_dags/example_task_group.py for tasks to queue
[2023-09-14T16:40:14.781+0000] {logging_mixin.py:149} INFO - [2023-09-14T16:40:14.780+0000] {dagbag.py:541} INFO - Filling up the DagBag from /home/airflow/.local/lib/python3.7/site-packages/airflow/example_dags/example_task_group.py
[2023-09-14T16:40:15.034+0000] {processor.py:809} INFO - DAG(s) dict_keys(['example_task_group']) retrieved from /home/airflow/.local/lib/python3.7/site-packages/airflow/example_dags/example_task_group.py
[2023-09-14T16:40:15.080+0000] {logging_mixin.py:149} INFO - [2023-09-14T16:40:15.080+0000] {dag.py:2726} INFO - Sync 1 DAGs
[2023-09-14T16:40:15.140+0000] {logging_mixin.py:149} INFO - [2023-09-14T16:40:15.139+0000] {dag.py:3490} INFO - Setting next_dagrun for example_task_group to 2023-09-13T16:40:15.139496+00:00, run_after=2023-09-14T16:40:15.139496+00:00
[2023-09-14T16:40:15.200+0000] {processor.py:178} INFO - Processing /home/airflow/.local/lib/python3.7/site-packages/airflow/example_dags/example_task_group.py took 0.433 seconds
[2023-09-14T16:40:45.803+0000] {processor.py:156} INFO - Started process (PID=252) to work on /home/airflow/.local/lib/python3.7/site-packages/airflow/example_dags/example_task_group.py
[2023-09-14T16:40:45.821+0000] {processor.py:799} INFO - Processing file /home/airflow/.local/lib/python3.7/site-packages/airflow/example_dags/example_task_group.py for tasks to queue
[2023-09-14T16:40:45.836+0000] {logging_mixin.py:149} INFO - [2023-09-14T16:40:45.835+0000] {dagbag.py:541} INFO - Filling up the DagBag from /home/airflow/.local/lib/python3.7/site-packages/airflow/example_dags/example_task_group.py
[2023-09-14T16:40:45.942+0000] {processor.py:809} INFO - DAG(s) dict_keys(['example_task_group']) retrieved from /home/airflow/.local/lib/python3.7/site-packages/airflow/example_dags/example_task_group.py
[2023-09-14T16:40:46.272+0000] {logging_mixin.py:149} INFO - [2023-09-14T16:40:46.260+0000] {dag.py:2726} INFO - Sync 1 DAGs
[2023-09-14T16:40:46.523+0000] {logging_mixin.py:149} INFO - [2023-09-14T16:40:46.522+0000] {dag.py:3490} INFO - Setting next_dagrun for example_task_group to 2023-09-13T16:40:46.521799+00:00, run_after=2023-09-14T16:40:46.521799+00:00
[2023-09-14T16:40:46.746+0000] {processor.py:178} INFO - Processing /home/airflow/.local/lib/python3.7/site-packages/airflow/example_dags/example_task_group.py took 0.965 seconds
[2023-09-14T16:41:16.987+0000] {processor.py:156} INFO - Started process (PID=313) to work on /home/airflow/.local/lib/python3.7/site-packages/airflow/example_dags/example_task_group.py
[2023-09-14T16:41:16.990+0000] {processor.py:799} INFO - Processing file /home/airflow/.local/lib/python3.7/site-packages/airflow/example_dags/example_task_group.py for tasks to queue
[2023-09-14T16:41:16.993+0000] {logging_mixin.py:149} INFO - [2023-09-14T16:41:16.992+0000] {dagbag.py:541} INFO - Filling up the DagBag from /home/airflow/.local/lib/python3.7/site-packages/airflow/example_dags/example_task_group.py
[2023-09-14T16:41:17.023+0000] {processor.py:809} INFO - DAG(s) dict_keys(['example_task_group']) retrieved from /home/airflow/.local/lib/python3.7/site-packages/airflow/example_dags/example_task_group.py
[2023-09-14T16:41:17.132+0000] {logging_mixin.py:149} INFO - [2023-09-14T16:41:17.131+0000] {dag.py:2726} INFO - Sync 1 DAGs
[2023-09-14T16:41:17.217+0000] {logging_mixin.py:149} INFO - [2023-09-14T16:41:17.216+0000] {dag.py:3490} INFO - Setting next_dagrun for example_task_group to 2023-09-13T16:41:17.215803+00:00, run_after=2023-09-14T16:41:17.215803+00:00
[2023-09-14T16:41:17.294+0000] {processor.py:178} INFO - Processing /home/airflow/.local/lib/python3.7/site-packages/airflow/example_dags/example_task_group.py took 0.321 seconds
[2023-09-14T16:41:47.524+0000] {processor.py:156} INFO - Started process (PID=373) to work on /home/airflow/.local/lib/python3.7/site-packages/airflow/example_dags/example_task_group.py
[2023-09-14T16:41:47.526+0000] {processor.py:799} INFO - Processing file /home/airflow/.local/lib/python3.7/site-packages/airflow/example_dags/example_task_group.py for tasks to queue
[2023-09-14T16:41:47.528+0000] {logging_mixin.py:149} INFO - [2023-09-14T16:41:47.528+0000] {dagbag.py:541} INFO - Filling up the DagBag from /home/airflow/.local/lib/python3.7/site-packages/airflow/example_dags/example_task_group.py
[2023-09-14T16:41:47.544+0000] {processor.py:809} INFO - DAG(s) dict_keys(['example_task_group']) retrieved from /home/airflow/.local/lib/python3.7/site-packages/airflow/example_dags/example_task_group.py
[2023-09-14T16:41:47.608+0000] {logging_mixin.py:149} INFO - [2023-09-14T16:41:47.608+0000] {dag.py:2726} INFO - Sync 1 DAGs
[2023-09-14T16:41:47.659+0000] {logging_mixin.py:149} INFO - [2023-09-14T16:41:47.658+0000] {dag.py:3490} INFO - Setting next_dagrun for example_task_group to 2023-09-13T16:41:47.658217+00:00, run_after=2023-09-14T16:41:47.658217+00:00
[2023-09-14T16:41:47.709+0000] {processor.py:178} INFO - Processing /home/airflow/.local/lib/python3.7/site-packages/airflow/example_dags/example_task_group.py took 0.190 seconds
[2023-09-14T16:42:18.014+0000] {processor.py:156} INFO - Started process (PID=434) to work on /home/airflow/.local/lib/python3.7/site-packages/airflow/example_dags/example_task_group.py
[2023-09-14T16:42:18.016+0000] {processor.py:799} INFO - Processing file /home/airflow/.local/lib/python3.7/site-packages/airflow/example_dags/example_task_group.py for tasks to queue
[2023-09-14T16:42:18.018+0000] {logging_mixin.py:149} INFO - [2023-09-14T16:42:18.017+0000] {dagbag.py:541} INFO - Filling up the DagBag from /home/airflow/.local/lib/python3.7/site-packages/airflow/example_dags/example_task_group.py
[2023-09-14T16:42:18.045+0000] {processor.py:809} INFO - DAG(s) dict_keys(['example_task_group']) retrieved from /home/airflow/.local/lib/python3.7/site-packages/airflow/example_dags/example_task_group.py
[2023-09-14T16:42:18.142+0000] {logging_mixin.py:149} INFO - [2023-09-14T16:42:18.142+0000] {dag.py:2726} INFO - Sync 1 DAGs
[2023-09-14T16:42:18.261+0000] {logging_mixin.py:149} INFO - [2023-09-14T16:42:18.261+0000] {dag.py:3490} INFO - Setting next_dagrun for example_task_group to 2023-09-13T16:42:18.260569+00:00, run_after=2023-09-14T16:42:18.260569+00:00
[2023-09-14T16:42:18.374+0000] {processor.py:178} INFO - Processing /home/airflow/.local/lib/python3.7/site-packages/airflow/example_dags/example_task_group.py took 0.367 seconds
[2023-09-14T16:42:49.598+0000] {processor.py:156} INFO - Started process (PID=497) to work on /home/airflow/.local/lib/python3.7/site-packages/airflow/example_dags/example_task_group.py
[2023-09-14T16:42:49.601+0000] {processor.py:799} INFO - Processing file /home/airflow/.local/lib/python3.7/site-packages/airflow/example_dags/example_task_group.py for tasks to queue
[2023-09-14T16:42:49.606+0000] {logging_mixin.py:149} INFO - [2023-09-14T16:42:49.604+0000] {dagbag.py:541} INFO - Filling up the DagBag from /home/airflow/.local/lib/python3.7/site-packages/airflow/example_dags/example_task_group.py
[2023-09-14T16:42:49.639+0000] {processor.py:809} INFO - DAG(s) dict_keys(['example_task_group']) retrieved from /home/airflow/.local/lib/python3.7/site-packages/airflow/example_dags/example_task_group.py
[2023-09-14T16:42:49.724+0000] {logging_mixin.py:149} INFO - [2023-09-14T16:42:49.723+0000] {dag.py:2726} INFO - Sync 1 DAGs
[2023-09-14T16:42:49.836+0000] {logging_mixin.py:149} INFO - [2023-09-14T16:42:49.835+0000] {dag.py:3490} INFO - Setting next_dagrun for example_task_group to 2023-09-13T16:42:49.835315+00:00, run_after=2023-09-14T16:42:49.835315+00:00
[2023-09-14T16:42:49.945+0000] {processor.py:178} INFO - Processing /home/airflow/.local/lib/python3.7/site-packages/airflow/example_dags/example_task_group.py took 0.359 seconds
[2023-09-14T16:43:20.476+0000] {processor.py:156} INFO - Started process (PID=558) to work on /home/airflow/.local/lib/python3.7/site-packages/airflow/example_dags/example_task_group.py
[2023-09-14T16:43:20.478+0000] {processor.py:799} INFO - Processing file /home/airflow/.local/lib/python3.7/site-packages/airflow/example_dags/example_task_group.py for tasks to queue
[2023-09-14T16:43:20.481+0000] {logging_mixin.py:149} INFO - [2023-09-14T16:43:20.480+0000] {dagbag.py:541} INFO - Filling up the DagBag from /home/airflow/.local/lib/python3.7/site-packages/airflow/example_dags/example_task_group.py
[2023-09-14T16:43:20.501+0000] {processor.py:809} INFO - DAG(s) dict_keys(['example_task_group']) retrieved from /home/airflow/.local/lib/python3.7/site-packages/airflow/example_dags/example_task_group.py
[2023-09-14T16:43:20.568+0000] {logging_mixin.py:149} INFO - [2023-09-14T16:43:20.567+0000] {dag.py:2726} INFO - Sync 1 DAGs
[2023-09-14T16:43:20.626+0000] {logging_mixin.py:149} INFO - [2023-09-14T16:43:20.625+0000] {dag.py:3490} INFO - Setting next_dagrun for example_task_group to 2023-09-13T16:43:20.625102+00:00, run_after=2023-09-14T16:43:20.625102+00:00
[2023-09-14T16:43:20.691+0000] {processor.py:178} INFO - Processing /home/airflow/.local/lib/python3.7/site-packages/airflow/example_dags/example_task_group.py took 0.220 seconds
[2023-09-14T16:43:51.125+0000] {processor.py:156} INFO - Started process (PID=619) to work on /home/airflow/.local/lib/python3.7/site-packages/airflow/example_dags/example_task_group.py
[2023-09-14T16:43:51.127+0000] {processor.py:799} INFO - Processing file /home/airflow/.local/lib/python3.7/site-packages/airflow/example_dags/example_task_group.py for tasks to queue
[2023-09-14T16:43:51.130+0000] {logging_mixin.py:149} INFO - [2023-09-14T16:43:51.130+0000] {dagbag.py:541} INFO - Filling up the DagBag from /home/airflow/.local/lib/python3.7/site-packages/airflow/example_dags/example_task_group.py
[2023-09-14T16:43:51.156+0000] {processor.py:809} INFO - DAG(s) dict_keys(['example_task_group']) retrieved from /home/airflow/.local/lib/python3.7/site-packages/airflow/example_dags/example_task_group.py
[2023-09-14T16:43:51.220+0000] {logging_mixin.py:149} INFO - [2023-09-14T16:43:51.219+0000] {dag.py:2726} INFO - Sync 1 DAGs
[2023-09-14T16:43:51.287+0000] {logging_mixin.py:149} INFO - [2023-09-14T16:43:51.286+0000] {dag.py:3490} INFO - Setting next_dagrun for example_task_group to 2023-09-13T16:43:51.286529+00:00, run_after=2023-09-14T16:43:51.286529+00:00
[2023-09-14T16:43:51.333+0000] {processor.py:178} INFO - Processing /home/airflow/.local/lib/python3.7/site-packages/airflow/example_dags/example_task_group.py took 0.214 seconds
[2023-09-14T16:44:22.563+0000] {processor.py:156} INFO - Started process (PID=681) to work on /home/airflow/.local/lib/python3.7/site-packages/airflow/example_dags/example_task_group.py
[2023-09-14T16:44:22.566+0000] {processor.py:799} INFO - Processing file /home/airflow/.local/lib/python3.7/site-packages/airflow/example_dags/example_task_group.py for tasks to queue
[2023-09-14T16:44:22.569+0000] {logging_mixin.py:149} INFO - [2023-09-14T16:44:22.568+0000] {dagbag.py:541} INFO - Filling up the DagBag from /home/airflow/.local/lib/python3.7/site-packages/airflow/example_dags/example_task_group.py
[2023-09-14T16:44:22.593+0000] {processor.py:809} INFO - DAG(s) dict_keys(['example_task_group']) retrieved from /home/airflow/.local/lib/python3.7/site-packages/airflow/example_dags/example_task_group.py
[2023-09-14T16:44:22.641+0000] {logging_mixin.py:149} INFO - [2023-09-14T16:44:22.641+0000] {dag.py:2726} INFO - Sync 1 DAGs
[2023-09-14T16:44:22.691+0000] {logging_mixin.py:149} INFO - [2023-09-14T16:44:22.691+0000] {dag.py:3490} INFO - Setting next_dagrun for example_task_group to 2023-09-13T16:44:22.690958+00:00, run_after=2023-09-14T16:44:22.690958+00:00
[2023-09-14T16:44:22.736+0000] {processor.py:178} INFO - Processing /home/airflow/.local/lib/python3.7/site-packages/airflow/example_dags/example_task_group.py took 0.178 seconds
[2023-09-14T16:44:57.115+0000] {processor.py:156} INFO - Started process (PID=742) to work on /home/airflow/.local/lib/python3.7/site-packages/airflow/example_dags/example_task_group.py
[2023-09-14T16:44:57.118+0000] {processor.py:799} INFO - Processing file /home/airflow/.local/lib/python3.7/site-packages/airflow/example_dags/example_task_group.py for tasks to queue
[2023-09-14T16:44:57.121+0000] {logging_mixin.py:149} INFO - [2023-09-14T16:44:57.120+0000] {dagbag.py:541} INFO - Filling up the DagBag from /home/airflow/.local/lib/python3.7/site-packages/airflow/example_dags/example_task_group.py
[2023-09-14T16:44:57.165+0000] {processor.py:809} INFO - DAG(s) dict_keys(['example_task_group']) retrieved from /home/airflow/.local/lib/python3.7/site-packages/airflow/example_dags/example_task_group.py
[2023-09-14T16:44:57.299+0000] {logging_mixin.py:149} INFO - [2023-09-14T16:44:57.298+0000] {dag.py:2726} INFO - Sync 1 DAGs
[2023-09-14T16:44:57.394+0000] {logging_mixin.py:149} INFO - [2023-09-14T16:44:57.394+0000] {dag.py:3490} INFO - Setting next_dagrun for example_task_group to 2023-09-13T16:44:57.391614+00:00, run_after=2023-09-14T16:44:57.391614+00:00
[2023-09-14T16:44:57.472+0000] {processor.py:178} INFO - Processing /home/airflow/.local/lib/python3.7/site-packages/airflow/example_dags/example_task_group.py took 0.364 seconds
[2023-09-14T16:45:27.843+0000] {processor.py:156} INFO - Started process (PID=804) to work on /home/airflow/.local/lib/python3.7/site-packages/airflow/example_dags/example_task_group.py
[2023-09-14T16:45:27.844+0000] {processor.py:799} INFO - Processing file /home/airflow/.local/lib/python3.7/site-packages/airflow/example_dags/example_task_group.py for tasks to queue
[2023-09-14T16:45:27.846+0000] {logging_mixin.py:149} INFO - [2023-09-14T16:45:27.845+0000] {dagbag.py:541} INFO - Filling up the DagBag from /home/airflow/.local/lib/python3.7/site-packages/airflow/example_dags/example_task_group.py
[2023-09-14T16:45:27.869+0000] {processor.py:809} INFO - DAG(s) dict_keys(['example_task_group']) retrieved from /home/airflow/.local/lib/python3.7/site-packages/airflow/example_dags/example_task_group.py
[2023-09-14T16:45:27.910+0000] {logging_mixin.py:149} INFO - [2023-09-14T16:45:27.910+0000] {dag.py:2726} INFO - Sync 1 DAGs
[2023-09-14T16:45:27.955+0000] {logging_mixin.py:149} INFO - [2023-09-14T16:45:27.955+0000] {dag.py:3490} INFO - Setting next_dagrun for example_task_group to 2023-09-13T16:45:27.955098+00:00, run_after=2023-09-14T16:45:27.955098+00:00
[2023-09-14T16:45:28.003+0000] {processor.py:178} INFO - Processing /home/airflow/.local/lib/python3.7/site-packages/airflow/example_dags/example_task_group.py took 0.163 seconds
[2023-09-14T16:46:00.488+0000] {processor.py:156} INFO - Started process (PID=864) to work on /home/airflow/.local/lib/python3.7/site-packages/airflow/example_dags/example_task_group.py
[2023-09-14T16:46:00.491+0000] {processor.py:799} INFO - Processing file /home/airflow/.local/lib/python3.7/site-packages/airflow/example_dags/example_task_group.py for tasks to queue
[2023-09-14T16:46:00.498+0000] {logging_mixin.py:149} INFO - [2023-09-14T16:46:00.497+0000] {dagbag.py:541} INFO - Filling up the DagBag from /home/airflow/.local/lib/python3.7/site-packages/airflow/example_dags/example_task_group.py
[2023-09-14T16:46:00.554+0000] {processor.py:809} INFO - DAG(s) dict_keys(['example_task_group']) retrieved from /home/airflow/.local/lib/python3.7/site-packages/airflow/example_dags/example_task_group.py
[2023-09-14T16:46:00.681+0000] {logging_mixin.py:149} INFO - [2023-09-14T16:46:00.680+0000] {dag.py:2726} INFO - Sync 1 DAGs
[2023-09-14T16:46:00.851+0000] {logging_mixin.py:149} INFO - [2023-09-14T16:46:00.851+0000] {dag.py:3490} INFO - Setting next_dagrun for example_task_group to 2023-09-13T16:46:00.850431+00:00, run_after=2023-09-14T16:46:00.850431+00:00
[2023-09-14T16:46:00.939+0000] {processor.py:178} INFO - Processing /home/airflow/.local/lib/python3.7/site-packages/airflow/example_dags/example_task_group.py took 0.463 seconds
[2023-09-14T16:46:31.295+0000] {processor.py:156} INFO - Started process (PID=925) to work on /home/airflow/.local/lib/python3.7/site-packages/airflow/example_dags/example_task_group.py
[2023-09-14T16:46:31.298+0000] {processor.py:799} INFO - Processing file /home/airflow/.local/lib/python3.7/site-packages/airflow/example_dags/example_task_group.py for tasks to queue
[2023-09-14T16:46:31.301+0000] {logging_mixin.py:149} INFO - [2023-09-14T16:46:31.301+0000] {dagbag.py:541} INFO - Filling up the DagBag from /home/airflow/.local/lib/python3.7/site-packages/airflow/example_dags/example_task_group.py
[2023-09-14T16:46:31.327+0000] {processor.py:809} INFO - DAG(s) dict_keys(['example_task_group']) retrieved from /home/airflow/.local/lib/python3.7/site-packages/airflow/example_dags/example_task_group.py
[2023-09-14T16:46:31.403+0000] {logging_mixin.py:149} INFO - [2023-09-14T16:46:31.403+0000] {dag.py:2726} INFO - Sync 1 DAGs
[2023-09-14T16:46:31.474+0000] {logging_mixin.py:149} INFO - [2023-09-14T16:46:31.473+0000] {dag.py:3490} INFO - Setting next_dagrun for example_task_group to 2023-09-13T16:46:31.471701+00:00, run_after=2023-09-14T16:46:31.471701+00:00
[2023-09-14T16:46:31.574+0000] {processor.py:178} INFO - Processing /home/airflow/.local/lib/python3.7/site-packages/airflow/example_dags/example_task_group.py took 0.287 seconds
[2023-09-14T16:47:01.926+0000] {processor.py:156} INFO - Started process (PID=982) to work on /home/airflow/.local/lib/python3.7/site-packages/airflow/example_dags/example_task_group.py
[2023-09-14T16:47:01.930+0000] {processor.py:799} INFO - Processing file /home/airflow/.local/lib/python3.7/site-packages/airflow/example_dags/example_task_group.py for tasks to queue
[2023-09-14T16:47:01.949+0000] {logging_mixin.py:149} INFO - [2023-09-14T16:47:01.948+0000] {dagbag.py:541} INFO - Filling up the DagBag from /home/airflow/.local/lib/python3.7/site-packages/airflow/example_dags/example_task_group.py
[2023-09-14T16:47:02.024+0000] {processor.py:809} INFO - DAG(s) dict_keys(['example_task_group']) retrieved from /home/airflow/.local/lib/python3.7/site-packages/airflow/example_dags/example_task_group.py
[2023-09-14T16:47:02.126+0000] {logging_mixin.py:149} INFO - [2023-09-14T16:47:02.126+0000] {dag.py:2726} INFO - Sync 1 DAGs
[2023-09-14T16:47:02.264+0000] {logging_mixin.py:149} INFO - [2023-09-14T16:47:02.263+0000] {dag.py:3490} INFO - Setting next_dagrun for example_task_group to 2023-09-13T16:47:02.263404+00:00, run_after=2023-09-14T16:47:02.263404+00:00
[2023-09-14T16:47:02.336+0000] {processor.py:178} INFO - Processing /home/airflow/.local/lib/python3.7/site-packages/airflow/example_dags/example_task_group.py took 0.422 seconds
[2023-09-14T16:47:33.723+0000] {processor.py:156} INFO - Started process (PID=1038) to work on /home/airflow/.local/lib/python3.7/site-packages/airflow/example_dags/example_task_group.py
[2023-09-14T16:47:33.727+0000] {processor.py:799} INFO - Processing file /home/airflow/.local/lib/python3.7/site-packages/airflow/example_dags/example_task_group.py for tasks to queue
[2023-09-14T16:47:33.731+0000] {logging_mixin.py:149} INFO - [2023-09-14T16:47:33.730+0000] {dagbag.py:541} INFO - Filling up the DagBag from /home/airflow/.local/lib/python3.7/site-packages/airflow/example_dags/example_task_group.py
[2023-09-14T16:47:33.777+0000] {processor.py:809} INFO - DAG(s) dict_keys(['example_task_group']) retrieved from /home/airflow/.local/lib/python3.7/site-packages/airflow/example_dags/example_task_group.py
[2023-09-14T16:47:33.869+0000] {logging_mixin.py:149} INFO - [2023-09-14T16:47:33.869+0000] {dag.py:2726} INFO - Sync 1 DAGs
[2023-09-14T16:47:33.959+0000] {logging_mixin.py:149} INFO - [2023-09-14T16:47:33.959+0000] {dag.py:3490} INFO - Setting next_dagrun for example_task_group to 2023-09-13T16:47:33.958330+00:00, run_after=2023-09-14T16:47:33.958330+00:00
[2023-09-14T16:47:34.076+0000] {processor.py:178} INFO - Processing /home/airflow/.local/lib/python3.7/site-packages/airflow/example_dags/example_task_group.py took 0.364 seconds
[2023-09-14T16:48:04.509+0000] {processor.py:156} INFO - Started process (PID=1099) to work on /home/airflow/.local/lib/python3.7/site-packages/airflow/example_dags/example_task_group.py
[2023-09-14T16:48:04.513+0000] {processor.py:799} INFO - Processing file /home/airflow/.local/lib/python3.7/site-packages/airflow/example_dags/example_task_group.py for tasks to queue
[2023-09-14T16:48:04.517+0000] {logging_mixin.py:149} INFO - [2023-09-14T16:48:04.517+0000] {dagbag.py:541} INFO - Filling up the DagBag from /home/airflow/.local/lib/python3.7/site-packages/airflow/example_dags/example_task_group.py
[2023-09-14T16:48:04.546+0000] {processor.py:809} INFO - DAG(s) dict_keys(['example_task_group']) retrieved from /home/airflow/.local/lib/python3.7/site-packages/airflow/example_dags/example_task_group.py
[2023-09-14T16:48:04.630+0000] {logging_mixin.py:149} INFO - [2023-09-14T16:48:04.629+0000] {dag.py:2726} INFO - Sync 1 DAGs
[2023-09-14T16:48:04.707+0000] {logging_mixin.py:149} INFO - [2023-09-14T16:48:04.707+0000] {dag.py:3490} INFO - Setting next_dagrun for example_task_group to 2023-09-13T16:48:04.706847+00:00, run_after=2023-09-14T16:48:04.706847+00:00
[2023-09-14T16:48:04.811+0000] {processor.py:178} INFO - Processing /home/airflow/.local/lib/python3.7/site-packages/airflow/example_dags/example_task_group.py took 0.313 seconds
[2023-09-14T16:48:36.194+0000] {processor.py:156} INFO - Started process (PID=1160) to work on /home/airflow/.local/lib/python3.7/site-packages/airflow/example_dags/example_task_group.py
[2023-09-14T16:48:36.197+0000] {processor.py:799} INFO - Processing file /home/airflow/.local/lib/python3.7/site-packages/airflow/example_dags/example_task_group.py for tasks to queue
[2023-09-14T16:48:36.200+0000] {logging_mixin.py:149} INFO - [2023-09-14T16:48:36.200+0000] {dagbag.py:541} INFO - Filling up the DagBag from /home/airflow/.local/lib/python3.7/site-packages/airflow/example_dags/example_task_group.py
[2023-09-14T16:48:36.229+0000] {processor.py:809} INFO - DAG(s) dict_keys(['example_task_group']) retrieved from /home/airflow/.local/lib/python3.7/site-packages/airflow/example_dags/example_task_group.py
[2023-09-14T16:48:36.287+0000] {logging_mixin.py:149} INFO - [2023-09-14T16:48:36.287+0000] {dag.py:2726} INFO - Sync 1 DAGs
[2023-09-14T16:48:36.351+0000] {logging_mixin.py:149} INFO - [2023-09-14T16:48:36.351+0000] {dag.py:3490} INFO - Setting next_dagrun for example_task_group to 2023-09-13T16:48:36.350757+00:00, run_after=2023-09-14T16:48:36.350757+00:00
[2023-09-14T16:48:36.437+0000] {processor.py:178} INFO - Processing /home/airflow/.local/lib/python3.7/site-packages/airflow/example_dags/example_task_group.py took 0.250 seconds
[2023-09-14T16:49:08.112+0000] {processor.py:156} INFO - Started process (PID=1221) to work on /home/airflow/.local/lib/python3.7/site-packages/airflow/example_dags/example_task_group.py
[2023-09-14T16:49:08.118+0000] {processor.py:799} INFO - Processing file /home/airflow/.local/lib/python3.7/site-packages/airflow/example_dags/example_task_group.py for tasks to queue
[2023-09-14T16:49:08.132+0000] {logging_mixin.py:149} INFO - [2023-09-14T16:49:08.130+0000] {dagbag.py:541} INFO - Filling up the DagBag from /home/airflow/.local/lib/python3.7/site-packages/airflow/example_dags/example_task_group.py
[2023-09-14T16:49:08.219+0000] {processor.py:809} INFO - DAG(s) dict_keys(['example_task_group']) retrieved from /home/airflow/.local/lib/python3.7/site-packages/airflow/example_dags/example_task_group.py
[2023-09-14T16:49:08.367+0000] {logging_mixin.py:149} INFO - [2023-09-14T16:49:08.366+0000] {dag.py:2726} INFO - Sync 1 DAGs
[2023-09-14T16:49:08.475+0000] {logging_mixin.py:149} INFO - [2023-09-14T16:49:08.474+0000] {dag.py:3490} INFO - Setting next_dagrun for example_task_group to 2023-09-13T16:49:08.473604+00:00, run_after=2023-09-14T16:49:08.473604+00:00
[2023-09-14T16:49:08.571+0000] {processor.py:178} INFO - Processing /home/airflow/.local/lib/python3.7/site-packages/airflow/example_dags/example_task_group.py took 0.502 seconds
[2023-09-14T16:49:38.968+0000] {processor.py:156} INFO - Started process (PID=1282) to work on /home/airflow/.local/lib/python3.7/site-packages/airflow/example_dags/example_task_group.py
[2023-09-14T16:49:38.972+0000] {processor.py:799} INFO - Processing file /home/airflow/.local/lib/python3.7/site-packages/airflow/example_dags/example_task_group.py for tasks to queue
[2023-09-14T16:49:38.975+0000] {logging_mixin.py:149} INFO - [2023-09-14T16:49:38.975+0000] {dagbag.py:541} INFO - Filling up the DagBag from /home/airflow/.local/lib/python3.7/site-packages/airflow/example_dags/example_task_group.py
[2023-09-14T16:49:38.997+0000] {processor.py:809} INFO - DAG(s) dict_keys(['example_task_group']) retrieved from /home/airflow/.local/lib/python3.7/site-packages/airflow/example_dags/example_task_group.py
[2023-09-14T16:49:39.093+0000] {logging_mixin.py:149} INFO - [2023-09-14T16:49:39.091+0000] {dag.py:2726} INFO - Sync 1 DAGs
[2023-09-14T16:49:39.184+0000] {logging_mixin.py:149} INFO - [2023-09-14T16:49:39.183+0000] {dag.py:3490} INFO - Setting next_dagrun for example_task_group to 2023-09-13T16:49:39.183099+00:00, run_after=2023-09-14T16:49:39.183099+00:00
[2023-09-14T16:49:39.267+0000] {processor.py:178} INFO - Processing /home/airflow/.local/lib/python3.7/site-packages/airflow/example_dags/example_task_group.py took 0.310 seconds
[2023-09-14T16:50:10.329+0000] {processor.py:156} INFO - Started process (PID=1343) to work on /home/airflow/.local/lib/python3.7/site-packages/airflow/example_dags/example_task_group.py
[2023-09-14T16:50:10.333+0000] {processor.py:799} INFO - Processing file /home/airflow/.local/lib/python3.7/site-packages/airflow/example_dags/example_task_group.py for tasks to queue
[2023-09-14T16:50:10.336+0000] {logging_mixin.py:149} INFO - [2023-09-14T16:50:10.336+0000] {dagbag.py:541} INFO - Filling up the DagBag from /home/airflow/.local/lib/python3.7/site-packages/airflow/example_dags/example_task_group.py
[2023-09-14T16:50:10.385+0000] {processor.py:809} INFO - DAG(s) dict_keys(['example_task_group']) retrieved from /home/airflow/.local/lib/python3.7/site-packages/airflow/example_dags/example_task_group.py
[2023-09-14T16:50:10.492+0000] {logging_mixin.py:149} INFO - [2023-09-14T16:50:10.492+0000] {dag.py:2726} INFO - Sync 1 DAGs
[2023-09-14T16:50:10.644+0000] {logging_mixin.py:149} INFO - [2023-09-14T16:50:10.643+0000] {dag.py:3490} INFO - Setting next_dagrun for example_task_group to 2023-09-13T16:50:10.642795+00:00, run_after=2023-09-14T16:50:10.642795+00:00
[2023-09-14T16:50:10.726+0000] {processor.py:178} INFO - Processing /home/airflow/.local/lib/python3.7/site-packages/airflow/example_dags/example_task_group.py took 0.412 seconds
[2023-09-14T16:50:42.876+0000] {processor.py:156} INFO - Started process (PID=1404) to work on /home/airflow/.local/lib/python3.7/site-packages/airflow/example_dags/example_task_group.py
[2023-09-14T16:50:42.880+0000] {processor.py:799} INFO - Processing file /home/airflow/.local/lib/python3.7/site-packages/airflow/example_dags/example_task_group.py for tasks to queue
[2023-09-14T16:50:42.884+0000] {logging_mixin.py:149} INFO - [2023-09-14T16:50:42.884+0000] {dagbag.py:541} INFO - Filling up the DagBag from /home/airflow/.local/lib/python3.7/site-packages/airflow/example_dags/example_task_group.py
[2023-09-14T16:50:42.913+0000] {processor.py:809} INFO - DAG(s) dict_keys(['example_task_group']) retrieved from /home/airflow/.local/lib/python3.7/site-packages/airflow/example_dags/example_task_group.py
[2023-09-14T16:50:42.994+0000] {logging_mixin.py:149} INFO - [2023-09-14T16:50:42.993+0000] {dag.py:2726} INFO - Sync 1 DAGs
[2023-09-14T16:50:43.072+0000] {logging_mixin.py:149} INFO - [2023-09-14T16:50:43.072+0000] {dag.py:3490} INFO - Setting next_dagrun for example_task_group to 2023-09-13T16:50:43.072033+00:00, run_after=2023-09-14T16:50:43.072033+00:00
[2023-09-14T16:50:43.189+0000] {processor.py:178} INFO - Processing /home/airflow/.local/lib/python3.7/site-packages/airflow/example_dags/example_task_group.py took 0.322 seconds
[2023-09-14T16:51:13.789+0000] {processor.py:156} INFO - Started process (PID=1465) to work on /home/airflow/.local/lib/python3.7/site-packages/airflow/example_dags/example_task_group.py
[2023-09-14T16:51:13.793+0000] {processor.py:799} INFO - Processing file /home/airflow/.local/lib/python3.7/site-packages/airflow/example_dags/example_task_group.py for tasks to queue
[2023-09-14T16:51:13.797+0000] {logging_mixin.py:149} INFO - [2023-09-14T16:51:13.797+0000] {dagbag.py:541} INFO - Filling up the DagBag from /home/airflow/.local/lib/python3.7/site-packages/airflow/example_dags/example_task_group.py
[2023-09-14T16:51:13.828+0000] {processor.py:809} INFO - DAG(s) dict_keys(['example_task_group']) retrieved from /home/airflow/.local/lib/python3.7/site-packages/airflow/example_dags/example_task_group.py
[2023-09-14T16:51:13.928+0000] {logging_mixin.py:149} INFO - [2023-09-14T16:51:13.927+0000] {dag.py:2726} INFO - Sync 1 DAGs
[2023-09-14T16:51:14.034+0000] {logging_mixin.py:149} INFO - [2023-09-14T16:51:14.033+0000] {dag.py:3490} INFO - Setting next_dagrun for example_task_group to 2023-09-13T16:51:14.032749+00:00, run_after=2023-09-14T16:51:14.032749+00:00
[2023-09-14T16:51:14.140+0000] {processor.py:178} INFO - Processing /home/airflow/.local/lib/python3.7/site-packages/airflow/example_dags/example_task_group.py took 0.359 seconds
[2023-09-14T16:51:44.395+0000] {processor.py:156} INFO - Started process (PID=1525) to work on /home/airflow/.local/lib/python3.7/site-packages/airflow/example_dags/example_task_group.py
[2023-09-14T16:51:44.399+0000] {processor.py:799} INFO - Processing file /home/airflow/.local/lib/python3.7/site-packages/airflow/example_dags/example_task_group.py for tasks to queue
[2023-09-14T16:51:44.402+0000] {logging_mixin.py:149} INFO - [2023-09-14T16:51:44.401+0000] {dagbag.py:541} INFO - Filling up the DagBag from /home/airflow/.local/lib/python3.7/site-packages/airflow/example_dags/example_task_group.py
[2023-09-14T16:51:44.417+0000] {processor.py:809} INFO - DAG(s) dict_keys(['example_task_group']) retrieved from /home/airflow/.local/lib/python3.7/site-packages/airflow/example_dags/example_task_group.py
[2023-09-14T16:51:44.469+0000] {logging_mixin.py:149} INFO - [2023-09-14T16:51:44.469+0000] {dag.py:2726} INFO - Sync 1 DAGs
[2023-09-14T16:51:44.535+0000] {logging_mixin.py:149} INFO - [2023-09-14T16:51:44.535+0000] {dag.py:3490} INFO - Setting next_dagrun for example_task_group to 2023-09-13T16:51:44.535322+00:00, run_after=2023-09-14T16:51:44.535322+00:00
[2023-09-14T16:51:44.639+0000] {processor.py:178} INFO - Processing /home/airflow/.local/lib/python3.7/site-packages/airflow/example_dags/example_task_group.py took 0.254 seconds
[2023-09-14T16:52:15.163+0000] {processor.py:156} INFO - Started process (PID=1587) to work on /home/airflow/.local/lib/python3.7/site-packages/airflow/example_dags/example_task_group.py
[2023-09-14T16:52:15.166+0000] {processor.py:799} INFO - Processing file /home/airflow/.local/lib/python3.7/site-packages/airflow/example_dags/example_task_group.py for tasks to queue
[2023-09-14T16:52:15.173+0000] {logging_mixin.py:149} INFO - [2023-09-14T16:52:15.173+0000] {dagbag.py:541} INFO - Filling up the DagBag from /home/airflow/.local/lib/python3.7/site-packages/airflow/example_dags/example_task_group.py
[2023-09-14T16:52:15.214+0000] {processor.py:809} INFO - DAG(s) dict_keys(['example_task_group']) retrieved from /home/airflow/.local/lib/python3.7/site-packages/airflow/example_dags/example_task_group.py
[2023-09-14T16:52:15.350+0000] {logging_mixin.py:149} INFO - [2023-09-14T16:52:15.349+0000] {dag.py:2726} INFO - Sync 1 DAGs
[2023-09-14T16:52:15.459+0000] {logging_mixin.py:149} INFO - [2023-09-14T16:52:15.459+0000] {dag.py:3490} INFO - Setting next_dagrun for example_task_group to 2023-09-13T16:52:15.456776+00:00, run_after=2023-09-14T16:52:15.456776+00:00
[2023-09-14T16:52:15.568+0000] {processor.py:178} INFO - Processing /home/airflow/.local/lib/python3.7/site-packages/airflow/example_dags/example_task_group.py took 0.418 seconds
[2023-09-14T16:52:45.919+0000] {processor.py:156} INFO - Started process (PID=1648) to work on /home/airflow/.local/lib/python3.7/site-packages/airflow/example_dags/example_task_group.py
[2023-09-14T16:52:45.922+0000] {processor.py:799} INFO - Processing file /home/airflow/.local/lib/python3.7/site-packages/airflow/example_dags/example_task_group.py for tasks to queue
[2023-09-14T16:52:45.927+0000] {logging_mixin.py:149} INFO - [2023-09-14T16:52:45.926+0000] {dagbag.py:541} INFO - Filling up the DagBag from /home/airflow/.local/lib/python3.7/site-packages/airflow/example_dags/example_task_group.py
[2023-09-14T16:52:45.953+0000] {processor.py:809} INFO - DAG(s) dict_keys(['example_task_group']) retrieved from /home/airflow/.local/lib/python3.7/site-packages/airflow/example_dags/example_task_group.py
[2023-09-14T16:52:46.041+0000] {logging_mixin.py:149} INFO - [2023-09-14T16:52:46.040+0000] {dag.py:2726} INFO - Sync 1 DAGs
[2023-09-14T16:52:46.166+0000] {logging_mixin.py:149} INFO - [2023-09-14T16:52:46.165+0000] {dag.py:3490} INFO - Setting next_dagrun for example_task_group to 2023-09-13T16:52:46.164974+00:00, run_after=2023-09-14T16:52:46.164974+00:00
[2023-09-14T16:52:46.242+0000] {processor.py:178} INFO - Processing /home/airflow/.local/lib/python3.7/site-packages/airflow/example_dags/example_task_group.py took 0.337 seconds
[2023-09-14T16:53:18.535+0000] {processor.py:156} INFO - Started process (PID=1709) to work on /home/airflow/.local/lib/python3.7/site-packages/airflow/example_dags/example_task_group.py
[2023-09-14T16:53:18.542+0000] {processor.py:799} INFO - Processing file /home/airflow/.local/lib/python3.7/site-packages/airflow/example_dags/example_task_group.py for tasks to queue
[2023-09-14T16:53:18.550+0000] {logging_mixin.py:149} INFO - [2023-09-14T16:53:18.550+0000] {dagbag.py:541} INFO - Filling up the DagBag from /home/airflow/.local/lib/python3.7/site-packages/airflow/example_dags/example_task_group.py
[2023-09-14T16:53:18.630+0000] {processor.py:809} INFO - DAG(s) dict_keys(['example_task_group']) retrieved from /home/airflow/.local/lib/python3.7/site-packages/airflow/example_dags/example_task_group.py
[2023-09-14T16:53:18.830+0000] {logging_mixin.py:149} INFO - [2023-09-14T16:53:18.830+0000] {dag.py:2726} INFO - Sync 1 DAGs
[2023-09-14T16:53:19.086+0000] {logging_mixin.py:149} INFO - [2023-09-14T16:53:19.086+0000] {dag.py:3490} INFO - Setting next_dagrun for example_task_group to 2023-09-13T16:53:19.084987+00:00, run_after=2023-09-14T16:53:19.084987+00:00
[2023-09-14T16:53:19.313+0000] {processor.py:178} INFO - Processing /home/airflow/.local/lib/python3.7/site-packages/airflow/example_dags/example_task_group.py took 0.812 seconds
[2023-09-14T16:53:50.109+0000] {processor.py:156} INFO - Started process (PID=1782) to work on /home/airflow/.local/lib/python3.7/site-packages/airflow/example_dags/example_task_group.py
[2023-09-14T16:53:50.113+0000] {processor.py:799} INFO - Processing file /home/airflow/.local/lib/python3.7/site-packages/airflow/example_dags/example_task_group.py for tasks to queue
[2023-09-14T16:53:50.117+0000] {logging_mixin.py:149} INFO - [2023-09-14T16:53:50.116+0000] {dagbag.py:541} INFO - Filling up the DagBag from /home/airflow/.local/lib/python3.7/site-packages/airflow/example_dags/example_task_group.py
[2023-09-14T16:53:50.167+0000] {processor.py:809} INFO - DAG(s) dict_keys(['example_task_group']) retrieved from /home/airflow/.local/lib/python3.7/site-packages/airflow/example_dags/example_task_group.py
[2023-09-14T16:53:50.273+0000] {logging_mixin.py:149} INFO - [2023-09-14T16:53:50.273+0000] {dag.py:2726} INFO - Sync 1 DAGs
[2023-09-14T16:53:50.370+0000] {logging_mixin.py:149} INFO - [2023-09-14T16:53:50.370+0000] {dag.py:3490} INFO - Setting next_dagrun for example_task_group to 2023-09-13T16:53:50.369254+00:00, run_after=2023-09-14T16:53:50.369254+00:00
[2023-09-14T16:53:50.457+0000] {processor.py:178} INFO - Processing /home/airflow/.local/lib/python3.7/site-packages/airflow/example_dags/example_task_group.py took 0.366 seconds
[2023-09-14T16:54:35.609+0000] {processor.py:156} INFO - Started process (PID=1853) to work on /home/airflow/.local/lib/python3.7/site-packages/airflow/example_dags/example_task_group.py
[2023-09-14T16:54:35.639+0000] {processor.py:799} INFO - Processing file /home/airflow/.local/lib/python3.7/site-packages/airflow/example_dags/example_task_group.py for tasks to queue
[2023-09-14T16:54:35.702+0000] {logging_mixin.py:149} INFO - [2023-09-14T16:54:35.701+0000] {dagbag.py:541} INFO - Filling up the DagBag from /home/airflow/.local/lib/python3.7/site-packages/airflow/example_dags/example_task_group.py
[2023-09-14T16:54:35.912+0000] {processor.py:809} INFO - DAG(s) dict_keys(['example_task_group']) retrieved from /home/airflow/.local/lib/python3.7/site-packages/airflow/example_dags/example_task_group.py
[2023-09-14T16:54:36.259+0000] {logging_mixin.py:149} INFO - [2023-09-14T16:54:36.249+0000] {dag.py:2726} INFO - Sync 1 DAGs
[2023-09-14T16:54:36.665+0000] {logging_mixin.py:149} INFO - [2023-09-14T16:54:36.655+0000] {dag.py:3490} INFO - Setting next_dagrun for example_task_group to 2023-09-13T16:54:36.653625+00:00, run_after=2023-09-14T16:54:36.653625+00:00
[2023-09-14T16:54:36.967+0000] {processor.py:178} INFO - Processing /home/airflow/.local/lib/python3.7/site-packages/airflow/example_dags/example_task_group.py took 1.416 seconds
[2023-09-14T16:55:07.384+0000] {processor.py:156} INFO - Started process (PID=1918) to work on /home/airflow/.local/lib/python3.7/site-packages/airflow/example_dags/example_task_group.py
[2023-09-14T16:55:07.391+0000] {processor.py:799} INFO - Processing file /home/airflow/.local/lib/python3.7/site-packages/airflow/example_dags/example_task_group.py for tasks to queue
[2023-09-14T16:55:07.397+0000] {logging_mixin.py:149} INFO - [2023-09-14T16:55:07.396+0000] {dagbag.py:541} INFO - Filling up the DagBag from /home/airflow/.local/lib/python3.7/site-packages/airflow/example_dags/example_task_group.py
[2023-09-14T16:55:07.432+0000] {processor.py:809} INFO - DAG(s) dict_keys(['example_task_group']) retrieved from /home/airflow/.local/lib/python3.7/site-packages/airflow/example_dags/example_task_group.py
[2023-09-14T16:55:07.559+0000] {logging_mixin.py:149} INFO - [2023-09-14T16:55:07.556+0000] {dag.py:2726} INFO - Sync 1 DAGs
[2023-09-14T16:55:07.693+0000] {logging_mixin.py:149} INFO - [2023-09-14T16:55:07.693+0000] {dag.py:3490} INFO - Setting next_dagrun for example_task_group to 2023-09-13T16:55:07.692360+00:00, run_after=2023-09-14T16:55:07.692360+00:00
[2023-09-14T16:55:07.766+0000] {processor.py:178} INFO - Processing /home/airflow/.local/lib/python3.7/site-packages/airflow/example_dags/example_task_group.py took 0.397 seconds
[2023-09-14T16:55:39.260+0000] {processor.py:156} INFO - Started process (PID=1984) to work on /home/airflow/.local/lib/python3.7/site-packages/airflow/example_dags/example_task_group.py
[2023-09-14T16:55:39.263+0000] {processor.py:799} INFO - Processing file /home/airflow/.local/lib/python3.7/site-packages/airflow/example_dags/example_task_group.py for tasks to queue
[2023-09-14T16:55:39.268+0000] {logging_mixin.py:149} INFO - [2023-09-14T16:55:39.267+0000] {dagbag.py:541} INFO - Filling up the DagBag from /home/airflow/.local/lib/python3.7/site-packages/airflow/example_dags/example_task_group.py
[2023-09-14T16:55:39.306+0000] {processor.py:809} INFO - DAG(s) dict_keys(['example_task_group']) retrieved from /home/airflow/.local/lib/python3.7/site-packages/airflow/example_dags/example_task_group.py
[2023-09-14T16:55:39.426+0000] {logging_mixin.py:149} INFO - [2023-09-14T16:55:39.426+0000] {dag.py:2726} INFO - Sync 1 DAGs
[2023-09-14T16:55:39.525+0000] {logging_mixin.py:149} INFO - [2023-09-14T16:55:39.525+0000] {dag.py:3490} INFO - Setting next_dagrun for example_task_group to 2023-09-13T16:55:39.524226+00:00, run_after=2023-09-14T16:55:39.524226+00:00
[2023-09-14T16:55:39.651+0000] {processor.py:178} INFO - Processing /home/airflow/.local/lib/python3.7/site-packages/airflow/example_dags/example_task_group.py took 0.399 seconds
[2023-09-14T16:56:10.996+0000] {processor.py:156} INFO - Started process (PID=2049) to work on /home/airflow/.local/lib/python3.7/site-packages/airflow/example_dags/example_task_group.py
[2023-09-14T16:56:11.007+0000] {processor.py:799} INFO - Processing file /home/airflow/.local/lib/python3.7/site-packages/airflow/example_dags/example_task_group.py for tasks to queue
[2023-09-14T16:56:11.012+0000] {logging_mixin.py:149} INFO - [2023-09-14T16:56:11.012+0000] {dagbag.py:541} INFO - Filling up the DagBag from /home/airflow/.local/lib/python3.7/site-packages/airflow/example_dags/example_task_group.py
[2023-09-14T16:56:11.072+0000] {processor.py:809} INFO - DAG(s) dict_keys(['example_task_group']) retrieved from /home/airflow/.local/lib/python3.7/site-packages/airflow/example_dags/example_task_group.py
[2023-09-14T16:56:11.209+0000] {logging_mixin.py:149} INFO - [2023-09-14T16:56:11.208+0000] {dag.py:2726} INFO - Sync 1 DAGs
[2023-09-14T16:56:11.359+0000] {logging_mixin.py:149} INFO - [2023-09-14T16:56:11.358+0000] {dag.py:3490} INFO - Setting next_dagrun for example_task_group to 2023-09-13T16:56:11.357466+00:00, run_after=2023-09-14T16:56:11.357466+00:00
[2023-09-14T16:56:11.513+0000] {processor.py:178} INFO - Processing /home/airflow/.local/lib/python3.7/site-packages/airflow/example_dags/example_task_group.py took 0.529 seconds
[2023-09-14T16:56:42.982+0000] {processor.py:156} INFO - Started process (PID=2114) to work on /home/airflow/.local/lib/python3.7/site-packages/airflow/example_dags/example_task_group.py
[2023-09-14T16:56:42.987+0000] {processor.py:799} INFO - Processing file /home/airflow/.local/lib/python3.7/site-packages/airflow/example_dags/example_task_group.py for tasks to queue
[2023-09-14T16:56:42.993+0000] {logging_mixin.py:149} INFO - [2023-09-14T16:56:42.992+0000] {dagbag.py:541} INFO - Filling up the DagBag from /home/airflow/.local/lib/python3.7/site-packages/airflow/example_dags/example_task_group.py
[2023-09-14T16:56:43.032+0000] {processor.py:809} INFO - DAG(s) dict_keys(['example_task_group']) retrieved from /home/airflow/.local/lib/python3.7/site-packages/airflow/example_dags/example_task_group.py
[2023-09-14T16:56:43.218+0000] {logging_mixin.py:149} INFO - [2023-09-14T16:56:43.217+0000] {dag.py:2726} INFO - Sync 1 DAGs
[2023-09-14T16:56:43.362+0000] {logging_mixin.py:149} INFO - [2023-09-14T16:56:43.361+0000] {dag.py:3490} INFO - Setting next_dagrun for example_task_group to 2023-09-13T16:56:43.359886+00:00, run_after=2023-09-14T16:56:43.359886+00:00
[2023-09-14T16:56:43.490+0000] {processor.py:178} INFO - Processing /home/airflow/.local/lib/python3.7/site-packages/airflow/example_dags/example_task_group.py took 0.521 seconds
[2023-09-14T16:57:13.754+0000] {processor.py:156} INFO - Started process (PID=2179) to work on /home/airflow/.local/lib/python3.7/site-packages/airflow/example_dags/example_task_group.py
[2023-09-14T16:57:13.757+0000] {processor.py:799} INFO - Processing file /home/airflow/.local/lib/python3.7/site-packages/airflow/example_dags/example_task_group.py for tasks to queue
[2023-09-14T16:57:13.761+0000] {logging_mixin.py:149} INFO - [2023-09-14T16:57:13.761+0000] {dagbag.py:541} INFO - Filling up the DagBag from /home/airflow/.local/lib/python3.7/site-packages/airflow/example_dags/example_task_group.py
[2023-09-14T16:57:13.789+0000] {processor.py:809} INFO - DAG(s) dict_keys(['example_task_group']) retrieved from /home/airflow/.local/lib/python3.7/site-packages/airflow/example_dags/example_task_group.py
[2023-09-14T16:57:13.857+0000] {logging_mixin.py:149} INFO - [2023-09-14T16:57:13.857+0000] {dag.py:2726} INFO - Sync 1 DAGs
[2023-09-14T16:57:13.922+0000] {logging_mixin.py:149} INFO - [2023-09-14T16:57:13.921+0000] {dag.py:3490} INFO - Setting next_dagrun for example_task_group to 2023-09-13T16:57:13.921499+00:00, run_after=2023-09-14T16:57:13.921499+00:00
[2023-09-14T16:57:13.986+0000] {processor.py:178} INFO - Processing /home/airflow/.local/lib/python3.7/site-packages/airflow/example_dags/example_task_group.py took 0.243 seconds
[2023-09-14T16:57:44.903+0000] {processor.py:156} INFO - Started process (PID=2246) to work on /home/airflow/.local/lib/python3.7/site-packages/airflow/example_dags/example_task_group.py
[2023-09-14T16:57:44.908+0000] {processor.py:799} INFO - Processing file /home/airflow/.local/lib/python3.7/site-packages/airflow/example_dags/example_task_group.py for tasks to queue
[2023-09-14T16:57:44.911+0000] {logging_mixin.py:149} INFO - [2023-09-14T16:57:44.911+0000] {dagbag.py:541} INFO - Filling up the DagBag from /home/airflow/.local/lib/python3.7/site-packages/airflow/example_dags/example_task_group.py
[2023-09-14T16:57:44.936+0000] {processor.py:809} INFO - DAG(s) dict_keys(['example_task_group']) retrieved from /home/airflow/.local/lib/python3.7/site-packages/airflow/example_dags/example_task_group.py
[2023-09-14T16:57:45.017+0000] {logging_mixin.py:149} INFO - [2023-09-14T16:57:45.017+0000] {dag.py:2726} INFO - Sync 1 DAGs
[2023-09-14T16:57:45.086+0000] {logging_mixin.py:149} INFO - [2023-09-14T16:57:45.085+0000] {dag.py:3490} INFO - Setting next_dagrun for example_task_group to 2023-09-13T16:57:45.085336+00:00, run_after=2023-09-14T16:57:45.085336+00:00
[2023-09-14T16:57:45.168+0000] {processor.py:178} INFO - Processing /home/airflow/.local/lib/python3.7/site-packages/airflow/example_dags/example_task_group.py took 0.272 seconds
[2023-09-14T16:58:18.046+0000] {processor.py:156} INFO - Started process (PID=2311) to work on /home/airflow/.local/lib/python3.7/site-packages/airflow/example_dags/example_task_group.py
[2023-09-14T16:58:18.054+0000] {processor.py:799} INFO - Processing file /home/airflow/.local/lib/python3.7/site-packages/airflow/example_dags/example_task_group.py for tasks to queue
[2023-09-14T16:58:18.063+0000] {logging_mixin.py:149} INFO - [2023-09-14T16:58:18.061+0000] {dagbag.py:541} INFO - Filling up the DagBag from /home/airflow/.local/lib/python3.7/site-packages/airflow/example_dags/example_task_group.py
[2023-09-14T16:58:18.132+0000] {processor.py:809} INFO - DAG(s) dict_keys(['example_task_group']) retrieved from /home/airflow/.local/lib/python3.7/site-packages/airflow/example_dags/example_task_group.py
[2023-09-14T16:58:18.369+0000] {logging_mixin.py:149} INFO - [2023-09-14T16:58:18.368+0000] {dag.py:2726} INFO - Sync 1 DAGs
[2023-09-14T16:58:18.596+0000] {logging_mixin.py:149} INFO - [2023-09-14T16:58:18.596+0000] {dag.py:3490} INFO - Setting next_dagrun for example_task_group to 2023-09-13T16:58:18.595455+00:00, run_after=2023-09-14T16:58:18.595455+00:00
[2023-09-14T16:58:18.804+0000] {processor.py:178} INFO - Processing /home/airflow/.local/lib/python3.7/site-packages/airflow/example_dags/example_task_group.py took 0.828 seconds
[2023-09-14T16:58:57.286+0000] {processor.py:156} INFO - Started process (PID=2379) to work on /home/airflow/.local/lib/python3.7/site-packages/airflow/example_dags/example_task_group.py
[2023-09-14T16:58:57.288+0000] {processor.py:799} INFO - Processing file /home/airflow/.local/lib/python3.7/site-packages/airflow/example_dags/example_task_group.py for tasks to queue
[2023-09-14T16:58:57.291+0000] {logging_mixin.py:149} INFO - [2023-09-14T16:58:57.291+0000] {dagbag.py:541} INFO - Filling up the DagBag from /home/airflow/.local/lib/python3.7/site-packages/airflow/example_dags/example_task_group.py
[2023-09-14T16:58:57.314+0000] {processor.py:809} INFO - DAG(s) dict_keys(['example_task_group']) retrieved from /home/airflow/.local/lib/python3.7/site-packages/airflow/example_dags/example_task_group.py
[2023-09-14T16:58:57.398+0000] {logging_mixin.py:149} INFO - [2023-09-14T16:58:57.398+0000] {dag.py:2726} INFO - Sync 1 DAGs
[2023-09-14T16:58:57.484+0000] {logging_mixin.py:149} INFO - [2023-09-14T16:58:57.483+0000] {dag.py:3490} INFO - Setting next_dagrun for example_task_group to 2023-09-13T16:58:57.483446+00:00, run_after=2023-09-14T16:58:57.483446+00:00
[2023-09-14T16:58:57.582+0000] {processor.py:178} INFO - Processing /home/airflow/.local/lib/python3.7/site-packages/airflow/example_dags/example_task_group.py took 0.306 seconds
[2023-09-14T16:59:28.531+0000] {processor.py:156} INFO - Started process (PID=2442) to work on /home/airflow/.local/lib/python3.7/site-packages/airflow/example_dags/example_task_group.py
[2023-09-14T16:59:28.535+0000] {processor.py:799} INFO - Processing file /home/airflow/.local/lib/python3.7/site-packages/airflow/example_dags/example_task_group.py for tasks to queue
[2023-09-14T16:59:28.540+0000] {logging_mixin.py:149} INFO - [2023-09-14T16:59:28.539+0000] {dagbag.py:541} INFO - Filling up the DagBag from /home/airflow/.local/lib/python3.7/site-packages/airflow/example_dags/example_task_group.py
[2023-09-14T16:59:28.583+0000] {processor.py:809} INFO - DAG(s) dict_keys(['example_task_group']) retrieved from /home/airflow/.local/lib/python3.7/site-packages/airflow/example_dags/example_task_group.py
[2023-09-14T16:59:28.700+0000] {logging_mixin.py:149} INFO - [2023-09-14T16:59:28.699+0000] {dag.py:2726} INFO - Sync 1 DAGs
[2023-09-14T16:59:28.819+0000] {logging_mixin.py:149} INFO - [2023-09-14T16:59:28.818+0000] {dag.py:3490} INFO - Setting next_dagrun for example_task_group to 2023-09-13T16:59:28.817546+00:00, run_after=2023-09-14T16:59:28.817546+00:00
[2023-09-14T16:59:28.929+0000] {processor.py:178} INFO - Processing /home/airflow/.local/lib/python3.7/site-packages/airflow/example_dags/example_task_group.py took 0.414 seconds
[2023-09-14T17:00:01.374+0000] {processor.py:156} INFO - Started process (PID=2505) to work on /home/airflow/.local/lib/python3.7/site-packages/airflow/example_dags/example_task_group.py
[2023-09-14T17:00:01.383+0000] {processor.py:799} INFO - Processing file /home/airflow/.local/lib/python3.7/site-packages/airflow/example_dags/example_task_group.py for tasks to queue
[2023-09-14T17:00:01.390+0000] {logging_mixin.py:149} INFO - [2023-09-14T17:00:01.389+0000] {dagbag.py:541} INFO - Filling up the DagBag from /home/airflow/.local/lib/python3.7/site-packages/airflow/example_dags/example_task_group.py
[2023-09-14T17:00:01.454+0000] {processor.py:809} INFO - DAG(s) dict_keys(['example_task_group']) retrieved from /home/airflow/.local/lib/python3.7/site-packages/airflow/example_dags/example_task_group.py
[2023-09-14T17:00:01.634+0000] {logging_mixin.py:149} INFO - [2023-09-14T17:00:01.633+0000] {dag.py:2726} INFO - Sync 1 DAGs
[2023-09-14T17:00:01.870+0000] {logging_mixin.py:149} INFO - [2023-09-14T17:00:01.869+0000] {dag.py:3490} INFO - Setting next_dagrun for example_task_group to 2023-09-13T17:00:01.867798+00:00, run_after=2023-09-14T17:00:01.867798+00:00
[2023-09-14T17:00:02.047+0000] {processor.py:178} INFO - Processing /home/airflow/.local/lib/python3.7/site-packages/airflow/example_dags/example_task_group.py took 0.705 seconds
[2023-09-14T17:00:32.249+0000] {processor.py:156} INFO - Started process (PID=2569) to work on /home/airflow/.local/lib/python3.7/site-packages/airflow/example_dags/example_task_group.py
[2023-09-14T17:00:32.254+0000] {processor.py:799} INFO - Processing file /home/airflow/.local/lib/python3.7/site-packages/airflow/example_dags/example_task_group.py for tasks to queue
[2023-09-14T17:00:32.259+0000] {logging_mixin.py:149} INFO - [2023-09-14T17:00:32.258+0000] {dagbag.py:541} INFO - Filling up the DagBag from /home/airflow/.local/lib/python3.7/site-packages/airflow/example_dags/example_task_group.py
[2023-09-14T17:00:32.289+0000] {processor.py:809} INFO - DAG(s) dict_keys(['example_task_group']) retrieved from /home/airflow/.local/lib/python3.7/site-packages/airflow/example_dags/example_task_group.py
[2023-09-14T17:00:32.373+0000] {logging_mixin.py:149} INFO - [2023-09-14T17:00:32.373+0000] {dag.py:2726} INFO - Sync 1 DAGs
[2023-09-14T17:00:32.460+0000] {logging_mixin.py:149} INFO - [2023-09-14T17:00:32.460+0000] {dag.py:3490} INFO - Setting next_dagrun for example_task_group to 2023-09-13T17:00:32.459379+00:00, run_after=2023-09-14T17:00:32.459379+00:00
[2023-09-14T17:00:32.518+0000] {processor.py:178} INFO - Processing /home/airflow/.local/lib/python3.7/site-packages/airflow/example_dags/example_task_group.py took 0.284 seconds
[2023-09-14T17:01:03.043+0000] {processor.py:156} INFO - Started process (PID=2633) to work on /home/airflow/.local/lib/python3.7/site-packages/airflow/example_dags/example_task_group.py
[2023-09-14T17:01:03.049+0000] {processor.py:799} INFO - Processing file /home/airflow/.local/lib/python3.7/site-packages/airflow/example_dags/example_task_group.py for tasks to queue
[2023-09-14T17:01:03.053+0000] {logging_mixin.py:149} INFO - [2023-09-14T17:01:03.053+0000] {dagbag.py:541} INFO - Filling up the DagBag from /home/airflow/.local/lib/python3.7/site-packages/airflow/example_dags/example_task_group.py
[2023-09-14T17:01:03.108+0000] {processor.py:809} INFO - DAG(s) dict_keys(['example_task_group']) retrieved from /home/airflow/.local/lib/python3.7/site-packages/airflow/example_dags/example_task_group.py
[2023-09-14T17:01:03.207+0000] {logging_mixin.py:149} INFO - [2023-09-14T17:01:03.207+0000] {dag.py:2726} INFO - Sync 1 DAGs
[2023-09-14T17:01:03.268+0000] {logging_mixin.py:149} INFO - [2023-09-14T17:01:03.268+0000] {dag.py:3490} INFO - Setting next_dagrun for example_task_group to 2023-09-13T17:01:03.267932+00:00, run_after=2023-09-14T17:01:03.267932+00:00
[2023-09-14T17:01:03.323+0000] {processor.py:178} INFO - Processing /home/airflow/.local/lib/python3.7/site-packages/airflow/example_dags/example_task_group.py took 0.297 seconds
[2023-09-14T17:01:33.711+0000] {processor.py:156} INFO - Started process (PID=2697) to work on /home/airflow/.local/lib/python3.7/site-packages/airflow/example_dags/example_task_group.py
[2023-09-14T17:01:33.713+0000] {processor.py:799} INFO - Processing file /home/airflow/.local/lib/python3.7/site-packages/airflow/example_dags/example_task_group.py for tasks to queue
[2023-09-14T17:01:33.716+0000] {logging_mixin.py:149} INFO - [2023-09-14T17:01:33.715+0000] {dagbag.py:541} INFO - Filling up the DagBag from /home/airflow/.local/lib/python3.7/site-packages/airflow/example_dags/example_task_group.py
[2023-09-14T17:01:33.732+0000] {processor.py:809} INFO - DAG(s) dict_keys(['example_task_group']) retrieved from /home/airflow/.local/lib/python3.7/site-packages/airflow/example_dags/example_task_group.py
[2023-09-14T17:01:33.769+0000] {logging_mixin.py:149} INFO - [2023-09-14T17:01:33.769+0000] {dag.py:2726} INFO - Sync 1 DAGs
[2023-09-14T17:01:33.823+0000] {logging_mixin.py:149} INFO - [2023-09-14T17:01:33.823+0000] {dag.py:3490} INFO - Setting next_dagrun for example_task_group to 2023-09-13T17:01:33.823260+00:00, run_after=2023-09-14T17:01:33.823260+00:00
[2023-09-14T17:01:33.862+0000] {processor.py:178} INFO - Processing /home/airflow/.local/lib/python3.7/site-packages/airflow/example_dags/example_task_group.py took 0.155 seconds
[2023-09-14T17:02:04.230+0000] {processor.py:156} INFO - Started process (PID=2762) to work on /home/airflow/.local/lib/python3.7/site-packages/airflow/example_dags/example_task_group.py
[2023-09-14T17:02:04.231+0000] {processor.py:799} INFO - Processing file /home/airflow/.local/lib/python3.7/site-packages/airflow/example_dags/example_task_group.py for tasks to queue
[2023-09-14T17:02:04.232+0000] {logging_mixin.py:149} INFO - [2023-09-14T17:02:04.232+0000] {dagbag.py:541} INFO - Filling up the DagBag from /home/airflow/.local/lib/python3.7/site-packages/airflow/example_dags/example_task_group.py
[2023-09-14T17:02:04.248+0000] {processor.py:809} INFO - DAG(s) dict_keys(['example_task_group']) retrieved from /home/airflow/.local/lib/python3.7/site-packages/airflow/example_dags/example_task_group.py
[2023-09-14T17:02:04.300+0000] {logging_mixin.py:149} INFO - [2023-09-14T17:02:04.300+0000] {dag.py:2726} INFO - Sync 1 DAGs
[2023-09-14T17:02:04.362+0000] {logging_mixin.py:149} INFO - [2023-09-14T17:02:04.362+0000] {dag.py:3490} INFO - Setting next_dagrun for example_task_group to 2023-09-13T17:02:04.361886+00:00, run_after=2023-09-14T17:02:04.361886+00:00
[2023-09-14T17:02:04.412+0000] {processor.py:178} INFO - Processing /home/airflow/.local/lib/python3.7/site-packages/airflow/example_dags/example_task_group.py took 0.188 seconds
