[2023-09-14T16:10:17.181+0000] {processor.py:156} INFO - Started process (PID=63) to work on /home/airflow/.local/lib/python3.7/site-packages/airflow/example_dags/example_branch_labels.py
[2023-09-14T16:10:17.202+0000] {processor.py:799} INFO - Processing file /home/airflow/.local/lib/python3.7/site-packages/airflow/example_dags/example_branch_labels.py for tasks to queue
[2023-09-14T16:10:17.217+0000] {logging_mixin.py:149} INFO - [2023-09-14T16:10:17.214+0000] {dagbag.py:541} INFO - Filling up the DagBag from /home/airflow/.local/lib/python3.7/site-packages/airflow/example_dags/example_branch_labels.py
[2023-09-14T16:10:18.705+0000] {processor.py:809} INFO - DAG(s) dict_keys(['example_branch_labels']) retrieved from /home/airflow/.local/lib/python3.7/site-packages/airflow/example_dags/example_branch_labels.py
[2023-09-14T16:10:20.275+0000] {logging_mixin.py:149} INFO - [2023-09-14T16:10:20.274+0000] {dag.py:2726} INFO - Sync 1 DAGs
[2023-09-14T16:10:20.849+0000] {logging_mixin.py:149} INFO - [2023-09-14T16:10:20.847+0000] {dag.py:3490} INFO - Setting next_dagrun for example_branch_labels to 2023-09-13T00:00:00+00:00, run_after=2023-09-14T00:00:00+00:00
[2023-09-14T16:10:21.018+0000] {processor.py:178} INFO - Processing /home/airflow/.local/lib/python3.7/site-packages/airflow/example_dags/example_branch_labels.py took 3.856 seconds
[2023-09-14T16:11:48.323+0000] {processor.py:156} INFO - Started process (PID=132) to work on /home/airflow/.local/lib/python3.7/site-packages/airflow/example_dags/example_branch_labels.py
[2023-09-14T16:11:48.327+0000] {processor.py:799} INFO - Processing file /home/airflow/.local/lib/python3.7/site-packages/airflow/example_dags/example_branch_labels.py for tasks to queue
[2023-09-14T16:11:48.330+0000] {logging_mixin.py:149} INFO - [2023-09-14T16:11:48.330+0000] {dagbag.py:541} INFO - Filling up the DagBag from /home/airflow/.local/lib/python3.7/site-packages/airflow/example_dags/example_branch_labels.py
[2023-09-14T16:11:48.379+0000] {processor.py:809} INFO - DAG(s) dict_keys(['example_branch_labels']) retrieved from /home/airflow/.local/lib/python3.7/site-packages/airflow/example_dags/example_branch_labels.py
[2023-09-14T16:11:48.504+0000] {logging_mixin.py:149} INFO - [2023-09-14T16:11:48.504+0000] {dag.py:2726} INFO - Sync 1 DAGs
[2023-09-14T16:11:49.172+0000] {logging_mixin.py:149} INFO - [2023-09-14T16:11:49.171+0000] {dag.py:3490} INFO - Setting next_dagrun for example_branch_labels to 2023-09-13T00:00:00+00:00, run_after=2023-09-14T00:00:00+00:00
[2023-09-14T16:11:49.272+0000] {processor.py:178} INFO - Processing /home/airflow/.local/lib/python3.7/site-packages/airflow/example_dags/example_branch_labels.py took 0.962 seconds
[2023-09-14T16:12:25.869+0000] {processor.py:156} INFO - Started process (PID=199) to work on /home/airflow/.local/lib/python3.7/site-packages/airflow/example_dags/example_branch_labels.py
[2023-09-14T16:12:25.876+0000] {processor.py:799} INFO - Processing file /home/airflow/.local/lib/python3.7/site-packages/airflow/example_dags/example_branch_labels.py for tasks to queue
[2023-09-14T16:12:25.883+0000] {logging_mixin.py:149} INFO - [2023-09-14T16:12:25.881+0000] {dagbag.py:541} INFO - Filling up the DagBag from /home/airflow/.local/lib/python3.7/site-packages/airflow/example_dags/example_branch_labels.py
[2023-09-14T16:12:25.943+0000] {processor.py:809} INFO - DAG(s) dict_keys(['example_branch_labels']) retrieved from /home/airflow/.local/lib/python3.7/site-packages/airflow/example_dags/example_branch_labels.py
[2023-09-14T16:12:26.153+0000] {logging_mixin.py:149} INFO - [2023-09-14T16:12:26.152+0000] {dag.py:2726} INFO - Sync 1 DAGs
[2023-09-14T16:12:26.369+0000] {logging_mixin.py:149} INFO - [2023-09-14T16:12:26.369+0000] {dag.py:3490} INFO - Setting next_dagrun for example_branch_labels to 2023-09-13T00:00:00+00:00, run_after=2023-09-14T00:00:00+00:00
[2023-09-14T16:12:26.553+0000] {processor.py:178} INFO - Processing /home/airflow/.local/lib/python3.7/site-packages/airflow/example_dags/example_branch_labels.py took 0.717 seconds
[2023-09-14T16:13:01.598+0000] {processor.py:156} INFO - Started process (PID=252) to work on /home/airflow/.local/lib/python3.7/site-packages/airflow/example_dags/example_branch_labels.py
[2023-09-14T16:13:01.609+0000] {processor.py:799} INFO - Processing file /home/airflow/.local/lib/python3.7/site-packages/airflow/example_dags/example_branch_labels.py for tasks to queue
[2023-09-14T16:13:01.620+0000] {logging_mixin.py:149} INFO - [2023-09-14T16:13:01.619+0000] {dagbag.py:541} INFO - Filling up the DagBag from /home/airflow/.local/lib/python3.7/site-packages/airflow/example_dags/example_branch_labels.py
[2023-09-14T16:13:01.678+0000] {processor.py:809} INFO - DAG(s) dict_keys(['example_branch_labels']) retrieved from /home/airflow/.local/lib/python3.7/site-packages/airflow/example_dags/example_branch_labels.py
[2023-09-14T16:13:01.837+0000] {logging_mixin.py:149} INFO - [2023-09-14T16:13:01.836+0000] {dag.py:2726} INFO - Sync 1 DAGs
[2023-09-14T16:13:02.053+0000] {logging_mixin.py:149} INFO - [2023-09-14T16:13:02.053+0000] {dag.py:3490} INFO - Setting next_dagrun for example_branch_labels to 2023-09-13T00:00:00+00:00, run_after=2023-09-14T00:00:00+00:00
[2023-09-14T16:13:02.205+0000] {processor.py:178} INFO - Processing /home/airflow/.local/lib/python3.7/site-packages/airflow/example_dags/example_branch_labels.py took 0.627 seconds
[2023-09-14T16:13:38.408+0000] {processor.py:156} INFO - Started process (PID=313) to work on /home/airflow/.local/lib/python3.7/site-packages/airflow/example_dags/example_branch_labels.py
[2023-09-14T16:13:38.418+0000] {processor.py:799} INFO - Processing file /home/airflow/.local/lib/python3.7/site-packages/airflow/example_dags/example_branch_labels.py for tasks to queue
[2023-09-14T16:13:38.424+0000] {logging_mixin.py:149} INFO - [2023-09-14T16:13:38.423+0000] {dagbag.py:541} INFO - Filling up the DagBag from /home/airflow/.local/lib/python3.7/site-packages/airflow/example_dags/example_branch_labels.py
[2023-09-14T16:13:38.458+0000] {processor.py:809} INFO - DAG(s) dict_keys(['example_branch_labels']) retrieved from /home/airflow/.local/lib/python3.7/site-packages/airflow/example_dags/example_branch_labels.py
[2023-09-14T16:13:38.813+0000] {logging_mixin.py:149} INFO - [2023-09-14T16:13:38.813+0000] {dag.py:2726} INFO - Sync 1 DAGs
[2023-09-14T16:13:39.103+0000] {logging_mixin.py:149} INFO - [2023-09-14T16:13:39.102+0000] {dag.py:3490} INFO - Setting next_dagrun for example_branch_labels to 2023-09-13T00:00:00+00:00, run_after=2023-09-14T00:00:00+00:00
[2023-09-14T16:13:39.295+0000] {processor.py:178} INFO - Processing /home/airflow/.local/lib/python3.7/site-packages/airflow/example_dags/example_branch_labels.py took 0.902 seconds
[2023-09-14T16:14:09.845+0000] {processor.py:156} INFO - Started process (PID=374) to work on /home/airflow/.local/lib/python3.7/site-packages/airflow/example_dags/example_branch_labels.py
[2023-09-14T16:14:09.849+0000] {processor.py:799} INFO - Processing file /home/airflow/.local/lib/python3.7/site-packages/airflow/example_dags/example_branch_labels.py for tasks to queue
[2023-09-14T16:14:09.854+0000] {logging_mixin.py:149} INFO - [2023-09-14T16:14:09.854+0000] {dagbag.py:541} INFO - Filling up the DagBag from /home/airflow/.local/lib/python3.7/site-packages/airflow/example_dags/example_branch_labels.py
[2023-09-14T16:14:09.888+0000] {processor.py:809} INFO - DAG(s) dict_keys(['example_branch_labels']) retrieved from /home/airflow/.local/lib/python3.7/site-packages/airflow/example_dags/example_branch_labels.py
[2023-09-14T16:14:09.976+0000] {logging_mixin.py:149} INFO - [2023-09-14T16:14:09.976+0000] {dag.py:2726} INFO - Sync 1 DAGs
[2023-09-14T16:14:10.080+0000] {logging_mixin.py:149} INFO - [2023-09-14T16:14:10.079+0000] {dag.py:3490} INFO - Setting next_dagrun for example_branch_labels to 2023-09-13T00:00:00+00:00, run_after=2023-09-14T00:00:00+00:00
[2023-09-14T16:14:10.159+0000] {processor.py:178} INFO - Processing /home/airflow/.local/lib/python3.7/site-packages/airflow/example_dags/example_branch_labels.py took 0.321 seconds
[2023-09-14T16:14:40.437+0000] {processor.py:156} INFO - Started process (PID=436) to work on /home/airflow/.local/lib/python3.7/site-packages/airflow/example_dags/example_branch_labels.py
[2023-09-14T16:14:40.440+0000] {processor.py:799} INFO - Processing file /home/airflow/.local/lib/python3.7/site-packages/airflow/example_dags/example_branch_labels.py for tasks to queue
[2023-09-14T16:14:40.443+0000] {logging_mixin.py:149} INFO - [2023-09-14T16:14:40.443+0000] {dagbag.py:541} INFO - Filling up the DagBag from /home/airflow/.local/lib/python3.7/site-packages/airflow/example_dags/example_branch_labels.py
[2023-09-14T16:14:40.461+0000] {processor.py:809} INFO - DAG(s) dict_keys(['example_branch_labels']) retrieved from /home/airflow/.local/lib/python3.7/site-packages/airflow/example_dags/example_branch_labels.py
[2023-09-14T16:14:40.536+0000] {logging_mixin.py:149} INFO - [2023-09-14T16:14:40.535+0000] {dag.py:2726} INFO - Sync 1 DAGs
[2023-09-14T16:14:40.619+0000] {logging_mixin.py:149} INFO - [2023-09-14T16:14:40.619+0000] {dag.py:3490} INFO - Setting next_dagrun for example_branch_labels to 2023-09-13T00:00:00+00:00, run_after=2023-09-14T00:00:00+00:00
[2023-09-14T16:14:40.679+0000] {processor.py:178} INFO - Processing /home/airflow/.local/lib/python3.7/site-packages/airflow/example_dags/example_branch_labels.py took 0.250 seconds
[2023-09-14T16:15:11.541+0000] {processor.py:156} INFO - Started process (PID=497) to work on /home/airflow/.local/lib/python3.7/site-packages/airflow/example_dags/example_branch_labels.py
[2023-09-14T16:15:11.545+0000] {processor.py:799} INFO - Processing file /home/airflow/.local/lib/python3.7/site-packages/airflow/example_dags/example_branch_labels.py for tasks to queue
[2023-09-14T16:15:11.549+0000] {logging_mixin.py:149} INFO - [2023-09-14T16:15:11.549+0000] {dagbag.py:541} INFO - Filling up the DagBag from /home/airflow/.local/lib/python3.7/site-packages/airflow/example_dags/example_branch_labels.py
[2023-09-14T16:15:11.587+0000] {processor.py:809} INFO - DAG(s) dict_keys(['example_branch_labels']) retrieved from /home/airflow/.local/lib/python3.7/site-packages/airflow/example_dags/example_branch_labels.py
[2023-09-14T16:15:11.694+0000] {logging_mixin.py:149} INFO - [2023-09-14T16:15:11.693+0000] {dag.py:2726} INFO - Sync 1 DAGs
[2023-09-14T16:15:11.797+0000] {logging_mixin.py:149} INFO - [2023-09-14T16:15:11.796+0000] {dag.py:3490} INFO - Setting next_dagrun for example_branch_labels to 2023-09-13T00:00:00+00:00, run_after=2023-09-14T00:00:00+00:00
[2023-09-14T16:15:11.875+0000] {processor.py:178} INFO - Processing /home/airflow/.local/lib/python3.7/site-packages/airflow/example_dags/example_branch_labels.py took 0.346 seconds
[2023-09-14T16:15:42.097+0000] {processor.py:156} INFO - Started process (PID=557) to work on /home/airflow/.local/lib/python3.7/site-packages/airflow/example_dags/example_branch_labels.py
[2023-09-14T16:15:42.100+0000] {processor.py:799} INFO - Processing file /home/airflow/.local/lib/python3.7/site-packages/airflow/example_dags/example_branch_labels.py for tasks to queue
[2023-09-14T16:15:42.101+0000] {logging_mixin.py:149} INFO - [2023-09-14T16:15:42.101+0000] {dagbag.py:541} INFO - Filling up the DagBag from /home/airflow/.local/lib/python3.7/site-packages/airflow/example_dags/example_branch_labels.py
[2023-09-14T16:15:42.115+0000] {processor.py:809} INFO - DAG(s) dict_keys(['example_branch_labels']) retrieved from /home/airflow/.local/lib/python3.7/site-packages/airflow/example_dags/example_branch_labels.py
[2023-09-14T16:15:42.162+0000] {logging_mixin.py:149} INFO - [2023-09-14T16:15:42.161+0000] {dag.py:2726} INFO - Sync 1 DAGs
[2023-09-14T16:15:42.218+0000] {logging_mixin.py:149} INFO - [2023-09-14T16:15:42.217+0000] {dag.py:3490} INFO - Setting next_dagrun for example_branch_labels to 2023-09-13T00:00:00+00:00, run_after=2023-09-14T00:00:00+00:00
[2023-09-14T16:15:42.270+0000] {processor.py:178} INFO - Processing /home/airflow/.local/lib/python3.7/site-packages/airflow/example_dags/example_branch_labels.py took 0.179 seconds
[2023-09-14T16:16:12.419+0000] {processor.py:156} INFO - Started process (PID=618) to work on /home/airflow/.local/lib/python3.7/site-packages/airflow/example_dags/example_branch_labels.py
[2023-09-14T16:16:12.422+0000] {processor.py:799} INFO - Processing file /home/airflow/.local/lib/python3.7/site-packages/airflow/example_dags/example_branch_labels.py for tasks to queue
[2023-09-14T16:16:12.427+0000] {logging_mixin.py:149} INFO - [2023-09-14T16:16:12.427+0000] {dagbag.py:541} INFO - Filling up the DagBag from /home/airflow/.local/lib/python3.7/site-packages/airflow/example_dags/example_branch_labels.py
[2023-09-14T16:16:12.450+0000] {processor.py:809} INFO - DAG(s) dict_keys(['example_branch_labels']) retrieved from /home/airflow/.local/lib/python3.7/site-packages/airflow/example_dags/example_branch_labels.py
[2023-09-14T16:16:12.509+0000] {logging_mixin.py:149} INFO - [2023-09-14T16:16:12.509+0000] {dag.py:2726} INFO - Sync 1 DAGs
[2023-09-14T16:16:12.582+0000] {logging_mixin.py:149} INFO - [2023-09-14T16:16:12.582+0000] {dag.py:3490} INFO - Setting next_dagrun for example_branch_labels to 2023-09-13T00:00:00+00:00, run_after=2023-09-14T00:00:00+00:00
[2023-09-14T16:16:12.630+0000] {processor.py:178} INFO - Processing /home/airflow/.local/lib/python3.7/site-packages/airflow/example_dags/example_branch_labels.py took 0.224 seconds
[2023-09-14T16:16:42.790+0000] {processor.py:156} INFO - Started process (PID=679) to work on /home/airflow/.local/lib/python3.7/site-packages/airflow/example_dags/example_branch_labels.py
[2023-09-14T16:16:42.799+0000] {processor.py:799} INFO - Processing file /home/airflow/.local/lib/python3.7/site-packages/airflow/example_dags/example_branch_labels.py for tasks to queue
[2023-09-14T16:16:42.803+0000] {logging_mixin.py:149} INFO - [2023-09-14T16:16:42.803+0000] {dagbag.py:541} INFO - Filling up the DagBag from /home/airflow/.local/lib/python3.7/site-packages/airflow/example_dags/example_branch_labels.py
[2023-09-14T16:16:42.899+0000] {processor.py:809} INFO - DAG(s) dict_keys(['example_branch_labels']) retrieved from /home/airflow/.local/lib/python3.7/site-packages/airflow/example_dags/example_branch_labels.py
[2023-09-14T16:16:43.132+0000] {logging_mixin.py:149} INFO - [2023-09-14T16:16:43.131+0000] {dag.py:2726} INFO - Sync 1 DAGs
[2023-09-14T16:16:43.340+0000] {logging_mixin.py:149} INFO - [2023-09-14T16:16:43.340+0000] {dag.py:3490} INFO - Setting next_dagrun for example_branch_labels to 2023-09-13T00:00:00+00:00, run_after=2023-09-14T00:00:00+00:00
[2023-09-14T16:16:43.427+0000] {processor.py:178} INFO - Processing /home/airflow/.local/lib/python3.7/site-packages/airflow/example_dags/example_branch_labels.py took 0.651 seconds
[2023-09-14T16:35:36.603+0000] {processor.py:156} INFO - Started process (PID=49) to work on /home/airflow/.local/lib/python3.7/site-packages/airflow/example_dags/example_branch_labels.py
[2023-09-14T16:35:36.757+0000] {processor.py:799} INFO - Processing file /home/airflow/.local/lib/python3.7/site-packages/airflow/example_dags/example_branch_labels.py for tasks to queue
[2023-09-14T16:35:36.794+0000] {logging_mixin.py:149} INFO - [2023-09-14T16:35:36.793+0000] {dagbag.py:541} INFO - Filling up the DagBag from /home/airflow/.local/lib/python3.7/site-packages/airflow/example_dags/example_branch_labels.py
[2023-09-14T16:35:37.530+0000] {processor.py:809} INFO - DAG(s) dict_keys(['example_branch_labels']) retrieved from /home/airflow/.local/lib/python3.7/site-packages/airflow/example_dags/example_branch_labels.py
[2023-09-14T16:35:38.604+0000] {logging_mixin.py:149} INFO - [2023-09-14T16:35:38.603+0000] {dag.py:2726} INFO - Sync 1 DAGs
[2023-09-14T16:35:39.501+0000] {logging_mixin.py:149} INFO - [2023-09-14T16:35:39.500+0000] {dag.py:3490} INFO - Setting next_dagrun for example_branch_labels to 2023-09-13T00:00:00+00:00, run_after=2023-09-14T00:00:00+00:00
[2023-09-14T16:35:39.879+0000] {processor.py:178} INFO - Processing /home/airflow/.local/lib/python3.7/site-packages/airflow/example_dags/example_branch_labels.py took 3.331 seconds
[2023-09-14T16:36:33.572+0000] {processor.py:156} INFO - Started process (PID=117) to work on /home/airflow/.local/lib/python3.7/site-packages/airflow/example_dags/example_branch_labels.py
[2023-09-14T16:36:33.576+0000] {processor.py:799} INFO - Processing file /home/airflow/.local/lib/python3.7/site-packages/airflow/example_dags/example_branch_labels.py for tasks to queue
[2023-09-14T16:36:33.582+0000] {logging_mixin.py:149} INFO - [2023-09-14T16:36:33.582+0000] {dagbag.py:541} INFO - Filling up the DagBag from /home/airflow/.local/lib/python3.7/site-packages/airflow/example_dags/example_branch_labels.py
[2023-09-14T16:36:33.610+0000] {processor.py:809} INFO - DAG(s) dict_keys(['example_branch_labels']) retrieved from /home/airflow/.local/lib/python3.7/site-packages/airflow/example_dags/example_branch_labels.py
[2023-09-14T16:36:33.688+0000] {logging_mixin.py:149} INFO - [2023-09-14T16:36:33.687+0000] {dag.py:2726} INFO - Sync 1 DAGs
[2023-09-14T16:36:33.788+0000] {logging_mixin.py:149} INFO - [2023-09-14T16:36:33.787+0000] {dag.py:3490} INFO - Setting next_dagrun for example_branch_labels to 2023-09-13T00:00:00+00:00, run_after=2023-09-14T00:00:00+00:00
[2023-09-14T16:36:33.856+0000] {processor.py:178} INFO - Processing /home/airflow/.local/lib/python3.7/site-packages/airflow/example_dags/example_branch_labels.py took 0.299 seconds
[2023-09-14T16:38:36.562+0000] {processor.py:156} INFO - Started process (PID=42) to work on /home/airflow/.local/lib/python3.7/site-packages/airflow/example_dags/example_branch_labels.py
[2023-09-14T16:38:36.568+0000] {processor.py:799} INFO - Processing file /home/airflow/.local/lib/python3.7/site-packages/airflow/example_dags/example_branch_labels.py for tasks to queue
[2023-09-14T16:38:36.580+0000] {logging_mixin.py:149} INFO - [2023-09-14T16:38:36.579+0000] {dagbag.py:541} INFO - Filling up the DagBag from /home/airflow/.local/lib/python3.7/site-packages/airflow/example_dags/example_branch_labels.py
[2023-09-14T16:38:36.648+0000] {processor.py:809} INFO - DAG(s) dict_keys(['example_branch_labels']) retrieved from /home/airflow/.local/lib/python3.7/site-packages/airflow/example_dags/example_branch_labels.py
[2023-09-14T16:38:36.816+0000] {logging_mixin.py:149} INFO - [2023-09-14T16:38:36.816+0000] {dag.py:2726} INFO - Sync 1 DAGs
[2023-09-14T16:38:36.946+0000] {logging_mixin.py:149} INFO - [2023-09-14T16:38:36.945+0000] {dag.py:3490} INFO - Setting next_dagrun for example_branch_labels to 2023-09-13T00:00:00+00:00, run_after=2023-09-14T00:00:00+00:00
[2023-09-14T16:38:37.003+0000] {processor.py:178} INFO - Processing /home/airflow/.local/lib/python3.7/site-packages/airflow/example_dags/example_branch_labels.py took 0.456 seconds
[2023-09-14T16:39:34.395+0000] {processor.py:156} INFO - Started process (PID=109) to work on /home/airflow/.local/lib/python3.7/site-packages/airflow/example_dags/example_branch_labels.py
[2023-09-14T16:39:34.399+0000] {processor.py:799} INFO - Processing file /home/airflow/.local/lib/python3.7/site-packages/airflow/example_dags/example_branch_labels.py for tasks to queue
[2023-09-14T16:39:34.402+0000] {logging_mixin.py:149} INFO - [2023-09-14T16:39:34.401+0000] {dagbag.py:541} INFO - Filling up the DagBag from /home/airflow/.local/lib/python3.7/site-packages/airflow/example_dags/example_branch_labels.py
[2023-09-14T16:39:34.444+0000] {processor.py:809} INFO - DAG(s) dict_keys(['example_branch_labels']) retrieved from /home/airflow/.local/lib/python3.7/site-packages/airflow/example_dags/example_branch_labels.py
[2023-09-14T16:39:34.540+0000] {logging_mixin.py:149} INFO - [2023-09-14T16:39:34.540+0000] {dag.py:2726} INFO - Sync 1 DAGs
[2023-09-14T16:39:34.671+0000] {logging_mixin.py:149} INFO - [2023-09-14T16:39:34.670+0000] {dag.py:3490} INFO - Setting next_dagrun for example_branch_labels to 2023-09-13T00:00:00+00:00, run_after=2023-09-14T00:00:00+00:00
[2023-09-14T16:39:34.760+0000] {processor.py:178} INFO - Processing /home/airflow/.local/lib/python3.7/site-packages/airflow/example_dags/example_branch_labels.py took 0.387 seconds
[2023-09-14T16:40:10.401+0000] {processor.py:156} INFO - Started process (PID=170) to work on /home/airflow/.local/lib/python3.7/site-packages/airflow/example_dags/example_branch_labels.py
[2023-09-14T16:40:10.404+0000] {processor.py:799} INFO - Processing file /home/airflow/.local/lib/python3.7/site-packages/airflow/example_dags/example_branch_labels.py for tasks to queue
[2023-09-14T16:40:10.407+0000] {logging_mixin.py:149} INFO - [2023-09-14T16:40:10.406+0000] {dagbag.py:541} INFO - Filling up the DagBag from /home/airflow/.local/lib/python3.7/site-packages/airflow/example_dags/example_branch_labels.py
[2023-09-14T16:40:10.436+0000] {processor.py:809} INFO - DAG(s) dict_keys(['example_branch_labels']) retrieved from /home/airflow/.local/lib/python3.7/site-packages/airflow/example_dags/example_branch_labels.py
[2023-09-14T16:40:10.819+0000] {logging_mixin.py:149} INFO - [2023-09-14T16:40:10.818+0000] {dag.py:2726} INFO - Sync 1 DAGs
[2023-09-14T16:40:10.907+0000] {logging_mixin.py:149} INFO - [2023-09-14T16:40:10.906+0000] {dag.py:3490} INFO - Setting next_dagrun for example_branch_labels to 2023-09-13T00:00:00+00:00, run_after=2023-09-14T00:00:00+00:00
[2023-09-14T16:40:11.000+0000] {processor.py:178} INFO - Processing /home/airflow/.local/lib/python3.7/site-packages/airflow/example_dags/example_branch_labels.py took 0.609 seconds
[2023-09-14T16:40:42.067+0000] {processor.py:156} INFO - Started process (PID=231) to work on /home/airflow/.local/lib/python3.7/site-packages/airflow/example_dags/example_branch_labels.py
[2023-09-14T16:40:42.069+0000] {processor.py:799} INFO - Processing file /home/airflow/.local/lib/python3.7/site-packages/airflow/example_dags/example_branch_labels.py for tasks to queue
[2023-09-14T16:40:42.073+0000] {logging_mixin.py:149} INFO - [2023-09-14T16:40:42.072+0000] {dagbag.py:541} INFO - Filling up the DagBag from /home/airflow/.local/lib/python3.7/site-packages/airflow/example_dags/example_branch_labels.py
[2023-09-14T16:40:42.094+0000] {processor.py:809} INFO - DAG(s) dict_keys(['example_branch_labels']) retrieved from /home/airflow/.local/lib/python3.7/site-packages/airflow/example_dags/example_branch_labels.py
[2023-09-14T16:40:42.172+0000] {logging_mixin.py:149} INFO - [2023-09-14T16:40:42.171+0000] {dag.py:2726} INFO - Sync 1 DAGs
[2023-09-14T16:40:42.251+0000] {logging_mixin.py:149} INFO - [2023-09-14T16:40:42.251+0000] {dag.py:3490} INFO - Setting next_dagrun for example_branch_labels to 2023-09-13T00:00:00+00:00, run_after=2023-09-14T00:00:00+00:00
[2023-09-14T16:40:42.300+0000] {processor.py:178} INFO - Processing /home/airflow/.local/lib/python3.7/site-packages/airflow/example_dags/example_branch_labels.py took 0.245 seconds
[2023-09-14T16:41:12.615+0000] {processor.py:156} INFO - Started process (PID=292) to work on /home/airflow/.local/lib/python3.7/site-packages/airflow/example_dags/example_branch_labels.py
[2023-09-14T16:41:12.616+0000] {processor.py:799} INFO - Processing file /home/airflow/.local/lib/python3.7/site-packages/airflow/example_dags/example_branch_labels.py for tasks to queue
[2023-09-14T16:41:12.618+0000] {logging_mixin.py:149} INFO - [2023-09-14T16:41:12.617+0000] {dagbag.py:541} INFO - Filling up the DagBag from /home/airflow/.local/lib/python3.7/site-packages/airflow/example_dags/example_branch_labels.py
[2023-09-14T16:41:12.627+0000] {processor.py:809} INFO - DAG(s) dict_keys(['example_branch_labels']) retrieved from /home/airflow/.local/lib/python3.7/site-packages/airflow/example_dags/example_branch_labels.py
[2023-09-14T16:41:12.665+0000] {logging_mixin.py:149} INFO - [2023-09-14T16:41:12.665+0000] {dag.py:2726} INFO - Sync 1 DAGs
[2023-09-14T16:41:12.714+0000] {logging_mixin.py:149} INFO - [2023-09-14T16:41:12.714+0000] {dag.py:3490} INFO - Setting next_dagrun for example_branch_labels to 2023-09-13T00:00:00+00:00, run_after=2023-09-14T00:00:00+00:00
[2023-09-14T16:41:12.780+0000] {processor.py:178} INFO - Processing /home/airflow/.local/lib/python3.7/site-packages/airflow/example_dags/example_branch_labels.py took 0.169 seconds
[2023-09-14T16:41:43.431+0000] {processor.py:156} INFO - Started process (PID=353) to work on /home/airflow/.local/lib/python3.7/site-packages/airflow/example_dags/example_branch_labels.py
[2023-09-14T16:41:43.435+0000] {processor.py:799} INFO - Processing file /home/airflow/.local/lib/python3.7/site-packages/airflow/example_dags/example_branch_labels.py for tasks to queue
[2023-09-14T16:41:43.441+0000] {logging_mixin.py:149} INFO - [2023-09-14T16:41:43.441+0000] {dagbag.py:541} INFO - Filling up the DagBag from /home/airflow/.local/lib/python3.7/site-packages/airflow/example_dags/example_branch_labels.py
[2023-09-14T16:41:43.490+0000] {processor.py:809} INFO - DAG(s) dict_keys(['example_branch_labels']) retrieved from /home/airflow/.local/lib/python3.7/site-packages/airflow/example_dags/example_branch_labels.py
[2023-09-14T16:41:43.590+0000] {logging_mixin.py:149} INFO - [2023-09-14T16:41:43.590+0000] {dag.py:2726} INFO - Sync 1 DAGs
[2023-09-14T16:41:43.705+0000] {logging_mixin.py:149} INFO - [2023-09-14T16:41:43.705+0000] {dag.py:3490} INFO - Setting next_dagrun for example_branch_labels to 2023-09-13T00:00:00+00:00, run_after=2023-09-14T00:00:00+00:00
[2023-09-14T16:41:43.787+0000] {processor.py:178} INFO - Processing /home/airflow/.local/lib/python3.7/site-packages/airflow/example_dags/example_branch_labels.py took 0.370 seconds
[2023-09-14T16:42:14.066+0000] {processor.py:156} INFO - Started process (PID=414) to work on /home/airflow/.local/lib/python3.7/site-packages/airflow/example_dags/example_branch_labels.py
[2023-09-14T16:42:14.069+0000] {processor.py:799} INFO - Processing file /home/airflow/.local/lib/python3.7/site-packages/airflow/example_dags/example_branch_labels.py for tasks to queue
[2023-09-14T16:42:14.073+0000] {logging_mixin.py:149} INFO - [2023-09-14T16:42:14.072+0000] {dagbag.py:541} INFO - Filling up the DagBag from /home/airflow/.local/lib/python3.7/site-packages/airflow/example_dags/example_branch_labels.py
[2023-09-14T16:42:14.112+0000] {processor.py:809} INFO - DAG(s) dict_keys(['example_branch_labels']) retrieved from /home/airflow/.local/lib/python3.7/site-packages/airflow/example_dags/example_branch_labels.py
[2023-09-14T16:42:14.206+0000] {logging_mixin.py:149} INFO - [2023-09-14T16:42:14.205+0000] {dag.py:2726} INFO - Sync 1 DAGs
[2023-09-14T16:42:14.344+0000] {logging_mixin.py:149} INFO - [2023-09-14T16:42:14.339+0000] {dag.py:3490} INFO - Setting next_dagrun for example_branch_labels to 2023-09-13T00:00:00+00:00, run_after=2023-09-14T00:00:00+00:00
[2023-09-14T16:42:14.441+0000] {processor.py:178} INFO - Processing /home/airflow/.local/lib/python3.7/site-packages/airflow/example_dags/example_branch_labels.py took 0.384 seconds
[2023-09-14T16:42:45.969+0000] {processor.py:156} INFO - Started process (PID=483) to work on /home/airflow/.local/lib/python3.7/site-packages/airflow/example_dags/example_branch_labels.py
[2023-09-14T16:42:45.973+0000] {processor.py:799} INFO - Processing file /home/airflow/.local/lib/python3.7/site-packages/airflow/example_dags/example_branch_labels.py for tasks to queue
[2023-09-14T16:42:45.976+0000] {logging_mixin.py:149} INFO - [2023-09-14T16:42:45.975+0000] {dagbag.py:541} INFO - Filling up the DagBag from /home/airflow/.local/lib/python3.7/site-packages/airflow/example_dags/example_branch_labels.py
[2023-09-14T16:42:45.995+0000] {processor.py:809} INFO - DAG(s) dict_keys(['example_branch_labels']) retrieved from /home/airflow/.local/lib/python3.7/site-packages/airflow/example_dags/example_branch_labels.py
[2023-09-14T16:42:46.052+0000] {logging_mixin.py:149} INFO - [2023-09-14T16:42:46.051+0000] {dag.py:2726} INFO - Sync 1 DAGs
[2023-09-14T16:42:46.115+0000] {logging_mixin.py:149} INFO - [2023-09-14T16:42:46.114+0000] {dag.py:3490} INFO - Setting next_dagrun for example_branch_labels to 2023-09-13T00:00:00+00:00, run_after=2023-09-14T00:00:00+00:00
[2023-09-14T16:42:46.274+0000] {processor.py:178} INFO - Processing /home/airflow/.local/lib/python3.7/site-packages/airflow/example_dags/example_branch_labels.py took 0.310 seconds
[2023-09-14T16:43:16.575+0000] {processor.py:156} INFO - Started process (PID=543) to work on /home/airflow/.local/lib/python3.7/site-packages/airflow/example_dags/example_branch_labels.py
[2023-09-14T16:43:16.577+0000] {processor.py:799} INFO - Processing file /home/airflow/.local/lib/python3.7/site-packages/airflow/example_dags/example_branch_labels.py for tasks to queue
[2023-09-14T16:43:16.579+0000] {logging_mixin.py:149} INFO - [2023-09-14T16:43:16.579+0000] {dagbag.py:541} INFO - Filling up the DagBag from /home/airflow/.local/lib/python3.7/site-packages/airflow/example_dags/example_branch_labels.py
[2023-09-14T16:43:16.594+0000] {processor.py:809} INFO - DAG(s) dict_keys(['example_branch_labels']) retrieved from /home/airflow/.local/lib/python3.7/site-packages/airflow/example_dags/example_branch_labels.py
[2023-09-14T16:43:16.645+0000] {logging_mixin.py:149} INFO - [2023-09-14T16:43:16.644+0000] {dag.py:2726} INFO - Sync 1 DAGs
[2023-09-14T16:43:16.698+0000] {logging_mixin.py:149} INFO - [2023-09-14T16:43:16.698+0000] {dag.py:3490} INFO - Setting next_dagrun for example_branch_labels to 2023-09-13T00:00:00+00:00, run_after=2023-09-14T00:00:00+00:00
[2023-09-14T16:43:16.755+0000] {processor.py:178} INFO - Processing /home/airflow/.local/lib/python3.7/site-packages/airflow/example_dags/example_branch_labels.py took 0.188 seconds
[2023-09-14T16:43:47.005+0000] {processor.py:156} INFO - Started process (PID=596) to work on /home/airflow/.local/lib/python3.7/site-packages/airflow/example_dags/example_branch_labels.py
[2023-09-14T16:43:47.007+0000] {processor.py:799} INFO - Processing file /home/airflow/.local/lib/python3.7/site-packages/airflow/example_dags/example_branch_labels.py for tasks to queue
[2023-09-14T16:43:47.011+0000] {logging_mixin.py:149} INFO - [2023-09-14T16:43:47.010+0000] {dagbag.py:541} INFO - Filling up the DagBag from /home/airflow/.local/lib/python3.7/site-packages/airflow/example_dags/example_branch_labels.py
[2023-09-14T16:43:47.065+0000] {processor.py:809} INFO - DAG(s) dict_keys(['example_branch_labels']) retrieved from /home/airflow/.local/lib/python3.7/site-packages/airflow/example_dags/example_branch_labels.py
[2023-09-14T16:43:47.337+0000] {logging_mixin.py:149} INFO - [2023-09-14T16:43:47.336+0000] {dag.py:2726} INFO - Sync 1 DAGs
[2023-09-14T16:43:47.465+0000] {logging_mixin.py:149} INFO - [2023-09-14T16:43:47.462+0000] {dag.py:3490} INFO - Setting next_dagrun for example_branch_labels to 2023-09-13T00:00:00+00:00, run_after=2023-09-14T00:00:00+00:00
[2023-09-14T16:43:47.789+0000] {processor.py:178} INFO - Processing /home/airflow/.local/lib/python3.7/site-packages/airflow/example_dags/example_branch_labels.py took 0.795 seconds
[2023-09-14T16:44:18.331+0000] {processor.py:156} INFO - Started process (PID=658) to work on /home/airflow/.local/lib/python3.7/site-packages/airflow/example_dags/example_branch_labels.py
[2023-09-14T16:44:18.334+0000] {processor.py:799} INFO - Processing file /home/airflow/.local/lib/python3.7/site-packages/airflow/example_dags/example_branch_labels.py for tasks to queue
[2023-09-14T16:44:18.336+0000] {logging_mixin.py:149} INFO - [2023-09-14T16:44:18.335+0000] {dagbag.py:541} INFO - Filling up the DagBag from /home/airflow/.local/lib/python3.7/site-packages/airflow/example_dags/example_branch_labels.py
[2023-09-14T16:44:18.352+0000] {processor.py:809} INFO - DAG(s) dict_keys(['example_branch_labels']) retrieved from /home/airflow/.local/lib/python3.7/site-packages/airflow/example_dags/example_branch_labels.py
[2023-09-14T16:44:18.401+0000] {logging_mixin.py:149} INFO - [2023-09-14T16:44:18.400+0000] {dag.py:2726} INFO - Sync 1 DAGs
[2023-09-14T16:44:18.448+0000] {logging_mixin.py:149} INFO - [2023-09-14T16:44:18.447+0000] {dag.py:3490} INFO - Setting next_dagrun for example_branch_labels to 2023-09-13T00:00:00+00:00, run_after=2023-09-14T00:00:00+00:00
[2023-09-14T16:44:18.551+0000] {processor.py:178} INFO - Processing /home/airflow/.local/lib/python3.7/site-packages/airflow/example_dags/example_branch_labels.py took 0.226 seconds
[2023-09-14T16:44:48.911+0000] {processor.py:156} INFO - Started process (PID=719) to work on /home/airflow/.local/lib/python3.7/site-packages/airflow/example_dags/example_branch_labels.py
[2023-09-14T16:44:48.915+0000] {processor.py:799} INFO - Processing file /home/airflow/.local/lib/python3.7/site-packages/airflow/example_dags/example_branch_labels.py for tasks to queue
[2023-09-14T16:44:48.918+0000] {logging_mixin.py:149} INFO - [2023-09-14T16:44:48.918+0000] {dagbag.py:541} INFO - Filling up the DagBag from /home/airflow/.local/lib/python3.7/site-packages/airflow/example_dags/example_branch_labels.py
[2023-09-14T16:44:48.949+0000] {processor.py:809} INFO - DAG(s) dict_keys(['example_branch_labels']) retrieved from /home/airflow/.local/lib/python3.7/site-packages/airflow/example_dags/example_branch_labels.py
[2023-09-14T16:44:49.034+0000] {logging_mixin.py:149} INFO - [2023-09-14T16:44:49.033+0000] {dag.py:2726} INFO - Sync 1 DAGs
[2023-09-14T16:44:49.147+0000] {logging_mixin.py:149} INFO - [2023-09-14T16:44:49.146+0000] {dag.py:3490} INFO - Setting next_dagrun for example_branch_labels to 2023-09-13T00:00:00+00:00, run_after=2023-09-14T00:00:00+00:00
[2023-09-14T16:44:49.231+0000] {processor.py:178} INFO - Processing /home/airflow/.local/lib/python3.7/site-packages/airflow/example_dags/example_branch_labels.py took 0.331 seconds
[2023-09-14T16:45:19.866+0000] {processor.py:156} INFO - Started process (PID=779) to work on /home/airflow/.local/lib/python3.7/site-packages/airflow/example_dags/example_branch_labels.py
[2023-09-14T16:45:19.871+0000] {processor.py:799} INFO - Processing file /home/airflow/.local/lib/python3.7/site-packages/airflow/example_dags/example_branch_labels.py for tasks to queue
[2023-09-14T16:45:19.874+0000] {logging_mixin.py:149} INFO - [2023-09-14T16:45:19.874+0000] {dagbag.py:541} INFO - Filling up the DagBag from /home/airflow/.local/lib/python3.7/site-packages/airflow/example_dags/example_branch_labels.py
[2023-09-14T16:45:19.908+0000] {processor.py:809} INFO - DAG(s) dict_keys(['example_branch_labels']) retrieved from /home/airflow/.local/lib/python3.7/site-packages/airflow/example_dags/example_branch_labels.py
[2023-09-14T16:45:19.946+0000] {logging_mixin.py:149} INFO - [2023-09-14T16:45:19.946+0000] {dag.py:2726} INFO - Sync 1 DAGs
[2023-09-14T16:45:20.030+0000] {logging_mixin.py:149} INFO - [2023-09-14T16:45:20.029+0000] {dag.py:3490} INFO - Setting next_dagrun for example_branch_labels to 2023-09-13T00:00:00+00:00, run_after=2023-09-14T00:00:00+00:00
[2023-09-14T16:45:20.085+0000] {processor.py:178} INFO - Processing /home/airflow/.local/lib/python3.7/site-packages/airflow/example_dags/example_branch_labels.py took 0.230 seconds
[2023-09-14T16:45:50.478+0000] {processor.py:156} INFO - Started process (PID=840) to work on /home/airflow/.local/lib/python3.7/site-packages/airflow/example_dags/example_branch_labels.py
[2023-09-14T16:45:50.479+0000] {processor.py:799} INFO - Processing file /home/airflow/.local/lib/python3.7/site-packages/airflow/example_dags/example_branch_labels.py for tasks to queue
[2023-09-14T16:45:50.480+0000] {logging_mixin.py:149} INFO - [2023-09-14T16:45:50.480+0000] {dagbag.py:541} INFO - Filling up the DagBag from /home/airflow/.local/lib/python3.7/site-packages/airflow/example_dags/example_branch_labels.py
[2023-09-14T16:45:50.492+0000] {processor.py:809} INFO - DAG(s) dict_keys(['example_branch_labels']) retrieved from /home/airflow/.local/lib/python3.7/site-packages/airflow/example_dags/example_branch_labels.py
[2023-09-14T16:45:50.524+0000] {logging_mixin.py:149} INFO - [2023-09-14T16:45:50.524+0000] {dag.py:2726} INFO - Sync 1 DAGs
[2023-09-14T16:45:50.569+0000] {logging_mixin.py:149} INFO - [2023-09-14T16:45:50.569+0000] {dag.py:3490} INFO - Setting next_dagrun for example_branch_labels to 2023-09-13T00:00:00+00:00, run_after=2023-09-14T00:00:00+00:00
[2023-09-14T16:45:50.641+0000] {processor.py:178} INFO - Processing /home/airflow/.local/lib/python3.7/site-packages/airflow/example_dags/example_branch_labels.py took 0.166 seconds
[2023-09-14T16:46:21.201+0000] {processor.py:156} INFO - Started process (PID=901) to work on /home/airflow/.local/lib/python3.7/site-packages/airflow/example_dags/example_branch_labels.py
[2023-09-14T16:46:21.204+0000] {processor.py:799} INFO - Processing file /home/airflow/.local/lib/python3.7/site-packages/airflow/example_dags/example_branch_labels.py for tasks to queue
[2023-09-14T16:46:21.210+0000] {logging_mixin.py:149} INFO - [2023-09-14T16:46:21.210+0000] {dagbag.py:541} INFO - Filling up the DagBag from /home/airflow/.local/lib/python3.7/site-packages/airflow/example_dags/example_branch_labels.py
[2023-09-14T16:46:21.239+0000] {processor.py:809} INFO - DAG(s) dict_keys(['example_branch_labels']) retrieved from /home/airflow/.local/lib/python3.7/site-packages/airflow/example_dags/example_branch_labels.py
[2023-09-14T16:46:21.327+0000] {logging_mixin.py:149} INFO - [2023-09-14T16:46:21.326+0000] {dag.py:2726} INFO - Sync 1 DAGs
[2023-09-14T16:46:21.414+0000] {logging_mixin.py:149} INFO - [2023-09-14T16:46:21.413+0000] {dag.py:3490} INFO - Setting next_dagrun for example_branch_labels to 2023-09-13T00:00:00+00:00, run_after=2023-09-14T00:00:00+00:00
[2023-09-14T16:46:21.465+0000] {processor.py:178} INFO - Processing /home/airflow/.local/lib/python3.7/site-packages/airflow/example_dags/example_branch_labels.py took 0.275 seconds
[2023-09-14T16:46:52.194+0000] {processor.py:156} INFO - Started process (PID=962) to work on /home/airflow/.local/lib/python3.7/site-packages/airflow/example_dags/example_branch_labels.py
[2023-09-14T16:46:52.199+0000] {processor.py:799} INFO - Processing file /home/airflow/.local/lib/python3.7/site-packages/airflow/example_dags/example_branch_labels.py for tasks to queue
[2023-09-14T16:46:52.204+0000] {logging_mixin.py:149} INFO - [2023-09-14T16:46:52.203+0000] {dagbag.py:541} INFO - Filling up the DagBag from /home/airflow/.local/lib/python3.7/site-packages/airflow/example_dags/example_branch_labels.py
[2023-09-14T16:46:52.247+0000] {processor.py:809} INFO - DAG(s) dict_keys(['example_branch_labels']) retrieved from /home/airflow/.local/lib/python3.7/site-packages/airflow/example_dags/example_branch_labels.py
[2023-09-14T16:46:52.392+0000] {logging_mixin.py:149} INFO - [2023-09-14T16:46:52.391+0000] {dag.py:2726} INFO - Sync 1 DAGs
[2023-09-14T16:46:52.543+0000] {logging_mixin.py:149} INFO - [2023-09-14T16:46:52.543+0000] {dag.py:3490} INFO - Setting next_dagrun for example_branch_labels to 2023-09-13T00:00:00+00:00, run_after=2023-09-14T00:00:00+00:00
[2023-09-14T16:46:52.625+0000] {processor.py:178} INFO - Processing /home/airflow/.local/lib/python3.7/site-packages/airflow/example_dags/example_branch_labels.py took 0.439 seconds
[2023-09-14T16:47:23.430+0000] {processor.py:156} INFO - Started process (PID=1023) to work on /home/airflow/.local/lib/python3.7/site-packages/airflow/example_dags/example_branch_labels.py
[2023-09-14T16:47:23.434+0000] {processor.py:799} INFO - Processing file /home/airflow/.local/lib/python3.7/site-packages/airflow/example_dags/example_branch_labels.py for tasks to queue
[2023-09-14T16:47:23.438+0000] {logging_mixin.py:149} INFO - [2023-09-14T16:47:23.437+0000] {dagbag.py:541} INFO - Filling up the DagBag from /home/airflow/.local/lib/python3.7/site-packages/airflow/example_dags/example_branch_labels.py
[2023-09-14T16:47:23.474+0000] {processor.py:809} INFO - DAG(s) dict_keys(['example_branch_labels']) retrieved from /home/airflow/.local/lib/python3.7/site-packages/airflow/example_dags/example_branch_labels.py
[2023-09-14T16:47:23.579+0000] {logging_mixin.py:149} INFO - [2023-09-14T16:47:23.579+0000] {dag.py:2726} INFO - Sync 1 DAGs
[2023-09-14T16:47:23.757+0000] {logging_mixin.py:149} INFO - [2023-09-14T16:47:23.756+0000] {dag.py:3490} INFO - Setting next_dagrun for example_branch_labels to 2023-09-13T00:00:00+00:00, run_after=2023-09-14T00:00:00+00:00
[2023-09-14T16:47:23.880+0000] {processor.py:178} INFO - Processing /home/airflow/.local/lib/python3.7/site-packages/airflow/example_dags/example_branch_labels.py took 0.466 seconds
[2023-09-14T16:47:54.016+0000] {processor.py:156} INFO - Started process (PID=1083) to work on /home/airflow/.local/lib/python3.7/site-packages/airflow/example_dags/example_branch_labels.py
[2023-09-14T16:47:54.019+0000] {processor.py:799} INFO - Processing file /home/airflow/.local/lib/python3.7/site-packages/airflow/example_dags/example_branch_labels.py for tasks to queue
[2023-09-14T16:47:54.020+0000] {logging_mixin.py:149} INFO - [2023-09-14T16:47:54.020+0000] {dagbag.py:541} INFO - Filling up the DagBag from /home/airflow/.local/lib/python3.7/site-packages/airflow/example_dags/example_branch_labels.py
[2023-09-14T16:47:54.039+0000] {processor.py:809} INFO - DAG(s) dict_keys(['example_branch_labels']) retrieved from /home/airflow/.local/lib/python3.7/site-packages/airflow/example_dags/example_branch_labels.py
[2023-09-14T16:47:54.089+0000] {logging_mixin.py:149} INFO - [2023-09-14T16:47:54.089+0000] {dag.py:2726} INFO - Sync 1 DAGs
[2023-09-14T16:47:54.159+0000] {logging_mixin.py:149} INFO - [2023-09-14T16:47:54.159+0000] {dag.py:3490} INFO - Setting next_dagrun for example_branch_labels to 2023-09-13T00:00:00+00:00, run_after=2023-09-14T00:00:00+00:00
[2023-09-14T16:47:54.272+0000] {processor.py:178} INFO - Processing /home/airflow/.local/lib/python3.7/site-packages/airflow/example_dags/example_branch_labels.py took 0.266 seconds
[2023-09-14T16:48:24.814+0000] {processor.py:156} INFO - Started process (PID=1145) to work on /home/airflow/.local/lib/python3.7/site-packages/airflow/example_dags/example_branch_labels.py
[2023-09-14T16:48:24.817+0000] {processor.py:799} INFO - Processing file /home/airflow/.local/lib/python3.7/site-packages/airflow/example_dags/example_branch_labels.py for tasks to queue
[2023-09-14T16:48:24.821+0000] {logging_mixin.py:149} INFO - [2023-09-14T16:48:24.820+0000] {dagbag.py:541} INFO - Filling up the DagBag from /home/airflow/.local/lib/python3.7/site-packages/airflow/example_dags/example_branch_labels.py
[2023-09-14T16:48:24.843+0000] {processor.py:809} INFO - DAG(s) dict_keys(['example_branch_labels']) retrieved from /home/airflow/.local/lib/python3.7/site-packages/airflow/example_dags/example_branch_labels.py
[2023-09-14T16:48:24.936+0000] {logging_mixin.py:149} INFO - [2023-09-14T16:48:24.936+0000] {dag.py:2726} INFO - Sync 1 DAGs
[2023-09-14T16:48:25.053+0000] {logging_mixin.py:149} INFO - [2023-09-14T16:48:25.052+0000] {dag.py:3490} INFO - Setting next_dagrun for example_branch_labels to 2023-09-13T00:00:00+00:00, run_after=2023-09-14T00:00:00+00:00
[2023-09-14T16:48:25.155+0000] {processor.py:178} INFO - Processing /home/airflow/.local/lib/python3.7/site-packages/airflow/example_dags/example_branch_labels.py took 0.362 seconds
[2023-09-14T16:48:55.486+0000] {processor.py:156} INFO - Started process (PID=1206) to work on /home/airflow/.local/lib/python3.7/site-packages/airflow/example_dags/example_branch_labels.py
[2023-09-14T16:48:55.496+0000] {processor.py:799} INFO - Processing file /home/airflow/.local/lib/python3.7/site-packages/airflow/example_dags/example_branch_labels.py for tasks to queue
[2023-09-14T16:48:55.503+0000] {logging_mixin.py:149} INFO - [2023-09-14T16:48:55.503+0000] {dagbag.py:541} INFO - Filling up the DagBag from /home/airflow/.local/lib/python3.7/site-packages/airflow/example_dags/example_branch_labels.py
[2023-09-14T16:48:55.563+0000] {processor.py:809} INFO - DAG(s) dict_keys(['example_branch_labels']) retrieved from /home/airflow/.local/lib/python3.7/site-packages/airflow/example_dags/example_branch_labels.py
[2023-09-14T16:48:55.636+0000] {logging_mixin.py:149} INFO - [2023-09-14T16:48:55.636+0000] {dag.py:2726} INFO - Sync 1 DAGs
[2023-09-14T16:48:55.729+0000] {logging_mixin.py:149} INFO - [2023-09-14T16:48:55.729+0000] {dag.py:3490} INFO - Setting next_dagrun for example_branch_labels to 2023-09-13T00:00:00+00:00, run_after=2023-09-14T00:00:00+00:00
[2023-09-14T16:48:55.836+0000] {processor.py:178} INFO - Processing /home/airflow/.local/lib/python3.7/site-packages/airflow/example_dags/example_branch_labels.py took 0.366 seconds
[2023-09-14T16:49:26.232+0000] {processor.py:156} INFO - Started process (PID=1267) to work on /home/airflow/.local/lib/python3.7/site-packages/airflow/example_dags/example_branch_labels.py
[2023-09-14T16:49:26.238+0000] {processor.py:799} INFO - Processing file /home/airflow/.local/lib/python3.7/site-packages/airflow/example_dags/example_branch_labels.py for tasks to queue
[2023-09-14T16:49:26.244+0000] {logging_mixin.py:149} INFO - [2023-09-14T16:49:26.243+0000] {dagbag.py:541} INFO - Filling up the DagBag from /home/airflow/.local/lib/python3.7/site-packages/airflow/example_dags/example_branch_labels.py
[2023-09-14T16:49:26.286+0000] {processor.py:809} INFO - DAG(s) dict_keys(['example_branch_labels']) retrieved from /home/airflow/.local/lib/python3.7/site-packages/airflow/example_dags/example_branch_labels.py
[2023-09-14T16:49:26.412+0000] {logging_mixin.py:149} INFO - [2023-09-14T16:49:26.412+0000] {dag.py:2726} INFO - Sync 1 DAGs
[2023-09-14T16:49:26.575+0000] {logging_mixin.py:149} INFO - [2023-09-14T16:49:26.574+0000] {dag.py:3490} INFO - Setting next_dagrun for example_branch_labels to 2023-09-13T00:00:00+00:00, run_after=2023-09-14T00:00:00+00:00
[2023-09-14T16:49:26.657+0000] {processor.py:178} INFO - Processing /home/airflow/.local/lib/python3.7/site-packages/airflow/example_dags/example_branch_labels.py took 0.445 seconds
[2023-09-14T16:49:57.105+0000] {processor.py:156} INFO - Started process (PID=1328) to work on /home/airflow/.local/lib/python3.7/site-packages/airflow/example_dags/example_branch_labels.py
[2023-09-14T16:49:57.110+0000] {processor.py:799} INFO - Processing file /home/airflow/.local/lib/python3.7/site-packages/airflow/example_dags/example_branch_labels.py for tasks to queue
[2023-09-14T16:49:57.114+0000] {logging_mixin.py:149} INFO - [2023-09-14T16:49:57.114+0000] {dagbag.py:541} INFO - Filling up the DagBag from /home/airflow/.local/lib/python3.7/site-packages/airflow/example_dags/example_branch_labels.py
[2023-09-14T16:49:57.149+0000] {processor.py:809} INFO - DAG(s) dict_keys(['example_branch_labels']) retrieved from /home/airflow/.local/lib/python3.7/site-packages/airflow/example_dags/example_branch_labels.py
[2023-09-14T16:49:57.249+0000] {logging_mixin.py:149} INFO - [2023-09-14T16:49:57.248+0000] {dag.py:2726} INFO - Sync 1 DAGs
[2023-09-14T16:49:57.356+0000] {logging_mixin.py:149} INFO - [2023-09-14T16:49:57.356+0000] {dag.py:3490} INFO - Setting next_dagrun for example_branch_labels to 2023-09-13T00:00:00+00:00, run_after=2023-09-14T00:00:00+00:00
[2023-09-14T16:49:57.429+0000] {processor.py:178} INFO - Processing /home/airflow/.local/lib/python3.7/site-packages/airflow/example_dags/example_branch_labels.py took 0.337 seconds
[2023-09-14T16:50:27.830+0000] {processor.py:156} INFO - Started process (PID=1389) to work on /home/airflow/.local/lib/python3.7/site-packages/airflow/example_dags/example_branch_labels.py
[2023-09-14T16:50:27.834+0000] {processor.py:799} INFO - Processing file /home/airflow/.local/lib/python3.7/site-packages/airflow/example_dags/example_branch_labels.py for tasks to queue
[2023-09-14T16:50:27.838+0000] {logging_mixin.py:149} INFO - [2023-09-14T16:50:27.838+0000] {dagbag.py:541} INFO - Filling up the DagBag from /home/airflow/.local/lib/python3.7/site-packages/airflow/example_dags/example_branch_labels.py
[2023-09-14T16:50:27.874+0000] {processor.py:809} INFO - DAG(s) dict_keys(['example_branch_labels']) retrieved from /home/airflow/.local/lib/python3.7/site-packages/airflow/example_dags/example_branch_labels.py
[2023-09-14T16:50:27.983+0000] {logging_mixin.py:149} INFO - [2023-09-14T16:50:27.982+0000] {dag.py:2726} INFO - Sync 1 DAGs
[2023-09-14T16:50:28.116+0000] {logging_mixin.py:149} INFO - [2023-09-14T16:50:28.115+0000] {dag.py:3490} INFO - Setting next_dagrun for example_branch_labels to 2023-09-13T00:00:00+00:00, run_after=2023-09-14T00:00:00+00:00
[2023-09-14T16:50:28.222+0000] {processor.py:178} INFO - Processing /home/airflow/.local/lib/python3.7/site-packages/airflow/example_dags/example_branch_labels.py took 0.403 seconds
[2023-09-14T16:50:59.390+0000] {processor.py:156} INFO - Started process (PID=1450) to work on /home/airflow/.local/lib/python3.7/site-packages/airflow/example_dags/example_branch_labels.py
[2023-09-14T16:50:59.392+0000] {processor.py:799} INFO - Processing file /home/airflow/.local/lib/python3.7/site-packages/airflow/example_dags/example_branch_labels.py for tasks to queue
[2023-09-14T16:50:59.394+0000] {logging_mixin.py:149} INFO - [2023-09-14T16:50:59.393+0000] {dagbag.py:541} INFO - Filling up the DagBag from /home/airflow/.local/lib/python3.7/site-packages/airflow/example_dags/example_branch_labels.py
[2023-09-14T16:50:59.421+0000] {processor.py:809} INFO - DAG(s) dict_keys(['example_branch_labels']) retrieved from /home/airflow/.local/lib/python3.7/site-packages/airflow/example_dags/example_branch_labels.py
[2023-09-14T16:50:59.492+0000] {logging_mixin.py:149} INFO - [2023-09-14T16:50:59.491+0000] {dag.py:2726} INFO - Sync 1 DAGs
[2023-09-14T16:50:59.562+0000] {logging_mixin.py:149} INFO - [2023-09-14T16:50:59.561+0000] {dag.py:3490} INFO - Setting next_dagrun for example_branch_labels to 2023-09-13T00:00:00+00:00, run_after=2023-09-14T00:00:00+00:00
[2023-09-14T16:50:59.648+0000] {processor.py:178} INFO - Processing /home/airflow/.local/lib/python3.7/site-packages/airflow/example_dags/example_branch_labels.py took 0.269 seconds
[2023-09-14T16:51:29.846+0000] {processor.py:156} INFO - Started process (PID=1511) to work on /home/airflow/.local/lib/python3.7/site-packages/airflow/example_dags/example_branch_labels.py
[2023-09-14T16:51:29.849+0000] {processor.py:799} INFO - Processing file /home/airflow/.local/lib/python3.7/site-packages/airflow/example_dags/example_branch_labels.py for tasks to queue
[2023-09-14T16:51:29.853+0000] {logging_mixin.py:149} INFO - [2023-09-14T16:51:29.852+0000] {dagbag.py:541} INFO - Filling up the DagBag from /home/airflow/.local/lib/python3.7/site-packages/airflow/example_dags/example_branch_labels.py
[2023-09-14T16:51:29.877+0000] {processor.py:809} INFO - DAG(s) dict_keys(['example_branch_labels']) retrieved from /home/airflow/.local/lib/python3.7/site-packages/airflow/example_dags/example_branch_labels.py
[2023-09-14T16:51:29.957+0000] {logging_mixin.py:149} INFO - [2023-09-14T16:51:29.956+0000] {dag.py:2726} INFO - Sync 1 DAGs
[2023-09-14T16:51:30.032+0000] {logging_mixin.py:149} INFO - [2023-09-14T16:51:30.032+0000] {dag.py:3490} INFO - Setting next_dagrun for example_branch_labels to 2023-09-13T00:00:00+00:00, run_after=2023-09-14T00:00:00+00:00
[2023-09-14T16:51:30.074+0000] {processor.py:178} INFO - Processing /home/airflow/.local/lib/python3.7/site-packages/airflow/example_dags/example_branch_labels.py took 0.237 seconds
[2023-09-14T16:52:00.278+0000] {processor.py:156} INFO - Started process (PID=1573) to work on /home/airflow/.local/lib/python3.7/site-packages/airflow/example_dags/example_branch_labels.py
[2023-09-14T16:52:00.281+0000] {processor.py:799} INFO - Processing file /home/airflow/.local/lib/python3.7/site-packages/airflow/example_dags/example_branch_labels.py for tasks to queue
[2023-09-14T16:52:00.284+0000] {logging_mixin.py:149} INFO - [2023-09-14T16:52:00.283+0000] {dagbag.py:541} INFO - Filling up the DagBag from /home/airflow/.local/lib/python3.7/site-packages/airflow/example_dags/example_branch_labels.py
[2023-09-14T16:52:00.301+0000] {processor.py:809} INFO - DAG(s) dict_keys(['example_branch_labels']) retrieved from /home/airflow/.local/lib/python3.7/site-packages/airflow/example_dags/example_branch_labels.py
[2023-09-14T16:52:00.380+0000] {logging_mixin.py:149} INFO - [2023-09-14T16:52:00.379+0000] {dag.py:2726} INFO - Sync 1 DAGs
[2023-09-14T16:52:00.457+0000] {logging_mixin.py:149} INFO - [2023-09-14T16:52:00.457+0000] {dag.py:3490} INFO - Setting next_dagrun for example_branch_labels to 2023-09-13T00:00:00+00:00, run_after=2023-09-14T00:00:00+00:00
[2023-09-14T16:52:00.524+0000] {processor.py:178} INFO - Processing /home/airflow/.local/lib/python3.7/site-packages/airflow/example_dags/example_branch_labels.py took 0.251 seconds
[2023-09-14T16:52:30.913+0000] {processor.py:156} INFO - Started process (PID=1634) to work on /home/airflow/.local/lib/python3.7/site-packages/airflow/example_dags/example_branch_labels.py
[2023-09-14T16:52:30.916+0000] {processor.py:799} INFO - Processing file /home/airflow/.local/lib/python3.7/site-packages/airflow/example_dags/example_branch_labels.py for tasks to queue
[2023-09-14T16:52:30.922+0000] {logging_mixin.py:149} INFO - [2023-09-14T16:52:30.920+0000] {dagbag.py:541} INFO - Filling up the DagBag from /home/airflow/.local/lib/python3.7/site-packages/airflow/example_dags/example_branch_labels.py
[2023-09-14T16:52:30.951+0000] {processor.py:809} INFO - DAG(s) dict_keys(['example_branch_labels']) retrieved from /home/airflow/.local/lib/python3.7/site-packages/airflow/example_dags/example_branch_labels.py
[2023-09-14T16:52:31.048+0000] {logging_mixin.py:149} INFO - [2023-09-14T16:52:31.047+0000] {dag.py:2726} INFO - Sync 1 DAGs
[2023-09-14T16:52:31.218+0000] {logging_mixin.py:149} INFO - [2023-09-14T16:52:31.217+0000] {dag.py:3490} INFO - Setting next_dagrun for example_branch_labels to 2023-09-13T00:00:00+00:00, run_after=2023-09-14T00:00:00+00:00
[2023-09-14T16:52:31.366+0000] {processor.py:178} INFO - Processing /home/airflow/.local/lib/python3.7/site-packages/airflow/example_dags/example_branch_labels.py took 0.460 seconds
[2023-09-14T16:53:03.584+0000] {processor.py:156} INFO - Started process (PID=1695) to work on /home/airflow/.local/lib/python3.7/site-packages/airflow/example_dags/example_branch_labels.py
[2023-09-14T16:53:03.588+0000] {processor.py:799} INFO - Processing file /home/airflow/.local/lib/python3.7/site-packages/airflow/example_dags/example_branch_labels.py for tasks to queue
[2023-09-14T16:53:03.591+0000] {logging_mixin.py:149} INFO - [2023-09-14T16:53:03.591+0000] {dagbag.py:541} INFO - Filling up the DagBag from /home/airflow/.local/lib/python3.7/site-packages/airflow/example_dags/example_branch_labels.py
[2023-09-14T16:53:03.625+0000] {processor.py:809} INFO - DAG(s) dict_keys(['example_branch_labels']) retrieved from /home/airflow/.local/lib/python3.7/site-packages/airflow/example_dags/example_branch_labels.py
[2023-09-14T16:53:03.739+0000] {logging_mixin.py:149} INFO - [2023-09-14T16:53:03.739+0000] {dag.py:2726} INFO - Sync 1 DAGs
[2023-09-14T16:53:03.845+0000] {logging_mixin.py:149} INFO - [2023-09-14T16:53:03.845+0000] {dag.py:3490} INFO - Setting next_dagrun for example_branch_labels to 2023-09-13T00:00:00+00:00, run_after=2023-09-14T00:00:00+00:00
[2023-09-14T16:53:03.920+0000] {processor.py:178} INFO - Processing /home/airflow/.local/lib/python3.7/site-packages/airflow/example_dags/example_branch_labels.py took 0.347 seconds
[2023-09-14T16:53:37.093+0000] {processor.py:156} INFO - Started process (PID=1751) to work on /home/airflow/.local/lib/python3.7/site-packages/airflow/example_dags/example_branch_labels.py
[2023-09-14T16:53:37.098+0000] {processor.py:799} INFO - Processing file /home/airflow/.local/lib/python3.7/site-packages/airflow/example_dags/example_branch_labels.py for tasks to queue
[2023-09-14T16:53:37.101+0000] {logging_mixin.py:149} INFO - [2023-09-14T16:53:37.100+0000] {dagbag.py:541} INFO - Filling up the DagBag from /home/airflow/.local/lib/python3.7/site-packages/airflow/example_dags/example_branch_labels.py
[2023-09-14T16:53:37.186+0000] {processor.py:809} INFO - DAG(s) dict_keys(['example_branch_labels']) retrieved from /home/airflow/.local/lib/python3.7/site-packages/airflow/example_dags/example_branch_labels.py
[2023-09-14T16:53:37.403+0000] {logging_mixin.py:149} INFO - [2023-09-14T16:53:37.403+0000] {dag.py:2726} INFO - Sync 1 DAGs
[2023-09-14T16:53:37.654+0000] {logging_mixin.py:149} INFO - [2023-09-14T16:53:37.653+0000] {dag.py:3490} INFO - Setting next_dagrun for example_branch_labels to 2023-09-13T00:00:00+00:00, run_after=2023-09-14T00:00:00+00:00
[2023-09-14T16:53:38.142+0000] {processor.py:178} INFO - Processing /home/airflow/.local/lib/python3.7/site-packages/airflow/example_dags/example_branch_labels.py took 1.083 seconds
[2023-09-14T16:54:08.720+0000] {processor.py:156} INFO - Started process (PID=1816) to work on /home/airflow/.local/lib/python3.7/site-packages/airflow/example_dags/example_branch_labels.py
[2023-09-14T16:54:08.725+0000] {processor.py:799} INFO - Processing file /home/airflow/.local/lib/python3.7/site-packages/airflow/example_dags/example_branch_labels.py for tasks to queue
[2023-09-14T16:54:08.736+0000] {logging_mixin.py:149} INFO - [2023-09-14T16:54:08.736+0000] {dagbag.py:541} INFO - Filling up the DagBag from /home/airflow/.local/lib/python3.7/site-packages/airflow/example_dags/example_branch_labels.py
[2023-09-14T16:54:08.806+0000] {processor.py:809} INFO - DAG(s) dict_keys(['example_branch_labels']) retrieved from /home/airflow/.local/lib/python3.7/site-packages/airflow/example_dags/example_branch_labels.py
[2023-09-14T16:54:09.040+0000] {logging_mixin.py:149} INFO - [2023-09-14T16:54:09.039+0000] {dag.py:2726} INFO - Sync 1 DAGs
[2023-09-14T16:54:09.234+0000] {logging_mixin.py:149} INFO - [2023-09-14T16:54:09.233+0000] {dag.py:3490} INFO - Setting next_dagrun for example_branch_labels to 2023-09-13T00:00:00+00:00, run_after=2023-09-14T00:00:00+00:00
[2023-09-14T16:54:09.333+0000] {processor.py:178} INFO - Processing /home/airflow/.local/lib/python3.7/site-packages/airflow/example_dags/example_branch_labels.py took 0.632 seconds
[2023-09-14T16:54:55.499+0000] {processor.py:156} INFO - Started process (PID=1886) to work on /home/airflow/.local/lib/python3.7/site-packages/airflow/example_dags/example_branch_labels.py
[2023-09-14T16:54:55.506+0000] {processor.py:799} INFO - Processing file /home/airflow/.local/lib/python3.7/site-packages/airflow/example_dags/example_branch_labels.py for tasks to queue
[2023-09-14T16:54:55.509+0000] {logging_mixin.py:149} INFO - [2023-09-14T16:54:55.508+0000] {dagbag.py:541} INFO - Filling up the DagBag from /home/airflow/.local/lib/python3.7/site-packages/airflow/example_dags/example_branch_labels.py
[2023-09-14T16:54:55.556+0000] {processor.py:809} INFO - DAG(s) dict_keys(['example_branch_labels']) retrieved from /home/airflow/.local/lib/python3.7/site-packages/airflow/example_dags/example_branch_labels.py
[2023-09-14T16:54:55.751+0000] {logging_mixin.py:149} INFO - [2023-09-14T16:54:55.750+0000] {dag.py:2726} INFO - Sync 1 DAGs
[2023-09-14T16:54:55.991+0000] {logging_mixin.py:149} INFO - [2023-09-14T16:54:55.990+0000] {dag.py:3490} INFO - Setting next_dagrun for example_branch_labels to 2023-09-13T00:00:00+00:00, run_after=2023-09-14T00:00:00+00:00
[2023-09-14T16:54:56.189+0000] {processor.py:178} INFO - Processing /home/airflow/.local/lib/python3.7/site-packages/airflow/example_dags/example_branch_labels.py took 0.706 seconds
[2023-09-14T16:55:26.519+0000] {processor.py:156} INFO - Started process (PID=1952) to work on /home/airflow/.local/lib/python3.7/site-packages/airflow/example_dags/example_branch_labels.py
[2023-09-14T16:55:26.521+0000] {processor.py:799} INFO - Processing file /home/airflow/.local/lib/python3.7/site-packages/airflow/example_dags/example_branch_labels.py for tasks to queue
[2023-09-14T16:55:26.524+0000] {logging_mixin.py:149} INFO - [2023-09-14T16:55:26.524+0000] {dagbag.py:541} INFO - Filling up the DagBag from /home/airflow/.local/lib/python3.7/site-packages/airflow/example_dags/example_branch_labels.py
[2023-09-14T16:55:26.585+0000] {processor.py:809} INFO - DAG(s) dict_keys(['example_branch_labels']) retrieved from /home/airflow/.local/lib/python3.7/site-packages/airflow/example_dags/example_branch_labels.py
[2023-09-14T16:55:26.648+0000] {logging_mixin.py:149} INFO - [2023-09-14T16:55:26.646+0000] {dag.py:2726} INFO - Sync 1 DAGs
[2023-09-14T16:55:26.727+0000] {logging_mixin.py:149} INFO - [2023-09-14T16:55:26.726+0000] {dag.py:3490} INFO - Setting next_dagrun for example_branch_labels to 2023-09-13T00:00:00+00:00, run_after=2023-09-14T00:00:00+00:00
[2023-09-14T16:55:26.812+0000] {processor.py:178} INFO - Processing /home/airflow/.local/lib/python3.7/site-packages/airflow/example_dags/example_branch_labels.py took 0.301 seconds
[2023-09-14T16:55:57.426+0000] {processor.py:156} INFO - Started process (PID=2017) to work on /home/airflow/.local/lib/python3.7/site-packages/airflow/example_dags/example_branch_labels.py
[2023-09-14T16:55:57.430+0000] {processor.py:799} INFO - Processing file /home/airflow/.local/lib/python3.7/site-packages/airflow/example_dags/example_branch_labels.py for tasks to queue
[2023-09-14T16:55:57.435+0000] {logging_mixin.py:149} INFO - [2023-09-14T16:55:57.434+0000] {dagbag.py:541} INFO - Filling up the DagBag from /home/airflow/.local/lib/python3.7/site-packages/airflow/example_dags/example_branch_labels.py
[2023-09-14T16:55:57.469+0000] {processor.py:809} INFO - DAG(s) dict_keys(['example_branch_labels']) retrieved from /home/airflow/.local/lib/python3.7/site-packages/airflow/example_dags/example_branch_labels.py
[2023-09-14T16:55:57.543+0000] {logging_mixin.py:149} INFO - [2023-09-14T16:55:57.543+0000] {dag.py:2726} INFO - Sync 1 DAGs
[2023-09-14T16:55:57.643+0000] {logging_mixin.py:149} INFO - [2023-09-14T16:55:57.642+0000] {dag.py:3490} INFO - Setting next_dagrun for example_branch_labels to 2023-09-13T00:00:00+00:00, run_after=2023-09-14T00:00:00+00:00
[2023-09-14T16:55:57.753+0000] {processor.py:178} INFO - Processing /home/airflow/.local/lib/python3.7/site-packages/airflow/example_dags/example_branch_labels.py took 0.342 seconds
[2023-09-14T16:56:28.213+0000] {processor.py:156} INFO - Started process (PID=2082) to work on /home/airflow/.local/lib/python3.7/site-packages/airflow/example_dags/example_branch_labels.py
[2023-09-14T16:56:28.216+0000] {processor.py:799} INFO - Processing file /home/airflow/.local/lib/python3.7/site-packages/airflow/example_dags/example_branch_labels.py for tasks to queue
[2023-09-14T16:56:28.218+0000] {logging_mixin.py:149} INFO - [2023-09-14T16:56:28.217+0000] {dagbag.py:541} INFO - Filling up the DagBag from /home/airflow/.local/lib/python3.7/site-packages/airflow/example_dags/example_branch_labels.py
[2023-09-14T16:56:28.236+0000] {processor.py:809} INFO - DAG(s) dict_keys(['example_branch_labels']) retrieved from /home/airflow/.local/lib/python3.7/site-packages/airflow/example_dags/example_branch_labels.py
[2023-09-14T16:56:28.318+0000] {logging_mixin.py:149} INFO - [2023-09-14T16:56:28.317+0000] {dag.py:2726} INFO - Sync 1 DAGs
[2023-09-14T16:56:28.517+0000] {logging_mixin.py:149} INFO - [2023-09-14T16:56:28.516+0000] {dag.py:3490} INFO - Setting next_dagrun for example_branch_labels to 2023-09-13T00:00:00+00:00, run_after=2023-09-14T00:00:00+00:00
[2023-09-14T16:56:28.590+0000] {processor.py:178} INFO - Processing /home/airflow/.local/lib/python3.7/site-packages/airflow/example_dags/example_branch_labels.py took 0.384 seconds
[2023-09-14T16:56:59.151+0000] {processor.py:156} INFO - Started process (PID=2147) to work on /home/airflow/.local/lib/python3.7/site-packages/airflow/example_dags/example_branch_labels.py
[2023-09-14T16:56:59.154+0000] {processor.py:799} INFO - Processing file /home/airflow/.local/lib/python3.7/site-packages/airflow/example_dags/example_branch_labels.py for tasks to queue
[2023-09-14T16:56:59.159+0000] {logging_mixin.py:149} INFO - [2023-09-14T16:56:59.158+0000] {dagbag.py:541} INFO - Filling up the DagBag from /home/airflow/.local/lib/python3.7/site-packages/airflow/example_dags/example_branch_labels.py
[2023-09-14T16:56:59.199+0000] {processor.py:809} INFO - DAG(s) dict_keys(['example_branch_labels']) retrieved from /home/airflow/.local/lib/python3.7/site-packages/airflow/example_dags/example_branch_labels.py
[2023-09-14T16:56:59.306+0000] {logging_mixin.py:149} INFO - [2023-09-14T16:56:59.306+0000] {dag.py:2726} INFO - Sync 1 DAGs
[2023-09-14T16:56:59.392+0000] {logging_mixin.py:149} INFO - [2023-09-14T16:56:59.391+0000] {dag.py:3490} INFO - Setting next_dagrun for example_branch_labels to 2023-09-13T00:00:00+00:00, run_after=2023-09-14T00:00:00+00:00
[2023-09-14T16:56:59.457+0000] {processor.py:178} INFO - Processing /home/airflow/.local/lib/python3.7/site-packages/airflow/example_dags/example_branch_labels.py took 0.318 seconds
[2023-09-14T16:57:30.170+0000] {processor.py:156} INFO - Started process (PID=2213) to work on /home/airflow/.local/lib/python3.7/site-packages/airflow/example_dags/example_branch_labels.py
[2023-09-14T16:57:30.174+0000] {processor.py:799} INFO - Processing file /home/airflow/.local/lib/python3.7/site-packages/airflow/example_dags/example_branch_labels.py for tasks to queue
[2023-09-14T16:57:30.177+0000] {logging_mixin.py:149} INFO - [2023-09-14T16:57:30.176+0000] {dagbag.py:541} INFO - Filling up the DagBag from /home/airflow/.local/lib/python3.7/site-packages/airflow/example_dags/example_branch_labels.py
[2023-09-14T16:57:30.201+0000] {processor.py:809} INFO - DAG(s) dict_keys(['example_branch_labels']) retrieved from /home/airflow/.local/lib/python3.7/site-packages/airflow/example_dags/example_branch_labels.py
[2023-09-14T16:57:30.341+0000] {logging_mixin.py:149} INFO - [2023-09-14T16:57:30.340+0000] {dag.py:2726} INFO - Sync 1 DAGs
[2023-09-14T16:57:30.431+0000] {logging_mixin.py:149} INFO - [2023-09-14T16:57:30.431+0000] {dag.py:3490} INFO - Setting next_dagrun for example_branch_labels to 2023-09-13T00:00:00+00:00, run_after=2023-09-14T00:00:00+00:00
[2023-09-14T16:57:30.508+0000] {processor.py:178} INFO - Processing /home/airflow/.local/lib/python3.7/site-packages/airflow/example_dags/example_branch_labels.py took 0.347 seconds
[2023-09-14T16:58:01.071+0000] {processor.py:156} INFO - Started process (PID=2278) to work on /home/airflow/.local/lib/python3.7/site-packages/airflow/example_dags/example_branch_labels.py
[2023-09-14T16:58:01.074+0000] {processor.py:799} INFO - Processing file /home/airflow/.local/lib/python3.7/site-packages/airflow/example_dags/example_branch_labels.py for tasks to queue
[2023-09-14T16:58:01.077+0000] {logging_mixin.py:149} INFO - [2023-09-14T16:58:01.076+0000] {dagbag.py:541} INFO - Filling up the DagBag from /home/airflow/.local/lib/python3.7/site-packages/airflow/example_dags/example_branch_labels.py
[2023-09-14T16:58:01.102+0000] {processor.py:809} INFO - DAG(s) dict_keys(['example_branch_labels']) retrieved from /home/airflow/.local/lib/python3.7/site-packages/airflow/example_dags/example_branch_labels.py
[2023-09-14T16:58:01.189+0000] {logging_mixin.py:149} INFO - [2023-09-14T16:58:01.188+0000] {dag.py:2726} INFO - Sync 1 DAGs
[2023-09-14T16:58:01.278+0000] {logging_mixin.py:149} INFO - [2023-09-14T16:58:01.278+0000] {dag.py:3490} INFO - Setting next_dagrun for example_branch_labels to 2023-09-13T00:00:00+00:00, run_after=2023-09-14T00:00:00+00:00
[2023-09-14T16:58:01.396+0000] {processor.py:178} INFO - Processing /home/airflow/.local/lib/python3.7/site-packages/airflow/example_dags/example_branch_labels.py took 0.334 seconds
[2023-09-14T16:58:41.074+0000] {processor.py:156} INFO - Started process (PID=2346) to work on /home/airflow/.local/lib/python3.7/site-packages/airflow/example_dags/example_branch_labels.py
[2023-09-14T16:58:41.110+0000] {processor.py:799} INFO - Processing file /home/airflow/.local/lib/python3.7/site-packages/airflow/example_dags/example_branch_labels.py for tasks to queue
[2023-09-14T16:58:41.120+0000] {logging_mixin.py:149} INFO - [2023-09-14T16:58:41.119+0000] {dagbag.py:541} INFO - Filling up the DagBag from /home/airflow/.local/lib/python3.7/site-packages/airflow/example_dags/example_branch_labels.py
[2023-09-14T16:58:41.394+0000] {processor.py:809} INFO - DAG(s) dict_keys(['example_branch_labels']) retrieved from /home/airflow/.local/lib/python3.7/site-packages/airflow/example_dags/example_branch_labels.py
[2023-09-14T16:58:41.885+0000] {logging_mixin.py:149} INFO - [2023-09-14T16:58:41.883+0000] {dag.py:2726} INFO - Sync 1 DAGs
[2023-09-14T16:58:42.269+0000] {logging_mixin.py:149} INFO - [2023-09-14T16:58:42.265+0000] {dag.py:3490} INFO - Setting next_dagrun for example_branch_labels to 2023-09-13T00:00:00+00:00, run_after=2023-09-14T00:00:00+00:00
[2023-09-14T16:58:42.473+0000] {processor.py:178} INFO - Processing /home/airflow/.local/lib/python3.7/site-packages/airflow/example_dags/example_branch_labels.py took 1.511 seconds
[2023-09-14T16:59:12.713+0000] {processor.py:156} INFO - Started process (PID=2411) to work on /home/airflow/.local/lib/python3.7/site-packages/airflow/example_dags/example_branch_labels.py
[2023-09-14T16:59:12.719+0000] {processor.py:799} INFO - Processing file /home/airflow/.local/lib/python3.7/site-packages/airflow/example_dags/example_branch_labels.py for tasks to queue
[2023-09-14T16:59:12.724+0000] {logging_mixin.py:149} INFO - [2023-09-14T16:59:12.724+0000] {dagbag.py:541} INFO - Filling up the DagBag from /home/airflow/.local/lib/python3.7/site-packages/airflow/example_dags/example_branch_labels.py
[2023-09-14T16:59:12.787+0000] {processor.py:809} INFO - DAG(s) dict_keys(['example_branch_labels']) retrieved from /home/airflow/.local/lib/python3.7/site-packages/airflow/example_dags/example_branch_labels.py
[2023-09-14T16:59:12.875+0000] {logging_mixin.py:149} INFO - [2023-09-14T16:59:12.875+0000] {dag.py:2726} INFO - Sync 1 DAGs
[2023-09-14T16:59:13.003+0000] {logging_mixin.py:149} INFO - [2023-09-14T16:59:13.003+0000] {dag.py:3490} INFO - Setting next_dagrun for example_branch_labels to 2023-09-13T00:00:00+00:00, run_after=2023-09-14T00:00:00+00:00
[2023-09-14T16:59:13.067+0000] {processor.py:178} INFO - Processing /home/airflow/.local/lib/python3.7/site-packages/airflow/example_dags/example_branch_labels.py took 0.370 seconds
[2023-09-14T16:59:43.399+0000] {processor.py:156} INFO - Started process (PID=2475) to work on /home/airflow/.local/lib/python3.7/site-packages/airflow/example_dags/example_branch_labels.py
[2023-09-14T16:59:43.406+0000] {processor.py:799} INFO - Processing file /home/airflow/.local/lib/python3.7/site-packages/airflow/example_dags/example_branch_labels.py for tasks to queue
[2023-09-14T16:59:43.412+0000] {logging_mixin.py:149} INFO - [2023-09-14T16:59:43.412+0000] {dagbag.py:541} INFO - Filling up the DagBag from /home/airflow/.local/lib/python3.7/site-packages/airflow/example_dags/example_branch_labels.py
[2023-09-14T16:59:43.466+0000] {processor.py:809} INFO - DAG(s) dict_keys(['example_branch_labels']) retrieved from /home/airflow/.local/lib/python3.7/site-packages/airflow/example_dags/example_branch_labels.py
[2023-09-14T16:59:43.604+0000] {logging_mixin.py:149} INFO - [2023-09-14T16:59:43.603+0000] {dag.py:2726} INFO - Sync 1 DAGs
[2023-09-14T16:59:43.837+0000] {logging_mixin.py:149} INFO - [2023-09-14T16:59:43.833+0000] {dag.py:3490} INFO - Setting next_dagrun for example_branch_labels to 2023-09-13T00:00:00+00:00, run_after=2023-09-14T00:00:00+00:00
[2023-09-14T16:59:43.962+0000] {processor.py:178} INFO - Processing /home/airflow/.local/lib/python3.7/site-packages/airflow/example_dags/example_branch_labels.py took 0.582 seconds
[2023-09-14T17:00:14.597+0000] {processor.py:156} INFO - Started process (PID=2538) to work on /home/airflow/.local/lib/python3.7/site-packages/airflow/example_dags/example_branch_labels.py
[2023-09-14T17:00:14.600+0000] {processor.py:799} INFO - Processing file /home/airflow/.local/lib/python3.7/site-packages/airflow/example_dags/example_branch_labels.py for tasks to queue
[2023-09-14T17:00:14.604+0000] {logging_mixin.py:149} INFO - [2023-09-14T17:00:14.603+0000] {dagbag.py:541} INFO - Filling up the DagBag from /home/airflow/.local/lib/python3.7/site-packages/airflow/example_dags/example_branch_labels.py
[2023-09-14T17:00:14.625+0000] {processor.py:809} INFO - DAG(s) dict_keys(['example_branch_labels']) retrieved from /home/airflow/.local/lib/python3.7/site-packages/airflow/example_dags/example_branch_labels.py
[2023-09-14T17:00:14.716+0000] {logging_mixin.py:149} INFO - [2023-09-14T17:00:14.716+0000] {dag.py:2726} INFO - Sync 1 DAGs
[2023-09-14T17:00:14.818+0000] {logging_mixin.py:149} INFO - [2023-09-14T17:00:14.817+0000] {dag.py:3490} INFO - Setting next_dagrun for example_branch_labels to 2023-09-13T00:00:00+00:00, run_after=2023-09-14T00:00:00+00:00
[2023-09-14T17:00:14.889+0000] {processor.py:178} INFO - Processing /home/airflow/.local/lib/python3.7/site-packages/airflow/example_dags/example_branch_labels.py took 0.304 seconds
[2023-09-14T17:00:45.288+0000] {processor.py:156} INFO - Started process (PID=2594) to work on /home/airflow/.local/lib/python3.7/site-packages/airflow/example_dags/example_branch_labels.py
[2023-09-14T17:00:45.289+0000] {processor.py:799} INFO - Processing file /home/airflow/.local/lib/python3.7/site-packages/airflow/example_dags/example_branch_labels.py for tasks to queue
[2023-09-14T17:00:45.292+0000] {logging_mixin.py:149} INFO - [2023-09-14T17:00:45.292+0000] {dagbag.py:541} INFO - Filling up the DagBag from /home/airflow/.local/lib/python3.7/site-packages/airflow/example_dags/example_branch_labels.py
[2023-09-14T17:00:45.325+0000] {processor.py:809} INFO - DAG(s) dict_keys(['example_branch_labels']) retrieved from /home/airflow/.local/lib/python3.7/site-packages/airflow/example_dags/example_branch_labels.py
[2023-09-14T17:00:45.392+0000] {logging_mixin.py:149} INFO - [2023-09-14T17:00:45.392+0000] {dag.py:2726} INFO - Sync 1 DAGs
[2023-09-14T17:00:45.458+0000] {logging_mixin.py:149} INFO - [2023-09-14T17:00:45.457+0000] {dag.py:3490} INFO - Setting next_dagrun for example_branch_labels to 2023-09-13T00:00:00+00:00, run_after=2023-09-14T00:00:00+00:00
[2023-09-14T17:00:45.528+0000] {processor.py:178} INFO - Processing /home/airflow/.local/lib/python3.7/site-packages/airflow/example_dags/example_branch_labels.py took 0.251 seconds
[2023-09-14T17:01:15.964+0000] {processor.py:156} INFO - Started process (PID=2658) to work on /home/airflow/.local/lib/python3.7/site-packages/airflow/example_dags/example_branch_labels.py
[2023-09-14T17:01:15.966+0000] {processor.py:799} INFO - Processing file /home/airflow/.local/lib/python3.7/site-packages/airflow/example_dags/example_branch_labels.py for tasks to queue
[2023-09-14T17:01:15.968+0000] {logging_mixin.py:149} INFO - [2023-09-14T17:01:15.968+0000] {dagbag.py:541} INFO - Filling up the DagBag from /home/airflow/.local/lib/python3.7/site-packages/airflow/example_dags/example_branch_labels.py
[2023-09-14T17:01:15.999+0000] {processor.py:809} INFO - DAG(s) dict_keys(['example_branch_labels']) retrieved from /home/airflow/.local/lib/python3.7/site-packages/airflow/example_dags/example_branch_labels.py
[2023-09-14T17:01:16.041+0000] {logging_mixin.py:149} INFO - [2023-09-14T17:01:16.041+0000] {dag.py:2726} INFO - Sync 1 DAGs
[2023-09-14T17:01:16.095+0000] {logging_mixin.py:149} INFO - [2023-09-14T17:01:16.095+0000] {dag.py:3490} INFO - Setting next_dagrun for example_branch_labels to 2023-09-13T00:00:00+00:00, run_after=2023-09-14T00:00:00+00:00
[2023-09-14T17:01:16.138+0000] {processor.py:178} INFO - Processing /home/airflow/.local/lib/python3.7/site-packages/airflow/example_dags/example_branch_labels.py took 0.181 seconds
[2023-09-14T17:01:47.096+0000] {processor.py:156} INFO - Started process (PID=2722) to work on /home/airflow/.local/lib/python3.7/site-packages/airflow/example_dags/example_branch_labels.py
[2023-09-14T17:01:47.102+0000] {processor.py:799} INFO - Processing file /home/airflow/.local/lib/python3.7/site-packages/airflow/example_dags/example_branch_labels.py for tasks to queue
[2023-09-14T17:01:47.105+0000] {logging_mixin.py:149} INFO - [2023-09-14T17:01:47.104+0000] {dagbag.py:541} INFO - Filling up the DagBag from /home/airflow/.local/lib/python3.7/site-packages/airflow/example_dags/example_branch_labels.py
[2023-09-14T17:01:47.116+0000] {processor.py:809} INFO - DAG(s) dict_keys(['example_branch_labels']) retrieved from /home/airflow/.local/lib/python3.7/site-packages/airflow/example_dags/example_branch_labels.py
[2023-09-14T17:01:47.195+0000] {logging_mixin.py:149} INFO - [2023-09-14T17:01:47.195+0000] {dag.py:2726} INFO - Sync 1 DAGs
[2023-09-14T17:01:47.305+0000] {logging_mixin.py:149} INFO - [2023-09-14T17:01:47.305+0000] {dag.py:3490} INFO - Setting next_dagrun for example_branch_labels to 2023-09-13T00:00:00+00:00, run_after=2023-09-14T00:00:00+00:00
[2023-09-14T17:01:47.369+0000] {processor.py:178} INFO - Processing /home/airflow/.local/lib/python3.7/site-packages/airflow/example_dags/example_branch_labels.py took 0.289 seconds
[2023-09-14T17:02:17.675+0000] {processor.py:156} INFO - Started process (PID=2787) to work on /home/airflow/.local/lib/python3.7/site-packages/airflow/example_dags/example_branch_labels.py
[2023-09-14T17:02:17.679+0000] {processor.py:799} INFO - Processing file /home/airflow/.local/lib/python3.7/site-packages/airflow/example_dags/example_branch_labels.py for tasks to queue
[2023-09-14T17:02:17.683+0000] {logging_mixin.py:149} INFO - [2023-09-14T17:02:17.683+0000] {dagbag.py:541} INFO - Filling up the DagBag from /home/airflow/.local/lib/python3.7/site-packages/airflow/example_dags/example_branch_labels.py
[2023-09-14T17:02:17.701+0000] {processor.py:809} INFO - DAG(s) dict_keys(['example_branch_labels']) retrieved from /home/airflow/.local/lib/python3.7/site-packages/airflow/example_dags/example_branch_labels.py
[2023-09-14T17:02:17.754+0000] {logging_mixin.py:149} INFO - [2023-09-14T17:02:17.753+0000] {dag.py:2726} INFO - Sync 1 DAGs
[2023-09-14T17:02:17.817+0000] {logging_mixin.py:149} INFO - [2023-09-14T17:02:17.815+0000] {dag.py:3490} INFO - Setting next_dagrun for example_branch_labels to 2023-09-13T00:00:00+00:00, run_after=2023-09-14T00:00:00+00:00
[2023-09-14T17:02:17.898+0000] {processor.py:178} INFO - Processing /home/airflow/.local/lib/python3.7/site-packages/airflow/example_dags/example_branch_labels.py took 0.229 seconds
[2023-09-14T17:04:00.575+0000] {processor.py:156} INFO - Started process (PID=53) to work on /home/airflow/.local/lib/python3.7/site-packages/airflow/example_dags/example_branch_labels.py
[2023-09-14T17:04:00.581+0000] {processor.py:799} INFO - Processing file /home/airflow/.local/lib/python3.7/site-packages/airflow/example_dags/example_branch_labels.py for tasks to queue
[2023-09-14T17:04:00.591+0000] {logging_mixin.py:149} INFO - [2023-09-14T17:04:00.590+0000] {dagbag.py:541} INFO - Filling up the DagBag from /home/airflow/.local/lib/python3.7/site-packages/airflow/example_dags/example_branch_labels.py
[2023-09-14T17:04:00.673+0000] {processor.py:809} INFO - DAG(s) dict_keys(['example_branch_labels']) retrieved from /home/airflow/.local/lib/python3.7/site-packages/airflow/example_dags/example_branch_labels.py
[2023-09-14T17:04:00.916+0000] {logging_mixin.py:149} INFO - [2023-09-14T17:04:00.916+0000] {dag.py:2726} INFO - Sync 1 DAGs
[2023-09-14T17:04:01.067+0000] {logging_mixin.py:149} INFO - [2023-09-14T17:04:01.067+0000] {dag.py:3490} INFO - Setting next_dagrun for example_branch_labels to 2023-09-13T00:00:00+00:00, run_after=2023-09-14T00:00:00+00:00
[2023-09-14T17:04:01.182+0000] {processor.py:178} INFO - Processing /home/airflow/.local/lib/python3.7/site-packages/airflow/example_dags/example_branch_labels.py took 0.641 seconds
