[2023-09-14T16:11:32.390+0000] {processor.py:156} INFO - Started process (PID=107) to work on /home/airflow/.local/lib/python3.7/site-packages/airflow/example_dags/example_latest_only_with_trigger.py
[2023-09-14T16:11:32.407+0000] {processor.py:799} INFO - Processing file /home/airflow/.local/lib/python3.7/site-packages/airflow/example_dags/example_latest_only_with_trigger.py for tasks to queue
[2023-09-14T16:11:32.429+0000] {logging_mixin.py:149} INFO - [2023-09-14T16:11:32.428+0000] {dagbag.py:541} INFO - Filling up the DagBag from /home/airflow/.local/lib/python3.7/site-packages/airflow/example_dags/example_latest_only_with_trigger.py
[2023-09-14T16:11:32.469+0000] {processor.py:809} INFO - DAG(s) dict_keys(['latest_only_with_trigger']) retrieved from /home/airflow/.local/lib/python3.7/site-packages/airflow/example_dags/example_latest_only_with_trigger.py
[2023-09-14T16:11:32.654+0000] {logging_mixin.py:149} INFO - [2023-09-14T16:11:32.653+0000] {dag.py:2726} INFO - Sync 1 DAGs
[2023-09-14T16:11:32.870+0000] {logging_mixin.py:149} INFO - [2023-09-14T16:11:32.870+0000] {dag.py:3490} INFO - Setting next_dagrun for latest_only_with_trigger to 2023-09-14T12:11:32.869406+00:00, run_after=2023-09-14T16:11:32.869406+00:00
[2023-09-14T16:11:33.772+0000] {processor.py:178} INFO - Processing /home/airflow/.local/lib/python3.7/site-packages/airflow/example_dags/example_latest_only_with_trigger.py took 1.401 seconds
[2023-09-14T16:12:16.879+0000] {processor.py:156} INFO - Started process (PID=170) to work on /home/airflow/.local/lib/python3.7/site-packages/airflow/example_dags/example_latest_only_with_trigger.py
[2023-09-14T16:12:16.892+0000] {processor.py:799} INFO - Processing file /home/airflow/.local/lib/python3.7/site-packages/airflow/example_dags/example_latest_only_with_trigger.py for tasks to queue
[2023-09-14T16:12:16.908+0000] {logging_mixin.py:149} INFO - [2023-09-14T16:12:16.907+0000] {dagbag.py:541} INFO - Filling up the DagBag from /home/airflow/.local/lib/python3.7/site-packages/airflow/example_dags/example_latest_only_with_trigger.py
[2023-09-14T16:12:16.950+0000] {processor.py:809} INFO - DAG(s) dict_keys(['latest_only_with_trigger']) retrieved from /home/airflow/.local/lib/python3.7/site-packages/airflow/example_dags/example_latest_only_with_trigger.py
[2023-09-14T16:12:17.524+0000] {logging_mixin.py:149} INFO - [2023-09-14T16:12:17.523+0000] {dag.py:2726} INFO - Sync 1 DAGs
[2023-09-14T16:12:17.640+0000] {logging_mixin.py:149} INFO - [2023-09-14T16:12:17.640+0000] {dag.py:3490} INFO - Setting next_dagrun for latest_only_with_trigger to 2023-09-14T12:12:17.639762+00:00, run_after=2023-09-14T16:12:17.639762+00:00
[2023-09-14T16:12:17.770+0000] {processor.py:178} INFO - Processing /home/airflow/.local/lib/python3.7/site-packages/airflow/example_dags/example_latest_only_with_trigger.py took 0.913 seconds
[2023-09-14T16:12:49.180+0000] {processor.py:156} INFO - Started process (PID=231) to work on /home/airflow/.local/lib/python3.7/site-packages/airflow/example_dags/example_latest_only_with_trigger.py
[2023-09-14T16:12:49.190+0000] {processor.py:799} INFO - Processing file /home/airflow/.local/lib/python3.7/site-packages/airflow/example_dags/example_latest_only_with_trigger.py for tasks to queue
[2023-09-14T16:12:49.195+0000] {logging_mixin.py:149} INFO - [2023-09-14T16:12:49.194+0000] {dagbag.py:541} INFO - Filling up the DagBag from /home/airflow/.local/lib/python3.7/site-packages/airflow/example_dags/example_latest_only_with_trigger.py
[2023-09-14T16:12:49.251+0000] {processor.py:809} INFO - DAG(s) dict_keys(['latest_only_with_trigger']) retrieved from /home/airflow/.local/lib/python3.7/site-packages/airflow/example_dags/example_latest_only_with_trigger.py
[2023-09-14T16:12:49.466+0000] {logging_mixin.py:149} INFO - [2023-09-14T16:12:49.465+0000] {dag.py:2726} INFO - Sync 1 DAGs
[2023-09-14T16:12:49.702+0000] {logging_mixin.py:149} INFO - [2023-09-14T16:12:49.702+0000] {dag.py:3490} INFO - Setting next_dagrun for latest_only_with_trigger to 2023-09-14T12:12:49.701492+00:00, run_after=2023-09-14T16:12:49.701492+00:00
[2023-09-14T16:12:49.933+0000] {processor.py:178} INFO - Processing /home/airflow/.local/lib/python3.7/site-packages/airflow/example_dags/example_latest_only_with_trigger.py took 0.773 seconds
[2023-09-14T16:13:20.707+0000] {processor.py:156} INFO - Started process (PID=292) to work on /home/airflow/.local/lib/python3.7/site-packages/airflow/example_dags/example_latest_only_with_trigger.py
[2023-09-14T16:13:20.710+0000] {processor.py:799} INFO - Processing file /home/airflow/.local/lib/python3.7/site-packages/airflow/example_dags/example_latest_only_with_trigger.py for tasks to queue
[2023-09-14T16:13:20.723+0000] {logging_mixin.py:149} INFO - [2023-09-14T16:13:20.723+0000] {dagbag.py:541} INFO - Filling up the DagBag from /home/airflow/.local/lib/python3.7/site-packages/airflow/example_dags/example_latest_only_with_trigger.py
[2023-09-14T16:13:20.754+0000] {processor.py:809} INFO - DAG(s) dict_keys(['latest_only_with_trigger']) retrieved from /home/airflow/.local/lib/python3.7/site-packages/airflow/example_dags/example_latest_only_with_trigger.py
[2023-09-14T16:13:20.915+0000] {logging_mixin.py:149} INFO - [2023-09-14T16:13:20.914+0000] {dag.py:2726} INFO - Sync 1 DAGs
[2023-09-14T16:13:21.187+0000] {logging_mixin.py:149} INFO - [2023-09-14T16:13:21.187+0000] {dag.py:3490} INFO - Setting next_dagrun for latest_only_with_trigger to 2023-09-14T12:13:21.186709+00:00, run_after=2023-09-14T16:13:21.186709+00:00
[2023-09-14T16:13:21.285+0000] {processor.py:178} INFO - Processing /home/airflow/.local/lib/python3.7/site-packages/airflow/example_dags/example_latest_only_with_trigger.py took 0.606 seconds
[2023-09-14T16:13:53.457+0000] {processor.py:156} INFO - Started process (PID=353) to work on /home/airflow/.local/lib/python3.7/site-packages/airflow/example_dags/example_latest_only_with_trigger.py
[2023-09-14T16:13:53.461+0000] {processor.py:799} INFO - Processing file /home/airflow/.local/lib/python3.7/site-packages/airflow/example_dags/example_latest_only_with_trigger.py for tasks to queue
[2023-09-14T16:13:53.464+0000] {logging_mixin.py:149} INFO - [2023-09-14T16:13:53.463+0000] {dagbag.py:541} INFO - Filling up the DagBag from /home/airflow/.local/lib/python3.7/site-packages/airflow/example_dags/example_latest_only_with_trigger.py
[2023-09-14T16:13:53.481+0000] {processor.py:809} INFO - DAG(s) dict_keys(['latest_only_with_trigger']) retrieved from /home/airflow/.local/lib/python3.7/site-packages/airflow/example_dags/example_latest_only_with_trigger.py
[2023-09-14T16:13:53.566+0000] {logging_mixin.py:149} INFO - [2023-09-14T16:13:53.566+0000] {dag.py:2726} INFO - Sync 1 DAGs
[2023-09-14T16:13:53.671+0000] {logging_mixin.py:149} INFO - [2023-09-14T16:13:53.670+0000] {dag.py:3490} INFO - Setting next_dagrun for latest_only_with_trigger to 2023-09-14T12:13:53.664056+00:00, run_after=2023-09-14T16:13:53.664056+00:00
[2023-09-14T16:13:53.761+0000] {processor.py:178} INFO - Processing /home/airflow/.local/lib/python3.7/site-packages/airflow/example_dags/example_latest_only_with_trigger.py took 0.318 seconds
[2023-09-14T16:14:27.741+0000] {processor.py:156} INFO - Started process (PID=414) to work on /home/airflow/.local/lib/python3.7/site-packages/airflow/example_dags/example_latest_only_with_trigger.py
[2023-09-14T16:14:27.752+0000] {processor.py:799} INFO - Processing file /home/airflow/.local/lib/python3.7/site-packages/airflow/example_dags/example_latest_only_with_trigger.py for tasks to queue
[2023-09-14T16:14:27.757+0000] {logging_mixin.py:149} INFO - [2023-09-14T16:14:27.757+0000] {dagbag.py:541} INFO - Filling up the DagBag from /home/airflow/.local/lib/python3.7/site-packages/airflow/example_dags/example_latest_only_with_trigger.py
[2023-09-14T16:14:27.821+0000] {processor.py:809} INFO - DAG(s) dict_keys(['latest_only_with_trigger']) retrieved from /home/airflow/.local/lib/python3.7/site-packages/airflow/example_dags/example_latest_only_with_trigger.py
[2023-09-14T16:14:27.990+0000] {logging_mixin.py:149} INFO - [2023-09-14T16:14:27.989+0000] {dag.py:2726} INFO - Sync 1 DAGs
[2023-09-14T16:14:28.144+0000] {logging_mixin.py:149} INFO - [2023-09-14T16:14:28.143+0000] {dag.py:3490} INFO - Setting next_dagrun for latest_only_with_trigger to 2023-09-14T12:14:28.141567+00:00, run_after=2023-09-14T16:14:28.141567+00:00
[2023-09-14T16:14:28.269+0000] {processor.py:178} INFO - Processing /home/airflow/.local/lib/python3.7/site-packages/airflow/example_dags/example_latest_only_with_trigger.py took 0.547 seconds
[2023-09-14T16:14:58.616+0000] {processor.py:156} INFO - Started process (PID=476) to work on /home/airflow/.local/lib/python3.7/site-packages/airflow/example_dags/example_latest_only_with_trigger.py
[2023-09-14T16:14:58.619+0000] {processor.py:799} INFO - Processing file /home/airflow/.local/lib/python3.7/site-packages/airflow/example_dags/example_latest_only_with_trigger.py for tasks to queue
[2023-09-14T16:14:58.621+0000] {logging_mixin.py:149} INFO - [2023-09-14T16:14:58.621+0000] {dagbag.py:541} INFO - Filling up the DagBag from /home/airflow/.local/lib/python3.7/site-packages/airflow/example_dags/example_latest_only_with_trigger.py
[2023-09-14T16:14:58.637+0000] {processor.py:809} INFO - DAG(s) dict_keys(['latest_only_with_trigger']) retrieved from /home/airflow/.local/lib/python3.7/site-packages/airflow/example_dags/example_latest_only_with_trigger.py
[2023-09-14T16:14:58.689+0000] {logging_mixin.py:149} INFO - [2023-09-14T16:14:58.688+0000] {dag.py:2726} INFO - Sync 1 DAGs
[2023-09-14T16:14:58.758+0000] {logging_mixin.py:149} INFO - [2023-09-14T16:14:58.758+0000] {dag.py:3490} INFO - Setting next_dagrun for latest_only_with_trigger to 2023-09-14T12:14:58.757821+00:00, run_after=2023-09-14T16:14:58.757821+00:00
[2023-09-14T16:14:58.830+0000] {processor.py:178} INFO - Processing /home/airflow/.local/lib/python3.7/site-packages/airflow/example_dags/example_latest_only_with_trigger.py took 0.221 seconds
[2023-09-14T16:15:29.588+0000] {processor.py:156} INFO - Started process (PID=537) to work on /home/airflow/.local/lib/python3.7/site-packages/airflow/example_dags/example_latest_only_with_trigger.py
[2023-09-14T16:15:29.591+0000] {processor.py:799} INFO - Processing file /home/airflow/.local/lib/python3.7/site-packages/airflow/example_dags/example_latest_only_with_trigger.py for tasks to queue
[2023-09-14T16:15:29.594+0000] {logging_mixin.py:149} INFO - [2023-09-14T16:15:29.594+0000] {dagbag.py:541} INFO - Filling up the DagBag from /home/airflow/.local/lib/python3.7/site-packages/airflow/example_dags/example_latest_only_with_trigger.py
[2023-09-14T16:15:29.610+0000] {processor.py:809} INFO - DAG(s) dict_keys(['latest_only_with_trigger']) retrieved from /home/airflow/.local/lib/python3.7/site-packages/airflow/example_dags/example_latest_only_with_trigger.py
[2023-09-14T16:15:29.671+0000] {logging_mixin.py:149} INFO - [2023-09-14T16:15:29.671+0000] {dag.py:2726} INFO - Sync 1 DAGs
[2023-09-14T16:15:29.735+0000] {logging_mixin.py:149} INFO - [2023-09-14T16:15:29.735+0000] {dag.py:3490} INFO - Setting next_dagrun for latest_only_with_trigger to 2023-09-14T12:15:29.735185+00:00, run_after=2023-09-14T16:15:29.735185+00:00
[2023-09-14T16:15:29.796+0000] {processor.py:178} INFO - Processing /home/airflow/.local/lib/python3.7/site-packages/airflow/example_dags/example_latest_only_with_trigger.py took 0.215 seconds
[2023-09-14T16:16:00.441+0000] {processor.py:156} INFO - Started process (PID=589) to work on /home/airflow/.local/lib/python3.7/site-packages/airflow/example_dags/example_latest_only_with_trigger.py
[2023-09-14T16:16:00.445+0000] {processor.py:799} INFO - Processing file /home/airflow/.local/lib/python3.7/site-packages/airflow/example_dags/example_latest_only_with_trigger.py for tasks to queue
[2023-09-14T16:16:00.448+0000] {logging_mixin.py:149} INFO - [2023-09-14T16:16:00.447+0000] {dagbag.py:541} INFO - Filling up the DagBag from /home/airflow/.local/lib/python3.7/site-packages/airflow/example_dags/example_latest_only_with_trigger.py
[2023-09-14T16:16:00.468+0000] {processor.py:809} INFO - DAG(s) dict_keys(['latest_only_with_trigger']) retrieved from /home/airflow/.local/lib/python3.7/site-packages/airflow/example_dags/example_latest_only_with_trigger.py
[2023-09-14T16:16:00.539+0000] {logging_mixin.py:149} INFO - [2023-09-14T16:16:00.539+0000] {dag.py:2726} INFO - Sync 1 DAGs
[2023-09-14T16:16:00.610+0000] {logging_mixin.py:149} INFO - [2023-09-14T16:16:00.610+0000] {dag.py:3490} INFO - Setting next_dagrun for latest_only_with_trigger to 2023-09-14T12:16:00.609823+00:00, run_after=2023-09-14T16:16:00.609823+00:00
[2023-09-14T16:16:00.669+0000] {processor.py:178} INFO - Processing /home/airflow/.local/lib/python3.7/site-packages/airflow/example_dags/example_latest_only_with_trigger.py took 0.238 seconds
[2023-09-14T16:16:30.815+0000] {processor.py:156} INFO - Started process (PID=658) to work on /home/airflow/.local/lib/python3.7/site-packages/airflow/example_dags/example_latest_only_with_trigger.py
[2023-09-14T16:16:30.817+0000] {processor.py:799} INFO - Processing file /home/airflow/.local/lib/python3.7/site-packages/airflow/example_dags/example_latest_only_with_trigger.py for tasks to queue
[2023-09-14T16:16:30.819+0000] {logging_mixin.py:149} INFO - [2023-09-14T16:16:30.819+0000] {dagbag.py:541} INFO - Filling up the DagBag from /home/airflow/.local/lib/python3.7/site-packages/airflow/example_dags/example_latest_only_with_trigger.py
[2023-09-14T16:16:30.833+0000] {processor.py:809} INFO - DAG(s) dict_keys(['latest_only_with_trigger']) retrieved from /home/airflow/.local/lib/python3.7/site-packages/airflow/example_dags/example_latest_only_with_trigger.py
[2023-09-14T16:16:30.879+0000] {logging_mixin.py:149} INFO - [2023-09-14T16:16:30.879+0000] {dag.py:2726} INFO - Sync 1 DAGs
[2023-09-14T16:16:30.926+0000] {logging_mixin.py:149} INFO - [2023-09-14T16:16:30.925+0000] {dag.py:3490} INFO - Setting next_dagrun for latest_only_with_trigger to 2023-09-14T12:16:30.924655+00:00, run_after=2023-09-14T16:16:30.924655+00:00
[2023-09-14T16:16:30.996+0000] {processor.py:178} INFO - Processing /home/airflow/.local/lib/python3.7/site-packages/airflow/example_dags/example_latest_only_with_trigger.py took 0.187 seconds
[2023-09-14T16:36:20.384+0000] {processor.py:156} INFO - Started process (PID=85) to work on /home/airflow/.local/lib/python3.7/site-packages/airflow/example_dags/example_latest_only_with_trigger.py
[2023-09-14T16:36:20.387+0000] {processor.py:799} INFO - Processing file /home/airflow/.local/lib/python3.7/site-packages/airflow/example_dags/example_latest_only_with_trigger.py for tasks to queue
[2023-09-14T16:36:20.389+0000] {logging_mixin.py:149} INFO - [2023-09-14T16:36:20.389+0000] {dagbag.py:541} INFO - Filling up the DagBag from /home/airflow/.local/lib/python3.7/site-packages/airflow/example_dags/example_latest_only_with_trigger.py
[2023-09-14T16:36:20.484+0000] {processor.py:809} INFO - DAG(s) dict_keys(['latest_only_with_trigger']) retrieved from /home/airflow/.local/lib/python3.7/site-packages/airflow/example_dags/example_latest_only_with_trigger.py
[2023-09-14T16:36:20.725+0000] {logging_mixin.py:149} INFO - [2023-09-14T16:36:20.725+0000] {dag.py:2726} INFO - Sync 1 DAGs
[2023-09-14T16:36:20.870+0000] {logging_mixin.py:149} INFO - [2023-09-14T16:36:20.869+0000] {dag.py:3490} INFO - Setting next_dagrun for latest_only_with_trigger to 2023-09-14T12:36:20.867536+00:00, run_after=2023-09-14T16:36:20.867536+00:00
[2023-09-14T16:36:21.088+0000] {processor.py:178} INFO - Processing /home/airflow/.local/lib/python3.7/site-packages/airflow/example_dags/example_latest_only_with_trigger.py took 0.702 seconds
[2023-09-14T16:39:21.742+0000] {processor.py:156} INFO - Started process (PID=84) to work on /home/airflow/.local/lib/python3.7/site-packages/airflow/example_dags/example_latest_only_with_trigger.py
[2023-09-14T16:39:21.765+0000] {processor.py:799} INFO - Processing file /home/airflow/.local/lib/python3.7/site-packages/airflow/example_dags/example_latest_only_with_trigger.py for tasks to queue
[2023-09-14T16:39:21.769+0000] {logging_mixin.py:149} INFO - [2023-09-14T16:39:21.769+0000] {dagbag.py:541} INFO - Filling up the DagBag from /home/airflow/.local/lib/python3.7/site-packages/airflow/example_dags/example_latest_only_with_trigger.py
[2023-09-14T16:39:21.953+0000] {processor.py:809} INFO - DAG(s) dict_keys(['latest_only_with_trigger']) retrieved from /home/airflow/.local/lib/python3.7/site-packages/airflow/example_dags/example_latest_only_with_trigger.py
[2023-09-14T16:39:22.440+0000] {logging_mixin.py:149} INFO - [2023-09-14T16:39:22.439+0000] {dag.py:2726} INFO - Sync 1 DAGs
[2023-09-14T16:39:22.848+0000] {logging_mixin.py:149} INFO - [2023-09-14T16:39:22.847+0000] {dag.py:3490} INFO - Setting next_dagrun for latest_only_with_trigger to 2023-09-14T12:39:22.844048+00:00, run_after=2023-09-14T16:39:22.844048+00:00
[2023-09-14T16:39:23.113+0000] {processor.py:178} INFO - Processing /home/airflow/.local/lib/python3.7/site-packages/airflow/example_dags/example_latest_only_with_trigger.py took 1.448 seconds
[2023-09-14T16:39:53.849+0000] {processor.py:156} INFO - Started process (PID=144) to work on /home/airflow/.local/lib/python3.7/site-packages/airflow/example_dags/example_latest_only_with_trigger.py
[2023-09-14T16:39:53.855+0000] {processor.py:799} INFO - Processing file /home/airflow/.local/lib/python3.7/site-packages/airflow/example_dags/example_latest_only_with_trigger.py for tasks to queue
[2023-09-14T16:39:53.857+0000] {logging_mixin.py:149} INFO - [2023-09-14T16:39:53.857+0000] {dagbag.py:541} INFO - Filling up the DagBag from /home/airflow/.local/lib/python3.7/site-packages/airflow/example_dags/example_latest_only_with_trigger.py
[2023-09-14T16:39:53.910+0000] {processor.py:809} INFO - DAG(s) dict_keys(['latest_only_with_trigger']) retrieved from /home/airflow/.local/lib/python3.7/site-packages/airflow/example_dags/example_latest_only_with_trigger.py
[2023-09-14T16:39:54.303+0000] {logging_mixin.py:149} INFO - [2023-09-14T16:39:54.301+0000] {dag.py:2726} INFO - Sync 1 DAGs
[2023-09-14T16:39:55.309+0000] {logging_mixin.py:149} INFO - [2023-09-14T16:39:55.308+0000] {dag.py:3490} INFO - Setting next_dagrun for latest_only_with_trigger to 2023-09-14T12:39:55.304538+00:00, run_after=2023-09-14T16:39:55.304538+00:00
[2023-09-14T16:39:55.438+0000] {processor.py:178} INFO - Processing /home/airflow/.local/lib/python3.7/site-packages/airflow/example_dags/example_latest_only_with_trigger.py took 1.600 seconds
[2023-09-14T16:40:25.889+0000] {processor.py:156} INFO - Started process (PID=205) to work on /home/airflow/.local/lib/python3.7/site-packages/airflow/example_dags/example_latest_only_with_trigger.py
[2023-09-14T16:40:25.895+0000] {processor.py:799} INFO - Processing file /home/airflow/.local/lib/python3.7/site-packages/airflow/example_dags/example_latest_only_with_trigger.py for tasks to queue
[2023-09-14T16:40:25.897+0000] {logging_mixin.py:149} INFO - [2023-09-14T16:40:25.897+0000] {dagbag.py:541} INFO - Filling up the DagBag from /home/airflow/.local/lib/python3.7/site-packages/airflow/example_dags/example_latest_only_with_trigger.py
[2023-09-14T16:40:25.917+0000] {processor.py:809} INFO - DAG(s) dict_keys(['latest_only_with_trigger']) retrieved from /home/airflow/.local/lib/python3.7/site-packages/airflow/example_dags/example_latest_only_with_trigger.py
[2023-09-14T16:40:26.015+0000] {logging_mixin.py:149} INFO - [2023-09-14T16:40:26.014+0000] {dag.py:2726} INFO - Sync 1 DAGs
[2023-09-14T16:40:26.066+0000] {logging_mixin.py:149} INFO - [2023-09-14T16:40:26.065+0000] {dag.py:3490} INFO - Setting next_dagrun for latest_only_with_trigger to 2023-09-14T12:40:26.065509+00:00, run_after=2023-09-14T16:40:26.065509+00:00
[2023-09-14T16:40:26.155+0000] {processor.py:178} INFO - Processing /home/airflow/.local/lib/python3.7/site-packages/airflow/example_dags/example_latest_only_with_trigger.py took 0.272 seconds
[2023-09-14T16:40:56.392+0000] {processor.py:156} INFO - Started process (PID=266) to work on /home/airflow/.local/lib/python3.7/site-packages/airflow/example_dags/example_latest_only_with_trigger.py
[2023-09-14T16:40:56.395+0000] {processor.py:799} INFO - Processing file /home/airflow/.local/lib/python3.7/site-packages/airflow/example_dags/example_latest_only_with_trigger.py for tasks to queue
[2023-09-14T16:40:56.398+0000] {logging_mixin.py:149} INFO - [2023-09-14T16:40:56.397+0000] {dagbag.py:541} INFO - Filling up the DagBag from /home/airflow/.local/lib/python3.7/site-packages/airflow/example_dags/example_latest_only_with_trigger.py
[2023-09-14T16:40:56.417+0000] {processor.py:809} INFO - DAG(s) dict_keys(['latest_only_with_trigger']) retrieved from /home/airflow/.local/lib/python3.7/site-packages/airflow/example_dags/example_latest_only_with_trigger.py
[2023-09-14T16:40:56.473+0000] {logging_mixin.py:149} INFO - [2023-09-14T16:40:56.473+0000] {dag.py:2726} INFO - Sync 1 DAGs
[2023-09-14T16:40:56.520+0000] {logging_mixin.py:149} INFO - [2023-09-14T16:40:56.520+0000] {dag.py:3490} INFO - Setting next_dagrun for latest_only_with_trigger to 2023-09-14T12:40:56.519624+00:00, run_after=2023-09-14T16:40:56.519624+00:00
[2023-09-14T16:40:56.589+0000] {processor.py:178} INFO - Processing /home/airflow/.local/lib/python3.7/site-packages/airflow/example_dags/example_latest_only_with_trigger.py took 0.206 seconds
[2023-09-14T16:41:27.056+0000] {processor.py:156} INFO - Started process (PID=327) to work on /home/airflow/.local/lib/python3.7/site-packages/airflow/example_dags/example_latest_only_with_trigger.py
[2023-09-14T16:41:27.058+0000] {processor.py:799} INFO - Processing file /home/airflow/.local/lib/python3.7/site-packages/airflow/example_dags/example_latest_only_with_trigger.py for tasks to queue
[2023-09-14T16:41:27.060+0000] {logging_mixin.py:149} INFO - [2023-09-14T16:41:27.059+0000] {dagbag.py:541} INFO - Filling up the DagBag from /home/airflow/.local/lib/python3.7/site-packages/airflow/example_dags/example_latest_only_with_trigger.py
[2023-09-14T16:41:27.071+0000] {processor.py:809} INFO - DAG(s) dict_keys(['latest_only_with_trigger']) retrieved from /home/airflow/.local/lib/python3.7/site-packages/airflow/example_dags/example_latest_only_with_trigger.py
[2023-09-14T16:41:27.113+0000] {logging_mixin.py:149} INFO - [2023-09-14T16:41:27.113+0000] {dag.py:2726} INFO - Sync 1 DAGs
[2023-09-14T16:41:27.161+0000] {logging_mixin.py:149} INFO - [2023-09-14T16:41:27.161+0000] {dag.py:3490} INFO - Setting next_dagrun for latest_only_with_trigger to 2023-09-14T12:41:27.161117+00:00, run_after=2023-09-14T16:41:27.161117+00:00
[2023-09-14T16:41:27.243+0000] {processor.py:178} INFO - Processing /home/airflow/.local/lib/python3.7/site-packages/airflow/example_dags/example_latest_only_with_trigger.py took 0.194 seconds
[2023-09-14T16:41:57.962+0000] {processor.py:156} INFO - Started process (PID=388) to work on /home/airflow/.local/lib/python3.7/site-packages/airflow/example_dags/example_latest_only_with_trigger.py
[2023-09-14T16:41:57.963+0000] {processor.py:799} INFO - Processing file /home/airflow/.local/lib/python3.7/site-packages/airflow/example_dags/example_latest_only_with_trigger.py for tasks to queue
[2023-09-14T16:41:57.964+0000] {logging_mixin.py:149} INFO - [2023-09-14T16:41:57.964+0000] {dagbag.py:541} INFO - Filling up the DagBag from /home/airflow/.local/lib/python3.7/site-packages/airflow/example_dags/example_latest_only_with_trigger.py
[2023-09-14T16:41:57.971+0000] {processor.py:809} INFO - DAG(s) dict_keys(['latest_only_with_trigger']) retrieved from /home/airflow/.local/lib/python3.7/site-packages/airflow/example_dags/example_latest_only_with_trigger.py
[2023-09-14T16:41:58.020+0000] {logging_mixin.py:149} INFO - [2023-09-14T16:41:58.019+0000] {dag.py:2726} INFO - Sync 1 DAGs
[2023-09-14T16:41:58.062+0000] {logging_mixin.py:149} INFO - [2023-09-14T16:41:58.061+0000] {dag.py:3490} INFO - Setting next_dagrun for latest_only_with_trigger to 2023-09-14T12:41:58.060913+00:00, run_after=2023-09-14T16:41:58.060913+00:00
[2023-09-14T16:41:58.106+0000] {processor.py:178} INFO - Processing /home/airflow/.local/lib/python3.7/site-packages/airflow/example_dags/example_latest_only_with_trigger.py took 0.147 seconds
[2023-09-14T16:42:28.554+0000] {processor.py:156} INFO - Started process (PID=449) to work on /home/airflow/.local/lib/python3.7/site-packages/airflow/example_dags/example_latest_only_with_trigger.py
[2023-09-14T16:42:28.558+0000] {processor.py:799} INFO - Processing file /home/airflow/.local/lib/python3.7/site-packages/airflow/example_dags/example_latest_only_with_trigger.py for tasks to queue
[2023-09-14T16:42:28.562+0000] {logging_mixin.py:149} INFO - [2023-09-14T16:42:28.561+0000] {dagbag.py:541} INFO - Filling up the DagBag from /home/airflow/.local/lib/python3.7/site-packages/airflow/example_dags/example_latest_only_with_trigger.py
[2023-09-14T16:42:28.577+0000] {processor.py:809} INFO - DAG(s) dict_keys(['latest_only_with_trigger']) retrieved from /home/airflow/.local/lib/python3.7/site-packages/airflow/example_dags/example_latest_only_with_trigger.py
[2023-09-14T16:42:28.627+0000] {logging_mixin.py:149} INFO - [2023-09-14T16:42:28.627+0000] {dag.py:2726} INFO - Sync 1 DAGs
[2023-09-14T16:42:28.686+0000] {logging_mixin.py:149} INFO - [2023-09-14T16:42:28.686+0000] {dag.py:3490} INFO - Setting next_dagrun for latest_only_with_trigger to 2023-09-14T12:42:28.685994+00:00, run_after=2023-09-14T16:42:28.685994+00:00
[2023-09-14T16:42:28.786+0000] {processor.py:178} INFO - Processing /home/airflow/.local/lib/python3.7/site-packages/airflow/example_dags/example_latest_only_with_trigger.py took 0.249 seconds
[2023-09-14T16:42:59.194+0000] {processor.py:156} INFO - Started process (PID=511) to work on /home/airflow/.local/lib/python3.7/site-packages/airflow/example_dags/example_latest_only_with_trigger.py
[2023-09-14T16:42:59.210+0000] {processor.py:799} INFO - Processing file /home/airflow/.local/lib/python3.7/site-packages/airflow/example_dags/example_latest_only_with_trigger.py for tasks to queue
[2023-09-14T16:42:59.213+0000] {logging_mixin.py:149} INFO - [2023-09-14T16:42:59.212+0000] {dagbag.py:541} INFO - Filling up the DagBag from /home/airflow/.local/lib/python3.7/site-packages/airflow/example_dags/example_latest_only_with_trigger.py
[2023-09-14T16:42:59.243+0000] {processor.py:809} INFO - DAG(s) dict_keys(['latest_only_with_trigger']) retrieved from /home/airflow/.local/lib/python3.7/site-packages/airflow/example_dags/example_latest_only_with_trigger.py
[2023-09-14T16:42:59.385+0000] {logging_mixin.py:149} INFO - [2023-09-14T16:42:59.384+0000] {dag.py:2726} INFO - Sync 1 DAGs
[2023-09-14T16:42:59.574+0000] {logging_mixin.py:149} INFO - [2023-09-14T16:42:59.574+0000] {dag.py:3490} INFO - Setting next_dagrun for latest_only_with_trigger to 2023-09-14T12:42:59.573134+00:00, run_after=2023-09-14T16:42:59.573134+00:00
[2023-09-14T16:42:59.677+0000] {processor.py:178} INFO - Processing /home/airflow/.local/lib/python3.7/site-packages/airflow/example_dags/example_latest_only_with_trigger.py took 0.515 seconds
[2023-09-14T16:43:30.015+0000] {processor.py:156} INFO - Started process (PID=572) to work on /home/airflow/.local/lib/python3.7/site-packages/airflow/example_dags/example_latest_only_with_trigger.py
[2023-09-14T16:43:30.018+0000] {processor.py:799} INFO - Processing file /home/airflow/.local/lib/python3.7/site-packages/airflow/example_dags/example_latest_only_with_trigger.py for tasks to queue
[2023-09-14T16:43:30.021+0000] {logging_mixin.py:149} INFO - [2023-09-14T16:43:30.021+0000] {dagbag.py:541} INFO - Filling up the DagBag from /home/airflow/.local/lib/python3.7/site-packages/airflow/example_dags/example_latest_only_with_trigger.py
[2023-09-14T16:43:30.045+0000] {processor.py:809} INFO - DAG(s) dict_keys(['latest_only_with_trigger']) retrieved from /home/airflow/.local/lib/python3.7/site-packages/airflow/example_dags/example_latest_only_with_trigger.py
[2023-09-14T16:43:30.134+0000] {logging_mixin.py:149} INFO - [2023-09-14T16:43:30.134+0000] {dag.py:2726} INFO - Sync 1 DAGs
[2023-09-14T16:43:30.197+0000] {logging_mixin.py:149} INFO - [2023-09-14T16:43:30.197+0000] {dag.py:3490} INFO - Setting next_dagrun for latest_only_with_trigger to 2023-09-14T12:43:30.197091+00:00, run_after=2023-09-14T16:43:30.197091+00:00
[2023-09-14T16:43:30.245+0000] {processor.py:178} INFO - Processing /home/airflow/.local/lib/python3.7/site-packages/airflow/example_dags/example_latest_only_with_trigger.py took 0.239 seconds
[2023-09-14T16:44:00.943+0000] {processor.py:156} INFO - Started process (PID=633) to work on /home/airflow/.local/lib/python3.7/site-packages/airflow/example_dags/example_latest_only_with_trigger.py
[2023-09-14T16:44:00.948+0000] {processor.py:799} INFO - Processing file /home/airflow/.local/lib/python3.7/site-packages/airflow/example_dags/example_latest_only_with_trigger.py for tasks to queue
[2023-09-14T16:44:00.951+0000] {logging_mixin.py:149} INFO - [2023-09-14T16:44:00.950+0000] {dagbag.py:541} INFO - Filling up the DagBag from /home/airflow/.local/lib/python3.7/site-packages/airflow/example_dags/example_latest_only_with_trigger.py
[2023-09-14T16:44:00.987+0000] {processor.py:809} INFO - DAG(s) dict_keys(['latest_only_with_trigger']) retrieved from /home/airflow/.local/lib/python3.7/site-packages/airflow/example_dags/example_latest_only_with_trigger.py
[2023-09-14T16:44:01.118+0000] {logging_mixin.py:149} INFO - [2023-09-14T16:44:01.117+0000] {dag.py:2726} INFO - Sync 1 DAGs
[2023-09-14T16:44:01.241+0000] {logging_mixin.py:149} INFO - [2023-09-14T16:44:01.240+0000] {dag.py:3490} INFO - Setting next_dagrun for latest_only_with_trigger to 2023-09-14T12:44:01.239981+00:00, run_after=2023-09-14T16:44:01.239981+00:00
[2023-09-14T16:44:01.310+0000] {processor.py:178} INFO - Processing /home/airflow/.local/lib/python3.7/site-packages/airflow/example_dags/example_latest_only_with_trigger.py took 0.386 seconds
[2023-09-14T16:44:31.442+0000] {processor.py:156} INFO - Started process (PID=696) to work on /home/airflow/.local/lib/python3.7/site-packages/airflow/example_dags/example_latest_only_with_trigger.py
[2023-09-14T16:44:31.444+0000] {processor.py:799} INFO - Processing file /home/airflow/.local/lib/python3.7/site-packages/airflow/example_dags/example_latest_only_with_trigger.py for tasks to queue
[2023-09-14T16:44:31.446+0000] {logging_mixin.py:149} INFO - [2023-09-14T16:44:31.446+0000] {dagbag.py:541} INFO - Filling up the DagBag from /home/airflow/.local/lib/python3.7/site-packages/airflow/example_dags/example_latest_only_with_trigger.py
[2023-09-14T16:44:31.460+0000] {processor.py:809} INFO - DAG(s) dict_keys(['latest_only_with_trigger']) retrieved from /home/airflow/.local/lib/python3.7/site-packages/airflow/example_dags/example_latest_only_with_trigger.py
[2023-09-14T16:44:31.506+0000] {logging_mixin.py:149} INFO - [2023-09-14T16:44:31.506+0000] {dag.py:2726} INFO - Sync 1 DAGs
[2023-09-14T16:44:31.563+0000] {logging_mixin.py:149} INFO - [2023-09-14T16:44:31.563+0000] {dag.py:3490} INFO - Setting next_dagrun for latest_only_with_trigger to 2023-09-14T12:44:31.562195+00:00, run_after=2023-09-14T16:44:31.562195+00:00
[2023-09-14T16:44:31.610+0000] {processor.py:178} INFO - Processing /home/airflow/.local/lib/python3.7/site-packages/airflow/example_dags/example_latest_only_with_trigger.py took 0.175 seconds
[2023-09-14T16:45:02.557+0000] {processor.py:156} INFO - Started process (PID=757) to work on /home/airflow/.local/lib/python3.7/site-packages/airflow/example_dags/example_latest_only_with_trigger.py
[2023-09-14T16:45:02.559+0000] {processor.py:799} INFO - Processing file /home/airflow/.local/lib/python3.7/site-packages/airflow/example_dags/example_latest_only_with_trigger.py for tasks to queue
[2023-09-14T16:45:02.561+0000] {logging_mixin.py:149} INFO - [2023-09-14T16:45:02.560+0000] {dagbag.py:541} INFO - Filling up the DagBag from /home/airflow/.local/lib/python3.7/site-packages/airflow/example_dags/example_latest_only_with_trigger.py
[2023-09-14T16:45:02.573+0000] {processor.py:809} INFO - DAG(s) dict_keys(['latest_only_with_trigger']) retrieved from /home/airflow/.local/lib/python3.7/site-packages/airflow/example_dags/example_latest_only_with_trigger.py
[2023-09-14T16:45:02.623+0000] {logging_mixin.py:149} INFO - [2023-09-14T16:45:02.623+0000] {dag.py:2726} INFO - Sync 1 DAGs
[2023-09-14T16:45:02.684+0000] {logging_mixin.py:149} INFO - [2023-09-14T16:45:02.684+0000] {dag.py:3490} INFO - Setting next_dagrun for latest_only_with_trigger to 2023-09-14T12:45:02.684108+00:00, run_after=2023-09-14T16:45:02.684108+00:00
[2023-09-14T16:45:02.779+0000] {processor.py:178} INFO - Processing /home/airflow/.local/lib/python3.7/site-packages/airflow/example_dags/example_latest_only_with_trigger.py took 0.229 seconds
[2023-09-14T16:45:33.406+0000] {processor.py:156} INFO - Started process (PID=817) to work on /home/airflow/.local/lib/python3.7/site-packages/airflow/example_dags/example_latest_only_with_trigger.py
[2023-09-14T16:45:33.408+0000] {processor.py:799} INFO - Processing file /home/airflow/.local/lib/python3.7/site-packages/airflow/example_dags/example_latest_only_with_trigger.py for tasks to queue
[2023-09-14T16:45:33.410+0000] {logging_mixin.py:149} INFO - [2023-09-14T16:45:33.410+0000] {dagbag.py:541} INFO - Filling up the DagBag from /home/airflow/.local/lib/python3.7/site-packages/airflow/example_dags/example_latest_only_with_trigger.py
[2023-09-14T16:45:33.421+0000] {processor.py:809} INFO - DAG(s) dict_keys(['latest_only_with_trigger']) retrieved from /home/airflow/.local/lib/python3.7/site-packages/airflow/example_dags/example_latest_only_with_trigger.py
[2023-09-14T16:45:33.473+0000] {logging_mixin.py:149} INFO - [2023-09-14T16:45:33.473+0000] {dag.py:2726} INFO - Sync 1 DAGs
[2023-09-14T16:45:33.524+0000] {logging_mixin.py:149} INFO - [2023-09-14T16:45:33.524+0000] {dag.py:3490} INFO - Setting next_dagrun for latest_only_with_trigger to 2023-09-14T12:45:33.524256+00:00, run_after=2023-09-14T16:45:33.524256+00:00
[2023-09-14T16:45:33.617+0000] {processor.py:178} INFO - Processing /home/airflow/.local/lib/python3.7/site-packages/airflow/example_dags/example_latest_only_with_trigger.py took 0.217 seconds
[2023-09-14T16:46:03.849+0000] {processor.py:156} INFO - Started process (PID=878) to work on /home/airflow/.local/lib/python3.7/site-packages/airflow/example_dags/example_latest_only_with_trigger.py
[2023-09-14T16:46:03.853+0000] {processor.py:799} INFO - Processing file /home/airflow/.local/lib/python3.7/site-packages/airflow/example_dags/example_latest_only_with_trigger.py for tasks to queue
[2023-09-14T16:46:03.858+0000] {logging_mixin.py:149} INFO - [2023-09-14T16:46:03.857+0000] {dagbag.py:541} INFO - Filling up the DagBag from /home/airflow/.local/lib/python3.7/site-packages/airflow/example_dags/example_latest_only_with_trigger.py
[2023-09-14T16:46:03.884+0000] {processor.py:809} INFO - DAG(s) dict_keys(['latest_only_with_trigger']) retrieved from /home/airflow/.local/lib/python3.7/site-packages/airflow/example_dags/example_latest_only_with_trigger.py
[2023-09-14T16:46:03.986+0000] {logging_mixin.py:149} INFO - [2023-09-14T16:46:03.986+0000] {dag.py:2726} INFO - Sync 1 DAGs
[2023-09-14T16:46:04.094+0000] {logging_mixin.py:149} INFO - [2023-09-14T16:46:04.094+0000] {dag.py:3490} INFO - Setting next_dagrun for latest_only_with_trigger to 2023-09-14T12:46:04.093931+00:00, run_after=2023-09-14T16:46:04.093931+00:00
[2023-09-14T16:46:04.194+0000] {processor.py:178} INFO - Processing /home/airflow/.local/lib/python3.7/site-packages/airflow/example_dags/example_latest_only_with_trigger.py took 0.362 seconds
[2023-09-14T16:46:34.337+0000] {processor.py:156} INFO - Started process (PID=938) to work on /home/airflow/.local/lib/python3.7/site-packages/airflow/example_dags/example_latest_only_with_trigger.py
[2023-09-14T16:46:34.341+0000] {processor.py:799} INFO - Processing file /home/airflow/.local/lib/python3.7/site-packages/airflow/example_dags/example_latest_only_with_trigger.py for tasks to queue
[2023-09-14T16:46:34.346+0000] {logging_mixin.py:149} INFO - [2023-09-14T16:46:34.344+0000] {dagbag.py:541} INFO - Filling up the DagBag from /home/airflow/.local/lib/python3.7/site-packages/airflow/example_dags/example_latest_only_with_trigger.py
[2023-09-14T16:46:34.376+0000] {processor.py:809} INFO - DAG(s) dict_keys(['latest_only_with_trigger']) retrieved from /home/airflow/.local/lib/python3.7/site-packages/airflow/example_dags/example_latest_only_with_trigger.py
[2023-09-14T16:46:34.474+0000] {logging_mixin.py:149} INFO - [2023-09-14T16:46:34.473+0000] {dag.py:2726} INFO - Sync 1 DAGs
[2023-09-14T16:46:34.638+0000] {logging_mixin.py:149} INFO - [2023-09-14T16:46:34.637+0000] {dag.py:3490} INFO - Setting next_dagrun for latest_only_with_trigger to 2023-09-14T12:46:34.637153+00:00, run_after=2023-09-14T16:46:34.637153+00:00
[2023-09-14T16:46:34.711+0000] {processor.py:178} INFO - Processing /home/airflow/.local/lib/python3.7/site-packages/airflow/example_dags/example_latest_only_with_trigger.py took 0.386 seconds
[2023-09-14T16:47:06.410+0000] {processor.py:156} INFO - Started process (PID=999) to work on /home/airflow/.local/lib/python3.7/site-packages/airflow/example_dags/example_latest_only_with_trigger.py
[2023-09-14T16:47:06.414+0000] {processor.py:799} INFO - Processing file /home/airflow/.local/lib/python3.7/site-packages/airflow/example_dags/example_latest_only_with_trigger.py for tasks to queue
[2023-09-14T16:47:06.417+0000] {logging_mixin.py:149} INFO - [2023-09-14T16:47:06.417+0000] {dagbag.py:541} INFO - Filling up the DagBag from /home/airflow/.local/lib/python3.7/site-packages/airflow/example_dags/example_latest_only_with_trigger.py
[2023-09-14T16:47:06.436+0000] {processor.py:809} INFO - DAG(s) dict_keys(['latest_only_with_trigger']) retrieved from /home/airflow/.local/lib/python3.7/site-packages/airflow/example_dags/example_latest_only_with_trigger.py
[2023-09-14T16:47:06.537+0000] {logging_mixin.py:149} INFO - [2023-09-14T16:47:06.536+0000] {dag.py:2726} INFO - Sync 1 DAGs
[2023-09-14T16:47:06.652+0000] {logging_mixin.py:149} INFO - [2023-09-14T16:47:06.652+0000] {dag.py:3490} INFO - Setting next_dagrun for latest_only_with_trigger to 2023-09-14T12:47:06.651329+00:00, run_after=2023-09-14T16:47:06.651329+00:00
[2023-09-14T16:47:06.732+0000] {processor.py:178} INFO - Processing /home/airflow/.local/lib/python3.7/site-packages/airflow/example_dags/example_latest_only_with_trigger.py took 0.339 seconds
[2023-09-14T16:47:37.080+0000] {processor.py:156} INFO - Started process (PID=1060) to work on /home/airflow/.local/lib/python3.7/site-packages/airflow/example_dags/example_latest_only_with_trigger.py
[2023-09-14T16:47:37.083+0000] {processor.py:799} INFO - Processing file /home/airflow/.local/lib/python3.7/site-packages/airflow/example_dags/example_latest_only_with_trigger.py for tasks to queue
[2023-09-14T16:47:37.085+0000] {logging_mixin.py:149} INFO - [2023-09-14T16:47:37.085+0000] {dagbag.py:541} INFO - Filling up the DagBag from /home/airflow/.local/lib/python3.7/site-packages/airflow/example_dags/example_latest_only_with_trigger.py
[2023-09-14T16:47:37.103+0000] {processor.py:809} INFO - DAG(s) dict_keys(['latest_only_with_trigger']) retrieved from /home/airflow/.local/lib/python3.7/site-packages/airflow/example_dags/example_latest_only_with_trigger.py
[2023-09-14T16:47:37.167+0000] {logging_mixin.py:149} INFO - [2023-09-14T16:47:37.167+0000] {dag.py:2726} INFO - Sync 1 DAGs
[2023-09-14T16:47:37.253+0000] {logging_mixin.py:149} INFO - [2023-09-14T16:47:37.253+0000] {dag.py:3490} INFO - Setting next_dagrun for latest_only_with_trigger to 2023-09-14T12:47:37.252946+00:00, run_after=2023-09-14T16:47:37.252946+00:00
[2023-09-14T16:47:37.311+0000] {processor.py:178} INFO - Processing /home/airflow/.local/lib/python3.7/site-packages/airflow/example_dags/example_latest_only_with_trigger.py took 0.235 seconds
[2023-09-14T16:48:16.043+0000] {processor.py:156} INFO - Started process (PID=1125) to work on /home/airflow/.local/lib/python3.7/site-packages/airflow/example_dags/example_latest_only_with_trigger.py
[2023-09-14T16:48:16.047+0000] {processor.py:799} INFO - Processing file /home/airflow/.local/lib/python3.7/site-packages/airflow/example_dags/example_latest_only_with_trigger.py for tasks to queue
[2023-09-14T16:48:16.051+0000] {logging_mixin.py:149} INFO - [2023-09-14T16:48:16.050+0000] {dagbag.py:541} INFO - Filling up the DagBag from /home/airflow/.local/lib/python3.7/site-packages/airflow/example_dags/example_latest_only_with_trigger.py
[2023-09-14T16:48:16.073+0000] {processor.py:809} INFO - DAG(s) dict_keys(['latest_only_with_trigger']) retrieved from /home/airflow/.local/lib/python3.7/site-packages/airflow/example_dags/example_latest_only_with_trigger.py
[2023-09-14T16:48:16.143+0000] {logging_mixin.py:149} INFO - [2023-09-14T16:48:16.143+0000] {dag.py:2726} INFO - Sync 1 DAGs
[2023-09-14T16:48:16.257+0000] {logging_mixin.py:149} INFO - [2023-09-14T16:48:16.256+0000] {dag.py:3490} INFO - Setting next_dagrun for latest_only_with_trigger to 2023-09-14T12:48:16.256234+00:00, run_after=2023-09-14T16:48:16.256234+00:00
[2023-09-14T16:48:16.338+0000] {processor.py:178} INFO - Processing /home/airflow/.local/lib/python3.7/site-packages/airflow/example_dags/example_latest_only_with_trigger.py took 0.304 seconds
[2023-09-14T16:48:47.381+0000] {processor.py:156} INFO - Started process (PID=1193) to work on /home/airflow/.local/lib/python3.7/site-packages/airflow/example_dags/example_latest_only_with_trigger.py
[2023-09-14T16:48:47.385+0000] {processor.py:799} INFO - Processing file /home/airflow/.local/lib/python3.7/site-packages/airflow/example_dags/example_latest_only_with_trigger.py for tasks to queue
[2023-09-14T16:48:47.388+0000] {logging_mixin.py:149} INFO - [2023-09-14T16:48:47.388+0000] {dagbag.py:541} INFO - Filling up the DagBag from /home/airflow/.local/lib/python3.7/site-packages/airflow/example_dags/example_latest_only_with_trigger.py
[2023-09-14T16:48:47.418+0000] {processor.py:809} INFO - DAG(s) dict_keys(['latest_only_with_trigger']) retrieved from /home/airflow/.local/lib/python3.7/site-packages/airflow/example_dags/example_latest_only_with_trigger.py
[2023-09-14T16:48:47.512+0000] {logging_mixin.py:149} INFO - [2023-09-14T16:48:47.510+0000] {dag.py:2726} INFO - Sync 1 DAGs
[2023-09-14T16:48:47.591+0000] {logging_mixin.py:149} INFO - [2023-09-14T16:48:47.590+0000] {dag.py:3490} INFO - Setting next_dagrun for latest_only_with_trigger to 2023-09-14T12:48:47.590055+00:00, run_after=2023-09-14T16:48:47.590055+00:00
[2023-09-14T16:48:47.656+0000] {processor.py:178} INFO - Processing /home/airflow/.local/lib/python3.7/site-packages/airflow/example_dags/example_latest_only_with_trigger.py took 0.286 seconds
[2023-09-14T16:49:18.313+0000] {processor.py:156} INFO - Started process (PID=1254) to work on /home/airflow/.local/lib/python3.7/site-packages/airflow/example_dags/example_latest_only_with_trigger.py
[2023-09-14T16:49:18.316+0000] {processor.py:799} INFO - Processing file /home/airflow/.local/lib/python3.7/site-packages/airflow/example_dags/example_latest_only_with_trigger.py for tasks to queue
[2023-09-14T16:49:18.320+0000] {logging_mixin.py:149} INFO - [2023-09-14T16:49:18.319+0000] {dagbag.py:541} INFO - Filling up the DagBag from /home/airflow/.local/lib/python3.7/site-packages/airflow/example_dags/example_latest_only_with_trigger.py
[2023-09-14T16:49:18.361+0000] {processor.py:809} INFO - DAG(s) dict_keys(['latest_only_with_trigger']) retrieved from /home/airflow/.local/lib/python3.7/site-packages/airflow/example_dags/example_latest_only_with_trigger.py
[2023-09-14T16:49:18.459+0000] {logging_mixin.py:149} INFO - [2023-09-14T16:49:18.458+0000] {dag.py:2726} INFO - Sync 1 DAGs
[2023-09-14T16:49:18.602+0000] {logging_mixin.py:149} INFO - [2023-09-14T16:49:18.601+0000] {dag.py:3490} INFO - Setting next_dagrun for latest_only_with_trigger to 2023-09-14T12:49:18.600842+00:00, run_after=2023-09-14T16:49:18.600842+00:00
[2023-09-14T16:49:18.675+0000] {processor.py:178} INFO - Processing /home/airflow/.local/lib/python3.7/site-packages/airflow/example_dags/example_latest_only_with_trigger.py took 0.374 seconds
[2023-09-14T16:49:49.230+0000] {processor.py:156} INFO - Started process (PID=1314) to work on /home/airflow/.local/lib/python3.7/site-packages/airflow/example_dags/example_latest_only_with_trigger.py
[2023-09-14T16:49:49.239+0000] {processor.py:799} INFO - Processing file /home/airflow/.local/lib/python3.7/site-packages/airflow/example_dags/example_latest_only_with_trigger.py for tasks to queue
[2023-09-14T16:49:49.244+0000] {logging_mixin.py:149} INFO - [2023-09-14T16:49:49.244+0000] {dagbag.py:541} INFO - Filling up the DagBag from /home/airflow/.local/lib/python3.7/site-packages/airflow/example_dags/example_latest_only_with_trigger.py
[2023-09-14T16:49:49.267+0000] {processor.py:809} INFO - DAG(s) dict_keys(['latest_only_with_trigger']) retrieved from /home/airflow/.local/lib/python3.7/site-packages/airflow/example_dags/example_latest_only_with_trigger.py
[2023-09-14T16:49:49.459+0000] {logging_mixin.py:149} INFO - [2023-09-14T16:49:49.458+0000] {dag.py:2726} INFO - Sync 1 DAGs
[2023-09-14T16:49:49.665+0000] {logging_mixin.py:149} INFO - [2023-09-14T16:49:49.664+0000] {dag.py:3490} INFO - Setting next_dagrun for latest_only_with_trigger to 2023-09-14T12:49:49.664131+00:00, run_after=2023-09-14T16:49:49.664131+00:00
[2023-09-14T16:49:49.782+0000] {processor.py:178} INFO - Processing /home/airflow/.local/lib/python3.7/site-packages/airflow/example_dags/example_latest_only_with_trigger.py took 0.573 seconds
[2023-09-14T16:50:20.539+0000] {processor.py:156} INFO - Started process (PID=1375) to work on /home/airflow/.local/lib/python3.7/site-packages/airflow/example_dags/example_latest_only_with_trigger.py
[2023-09-14T16:50:20.542+0000] {processor.py:799} INFO - Processing file /home/airflow/.local/lib/python3.7/site-packages/airflow/example_dags/example_latest_only_with_trigger.py for tasks to queue
[2023-09-14T16:50:20.546+0000] {logging_mixin.py:149} INFO - [2023-09-14T16:50:20.545+0000] {dagbag.py:541} INFO - Filling up the DagBag from /home/airflow/.local/lib/python3.7/site-packages/airflow/example_dags/example_latest_only_with_trigger.py
[2023-09-14T16:50:20.581+0000] {processor.py:809} INFO - DAG(s) dict_keys(['latest_only_with_trigger']) retrieved from /home/airflow/.local/lib/python3.7/site-packages/airflow/example_dags/example_latest_only_with_trigger.py
[2023-09-14T16:50:20.745+0000] {logging_mixin.py:149} INFO - [2023-09-14T16:50:20.744+0000] {dag.py:2726} INFO - Sync 1 DAGs
[2023-09-14T16:50:20.867+0000] {logging_mixin.py:149} INFO - [2023-09-14T16:50:20.867+0000] {dag.py:3490} INFO - Setting next_dagrun for latest_only_with_trigger to 2023-09-14T12:50:20.866585+00:00, run_after=2023-09-14T16:50:20.866585+00:00
[2023-09-14T16:50:20.957+0000] {processor.py:178} INFO - Processing /home/airflow/.local/lib/python3.7/site-packages/airflow/example_dags/example_latest_only_with_trigger.py took 0.432 seconds
[2023-09-14T16:50:52.256+0000] {processor.py:156} INFO - Started process (PID=1438) to work on /home/airflow/.local/lib/python3.7/site-packages/airflow/example_dags/example_latest_only_with_trigger.py
[2023-09-14T16:50:52.261+0000] {processor.py:799} INFO - Processing file /home/airflow/.local/lib/python3.7/site-packages/airflow/example_dags/example_latest_only_with_trigger.py for tasks to queue
[2023-09-14T16:50:52.263+0000] {logging_mixin.py:149} INFO - [2023-09-14T16:50:52.263+0000] {dagbag.py:541} INFO - Filling up the DagBag from /home/airflow/.local/lib/python3.7/site-packages/airflow/example_dags/example_latest_only_with_trigger.py
[2023-09-14T16:50:52.311+0000] {processor.py:809} INFO - DAG(s) dict_keys(['latest_only_with_trigger']) retrieved from /home/airflow/.local/lib/python3.7/site-packages/airflow/example_dags/example_latest_only_with_trigger.py
[2023-09-14T16:50:52.400+0000] {logging_mixin.py:149} INFO - [2023-09-14T16:50:52.399+0000] {dag.py:2726} INFO - Sync 1 DAGs
[2023-09-14T16:50:52.454+0000] {logging_mixin.py:149} INFO - [2023-09-14T16:50:52.454+0000] {dag.py:3490} INFO - Setting next_dagrun for latest_only_with_trigger to 2023-09-14T12:50:52.453803+00:00, run_after=2023-09-14T16:50:52.453803+00:00
[2023-09-14T16:50:52.525+0000] {processor.py:178} INFO - Processing /home/airflow/.local/lib/python3.7/site-packages/airflow/example_dags/example_latest_only_with_trigger.py took 0.277 seconds
[2023-09-14T16:51:22.981+0000] {processor.py:156} INFO - Started process (PID=1490) to work on /home/airflow/.local/lib/python3.7/site-packages/airflow/example_dags/example_latest_only_with_trigger.py
[2023-09-14T16:51:22.986+0000] {processor.py:799} INFO - Processing file /home/airflow/.local/lib/python3.7/site-packages/airflow/example_dags/example_latest_only_with_trigger.py for tasks to queue
[2023-09-14T16:51:22.990+0000] {logging_mixin.py:149} INFO - [2023-09-14T16:51:22.990+0000] {dagbag.py:541} INFO - Filling up the DagBag from /home/airflow/.local/lib/python3.7/site-packages/airflow/example_dags/example_latest_only_with_trigger.py
[2023-09-14T16:51:23.010+0000] {processor.py:809} INFO - DAG(s) dict_keys(['latest_only_with_trigger']) retrieved from /home/airflow/.local/lib/python3.7/site-packages/airflow/example_dags/example_latest_only_with_trigger.py
[2023-09-14T16:51:23.105+0000] {logging_mixin.py:149} INFO - [2023-09-14T16:51:23.105+0000] {dag.py:2726} INFO - Sync 1 DAGs
[2023-09-14T16:51:23.170+0000] {logging_mixin.py:149} INFO - [2023-09-14T16:51:23.170+0000] {dag.py:3490} INFO - Setting next_dagrun for latest_only_with_trigger to 2023-09-14T12:51:23.170151+00:00, run_after=2023-09-14T16:51:23.170151+00:00
[2023-09-14T16:51:23.264+0000] {processor.py:178} INFO - Processing /home/airflow/.local/lib/python3.7/site-packages/airflow/example_dags/example_latest_only_with_trigger.py took 0.290 seconds
[2023-09-14T16:51:53.673+0000] {processor.py:156} INFO - Started process (PID=1552) to work on /home/airflow/.local/lib/python3.7/site-packages/airflow/example_dags/example_latest_only_with_trigger.py
[2023-09-14T16:51:53.677+0000] {processor.py:799} INFO - Processing file /home/airflow/.local/lib/python3.7/site-packages/airflow/example_dags/example_latest_only_with_trigger.py for tasks to queue
[2023-09-14T16:51:53.681+0000] {logging_mixin.py:149} INFO - [2023-09-14T16:51:53.681+0000] {dagbag.py:541} INFO - Filling up the DagBag from /home/airflow/.local/lib/python3.7/site-packages/airflow/example_dags/example_latest_only_with_trigger.py
[2023-09-14T16:51:53.710+0000] {processor.py:809} INFO - DAG(s) dict_keys(['latest_only_with_trigger']) retrieved from /home/airflow/.local/lib/python3.7/site-packages/airflow/example_dags/example_latest_only_with_trigger.py
[2023-09-14T16:51:53.837+0000] {logging_mixin.py:149} INFO - [2023-09-14T16:51:53.837+0000] {dag.py:2726} INFO - Sync 1 DAGs
[2023-09-14T16:51:53.946+0000] {logging_mixin.py:149} INFO - [2023-09-14T16:51:53.946+0000] {dag.py:3490} INFO - Setting next_dagrun for latest_only_with_trigger to 2023-09-14T12:51:53.945505+00:00, run_after=2023-09-14T16:51:53.945505+00:00
[2023-09-14T16:51:54.060+0000] {processor.py:178} INFO - Processing /home/airflow/.local/lib/python3.7/site-packages/airflow/example_dags/example_latest_only_with_trigger.py took 0.400 seconds
[2023-09-14T16:52:24.484+0000] {processor.py:156} INFO - Started process (PID=1613) to work on /home/airflow/.local/lib/python3.7/site-packages/airflow/example_dags/example_latest_only_with_trigger.py
[2023-09-14T16:52:24.491+0000] {processor.py:799} INFO - Processing file /home/airflow/.local/lib/python3.7/site-packages/airflow/example_dags/example_latest_only_with_trigger.py for tasks to queue
[2023-09-14T16:52:24.497+0000] {logging_mixin.py:149} INFO - [2023-09-14T16:52:24.496+0000] {dagbag.py:541} INFO - Filling up the DagBag from /home/airflow/.local/lib/python3.7/site-packages/airflow/example_dags/example_latest_only_with_trigger.py
[2023-09-14T16:52:24.522+0000] {processor.py:809} INFO - DAG(s) dict_keys(['latest_only_with_trigger']) retrieved from /home/airflow/.local/lib/python3.7/site-packages/airflow/example_dags/example_latest_only_with_trigger.py
[2023-09-14T16:52:24.593+0000] {logging_mixin.py:149} INFO - [2023-09-14T16:52:24.593+0000] {dag.py:2726} INFO - Sync 1 DAGs
[2023-09-14T16:52:24.713+0000] {logging_mixin.py:149} INFO - [2023-09-14T16:52:24.712+0000] {dag.py:3490} INFO - Setting next_dagrun for latest_only_with_trigger to 2023-09-14T12:52:24.711093+00:00, run_after=2023-09-14T16:52:24.711093+00:00
[2023-09-14T16:52:24.795+0000] {processor.py:178} INFO - Processing /home/airflow/.local/lib/python3.7/site-packages/airflow/example_dags/example_latest_only_with_trigger.py took 0.322 seconds
[2023-09-14T16:52:55.541+0000] {processor.py:156} INFO - Started process (PID=1674) to work on /home/airflow/.local/lib/python3.7/site-packages/airflow/example_dags/example_latest_only_with_trigger.py
[2023-09-14T16:52:55.544+0000] {processor.py:799} INFO - Processing file /home/airflow/.local/lib/python3.7/site-packages/airflow/example_dags/example_latest_only_with_trigger.py for tasks to queue
[2023-09-14T16:52:55.546+0000] {logging_mixin.py:149} INFO - [2023-09-14T16:52:55.546+0000] {dagbag.py:541} INFO - Filling up the DagBag from /home/airflow/.local/lib/python3.7/site-packages/airflow/example_dags/example_latest_only_with_trigger.py
[2023-09-14T16:52:55.570+0000] {processor.py:809} INFO - DAG(s) dict_keys(['latest_only_with_trigger']) retrieved from /home/airflow/.local/lib/python3.7/site-packages/airflow/example_dags/example_latest_only_with_trigger.py
[2023-09-14T16:52:55.667+0000] {logging_mixin.py:149} INFO - [2023-09-14T16:52:55.666+0000] {dag.py:2726} INFO - Sync 1 DAGs
[2023-09-14T16:52:55.791+0000] {logging_mixin.py:149} INFO - [2023-09-14T16:52:55.790+0000] {dag.py:3490} INFO - Setting next_dagrun for latest_only_with_trigger to 2023-09-14T12:52:55.790228+00:00, run_after=2023-09-14T16:52:55.790228+00:00
[2023-09-14T16:52:55.874+0000] {processor.py:178} INFO - Processing /home/airflow/.local/lib/python3.7/site-packages/airflow/example_dags/example_latest_only_with_trigger.py took 0.341 seconds
[2023-09-14T16:53:26.403+0000] {processor.py:156} INFO - Started process (PID=1736) to work on /home/airflow/.local/lib/python3.7/site-packages/airflow/example_dags/example_latest_only_with_trigger.py
[2023-09-14T16:53:26.407+0000] {processor.py:799} INFO - Processing file /home/airflow/.local/lib/python3.7/site-packages/airflow/example_dags/example_latest_only_with_trigger.py for tasks to queue
[2023-09-14T16:53:26.411+0000] {logging_mixin.py:149} INFO - [2023-09-14T16:53:26.410+0000] {dagbag.py:541} INFO - Filling up the DagBag from /home/airflow/.local/lib/python3.7/site-packages/airflow/example_dags/example_latest_only_with_trigger.py
[2023-09-14T16:53:26.431+0000] {processor.py:809} INFO - DAG(s) dict_keys(['latest_only_with_trigger']) retrieved from /home/airflow/.local/lib/python3.7/site-packages/airflow/example_dags/example_latest_only_with_trigger.py
[2023-09-14T16:53:26.549+0000] {logging_mixin.py:149} INFO - [2023-09-14T16:53:26.548+0000] {dag.py:2726} INFO - Sync 1 DAGs
[2023-09-14T16:53:26.641+0000] {logging_mixin.py:149} INFO - [2023-09-14T16:53:26.640+0000] {dag.py:3490} INFO - Setting next_dagrun for latest_only_with_trigger to 2023-09-14T12:53:26.640263+00:00, run_after=2023-09-14T16:53:26.640263+00:00
[2023-09-14T16:53:26.737+0000] {processor.py:178} INFO - Processing /home/airflow/.local/lib/python3.7/site-packages/airflow/example_dags/example_latest_only_with_trigger.py took 0.346 seconds
[2023-09-14T16:53:57.944+0000] {processor.py:156} INFO - Started process (PID=1801) to work on /home/airflow/.local/lib/python3.7/site-packages/airflow/example_dags/example_latest_only_with_trigger.py
[2023-09-14T16:53:57.952+0000] {processor.py:799} INFO - Processing file /home/airflow/.local/lib/python3.7/site-packages/airflow/example_dags/example_latest_only_with_trigger.py for tasks to queue
[2023-09-14T16:53:57.956+0000] {logging_mixin.py:149} INFO - [2023-09-14T16:53:57.956+0000] {dagbag.py:541} INFO - Filling up the DagBag from /home/airflow/.local/lib/python3.7/site-packages/airflow/example_dags/example_latest_only_with_trigger.py
[2023-09-14T16:53:57.977+0000] {processor.py:809} INFO - DAG(s) dict_keys(['latest_only_with_trigger']) retrieved from /home/airflow/.local/lib/python3.7/site-packages/airflow/example_dags/example_latest_only_with_trigger.py
[2023-09-14T16:53:58.044+0000] {logging_mixin.py:149} INFO - [2023-09-14T16:53:58.044+0000] {dag.py:2726} INFO - Sync 1 DAGs
[2023-09-14T16:53:58.139+0000] {logging_mixin.py:149} INFO - [2023-09-14T16:53:58.138+0000] {dag.py:3490} INFO - Setting next_dagrun for latest_only_with_trigger to 2023-09-14T12:53:58.137994+00:00, run_after=2023-09-14T16:53:58.137994+00:00
[2023-09-14T16:53:58.227+0000] {processor.py:178} INFO - Processing /home/airflow/.local/lib/python3.7/site-packages/airflow/example_dags/example_latest_only_with_trigger.py took 0.299 seconds
[2023-09-14T16:54:48.826+0000] {processor.py:156} INFO - Started process (PID=1867) to work on /home/airflow/.local/lib/python3.7/site-packages/airflow/example_dags/example_latest_only_with_trigger.py
[2023-09-14T16:54:48.843+0000] {processor.py:799} INFO - Processing file /home/airflow/.local/lib/python3.7/site-packages/airflow/example_dags/example_latest_only_with_trigger.py for tasks to queue
[2023-09-14T16:54:48.848+0000] {logging_mixin.py:149} INFO - [2023-09-14T16:54:48.848+0000] {dagbag.py:541} INFO - Filling up the DagBag from /home/airflow/.local/lib/python3.7/site-packages/airflow/example_dags/example_latest_only_with_trigger.py
[2023-09-14T16:54:48.940+0000] {processor.py:809} INFO - DAG(s) dict_keys(['latest_only_with_trigger']) retrieved from /home/airflow/.local/lib/python3.7/site-packages/airflow/example_dags/example_latest_only_with_trigger.py
[2023-09-14T16:54:49.168+0000] {logging_mixin.py:149} INFO - [2023-09-14T16:54:49.167+0000] {dag.py:2726} INFO - Sync 1 DAGs
[2023-09-14T16:54:49.362+0000] {logging_mixin.py:149} INFO - [2023-09-14T16:54:49.362+0000] {dag.py:3490} INFO - Setting next_dagrun for latest_only_with_trigger to 2023-09-14T12:54:49.360400+00:00, run_after=2023-09-14T16:54:49.360400+00:00
[2023-09-14T16:54:49.511+0000] {processor.py:178} INFO - Processing /home/airflow/.local/lib/python3.7/site-packages/airflow/example_dags/example_latest_only_with_trigger.py took 0.734 seconds
[2023-09-14T16:55:19.799+0000] {processor.py:156} INFO - Started process (PID=1933) to work on /home/airflow/.local/lib/python3.7/site-packages/airflow/example_dags/example_latest_only_with_trigger.py
[2023-09-14T16:55:19.801+0000] {processor.py:799} INFO - Processing file /home/airflow/.local/lib/python3.7/site-packages/airflow/example_dags/example_latest_only_with_trigger.py for tasks to queue
[2023-09-14T16:55:19.803+0000] {logging_mixin.py:149} INFO - [2023-09-14T16:55:19.803+0000] {dagbag.py:541} INFO - Filling up the DagBag from /home/airflow/.local/lib/python3.7/site-packages/airflow/example_dags/example_latest_only_with_trigger.py
[2023-09-14T16:55:19.818+0000] {processor.py:809} INFO - DAG(s) dict_keys(['latest_only_with_trigger']) retrieved from /home/airflow/.local/lib/python3.7/site-packages/airflow/example_dags/example_latest_only_with_trigger.py
[2023-09-14T16:55:19.876+0000] {logging_mixin.py:149} INFO - [2023-09-14T16:55:19.876+0000] {dag.py:2726} INFO - Sync 1 DAGs
[2023-09-14T16:55:19.948+0000] {logging_mixin.py:149} INFO - [2023-09-14T16:55:19.947+0000] {dag.py:3490} INFO - Setting next_dagrun for latest_only_with_trigger to 2023-09-14T12:55:19.946382+00:00, run_after=2023-09-14T16:55:19.946382+00:00
[2023-09-14T16:55:20.030+0000] {processor.py:178} INFO - Processing /home/airflow/.local/lib/python3.7/site-packages/airflow/example_dags/example_latest_only_with_trigger.py took 0.238 seconds
[2023-09-14T16:55:50.759+0000] {processor.py:156} INFO - Started process (PID=1999) to work on /home/airflow/.local/lib/python3.7/site-packages/airflow/example_dags/example_latest_only_with_trigger.py
[2023-09-14T16:55:50.782+0000] {processor.py:799} INFO - Processing file /home/airflow/.local/lib/python3.7/site-packages/airflow/example_dags/example_latest_only_with_trigger.py for tasks to queue
[2023-09-14T16:55:50.790+0000] {logging_mixin.py:149} INFO - [2023-09-14T16:55:50.788+0000] {dagbag.py:541} INFO - Filling up the DagBag from /home/airflow/.local/lib/python3.7/site-packages/airflow/example_dags/example_latest_only_with_trigger.py
[2023-09-14T16:55:50.858+0000] {processor.py:809} INFO - DAG(s) dict_keys(['latest_only_with_trigger']) retrieved from /home/airflow/.local/lib/python3.7/site-packages/airflow/example_dags/example_latest_only_with_trigger.py
[2023-09-14T16:55:51.058+0000] {logging_mixin.py:149} INFO - [2023-09-14T16:55:51.057+0000] {dag.py:2726} INFO - Sync 1 DAGs
[2023-09-14T16:55:51.333+0000] {logging_mixin.py:149} INFO - [2023-09-14T16:55:51.332+0000] {dag.py:3490} INFO - Setting next_dagrun for latest_only_with_trigger to 2023-09-14T12:55:51.331624+00:00, run_after=2023-09-14T16:55:51.331624+00:00
[2023-09-14T16:55:51.470+0000] {processor.py:178} INFO - Processing /home/airflow/.local/lib/python3.7/site-packages/airflow/example_dags/example_latest_only_with_trigger.py took 0.729 seconds
[2023-09-14T16:56:22.454+0000] {processor.py:156} INFO - Started process (PID=2064) to work on /home/airflow/.local/lib/python3.7/site-packages/airflow/example_dags/example_latest_only_with_trigger.py
[2023-09-14T16:56:22.457+0000] {processor.py:799} INFO - Processing file /home/airflow/.local/lib/python3.7/site-packages/airflow/example_dags/example_latest_only_with_trigger.py for tasks to queue
[2023-09-14T16:56:22.459+0000] {logging_mixin.py:149} INFO - [2023-09-14T16:56:22.459+0000] {dagbag.py:541} INFO - Filling up the DagBag from /home/airflow/.local/lib/python3.7/site-packages/airflow/example_dags/example_latest_only_with_trigger.py
[2023-09-14T16:56:22.474+0000] {processor.py:809} INFO - DAG(s) dict_keys(['latest_only_with_trigger']) retrieved from /home/airflow/.local/lib/python3.7/site-packages/airflow/example_dags/example_latest_only_with_trigger.py
[2023-09-14T16:56:22.536+0000] {logging_mixin.py:149} INFO - [2023-09-14T16:56:22.536+0000] {dag.py:2726} INFO - Sync 1 DAGs
[2023-09-14T16:56:22.592+0000] {logging_mixin.py:149} INFO - [2023-09-14T16:56:22.592+0000] {dag.py:3490} INFO - Setting next_dagrun for latest_only_with_trigger to 2023-09-14T12:56:22.592242+00:00, run_after=2023-09-14T16:56:22.592242+00:00
[2023-09-14T16:56:22.687+0000] {processor.py:178} INFO - Processing /home/airflow/.local/lib/python3.7/site-packages/airflow/example_dags/example_latest_only_with_trigger.py took 0.237 seconds
[2023-09-14T16:56:52.899+0000] {processor.py:156} INFO - Started process (PID=2129) to work on /home/airflow/.local/lib/python3.7/site-packages/airflow/example_dags/example_latest_only_with_trigger.py
[2023-09-14T16:56:52.903+0000] {processor.py:799} INFO - Processing file /home/airflow/.local/lib/python3.7/site-packages/airflow/example_dags/example_latest_only_with_trigger.py for tasks to queue
[2023-09-14T16:56:52.911+0000] {logging_mixin.py:149} INFO - [2023-09-14T16:56:52.910+0000] {dagbag.py:541} INFO - Filling up the DagBag from /home/airflow/.local/lib/python3.7/site-packages/airflow/example_dags/example_latest_only_with_trigger.py
[2023-09-14T16:56:52.945+0000] {processor.py:809} INFO - DAG(s) dict_keys(['latest_only_with_trigger']) retrieved from /home/airflow/.local/lib/python3.7/site-packages/airflow/example_dags/example_latest_only_with_trigger.py
[2023-09-14T16:56:53.081+0000] {logging_mixin.py:149} INFO - [2023-09-14T16:56:53.081+0000] {dag.py:2726} INFO - Sync 1 DAGs
[2023-09-14T16:56:53.193+0000] {logging_mixin.py:149} INFO - [2023-09-14T16:56:53.192+0000] {dag.py:3490} INFO - Setting next_dagrun for latest_only_with_trigger to 2023-09-14T12:56:53.191479+00:00, run_after=2023-09-14T16:56:53.191479+00:00
[2023-09-14T16:56:53.312+0000] {processor.py:178} INFO - Processing /home/airflow/.local/lib/python3.7/site-packages/airflow/example_dags/example_latest_only_with_trigger.py took 0.421 seconds
[2023-09-14T16:57:23.725+0000] {processor.py:156} INFO - Started process (PID=2202) to work on /home/airflow/.local/lib/python3.7/site-packages/airflow/example_dags/example_latest_only_with_trigger.py
[2023-09-14T16:57:23.730+0000] {processor.py:799} INFO - Processing file /home/airflow/.local/lib/python3.7/site-packages/airflow/example_dags/example_latest_only_with_trigger.py for tasks to queue
[2023-09-14T16:57:23.733+0000] {logging_mixin.py:149} INFO - [2023-09-14T16:57:23.733+0000] {dagbag.py:541} INFO - Filling up the DagBag from /home/airflow/.local/lib/python3.7/site-packages/airflow/example_dags/example_latest_only_with_trigger.py
[2023-09-14T16:57:23.756+0000] {processor.py:809} INFO - DAG(s) dict_keys(['latest_only_with_trigger']) retrieved from /home/airflow/.local/lib/python3.7/site-packages/airflow/example_dags/example_latest_only_with_trigger.py
[2023-09-14T16:57:23.867+0000] {logging_mixin.py:149} INFO - [2023-09-14T16:57:23.867+0000] {dag.py:2726} INFO - Sync 1 DAGs
[2023-09-14T16:57:23.966+0000] {logging_mixin.py:149} INFO - [2023-09-14T16:57:23.965+0000] {dag.py:3490} INFO - Setting next_dagrun for latest_only_with_trigger to 2023-09-14T12:57:23.964185+00:00, run_after=2023-09-14T16:57:23.964185+00:00
[2023-09-14T16:57:24.068+0000] {processor.py:178} INFO - Processing /home/airflow/.local/lib/python3.7/site-packages/airflow/example_dags/example_latest_only_with_trigger.py took 0.368 seconds
[2023-09-14T16:57:54.542+0000] {processor.py:156} INFO - Started process (PID=2269) to work on /home/airflow/.local/lib/python3.7/site-packages/airflow/example_dags/example_latest_only_with_trigger.py
[2023-09-14T16:57:54.546+0000] {processor.py:799} INFO - Processing file /home/airflow/.local/lib/python3.7/site-packages/airflow/example_dags/example_latest_only_with_trigger.py for tasks to queue
[2023-09-14T16:57:54.550+0000] {logging_mixin.py:149} INFO - [2023-09-14T16:57:54.549+0000] {dagbag.py:541} INFO - Filling up the DagBag from /home/airflow/.local/lib/python3.7/site-packages/airflow/example_dags/example_latest_only_with_trigger.py
[2023-09-14T16:57:54.575+0000] {processor.py:809} INFO - DAG(s) dict_keys(['latest_only_with_trigger']) retrieved from /home/airflow/.local/lib/python3.7/site-packages/airflow/example_dags/example_latest_only_with_trigger.py
[2023-09-14T16:57:54.678+0000] {logging_mixin.py:149} INFO - [2023-09-14T16:57:54.677+0000] {dag.py:2726} INFO - Sync 1 DAGs
[2023-09-14T16:57:54.735+0000] {logging_mixin.py:149} INFO - [2023-09-14T16:57:54.735+0000] {dag.py:3490} INFO - Setting next_dagrun for latest_only_with_trigger to 2023-09-14T12:57:54.734769+00:00, run_after=2023-09-14T16:57:54.734769+00:00
[2023-09-14T16:57:54.844+0000] {processor.py:178} INFO - Processing /home/airflow/.local/lib/python3.7/site-packages/airflow/example_dags/example_latest_only_with_trigger.py took 0.319 seconds
[2023-09-14T16:58:28.534+0000] {processor.py:156} INFO - Started process (PID=2336) to work on /home/airflow/.local/lib/python3.7/site-packages/airflow/example_dags/example_latest_only_with_trigger.py
[2023-09-14T16:58:28.539+0000] {processor.py:799} INFO - Processing file /home/airflow/.local/lib/python3.7/site-packages/airflow/example_dags/example_latest_only_with_trigger.py for tasks to queue
[2023-09-14T16:58:28.545+0000] {logging_mixin.py:149} INFO - [2023-09-14T16:58:28.544+0000] {dagbag.py:541} INFO - Filling up the DagBag from /home/airflow/.local/lib/python3.7/site-packages/airflow/example_dags/example_latest_only_with_trigger.py
[2023-09-14T16:58:28.599+0000] {processor.py:809} INFO - DAG(s) dict_keys(['latest_only_with_trigger']) retrieved from /home/airflow/.local/lib/python3.7/site-packages/airflow/example_dags/example_latest_only_with_trigger.py
[2023-09-14T16:58:28.834+0000] {logging_mixin.py:149} INFO - [2023-09-14T16:58:28.834+0000] {dag.py:2726} INFO - Sync 1 DAGs
[2023-09-14T16:58:29.010+0000] {logging_mixin.py:149} INFO - [2023-09-14T16:58:29.010+0000] {dag.py:3490} INFO - Setting next_dagrun for latest_only_with_trigger to 2023-09-14T12:58:29.009539+00:00, run_after=2023-09-14T16:58:29.009539+00:00
[2023-09-14T16:58:29.122+0000] {processor.py:178} INFO - Processing /home/airflow/.local/lib/python3.7/site-packages/airflow/example_dags/example_latest_only_with_trigger.py took 0.606 seconds
[2023-09-14T16:59:03.827+0000] {processor.py:156} INFO - Started process (PID=2404) to work on /home/airflow/.local/lib/python3.7/site-packages/airflow/example_dags/example_latest_only_with_trigger.py
[2023-09-14T16:59:03.831+0000] {processor.py:799} INFO - Processing file /home/airflow/.local/lib/python3.7/site-packages/airflow/example_dags/example_latest_only_with_trigger.py for tasks to queue
[2023-09-14T16:59:03.834+0000] {logging_mixin.py:149} INFO - [2023-09-14T16:59:03.833+0000] {dagbag.py:541} INFO - Filling up the DagBag from /home/airflow/.local/lib/python3.7/site-packages/airflow/example_dags/example_latest_only_with_trigger.py
[2023-09-14T16:59:03.857+0000] {processor.py:809} INFO - DAG(s) dict_keys(['latest_only_with_trigger']) retrieved from /home/airflow/.local/lib/python3.7/site-packages/airflow/example_dags/example_latest_only_with_trigger.py
[2023-09-14T16:59:03.934+0000] {logging_mixin.py:149} INFO - [2023-09-14T16:59:03.933+0000] {dag.py:2726} INFO - Sync 1 DAGs
[2023-09-14T16:59:04.024+0000] {logging_mixin.py:149} INFO - [2023-09-14T16:59:04.024+0000] {dag.py:3490} INFO - Setting next_dagrun for latest_only_with_trigger to 2023-09-14T12:59:04.023434+00:00, run_after=2023-09-14T16:59:04.023434+00:00
[2023-09-14T16:59:04.111+0000] {processor.py:178} INFO - Processing /home/airflow/.local/lib/python3.7/site-packages/airflow/example_dags/example_latest_only_with_trigger.py took 0.294 seconds
[2023-09-14T16:59:37.038+0000] {processor.py:156} INFO - Started process (PID=2471) to work on /home/airflow/.local/lib/python3.7/site-packages/airflow/example_dags/example_latest_only_with_trigger.py
[2023-09-14T16:59:37.041+0000] {processor.py:799} INFO - Processing file /home/airflow/.local/lib/python3.7/site-packages/airflow/example_dags/example_latest_only_with_trigger.py for tasks to queue
[2023-09-14T16:59:37.045+0000] {logging_mixin.py:149} INFO - [2023-09-14T16:59:37.044+0000] {dagbag.py:541} INFO - Filling up the DagBag from /home/airflow/.local/lib/python3.7/site-packages/airflow/example_dags/example_latest_only_with_trigger.py
[2023-09-14T16:59:37.104+0000] {processor.py:809} INFO - DAG(s) dict_keys(['latest_only_with_trigger']) retrieved from /home/airflow/.local/lib/python3.7/site-packages/airflow/example_dags/example_latest_only_with_trigger.py
[2023-09-14T16:59:37.217+0000] {logging_mixin.py:149} INFO - [2023-09-14T16:59:37.217+0000] {dag.py:2726} INFO - Sync 1 DAGs
[2023-09-14T16:59:37.306+0000] {logging_mixin.py:149} INFO - [2023-09-14T16:59:37.304+0000] {dag.py:3490} INFO - Setting next_dagrun for latest_only_with_trigger to 2023-09-14T12:59:37.301868+00:00, run_after=2023-09-14T16:59:37.301868+00:00
[2023-09-14T16:59:37.446+0000] {processor.py:178} INFO - Processing /home/airflow/.local/lib/python3.7/site-packages/airflow/example_dags/example_latest_only_with_trigger.py took 0.420 seconds
[2023-09-14T17:00:13.536+0000] {processor.py:156} INFO - Started process (PID=2528) to work on /home/airflow/.local/lib/python3.7/site-packages/airflow/example_dags/example_latest_only_with_trigger.py
[2023-09-14T17:00:13.541+0000] {processor.py:799} INFO - Processing file /home/airflow/.local/lib/python3.7/site-packages/airflow/example_dags/example_latest_only_with_trigger.py for tasks to queue
[2023-09-14T17:00:13.548+0000] {logging_mixin.py:149} INFO - [2023-09-14T17:00:13.547+0000] {dagbag.py:541} INFO - Filling up the DagBag from /home/airflow/.local/lib/python3.7/site-packages/airflow/example_dags/example_latest_only_with_trigger.py
[2023-09-14T17:00:13.592+0000] {processor.py:809} INFO - DAG(s) dict_keys(['latest_only_with_trigger']) retrieved from /home/airflow/.local/lib/python3.7/site-packages/airflow/example_dags/example_latest_only_with_trigger.py
[2023-09-14T17:00:13.728+0000] {logging_mixin.py:149} INFO - [2023-09-14T17:00:13.723+0000] {dag.py:2726} INFO - Sync 1 DAGs
[2023-09-14T17:00:13.928+0000] {logging_mixin.py:149} INFO - [2023-09-14T17:00:13.927+0000] {dag.py:3490} INFO - Setting next_dagrun for latest_only_with_trigger to 2023-09-14T13:00:13.926654+00:00, run_after=2023-09-14T17:00:13.926654+00:00
[2023-09-14T17:00:14.089+0000] {processor.py:178} INFO - Processing /home/airflow/.local/lib/python3.7/site-packages/airflow/example_dags/example_latest_only_with_trigger.py took 0.575 seconds
[2023-09-14T17:00:44.769+0000] {processor.py:156} INFO - Started process (PID=2592) to work on /home/airflow/.local/lib/python3.7/site-packages/airflow/example_dags/example_latest_only_with_trigger.py
[2023-09-14T17:00:44.773+0000] {processor.py:799} INFO - Processing file /home/airflow/.local/lib/python3.7/site-packages/airflow/example_dags/example_latest_only_with_trigger.py for tasks to queue
[2023-09-14T17:00:44.786+0000] {logging_mixin.py:149} INFO - [2023-09-14T17:00:44.785+0000] {dagbag.py:541} INFO - Filling up the DagBag from /home/airflow/.local/lib/python3.7/site-packages/airflow/example_dags/example_latest_only_with_trigger.py
[2023-09-14T17:00:44.810+0000] {processor.py:809} INFO - DAG(s) dict_keys(['latest_only_with_trigger']) retrieved from /home/airflow/.local/lib/python3.7/site-packages/airflow/example_dags/example_latest_only_with_trigger.py
[2023-09-14T17:00:44.934+0000] {logging_mixin.py:149} INFO - [2023-09-14T17:00:44.934+0000] {dag.py:2726} INFO - Sync 1 DAGs
[2023-09-14T17:00:45.070+0000] {logging_mixin.py:149} INFO - [2023-09-14T17:00:45.069+0000] {dag.py:3490} INFO - Setting next_dagrun for latest_only_with_trigger to 2023-09-14T13:00:45.069124+00:00, run_after=2023-09-14T17:00:45.069124+00:00
[2023-09-14T17:00:45.169+0000] {processor.py:178} INFO - Processing /home/airflow/.local/lib/python3.7/site-packages/airflow/example_dags/example_latest_only_with_trigger.py took 0.414 seconds
[2023-09-14T17:01:15.423+0000] {processor.py:156} INFO - Started process (PID=2656) to work on /home/airflow/.local/lib/python3.7/site-packages/airflow/example_dags/example_latest_only_with_trigger.py
[2023-09-14T17:01:15.425+0000] {processor.py:799} INFO - Processing file /home/airflow/.local/lib/python3.7/site-packages/airflow/example_dags/example_latest_only_with_trigger.py for tasks to queue
[2023-09-14T17:01:15.427+0000] {logging_mixin.py:149} INFO - [2023-09-14T17:01:15.426+0000] {dagbag.py:541} INFO - Filling up the DagBag from /home/airflow/.local/lib/python3.7/site-packages/airflow/example_dags/example_latest_only_with_trigger.py
[2023-09-14T17:01:15.441+0000] {processor.py:809} INFO - DAG(s) dict_keys(['latest_only_with_trigger']) retrieved from /home/airflow/.local/lib/python3.7/site-packages/airflow/example_dags/example_latest_only_with_trigger.py
[2023-09-14T17:01:15.484+0000] {logging_mixin.py:149} INFO - [2023-09-14T17:01:15.484+0000] {dag.py:2726} INFO - Sync 1 DAGs
[2023-09-14T17:01:15.531+0000] {logging_mixin.py:149} INFO - [2023-09-14T17:01:15.531+0000] {dag.py:3490} INFO - Setting next_dagrun for latest_only_with_trigger to 2023-09-14T13:01:15.531141+00:00, run_after=2023-09-14T17:01:15.531141+00:00
[2023-09-14T17:01:15.590+0000] {processor.py:178} INFO - Processing /home/airflow/.local/lib/python3.7/site-packages/airflow/example_dags/example_latest_only_with_trigger.py took 0.174 seconds
[2023-09-14T17:01:46.716+0000] {processor.py:156} INFO - Started process (PID=2721) to work on /home/airflow/.local/lib/python3.7/site-packages/airflow/example_dags/example_latest_only_with_trigger.py
[2023-09-14T17:01:46.718+0000] {processor.py:799} INFO - Processing file /home/airflow/.local/lib/python3.7/site-packages/airflow/example_dags/example_latest_only_with_trigger.py for tasks to queue
[2023-09-14T17:01:46.722+0000] {logging_mixin.py:149} INFO - [2023-09-14T17:01:46.721+0000] {dagbag.py:541} INFO - Filling up the DagBag from /home/airflow/.local/lib/python3.7/site-packages/airflow/example_dags/example_latest_only_with_trigger.py
[2023-09-14T17:01:46.735+0000] {processor.py:809} INFO - DAG(s) dict_keys(['latest_only_with_trigger']) retrieved from /home/airflow/.local/lib/python3.7/site-packages/airflow/example_dags/example_latest_only_with_trigger.py
[2023-09-14T17:01:46.813+0000] {logging_mixin.py:149} INFO - [2023-09-14T17:01:46.812+0000] {dag.py:2726} INFO - Sync 1 DAGs
[2023-09-14T17:01:46.900+0000] {logging_mixin.py:149} INFO - [2023-09-14T17:01:46.900+0000] {dag.py:3490} INFO - Setting next_dagrun for latest_only_with_trigger to 2023-09-14T13:01:46.900136+00:00, run_after=2023-09-14T17:01:46.900136+00:00
[2023-09-14T17:01:46.949+0000] {processor.py:178} INFO - Processing /home/airflow/.local/lib/python3.7/site-packages/airflow/example_dags/example_latest_only_with_trigger.py took 0.245 seconds
[2023-09-14T17:02:17.597+0000] {processor.py:156} INFO - Started process (PID=2786) to work on /home/airflow/.local/lib/python3.7/site-packages/airflow/example_dags/example_latest_only_with_trigger.py
[2023-09-14T17:02:17.601+0000] {processor.py:799} INFO - Processing file /home/airflow/.local/lib/python3.7/site-packages/airflow/example_dags/example_latest_only_with_trigger.py for tasks to queue
[2023-09-14T17:02:17.604+0000] {logging_mixin.py:149} INFO - [2023-09-14T17:02:17.603+0000] {dagbag.py:541} INFO - Filling up the DagBag from /home/airflow/.local/lib/python3.7/site-packages/airflow/example_dags/example_latest_only_with_trigger.py
[2023-09-14T17:02:17.617+0000] {processor.py:809} INFO - DAG(s) dict_keys(['latest_only_with_trigger']) retrieved from /home/airflow/.local/lib/python3.7/site-packages/airflow/example_dags/example_latest_only_with_trigger.py
[2023-09-14T17:02:17.664+0000] {logging_mixin.py:149} INFO - [2023-09-14T17:02:17.663+0000] {dag.py:2726} INFO - Sync 1 DAGs
[2023-09-14T17:02:17.736+0000] {logging_mixin.py:149} INFO - [2023-09-14T17:02:17.735+0000] {dag.py:3490} INFO - Setting next_dagrun for latest_only_with_trigger to 2023-09-14T13:02:17.735326+00:00, run_after=2023-09-14T17:02:17.735326+00:00
[2023-09-14T17:02:17.772+0000] {processor.py:178} INFO - Processing /home/airflow/.local/lib/python3.7/site-packages/airflow/example_dags/example_latest_only_with_trigger.py took 0.183 seconds
