[2023-09-14T16:10:06.707+0000] {processor.py:156} INFO - Started process (PID=52) to work on /home/airflow/.local/lib/python3.7/site-packages/airflow/example_dags/example_branch_python_dop_operator_3.py
[2023-09-14T16:10:06.719+0000] {processor.py:799} INFO - Processing file /home/airflow/.local/lib/python3.7/site-packages/airflow/example_dags/example_branch_python_dop_operator_3.py for tasks to queue
[2023-09-14T16:10:06.725+0000] {logging_mixin.py:149} INFO - [2023-09-14T16:10:06.724+0000] {dagbag.py:541} INFO - Filling up the DagBag from /home/airflow/.local/lib/python3.7/site-packages/airflow/example_dags/example_branch_python_dop_operator_3.py
[2023-09-14T16:10:06.797+0000] {processor.py:809} INFO - DAG(s) dict_keys(['example_branch_dop_operator_v3']) retrieved from /home/airflow/.local/lib/python3.7/site-packages/airflow/example_dags/example_branch_python_dop_operator_3.py
[2023-09-14T16:10:07.184+0000] {logging_mixin.py:149} INFO - [2023-09-14T16:10:07.184+0000] {dag.py:2726} INFO - Sync 1 DAGs
[2023-09-14T16:10:07.950+0000] {logging_mixin.py:149} INFO - [2023-09-14T16:10:07.950+0000] {dag.py:3490} INFO - Setting next_dagrun for example_branch_dop_operator_v3 to 2023-09-14T16:09:00+00:00, run_after=2023-09-14T16:10:00+00:00
[2023-09-14T16:10:08.240+0000] {processor.py:178} INFO - Processing /home/airflow/.local/lib/python3.7/site-packages/airflow/example_dags/example_branch_python_dop_operator_3.py took 1.551 seconds
[2023-09-14T16:11:45.906+0000] {processor.py:156} INFO - Started process (PID=128) to work on /home/airflow/.local/lib/python3.7/site-packages/airflow/example_dags/example_branch_python_dop_operator_3.py
[2023-09-14T16:11:45.909+0000] {processor.py:799} INFO - Processing file /home/airflow/.local/lib/python3.7/site-packages/airflow/example_dags/example_branch_python_dop_operator_3.py for tasks to queue
[2023-09-14T16:11:45.912+0000] {logging_mixin.py:149} INFO - [2023-09-14T16:11:45.912+0000] {dagbag.py:541} INFO - Filling up the DagBag from /home/airflow/.local/lib/python3.7/site-packages/airflow/example_dags/example_branch_python_dop_operator_3.py
[2023-09-14T16:11:45.966+0000] {processor.py:809} INFO - DAG(s) dict_keys(['example_branch_dop_operator_v3']) retrieved from /home/airflow/.local/lib/python3.7/site-packages/airflow/example_dags/example_branch_python_dop_operator_3.py
[2023-09-14T16:11:46.177+0000] {logging_mixin.py:149} INFO - [2023-09-14T16:11:46.177+0000] {dag.py:2726} INFO - Sync 1 DAGs
[2023-09-14T16:11:46.852+0000] {logging_mixin.py:149} INFO - [2023-09-14T16:11:46.851+0000] {dag.py:3490} INFO - Setting next_dagrun for example_branch_dop_operator_v3 to 2023-09-14T16:10:00+00:00, run_after=2023-09-14T16:11:00+00:00
[2023-09-14T16:11:47.042+0000] {processor.py:178} INFO - Processing /home/airflow/.local/lib/python3.7/site-packages/airflow/example_dags/example_branch_python_dop_operator_3.py took 1.145 seconds
[2023-09-14T16:12:21.527+0000] {processor.py:156} INFO - Started process (PID=187) to work on /home/airflow/.local/lib/python3.7/site-packages/airflow/example_dags/example_branch_python_dop_operator_3.py
[2023-09-14T16:12:21.574+0000] {processor.py:799} INFO - Processing file /home/airflow/.local/lib/python3.7/site-packages/airflow/example_dags/example_branch_python_dop_operator_3.py for tasks to queue
[2023-09-14T16:12:21.622+0000] {logging_mixin.py:149} INFO - [2023-09-14T16:12:21.621+0000] {dagbag.py:541} INFO - Filling up the DagBag from /home/airflow/.local/lib/python3.7/site-packages/airflow/example_dags/example_branch_python_dop_operator_3.py
[2023-09-14T16:12:21.758+0000] {processor.py:809} INFO - DAG(s) dict_keys(['example_branch_dop_operator_v3']) retrieved from /home/airflow/.local/lib/python3.7/site-packages/airflow/example_dags/example_branch_python_dop_operator_3.py
[2023-09-14T16:12:22.503+0000] {logging_mixin.py:149} INFO - [2023-09-14T16:12:22.502+0000] {dag.py:2726} INFO - Sync 1 DAGs
[2023-09-14T16:12:22.793+0000] {logging_mixin.py:149} INFO - [2023-09-14T16:12:22.792+0000] {dag.py:3490} INFO - Setting next_dagrun for example_branch_dop_operator_v3 to 2023-09-14T16:11:00+00:00, run_after=2023-09-14T16:12:00+00:00
[2023-09-14T16:12:22.927+0000] {processor.py:178} INFO - Processing /home/airflow/.local/lib/python3.7/site-packages/airflow/example_dags/example_branch_python_dop_operator_3.py took 1.419 seconds
[2023-09-14T16:12:59.194+0000] {processor.py:156} INFO - Started process (PID=248) to work on /home/airflow/.local/lib/python3.7/site-packages/airflow/example_dags/example_branch_python_dop_operator_3.py
[2023-09-14T16:12:59.223+0000] {processor.py:799} INFO - Processing file /home/airflow/.local/lib/python3.7/site-packages/airflow/example_dags/example_branch_python_dop_operator_3.py for tasks to queue
[2023-09-14T16:12:59.235+0000] {logging_mixin.py:149} INFO - [2023-09-14T16:12:59.234+0000] {dagbag.py:541} INFO - Filling up the DagBag from /home/airflow/.local/lib/python3.7/site-packages/airflow/example_dags/example_branch_python_dop_operator_3.py
[2023-09-14T16:12:59.306+0000] {processor.py:809} INFO - DAG(s) dict_keys(['example_branch_dop_operator_v3']) retrieved from /home/airflow/.local/lib/python3.7/site-packages/airflow/example_dags/example_branch_python_dop_operator_3.py
[2023-09-14T16:12:59.916+0000] {logging_mixin.py:149} INFO - [2023-09-14T16:12:59.915+0000] {dag.py:2726} INFO - Sync 1 DAGs
[2023-09-14T16:13:00.189+0000] {logging_mixin.py:149} INFO - [2023-09-14T16:13:00.189+0000] {dag.py:3490} INFO - Setting next_dagrun for example_branch_dop_operator_v3 to 2023-09-14T16:12:00+00:00, run_after=2023-09-14T16:13:00+00:00
[2023-09-14T16:13:00.318+0000] {processor.py:178} INFO - Processing /home/airflow/.local/lib/python3.7/site-packages/airflow/example_dags/example_branch_python_dop_operator_3.py took 1.136 seconds
[2023-09-14T16:13:30.985+0000] {processor.py:156} INFO - Started process (PID=309) to work on /home/airflow/.local/lib/python3.7/site-packages/airflow/example_dags/example_branch_python_dop_operator_3.py
[2023-09-14T16:13:30.989+0000] {processor.py:799} INFO - Processing file /home/airflow/.local/lib/python3.7/site-packages/airflow/example_dags/example_branch_python_dop_operator_3.py for tasks to queue
[2023-09-14T16:13:30.993+0000] {logging_mixin.py:149} INFO - [2023-09-14T16:13:30.992+0000] {dagbag.py:541} INFO - Filling up the DagBag from /home/airflow/.local/lib/python3.7/site-packages/airflow/example_dags/example_branch_python_dop_operator_3.py
[2023-09-14T16:13:31.035+0000] {processor.py:809} INFO - DAG(s) dict_keys(['example_branch_dop_operator_v3']) retrieved from /home/airflow/.local/lib/python3.7/site-packages/airflow/example_dags/example_branch_python_dop_operator_3.py
[2023-09-14T16:13:31.227+0000] {logging_mixin.py:149} INFO - [2023-09-14T16:13:31.226+0000] {dag.py:2726} INFO - Sync 1 DAGs
[2023-09-14T16:13:31.470+0000] {logging_mixin.py:149} INFO - [2023-09-14T16:13:31.470+0000] {dag.py:3490} INFO - Setting next_dagrun for example_branch_dop_operator_v3 to 2023-09-14T16:12:00+00:00, run_after=2023-09-14T16:13:00+00:00
[2023-09-14T16:13:32.167+0000] {processor.py:178} INFO - Processing /home/airflow/.local/lib/python3.7/site-packages/airflow/example_dags/example_branch_python_dop_operator_3.py took 1.199 seconds
[2023-09-14T16:14:03.157+0000] {processor.py:156} INFO - Started process (PID=369) to work on /home/airflow/.local/lib/python3.7/site-packages/airflow/example_dags/example_branch_python_dop_operator_3.py
[2023-09-14T16:14:03.160+0000] {processor.py:799} INFO - Processing file /home/airflow/.local/lib/python3.7/site-packages/airflow/example_dags/example_branch_python_dop_operator_3.py for tasks to queue
[2023-09-14T16:14:03.168+0000] {logging_mixin.py:149} INFO - [2023-09-14T16:14:03.166+0000] {dagbag.py:541} INFO - Filling up the DagBag from /home/airflow/.local/lib/python3.7/site-packages/airflow/example_dags/example_branch_python_dop_operator_3.py
[2023-09-14T16:14:03.213+0000] {processor.py:809} INFO - DAG(s) dict_keys(['example_branch_dop_operator_v3']) retrieved from /home/airflow/.local/lib/python3.7/site-packages/airflow/example_dags/example_branch_python_dop_operator_3.py
[2023-09-14T16:14:03.385+0000] {logging_mixin.py:149} INFO - [2023-09-14T16:14:03.385+0000] {dag.py:2726} INFO - Sync 1 DAGs
[2023-09-14T16:14:03.615+0000] {logging_mixin.py:149} INFO - [2023-09-14T16:14:03.614+0000] {dag.py:3490} INFO - Setting next_dagrun for example_branch_dop_operator_v3 to 2023-09-14T16:13:00+00:00, run_after=2023-09-14T16:14:00+00:00
[2023-09-14T16:14:03.759+0000] {processor.py:178} INFO - Processing /home/airflow/.local/lib/python3.7/site-packages/airflow/example_dags/example_branch_python_dop_operator_3.py took 0.620 seconds
[2023-09-14T16:14:34.212+0000] {processor.py:156} INFO - Started process (PID=431) to work on /home/airflow/.local/lib/python3.7/site-packages/airflow/example_dags/example_branch_python_dop_operator_3.py
[2023-09-14T16:14:34.216+0000] {processor.py:799} INFO - Processing file /home/airflow/.local/lib/python3.7/site-packages/airflow/example_dags/example_branch_python_dop_operator_3.py for tasks to queue
[2023-09-14T16:14:34.221+0000] {logging_mixin.py:149} INFO - [2023-09-14T16:14:34.221+0000] {dagbag.py:541} INFO - Filling up the DagBag from /home/airflow/.local/lib/python3.7/site-packages/airflow/example_dags/example_branch_python_dop_operator_3.py
[2023-09-14T16:14:34.244+0000] {processor.py:809} INFO - DAG(s) dict_keys(['example_branch_dop_operator_v3']) retrieved from /home/airflow/.local/lib/python3.7/site-packages/airflow/example_dags/example_branch_python_dop_operator_3.py
[2023-09-14T16:14:34.331+0000] {logging_mixin.py:149} INFO - [2023-09-14T16:14:34.330+0000] {dag.py:2726} INFO - Sync 1 DAGs
[2023-09-14T16:14:34.426+0000] {logging_mixin.py:149} INFO - [2023-09-14T16:14:34.426+0000] {dag.py:3490} INFO - Setting next_dagrun for example_branch_dop_operator_v3 to 2023-09-14T16:13:00+00:00, run_after=2023-09-14T16:14:00+00:00
[2023-09-14T16:14:34.489+0000] {processor.py:178} INFO - Processing /home/airflow/.local/lib/python3.7/site-packages/airflow/example_dags/example_branch_python_dop_operator_3.py took 0.287 seconds
[2023-09-14T16:15:05.193+0000] {processor.py:156} INFO - Started process (PID=492) to work on /home/airflow/.local/lib/python3.7/site-packages/airflow/example_dags/example_branch_python_dop_operator_3.py
[2023-09-14T16:15:05.196+0000] {processor.py:799} INFO - Processing file /home/airflow/.local/lib/python3.7/site-packages/airflow/example_dags/example_branch_python_dop_operator_3.py for tasks to queue
[2023-09-14T16:15:05.200+0000] {logging_mixin.py:149} INFO - [2023-09-14T16:15:05.200+0000] {dagbag.py:541} INFO - Filling up the DagBag from /home/airflow/.local/lib/python3.7/site-packages/airflow/example_dags/example_branch_python_dop_operator_3.py
[2023-09-14T16:15:05.229+0000] {processor.py:809} INFO - DAG(s) dict_keys(['example_branch_dop_operator_v3']) retrieved from /home/airflow/.local/lib/python3.7/site-packages/airflow/example_dags/example_branch_python_dop_operator_3.py
[2023-09-14T16:15:05.296+0000] {logging_mixin.py:149} INFO - [2023-09-14T16:15:05.295+0000] {dag.py:2726} INFO - Sync 1 DAGs
[2023-09-14T16:15:05.365+0000] {logging_mixin.py:149} INFO - [2023-09-14T16:15:05.365+0000] {dag.py:3490} INFO - Setting next_dagrun for example_branch_dop_operator_v3 to 2023-09-14T16:14:00+00:00, run_after=2023-09-14T16:15:00+00:00
[2023-09-14T16:15:05.416+0000] {processor.py:178} INFO - Processing /home/airflow/.local/lib/python3.7/site-packages/airflow/example_dags/example_branch_python_dop_operator_3.py took 0.231 seconds
[2023-09-14T16:15:35.555+0000] {processor.py:156} INFO - Started process (PID=553) to work on /home/airflow/.local/lib/python3.7/site-packages/airflow/example_dags/example_branch_python_dop_operator_3.py
[2023-09-14T16:15:35.557+0000] {processor.py:799} INFO - Processing file /home/airflow/.local/lib/python3.7/site-packages/airflow/example_dags/example_branch_python_dop_operator_3.py for tasks to queue
[2023-09-14T16:15:35.558+0000] {logging_mixin.py:149} INFO - [2023-09-14T16:15:35.558+0000] {dagbag.py:541} INFO - Filling up the DagBag from /home/airflow/.local/lib/python3.7/site-packages/airflow/example_dags/example_branch_python_dop_operator_3.py
[2023-09-14T16:15:35.573+0000] {processor.py:809} INFO - DAG(s) dict_keys(['example_branch_dop_operator_v3']) retrieved from /home/airflow/.local/lib/python3.7/site-packages/airflow/example_dags/example_branch_python_dop_operator_3.py
[2023-09-14T16:15:35.616+0000] {logging_mixin.py:149} INFO - [2023-09-14T16:15:35.616+0000] {dag.py:2726} INFO - Sync 1 DAGs
[2023-09-14T16:15:35.668+0000] {logging_mixin.py:149} INFO - [2023-09-14T16:15:35.667+0000] {dag.py:3490} INFO - Setting next_dagrun for example_branch_dop_operator_v3 to 2023-09-14T16:14:00+00:00, run_after=2023-09-14T16:15:00+00:00
[2023-09-14T16:15:35.708+0000] {processor.py:178} INFO - Processing /home/airflow/.local/lib/python3.7/site-packages/airflow/example_dags/example_branch_python_dop_operator_3.py took 0.158 seconds
[2023-09-14T16:16:06.093+0000] {processor.py:156} INFO - Started process (PID=614) to work on /home/airflow/.local/lib/python3.7/site-packages/airflow/example_dags/example_branch_python_dop_operator_3.py
[2023-09-14T16:16:06.095+0000] {processor.py:799} INFO - Processing file /home/airflow/.local/lib/python3.7/site-packages/airflow/example_dags/example_branch_python_dop_operator_3.py for tasks to queue
[2023-09-14T16:16:06.097+0000] {logging_mixin.py:149} INFO - [2023-09-14T16:16:06.097+0000] {dagbag.py:541} INFO - Filling up the DagBag from /home/airflow/.local/lib/python3.7/site-packages/airflow/example_dags/example_branch_python_dop_operator_3.py
[2023-09-14T16:16:06.118+0000] {processor.py:809} INFO - DAG(s) dict_keys(['example_branch_dop_operator_v3']) retrieved from /home/airflow/.local/lib/python3.7/site-packages/airflow/example_dags/example_branch_python_dop_operator_3.py
[2023-09-14T16:16:06.175+0000] {logging_mixin.py:149} INFO - [2023-09-14T16:16:06.174+0000] {dag.py:2726} INFO - Sync 1 DAGs
[2023-09-14T16:16:06.237+0000] {logging_mixin.py:149} INFO - [2023-09-14T16:16:06.237+0000] {dag.py:3490} INFO - Setting next_dagrun for example_branch_dop_operator_v3 to 2023-09-14T16:15:00+00:00, run_after=2023-09-14T16:16:00+00:00
[2023-09-14T16:16:06.279+0000] {processor.py:178} INFO - Processing /home/airflow/.local/lib/python3.7/site-packages/airflow/example_dags/example_branch_python_dop_operator_3.py took 0.195 seconds
[2023-09-14T16:16:36.487+0000] {processor.py:156} INFO - Started process (PID=675) to work on /home/airflow/.local/lib/python3.7/site-packages/airflow/example_dags/example_branch_python_dop_operator_3.py
[2023-09-14T16:16:36.489+0000] {processor.py:799} INFO - Processing file /home/airflow/.local/lib/python3.7/site-packages/airflow/example_dags/example_branch_python_dop_operator_3.py for tasks to queue
[2023-09-14T16:16:36.490+0000] {logging_mixin.py:149} INFO - [2023-09-14T16:16:36.490+0000] {dagbag.py:541} INFO - Filling up the DagBag from /home/airflow/.local/lib/python3.7/site-packages/airflow/example_dags/example_branch_python_dop_operator_3.py
[2023-09-14T16:16:36.505+0000] {processor.py:809} INFO - DAG(s) dict_keys(['example_branch_dop_operator_v3']) retrieved from /home/airflow/.local/lib/python3.7/site-packages/airflow/example_dags/example_branch_python_dop_operator_3.py
[2023-09-14T16:16:36.551+0000] {logging_mixin.py:149} INFO - [2023-09-14T16:16:36.551+0000] {dag.py:2726} INFO - Sync 1 DAGs
[2023-09-14T16:16:36.605+0000] {logging_mixin.py:149} INFO - [2023-09-14T16:16:36.605+0000] {dag.py:3490} INFO - Setting next_dagrun for example_branch_dop_operator_v3 to 2023-09-14T16:15:00+00:00, run_after=2023-09-14T16:16:00+00:00
[2023-09-14T16:16:36.649+0000] {processor.py:178} INFO - Processing /home/airflow/.local/lib/python3.7/site-packages/airflow/example_dags/example_branch_python_dop_operator_3.py took 0.169 seconds
[2023-09-14T16:35:32.123+0000] {processor.py:156} INFO - Started process (PID=45) to work on /home/airflow/.local/lib/python3.7/site-packages/airflow/example_dags/example_branch_python_dop_operator_3.py
[2023-09-14T16:35:32.146+0000] {processor.py:799} INFO - Processing file /home/airflow/.local/lib/python3.7/site-packages/airflow/example_dags/example_branch_python_dop_operator_3.py for tasks to queue
[2023-09-14T16:35:32.168+0000] {logging_mixin.py:149} INFO - [2023-09-14T16:35:32.166+0000] {dagbag.py:541} INFO - Filling up the DagBag from /home/airflow/.local/lib/python3.7/site-packages/airflow/example_dags/example_branch_python_dop_operator_3.py
[2023-09-14T16:35:32.449+0000] {processor.py:809} INFO - DAG(s) dict_keys(['example_branch_dop_operator_v3']) retrieved from /home/airflow/.local/lib/python3.7/site-packages/airflow/example_dags/example_branch_python_dop_operator_3.py
[2023-09-14T16:35:34.197+0000] {logging_mixin.py:149} INFO - [2023-09-14T16:35:34.197+0000] {dag.py:2726} INFO - Sync 1 DAGs
[2023-09-14T16:35:34.456+0000] {logging_mixin.py:149} INFO - [2023-09-14T16:35:34.455+0000] {dag.py:3490} INFO - Setting next_dagrun for example_branch_dop_operator_v3 to 2023-09-14T16:34:00+00:00, run_after=2023-09-14T16:35:00+00:00
[2023-09-14T16:35:34.581+0000] {processor.py:178} INFO - Processing /home/airflow/.local/lib/python3.7/site-packages/airflow/example_dags/example_branch_python_dop_operator_3.py took 2.467 seconds
[2023-09-14T16:36:32.385+0000] {processor.py:156} INFO - Started process (PID=113) to work on /home/airflow/.local/lib/python3.7/site-packages/airflow/example_dags/example_branch_python_dop_operator_3.py
[2023-09-14T16:36:32.388+0000] {processor.py:799} INFO - Processing file /home/airflow/.local/lib/python3.7/site-packages/airflow/example_dags/example_branch_python_dop_operator_3.py for tasks to queue
[2023-09-14T16:36:32.392+0000] {logging_mixin.py:149} INFO - [2023-09-14T16:36:32.392+0000] {dagbag.py:541} INFO - Filling up the DagBag from /home/airflow/.local/lib/python3.7/site-packages/airflow/example_dags/example_branch_python_dop_operator_3.py
[2023-09-14T16:36:32.414+0000] {processor.py:809} INFO - DAG(s) dict_keys(['example_branch_dop_operator_v3']) retrieved from /home/airflow/.local/lib/python3.7/site-packages/airflow/example_dags/example_branch_python_dop_operator_3.py
[2023-09-14T16:36:32.486+0000] {logging_mixin.py:149} INFO - [2023-09-14T16:36:32.486+0000] {dag.py:2726} INFO - Sync 1 DAGs
[2023-09-14T16:36:32.559+0000] {logging_mixin.py:149} INFO - [2023-09-14T16:36:32.559+0000] {dag.py:3490} INFO - Setting next_dagrun for example_branch_dop_operator_v3 to 2023-09-14T16:35:00+00:00, run_after=2023-09-14T16:36:00+00:00
[2023-09-14T16:36:32.612+0000] {processor.py:178} INFO - Processing /home/airflow/.local/lib/python3.7/site-packages/airflow/example_dags/example_branch_python_dop_operator_3.py took 0.234 seconds
[2023-09-14T16:38:34.165+0000] {processor.py:156} INFO - Started process (PID=38) to work on /home/airflow/.local/lib/python3.7/site-packages/airflow/example_dags/example_branch_python_dop_operator_3.py
[2023-09-14T16:38:34.176+0000] {processor.py:799} INFO - Processing file /home/airflow/.local/lib/python3.7/site-packages/airflow/example_dags/example_branch_python_dop_operator_3.py for tasks to queue
[2023-09-14T16:38:34.179+0000] {logging_mixin.py:149} INFO - [2023-09-14T16:38:34.179+0000] {dagbag.py:541} INFO - Filling up the DagBag from /home/airflow/.local/lib/python3.7/site-packages/airflow/example_dags/example_branch_python_dop_operator_3.py
[2023-09-14T16:38:34.238+0000] {processor.py:809} INFO - DAG(s) dict_keys(['example_branch_dop_operator_v3']) retrieved from /home/airflow/.local/lib/python3.7/site-packages/airflow/example_dags/example_branch_python_dop_operator_3.py
[2023-09-14T16:38:34.540+0000] {logging_mixin.py:149} INFO - [2023-09-14T16:38:34.539+0000] {dag.py:2726} INFO - Sync 1 DAGs
[2023-09-14T16:38:34.749+0000] {logging_mixin.py:149} INFO - [2023-09-14T16:38:34.745+0000] {dag.py:3490} INFO - Setting next_dagrun for example_branch_dop_operator_v3 to 2023-09-14T16:37:00+00:00, run_after=2023-09-14T16:38:00+00:00
[2023-09-14T16:38:34.879+0000] {processor.py:178} INFO - Processing /home/airflow/.local/lib/python3.7/site-packages/airflow/example_dags/example_branch_python_dop_operator_3.py took 0.723 seconds
[2023-09-14T16:39:33.042+0000] {processor.py:156} INFO - Started process (PID=105) to work on /home/airflow/.local/lib/python3.7/site-packages/airflow/example_dags/example_branch_python_dop_operator_3.py
[2023-09-14T16:39:33.046+0000] {processor.py:799} INFO - Processing file /home/airflow/.local/lib/python3.7/site-packages/airflow/example_dags/example_branch_python_dop_operator_3.py for tasks to queue
[2023-09-14T16:39:33.050+0000] {logging_mixin.py:149} INFO - [2023-09-14T16:39:33.049+0000] {dagbag.py:541} INFO - Filling up the DagBag from /home/airflow/.local/lib/python3.7/site-packages/airflow/example_dags/example_branch_python_dop_operator_3.py
[2023-09-14T16:39:33.096+0000] {processor.py:809} INFO - DAG(s) dict_keys(['example_branch_dop_operator_v3']) retrieved from /home/airflow/.local/lib/python3.7/site-packages/airflow/example_dags/example_branch_python_dop_operator_3.py
[2023-09-14T16:39:33.192+0000] {logging_mixin.py:149} INFO - [2023-09-14T16:39:33.192+0000] {dag.py:2726} INFO - Sync 1 DAGs
[2023-09-14T16:39:33.390+0000] {logging_mixin.py:149} INFO - [2023-09-14T16:39:33.390+0000] {dag.py:3490} INFO - Setting next_dagrun for example_branch_dop_operator_v3 to 2023-09-14T16:38:00+00:00, run_after=2023-09-14T16:39:00+00:00
[2023-09-14T16:39:33.452+0000] {processor.py:178} INFO - Processing /home/airflow/.local/lib/python3.7/site-packages/airflow/example_dags/example_branch_python_dop_operator_3.py took 0.437 seconds
[2023-09-14T16:40:08.709+0000] {processor.py:156} INFO - Started process (PID=166) to work on /home/airflow/.local/lib/python3.7/site-packages/airflow/example_dags/example_branch_python_dop_operator_3.py
[2023-09-14T16:40:08.712+0000] {processor.py:799} INFO - Processing file /home/airflow/.local/lib/python3.7/site-packages/airflow/example_dags/example_branch_python_dop_operator_3.py for tasks to queue
[2023-09-14T16:40:08.719+0000] {logging_mixin.py:149} INFO - [2023-09-14T16:40:08.718+0000] {dagbag.py:541} INFO - Filling up the DagBag from /home/airflow/.local/lib/python3.7/site-packages/airflow/example_dags/example_branch_python_dop_operator_3.py
[2023-09-14T16:40:08.776+0000] {processor.py:809} INFO - DAG(s) dict_keys(['example_branch_dop_operator_v3']) retrieved from /home/airflow/.local/lib/python3.7/site-packages/airflow/example_dags/example_branch_python_dop_operator_3.py
[2023-09-14T16:40:09.438+0000] {logging_mixin.py:149} INFO - [2023-09-14T16:40:09.438+0000] {dag.py:2726} INFO - Sync 1 DAGs
[2023-09-14T16:40:09.545+0000] {logging_mixin.py:149} INFO - [2023-09-14T16:40:09.544+0000] {dag.py:3490} INFO - Setting next_dagrun for example_branch_dop_operator_v3 to 2023-09-14T16:39:00+00:00, run_after=2023-09-14T16:40:00+00:00
[2023-09-14T16:40:09.618+0000] {processor.py:178} INFO - Processing /home/airflow/.local/lib/python3.7/site-packages/airflow/example_dags/example_branch_python_dop_operator_3.py took 0.918 seconds
[2023-09-14T16:40:40.497+0000] {processor.py:156} INFO - Started process (PID=227) to work on /home/airflow/.local/lib/python3.7/site-packages/airflow/example_dags/example_branch_python_dop_operator_3.py
[2023-09-14T16:40:40.499+0000] {processor.py:799} INFO - Processing file /home/airflow/.local/lib/python3.7/site-packages/airflow/example_dags/example_branch_python_dop_operator_3.py for tasks to queue
[2023-09-14T16:40:40.501+0000] {logging_mixin.py:149} INFO - [2023-09-14T16:40:40.501+0000] {dagbag.py:541} INFO - Filling up the DagBag from /home/airflow/.local/lib/python3.7/site-packages/airflow/example_dags/example_branch_python_dop_operator_3.py
[2023-09-14T16:40:40.516+0000] {processor.py:809} INFO - DAG(s) dict_keys(['example_branch_dop_operator_v3']) retrieved from /home/airflow/.local/lib/python3.7/site-packages/airflow/example_dags/example_branch_python_dop_operator_3.py
[2023-09-14T16:40:40.577+0000] {logging_mixin.py:149} INFO - [2023-09-14T16:40:40.577+0000] {dag.py:2726} INFO - Sync 1 DAGs
[2023-09-14T16:40:40.642+0000] {logging_mixin.py:149} INFO - [2023-09-14T16:40:40.642+0000] {dag.py:3490} INFO - Setting next_dagrun for example_branch_dop_operator_v3 to 2023-09-14T16:39:00+00:00, run_after=2023-09-14T16:40:00+00:00
[2023-09-14T16:40:40.690+0000] {processor.py:178} INFO - Processing /home/airflow/.local/lib/python3.7/site-packages/airflow/example_dags/example_branch_python_dop_operator_3.py took 0.198 seconds
[2023-09-14T16:41:11.241+0000] {processor.py:156} INFO - Started process (PID=288) to work on /home/airflow/.local/lib/python3.7/site-packages/airflow/example_dags/example_branch_python_dop_operator_3.py
[2023-09-14T16:41:11.243+0000] {processor.py:799} INFO - Processing file /home/airflow/.local/lib/python3.7/site-packages/airflow/example_dags/example_branch_python_dop_operator_3.py for tasks to queue
[2023-09-14T16:41:11.246+0000] {logging_mixin.py:149} INFO - [2023-09-14T16:41:11.246+0000] {dagbag.py:541} INFO - Filling up the DagBag from /home/airflow/.local/lib/python3.7/site-packages/airflow/example_dags/example_branch_python_dop_operator_3.py
[2023-09-14T16:41:11.270+0000] {processor.py:809} INFO - DAG(s) dict_keys(['example_branch_dop_operator_v3']) retrieved from /home/airflow/.local/lib/python3.7/site-packages/airflow/example_dags/example_branch_python_dop_operator_3.py
[2023-09-14T16:41:11.354+0000] {logging_mixin.py:149} INFO - [2023-09-14T16:41:11.354+0000] {dag.py:2726} INFO - Sync 1 DAGs
[2023-09-14T16:41:11.436+0000] {logging_mixin.py:149} INFO - [2023-09-14T16:41:11.436+0000] {dag.py:3490} INFO - Setting next_dagrun for example_branch_dop_operator_v3 to 2023-09-14T16:40:00+00:00, run_after=2023-09-14T16:41:00+00:00
[2023-09-14T16:41:11.480+0000] {processor.py:178} INFO - Processing /home/airflow/.local/lib/python3.7/site-packages/airflow/example_dags/example_branch_python_dop_operator_3.py took 0.245 seconds
[2023-09-14T16:41:41.641+0000] {processor.py:156} INFO - Started process (PID=349) to work on /home/airflow/.local/lib/python3.7/site-packages/airflow/example_dags/example_branch_python_dop_operator_3.py
[2023-09-14T16:41:41.643+0000] {processor.py:799} INFO - Processing file /home/airflow/.local/lib/python3.7/site-packages/airflow/example_dags/example_branch_python_dop_operator_3.py for tasks to queue
[2023-09-14T16:41:41.648+0000] {logging_mixin.py:149} INFO - [2023-09-14T16:41:41.648+0000] {dagbag.py:541} INFO - Filling up the DagBag from /home/airflow/.local/lib/python3.7/site-packages/airflow/example_dags/example_branch_python_dop_operator_3.py
[2023-09-14T16:41:41.669+0000] {processor.py:809} INFO - DAG(s) dict_keys(['example_branch_dop_operator_v3']) retrieved from /home/airflow/.local/lib/python3.7/site-packages/airflow/example_dags/example_branch_python_dop_operator_3.py
[2023-09-14T16:41:41.757+0000] {logging_mixin.py:149} INFO - [2023-09-14T16:41:41.757+0000] {dag.py:2726} INFO - Sync 1 DAGs
[2023-09-14T16:41:41.865+0000] {logging_mixin.py:149} INFO - [2023-09-14T16:41:41.864+0000] {dag.py:3490} INFO - Setting next_dagrun for example_branch_dop_operator_v3 to 2023-09-14T16:40:00+00:00, run_after=2023-09-14T16:41:00+00:00
[2023-09-14T16:41:41.918+0000] {processor.py:178} INFO - Processing /home/airflow/.local/lib/python3.7/site-packages/airflow/example_dags/example_branch_python_dop_operator_3.py took 0.283 seconds
[2023-09-14T16:42:12.232+0000] {processor.py:156} INFO - Started process (PID=401) to work on /home/airflow/.local/lib/python3.7/site-packages/airflow/example_dags/example_branch_python_dop_operator_3.py
[2023-09-14T16:42:12.236+0000] {processor.py:799} INFO - Processing file /home/airflow/.local/lib/python3.7/site-packages/airflow/example_dags/example_branch_python_dop_operator_3.py for tasks to queue
[2023-09-14T16:42:12.240+0000] {logging_mixin.py:149} INFO - [2023-09-14T16:42:12.239+0000] {dagbag.py:541} INFO - Filling up the DagBag from /home/airflow/.local/lib/python3.7/site-packages/airflow/example_dags/example_branch_python_dop_operator_3.py
[2023-09-14T16:42:12.264+0000] {processor.py:809} INFO - DAG(s) dict_keys(['example_branch_dop_operator_v3']) retrieved from /home/airflow/.local/lib/python3.7/site-packages/airflow/example_dags/example_branch_python_dop_operator_3.py
[2023-09-14T16:42:12.341+0000] {logging_mixin.py:149} INFO - [2023-09-14T16:42:12.341+0000] {dag.py:2726} INFO - Sync 1 DAGs
[2023-09-14T16:42:12.413+0000] {logging_mixin.py:149} INFO - [2023-09-14T16:42:12.413+0000] {dag.py:3490} INFO - Setting next_dagrun for example_branch_dop_operator_v3 to 2023-09-14T16:41:00+00:00, run_after=2023-09-14T16:42:00+00:00
[2023-09-14T16:42:12.477+0000] {processor.py:178} INFO - Processing /home/airflow/.local/lib/python3.7/site-packages/airflow/example_dags/example_branch_python_dop_operator_3.py took 0.255 seconds
[2023-09-14T16:42:43.405+0000] {processor.py:156} INFO - Started process (PID=462) to work on /home/airflow/.local/lib/python3.7/site-packages/airflow/example_dags/example_branch_python_dop_operator_3.py
[2023-09-14T16:42:43.412+0000] {processor.py:799} INFO - Processing file /home/airflow/.local/lib/python3.7/site-packages/airflow/example_dags/example_branch_python_dop_operator_3.py for tasks to queue
[2023-09-14T16:42:43.434+0000] {logging_mixin.py:149} INFO - [2023-09-14T16:42:43.434+0000] {dagbag.py:541} INFO - Filling up the DagBag from /home/airflow/.local/lib/python3.7/site-packages/airflow/example_dags/example_branch_python_dop_operator_3.py
[2023-09-14T16:42:43.498+0000] {processor.py:809} INFO - DAG(s) dict_keys(['example_branch_dop_operator_v3']) retrieved from /home/airflow/.local/lib/python3.7/site-packages/airflow/example_dags/example_branch_python_dop_operator_3.py
[2023-09-14T16:42:43.648+0000] {logging_mixin.py:149} INFO - [2023-09-14T16:42:43.648+0000] {dag.py:2726} INFO - Sync 1 DAGs
[2023-09-14T16:42:43.871+0000] {logging_mixin.py:149} INFO - [2023-09-14T16:42:43.870+0000] {dag.py:3490} INFO - Setting next_dagrun for example_branch_dop_operator_v3 to 2023-09-14T16:41:00+00:00, run_after=2023-09-14T16:42:00+00:00
[2023-09-14T16:42:44.101+0000] {processor.py:178} INFO - Processing /home/airflow/.local/lib/python3.7/site-packages/airflow/example_dags/example_branch_python_dop_operator_3.py took 0.712 seconds
[2023-09-14T16:43:14.600+0000] {processor.py:156} INFO - Started process (PID=523) to work on /home/airflow/.local/lib/python3.7/site-packages/airflow/example_dags/example_branch_python_dop_operator_3.py
[2023-09-14T16:43:14.602+0000] {processor.py:799} INFO - Processing file /home/airflow/.local/lib/python3.7/site-packages/airflow/example_dags/example_branch_python_dop_operator_3.py for tasks to queue
[2023-09-14T16:43:14.604+0000] {logging_mixin.py:149} INFO - [2023-09-14T16:43:14.603+0000] {dagbag.py:541} INFO - Filling up the DagBag from /home/airflow/.local/lib/python3.7/site-packages/airflow/example_dags/example_branch_python_dop_operator_3.py
[2023-09-14T16:43:14.616+0000] {processor.py:809} INFO - DAG(s) dict_keys(['example_branch_dop_operator_v3']) retrieved from /home/airflow/.local/lib/python3.7/site-packages/airflow/example_dags/example_branch_python_dop_operator_3.py
[2023-09-14T16:43:14.669+0000] {logging_mixin.py:149} INFO - [2023-09-14T16:43:14.669+0000] {dag.py:2726} INFO - Sync 1 DAGs
[2023-09-14T16:43:14.731+0000] {logging_mixin.py:149} INFO - [2023-09-14T16:43:14.731+0000] {dag.py:3490} INFO - Setting next_dagrun for example_branch_dop_operator_v3 to 2023-09-14T16:42:00+00:00, run_after=2023-09-14T16:43:00+00:00
[2023-09-14T16:43:14.767+0000] {processor.py:178} INFO - Processing /home/airflow/.local/lib/python3.7/site-packages/airflow/example_dags/example_branch_python_dop_operator_3.py took 0.172 seconds
[2023-09-14T16:43:45.127+0000] {processor.py:156} INFO - Started process (PID=591) to work on /home/airflow/.local/lib/python3.7/site-packages/airflow/example_dags/example_branch_python_dop_operator_3.py
[2023-09-14T16:43:45.130+0000] {processor.py:799} INFO - Processing file /home/airflow/.local/lib/python3.7/site-packages/airflow/example_dags/example_branch_python_dop_operator_3.py for tasks to queue
[2023-09-14T16:43:45.134+0000] {logging_mixin.py:149} INFO - [2023-09-14T16:43:45.134+0000] {dagbag.py:541} INFO - Filling up the DagBag from /home/airflow/.local/lib/python3.7/site-packages/airflow/example_dags/example_branch_python_dop_operator_3.py
[2023-09-14T16:43:45.191+0000] {processor.py:809} INFO - DAG(s) dict_keys(['example_branch_dop_operator_v3']) retrieved from /home/airflow/.local/lib/python3.7/site-packages/airflow/example_dags/example_branch_python_dop_operator_3.py
[2023-09-14T16:43:45.243+0000] {logging_mixin.py:149} INFO - [2023-09-14T16:43:45.242+0000] {dag.py:2726} INFO - Sync 1 DAGs
[2023-09-14T16:43:45.402+0000] {logging_mixin.py:149} INFO - [2023-09-14T16:43:45.402+0000] {dag.py:3490} INFO - Setting next_dagrun for example_branch_dop_operator_v3 to 2023-09-14T16:42:00+00:00, run_after=2023-09-14T16:43:00+00:00
[2023-09-14T16:43:45.447+0000] {processor.py:178} INFO - Processing /home/airflow/.local/lib/python3.7/site-packages/airflow/example_dags/example_branch_python_dop_operator_3.py took 0.328 seconds
[2023-09-14T16:44:16.248+0000] {processor.py:156} INFO - Started process (PID=653) to work on /home/airflow/.local/lib/python3.7/site-packages/airflow/example_dags/example_branch_python_dop_operator_3.py
[2023-09-14T16:44:16.251+0000] {processor.py:799} INFO - Processing file /home/airflow/.local/lib/python3.7/site-packages/airflow/example_dags/example_branch_python_dop_operator_3.py for tasks to queue
[2023-09-14T16:44:16.254+0000] {logging_mixin.py:149} INFO - [2023-09-14T16:44:16.253+0000] {dagbag.py:541} INFO - Filling up the DagBag from /home/airflow/.local/lib/python3.7/site-packages/airflow/example_dags/example_branch_python_dop_operator_3.py
[2023-09-14T16:44:16.273+0000] {processor.py:809} INFO - DAG(s) dict_keys(['example_branch_dop_operator_v3']) retrieved from /home/airflow/.local/lib/python3.7/site-packages/airflow/example_dags/example_branch_python_dop_operator_3.py
[2023-09-14T16:44:16.334+0000] {logging_mixin.py:149} INFO - [2023-09-14T16:44:16.333+0000] {dag.py:2726} INFO - Sync 1 DAGs
[2023-09-14T16:44:16.405+0000] {logging_mixin.py:149} INFO - [2023-09-14T16:44:16.405+0000] {dag.py:3490} INFO - Setting next_dagrun for example_branch_dop_operator_v3 to 2023-09-14T16:43:00+00:00, run_after=2023-09-14T16:44:00+00:00
[2023-09-14T16:44:16.453+0000] {processor.py:178} INFO - Processing /home/airflow/.local/lib/python3.7/site-packages/airflow/example_dags/example_branch_python_dop_operator_3.py took 0.213 seconds
[2023-09-14T16:44:47.302+0000] {processor.py:156} INFO - Started process (PID=714) to work on /home/airflow/.local/lib/python3.7/site-packages/airflow/example_dags/example_branch_python_dop_operator_3.py
[2023-09-14T16:44:47.306+0000] {processor.py:799} INFO - Processing file /home/airflow/.local/lib/python3.7/site-packages/airflow/example_dags/example_branch_python_dop_operator_3.py for tasks to queue
[2023-09-14T16:44:47.310+0000] {logging_mixin.py:149} INFO - [2023-09-14T16:44:47.310+0000] {dagbag.py:541} INFO - Filling up the DagBag from /home/airflow/.local/lib/python3.7/site-packages/airflow/example_dags/example_branch_python_dop_operator_3.py
[2023-09-14T16:44:47.330+0000] {processor.py:809} INFO - DAG(s) dict_keys(['example_branch_dop_operator_v3']) retrieved from /home/airflow/.local/lib/python3.7/site-packages/airflow/example_dags/example_branch_python_dop_operator_3.py
[2023-09-14T16:44:47.395+0000] {logging_mixin.py:149} INFO - [2023-09-14T16:44:47.395+0000] {dag.py:2726} INFO - Sync 1 DAGs
[2023-09-14T16:44:47.493+0000] {logging_mixin.py:149} INFO - [2023-09-14T16:44:47.493+0000] {dag.py:3490} INFO - Setting next_dagrun for example_branch_dop_operator_v3 to 2023-09-14T16:43:00+00:00, run_after=2023-09-14T16:44:00+00:00
[2023-09-14T16:44:47.542+0000] {processor.py:178} INFO - Processing /home/airflow/.local/lib/python3.7/site-packages/airflow/example_dags/example_branch_python_dop_operator_3.py took 0.248 seconds
[2023-09-14T16:45:18.105+0000] {processor.py:156} INFO - Started process (PID=775) to work on /home/airflow/.local/lib/python3.7/site-packages/airflow/example_dags/example_branch_python_dop_operator_3.py
[2023-09-14T16:45:18.108+0000] {processor.py:799} INFO - Processing file /home/airflow/.local/lib/python3.7/site-packages/airflow/example_dags/example_branch_python_dop_operator_3.py for tasks to queue
[2023-09-14T16:45:18.112+0000] {logging_mixin.py:149} INFO - [2023-09-14T16:45:18.112+0000] {dagbag.py:541} INFO - Filling up the DagBag from /home/airflow/.local/lib/python3.7/site-packages/airflow/example_dags/example_branch_python_dop_operator_3.py
[2023-09-14T16:45:18.142+0000] {processor.py:809} INFO - DAG(s) dict_keys(['example_branch_dop_operator_v3']) retrieved from /home/airflow/.local/lib/python3.7/site-packages/airflow/example_dags/example_branch_python_dop_operator_3.py
[2023-09-14T16:45:18.229+0000] {logging_mixin.py:149} INFO - [2023-09-14T16:45:18.229+0000] {dag.py:2726} INFO - Sync 1 DAGs
[2023-09-14T16:45:18.335+0000] {logging_mixin.py:149} INFO - [2023-09-14T16:45:18.334+0000] {dag.py:3490} INFO - Setting next_dagrun for example_branch_dop_operator_v3 to 2023-09-14T16:44:00+00:00, run_after=2023-09-14T16:45:00+00:00
[2023-09-14T16:45:18.397+0000] {processor.py:178} INFO - Processing /home/airflow/.local/lib/python3.7/site-packages/airflow/example_dags/example_branch_python_dop_operator_3.py took 0.300 seconds
[2023-09-14T16:45:48.524+0000] {processor.py:156} INFO - Started process (PID=836) to work on /home/airflow/.local/lib/python3.7/site-packages/airflow/example_dags/example_branch_python_dop_operator_3.py
[2023-09-14T16:45:48.527+0000] {processor.py:799} INFO - Processing file /home/airflow/.local/lib/python3.7/site-packages/airflow/example_dags/example_branch_python_dop_operator_3.py for tasks to queue
[2023-09-14T16:45:48.529+0000] {logging_mixin.py:149} INFO - [2023-09-14T16:45:48.529+0000] {dagbag.py:541} INFO - Filling up the DagBag from /home/airflow/.local/lib/python3.7/site-packages/airflow/example_dags/example_branch_python_dop_operator_3.py
[2023-09-14T16:45:48.550+0000] {processor.py:809} INFO - DAG(s) dict_keys(['example_branch_dop_operator_v3']) retrieved from /home/airflow/.local/lib/python3.7/site-packages/airflow/example_dags/example_branch_python_dop_operator_3.py
[2023-09-14T16:45:48.637+0000] {logging_mixin.py:149} INFO - [2023-09-14T16:45:48.636+0000] {dag.py:2726} INFO - Sync 1 DAGs
[2023-09-14T16:45:48.774+0000] {logging_mixin.py:149} INFO - [2023-09-14T16:45:48.774+0000] {dag.py:3490} INFO - Setting next_dagrun for example_branch_dop_operator_v3 to 2023-09-14T16:44:00+00:00, run_after=2023-09-14T16:45:00+00:00
[2023-09-14T16:45:48.877+0000] {processor.py:178} INFO - Processing /home/airflow/.local/lib/python3.7/site-packages/airflow/example_dags/example_branch_python_dop_operator_3.py took 0.359 seconds
[2023-09-14T16:46:19.748+0000] {processor.py:156} INFO - Started process (PID=897) to work on /home/airflow/.local/lib/python3.7/site-packages/airflow/example_dags/example_branch_python_dop_operator_3.py
[2023-09-14T16:46:19.753+0000] {processor.py:799} INFO - Processing file /home/airflow/.local/lib/python3.7/site-packages/airflow/example_dags/example_branch_python_dop_operator_3.py for tasks to queue
[2023-09-14T16:46:19.756+0000] {logging_mixin.py:149} INFO - [2023-09-14T16:46:19.756+0000] {dagbag.py:541} INFO - Filling up the DagBag from /home/airflow/.local/lib/python3.7/site-packages/airflow/example_dags/example_branch_python_dop_operator_3.py
[2023-09-14T16:46:19.794+0000] {processor.py:809} INFO - DAG(s) dict_keys(['example_branch_dop_operator_v3']) retrieved from /home/airflow/.local/lib/python3.7/site-packages/airflow/example_dags/example_branch_python_dop_operator_3.py
[2023-09-14T16:46:19.887+0000] {logging_mixin.py:149} INFO - [2023-09-14T16:46:19.886+0000] {dag.py:2726} INFO - Sync 1 DAGs
[2023-09-14T16:46:20.007+0000] {logging_mixin.py:149} INFO - [2023-09-14T16:46:20.006+0000] {dag.py:3490} INFO - Setting next_dagrun for example_branch_dop_operator_v3 to 2023-09-14T16:45:00+00:00, run_after=2023-09-14T16:46:00+00:00
[2023-09-14T16:46:20.150+0000] {processor.py:178} INFO - Processing /home/airflow/.local/lib/python3.7/site-packages/airflow/example_dags/example_branch_python_dop_operator_3.py took 0.418 seconds
[2023-09-14T16:46:50.866+0000] {processor.py:156} INFO - Started process (PID=958) to work on /home/airflow/.local/lib/python3.7/site-packages/airflow/example_dags/example_branch_python_dop_operator_3.py
[2023-09-14T16:46:50.869+0000] {processor.py:799} INFO - Processing file /home/airflow/.local/lib/python3.7/site-packages/airflow/example_dags/example_branch_python_dop_operator_3.py for tasks to queue
[2023-09-14T16:46:50.872+0000] {logging_mixin.py:149} INFO - [2023-09-14T16:46:50.871+0000] {dagbag.py:541} INFO - Filling up the DagBag from /home/airflow/.local/lib/python3.7/site-packages/airflow/example_dags/example_branch_python_dop_operator_3.py
[2023-09-14T16:46:50.895+0000] {processor.py:809} INFO - DAG(s) dict_keys(['example_branch_dop_operator_v3']) retrieved from /home/airflow/.local/lib/python3.7/site-packages/airflow/example_dags/example_branch_python_dop_operator_3.py
[2023-09-14T16:46:51.050+0000] {logging_mixin.py:149} INFO - [2023-09-14T16:46:51.049+0000] {dag.py:2726} INFO - Sync 1 DAGs
[2023-09-14T16:46:51.406+0000] {logging_mixin.py:149} INFO - [2023-09-14T16:46:51.405+0000] {dag.py:3490} INFO - Setting next_dagrun for example_branch_dop_operator_v3 to 2023-09-14T16:45:00+00:00, run_after=2023-09-14T16:46:00+00:00
[2023-09-14T16:46:51.568+0000] {processor.py:178} INFO - Processing /home/airflow/.local/lib/python3.7/site-packages/airflow/example_dags/example_branch_python_dop_operator_3.py took 0.715 seconds
[2023-09-14T16:47:21.947+0000] {processor.py:156} INFO - Started process (PID=1019) to work on /home/airflow/.local/lib/python3.7/site-packages/airflow/example_dags/example_branch_python_dop_operator_3.py
[2023-09-14T16:47:21.949+0000] {processor.py:799} INFO - Processing file /home/airflow/.local/lib/python3.7/site-packages/airflow/example_dags/example_branch_python_dop_operator_3.py for tasks to queue
[2023-09-14T16:47:21.952+0000] {logging_mixin.py:149} INFO - [2023-09-14T16:47:21.951+0000] {dagbag.py:541} INFO - Filling up the DagBag from /home/airflow/.local/lib/python3.7/site-packages/airflow/example_dags/example_branch_python_dop_operator_3.py
[2023-09-14T16:47:21.975+0000] {processor.py:809} INFO - DAG(s) dict_keys(['example_branch_dop_operator_v3']) retrieved from /home/airflow/.local/lib/python3.7/site-packages/airflow/example_dags/example_branch_python_dop_operator_3.py
[2023-09-14T16:47:22.062+0000] {logging_mixin.py:149} INFO - [2023-09-14T16:47:22.061+0000] {dag.py:2726} INFO - Sync 1 DAGs
[2023-09-14T16:47:22.139+0000] {logging_mixin.py:149} INFO - [2023-09-14T16:47:22.138+0000] {dag.py:3490} INFO - Setting next_dagrun for example_branch_dop_operator_v3 to 2023-09-14T16:46:00+00:00, run_after=2023-09-14T16:47:00+00:00
[2023-09-14T16:47:22.207+0000] {processor.py:178} INFO - Processing /home/airflow/.local/lib/python3.7/site-packages/airflow/example_dags/example_branch_python_dop_operator_3.py took 0.269 seconds
[2023-09-14T16:47:52.350+0000] {processor.py:156} INFO - Started process (PID=1080) to work on /home/airflow/.local/lib/python3.7/site-packages/airflow/example_dags/example_branch_python_dop_operator_3.py
[2023-09-14T16:47:52.351+0000] {processor.py:799} INFO - Processing file /home/airflow/.local/lib/python3.7/site-packages/airflow/example_dags/example_branch_python_dop_operator_3.py for tasks to queue
[2023-09-14T16:47:52.354+0000] {logging_mixin.py:149} INFO - [2023-09-14T16:47:52.353+0000] {dagbag.py:541} INFO - Filling up the DagBag from /home/airflow/.local/lib/python3.7/site-packages/airflow/example_dags/example_branch_python_dop_operator_3.py
[2023-09-14T16:47:52.370+0000] {processor.py:809} INFO - DAG(s) dict_keys(['example_branch_dop_operator_v3']) retrieved from /home/airflow/.local/lib/python3.7/site-packages/airflow/example_dags/example_branch_python_dop_operator_3.py
[2023-09-14T16:47:52.435+0000] {logging_mixin.py:149} INFO - [2023-09-14T16:47:52.435+0000] {dag.py:2726} INFO - Sync 1 DAGs
[2023-09-14T16:47:52.526+0000] {logging_mixin.py:149} INFO - [2023-09-14T16:47:52.526+0000] {dag.py:3490} INFO - Setting next_dagrun for example_branch_dop_operator_v3 to 2023-09-14T16:46:00+00:00, run_after=2023-09-14T16:47:00+00:00
[2023-09-14T16:47:52.613+0000] {processor.py:178} INFO - Processing /home/airflow/.local/lib/python3.7/site-packages/airflow/example_dags/example_branch_python_dop_operator_3.py took 0.268 seconds
[2023-09-14T16:48:22.929+0000] {processor.py:156} INFO - Started process (PID=1141) to work on /home/airflow/.local/lib/python3.7/site-packages/airflow/example_dags/example_branch_python_dop_operator_3.py
[2023-09-14T16:48:22.931+0000] {processor.py:799} INFO - Processing file /home/airflow/.local/lib/python3.7/site-packages/airflow/example_dags/example_branch_python_dop_operator_3.py for tasks to queue
[2023-09-14T16:48:22.933+0000] {logging_mixin.py:149} INFO - [2023-09-14T16:48:22.933+0000] {dagbag.py:541} INFO - Filling up the DagBag from /home/airflow/.local/lib/python3.7/site-packages/airflow/example_dags/example_branch_python_dop_operator_3.py
[2023-09-14T16:48:22.958+0000] {processor.py:809} INFO - DAG(s) dict_keys(['example_branch_dop_operator_v3']) retrieved from /home/airflow/.local/lib/python3.7/site-packages/airflow/example_dags/example_branch_python_dop_operator_3.py
[2023-09-14T16:48:23.025+0000] {logging_mixin.py:149} INFO - [2023-09-14T16:48:23.024+0000] {dag.py:2726} INFO - Sync 1 DAGs
[2023-09-14T16:48:23.114+0000] {logging_mixin.py:149} INFO - [2023-09-14T16:48:23.114+0000] {dag.py:3490} INFO - Setting next_dagrun for example_branch_dop_operator_v3 to 2023-09-14T16:47:00+00:00, run_after=2023-09-14T16:48:00+00:00
[2023-09-14T16:48:23.220+0000] {processor.py:178} INFO - Processing /home/airflow/.local/lib/python3.7/site-packages/airflow/example_dags/example_branch_python_dop_operator_3.py took 0.298 seconds
[2023-09-14T16:48:53.919+0000] {processor.py:156} INFO - Started process (PID=1202) to work on /home/airflow/.local/lib/python3.7/site-packages/airflow/example_dags/example_branch_python_dop_operator_3.py
[2023-09-14T16:48:53.921+0000] {processor.py:799} INFO - Processing file /home/airflow/.local/lib/python3.7/site-packages/airflow/example_dags/example_branch_python_dop_operator_3.py for tasks to queue
[2023-09-14T16:48:53.926+0000] {logging_mixin.py:149} INFO - [2023-09-14T16:48:53.923+0000] {dagbag.py:541} INFO - Filling up the DagBag from /home/airflow/.local/lib/python3.7/site-packages/airflow/example_dags/example_branch_python_dop_operator_3.py
[2023-09-14T16:48:53.969+0000] {processor.py:809} INFO - DAG(s) dict_keys(['example_branch_dop_operator_v3']) retrieved from /home/airflow/.local/lib/python3.7/site-packages/airflow/example_dags/example_branch_python_dop_operator_3.py
[2023-09-14T16:48:54.068+0000] {logging_mixin.py:149} INFO - [2023-09-14T16:48:54.067+0000] {dag.py:2726} INFO - Sync 1 DAGs
[2023-09-14T16:48:54.204+0000] {logging_mixin.py:149} INFO - [2023-09-14T16:48:54.203+0000] {dag.py:3490} INFO - Setting next_dagrun for example_branch_dop_operator_v3 to 2023-09-14T16:47:00+00:00, run_after=2023-09-14T16:48:00+00:00
[2023-09-14T16:48:54.269+0000] {processor.py:178} INFO - Processing /home/airflow/.local/lib/python3.7/site-packages/airflow/example_dags/example_branch_python_dop_operator_3.py took 0.356 seconds
[2023-09-14T16:49:24.594+0000] {processor.py:156} INFO - Started process (PID=1263) to work on /home/airflow/.local/lib/python3.7/site-packages/airflow/example_dags/example_branch_python_dop_operator_3.py
[2023-09-14T16:49:24.597+0000] {processor.py:799} INFO - Processing file /home/airflow/.local/lib/python3.7/site-packages/airflow/example_dags/example_branch_python_dop_operator_3.py for tasks to queue
[2023-09-14T16:49:24.600+0000] {logging_mixin.py:149} INFO - [2023-09-14T16:49:24.600+0000] {dagbag.py:541} INFO - Filling up the DagBag from /home/airflow/.local/lib/python3.7/site-packages/airflow/example_dags/example_branch_python_dop_operator_3.py
[2023-09-14T16:49:24.637+0000] {processor.py:809} INFO - DAG(s) dict_keys(['example_branch_dop_operator_v3']) retrieved from /home/airflow/.local/lib/python3.7/site-packages/airflow/example_dags/example_branch_python_dop_operator_3.py
[2023-09-14T16:49:24.728+0000] {logging_mixin.py:149} INFO - [2023-09-14T16:49:24.727+0000] {dag.py:2726} INFO - Sync 1 DAGs
[2023-09-14T16:49:24.855+0000] {logging_mixin.py:149} INFO - [2023-09-14T16:49:24.855+0000] {dag.py:3490} INFO - Setting next_dagrun for example_branch_dop_operator_v3 to 2023-09-14T16:48:00+00:00, run_after=2023-09-14T16:49:00+00:00
[2023-09-14T16:49:25.026+0000] {processor.py:178} INFO - Processing /home/airflow/.local/lib/python3.7/site-packages/airflow/example_dags/example_branch_python_dop_operator_3.py took 0.440 seconds
[2023-09-14T16:49:55.334+0000] {processor.py:156} INFO - Started process (PID=1324) to work on /home/airflow/.local/lib/python3.7/site-packages/airflow/example_dags/example_branch_python_dop_operator_3.py
[2023-09-14T16:49:55.338+0000] {processor.py:799} INFO - Processing file /home/airflow/.local/lib/python3.7/site-packages/airflow/example_dags/example_branch_python_dop_operator_3.py for tasks to queue
[2023-09-14T16:49:55.342+0000] {logging_mixin.py:149} INFO - [2023-09-14T16:49:55.341+0000] {dagbag.py:541} INFO - Filling up the DagBag from /home/airflow/.local/lib/python3.7/site-packages/airflow/example_dags/example_branch_python_dop_operator_3.py
[2023-09-14T16:49:55.370+0000] {processor.py:809} INFO - DAG(s) dict_keys(['example_branch_dop_operator_v3']) retrieved from /home/airflow/.local/lib/python3.7/site-packages/airflow/example_dags/example_branch_python_dop_operator_3.py
[2023-09-14T16:49:55.453+0000] {logging_mixin.py:149} INFO - [2023-09-14T16:49:55.452+0000] {dag.py:2726} INFO - Sync 1 DAGs
[2023-09-14T16:49:55.560+0000] {logging_mixin.py:149} INFO - [2023-09-14T16:49:55.560+0000] {dag.py:3490} INFO - Setting next_dagrun for example_branch_dop_operator_v3 to 2023-09-14T16:48:00+00:00, run_after=2023-09-14T16:49:00+00:00
[2023-09-14T16:49:55.623+0000] {processor.py:178} INFO - Processing /home/airflow/.local/lib/python3.7/site-packages/airflow/example_dags/example_branch_python_dop_operator_3.py took 0.300 seconds
[2023-09-14T16:50:26.130+0000] {processor.py:156} INFO - Started process (PID=1385) to work on /home/airflow/.local/lib/python3.7/site-packages/airflow/example_dags/example_branch_python_dop_operator_3.py
[2023-09-14T16:50:26.136+0000] {processor.py:799} INFO - Processing file /home/airflow/.local/lib/python3.7/site-packages/airflow/example_dags/example_branch_python_dop_operator_3.py for tasks to queue
[2023-09-14T16:50:26.145+0000] {logging_mixin.py:149} INFO - [2023-09-14T16:50:26.144+0000] {dagbag.py:541} INFO - Filling up the DagBag from /home/airflow/.local/lib/python3.7/site-packages/airflow/example_dags/example_branch_python_dop_operator_3.py
[2023-09-14T16:50:26.219+0000] {processor.py:809} INFO - DAG(s) dict_keys(['example_branch_dop_operator_v3']) retrieved from /home/airflow/.local/lib/python3.7/site-packages/airflow/example_dags/example_branch_python_dop_operator_3.py
[2023-09-14T16:50:26.371+0000] {logging_mixin.py:149} INFO - [2023-09-14T16:50:26.371+0000] {dag.py:2726} INFO - Sync 1 DAGs
[2023-09-14T16:50:26.523+0000] {logging_mixin.py:149} INFO - [2023-09-14T16:50:26.522+0000] {dag.py:3490} INFO - Setting next_dagrun for example_branch_dop_operator_v3 to 2023-09-14T16:49:00+00:00, run_after=2023-09-14T16:50:00+00:00
[2023-09-14T16:50:26.658+0000] {processor.py:178} INFO - Processing /home/airflow/.local/lib/python3.7/site-packages/airflow/example_dags/example_branch_python_dop_operator_3.py took 0.551 seconds
[2023-09-14T16:50:57.667+0000] {processor.py:156} INFO - Started process (PID=1446) to work on /home/airflow/.local/lib/python3.7/site-packages/airflow/example_dags/example_branch_python_dop_operator_3.py
[2023-09-14T16:50:57.674+0000] {processor.py:799} INFO - Processing file /home/airflow/.local/lib/python3.7/site-packages/airflow/example_dags/example_branch_python_dop_operator_3.py for tasks to queue
[2023-09-14T16:50:57.684+0000] {logging_mixin.py:149} INFO - [2023-09-14T16:50:57.681+0000] {dagbag.py:541} INFO - Filling up the DagBag from /home/airflow/.local/lib/python3.7/site-packages/airflow/example_dags/example_branch_python_dop_operator_3.py
[2023-09-14T16:50:57.786+0000] {processor.py:809} INFO - DAG(s) dict_keys(['example_branch_dop_operator_v3']) retrieved from /home/airflow/.local/lib/python3.7/site-packages/airflow/example_dags/example_branch_python_dop_operator_3.py
[2023-09-14T16:50:58.055+0000] {logging_mixin.py:149} INFO - [2023-09-14T16:50:58.054+0000] {dag.py:2726} INFO - Sync 1 DAGs
[2023-09-14T16:50:58.593+0000] {logging_mixin.py:149} INFO - [2023-09-14T16:50:58.592+0000] {dag.py:3490} INFO - Setting next_dagrun for example_branch_dop_operator_v3 to 2023-09-14T16:49:00+00:00, run_after=2023-09-14T16:50:00+00:00
[2023-09-14T16:50:58.745+0000] {processor.py:178} INFO - Processing /home/airflow/.local/lib/python3.7/site-packages/airflow/example_dags/example_branch_python_dop_operator_3.py took 1.113 seconds
[2023-09-14T16:51:29.081+0000] {processor.py:156} INFO - Started process (PID=1507) to work on /home/airflow/.local/lib/python3.7/site-packages/airflow/example_dags/example_branch_python_dop_operator_3.py
[2023-09-14T16:51:29.086+0000] {processor.py:799} INFO - Processing file /home/airflow/.local/lib/python3.7/site-packages/airflow/example_dags/example_branch_python_dop_operator_3.py for tasks to queue
[2023-09-14T16:51:29.089+0000] {logging_mixin.py:149} INFO - [2023-09-14T16:51:29.088+0000] {dagbag.py:541} INFO - Filling up the DagBag from /home/airflow/.local/lib/python3.7/site-packages/airflow/example_dags/example_branch_python_dop_operator_3.py
[2023-09-14T16:51:29.113+0000] {processor.py:809} INFO - DAG(s) dict_keys(['example_branch_dop_operator_v3']) retrieved from /home/airflow/.local/lib/python3.7/site-packages/airflow/example_dags/example_branch_python_dop_operator_3.py
[2023-09-14T16:51:29.194+0000] {logging_mixin.py:149} INFO - [2023-09-14T16:51:29.193+0000] {dag.py:2726} INFO - Sync 1 DAGs
[2023-09-14T16:51:29.304+0000] {logging_mixin.py:149} INFO - [2023-09-14T16:51:29.303+0000] {dag.py:3490} INFO - Setting next_dagrun for example_branch_dop_operator_v3 to 2023-09-14T16:50:00+00:00, run_after=2023-09-14T16:51:00+00:00
[2023-09-14T16:51:29.387+0000] {processor.py:178} INFO - Processing /home/airflow/.local/lib/python3.7/site-packages/airflow/example_dags/example_branch_python_dop_operator_3.py took 0.315 seconds
[2023-09-14T16:51:59.528+0000] {processor.py:156} INFO - Started process (PID=1569) to work on /home/airflow/.local/lib/python3.7/site-packages/airflow/example_dags/example_branch_python_dop_operator_3.py
[2023-09-14T16:51:59.531+0000] {processor.py:799} INFO - Processing file /home/airflow/.local/lib/python3.7/site-packages/airflow/example_dags/example_branch_python_dop_operator_3.py for tasks to queue
[2023-09-14T16:51:59.533+0000] {logging_mixin.py:149} INFO - [2023-09-14T16:51:59.533+0000] {dagbag.py:541} INFO - Filling up the DagBag from /home/airflow/.local/lib/python3.7/site-packages/airflow/example_dags/example_branch_python_dop_operator_3.py
[2023-09-14T16:51:59.554+0000] {processor.py:809} INFO - DAG(s) dict_keys(['example_branch_dop_operator_v3']) retrieved from /home/airflow/.local/lib/python3.7/site-packages/airflow/example_dags/example_branch_python_dop_operator_3.py
[2023-09-14T16:51:59.635+0000] {logging_mixin.py:149} INFO - [2023-09-14T16:51:59.635+0000] {dag.py:2726} INFO - Sync 1 DAGs
[2023-09-14T16:51:59.706+0000] {logging_mixin.py:149} INFO - [2023-09-14T16:51:59.706+0000] {dag.py:3490} INFO - Setting next_dagrun for example_branch_dop_operator_v3 to 2023-09-14T16:50:00+00:00, run_after=2023-09-14T16:51:00+00:00
[2023-09-14T16:51:59.810+0000] {processor.py:178} INFO - Processing /home/airflow/.local/lib/python3.7/site-packages/airflow/example_dags/example_branch_python_dop_operator_3.py took 0.288 seconds
[2023-09-14T16:52:30.008+0000] {processor.py:156} INFO - Started process (PID=1630) to work on /home/airflow/.local/lib/python3.7/site-packages/airflow/example_dags/example_branch_python_dop_operator_3.py
[2023-09-14T16:52:30.012+0000] {processor.py:799} INFO - Processing file /home/airflow/.local/lib/python3.7/site-packages/airflow/example_dags/example_branch_python_dop_operator_3.py for tasks to queue
[2023-09-14T16:52:30.019+0000] {logging_mixin.py:149} INFO - [2023-09-14T16:52:30.017+0000] {dagbag.py:541} INFO - Filling up the DagBag from /home/airflow/.local/lib/python3.7/site-packages/airflow/example_dags/example_branch_python_dop_operator_3.py
[2023-09-14T16:52:30.044+0000] {processor.py:809} INFO - DAG(s) dict_keys(['example_branch_dop_operator_v3']) retrieved from /home/airflow/.local/lib/python3.7/site-packages/airflow/example_dags/example_branch_python_dop_operator_3.py
[2023-09-14T16:52:30.124+0000] {logging_mixin.py:149} INFO - [2023-09-14T16:52:30.123+0000] {dag.py:2726} INFO - Sync 1 DAGs
[2023-09-14T16:52:30.206+0000] {logging_mixin.py:149} INFO - [2023-09-14T16:52:30.206+0000] {dag.py:3490} INFO - Setting next_dagrun for example_branch_dop_operator_v3 to 2023-09-14T16:51:00+00:00, run_after=2023-09-14T16:52:00+00:00
[2023-09-14T16:52:30.330+0000] {processor.py:178} INFO - Processing /home/airflow/.local/lib/python3.7/site-packages/airflow/example_dags/example_branch_python_dop_operator_3.py took 0.333 seconds
[2023-09-14T16:53:02.353+0000] {processor.py:156} INFO - Started process (PID=1691) to work on /home/airflow/.local/lib/python3.7/site-packages/airflow/example_dags/example_branch_python_dop_operator_3.py
[2023-09-14T16:53:02.357+0000] {processor.py:799} INFO - Processing file /home/airflow/.local/lib/python3.7/site-packages/airflow/example_dags/example_branch_python_dop_operator_3.py for tasks to queue
[2023-09-14T16:53:02.361+0000] {logging_mixin.py:149} INFO - [2023-09-14T16:53:02.361+0000] {dagbag.py:541} INFO - Filling up the DagBag from /home/airflow/.local/lib/python3.7/site-packages/airflow/example_dags/example_branch_python_dop_operator_3.py
[2023-09-14T16:53:02.400+0000] {processor.py:809} INFO - DAG(s) dict_keys(['example_branch_dop_operator_v3']) retrieved from /home/airflow/.local/lib/python3.7/site-packages/airflow/example_dags/example_branch_python_dop_operator_3.py
[2023-09-14T16:53:02.529+0000] {logging_mixin.py:149} INFO - [2023-09-14T16:53:02.528+0000] {dag.py:2726} INFO - Sync 1 DAGs
[2023-09-14T16:53:02.775+0000] {logging_mixin.py:149} INFO - [2023-09-14T16:53:02.774+0000] {dag.py:3490} INFO - Setting next_dagrun for example_branch_dop_operator_v3 to 2023-09-14T16:52:00+00:00, run_after=2023-09-14T16:53:00+00:00
[2023-09-14T16:53:02.928+0000] {processor.py:178} INFO - Processing /home/airflow/.local/lib/python3.7/site-packages/airflow/example_dags/example_branch_python_dop_operator_3.py took 0.584 seconds
[2023-09-14T16:53:35.617+0000] {processor.py:156} INFO - Started process (PID=1747) to work on /home/airflow/.local/lib/python3.7/site-packages/airflow/example_dags/example_branch_python_dop_operator_3.py
[2023-09-14T16:53:35.622+0000] {processor.py:799} INFO - Processing file /home/airflow/.local/lib/python3.7/site-packages/airflow/example_dags/example_branch_python_dop_operator_3.py for tasks to queue
[2023-09-14T16:53:35.627+0000] {logging_mixin.py:149} INFO - [2023-09-14T16:53:35.626+0000] {dagbag.py:541} INFO - Filling up the DagBag from /home/airflow/.local/lib/python3.7/site-packages/airflow/example_dags/example_branch_python_dop_operator_3.py
[2023-09-14T16:53:35.664+0000] {processor.py:809} INFO - DAG(s) dict_keys(['example_branch_dop_operator_v3']) retrieved from /home/airflow/.local/lib/python3.7/site-packages/airflow/example_dags/example_branch_python_dop_operator_3.py
[2023-09-14T16:53:35.835+0000] {logging_mixin.py:149} INFO - [2023-09-14T16:53:35.835+0000] {dag.py:2726} INFO - Sync 1 DAGs
[2023-09-14T16:53:36.177+0000] {logging_mixin.py:149} INFO - [2023-09-14T16:53:36.176+0000] {dag.py:3490} INFO - Setting next_dagrun for example_branch_dop_operator_v3 to 2023-09-14T16:52:00+00:00, run_after=2023-09-14T16:53:00+00:00
[2023-09-14T16:53:36.354+0000] {processor.py:178} INFO - Processing /home/airflow/.local/lib/python3.7/site-packages/airflow/example_dags/example_branch_python_dop_operator_3.py took 0.752 seconds
[2023-09-14T16:54:07.344+0000] {processor.py:156} INFO - Started process (PID=1812) to work on /home/airflow/.local/lib/python3.7/site-packages/airflow/example_dags/example_branch_python_dop_operator_3.py
[2023-09-14T16:54:07.349+0000] {processor.py:799} INFO - Processing file /home/airflow/.local/lib/python3.7/site-packages/airflow/example_dags/example_branch_python_dop_operator_3.py for tasks to queue
[2023-09-14T16:54:07.353+0000] {logging_mixin.py:149} INFO - [2023-09-14T16:54:07.352+0000] {dagbag.py:541} INFO - Filling up the DagBag from /home/airflow/.local/lib/python3.7/site-packages/airflow/example_dags/example_branch_python_dop_operator_3.py
[2023-09-14T16:54:07.396+0000] {processor.py:809} INFO - DAG(s) dict_keys(['example_branch_dop_operator_v3']) retrieved from /home/airflow/.local/lib/python3.7/site-packages/airflow/example_dags/example_branch_python_dop_operator_3.py
[2023-09-14T16:54:07.538+0000] {logging_mixin.py:149} INFO - [2023-09-14T16:54:07.537+0000] {dag.py:2726} INFO - Sync 1 DAGs
[2023-09-14T16:54:07.816+0000] {logging_mixin.py:149} INFO - [2023-09-14T16:54:07.815+0000] {dag.py:3490} INFO - Setting next_dagrun for example_branch_dop_operator_v3 to 2023-09-14T16:53:00+00:00, run_after=2023-09-14T16:54:00+00:00
[2023-09-14T16:54:07.906+0000] {processor.py:178} INFO - Processing /home/airflow/.local/lib/python3.7/site-packages/airflow/example_dags/example_branch_python_dop_operator_3.py took 0.578 seconds
[2023-09-14T16:54:54.063+0000] {processor.py:156} INFO - Started process (PID=1882) to work on /home/airflow/.local/lib/python3.7/site-packages/airflow/example_dags/example_branch_python_dop_operator_3.py
[2023-09-14T16:54:54.068+0000] {processor.py:799} INFO - Processing file /home/airflow/.local/lib/python3.7/site-packages/airflow/example_dags/example_branch_python_dop_operator_3.py for tasks to queue
[2023-09-14T16:54:54.073+0000] {logging_mixin.py:149} INFO - [2023-09-14T16:54:54.073+0000] {dagbag.py:541} INFO - Filling up the DagBag from /home/airflow/.local/lib/python3.7/site-packages/airflow/example_dags/example_branch_python_dop_operator_3.py
[2023-09-14T16:54:54.135+0000] {processor.py:809} INFO - DAG(s) dict_keys(['example_branch_dop_operator_v3']) retrieved from /home/airflow/.local/lib/python3.7/site-packages/airflow/example_dags/example_branch_python_dop_operator_3.py
[2023-09-14T16:54:54.249+0000] {logging_mixin.py:149} INFO - [2023-09-14T16:54:54.249+0000] {dag.py:2726} INFO - Sync 1 DAGs
[2023-09-14T16:54:54.477+0000] {logging_mixin.py:149} INFO - [2023-09-14T16:54:54.476+0000] {dag.py:3490} INFO - Setting next_dagrun for example_branch_dop_operator_v3 to 2023-09-14T16:53:00+00:00, run_after=2023-09-14T16:54:00+00:00
[2023-09-14T16:54:54.638+0000] {processor.py:178} INFO - Processing /home/airflow/.local/lib/python3.7/site-packages/airflow/example_dags/example_branch_python_dop_operator_3.py took 0.586 seconds
[2023-09-14T16:55:25.095+0000] {processor.py:156} INFO - Started process (PID=1948) to work on /home/airflow/.local/lib/python3.7/site-packages/airflow/example_dags/example_branch_python_dop_operator_3.py
[2023-09-14T16:55:25.099+0000] {processor.py:799} INFO - Processing file /home/airflow/.local/lib/python3.7/site-packages/airflow/example_dags/example_branch_python_dop_operator_3.py for tasks to queue
[2023-09-14T16:55:25.101+0000] {logging_mixin.py:149} INFO - [2023-09-14T16:55:25.101+0000] {dagbag.py:541} INFO - Filling up the DagBag from /home/airflow/.local/lib/python3.7/site-packages/airflow/example_dags/example_branch_python_dop_operator_3.py
[2023-09-14T16:55:25.160+0000] {processor.py:809} INFO - DAG(s) dict_keys(['example_branch_dop_operator_v3']) retrieved from /home/airflow/.local/lib/python3.7/site-packages/airflow/example_dags/example_branch_python_dop_operator_3.py
[2023-09-14T16:55:25.239+0000] {logging_mixin.py:149} INFO - [2023-09-14T16:55:25.239+0000] {dag.py:2726} INFO - Sync 1 DAGs
[2023-09-14T16:55:25.342+0000] {logging_mixin.py:149} INFO - [2023-09-14T16:55:25.342+0000] {dag.py:3490} INFO - Setting next_dagrun for example_branch_dop_operator_v3 to 2023-09-14T16:54:00+00:00, run_after=2023-09-14T16:55:00+00:00
[2023-09-14T16:55:25.409+0000] {processor.py:178} INFO - Processing /home/airflow/.local/lib/python3.7/site-packages/airflow/example_dags/example_branch_python_dop_operator_3.py took 0.324 seconds
[2023-09-14T16:55:55.925+0000] {processor.py:156} INFO - Started process (PID=2013) to work on /home/airflow/.local/lib/python3.7/site-packages/airflow/example_dags/example_branch_python_dop_operator_3.py
[2023-09-14T16:55:55.928+0000] {processor.py:799} INFO - Processing file /home/airflow/.local/lib/python3.7/site-packages/airflow/example_dags/example_branch_python_dop_operator_3.py for tasks to queue
[2023-09-14T16:55:55.932+0000] {logging_mixin.py:149} INFO - [2023-09-14T16:55:55.931+0000] {dagbag.py:541} INFO - Filling up the DagBag from /home/airflow/.local/lib/python3.7/site-packages/airflow/example_dags/example_branch_python_dop_operator_3.py
[2023-09-14T16:55:55.968+0000] {processor.py:809} INFO - DAG(s) dict_keys(['example_branch_dop_operator_v3']) retrieved from /home/airflow/.local/lib/python3.7/site-packages/airflow/example_dags/example_branch_python_dop_operator_3.py
[2023-09-14T16:55:56.057+0000] {logging_mixin.py:149} INFO - [2023-09-14T16:55:56.057+0000] {dag.py:2726} INFO - Sync 1 DAGs
[2023-09-14T16:55:56.138+0000] {logging_mixin.py:149} INFO - [2023-09-14T16:55:56.138+0000] {dag.py:3490} INFO - Setting next_dagrun for example_branch_dop_operator_v3 to 2023-09-14T16:54:00+00:00, run_after=2023-09-14T16:55:00+00:00
[2023-09-14T16:55:56.276+0000] {processor.py:178} INFO - Processing /home/airflow/.local/lib/python3.7/site-packages/airflow/example_dags/example_branch_python_dop_operator_3.py took 0.363 seconds
[2023-09-14T16:56:26.601+0000] {processor.py:156} INFO - Started process (PID=2078) to work on /home/airflow/.local/lib/python3.7/site-packages/airflow/example_dags/example_branch_python_dop_operator_3.py
[2023-09-14T16:56:26.606+0000] {processor.py:799} INFO - Processing file /home/airflow/.local/lib/python3.7/site-packages/airflow/example_dags/example_branch_python_dop_operator_3.py for tasks to queue
[2023-09-14T16:56:26.610+0000] {logging_mixin.py:149} INFO - [2023-09-14T16:56:26.609+0000] {dagbag.py:541} INFO - Filling up the DagBag from /home/airflow/.local/lib/python3.7/site-packages/airflow/example_dags/example_branch_python_dop_operator_3.py
[2023-09-14T16:56:26.641+0000] {processor.py:809} INFO - DAG(s) dict_keys(['example_branch_dop_operator_v3']) retrieved from /home/airflow/.local/lib/python3.7/site-packages/airflow/example_dags/example_branch_python_dop_operator_3.py
[2023-09-14T16:56:26.738+0000] {logging_mixin.py:149} INFO - [2023-09-14T16:56:26.738+0000] {dag.py:2726} INFO - Sync 1 DAGs
[2023-09-14T16:56:26.832+0000] {logging_mixin.py:149} INFO - [2023-09-14T16:56:26.831+0000] {dag.py:3490} INFO - Setting next_dagrun for example_branch_dop_operator_v3 to 2023-09-14T16:55:00+00:00, run_after=2023-09-14T16:56:00+00:00
[2023-09-14T16:56:26.914+0000] {processor.py:178} INFO - Processing /home/airflow/.local/lib/python3.7/site-packages/airflow/example_dags/example_branch_python_dop_operator_3.py took 0.321 seconds
[2023-09-14T16:56:57.140+0000] {processor.py:156} INFO - Started process (PID=2143) to work on /home/airflow/.local/lib/python3.7/site-packages/airflow/example_dags/example_branch_python_dop_operator_3.py
[2023-09-14T16:56:57.145+0000] {processor.py:799} INFO - Processing file /home/airflow/.local/lib/python3.7/site-packages/airflow/example_dags/example_branch_python_dop_operator_3.py for tasks to queue
[2023-09-14T16:56:57.149+0000] {logging_mixin.py:149} INFO - [2023-09-14T16:56:57.149+0000] {dagbag.py:541} INFO - Filling up the DagBag from /home/airflow/.local/lib/python3.7/site-packages/airflow/example_dags/example_branch_python_dop_operator_3.py
[2023-09-14T16:56:57.175+0000] {processor.py:809} INFO - DAG(s) dict_keys(['example_branch_dop_operator_v3']) retrieved from /home/airflow/.local/lib/python3.7/site-packages/airflow/example_dags/example_branch_python_dop_operator_3.py
[2023-09-14T16:56:57.284+0000] {logging_mixin.py:149} INFO - [2023-09-14T16:56:57.283+0000] {dag.py:2726} INFO - Sync 1 DAGs
[2023-09-14T16:56:57.394+0000] {logging_mixin.py:149} INFO - [2023-09-14T16:56:57.394+0000] {dag.py:3490} INFO - Setting next_dagrun for example_branch_dop_operator_v3 to 2023-09-14T16:55:00+00:00, run_after=2023-09-14T16:56:00+00:00
[2023-09-14T16:56:57.501+0000] {processor.py:178} INFO - Processing /home/airflow/.local/lib/python3.7/site-packages/airflow/example_dags/example_branch_python_dop_operator_3.py took 0.379 seconds
[2023-09-14T16:57:28.579+0000] {processor.py:156} INFO - Started process (PID=2209) to work on /home/airflow/.local/lib/python3.7/site-packages/airflow/example_dags/example_branch_python_dop_operator_3.py
[2023-09-14T16:57:28.582+0000] {processor.py:799} INFO - Processing file /home/airflow/.local/lib/python3.7/site-packages/airflow/example_dags/example_branch_python_dop_operator_3.py for tasks to queue
[2023-09-14T16:57:28.586+0000] {logging_mixin.py:149} INFO - [2023-09-14T16:57:28.585+0000] {dagbag.py:541} INFO - Filling up the DagBag from /home/airflow/.local/lib/python3.7/site-packages/airflow/example_dags/example_branch_python_dop_operator_3.py
[2023-09-14T16:57:28.606+0000] {processor.py:809} INFO - DAG(s) dict_keys(['example_branch_dop_operator_v3']) retrieved from /home/airflow/.local/lib/python3.7/site-packages/airflow/example_dags/example_branch_python_dop_operator_3.py
[2023-09-14T16:57:28.714+0000] {logging_mixin.py:149} INFO - [2023-09-14T16:57:28.714+0000] {dag.py:2726} INFO - Sync 1 DAGs
[2023-09-14T16:57:28.807+0000] {logging_mixin.py:149} INFO - [2023-09-14T16:57:28.806+0000] {dag.py:3490} INFO - Setting next_dagrun for example_branch_dop_operator_v3 to 2023-09-14T16:56:00+00:00, run_after=2023-09-14T16:57:00+00:00
[2023-09-14T16:57:28.889+0000] {processor.py:178} INFO - Processing /home/airflow/.local/lib/python3.7/site-packages/airflow/example_dags/example_branch_python_dop_operator_3.py took 0.319 seconds
[2023-09-14T16:57:59.729+0000] {processor.py:156} INFO - Started process (PID=2274) to work on /home/airflow/.local/lib/python3.7/site-packages/airflow/example_dags/example_branch_python_dop_operator_3.py
[2023-09-14T16:57:59.732+0000] {processor.py:799} INFO - Processing file /home/airflow/.local/lib/python3.7/site-packages/airflow/example_dags/example_branch_python_dop_operator_3.py for tasks to queue
[2023-09-14T16:57:59.738+0000] {logging_mixin.py:149} INFO - [2023-09-14T16:57:59.738+0000] {dagbag.py:541} INFO - Filling up the DagBag from /home/airflow/.local/lib/python3.7/site-packages/airflow/example_dags/example_branch_python_dop_operator_3.py
[2023-09-14T16:57:59.766+0000] {processor.py:809} INFO - DAG(s) dict_keys(['example_branch_dop_operator_v3']) retrieved from /home/airflow/.local/lib/python3.7/site-packages/airflow/example_dags/example_branch_python_dop_operator_3.py
[2023-09-14T16:57:59.857+0000] {logging_mixin.py:149} INFO - [2023-09-14T16:57:59.857+0000] {dag.py:2726} INFO - Sync 1 DAGs
[2023-09-14T16:57:59.958+0000] {logging_mixin.py:149} INFO - [2023-09-14T16:57:59.957+0000] {dag.py:3490} INFO - Setting next_dagrun for example_branch_dop_operator_v3 to 2023-09-14T16:56:00+00:00, run_after=2023-09-14T16:57:00+00:00
[2023-09-14T16:58:00.076+0000] {processor.py:178} INFO - Processing /home/airflow/.local/lib/python3.7/site-packages/airflow/example_dags/example_branch_python_dop_operator_3.py took 0.358 seconds
[2023-09-14T16:58:30.912+0000] {processor.py:156} INFO - Started process (PID=2341) to work on /home/airflow/.local/lib/python3.7/site-packages/airflow/example_dags/example_branch_python_dop_operator_3.py
[2023-09-14T16:58:30.928+0000] {processor.py:799} INFO - Processing file /home/airflow/.local/lib/python3.7/site-packages/airflow/example_dags/example_branch_python_dop_operator_3.py for tasks to queue
[2023-09-14T16:58:30.937+0000] {logging_mixin.py:149} INFO - [2023-09-14T16:58:30.937+0000] {dagbag.py:541} INFO - Filling up the DagBag from /home/airflow/.local/lib/python3.7/site-packages/airflow/example_dags/example_branch_python_dop_operator_3.py
[2023-09-14T16:58:30.986+0000] {processor.py:809} INFO - DAG(s) dict_keys(['example_branch_dop_operator_v3']) retrieved from /home/airflow/.local/lib/python3.7/site-packages/airflow/example_dags/example_branch_python_dop_operator_3.py
[2023-09-14T16:58:31.132+0000] {logging_mixin.py:149} INFO - [2023-09-14T16:58:31.132+0000] {dag.py:2726} INFO - Sync 1 DAGs
[2023-09-14T16:58:31.406+0000] {logging_mixin.py:149} INFO - [2023-09-14T16:58:31.405+0000] {dag.py:3490} INFO - Setting next_dagrun for example_branch_dop_operator_v3 to 2023-09-14T16:57:00+00:00, run_after=2023-09-14T16:58:00+00:00
[2023-09-14T16:58:31.643+0000] {processor.py:178} INFO - Processing /home/airflow/.local/lib/python3.7/site-packages/airflow/example_dags/example_branch_python_dop_operator_3.py took 0.753 seconds
[2023-09-14T16:59:04.397+0000] {processor.py:156} INFO - Started process (PID=2407) to work on /home/airflow/.local/lib/python3.7/site-packages/airflow/example_dags/example_branch_python_dop_operator_3.py
[2023-09-14T16:59:04.400+0000] {processor.py:799} INFO - Processing file /home/airflow/.local/lib/python3.7/site-packages/airflow/example_dags/example_branch_python_dop_operator_3.py for tasks to queue
[2023-09-14T16:59:04.403+0000] {logging_mixin.py:149} INFO - [2023-09-14T16:59:04.402+0000] {dagbag.py:541} INFO - Filling up the DagBag from /home/airflow/.local/lib/python3.7/site-packages/airflow/example_dags/example_branch_python_dop_operator_3.py
[2023-09-14T16:59:04.423+0000] {processor.py:809} INFO - DAG(s) dict_keys(['example_branch_dop_operator_v3']) retrieved from /home/airflow/.local/lib/python3.7/site-packages/airflow/example_dags/example_branch_python_dop_operator_3.py
[2023-09-14T16:59:04.516+0000] {logging_mixin.py:149} INFO - [2023-09-14T16:59:04.516+0000] {dag.py:2726} INFO - Sync 1 DAGs
[2023-09-14T16:59:04.611+0000] {logging_mixin.py:149} INFO - [2023-09-14T16:59:04.611+0000] {dag.py:3490} INFO - Setting next_dagrun for example_branch_dop_operator_v3 to 2023-09-14T16:58:00+00:00, run_after=2023-09-14T16:59:00+00:00
[2023-09-14T16:59:04.670+0000] {processor.py:178} INFO - Processing /home/airflow/.local/lib/python3.7/site-packages/airflow/example_dags/example_branch_python_dop_operator_3.py took 0.281 seconds
[2023-09-14T16:59:35.914+0000] {processor.py:156} INFO - Started process (PID=2467) to work on /home/airflow/.local/lib/python3.7/site-packages/airflow/example_dags/example_branch_python_dop_operator_3.py
[2023-09-14T16:59:35.917+0000] {processor.py:799} INFO - Processing file /home/airflow/.local/lib/python3.7/site-packages/airflow/example_dags/example_branch_python_dop_operator_3.py for tasks to queue
[2023-09-14T16:59:35.919+0000] {logging_mixin.py:149} INFO - [2023-09-14T16:59:35.919+0000] {dagbag.py:541} INFO - Filling up the DagBag from /home/airflow/.local/lib/python3.7/site-packages/airflow/example_dags/example_branch_python_dop_operator_3.py
[2023-09-14T16:59:35.938+0000] {processor.py:809} INFO - DAG(s) dict_keys(['example_branch_dop_operator_v3']) retrieved from /home/airflow/.local/lib/python3.7/site-packages/airflow/example_dags/example_branch_python_dop_operator_3.py
[2023-09-14T16:59:36.025+0000] {logging_mixin.py:149} INFO - [2023-09-14T16:59:36.025+0000] {dag.py:2726} INFO - Sync 1 DAGs
[2023-09-14T16:59:36.108+0000] {logging_mixin.py:149} INFO - [2023-09-14T16:59:36.107+0000] {dag.py:3490} INFO - Setting next_dagrun for example_branch_dop_operator_v3 to 2023-09-14T16:58:00+00:00, run_after=2023-09-14T16:59:00+00:00
[2023-09-14T16:59:36.196+0000] {processor.py:178} INFO - Processing /home/airflow/.local/lib/python3.7/site-packages/airflow/example_dags/example_branch_python_dop_operator_3.py took 0.291 seconds
[2023-09-14T17:00:10.831+0000] {processor.py:156} INFO - Started process (PID=2522) to work on /home/airflow/.local/lib/python3.7/site-packages/airflow/example_dags/example_branch_python_dop_operator_3.py
[2023-09-14T17:00:10.853+0000] {processor.py:799} INFO - Processing file /home/airflow/.local/lib/python3.7/site-packages/airflow/example_dags/example_branch_python_dop_operator_3.py for tasks to queue
[2023-09-14T17:00:10.857+0000] {logging_mixin.py:149} INFO - [2023-09-14T17:00:10.857+0000] {dagbag.py:541} INFO - Filling up the DagBag from /home/airflow/.local/lib/python3.7/site-packages/airflow/example_dags/example_branch_python_dop_operator_3.py
[2023-09-14T17:00:10.916+0000] {processor.py:809} INFO - DAG(s) dict_keys(['example_branch_dop_operator_v3']) retrieved from /home/airflow/.local/lib/python3.7/site-packages/airflow/example_dags/example_branch_python_dop_operator_3.py
[2023-09-14T17:00:11.063+0000] {logging_mixin.py:149} INFO - [2023-09-14T17:00:11.063+0000] {dag.py:2726} INFO - Sync 1 DAGs
[2023-09-14T17:00:11.368+0000] {logging_mixin.py:149} INFO - [2023-09-14T17:00:11.368+0000] {dag.py:3490} INFO - Setting next_dagrun for example_branch_dop_operator_v3 to 2023-09-14T16:59:00+00:00, run_after=2023-09-14T17:00:00+00:00
[2023-09-14T17:00:11.493+0000] {processor.py:178} INFO - Processing /home/airflow/.local/lib/python3.7/site-packages/airflow/example_dags/example_branch_python_dop_operator_3.py took 0.686 seconds
[2023-09-14T17:00:41.692+0000] {processor.py:156} INFO - Started process (PID=2586) to work on /home/airflow/.local/lib/python3.7/site-packages/airflow/example_dags/example_branch_python_dop_operator_3.py
[2023-09-14T17:00:41.695+0000] {processor.py:799} INFO - Processing file /home/airflow/.local/lib/python3.7/site-packages/airflow/example_dags/example_branch_python_dop_operator_3.py for tasks to queue
[2023-09-14T17:00:41.699+0000] {logging_mixin.py:149} INFO - [2023-09-14T17:00:41.698+0000] {dagbag.py:541} INFO - Filling up the DagBag from /home/airflow/.local/lib/python3.7/site-packages/airflow/example_dags/example_branch_python_dop_operator_3.py
[2023-09-14T17:00:41.762+0000] {processor.py:809} INFO - DAG(s) dict_keys(['example_branch_dop_operator_v3']) retrieved from /home/airflow/.local/lib/python3.7/site-packages/airflow/example_dags/example_branch_python_dop_operator_3.py
[2023-09-14T17:00:41.824+0000] {logging_mixin.py:149} INFO - [2023-09-14T17:00:41.824+0000] {dag.py:2726} INFO - Sync 1 DAGs
[2023-09-14T17:00:41.896+0000] {logging_mixin.py:149} INFO - [2023-09-14T17:00:41.889+0000] {dag.py:3490} INFO - Setting next_dagrun for example_branch_dop_operator_v3 to 2023-09-14T16:59:00+00:00, run_after=2023-09-14T17:00:00+00:00
[2023-09-14T17:00:41.981+0000] {processor.py:178} INFO - Processing /home/airflow/.local/lib/python3.7/site-packages/airflow/example_dags/example_branch_python_dop_operator_3.py took 0.296 seconds
[2023-09-14T17:01:12.828+0000] {processor.py:156} INFO - Started process (PID=2650) to work on /home/airflow/.local/lib/python3.7/site-packages/airflow/example_dags/example_branch_python_dop_operator_3.py
[2023-09-14T17:01:12.831+0000] {processor.py:799} INFO - Processing file /home/airflow/.local/lib/python3.7/site-packages/airflow/example_dags/example_branch_python_dop_operator_3.py for tasks to queue
[2023-09-14T17:01:12.834+0000] {logging_mixin.py:149} INFO - [2023-09-14T17:01:12.833+0000] {dagbag.py:541} INFO - Filling up the DagBag from /home/airflow/.local/lib/python3.7/site-packages/airflow/example_dags/example_branch_python_dop_operator_3.py
[2023-09-14T17:01:12.851+0000] {processor.py:809} INFO - DAG(s) dict_keys(['example_branch_dop_operator_v3']) retrieved from /home/airflow/.local/lib/python3.7/site-packages/airflow/example_dags/example_branch_python_dop_operator_3.py
[2023-09-14T17:01:12.895+0000] {logging_mixin.py:149} INFO - [2023-09-14T17:01:12.895+0000] {dag.py:2726} INFO - Sync 1 DAGs
[2023-09-14T17:01:12.942+0000] {logging_mixin.py:149} INFO - [2023-09-14T17:01:12.942+0000] {dag.py:3490} INFO - Setting next_dagrun for example_branch_dop_operator_v3 to 2023-09-14T17:00:00+00:00, run_after=2023-09-14T17:01:00+00:00
[2023-09-14T17:01:12.982+0000] {processor.py:178} INFO - Processing /home/airflow/.local/lib/python3.7/site-packages/airflow/example_dags/example_branch_python_dop_operator_3.py took 0.170 seconds
[2023-09-14T17:01:43.404+0000] {processor.py:156} INFO - Started process (PID=2714) to work on /home/airflow/.local/lib/python3.7/site-packages/airflow/example_dags/example_branch_python_dop_operator_3.py
[2023-09-14T17:01:43.407+0000] {processor.py:799} INFO - Processing file /home/airflow/.local/lib/python3.7/site-packages/airflow/example_dags/example_branch_python_dop_operator_3.py for tasks to queue
[2023-09-14T17:01:43.409+0000] {logging_mixin.py:149} INFO - [2023-09-14T17:01:43.409+0000] {dagbag.py:541} INFO - Filling up the DagBag from /home/airflow/.local/lib/python3.7/site-packages/airflow/example_dags/example_branch_python_dop_operator_3.py
[2023-09-14T17:01:43.420+0000] {processor.py:809} INFO - DAG(s) dict_keys(['example_branch_dop_operator_v3']) retrieved from /home/airflow/.local/lib/python3.7/site-packages/airflow/example_dags/example_branch_python_dop_operator_3.py
[2023-09-14T17:01:43.468+0000] {logging_mixin.py:149} INFO - [2023-09-14T17:01:43.468+0000] {dag.py:2726} INFO - Sync 1 DAGs
[2023-09-14T17:01:43.523+0000] {logging_mixin.py:149} INFO - [2023-09-14T17:01:43.523+0000] {dag.py:3490} INFO - Setting next_dagrun for example_branch_dop_operator_v3 to 2023-09-14T17:00:00+00:00, run_after=2023-09-14T17:01:00+00:00
[2023-09-14T17:01:43.569+0000] {processor.py:178} INFO - Processing /home/airflow/.local/lib/python3.7/site-packages/airflow/example_dags/example_branch_python_dop_operator_3.py took 0.172 seconds
[2023-09-14T17:02:14.212+0000] {processor.py:156} INFO - Started process (PID=2779) to work on /home/airflow/.local/lib/python3.7/site-packages/airflow/example_dags/example_branch_python_dop_operator_3.py
[2023-09-14T17:02:14.214+0000] {processor.py:799} INFO - Processing file /home/airflow/.local/lib/python3.7/site-packages/airflow/example_dags/example_branch_python_dop_operator_3.py for tasks to queue
[2023-09-14T17:02:14.216+0000] {logging_mixin.py:149} INFO - [2023-09-14T17:02:14.215+0000] {dagbag.py:541} INFO - Filling up the DagBag from /home/airflow/.local/lib/python3.7/site-packages/airflow/example_dags/example_branch_python_dop_operator_3.py
[2023-09-14T17:02:14.242+0000] {processor.py:809} INFO - DAG(s) dict_keys(['example_branch_dop_operator_v3']) retrieved from /home/airflow/.local/lib/python3.7/site-packages/airflow/example_dags/example_branch_python_dop_operator_3.py
[2023-09-14T17:02:14.294+0000] {logging_mixin.py:149} INFO - [2023-09-14T17:02:14.294+0000] {dag.py:2726} INFO - Sync 1 DAGs
[2023-09-14T17:02:14.372+0000] {logging_mixin.py:149} INFO - [2023-09-14T17:02:14.372+0000] {dag.py:3490} INFO - Setting next_dagrun for example_branch_dop_operator_v3 to 2023-09-14T17:01:00+00:00, run_after=2023-09-14T17:02:00+00:00
[2023-09-14T17:02:14.426+0000] {processor.py:178} INFO - Processing /home/airflow/.local/lib/python3.7/site-packages/airflow/example_dags/example_branch_python_dop_operator_3.py took 0.221 seconds
[2023-09-14T17:03:57.071+0000] {processor.py:156} INFO - Started process (PID=42) to work on /home/airflow/.local/lib/python3.7/site-packages/airflow/example_dags/example_branch_python_dop_operator_3.py
[2023-09-14T17:03:57.084+0000] {processor.py:799} INFO - Processing file /home/airflow/.local/lib/python3.7/site-packages/airflow/example_dags/example_branch_python_dop_operator_3.py for tasks to queue
[2023-09-14T17:03:57.091+0000] {logging_mixin.py:149} INFO - [2023-09-14T17:03:57.091+0000] {dagbag.py:541} INFO - Filling up the DagBag from /home/airflow/.local/lib/python3.7/site-packages/airflow/example_dags/example_branch_python_dop_operator_3.py
[2023-09-14T17:03:57.177+0000] {processor.py:809} INFO - DAG(s) dict_keys(['example_branch_dop_operator_v3']) retrieved from /home/airflow/.local/lib/python3.7/site-packages/airflow/example_dags/example_branch_python_dop_operator_3.py
[2023-09-14T17:03:57.332+0000] {logging_mixin.py:149} INFO - [2023-09-14T17:03:57.331+0000] {dag.py:2726} INFO - Sync 1 DAGs
[2023-09-14T17:03:57.492+0000] {logging_mixin.py:149} INFO - [2023-09-14T17:03:57.492+0000] {dag.py:3490} INFO - Setting next_dagrun for example_branch_dop_operator_v3 to 2023-09-14T17:02:00+00:00, run_after=2023-09-14T17:03:00+00:00
[2023-09-14T17:03:57.591+0000] {processor.py:178} INFO - Processing /home/airflow/.local/lib/python3.7/site-packages/airflow/example_dags/example_branch_python_dop_operator_3.py took 0.546 seconds
