[2023-09-14T16:10:59.409+0000] {processor.py:156} INFO - Started process (PID=83) to work on /home/airflow/.local/lib/python3.7/site-packages/airflow/example_dags/example_xcom.py
[2023-09-14T16:10:59.424+0000] {processor.py:799} INFO - Processing file /home/airflow/.local/lib/python3.7/site-packages/airflow/example_dags/example_xcom.py for tasks to queue
[2023-09-14T16:10:59.431+0000] {logging_mixin.py:149} INFO - [2023-09-14T16:10:59.430+0000] {dagbag.py:541} INFO - Filling up the DagBag from /home/airflow/.local/lib/python3.7/site-packages/airflow/example_dags/example_xcom.py
[2023-09-14T16:10:59.921+0000] {processor.py:809} INFO - DAG(s) dict_keys(['example_xcom']) retrieved from /home/airflow/.local/lib/python3.7/site-packages/airflow/example_dags/example_xcom.py
[2023-09-14T16:11:00.761+0000] {logging_mixin.py:149} INFO - [2023-09-14T16:11:00.754+0000] {dag.py:2726} INFO - Sync 1 DAGs
[2023-09-14T16:11:01.446+0000] {logging_mixin.py:149} INFO - [2023-09-14T16:11:01.444+0000] {dag.py:3490} INFO - Setting next_dagrun for example_xcom to 2021-01-01T00:00:00+00:00, run_after=2021-01-01T00:00:00+00:00
[2023-09-14T16:11:01.675+0000] {processor.py:178} INFO - Processing /home/airflow/.local/lib/python3.7/site-packages/airflow/example_dags/example_xcom.py took 2.279 seconds
[2023-09-14T16:11:56.348+0000] {processor.py:156} INFO - Started process (PID=152) to work on /home/airflow/.local/lib/python3.7/site-packages/airflow/example_dags/example_xcom.py
[2023-09-14T16:11:56.352+0000] {processor.py:799} INFO - Processing file /home/airflow/.local/lib/python3.7/site-packages/airflow/example_dags/example_xcom.py for tasks to queue
[2023-09-14T16:11:56.362+0000] {logging_mixin.py:149} INFO - [2023-09-14T16:11:56.362+0000] {dagbag.py:541} INFO - Filling up the DagBag from /home/airflow/.local/lib/python3.7/site-packages/airflow/example_dags/example_xcom.py
[2023-09-14T16:11:56.406+0000] {processor.py:809} INFO - DAG(s) dict_keys(['example_xcom']) retrieved from /home/airflow/.local/lib/python3.7/site-packages/airflow/example_dags/example_xcom.py
[2023-09-14T16:11:56.584+0000] {logging_mixin.py:149} INFO - [2023-09-14T16:11:56.583+0000] {dag.py:2726} INFO - Sync 1 DAGs
[2023-09-14T16:11:57.168+0000] {logging_mixin.py:149} INFO - [2023-09-14T16:11:57.168+0000] {dag.py:3490} INFO - Setting next_dagrun for example_xcom to 2021-01-01T00:00:00+00:00, run_after=2021-01-01T00:00:00+00:00
[2023-09-14T16:11:57.322+0000] {processor.py:178} INFO - Processing /home/airflow/.local/lib/python3.7/site-packages/airflow/example_dags/example_xcom.py took 0.984 seconds
[2023-09-14T16:12:33.266+0000] {processor.py:156} INFO - Started process (PID=213) to work on /home/airflow/.local/lib/python3.7/site-packages/airflow/example_dags/example_xcom.py
[2023-09-14T16:12:33.279+0000] {processor.py:799} INFO - Processing file /home/airflow/.local/lib/python3.7/site-packages/airflow/example_dags/example_xcom.py for tasks to queue
[2023-09-14T16:12:33.283+0000] {logging_mixin.py:149} INFO - [2023-09-14T16:12:33.282+0000] {dagbag.py:541} INFO - Filling up the DagBag from /home/airflow/.local/lib/python3.7/site-packages/airflow/example_dags/example_xcom.py
[2023-09-14T16:12:33.349+0000] {processor.py:809} INFO - DAG(s) dict_keys(['example_xcom']) retrieved from /home/airflow/.local/lib/python3.7/site-packages/airflow/example_dags/example_xcom.py
[2023-09-14T16:12:33.553+0000] {logging_mixin.py:149} INFO - [2023-09-14T16:12:33.552+0000] {dag.py:2726} INFO - Sync 1 DAGs
[2023-09-14T16:12:33.745+0000] {logging_mixin.py:149} INFO - [2023-09-14T16:12:33.744+0000] {dag.py:3490} INFO - Setting next_dagrun for example_xcom to 2021-01-01T00:00:00+00:00, run_after=2021-01-01T00:00:00+00:00
[2023-09-14T16:12:33.863+0000] {processor.py:178} INFO - Processing /home/airflow/.local/lib/python3.7/site-packages/airflow/example_dags/example_xcom.py took 0.617 seconds
[2023-09-14T16:13:10.278+0000] {processor.py:156} INFO - Started process (PID=274) to work on /home/airflow/.local/lib/python3.7/site-packages/airflow/example_dags/example_xcom.py
[2023-09-14T16:13:10.281+0000] {processor.py:799} INFO - Processing file /home/airflow/.local/lib/python3.7/site-packages/airflow/example_dags/example_xcom.py for tasks to queue
[2023-09-14T16:13:10.311+0000] {logging_mixin.py:149} INFO - [2023-09-14T16:13:10.310+0000] {dagbag.py:541} INFO - Filling up the DagBag from /home/airflow/.local/lib/python3.7/site-packages/airflow/example_dags/example_xcom.py
[2023-09-14T16:13:10.380+0000] {processor.py:809} INFO - DAG(s) dict_keys(['example_xcom']) retrieved from /home/airflow/.local/lib/python3.7/site-packages/airflow/example_dags/example_xcom.py
[2023-09-14T16:13:10.531+0000] {logging_mixin.py:149} INFO - [2023-09-14T16:13:10.527+0000] {dag.py:2726} INFO - Sync 1 DAGs
[2023-09-14T16:13:10.695+0000] {logging_mixin.py:149} INFO - [2023-09-14T16:13:10.695+0000] {dag.py:3490} INFO - Setting next_dagrun for example_xcom to 2021-01-01T00:00:00+00:00, run_after=2021-01-01T00:00:00+00:00
[2023-09-14T16:13:10.802+0000] {processor.py:178} INFO - Processing /home/airflow/.local/lib/python3.7/site-packages/airflow/example_dags/example_xcom.py took 0.545 seconds
[2023-09-14T16:13:46.059+0000] {processor.py:156} INFO - Started process (PID=326) to work on /home/airflow/.local/lib/python3.7/site-packages/airflow/example_dags/example_xcom.py
[2023-09-14T16:13:46.064+0000] {processor.py:799} INFO - Processing file /home/airflow/.local/lib/python3.7/site-packages/airflow/example_dags/example_xcom.py for tasks to queue
[2023-09-14T16:13:46.068+0000] {logging_mixin.py:149} INFO - [2023-09-14T16:13:46.067+0000] {dagbag.py:541} INFO - Filling up the DagBag from /home/airflow/.local/lib/python3.7/site-packages/airflow/example_dags/example_xcom.py
[2023-09-14T16:13:46.119+0000] {processor.py:809} INFO - DAG(s) dict_keys(['example_xcom']) retrieved from /home/airflow/.local/lib/python3.7/site-packages/airflow/example_dags/example_xcom.py
[2023-09-14T16:13:46.262+0000] {logging_mixin.py:149} INFO - [2023-09-14T16:13:46.262+0000] {dag.py:2726} INFO - Sync 1 DAGs
[2023-09-14T16:13:46.422+0000] {logging_mixin.py:149} INFO - [2023-09-14T16:13:46.421+0000] {dag.py:3490} INFO - Setting next_dagrun for example_xcom to 2021-01-01T00:00:00+00:00, run_after=2021-01-01T00:00:00+00:00
[2023-09-14T16:13:46.504+0000] {processor.py:178} INFO - Processing /home/airflow/.local/lib/python3.7/site-packages/airflow/example_dags/example_xcom.py took 0.461 seconds
[2023-09-14T16:14:20.953+0000] {processor.py:156} INFO - Started process (PID=387) to work on /home/airflow/.local/lib/python3.7/site-packages/airflow/example_dags/example_xcom.py
[2023-09-14T16:14:20.956+0000] {processor.py:799} INFO - Processing file /home/airflow/.local/lib/python3.7/site-packages/airflow/example_dags/example_xcom.py for tasks to queue
[2023-09-14T16:14:20.958+0000] {logging_mixin.py:149} INFO - [2023-09-14T16:14:20.958+0000] {dagbag.py:541} INFO - Filling up the DagBag from /home/airflow/.local/lib/python3.7/site-packages/airflow/example_dags/example_xcom.py
[2023-09-14T16:14:20.976+0000] {processor.py:809} INFO - DAG(s) dict_keys(['example_xcom']) retrieved from /home/airflow/.local/lib/python3.7/site-packages/airflow/example_dags/example_xcom.py
[2023-09-14T16:14:21.062+0000] {logging_mixin.py:149} INFO - [2023-09-14T16:14:21.061+0000] {dag.py:2726} INFO - Sync 1 DAGs
[2023-09-14T16:14:21.156+0000] {logging_mixin.py:149} INFO - [2023-09-14T16:14:21.155+0000] {dag.py:3490} INFO - Setting next_dagrun for example_xcom to 2021-01-01T00:00:00+00:00, run_after=2021-01-01T00:00:00+00:00
[2023-09-14T16:14:21.222+0000] {processor.py:178} INFO - Processing /home/airflow/.local/lib/python3.7/site-packages/airflow/example_dags/example_xcom.py took 0.274 seconds
[2023-09-14T16:14:51.340+0000] {processor.py:156} INFO - Started process (PID=449) to work on /home/airflow/.local/lib/python3.7/site-packages/airflow/example_dags/example_xcom.py
[2023-09-14T16:14:51.342+0000] {processor.py:799} INFO - Processing file /home/airflow/.local/lib/python3.7/site-packages/airflow/example_dags/example_xcom.py for tasks to queue
[2023-09-14T16:14:51.345+0000] {logging_mixin.py:149} INFO - [2023-09-14T16:14:51.344+0000] {dagbag.py:541} INFO - Filling up the DagBag from /home/airflow/.local/lib/python3.7/site-packages/airflow/example_dags/example_xcom.py
[2023-09-14T16:14:51.366+0000] {processor.py:809} INFO - DAG(s) dict_keys(['example_xcom']) retrieved from /home/airflow/.local/lib/python3.7/site-packages/airflow/example_dags/example_xcom.py
[2023-09-14T16:14:51.432+0000] {logging_mixin.py:149} INFO - [2023-09-14T16:14:51.432+0000] {dag.py:2726} INFO - Sync 1 DAGs
[2023-09-14T16:14:51.486+0000] {logging_mixin.py:149} INFO - [2023-09-14T16:14:51.486+0000] {dag.py:3490} INFO - Setting next_dagrun for example_xcom to 2021-01-01T00:00:00+00:00, run_after=2021-01-01T00:00:00+00:00
[2023-09-14T16:14:51.534+0000] {processor.py:178} INFO - Processing /home/airflow/.local/lib/python3.7/site-packages/airflow/example_dags/example_xcom.py took 0.200 seconds
[2023-09-14T16:15:22.006+0000] {processor.py:156} INFO - Started process (PID=510) to work on /home/airflow/.local/lib/python3.7/site-packages/airflow/example_dags/example_xcom.py
[2023-09-14T16:15:22.011+0000] {processor.py:799} INFO - Processing file /home/airflow/.local/lib/python3.7/site-packages/airflow/example_dags/example_xcom.py for tasks to queue
[2023-09-14T16:15:22.014+0000] {logging_mixin.py:149} INFO - [2023-09-14T16:15:22.013+0000] {dagbag.py:541} INFO - Filling up the DagBag from /home/airflow/.local/lib/python3.7/site-packages/airflow/example_dags/example_xcom.py
[2023-09-14T16:15:22.047+0000] {processor.py:809} INFO - DAG(s) dict_keys(['example_xcom']) retrieved from /home/airflow/.local/lib/python3.7/site-packages/airflow/example_dags/example_xcom.py
[2023-09-14T16:15:22.122+0000] {logging_mixin.py:149} INFO - [2023-09-14T16:15:22.122+0000] {dag.py:2726} INFO - Sync 1 DAGs
[2023-09-14T16:15:22.199+0000] {logging_mixin.py:149} INFO - [2023-09-14T16:15:22.199+0000] {dag.py:3490} INFO - Setting next_dagrun for example_xcom to 2021-01-01T00:00:00+00:00, run_after=2021-01-01T00:00:00+00:00
[2023-09-14T16:15:22.254+0000] {processor.py:178} INFO - Processing /home/airflow/.local/lib/python3.7/site-packages/airflow/example_dags/example_xcom.py took 0.258 seconds
[2023-09-14T16:15:52.708+0000] {processor.py:156} INFO - Started process (PID=571) to work on /home/airflow/.local/lib/python3.7/site-packages/airflow/example_dags/example_xcom.py
[2023-09-14T16:15:52.710+0000] {processor.py:799} INFO - Processing file /home/airflow/.local/lib/python3.7/site-packages/airflow/example_dags/example_xcom.py for tasks to queue
[2023-09-14T16:15:52.713+0000] {logging_mixin.py:149} INFO - [2023-09-14T16:15:52.712+0000] {dagbag.py:541} INFO - Filling up the DagBag from /home/airflow/.local/lib/python3.7/site-packages/airflow/example_dags/example_xcom.py
[2023-09-14T16:15:52.729+0000] {processor.py:809} INFO - DAG(s) dict_keys(['example_xcom']) retrieved from /home/airflow/.local/lib/python3.7/site-packages/airflow/example_dags/example_xcom.py
[2023-09-14T16:15:52.772+0000] {logging_mixin.py:149} INFO - [2023-09-14T16:15:52.772+0000] {dag.py:2726} INFO - Sync 1 DAGs
[2023-09-14T16:15:52.829+0000] {logging_mixin.py:149} INFO - [2023-09-14T16:15:52.829+0000] {dag.py:3490} INFO - Setting next_dagrun for example_xcom to 2021-01-01T00:00:00+00:00, run_after=2021-01-01T00:00:00+00:00
[2023-09-14T16:15:52.875+0000] {processor.py:178} INFO - Processing /home/airflow/.local/lib/python3.7/site-packages/airflow/example_dags/example_xcom.py took 0.172 seconds
[2023-09-14T16:16:23.230+0000] {processor.py:156} INFO - Started process (PID=632) to work on /home/airflow/.local/lib/python3.7/site-packages/airflow/example_dags/example_xcom.py
[2023-09-14T16:16:23.232+0000] {processor.py:799} INFO - Processing file /home/airflow/.local/lib/python3.7/site-packages/airflow/example_dags/example_xcom.py for tasks to queue
[2023-09-14T16:16:23.235+0000] {logging_mixin.py:149} INFO - [2023-09-14T16:16:23.235+0000] {dagbag.py:541} INFO - Filling up the DagBag from /home/airflow/.local/lib/python3.7/site-packages/airflow/example_dags/example_xcom.py
[2023-09-14T16:16:23.247+0000] {processor.py:809} INFO - DAG(s) dict_keys(['example_xcom']) retrieved from /home/airflow/.local/lib/python3.7/site-packages/airflow/example_dags/example_xcom.py
[2023-09-14T16:16:23.290+0000] {logging_mixin.py:149} INFO - [2023-09-14T16:16:23.290+0000] {dag.py:2726} INFO - Sync 1 DAGs
[2023-09-14T16:16:23.332+0000] {logging_mixin.py:149} INFO - [2023-09-14T16:16:23.332+0000] {dag.py:3490} INFO - Setting next_dagrun for example_xcom to 2021-01-01T00:00:00+00:00, run_after=2021-01-01T00:00:00+00:00
[2023-09-14T16:16:23.369+0000] {processor.py:178} INFO - Processing /home/airflow/.local/lib/python3.7/site-packages/airflow/example_dags/example_xcom.py took 0.145 seconds
[2023-09-14T16:16:53.991+0000] {processor.py:156} INFO - Started process (PID=693) to work on /home/airflow/.local/lib/python3.7/site-packages/airflow/example_dags/example_xcom.py
[2023-09-14T16:16:53.994+0000] {processor.py:799} INFO - Processing file /home/airflow/.local/lib/python3.7/site-packages/airflow/example_dags/example_xcom.py for tasks to queue
[2023-09-14T16:16:53.998+0000] {logging_mixin.py:149} INFO - [2023-09-14T16:16:53.998+0000] {dagbag.py:541} INFO - Filling up the DagBag from /home/airflow/.local/lib/python3.7/site-packages/airflow/example_dags/example_xcom.py
[2023-09-14T16:16:54.015+0000] {processor.py:809} INFO - DAG(s) dict_keys(['example_xcom']) retrieved from /home/airflow/.local/lib/python3.7/site-packages/airflow/example_dags/example_xcom.py
[2023-09-14T16:16:54.118+0000] {logging_mixin.py:149} INFO - [2023-09-14T16:16:54.108+0000] {dag.py:2726} INFO - Sync 1 DAGs
[2023-09-14T16:16:54.244+0000] {logging_mixin.py:149} INFO - [2023-09-14T16:16:54.243+0000] {dag.py:3490} INFO - Setting next_dagrun for example_xcom to 2021-01-01T00:00:00+00:00, run_after=2021-01-01T00:00:00+00:00
[2023-09-14T16:16:54.321+0000] {processor.py:178} INFO - Processing /home/airflow/.local/lib/python3.7/site-packages/airflow/example_dags/example_xcom.py took 0.337 seconds
[2023-09-14T16:35:59.831+0000] {processor.py:156} INFO - Started process (PID=62) to work on /home/airflow/.local/lib/python3.7/site-packages/airflow/example_dags/example_xcom.py
[2023-09-14T16:35:59.864+0000] {processor.py:799} INFO - Processing file /home/airflow/.local/lib/python3.7/site-packages/airflow/example_dags/example_xcom.py for tasks to queue
[2023-09-14T16:35:59.880+0000] {logging_mixin.py:149} INFO - [2023-09-14T16:35:59.877+0000] {dagbag.py:541} INFO - Filling up the DagBag from /home/airflow/.local/lib/python3.7/site-packages/airflow/example_dags/example_xcom.py
[2023-09-14T16:36:00.239+0000] {processor.py:809} INFO - DAG(s) dict_keys(['example_xcom']) retrieved from /home/airflow/.local/lib/python3.7/site-packages/airflow/example_dags/example_xcom.py
[2023-09-14T16:36:01.108+0000] {logging_mixin.py:149} INFO - [2023-09-14T16:36:01.106+0000] {dag.py:2726} INFO - Sync 1 DAGs
[2023-09-14T16:36:01.250+0000] {logging_mixin.py:149} INFO - [2023-09-14T16:36:01.249+0000] {dag.py:3490} INFO - Setting next_dagrun for example_xcom to 2021-01-01T00:00:00+00:00, run_after=2021-01-01T00:00:00+00:00
[2023-09-14T16:36:01.372+0000] {processor.py:178} INFO - Processing /home/airflow/.local/lib/python3.7/site-packages/airflow/example_dags/example_xcom.py took 1.591 seconds
[2023-09-14T16:36:37.347+0000] {processor.py:156} INFO - Started process (PID=130) to work on /home/airflow/.local/lib/python3.7/site-packages/airflow/example_dags/example_xcom.py
[2023-09-14T16:36:37.351+0000] {processor.py:799} INFO - Processing file /home/airflow/.local/lib/python3.7/site-packages/airflow/example_dags/example_xcom.py for tasks to queue
[2023-09-14T16:36:37.354+0000] {logging_mixin.py:149} INFO - [2023-09-14T16:36:37.353+0000] {dagbag.py:541} INFO - Filling up the DagBag from /home/airflow/.local/lib/python3.7/site-packages/airflow/example_dags/example_xcom.py
[2023-09-14T16:36:37.380+0000] {processor.py:809} INFO - DAG(s) dict_keys(['example_xcom']) retrieved from /home/airflow/.local/lib/python3.7/site-packages/airflow/example_dags/example_xcom.py
[2023-09-14T16:36:37.455+0000] {logging_mixin.py:149} INFO - [2023-09-14T16:36:37.454+0000] {dag.py:2726} INFO - Sync 1 DAGs
[2023-09-14T16:36:37.800+0000] {logging_mixin.py:149} INFO - [2023-09-14T16:36:37.799+0000] {dag.py:3490} INFO - Setting next_dagrun for example_xcom to 2021-01-01T00:00:00+00:00, run_after=2021-01-01T00:00:00+00:00
[2023-09-14T16:36:37.862+0000] {processor.py:178} INFO - Processing /home/airflow/.local/lib/python3.7/site-packages/airflow/example_dags/example_xcom.py took 0.525 seconds
[2023-09-14T16:38:53.105+0000] {processor.py:156} INFO - Started process (PID=62) to work on /home/airflow/.local/lib/python3.7/site-packages/airflow/example_dags/example_xcom.py
[2023-09-14T16:38:53.132+0000] {processor.py:799} INFO - Processing file /home/airflow/.local/lib/python3.7/site-packages/airflow/example_dags/example_xcom.py for tasks to queue
[2023-09-14T16:38:53.174+0000] {logging_mixin.py:149} INFO - [2023-09-14T16:38:53.171+0000] {dagbag.py:541} INFO - Filling up the DagBag from /home/airflow/.local/lib/python3.7/site-packages/airflow/example_dags/example_xcom.py
[2023-09-14T16:38:55.741+0000] {processor.py:809} INFO - DAG(s) dict_keys(['example_xcom']) retrieved from /home/airflow/.local/lib/python3.7/site-packages/airflow/example_dags/example_xcom.py
[2023-09-14T16:39:01.265+0000] {logging_mixin.py:149} INFO - [2023-09-14T16:39:01.247+0000] {dag.py:2726} INFO - Sync 1 DAGs
[2023-09-14T16:39:06.684+0000] {logging_mixin.py:149} INFO - [2023-09-14T16:39:06.539+0000] {dag.py:3490} INFO - Setting next_dagrun for example_xcom to 2021-01-01T00:00:00+00:00, run_after=2021-01-01T00:00:00+00:00
[2023-09-14T16:39:07.442+0000] {processor.py:178} INFO - Processing /home/airflow/.local/lib/python3.7/site-packages/airflow/example_dags/example_xcom.py took 14.393 seconds
[2023-09-14T16:39:40.230+0000] {processor.py:156} INFO - Started process (PID=122) to work on /home/airflow/.local/lib/python3.7/site-packages/airflow/example_dags/example_xcom.py
[2023-09-14T16:39:40.236+0000] {processor.py:799} INFO - Processing file /home/airflow/.local/lib/python3.7/site-packages/airflow/example_dags/example_xcom.py for tasks to queue
[2023-09-14T16:39:40.243+0000] {logging_mixin.py:149} INFO - [2023-09-14T16:39:40.242+0000] {dagbag.py:541} INFO - Filling up the DagBag from /home/airflow/.local/lib/python3.7/site-packages/airflow/example_dags/example_xcom.py
[2023-09-14T16:39:40.279+0000] {processor.py:809} INFO - DAG(s) dict_keys(['example_xcom']) retrieved from /home/airflow/.local/lib/python3.7/site-packages/airflow/example_dags/example_xcom.py
[2023-09-14T16:39:40.390+0000] {logging_mixin.py:149} INFO - [2023-09-14T16:39:40.390+0000] {dag.py:2726} INFO - Sync 1 DAGs
[2023-09-14T16:39:40.756+0000] {logging_mixin.py:149} INFO - [2023-09-14T16:39:40.755+0000] {dag.py:3490} INFO - Setting next_dagrun for example_xcom to 2021-01-01T00:00:00+00:00, run_after=2021-01-01T00:00:00+00:00
[2023-09-14T16:39:40.808+0000] {processor.py:178} INFO - Processing /home/airflow/.local/lib/python3.7/site-packages/airflow/example_dags/example_xcom.py took 0.594 seconds
[2023-09-14T16:40:14.755+0000] {processor.py:156} INFO - Started process (PID=190) to work on /home/airflow/.local/lib/python3.7/site-packages/airflow/example_dags/example_xcom.py
[2023-09-14T16:40:14.757+0000] {processor.py:799} INFO - Processing file /home/airflow/.local/lib/python3.7/site-packages/airflow/example_dags/example_xcom.py for tasks to queue
[2023-09-14T16:40:14.760+0000] {logging_mixin.py:149} INFO - [2023-09-14T16:40:14.760+0000] {dagbag.py:541} INFO - Filling up the DagBag from /home/airflow/.local/lib/python3.7/site-packages/airflow/example_dags/example_xcom.py
[2023-09-14T16:40:15.005+0000] {processor.py:809} INFO - DAG(s) dict_keys(['example_xcom']) retrieved from /home/airflow/.local/lib/python3.7/site-packages/airflow/example_dags/example_xcom.py
[2023-09-14T16:40:15.061+0000] {logging_mixin.py:149} INFO - [2023-09-14T16:40:15.061+0000] {dag.py:2726} INFO - Sync 1 DAGs
[2023-09-14T16:40:15.112+0000] {logging_mixin.py:149} INFO - [2023-09-14T16:40:15.112+0000] {dag.py:3490} INFO - Setting next_dagrun for example_xcom to 2021-01-01T00:00:00+00:00, run_after=2021-01-01T00:00:00+00:00
[2023-09-14T16:40:15.159+0000] {processor.py:178} INFO - Processing /home/airflow/.local/lib/python3.7/site-packages/airflow/example_dags/example_xcom.py took 0.409 seconds
[2023-09-14T16:40:45.768+0000] {processor.py:156} INFO - Started process (PID=251) to work on /home/airflow/.local/lib/python3.7/site-packages/airflow/example_dags/example_xcom.py
[2023-09-14T16:40:45.799+0000] {processor.py:799} INFO - Processing file /home/airflow/.local/lib/python3.7/site-packages/airflow/example_dags/example_xcom.py for tasks to queue
[2023-09-14T16:40:45.817+0000] {logging_mixin.py:149} INFO - [2023-09-14T16:40:45.816+0000] {dagbag.py:541} INFO - Filling up the DagBag from /home/airflow/.local/lib/python3.7/site-packages/airflow/example_dags/example_xcom.py
[2023-09-14T16:40:45.882+0000] {processor.py:809} INFO - DAG(s) dict_keys(['example_xcom']) retrieved from /home/airflow/.local/lib/python3.7/site-packages/airflow/example_dags/example_xcom.py
[2023-09-14T16:40:46.165+0000] {logging_mixin.py:149} INFO - [2023-09-14T16:40:46.165+0000] {dag.py:2726} INFO - Sync 1 DAGs
[2023-09-14T16:40:46.488+0000] {logging_mixin.py:149} INFO - [2023-09-14T16:40:46.487+0000] {dag.py:3490} INFO - Setting next_dagrun for example_xcom to 2021-01-01T00:00:00+00:00, run_after=2021-01-01T00:00:00+00:00
[2023-09-14T16:40:46.678+0000] {processor.py:178} INFO - Processing /home/airflow/.local/lib/python3.7/site-packages/airflow/example_dags/example_xcom.py took 0.959 seconds
[2023-09-14T16:41:16.987+0000] {processor.py:156} INFO - Started process (PID=312) to work on /home/airflow/.local/lib/python3.7/site-packages/airflow/example_dags/example_xcom.py
[2023-09-14T16:41:16.990+0000] {processor.py:799} INFO - Processing file /home/airflow/.local/lib/python3.7/site-packages/airflow/example_dags/example_xcom.py for tasks to queue
[2023-09-14T16:41:16.993+0000] {logging_mixin.py:149} INFO - [2023-09-14T16:41:16.992+0000] {dagbag.py:541} INFO - Filling up the DagBag from /home/airflow/.local/lib/python3.7/site-packages/airflow/example_dags/example_xcom.py
[2023-09-14T16:41:17.020+0000] {processor.py:809} INFO - DAG(s) dict_keys(['example_xcom']) retrieved from /home/airflow/.local/lib/python3.7/site-packages/airflow/example_dags/example_xcom.py
[2023-09-14T16:41:17.132+0000] {logging_mixin.py:149} INFO - [2023-09-14T16:41:17.131+0000] {dag.py:2726} INFO - Sync 1 DAGs
[2023-09-14T16:41:17.221+0000] {logging_mixin.py:149} INFO - [2023-09-14T16:41:17.220+0000] {dag.py:3490} INFO - Setting next_dagrun for example_xcom to 2021-01-01T00:00:00+00:00, run_after=2021-01-01T00:00:00+00:00
[2023-09-14T16:41:17.293+0000] {processor.py:178} INFO - Processing /home/airflow/.local/lib/python3.7/site-packages/airflow/example_dags/example_xcom.py took 0.319 seconds
[2023-09-14T16:41:47.730+0000] {processor.py:156} INFO - Started process (PID=374) to work on /home/airflow/.local/lib/python3.7/site-packages/airflow/example_dags/example_xcom.py
[2023-09-14T16:41:47.732+0000] {processor.py:799} INFO - Processing file /home/airflow/.local/lib/python3.7/site-packages/airflow/example_dags/example_xcom.py for tasks to queue
[2023-09-14T16:41:47.735+0000] {logging_mixin.py:149} INFO - [2023-09-14T16:41:47.734+0000] {dagbag.py:541} INFO - Filling up the DagBag from /home/airflow/.local/lib/python3.7/site-packages/airflow/example_dags/example_xcom.py
[2023-09-14T16:41:47.757+0000] {processor.py:809} INFO - DAG(s) dict_keys(['example_xcom']) retrieved from /home/airflow/.local/lib/python3.7/site-packages/airflow/example_dags/example_xcom.py
[2023-09-14T16:41:47.816+0000] {logging_mixin.py:149} INFO - [2023-09-14T16:41:47.816+0000] {dag.py:2726} INFO - Sync 1 DAGs
[2023-09-14T16:41:47.916+0000] {logging_mixin.py:149} INFO - [2023-09-14T16:41:47.915+0000] {dag.py:3490} INFO - Setting next_dagrun for example_xcom to 2021-01-01T00:00:00+00:00, run_after=2021-01-01T00:00:00+00:00
[2023-09-14T16:41:48.019+0000] {processor.py:178} INFO - Processing /home/airflow/.local/lib/python3.7/site-packages/airflow/example_dags/example_xcom.py took 0.296 seconds
[2023-09-14T16:42:18.281+0000] {processor.py:156} INFO - Started process (PID=435) to work on /home/airflow/.local/lib/python3.7/site-packages/airflow/example_dags/example_xcom.py
[2023-09-14T16:42:18.288+0000] {processor.py:799} INFO - Processing file /home/airflow/.local/lib/python3.7/site-packages/airflow/example_dags/example_xcom.py for tasks to queue
[2023-09-14T16:42:18.296+0000] {logging_mixin.py:149} INFO - [2023-09-14T16:42:18.296+0000] {dagbag.py:541} INFO - Filling up the DagBag from /home/airflow/.local/lib/python3.7/site-packages/airflow/example_dags/example_xcom.py
[2023-09-14T16:42:18.322+0000] {processor.py:809} INFO - DAG(s) dict_keys(['example_xcom']) retrieved from /home/airflow/.local/lib/python3.7/site-packages/airflow/example_dags/example_xcom.py
[2023-09-14T16:42:18.401+0000] {logging_mixin.py:149} INFO - [2023-09-14T16:42:18.400+0000] {dag.py:2726} INFO - Sync 1 DAGs
[2023-09-14T16:42:18.466+0000] {logging_mixin.py:149} INFO - [2023-09-14T16:42:18.465+0000] {dag.py:3490} INFO - Setting next_dagrun for example_xcom to 2021-01-01T00:00:00+00:00, run_after=2021-01-01T00:00:00+00:00
[2023-09-14T16:42:18.523+0000] {processor.py:178} INFO - Processing /home/airflow/.local/lib/python3.7/site-packages/airflow/example_dags/example_xcom.py took 0.254 seconds
[2023-09-14T16:42:49.244+0000] {processor.py:156} INFO - Started process (PID=496) to work on /home/airflow/.local/lib/python3.7/site-packages/airflow/example_dags/example_xcom.py
[2023-09-14T16:42:49.246+0000] {processor.py:799} INFO - Processing file /home/airflow/.local/lib/python3.7/site-packages/airflow/example_dags/example_xcom.py for tasks to queue
[2023-09-14T16:42:49.249+0000] {logging_mixin.py:149} INFO - [2023-09-14T16:42:49.249+0000] {dagbag.py:541} INFO - Filling up the DagBag from /home/airflow/.local/lib/python3.7/site-packages/airflow/example_dags/example_xcom.py
[2023-09-14T16:42:49.280+0000] {processor.py:809} INFO - DAG(s) dict_keys(['example_xcom']) retrieved from /home/airflow/.local/lib/python3.7/site-packages/airflow/example_dags/example_xcom.py
[2023-09-14T16:42:49.396+0000] {logging_mixin.py:149} INFO - [2023-09-14T16:42:49.395+0000] {dag.py:2726} INFO - Sync 1 DAGs
[2023-09-14T16:42:49.494+0000] {logging_mixin.py:149} INFO - [2023-09-14T16:42:49.494+0000] {dag.py:3490} INFO - Setting next_dagrun for example_xcom to 2021-01-01T00:00:00+00:00, run_after=2021-01-01T00:00:00+00:00
[2023-09-14T16:42:49.574+0000] {processor.py:178} INFO - Processing /home/airflow/.local/lib/python3.7/site-packages/airflow/example_dags/example_xcom.py took 0.347 seconds
[2023-09-14T16:43:20.182+0000] {processor.py:156} INFO - Started process (PID=557) to work on /home/airflow/.local/lib/python3.7/site-packages/airflow/example_dags/example_xcom.py
[2023-09-14T16:43:20.186+0000] {processor.py:799} INFO - Processing file /home/airflow/.local/lib/python3.7/site-packages/airflow/example_dags/example_xcom.py for tasks to queue
[2023-09-14T16:43:20.188+0000] {logging_mixin.py:149} INFO - [2023-09-14T16:43:20.188+0000] {dagbag.py:541} INFO - Filling up the DagBag from /home/airflow/.local/lib/python3.7/site-packages/airflow/example_dags/example_xcom.py
[2023-09-14T16:43:20.209+0000] {processor.py:809} INFO - DAG(s) dict_keys(['example_xcom']) retrieved from /home/airflow/.local/lib/python3.7/site-packages/airflow/example_dags/example_xcom.py
[2023-09-14T16:43:20.291+0000] {logging_mixin.py:149} INFO - [2023-09-14T16:43:20.291+0000] {dag.py:2726} INFO - Sync 1 DAGs
[2023-09-14T16:43:20.354+0000] {logging_mixin.py:149} INFO - [2023-09-14T16:43:20.354+0000] {dag.py:3490} INFO - Setting next_dagrun for example_xcom to 2021-01-01T00:00:00+00:00, run_after=2021-01-01T00:00:00+00:00
[2023-09-14T16:43:20.394+0000] {processor.py:178} INFO - Processing /home/airflow/.local/lib/python3.7/site-packages/airflow/example_dags/example_xcom.py took 0.226 seconds
[2023-09-14T16:43:51.032+0000] {processor.py:156} INFO - Started process (PID=618) to work on /home/airflow/.local/lib/python3.7/site-packages/airflow/example_dags/example_xcom.py
[2023-09-14T16:43:51.035+0000] {processor.py:799} INFO - Processing file /home/airflow/.local/lib/python3.7/site-packages/airflow/example_dags/example_xcom.py for tasks to queue
[2023-09-14T16:43:51.037+0000] {logging_mixin.py:149} INFO - [2023-09-14T16:43:51.037+0000] {dagbag.py:541} INFO - Filling up the DagBag from /home/airflow/.local/lib/python3.7/site-packages/airflow/example_dags/example_xcom.py
[2023-09-14T16:43:51.065+0000] {processor.py:809} INFO - DAG(s) dict_keys(['example_xcom']) retrieved from /home/airflow/.local/lib/python3.7/site-packages/airflow/example_dags/example_xcom.py
[2023-09-14T16:43:51.132+0000] {logging_mixin.py:149} INFO - [2023-09-14T16:43:51.131+0000] {dag.py:2726} INFO - Sync 1 DAGs
[2023-09-14T16:43:51.203+0000] {logging_mixin.py:149} INFO - [2023-09-14T16:43:51.202+0000] {dag.py:3490} INFO - Setting next_dagrun for example_xcom to 2021-01-01T00:00:00+00:00, run_after=2021-01-01T00:00:00+00:00
[2023-09-14T16:43:51.253+0000] {processor.py:178} INFO - Processing /home/airflow/.local/lib/python3.7/site-packages/airflow/example_dags/example_xcom.py took 0.229 seconds
[2023-09-14T16:44:22.506+0000] {processor.py:156} INFO - Started process (PID=680) to work on /home/airflow/.local/lib/python3.7/site-packages/airflow/example_dags/example_xcom.py
[2023-09-14T16:44:22.510+0000] {processor.py:799} INFO - Processing file /home/airflow/.local/lib/python3.7/site-packages/airflow/example_dags/example_xcom.py for tasks to queue
[2023-09-14T16:44:22.512+0000] {logging_mixin.py:149} INFO - [2023-09-14T16:44:22.512+0000] {dagbag.py:541} INFO - Filling up the DagBag from /home/airflow/.local/lib/python3.7/site-packages/airflow/example_dags/example_xcom.py
[2023-09-14T16:44:22.528+0000] {processor.py:809} INFO - DAG(s) dict_keys(['example_xcom']) retrieved from /home/airflow/.local/lib/python3.7/site-packages/airflow/example_dags/example_xcom.py
[2023-09-14T16:44:22.584+0000] {logging_mixin.py:149} INFO - [2023-09-14T16:44:22.584+0000] {dag.py:2726} INFO - Sync 1 DAGs
[2023-09-14T16:44:22.642+0000] {logging_mixin.py:149} INFO - [2023-09-14T16:44:22.642+0000] {dag.py:3490} INFO - Setting next_dagrun for example_xcom to 2021-01-01T00:00:00+00:00, run_after=2021-01-01T00:00:00+00:00
[2023-09-14T16:44:22.727+0000] {processor.py:178} INFO - Processing /home/airflow/.local/lib/python3.7/site-packages/airflow/example_dags/example_xcom.py took 0.232 seconds
[2023-09-14T16:44:56.854+0000] {processor.py:156} INFO - Started process (PID=741) to work on /home/airflow/.local/lib/python3.7/site-packages/airflow/example_dags/example_xcom.py
[2023-09-14T16:44:56.856+0000] {processor.py:799} INFO - Processing file /home/airflow/.local/lib/python3.7/site-packages/airflow/example_dags/example_xcom.py for tasks to queue
[2023-09-14T16:44:56.858+0000] {logging_mixin.py:149} INFO - [2023-09-14T16:44:56.857+0000] {dagbag.py:541} INFO - Filling up the DagBag from /home/airflow/.local/lib/python3.7/site-packages/airflow/example_dags/example_xcom.py
[2023-09-14T16:44:56.874+0000] {processor.py:809} INFO - DAG(s) dict_keys(['example_xcom']) retrieved from /home/airflow/.local/lib/python3.7/site-packages/airflow/example_dags/example_xcom.py
[2023-09-14T16:44:56.929+0000] {logging_mixin.py:149} INFO - [2023-09-14T16:44:56.929+0000] {dag.py:2726} INFO - Sync 1 DAGs
[2023-09-14T16:44:56.992+0000] {logging_mixin.py:149} INFO - [2023-09-14T16:44:56.991+0000] {dag.py:3490} INFO - Setting next_dagrun for example_xcom to 2021-01-01T00:00:00+00:00, run_after=2021-01-01T00:00:00+00:00
[2023-09-14T16:44:57.047+0000] {processor.py:178} INFO - Processing /home/airflow/.local/lib/python3.7/site-packages/airflow/example_dags/example_xcom.py took 0.198 seconds
[2023-09-14T16:45:27.316+0000] {processor.py:156} INFO - Started process (PID=802) to work on /home/airflow/.local/lib/python3.7/site-packages/airflow/example_dags/example_xcom.py
[2023-09-14T16:45:27.319+0000] {processor.py:799} INFO - Processing file /home/airflow/.local/lib/python3.7/site-packages/airflow/example_dags/example_xcom.py for tasks to queue
[2023-09-14T16:45:27.321+0000] {logging_mixin.py:149} INFO - [2023-09-14T16:45:27.321+0000] {dagbag.py:541} INFO - Filling up the DagBag from /home/airflow/.local/lib/python3.7/site-packages/airflow/example_dags/example_xcom.py
[2023-09-14T16:45:27.336+0000] {processor.py:809} INFO - DAG(s) dict_keys(['example_xcom']) retrieved from /home/airflow/.local/lib/python3.7/site-packages/airflow/example_dags/example_xcom.py
[2023-09-14T16:45:27.383+0000] {logging_mixin.py:149} INFO - [2023-09-14T16:45:27.383+0000] {dag.py:2726} INFO - Sync 1 DAGs
[2023-09-14T16:45:27.437+0000] {logging_mixin.py:149} INFO - [2023-09-14T16:45:27.436+0000] {dag.py:3490} INFO - Setting next_dagrun for example_xcom to 2021-01-01T00:00:00+00:00, run_after=2021-01-01T00:00:00+00:00
[2023-09-14T16:45:27.477+0000] {processor.py:178} INFO - Processing /home/airflow/.local/lib/python3.7/site-packages/airflow/example_dags/example_xcom.py took 0.165 seconds
[2023-09-14T16:46:00.042+0000] {processor.py:156} INFO - Started process (PID=863) to work on /home/airflow/.local/lib/python3.7/site-packages/airflow/example_dags/example_xcom.py
[2023-09-14T16:46:00.046+0000] {processor.py:799} INFO - Processing file /home/airflow/.local/lib/python3.7/site-packages/airflow/example_dags/example_xcom.py for tasks to queue
[2023-09-14T16:46:00.049+0000] {logging_mixin.py:149} INFO - [2023-09-14T16:46:00.048+0000] {dagbag.py:541} INFO - Filling up the DagBag from /home/airflow/.local/lib/python3.7/site-packages/airflow/example_dags/example_xcom.py
[2023-09-14T16:46:00.089+0000] {processor.py:809} INFO - DAG(s) dict_keys(['example_xcom']) retrieved from /home/airflow/.local/lib/python3.7/site-packages/airflow/example_dags/example_xcom.py
[2023-09-14T16:46:00.180+0000] {logging_mixin.py:149} INFO - [2023-09-14T16:46:00.178+0000] {dag.py:2726} INFO - Sync 1 DAGs
[2023-09-14T16:46:00.324+0000] {logging_mixin.py:149} INFO - [2023-09-14T16:46:00.322+0000] {dag.py:3490} INFO - Setting next_dagrun for example_xcom to 2021-01-01T00:00:00+00:00, run_after=2021-01-01T00:00:00+00:00
[2023-09-14T16:46:00.438+0000] {processor.py:178} INFO - Processing /home/airflow/.local/lib/python3.7/site-packages/airflow/example_dags/example_xcom.py took 0.405 seconds
[2023-09-14T16:46:30.964+0000] {processor.py:156} INFO - Started process (PID=924) to work on /home/airflow/.local/lib/python3.7/site-packages/airflow/example_dags/example_xcom.py
[2023-09-14T16:46:30.966+0000] {processor.py:799} INFO - Processing file /home/airflow/.local/lib/python3.7/site-packages/airflow/example_dags/example_xcom.py for tasks to queue
[2023-09-14T16:46:30.970+0000] {logging_mixin.py:149} INFO - [2023-09-14T16:46:30.969+0000] {dagbag.py:541} INFO - Filling up the DagBag from /home/airflow/.local/lib/python3.7/site-packages/airflow/example_dags/example_xcom.py
[2023-09-14T16:46:30.994+0000] {processor.py:809} INFO - DAG(s) dict_keys(['example_xcom']) retrieved from /home/airflow/.local/lib/python3.7/site-packages/airflow/example_dags/example_xcom.py
[2023-09-14T16:46:31.087+0000] {logging_mixin.py:149} INFO - [2023-09-14T16:46:31.087+0000] {dag.py:2726} INFO - Sync 1 DAGs
[2023-09-14T16:46:31.160+0000] {logging_mixin.py:149} INFO - [2023-09-14T16:46:31.160+0000] {dag.py:3490} INFO - Setting next_dagrun for example_xcom to 2021-01-01T00:00:00+00:00, run_after=2021-01-01T00:00:00+00:00
[2023-09-14T16:46:31.210+0000] {processor.py:178} INFO - Processing /home/airflow/.local/lib/python3.7/site-packages/airflow/example_dags/example_xcom.py took 0.253 seconds
[2023-09-14T16:47:01.490+0000] {processor.py:156} INFO - Started process (PID=976) to work on /home/airflow/.local/lib/python3.7/site-packages/airflow/example_dags/example_xcom.py
[2023-09-14T16:47:01.493+0000] {processor.py:799} INFO - Processing file /home/airflow/.local/lib/python3.7/site-packages/airflow/example_dags/example_xcom.py for tasks to queue
[2023-09-14T16:47:01.497+0000] {logging_mixin.py:149} INFO - [2023-09-14T16:47:01.495+0000] {dagbag.py:541} INFO - Filling up the DagBag from /home/airflow/.local/lib/python3.7/site-packages/airflow/example_dags/example_xcom.py
[2023-09-14T16:47:01.520+0000] {processor.py:809} INFO - DAG(s) dict_keys(['example_xcom']) retrieved from /home/airflow/.local/lib/python3.7/site-packages/airflow/example_dags/example_xcom.py
[2023-09-14T16:47:01.610+0000] {logging_mixin.py:149} INFO - [2023-09-14T16:47:01.609+0000] {dag.py:2726} INFO - Sync 1 DAGs
[2023-09-14T16:47:01.763+0000] {logging_mixin.py:149} INFO - [2023-09-14T16:47:01.762+0000] {dag.py:3490} INFO - Setting next_dagrun for example_xcom to 2021-01-01T00:00:00+00:00, run_after=2021-01-01T00:00:00+00:00
[2023-09-14T16:47:01.832+0000] {processor.py:178} INFO - Processing /home/airflow/.local/lib/python3.7/site-packages/airflow/example_dags/example_xcom.py took 0.351 seconds
[2023-09-14T16:47:33.482+0000] {processor.py:156} INFO - Started process (PID=1037) to work on /home/airflow/.local/lib/python3.7/site-packages/airflow/example_dags/example_xcom.py
[2023-09-14T16:47:33.485+0000] {processor.py:799} INFO - Processing file /home/airflow/.local/lib/python3.7/site-packages/airflow/example_dags/example_xcom.py for tasks to queue
[2023-09-14T16:47:33.488+0000] {logging_mixin.py:149} INFO - [2023-09-14T16:47:33.487+0000] {dagbag.py:541} INFO - Filling up the DagBag from /home/airflow/.local/lib/python3.7/site-packages/airflow/example_dags/example_xcom.py
[2023-09-14T16:47:33.517+0000] {processor.py:809} INFO - DAG(s) dict_keys(['example_xcom']) retrieved from /home/airflow/.local/lib/python3.7/site-packages/airflow/example_dags/example_xcom.py
[2023-09-14T16:47:33.610+0000] {logging_mixin.py:149} INFO - [2023-09-14T16:47:33.609+0000] {dag.py:2726} INFO - Sync 1 DAGs
[2023-09-14T16:47:33.712+0000] {logging_mixin.py:149} INFO - [2023-09-14T16:47:33.712+0000] {dag.py:3490} INFO - Setting next_dagrun for example_xcom to 2021-01-01T00:00:00+00:00, run_after=2021-01-01T00:00:00+00:00
[2023-09-14T16:47:33.816+0000] {processor.py:178} INFO - Processing /home/airflow/.local/lib/python3.7/site-packages/airflow/example_dags/example_xcom.py took 0.345 seconds
[2023-09-14T16:48:04.219+0000] {processor.py:156} INFO - Started process (PID=1098) to work on /home/airflow/.local/lib/python3.7/site-packages/airflow/example_dags/example_xcom.py
[2023-09-14T16:48:04.222+0000] {processor.py:799} INFO - Processing file /home/airflow/.local/lib/python3.7/site-packages/airflow/example_dags/example_xcom.py for tasks to queue
[2023-09-14T16:48:04.227+0000] {logging_mixin.py:149} INFO - [2023-09-14T16:48:04.226+0000] {dagbag.py:541} INFO - Filling up the DagBag from /home/airflow/.local/lib/python3.7/site-packages/airflow/example_dags/example_xcom.py
[2023-09-14T16:48:04.259+0000] {processor.py:809} INFO - DAG(s) dict_keys(['example_xcom']) retrieved from /home/airflow/.local/lib/python3.7/site-packages/airflow/example_dags/example_xcom.py
[2023-09-14T16:48:04.332+0000] {logging_mixin.py:149} INFO - [2023-09-14T16:48:04.332+0000] {dag.py:2726} INFO - Sync 1 DAGs
[2023-09-14T16:48:04.423+0000] {logging_mixin.py:149} INFO - [2023-09-14T16:48:04.422+0000] {dag.py:3490} INFO - Setting next_dagrun for example_xcom to 2021-01-01T00:00:00+00:00, run_after=2021-01-01T00:00:00+00:00
[2023-09-14T16:48:04.490+0000] {processor.py:178} INFO - Processing /home/airflow/.local/lib/python3.7/site-packages/airflow/example_dags/example_xcom.py took 0.280 seconds
[2023-09-14T16:48:35.829+0000] {processor.py:156} INFO - Started process (PID=1159) to work on /home/airflow/.local/lib/python3.7/site-packages/airflow/example_dags/example_xcom.py
[2023-09-14T16:48:35.832+0000] {processor.py:799} INFO - Processing file /home/airflow/.local/lib/python3.7/site-packages/airflow/example_dags/example_xcom.py for tasks to queue
[2023-09-14T16:48:35.835+0000] {logging_mixin.py:149} INFO - [2023-09-14T16:48:35.835+0000] {dagbag.py:541} INFO - Filling up the DagBag from /home/airflow/.local/lib/python3.7/site-packages/airflow/example_dags/example_xcom.py
[2023-09-14T16:48:35.859+0000] {processor.py:809} INFO - DAG(s) dict_keys(['example_xcom']) retrieved from /home/airflow/.local/lib/python3.7/site-packages/airflow/example_dags/example_xcom.py
[2023-09-14T16:48:35.918+0000] {logging_mixin.py:149} INFO - [2023-09-14T16:48:35.918+0000] {dag.py:2726} INFO - Sync 1 DAGs
[2023-09-14T16:48:36.007+0000] {logging_mixin.py:149} INFO - [2023-09-14T16:48:36.006+0000] {dag.py:3490} INFO - Setting next_dagrun for example_xcom to 2021-01-01T00:00:00+00:00, run_after=2021-01-01T00:00:00+00:00
[2023-09-14T16:48:36.098+0000] {processor.py:178} INFO - Processing /home/airflow/.local/lib/python3.7/site-packages/airflow/example_dags/example_xcom.py took 0.278 seconds
[2023-09-14T16:49:07.678+0000] {processor.py:156} INFO - Started process (PID=1220) to work on /home/airflow/.local/lib/python3.7/site-packages/airflow/example_dags/example_xcom.py
[2023-09-14T16:49:07.682+0000] {processor.py:799} INFO - Processing file /home/airflow/.local/lib/python3.7/site-packages/airflow/example_dags/example_xcom.py for tasks to queue
[2023-09-14T16:49:07.694+0000] {logging_mixin.py:149} INFO - [2023-09-14T16:49:07.693+0000] {dagbag.py:541} INFO - Filling up the DagBag from /home/airflow/.local/lib/python3.7/site-packages/airflow/example_dags/example_xcom.py
[2023-09-14T16:49:07.744+0000] {processor.py:809} INFO - DAG(s) dict_keys(['example_xcom']) retrieved from /home/airflow/.local/lib/python3.7/site-packages/airflow/example_dags/example_xcom.py
[2023-09-14T16:49:07.915+0000] {logging_mixin.py:149} INFO - [2023-09-14T16:49:07.915+0000] {dag.py:2726} INFO - Sync 1 DAGs
[2023-09-14T16:49:08.131+0000] {logging_mixin.py:149} INFO - [2023-09-14T16:49:08.130+0000] {dag.py:3490} INFO - Setting next_dagrun for example_xcom to 2021-01-01T00:00:00+00:00, run_after=2021-01-01T00:00:00+00:00
[2023-09-14T16:49:08.273+0000] {processor.py:178} INFO - Processing /home/airflow/.local/lib/python3.7/site-packages/airflow/example_dags/example_xcom.py took 0.607 seconds
[2023-09-14T16:49:38.926+0000] {processor.py:156} INFO - Started process (PID=1281) to work on /home/airflow/.local/lib/python3.7/site-packages/airflow/example_dags/example_xcom.py
[2023-09-14T16:49:38.929+0000] {processor.py:799} INFO - Processing file /home/airflow/.local/lib/python3.7/site-packages/airflow/example_dags/example_xcom.py for tasks to queue
[2023-09-14T16:49:38.932+0000] {logging_mixin.py:149} INFO - [2023-09-14T16:49:38.932+0000] {dagbag.py:541} INFO - Filling up the DagBag from /home/airflow/.local/lib/python3.7/site-packages/airflow/example_dags/example_xcom.py
[2023-09-14T16:49:38.949+0000] {processor.py:809} INFO - DAG(s) dict_keys(['example_xcom']) retrieved from /home/airflow/.local/lib/python3.7/site-packages/airflow/example_dags/example_xcom.py
[2023-09-14T16:49:39.029+0000] {logging_mixin.py:149} INFO - [2023-09-14T16:49:39.029+0000] {dag.py:2726} INFO - Sync 1 DAGs
[2023-09-14T16:49:39.120+0000] {logging_mixin.py:149} INFO - [2023-09-14T16:49:39.120+0000] {dag.py:3490} INFO - Setting next_dagrun for example_xcom to 2021-01-01T00:00:00+00:00, run_after=2021-01-01T00:00:00+00:00
[2023-09-14T16:49:39.195+0000] {processor.py:178} INFO - Processing /home/airflow/.local/lib/python3.7/site-packages/airflow/example_dags/example_xcom.py took 0.278 seconds
[2023-09-14T16:50:10.251+0000] {processor.py:156} INFO - Started process (PID=1342) to work on /home/airflow/.local/lib/python3.7/site-packages/airflow/example_dags/example_xcom.py
[2023-09-14T16:50:10.256+0000] {processor.py:799} INFO - Processing file /home/airflow/.local/lib/python3.7/site-packages/airflow/example_dags/example_xcom.py for tasks to queue
[2023-09-14T16:50:10.260+0000] {logging_mixin.py:149} INFO - [2023-09-14T16:50:10.259+0000] {dagbag.py:541} INFO - Filling up the DagBag from /home/airflow/.local/lib/python3.7/site-packages/airflow/example_dags/example_xcom.py
[2023-09-14T16:50:10.293+0000] {processor.py:809} INFO - DAG(s) dict_keys(['example_xcom']) retrieved from /home/airflow/.local/lib/python3.7/site-packages/airflow/example_dags/example_xcom.py
[2023-09-14T16:50:10.408+0000] {logging_mixin.py:149} INFO - [2023-09-14T16:50:10.407+0000] {dag.py:2726} INFO - Sync 1 DAGs
[2023-09-14T16:50:10.565+0000] {logging_mixin.py:149} INFO - [2023-09-14T16:50:10.564+0000] {dag.py:3490} INFO - Setting next_dagrun for example_xcom to 2021-01-01T00:00:00+00:00, run_after=2021-01-01T00:00:00+00:00
[2023-09-14T16:50:10.649+0000] {processor.py:178} INFO - Processing /home/airflow/.local/lib/python3.7/site-packages/airflow/example_dags/example_xcom.py took 0.410 seconds
[2023-09-14T16:50:42.544+0000] {processor.py:156} INFO - Started process (PID=1403) to work on /home/airflow/.local/lib/python3.7/site-packages/airflow/example_dags/example_xcom.py
[2023-09-14T16:50:42.549+0000] {processor.py:799} INFO - Processing file /home/airflow/.local/lib/python3.7/site-packages/airflow/example_dags/example_xcom.py for tasks to queue
[2023-09-14T16:50:42.553+0000] {logging_mixin.py:149} INFO - [2023-09-14T16:50:42.552+0000] {dagbag.py:541} INFO - Filling up the DagBag from /home/airflow/.local/lib/python3.7/site-packages/airflow/example_dags/example_xcom.py
[2023-09-14T16:50:42.585+0000] {processor.py:809} INFO - DAG(s) dict_keys(['example_xcom']) retrieved from /home/airflow/.local/lib/python3.7/site-packages/airflow/example_dags/example_xcom.py
[2023-09-14T16:50:42.667+0000] {logging_mixin.py:149} INFO - [2023-09-14T16:50:42.667+0000] {dag.py:2726} INFO - Sync 1 DAGs
[2023-09-14T16:50:42.744+0000] {logging_mixin.py:149} INFO - [2023-09-14T16:50:42.743+0000] {dag.py:3490} INFO - Setting next_dagrun for example_xcom to 2021-01-01T00:00:00+00:00, run_after=2021-01-01T00:00:00+00:00
[2023-09-14T16:50:42.787+0000] {processor.py:178} INFO - Processing /home/airflow/.local/lib/python3.7/site-packages/airflow/example_dags/example_xcom.py took 0.253 seconds
[2023-09-14T16:51:13.229+0000] {processor.py:156} INFO - Started process (PID=1464) to work on /home/airflow/.local/lib/python3.7/site-packages/airflow/example_dags/example_xcom.py
[2023-09-14T16:51:13.234+0000] {processor.py:799} INFO - Processing file /home/airflow/.local/lib/python3.7/site-packages/airflow/example_dags/example_xcom.py for tasks to queue
[2023-09-14T16:51:13.240+0000] {logging_mixin.py:149} INFO - [2023-09-14T16:51:13.240+0000] {dagbag.py:541} INFO - Filling up the DagBag from /home/airflow/.local/lib/python3.7/site-packages/airflow/example_dags/example_xcom.py
[2023-09-14T16:51:13.275+0000] {processor.py:809} INFO - DAG(s) dict_keys(['example_xcom']) retrieved from /home/airflow/.local/lib/python3.7/site-packages/airflow/example_dags/example_xcom.py
[2023-09-14T16:51:13.391+0000] {logging_mixin.py:149} INFO - [2023-09-14T16:51:13.390+0000] {dag.py:2726} INFO - Sync 1 DAGs
[2023-09-14T16:51:13.553+0000] {logging_mixin.py:149} INFO - [2023-09-14T16:51:13.552+0000] {dag.py:3490} INFO - Setting next_dagrun for example_xcom to 2021-01-01T00:00:00+00:00, run_after=2021-01-01T00:00:00+00:00
[2023-09-14T16:51:13.705+0000] {processor.py:178} INFO - Processing /home/airflow/.local/lib/python3.7/site-packages/airflow/example_dags/example_xcom.py took 0.489 seconds
[2023-09-14T16:51:43.937+0000] {processor.py:156} INFO - Started process (PID=1524) to work on /home/airflow/.local/lib/python3.7/site-packages/airflow/example_dags/example_xcom.py
[2023-09-14T16:51:43.939+0000] {processor.py:799} INFO - Processing file /home/airflow/.local/lib/python3.7/site-packages/airflow/example_dags/example_xcom.py for tasks to queue
[2023-09-14T16:51:43.940+0000] {logging_mixin.py:149} INFO - [2023-09-14T16:51:43.940+0000] {dagbag.py:541} INFO - Filling up the DagBag from /home/airflow/.local/lib/python3.7/site-packages/airflow/example_dags/example_xcom.py
[2023-09-14T16:51:43.953+0000] {processor.py:809} INFO - DAG(s) dict_keys(['example_xcom']) retrieved from /home/airflow/.local/lib/python3.7/site-packages/airflow/example_dags/example_xcom.py
[2023-09-14T16:51:44.021+0000] {logging_mixin.py:149} INFO - [2023-09-14T16:51:44.020+0000] {dag.py:2726} INFO - Sync 1 DAGs
[2023-09-14T16:51:44.114+0000] {logging_mixin.py:149} INFO - [2023-09-14T16:51:44.113+0000] {dag.py:3490} INFO - Setting next_dagrun for example_xcom to 2021-01-01T00:00:00+00:00, run_after=2021-01-01T00:00:00+00:00
[2023-09-14T16:51:44.231+0000] {processor.py:178} INFO - Processing /home/airflow/.local/lib/python3.7/site-packages/airflow/example_dags/example_xcom.py took 0.299 seconds
[2023-09-14T16:52:14.753+0000] {processor.py:156} INFO - Started process (PID=1586) to work on /home/airflow/.local/lib/python3.7/site-packages/airflow/example_dags/example_xcom.py
[2023-09-14T16:52:14.756+0000] {processor.py:799} INFO - Processing file /home/airflow/.local/lib/python3.7/site-packages/airflow/example_dags/example_xcom.py for tasks to queue
[2023-09-14T16:52:14.760+0000] {logging_mixin.py:149} INFO - [2023-09-14T16:52:14.759+0000] {dagbag.py:541} INFO - Filling up the DagBag from /home/airflow/.local/lib/python3.7/site-packages/airflow/example_dags/example_xcom.py
[2023-09-14T16:52:14.805+0000] {processor.py:809} INFO - DAG(s) dict_keys(['example_xcom']) retrieved from /home/airflow/.local/lib/python3.7/site-packages/airflow/example_dags/example_xcom.py
[2023-09-14T16:52:14.917+0000] {logging_mixin.py:149} INFO - [2023-09-14T16:52:14.917+0000] {dag.py:2726} INFO - Sync 1 DAGs
[2023-09-14T16:52:15.123+0000] {logging_mixin.py:149} INFO - [2023-09-14T16:52:15.122+0000] {dag.py:3490} INFO - Setting next_dagrun for example_xcom to 2021-01-01T00:00:00+00:00, run_after=2021-01-01T00:00:00+00:00
[2023-09-14T16:52:15.244+0000] {processor.py:178} INFO - Processing /home/airflow/.local/lib/python3.7/site-packages/airflow/example_dags/example_xcom.py took 0.505 seconds
[2023-09-14T16:52:45.486+0000] {processor.py:156} INFO - Started process (PID=1647) to work on /home/airflow/.local/lib/python3.7/site-packages/airflow/example_dags/example_xcom.py
[2023-09-14T16:52:45.490+0000] {processor.py:799} INFO - Processing file /home/airflow/.local/lib/python3.7/site-packages/airflow/example_dags/example_xcom.py for tasks to queue
[2023-09-14T16:52:45.493+0000] {logging_mixin.py:149} INFO - [2023-09-14T16:52:45.493+0000] {dagbag.py:541} INFO - Filling up the DagBag from /home/airflow/.local/lib/python3.7/site-packages/airflow/example_dags/example_xcom.py
[2023-09-14T16:52:45.514+0000] {processor.py:809} INFO - DAG(s) dict_keys(['example_xcom']) retrieved from /home/airflow/.local/lib/python3.7/site-packages/airflow/example_dags/example_xcom.py
[2023-09-14T16:52:45.588+0000] {logging_mixin.py:149} INFO - [2023-09-14T16:52:45.588+0000] {dag.py:2726} INFO - Sync 1 DAGs
[2023-09-14T16:52:45.683+0000] {logging_mixin.py:149} INFO - [2023-09-14T16:52:45.683+0000] {dag.py:3490} INFO - Setting next_dagrun for example_xcom to 2021-01-01T00:00:00+00:00, run_after=2021-01-01T00:00:00+00:00
[2023-09-14T16:52:45.763+0000] {processor.py:178} INFO - Processing /home/airflow/.local/lib/python3.7/site-packages/airflow/example_dags/example_xcom.py took 0.284 seconds
[2023-09-14T16:53:17.419+0000] {processor.py:156} INFO - Started process (PID=1708) to work on /home/airflow/.local/lib/python3.7/site-packages/airflow/example_dags/example_xcom.py
[2023-09-14T16:53:17.423+0000] {processor.py:799} INFO - Processing file /home/airflow/.local/lib/python3.7/site-packages/airflow/example_dags/example_xcom.py for tasks to queue
[2023-09-14T16:53:17.427+0000] {logging_mixin.py:149} INFO - [2023-09-14T16:53:17.427+0000] {dagbag.py:541} INFO - Filling up the DagBag from /home/airflow/.local/lib/python3.7/site-packages/airflow/example_dags/example_xcom.py
[2023-09-14T16:53:17.493+0000] {processor.py:809} INFO - DAG(s) dict_keys(['example_xcom']) retrieved from /home/airflow/.local/lib/python3.7/site-packages/airflow/example_dags/example_xcom.py
[2023-09-14T16:53:17.706+0000] {logging_mixin.py:149} INFO - [2023-09-14T16:53:17.705+0000] {dag.py:2726} INFO - Sync 1 DAGs
[2023-09-14T16:53:18.058+0000] {logging_mixin.py:149} INFO - [2023-09-14T16:53:18.057+0000] {dag.py:3490} INFO - Setting next_dagrun for example_xcom to 2021-01-01T00:00:00+00:00, run_after=2021-01-01T00:00:00+00:00
[2023-09-14T16:53:18.232+0000] {processor.py:178} INFO - Processing /home/airflow/.local/lib/python3.7/site-packages/airflow/example_dags/example_xcom.py took 0.833 seconds
[2023-09-14T16:53:48.754+0000] {processor.py:156} INFO - Started process (PID=1774) to work on /home/airflow/.local/lib/python3.7/site-packages/airflow/example_dags/example_xcom.py
[2023-09-14T16:53:48.758+0000] {processor.py:799} INFO - Processing file /home/airflow/.local/lib/python3.7/site-packages/airflow/example_dags/example_xcom.py for tasks to queue
[2023-09-14T16:53:48.761+0000] {logging_mixin.py:149} INFO - [2023-09-14T16:53:48.761+0000] {dagbag.py:541} INFO - Filling up the DagBag from /home/airflow/.local/lib/python3.7/site-packages/airflow/example_dags/example_xcom.py
[2023-09-14T16:53:48.788+0000] {processor.py:809} INFO - DAG(s) dict_keys(['example_xcom']) retrieved from /home/airflow/.local/lib/python3.7/site-packages/airflow/example_dags/example_xcom.py
[2023-09-14T16:53:48.882+0000] {logging_mixin.py:149} INFO - [2023-09-14T16:53:48.882+0000] {dag.py:2726} INFO - Sync 1 DAGs
[2023-09-14T16:53:48.967+0000] {logging_mixin.py:149} INFO - [2023-09-14T16:53:48.967+0000] {dag.py:3490} INFO - Setting next_dagrun for example_xcom to 2021-01-01T00:00:00+00:00, run_after=2021-01-01T00:00:00+00:00
[2023-09-14T16:53:49.038+0000] {processor.py:178} INFO - Processing /home/airflow/.local/lib/python3.7/site-packages/airflow/example_dags/example_xcom.py took 0.293 seconds
[2023-09-14T16:54:28.268+0000] {processor.py:156} INFO - Started process (PID=1847) to work on /home/airflow/.local/lib/python3.7/site-packages/airflow/example_dags/example_xcom.py
[2023-09-14T16:54:28.285+0000] {processor.py:799} INFO - Processing file /home/airflow/.local/lib/python3.7/site-packages/airflow/example_dags/example_xcom.py for tasks to queue
[2023-09-14T16:54:28.333+0000] {logging_mixin.py:149} INFO - [2023-09-14T16:54:28.310+0000] {dagbag.py:541} INFO - Filling up the DagBag from /home/airflow/.local/lib/python3.7/site-packages/airflow/example_dags/example_xcom.py
[2023-09-14T16:54:28.488+0000] {processor.py:809} INFO - DAG(s) dict_keys(['example_xcom']) retrieved from /home/airflow/.local/lib/python3.7/site-packages/airflow/example_dags/example_xcom.py
[2023-09-14T16:54:28.857+0000] {logging_mixin.py:149} INFO - [2023-09-14T16:54:28.856+0000] {dag.py:2726} INFO - Sync 1 DAGs
[2023-09-14T16:54:29.383+0000] {logging_mixin.py:149} INFO - [2023-09-14T16:54:29.382+0000] {dag.py:3490} INFO - Setting next_dagrun for example_xcom to 2021-01-01T00:00:00+00:00, run_after=2021-01-01T00:00:00+00:00
[2023-09-14T16:54:29.668+0000] {processor.py:178} INFO - Processing /home/airflow/.local/lib/python3.7/site-packages/airflow/example_dags/example_xcom.py took 1.437 seconds
[2023-09-14T16:55:04.021+0000] {processor.py:156} INFO - Started process (PID=1913) to work on /home/airflow/.local/lib/python3.7/site-packages/airflow/example_dags/example_xcom.py
[2023-09-14T16:55:04.024+0000] {processor.py:799} INFO - Processing file /home/airflow/.local/lib/python3.7/site-packages/airflow/example_dags/example_xcom.py for tasks to queue
[2023-09-14T16:55:04.027+0000] {logging_mixin.py:149} INFO - [2023-09-14T16:55:04.027+0000] {dagbag.py:541} INFO - Filling up the DagBag from /home/airflow/.local/lib/python3.7/site-packages/airflow/example_dags/example_xcom.py
[2023-09-14T16:55:04.050+0000] {processor.py:809} INFO - DAG(s) dict_keys(['example_xcom']) retrieved from /home/airflow/.local/lib/python3.7/site-packages/airflow/example_dags/example_xcom.py
[2023-09-14T16:55:04.126+0000] {logging_mixin.py:149} INFO - [2023-09-14T16:55:04.126+0000] {dag.py:2726} INFO - Sync 1 DAGs
[2023-09-14T16:55:04.238+0000] {logging_mixin.py:149} INFO - [2023-09-14T16:55:04.238+0000] {dag.py:3490} INFO - Setting next_dagrun for example_xcom to 2021-01-01T00:00:00+00:00, run_after=2021-01-01T00:00:00+00:00
[2023-09-14T16:55:04.322+0000] {processor.py:178} INFO - Processing /home/airflow/.local/lib/python3.7/site-packages/airflow/example_dags/example_xcom.py took 0.307 seconds
[2023-09-14T16:55:38.793+0000] {processor.py:156} INFO - Started process (PID=1983) to work on /home/airflow/.local/lib/python3.7/site-packages/airflow/example_dags/example_xcom.py
[2023-09-14T16:55:38.798+0000] {processor.py:799} INFO - Processing file /home/airflow/.local/lib/python3.7/site-packages/airflow/example_dags/example_xcom.py for tasks to queue
[2023-09-14T16:55:38.802+0000] {logging_mixin.py:149} INFO - [2023-09-14T16:55:38.801+0000] {dagbag.py:541} INFO - Filling up the DagBag from /home/airflow/.local/lib/python3.7/site-packages/airflow/example_dags/example_xcom.py
[2023-09-14T16:55:38.823+0000] {processor.py:809} INFO - DAG(s) dict_keys(['example_xcom']) retrieved from /home/airflow/.local/lib/python3.7/site-packages/airflow/example_dags/example_xcom.py
[2023-09-14T16:55:38.914+0000] {logging_mixin.py:149} INFO - [2023-09-14T16:55:38.914+0000] {dag.py:2726} INFO - Sync 1 DAGs
[2023-09-14T16:55:39.014+0000] {logging_mixin.py:149} INFO - [2023-09-14T16:55:39.014+0000] {dag.py:3490} INFO - Setting next_dagrun for example_xcom to 2021-01-01T00:00:00+00:00, run_after=2021-01-01T00:00:00+00:00
[2023-09-14T16:55:39.097+0000] {processor.py:178} INFO - Processing /home/airflow/.local/lib/python3.7/site-packages/airflow/example_dags/example_xcom.py took 0.321 seconds
[2023-09-14T16:56:10.835+0000] {processor.py:156} INFO - Started process (PID=2048) to work on /home/airflow/.local/lib/python3.7/site-packages/airflow/example_dags/example_xcom.py
[2023-09-14T16:56:10.840+0000] {processor.py:799} INFO - Processing file /home/airflow/.local/lib/python3.7/site-packages/airflow/example_dags/example_xcom.py for tasks to queue
[2023-09-14T16:56:10.850+0000] {logging_mixin.py:149} INFO - [2023-09-14T16:56:10.847+0000] {dagbag.py:541} INFO - Filling up the DagBag from /home/airflow/.local/lib/python3.7/site-packages/airflow/example_dags/example_xcom.py
[2023-09-14T16:56:10.926+0000] {processor.py:809} INFO - DAG(s) dict_keys(['example_xcom']) retrieved from /home/airflow/.local/lib/python3.7/site-packages/airflow/example_dags/example_xcom.py
[2023-09-14T16:56:11.074+0000] {logging_mixin.py:149} INFO - [2023-09-14T16:56:11.072+0000] {dag.py:2726} INFO - Sync 1 DAGs
[2023-09-14T16:56:11.221+0000] {logging_mixin.py:149} INFO - [2023-09-14T16:56:11.220+0000] {dag.py:3490} INFO - Setting next_dagrun for example_xcom to 2021-01-01T00:00:00+00:00, run_after=2021-01-01T00:00:00+00:00
[2023-09-14T16:56:11.374+0000] {processor.py:178} INFO - Processing /home/airflow/.local/lib/python3.7/site-packages/airflow/example_dags/example_xcom.py took 0.557 seconds
[2023-09-14T16:56:42.898+0000] {processor.py:156} INFO - Started process (PID=2113) to work on /home/airflow/.local/lib/python3.7/site-packages/airflow/example_dags/example_xcom.py
[2023-09-14T16:56:42.909+0000] {processor.py:799} INFO - Processing file /home/airflow/.local/lib/python3.7/site-packages/airflow/example_dags/example_xcom.py for tasks to queue
[2023-09-14T16:56:42.916+0000] {logging_mixin.py:149} INFO - [2023-09-14T16:56:42.915+0000] {dagbag.py:541} INFO - Filling up the DagBag from /home/airflow/.local/lib/python3.7/site-packages/airflow/example_dags/example_xcom.py
[2023-09-14T16:56:42.954+0000] {processor.py:809} INFO - DAG(s) dict_keys(['example_xcom']) retrieved from /home/airflow/.local/lib/python3.7/site-packages/airflow/example_dags/example_xcom.py
[2023-09-14T16:56:43.085+0000] {logging_mixin.py:149} INFO - [2023-09-14T16:56:43.085+0000] {dag.py:2726} INFO - Sync 1 DAGs
[2023-09-14T16:56:43.246+0000] {logging_mixin.py:149} INFO - [2023-09-14T16:56:43.245+0000] {dag.py:3490} INFO - Setting next_dagrun for example_xcom to 2021-01-01T00:00:00+00:00, run_after=2021-01-01T00:00:00+00:00
[2023-09-14T16:56:43.368+0000] {processor.py:178} INFO - Processing /home/airflow/.local/lib/python3.7/site-packages/airflow/example_dags/example_xcom.py took 0.496 seconds
[2023-09-14T16:57:13.720+0000] {processor.py:156} INFO - Started process (PID=2178) to work on /home/airflow/.local/lib/python3.7/site-packages/airflow/example_dags/example_xcom.py
[2023-09-14T16:57:13.726+0000] {processor.py:799} INFO - Processing file /home/airflow/.local/lib/python3.7/site-packages/airflow/example_dags/example_xcom.py for tasks to queue
[2023-09-14T16:57:13.729+0000] {logging_mixin.py:149} INFO - [2023-09-14T16:57:13.729+0000] {dagbag.py:541} INFO - Filling up the DagBag from /home/airflow/.local/lib/python3.7/site-packages/airflow/example_dags/example_xcom.py
[2023-09-14T16:57:13.755+0000] {processor.py:809} INFO - DAG(s) dict_keys(['example_xcom']) retrieved from /home/airflow/.local/lib/python3.7/site-packages/airflow/example_dags/example_xcom.py
[2023-09-14T16:57:13.821+0000] {logging_mixin.py:149} INFO - [2023-09-14T16:57:13.821+0000] {dag.py:2726} INFO - Sync 1 DAGs
[2023-09-14T16:57:13.887+0000] {logging_mixin.py:149} INFO - [2023-09-14T16:57:13.887+0000] {dag.py:3490} INFO - Setting next_dagrun for example_xcom to 2021-01-01T00:00:00+00:00, run_after=2021-01-01T00:00:00+00:00
[2023-09-14T16:57:13.981+0000] {processor.py:178} INFO - Processing /home/airflow/.local/lib/python3.7/site-packages/airflow/example_dags/example_xcom.py took 0.270 seconds
[2023-09-14T16:57:44.844+0000] {processor.py:156} INFO - Started process (PID=2245) to work on /home/airflow/.local/lib/python3.7/site-packages/airflow/example_dags/example_xcom.py
[2023-09-14T16:57:44.847+0000] {processor.py:799} INFO - Processing file /home/airflow/.local/lib/python3.7/site-packages/airflow/example_dags/example_xcom.py for tasks to queue
[2023-09-14T16:57:44.849+0000] {logging_mixin.py:149} INFO - [2023-09-14T16:57:44.848+0000] {dagbag.py:541} INFO - Filling up the DagBag from /home/airflow/.local/lib/python3.7/site-packages/airflow/example_dags/example_xcom.py
[2023-09-14T16:57:44.873+0000] {processor.py:809} INFO - DAG(s) dict_keys(['example_xcom']) retrieved from /home/airflow/.local/lib/python3.7/site-packages/airflow/example_dags/example_xcom.py
[2023-09-14T16:57:44.943+0000] {logging_mixin.py:149} INFO - [2023-09-14T16:57:44.943+0000] {dag.py:2726} INFO - Sync 1 DAGs
[2023-09-14T16:57:45.031+0000] {logging_mixin.py:149} INFO - [2023-09-14T16:57:45.031+0000] {dag.py:3490} INFO - Setting next_dagrun for example_xcom to 2021-01-01T00:00:00+00:00, run_after=2021-01-01T00:00:00+00:00
[2023-09-14T16:57:45.139+0000] {processor.py:178} INFO - Processing /home/airflow/.local/lib/python3.7/site-packages/airflow/example_dags/example_xcom.py took 0.305 seconds
[2023-09-14T16:58:17.074+0000] {processor.py:156} INFO - Started process (PID=2310) to work on /home/airflow/.local/lib/python3.7/site-packages/airflow/example_dags/example_xcom.py
[2023-09-14T16:58:17.079+0000] {processor.py:799} INFO - Processing file /home/airflow/.local/lib/python3.7/site-packages/airflow/example_dags/example_xcom.py for tasks to queue
[2023-09-14T16:58:17.097+0000] {logging_mixin.py:149} INFO - [2023-09-14T16:58:17.096+0000] {dagbag.py:541} INFO - Filling up the DagBag from /home/airflow/.local/lib/python3.7/site-packages/airflow/example_dags/example_xcom.py
[2023-09-14T16:58:17.219+0000] {processor.py:809} INFO - DAG(s) dict_keys(['example_xcom']) retrieved from /home/airflow/.local/lib/python3.7/site-packages/airflow/example_dags/example_xcom.py
[2023-09-14T16:58:17.483+0000] {logging_mixin.py:149} INFO - [2023-09-14T16:58:17.482+0000] {dag.py:2726} INFO - Sync 1 DAGs
[2023-09-14T16:58:17.686+0000] {logging_mixin.py:149} INFO - [2023-09-14T16:58:17.680+0000] {dag.py:3490} INFO - Setting next_dagrun for example_xcom to 2021-01-01T00:00:00+00:00, run_after=2021-01-01T00:00:00+00:00
[2023-09-14T16:58:17.838+0000] {processor.py:178} INFO - Processing /home/airflow/.local/lib/python3.7/site-packages/airflow/example_dags/example_xcom.py took 0.792 seconds
[2023-09-14T16:58:56.995+0000] {processor.py:156} INFO - Started process (PID=2378) to work on /home/airflow/.local/lib/python3.7/site-packages/airflow/example_dags/example_xcom.py
[2023-09-14T16:58:56.999+0000] {processor.py:799} INFO - Processing file /home/airflow/.local/lib/python3.7/site-packages/airflow/example_dags/example_xcom.py for tasks to queue
[2023-09-14T16:58:57.003+0000] {logging_mixin.py:149} INFO - [2023-09-14T16:58:57.003+0000] {dagbag.py:541} INFO - Filling up the DagBag from /home/airflow/.local/lib/python3.7/site-packages/airflow/example_dags/example_xcom.py
[2023-09-14T16:58:57.029+0000] {processor.py:809} INFO - DAG(s) dict_keys(['example_xcom']) retrieved from /home/airflow/.local/lib/python3.7/site-packages/airflow/example_dags/example_xcom.py
[2023-09-14T16:58:57.119+0000] {logging_mixin.py:149} INFO - [2023-09-14T16:58:57.118+0000] {dag.py:2726} INFO - Sync 1 DAGs
[2023-09-14T16:58:57.222+0000] {logging_mixin.py:149} INFO - [2023-09-14T16:58:57.220+0000] {dag.py:3490} INFO - Setting next_dagrun for example_xcom to 2021-01-01T00:00:00+00:00, run_after=2021-01-01T00:00:00+00:00
[2023-09-14T16:58:57.288+0000] {processor.py:178} INFO - Processing /home/airflow/.local/lib/python3.7/site-packages/airflow/example_dags/example_xcom.py took 0.306 seconds
[2023-09-14T16:59:28.061+0000] {processor.py:156} INFO - Started process (PID=2441) to work on /home/airflow/.local/lib/python3.7/site-packages/airflow/example_dags/example_xcom.py
[2023-09-14T16:59:28.066+0000] {processor.py:799} INFO - Processing file /home/airflow/.local/lib/python3.7/site-packages/airflow/example_dags/example_xcom.py for tasks to queue
[2023-09-14T16:59:28.070+0000] {logging_mixin.py:149} INFO - [2023-09-14T16:59:28.070+0000] {dagbag.py:541} INFO - Filling up the DagBag from /home/airflow/.local/lib/python3.7/site-packages/airflow/example_dags/example_xcom.py
[2023-09-14T16:59:28.107+0000] {processor.py:809} INFO - DAG(s) dict_keys(['example_xcom']) retrieved from /home/airflow/.local/lib/python3.7/site-packages/airflow/example_dags/example_xcom.py
[2023-09-14T16:59:28.220+0000] {logging_mixin.py:149} INFO - [2023-09-14T16:59:28.219+0000] {dag.py:2726} INFO - Sync 1 DAGs
[2023-09-14T16:59:28.337+0000] {logging_mixin.py:149} INFO - [2023-09-14T16:59:28.337+0000] {dag.py:3490} INFO - Setting next_dagrun for example_xcom to 2021-01-01T00:00:00+00:00, run_after=2021-01-01T00:00:00+00:00
[2023-09-14T16:59:28.419+0000] {processor.py:178} INFO - Processing /home/airflow/.local/lib/python3.7/site-packages/airflow/example_dags/example_xcom.py took 0.370 seconds
[2023-09-14T17:00:00.393+0000] {processor.py:156} INFO - Started process (PID=2504) to work on /home/airflow/.local/lib/python3.7/site-packages/airflow/example_dags/example_xcom.py
[2023-09-14T17:00:00.403+0000] {processor.py:799} INFO - Processing file /home/airflow/.local/lib/python3.7/site-packages/airflow/example_dags/example_xcom.py for tasks to queue
[2023-09-14T17:00:00.406+0000] {logging_mixin.py:149} INFO - [2023-09-14T17:00:00.406+0000] {dagbag.py:541} INFO - Filling up the DagBag from /home/airflow/.local/lib/python3.7/site-packages/airflow/example_dags/example_xcom.py
[2023-09-14T17:00:00.463+0000] {processor.py:809} INFO - DAG(s) dict_keys(['example_xcom']) retrieved from /home/airflow/.local/lib/python3.7/site-packages/airflow/example_dags/example_xcom.py
[2023-09-14T17:00:00.665+0000] {logging_mixin.py:149} INFO - [2023-09-14T17:00:00.665+0000] {dag.py:2726} INFO - Sync 1 DAGs
[2023-09-14T17:00:00.901+0000] {logging_mixin.py:149} INFO - [2023-09-14T17:00:00.900+0000] {dag.py:3490} INFO - Setting next_dagrun for example_xcom to 2021-01-01T00:00:00+00:00, run_after=2021-01-01T00:00:00+00:00
[2023-09-14T17:00:01.079+0000] {processor.py:178} INFO - Processing /home/airflow/.local/lib/python3.7/site-packages/airflow/example_dags/example_xcom.py took 0.708 seconds
[2023-09-14T17:00:32.239+0000] {processor.py:156} INFO - Started process (PID=2568) to work on /home/airflow/.local/lib/python3.7/site-packages/airflow/example_dags/example_xcom.py
[2023-09-14T17:00:32.243+0000] {processor.py:799} INFO - Processing file /home/airflow/.local/lib/python3.7/site-packages/airflow/example_dags/example_xcom.py for tasks to queue
[2023-09-14T17:00:32.248+0000] {logging_mixin.py:149} INFO - [2023-09-14T17:00:32.247+0000] {dagbag.py:541} INFO - Filling up the DagBag from /home/airflow/.local/lib/python3.7/site-packages/airflow/example_dags/example_xcom.py
[2023-09-14T17:00:32.285+0000] {processor.py:809} INFO - DAG(s) dict_keys(['example_xcom']) retrieved from /home/airflow/.local/lib/python3.7/site-packages/airflow/example_dags/example_xcom.py
[2023-09-14T17:00:32.370+0000] {logging_mixin.py:149} INFO - [2023-09-14T17:00:32.370+0000] {dag.py:2726} INFO - Sync 1 DAGs
[2023-09-14T17:00:32.455+0000] {logging_mixin.py:149} INFO - [2023-09-14T17:00:32.454+0000] {dag.py:3490} INFO - Setting next_dagrun for example_xcom to 2021-01-01T00:00:00+00:00, run_after=2021-01-01T00:00:00+00:00
[2023-09-14T17:00:32.507+0000] {processor.py:178} INFO - Processing /home/airflow/.local/lib/python3.7/site-packages/airflow/example_dags/example_xcom.py took 0.281 seconds
[2023-09-14T17:01:03.042+0000] {processor.py:156} INFO - Started process (PID=2632) to work on /home/airflow/.local/lib/python3.7/site-packages/airflow/example_dags/example_xcom.py
[2023-09-14T17:01:03.045+0000] {processor.py:799} INFO - Processing file /home/airflow/.local/lib/python3.7/site-packages/airflow/example_dags/example_xcom.py for tasks to queue
[2023-09-14T17:01:03.053+0000] {logging_mixin.py:149} INFO - [2023-09-14T17:01:03.053+0000] {dagbag.py:541} INFO - Filling up the DagBag from /home/airflow/.local/lib/python3.7/site-packages/airflow/example_dags/example_xcom.py
[2023-09-14T17:01:03.097+0000] {processor.py:809} INFO - DAG(s) dict_keys(['example_xcom']) retrieved from /home/airflow/.local/lib/python3.7/site-packages/airflow/example_dags/example_xcom.py
[2023-09-14T17:01:03.207+0000] {logging_mixin.py:149} INFO - [2023-09-14T17:01:03.207+0000] {dag.py:2726} INFO - Sync 1 DAGs
[2023-09-14T17:01:03.262+0000] {logging_mixin.py:149} INFO - [2023-09-14T17:01:03.262+0000] {dag.py:3490} INFO - Setting next_dagrun for example_xcom to 2021-01-01T00:00:00+00:00, run_after=2021-01-01T00:00:00+00:00
[2023-09-14T17:01:03.323+0000] {processor.py:178} INFO - Processing /home/airflow/.local/lib/python3.7/site-packages/airflow/example_dags/example_xcom.py took 0.297 seconds
[2023-09-14T17:01:33.711+0000] {processor.py:156} INFO - Started process (PID=2696) to work on /home/airflow/.local/lib/python3.7/site-packages/airflow/example_dags/example_xcom.py
[2023-09-14T17:01:33.713+0000] {processor.py:799} INFO - Processing file /home/airflow/.local/lib/python3.7/site-packages/airflow/example_dags/example_xcom.py for tasks to queue
[2023-09-14T17:01:33.716+0000] {logging_mixin.py:149} INFO - [2023-09-14T17:01:33.715+0000] {dagbag.py:541} INFO - Filling up the DagBag from /home/airflow/.local/lib/python3.7/site-packages/airflow/example_dags/example_xcom.py
[2023-09-14T17:01:33.731+0000] {processor.py:809} INFO - DAG(s) dict_keys(['example_xcom']) retrieved from /home/airflow/.local/lib/python3.7/site-packages/airflow/example_dags/example_xcom.py
[2023-09-14T17:01:33.769+0000] {logging_mixin.py:149} INFO - [2023-09-14T17:01:33.769+0000] {dag.py:2726} INFO - Sync 1 DAGs
[2023-09-14T17:01:33.826+0000] {logging_mixin.py:149} INFO - [2023-09-14T17:01:33.826+0000] {dag.py:3490} INFO - Setting next_dagrun for example_xcom to 2021-01-01T00:00:00+00:00, run_after=2021-01-01T00:00:00+00:00
[2023-09-14T17:01:33.863+0000] {processor.py:178} INFO - Processing /home/airflow/.local/lib/python3.7/site-packages/airflow/example_dags/example_xcom.py took 0.156 seconds
[2023-09-14T17:02:04.227+0000] {processor.py:156} INFO - Started process (PID=2761) to work on /home/airflow/.local/lib/python3.7/site-packages/airflow/example_dags/example_xcom.py
[2023-09-14T17:02:04.230+0000] {processor.py:799} INFO - Processing file /home/airflow/.local/lib/python3.7/site-packages/airflow/example_dags/example_xcom.py for tasks to queue
[2023-09-14T17:02:04.231+0000] {logging_mixin.py:149} INFO - [2023-09-14T17:02:04.231+0000] {dagbag.py:541} INFO - Filling up the DagBag from /home/airflow/.local/lib/python3.7/site-packages/airflow/example_dags/example_xcom.py
[2023-09-14T17:02:04.244+0000] {processor.py:809} INFO - DAG(s) dict_keys(['example_xcom']) retrieved from /home/airflow/.local/lib/python3.7/site-packages/airflow/example_dags/example_xcom.py
[2023-09-14T17:02:04.299+0000] {logging_mixin.py:149} INFO - [2023-09-14T17:02:04.299+0000] {dag.py:2726} INFO - Sync 1 DAGs
[2023-09-14T17:02:04.361+0000] {logging_mixin.py:149} INFO - [2023-09-14T17:02:04.360+0000] {dag.py:3490} INFO - Setting next_dagrun for example_xcom to 2021-01-01T00:00:00+00:00, run_after=2021-01-01T00:00:00+00:00
[2023-09-14T17:02:04.412+0000] {processor.py:178} INFO - Processing /home/airflow/.local/lib/python3.7/site-packages/airflow/example_dags/example_xcom.py took 0.195 seconds
