[2023-09-14T16:11:25.144+0000] {processor.py:156} INFO - Started process (PID=97) to work on /home/airflow/.local/lib/python3.7/site-packages/airflow/example_dags/example_branch_operator.py
[2023-09-14T16:11:25.182+0000] {processor.py:799} INFO - Processing file /home/airflow/.local/lib/python3.7/site-packages/airflow/example_dags/example_branch_operator.py for tasks to queue
[2023-09-14T16:11:25.304+0000] {logging_mixin.py:149} INFO - [2023-09-14T16:11:25.303+0000] {dagbag.py:541} INFO - Filling up the DagBag from /home/airflow/.local/lib/python3.7/site-packages/airflow/example_dags/example_branch_operator.py
[2023-09-14T16:11:25.629+0000] {processor.py:809} INFO - DAG(s) dict_keys(['example_branch_operator']) retrieved from /home/airflow/.local/lib/python3.7/site-packages/airflow/example_dags/example_branch_operator.py
[2023-09-14T16:11:26.251+0000] {logging_mixin.py:149} INFO - [2023-09-14T16:11:26.251+0000] {dag.py:2726} INFO - Sync 1 DAGs
[2023-09-14T16:11:26.498+0000] {logging_mixin.py:149} INFO - [2023-09-14T16:11:26.498+0000] {dag.py:3490} INFO - Setting next_dagrun for example_branch_operator to 2023-09-13T00:00:00+00:00, run_after=2023-09-14T00:00:00+00:00
[2023-09-14T16:11:26.821+0000] {processor.py:178} INFO - Processing /home/airflow/.local/lib/python3.7/site-packages/airflow/example_dags/example_branch_operator.py took 1.753 seconds
[2023-09-14T16:12:00.914+0000] {processor.py:156} INFO - Started process (PID=158) to work on /home/airflow/.local/lib/python3.7/site-packages/airflow/example_dags/example_branch_operator.py
[2023-09-14T16:12:00.918+0000] {processor.py:799} INFO - Processing file /home/airflow/.local/lib/python3.7/site-packages/airflow/example_dags/example_branch_operator.py for tasks to queue
[2023-09-14T16:12:00.922+0000] {logging_mixin.py:149} INFO - [2023-09-14T16:12:00.921+0000] {dagbag.py:541} INFO - Filling up the DagBag from /home/airflow/.local/lib/python3.7/site-packages/airflow/example_dags/example_branch_operator.py
[2023-09-14T16:12:01.022+0000] {processor.py:809} INFO - DAG(s) dict_keys(['example_branch_operator']) retrieved from /home/airflow/.local/lib/python3.7/site-packages/airflow/example_dags/example_branch_operator.py
[2023-09-14T16:12:01.846+0000] {logging_mixin.py:149} INFO - [2023-09-14T16:12:01.845+0000] {dag.py:2726} INFO - Sync 1 DAGs
[2023-09-14T16:12:02.071+0000] {logging_mixin.py:149} INFO - [2023-09-14T16:12:02.071+0000] {dag.py:3490} INFO - Setting next_dagrun for example_branch_operator to 2023-09-13T00:00:00+00:00, run_after=2023-09-14T00:00:00+00:00
[2023-09-14T16:12:02.224+0000] {processor.py:178} INFO - Processing /home/airflow/.local/lib/python3.7/site-packages/airflow/example_dags/example_branch_operator.py took 1.319 seconds
[2023-09-14T16:12:37.176+0000] {processor.py:156} INFO - Started process (PID=219) to work on /home/airflow/.local/lib/python3.7/site-packages/airflow/example_dags/example_branch_operator.py
[2023-09-14T16:12:37.190+0000] {processor.py:799} INFO - Processing file /home/airflow/.local/lib/python3.7/site-packages/airflow/example_dags/example_branch_operator.py for tasks to queue
[2023-09-14T16:12:37.195+0000] {logging_mixin.py:149} INFO - [2023-09-14T16:12:37.194+0000] {dagbag.py:541} INFO - Filling up the DagBag from /home/airflow/.local/lib/python3.7/site-packages/airflow/example_dags/example_branch_operator.py
[2023-09-14T16:12:37.282+0000] {processor.py:809} INFO - DAG(s) dict_keys(['example_branch_operator']) retrieved from /home/airflow/.local/lib/python3.7/site-packages/airflow/example_dags/example_branch_operator.py
[2023-09-14T16:12:37.517+0000] {logging_mixin.py:149} INFO - [2023-09-14T16:12:37.516+0000] {dag.py:2726} INFO - Sync 1 DAGs
[2023-09-14T16:12:37.761+0000] {logging_mixin.py:149} INFO - [2023-09-14T16:12:37.761+0000] {dag.py:3490} INFO - Setting next_dagrun for example_branch_operator to 2023-09-13T00:00:00+00:00, run_after=2023-09-14T00:00:00+00:00
[2023-09-14T16:12:37.895+0000] {processor.py:178} INFO - Processing /home/airflow/.local/lib/python3.7/site-packages/airflow/example_dags/example_branch_operator.py took 0.730 seconds
[2023-09-14T16:13:15.310+0000] {processor.py:156} INFO - Started process (PID=280) to work on /home/airflow/.local/lib/python3.7/site-packages/airflow/example_dags/example_branch_operator.py
[2023-09-14T16:13:15.315+0000] {processor.py:799} INFO - Processing file /home/airflow/.local/lib/python3.7/site-packages/airflow/example_dags/example_branch_operator.py for tasks to queue
[2023-09-14T16:13:15.320+0000] {logging_mixin.py:149} INFO - [2023-09-14T16:13:15.319+0000] {dagbag.py:541} INFO - Filling up the DagBag from /home/airflow/.local/lib/python3.7/site-packages/airflow/example_dags/example_branch_operator.py
[2023-09-14T16:13:15.372+0000] {processor.py:809} INFO - DAG(s) dict_keys(['example_branch_operator']) retrieved from /home/airflow/.local/lib/python3.7/site-packages/airflow/example_dags/example_branch_operator.py
[2023-09-14T16:13:15.528+0000] {logging_mixin.py:149} INFO - [2023-09-14T16:13:15.528+0000] {dag.py:2726} INFO - Sync 1 DAGs
[2023-09-14T16:13:15.725+0000] {logging_mixin.py:149} INFO - [2023-09-14T16:13:15.725+0000] {dag.py:3490} INFO - Setting next_dagrun for example_branch_operator to 2023-09-13T00:00:00+00:00, run_after=2023-09-14T00:00:00+00:00
[2023-09-14T16:13:15.891+0000] {processor.py:178} INFO - Processing /home/airflow/.local/lib/python3.7/site-packages/airflow/example_dags/example_branch_operator.py took 0.598 seconds
[2023-09-14T16:13:49.368+0000] {processor.py:156} INFO - Started process (PID=341) to work on /home/airflow/.local/lib/python3.7/site-packages/airflow/example_dags/example_branch_operator.py
[2023-09-14T16:13:49.372+0000] {processor.py:799} INFO - Processing file /home/airflow/.local/lib/python3.7/site-packages/airflow/example_dags/example_branch_operator.py for tasks to queue
[2023-09-14T16:13:49.375+0000] {logging_mixin.py:149} INFO - [2023-09-14T16:13:49.374+0000] {dagbag.py:541} INFO - Filling up the DagBag from /home/airflow/.local/lib/python3.7/site-packages/airflow/example_dags/example_branch_operator.py
[2023-09-14T16:13:49.407+0000] {processor.py:809} INFO - DAG(s) dict_keys(['example_branch_operator']) retrieved from /home/airflow/.local/lib/python3.7/site-packages/airflow/example_dags/example_branch_operator.py
[2023-09-14T16:13:49.533+0000] {logging_mixin.py:149} INFO - [2023-09-14T16:13:49.533+0000] {dag.py:2726} INFO - Sync 1 DAGs
[2023-09-14T16:13:49.666+0000] {logging_mixin.py:149} INFO - [2023-09-14T16:13:49.666+0000] {dag.py:3490} INFO - Setting next_dagrun for example_branch_operator to 2023-09-13T00:00:00+00:00, run_after=2023-09-14T00:00:00+00:00
[2023-09-14T16:13:49.783+0000] {processor.py:178} INFO - Processing /home/airflow/.local/lib/python3.7/site-packages/airflow/example_dags/example_branch_operator.py took 0.428 seconds
[2023-09-14T16:14:22.672+0000] {processor.py:156} INFO - Started process (PID=393) to work on /home/airflow/.local/lib/python3.7/site-packages/airflow/example_dags/example_branch_operator.py
[2023-09-14T16:14:22.675+0000] {processor.py:799} INFO - Processing file /home/airflow/.local/lib/python3.7/site-packages/airflow/example_dags/example_branch_operator.py for tasks to queue
[2023-09-14T16:14:22.678+0000] {logging_mixin.py:149} INFO - [2023-09-14T16:14:22.677+0000] {dagbag.py:541} INFO - Filling up the DagBag from /home/airflow/.local/lib/python3.7/site-packages/airflow/example_dags/example_branch_operator.py
[2023-09-14T16:14:22.715+0000] {processor.py:809} INFO - DAG(s) dict_keys(['example_branch_operator']) retrieved from /home/airflow/.local/lib/python3.7/site-packages/airflow/example_dags/example_branch_operator.py
[2023-09-14T16:14:22.824+0000] {logging_mixin.py:149} INFO - [2023-09-14T16:14:22.824+0000] {dag.py:2726} INFO - Sync 1 DAGs
[2023-09-14T16:14:22.931+0000] {logging_mixin.py:149} INFO - [2023-09-14T16:14:22.931+0000] {dag.py:3490} INFO - Setting next_dagrun for example_branch_operator to 2023-09-13T00:00:00+00:00, run_after=2023-09-14T00:00:00+00:00
[2023-09-14T16:14:23.002+0000] {processor.py:178} INFO - Processing /home/airflow/.local/lib/python3.7/site-packages/airflow/example_dags/example_branch_operator.py took 0.346 seconds
[2023-09-14T16:14:55.369+0000] {processor.py:156} INFO - Started process (PID=455) to work on /home/airflow/.local/lib/python3.7/site-packages/airflow/example_dags/example_branch_operator.py
[2023-09-14T16:14:55.372+0000] {processor.py:799} INFO - Processing file /home/airflow/.local/lib/python3.7/site-packages/airflow/example_dags/example_branch_operator.py for tasks to queue
[2023-09-14T16:14:55.374+0000] {logging_mixin.py:149} INFO - [2023-09-14T16:14:55.374+0000] {dagbag.py:541} INFO - Filling up the DagBag from /home/airflow/.local/lib/python3.7/site-packages/airflow/example_dags/example_branch_operator.py
[2023-09-14T16:14:55.398+0000] {processor.py:809} INFO - DAG(s) dict_keys(['example_branch_operator']) retrieved from /home/airflow/.local/lib/python3.7/site-packages/airflow/example_dags/example_branch_operator.py
[2023-09-14T16:14:55.489+0000] {logging_mixin.py:149} INFO - [2023-09-14T16:14:55.489+0000] {dag.py:2726} INFO - Sync 1 DAGs
[2023-09-14T16:14:55.568+0000] {logging_mixin.py:149} INFO - [2023-09-14T16:14:55.567+0000] {dag.py:3490} INFO - Setting next_dagrun for example_branch_operator to 2023-09-13T00:00:00+00:00, run_after=2023-09-14T00:00:00+00:00
[2023-09-14T16:14:55.628+0000] {processor.py:178} INFO - Processing /home/airflow/.local/lib/python3.7/site-packages/airflow/example_dags/example_branch_operator.py took 0.268 seconds
[2023-09-14T16:15:26.018+0000] {processor.py:156} INFO - Started process (PID=516) to work on /home/airflow/.local/lib/python3.7/site-packages/airflow/example_dags/example_branch_operator.py
[2023-09-14T16:15:26.021+0000] {processor.py:799} INFO - Processing file /home/airflow/.local/lib/python3.7/site-packages/airflow/example_dags/example_branch_operator.py for tasks to queue
[2023-09-14T16:15:26.024+0000] {logging_mixin.py:149} INFO - [2023-09-14T16:15:26.023+0000] {dagbag.py:541} INFO - Filling up the DagBag from /home/airflow/.local/lib/python3.7/site-packages/airflow/example_dags/example_branch_operator.py
[2023-09-14T16:15:26.048+0000] {processor.py:809} INFO - DAG(s) dict_keys(['example_branch_operator']) retrieved from /home/airflow/.local/lib/python3.7/site-packages/airflow/example_dags/example_branch_operator.py
[2023-09-14T16:15:26.110+0000] {logging_mixin.py:149} INFO - [2023-09-14T16:15:26.109+0000] {dag.py:2726} INFO - Sync 1 DAGs
[2023-09-14T16:15:26.178+0000] {logging_mixin.py:149} INFO - [2023-09-14T16:15:26.177+0000] {dag.py:3490} INFO - Setting next_dagrun for example_branch_operator to 2023-09-13T00:00:00+00:00, run_after=2023-09-14T00:00:00+00:00
[2023-09-14T16:15:26.230+0000] {processor.py:178} INFO - Processing /home/airflow/.local/lib/python3.7/site-packages/airflow/example_dags/example_branch_operator.py took 0.221 seconds
[2023-09-14T16:15:57.177+0000] {processor.py:156} INFO - Started process (PID=579) to work on /home/airflow/.local/lib/python3.7/site-packages/airflow/example_dags/example_branch_operator.py
[2023-09-14T16:15:57.179+0000] {processor.py:799} INFO - Processing file /home/airflow/.local/lib/python3.7/site-packages/airflow/example_dags/example_branch_operator.py for tasks to queue
[2023-09-14T16:15:57.181+0000] {logging_mixin.py:149} INFO - [2023-09-14T16:15:57.180+0000] {dagbag.py:541} INFO - Filling up the DagBag from /home/airflow/.local/lib/python3.7/site-packages/airflow/example_dags/example_branch_operator.py
[2023-09-14T16:15:57.198+0000] {processor.py:809} INFO - DAG(s) dict_keys(['example_branch_operator']) retrieved from /home/airflow/.local/lib/python3.7/site-packages/airflow/example_dags/example_branch_operator.py
[2023-09-14T16:15:57.249+0000] {logging_mixin.py:149} INFO - [2023-09-14T16:15:57.249+0000] {dag.py:2726} INFO - Sync 1 DAGs
[2023-09-14T16:15:57.295+0000] {logging_mixin.py:149} INFO - [2023-09-14T16:15:57.295+0000] {dag.py:3490} INFO - Setting next_dagrun for example_branch_operator to 2023-09-13T00:00:00+00:00, run_after=2023-09-14T00:00:00+00:00
[2023-09-14T16:15:57.332+0000] {processor.py:178} INFO - Processing /home/airflow/.local/lib/python3.7/site-packages/airflow/example_dags/example_branch_operator.py took 0.161 seconds
[2023-09-14T16:16:28.102+0000] {processor.py:156} INFO - Started process (PID=640) to work on /home/airflow/.local/lib/python3.7/site-packages/airflow/example_dags/example_branch_operator.py
[2023-09-14T16:16:28.105+0000] {processor.py:799} INFO - Processing file /home/airflow/.local/lib/python3.7/site-packages/airflow/example_dags/example_branch_operator.py for tasks to queue
[2023-09-14T16:16:28.107+0000] {logging_mixin.py:149} INFO - [2023-09-14T16:16:28.107+0000] {dagbag.py:541} INFO - Filling up the DagBag from /home/airflow/.local/lib/python3.7/site-packages/airflow/example_dags/example_branch_operator.py
[2023-09-14T16:16:28.140+0000] {processor.py:809} INFO - DAG(s) dict_keys(['example_branch_operator']) retrieved from /home/airflow/.local/lib/python3.7/site-packages/airflow/example_dags/example_branch_operator.py
[2023-09-14T16:16:28.228+0000] {logging_mixin.py:149} INFO - [2023-09-14T16:16:28.228+0000] {dag.py:2726} INFO - Sync 1 DAGs
[2023-09-14T16:16:28.375+0000] {logging_mixin.py:149} INFO - [2023-09-14T16:16:28.374+0000] {dag.py:3490} INFO - Setting next_dagrun for example_branch_operator to 2023-09-13T00:00:00+00:00, run_after=2023-09-14T00:00:00+00:00
[2023-09-14T16:16:28.476+0000] {processor.py:178} INFO - Processing /home/airflow/.local/lib/python3.7/site-packages/airflow/example_dags/example_branch_operator.py took 0.385 seconds
[2023-09-14T16:16:58.615+0000] {processor.py:156} INFO - Started process (PID=700) to work on /home/airflow/.local/lib/python3.7/site-packages/airflow/example_dags/example_branch_operator.py
[2023-09-14T16:16:58.624+0000] {processor.py:799} INFO - Processing file /home/airflow/.local/lib/python3.7/site-packages/airflow/example_dags/example_branch_operator.py for tasks to queue
[2023-09-14T16:16:58.631+0000] {logging_mixin.py:149} INFO - [2023-09-14T16:16:58.631+0000] {dagbag.py:541} INFO - Filling up the DagBag from /home/airflow/.local/lib/python3.7/site-packages/airflow/example_dags/example_branch_operator.py
[2023-09-14T16:16:58.695+0000] {processor.py:809} INFO - DAG(s) dict_keys(['example_branch_operator']) retrieved from /home/airflow/.local/lib/python3.7/site-packages/airflow/example_dags/example_branch_operator.py
[2023-09-14T16:16:58.862+0000] {logging_mixin.py:149} INFO - [2023-09-14T16:16:58.861+0000] {dag.py:2726} INFO - Sync 1 DAGs
[2023-09-14T16:16:59.112+0000] {logging_mixin.py:149} INFO - [2023-09-14T16:16:59.112+0000] {dag.py:3490} INFO - Setting next_dagrun for example_branch_operator to 2023-09-13T00:00:00+00:00, run_after=2023-09-14T00:00:00+00:00
[2023-09-14T16:16:59.499+0000] {processor.py:178} INFO - Processing /home/airflow/.local/lib/python3.7/site-packages/airflow/example_dags/example_branch_operator.py took 0.843 seconds
[2023-09-14T16:36:10.957+0000] {processor.py:156} INFO - Started process (PID=75) to work on /home/airflow/.local/lib/python3.7/site-packages/airflow/example_dags/example_branch_operator.py
[2023-09-14T16:36:10.979+0000] {processor.py:799} INFO - Processing file /home/airflow/.local/lib/python3.7/site-packages/airflow/example_dags/example_branch_operator.py for tasks to queue
[2023-09-14T16:36:10.995+0000] {logging_mixin.py:149} INFO - [2023-09-14T16:36:10.994+0000] {dagbag.py:541} INFO - Filling up the DagBag from /home/airflow/.local/lib/python3.7/site-packages/airflow/example_dags/example_branch_operator.py
[2023-09-14T16:36:11.412+0000] {processor.py:809} INFO - DAG(s) dict_keys(['example_branch_operator']) retrieved from /home/airflow/.local/lib/python3.7/site-packages/airflow/example_dags/example_branch_operator.py
[2023-09-14T16:36:11.839+0000] {logging_mixin.py:149} INFO - [2023-09-14T16:36:11.838+0000] {dag.py:2726} INFO - Sync 1 DAGs
[2023-09-14T16:36:12.527+0000] {logging_mixin.py:149} INFO - [2023-09-14T16:36:12.523+0000] {dag.py:3490} INFO - Setting next_dagrun for example_branch_operator to 2023-09-13T00:00:00+00:00, run_after=2023-09-14T00:00:00+00:00
[2023-09-14T16:36:12.769+0000] {processor.py:178} INFO - Processing /home/airflow/.local/lib/python3.7/site-packages/airflow/example_dags/example_branch_operator.py took 1.835 seconds
[2023-09-14T16:36:43.000+0000] {processor.py:156} INFO - Started process (PID=135) to work on /home/airflow/.local/lib/python3.7/site-packages/airflow/example_dags/example_branch_operator.py
[2023-09-14T16:36:43.003+0000] {processor.py:799} INFO - Processing file /home/airflow/.local/lib/python3.7/site-packages/airflow/example_dags/example_branch_operator.py for tasks to queue
[2023-09-14T16:36:43.007+0000] {logging_mixin.py:149} INFO - [2023-09-14T16:36:43.007+0000] {dagbag.py:541} INFO - Filling up the DagBag from /home/airflow/.local/lib/python3.7/site-packages/airflow/example_dags/example_branch_operator.py
[2023-09-14T16:36:43.038+0000] {processor.py:809} INFO - DAG(s) dict_keys(['example_branch_operator']) retrieved from /home/airflow/.local/lib/python3.7/site-packages/airflow/example_dags/example_branch_operator.py
[2023-09-14T16:36:43.129+0000] {logging_mixin.py:149} INFO - [2023-09-14T16:36:43.128+0000] {dag.py:2726} INFO - Sync 1 DAGs
[2023-09-14T16:36:43.555+0000] {logging_mixin.py:149} INFO - [2023-09-14T16:36:43.554+0000] {dag.py:3490} INFO - Setting next_dagrun for example_branch_operator to 2023-09-13T00:00:00+00:00, run_after=2023-09-14T00:00:00+00:00
[2023-09-14T16:36:43.647+0000] {processor.py:178} INFO - Processing /home/airflow/.local/lib/python3.7/site-packages/airflow/example_dags/example_branch_operator.py took 0.655 seconds
[2023-09-14T16:39:16.769+0000] {processor.py:156} INFO - Started process (PID=74) to work on /home/airflow/.local/lib/python3.7/site-packages/airflow/example_dags/example_branch_operator.py
[2023-09-14T16:39:16.789+0000] {processor.py:799} INFO - Processing file /home/airflow/.local/lib/python3.7/site-packages/airflow/example_dags/example_branch_operator.py for tasks to queue
[2023-09-14T16:39:16.801+0000] {logging_mixin.py:149} INFO - [2023-09-14T16:39:16.798+0000] {dagbag.py:541} INFO - Filling up the DagBag from /home/airflow/.local/lib/python3.7/site-packages/airflow/example_dags/example_branch_operator.py
[2023-09-14T16:39:16.858+0000] {processor.py:809} INFO - DAG(s) dict_keys(['example_branch_operator']) retrieved from /home/airflow/.local/lib/python3.7/site-packages/airflow/example_dags/example_branch_operator.py
[2023-09-14T16:39:17.068+0000] {logging_mixin.py:149} INFO - [2023-09-14T16:39:17.067+0000] {dag.py:2726} INFO - Sync 1 DAGs
[2023-09-14T16:39:17.253+0000] {logging_mixin.py:149} INFO - [2023-09-14T16:39:17.253+0000] {dag.py:3490} INFO - Setting next_dagrun for example_branch_operator to 2023-09-13T00:00:00+00:00, run_after=2023-09-14T00:00:00+00:00
[2023-09-14T16:39:17.399+0000] {processor.py:178} INFO - Processing /home/airflow/.local/lib/python3.7/site-packages/airflow/example_dags/example_branch_operator.py took 0.735 seconds
[2023-09-14T16:39:48.261+0000] {processor.py:156} INFO - Started process (PID=135) to work on /home/airflow/.local/lib/python3.7/site-packages/airflow/example_dags/example_branch_operator.py
[2023-09-14T16:39:48.271+0000] {processor.py:799} INFO - Processing file /home/airflow/.local/lib/python3.7/site-packages/airflow/example_dags/example_branch_operator.py for tasks to queue
[2023-09-14T16:39:48.277+0000] {logging_mixin.py:149} INFO - [2023-09-14T16:39:48.276+0000] {dagbag.py:541} INFO - Filling up the DagBag from /home/airflow/.local/lib/python3.7/site-packages/airflow/example_dags/example_branch_operator.py
[2023-09-14T16:39:48.313+0000] {processor.py:809} INFO - DAG(s) dict_keys(['example_branch_operator']) retrieved from /home/airflow/.local/lib/python3.7/site-packages/airflow/example_dags/example_branch_operator.py
[2023-09-14T16:39:48.572+0000] {logging_mixin.py:149} INFO - [2023-09-14T16:39:48.572+0000] {dag.py:2726} INFO - Sync 1 DAGs
[2023-09-14T16:39:49.694+0000] {logging_mixin.py:149} INFO - [2023-09-14T16:39:49.693+0000] {dag.py:3490} INFO - Setting next_dagrun for example_branch_operator to 2023-09-13T00:00:00+00:00, run_after=2023-09-14T00:00:00+00:00
[2023-09-14T16:39:49.770+0000] {processor.py:178} INFO - Processing /home/airflow/.local/lib/python3.7/site-packages/airflow/example_dags/example_branch_operator.py took 1.570 seconds
[2023-09-14T16:40:20.001+0000] {processor.py:156} INFO - Started process (PID=196) to work on /home/airflow/.local/lib/python3.7/site-packages/airflow/example_dags/example_branch_operator.py
[2023-09-14T16:40:20.005+0000] {processor.py:799} INFO - Processing file /home/airflow/.local/lib/python3.7/site-packages/airflow/example_dags/example_branch_operator.py for tasks to queue
[2023-09-14T16:40:20.009+0000] {logging_mixin.py:149} INFO - [2023-09-14T16:40:20.008+0000] {dagbag.py:541} INFO - Filling up the DagBag from /home/airflow/.local/lib/python3.7/site-packages/airflow/example_dags/example_branch_operator.py
[2023-09-14T16:40:20.067+0000] {processor.py:809} INFO - DAG(s) dict_keys(['example_branch_operator']) retrieved from /home/airflow/.local/lib/python3.7/site-packages/airflow/example_dags/example_branch_operator.py
[2023-09-14T16:40:20.232+0000] {logging_mixin.py:149} INFO - [2023-09-14T16:40:20.232+0000] {dag.py:2726} INFO - Sync 1 DAGs
[2023-09-14T16:40:20.296+0000] {logging_mixin.py:149} INFO - [2023-09-14T16:40:20.296+0000] {dag.py:3490} INFO - Setting next_dagrun for example_branch_operator to 2023-09-13T00:00:00+00:00, run_after=2023-09-14T00:00:00+00:00
[2023-09-14T16:40:20.354+0000] {processor.py:178} INFO - Processing /home/airflow/.local/lib/python3.7/site-packages/airflow/example_dags/example_branch_operator.py took 0.366 seconds
[2023-09-14T16:40:50.820+0000] {processor.py:156} INFO - Started process (PID=256) to work on /home/airflow/.local/lib/python3.7/site-packages/airflow/example_dags/example_branch_operator.py
[2023-09-14T16:40:50.826+0000] {processor.py:799} INFO - Processing file /home/airflow/.local/lib/python3.7/site-packages/airflow/example_dags/example_branch_operator.py for tasks to queue
[2023-09-14T16:40:50.829+0000] {logging_mixin.py:149} INFO - [2023-09-14T16:40:50.828+0000] {dagbag.py:541} INFO - Filling up the DagBag from /home/airflow/.local/lib/python3.7/site-packages/airflow/example_dags/example_branch_operator.py
[2023-09-14T16:40:50.866+0000] {processor.py:809} INFO - DAG(s) dict_keys(['example_branch_operator']) retrieved from /home/airflow/.local/lib/python3.7/site-packages/airflow/example_dags/example_branch_operator.py
[2023-09-14T16:40:50.932+0000] {logging_mixin.py:149} INFO - [2023-09-14T16:40:50.932+0000] {dag.py:2726} INFO - Sync 1 DAGs
[2023-09-14T16:40:50.991+0000] {logging_mixin.py:149} INFO - [2023-09-14T16:40:50.990+0000] {dag.py:3490} INFO - Setting next_dagrun for example_branch_operator to 2023-09-13T00:00:00+00:00, run_after=2023-09-14T00:00:00+00:00
[2023-09-14T16:40:51.038+0000] {processor.py:178} INFO - Processing /home/airflow/.local/lib/python3.7/site-packages/airflow/example_dags/example_branch_operator.py took 0.226 seconds
[2023-09-14T16:41:21.281+0000] {processor.py:156} INFO - Started process (PID=317) to work on /home/airflow/.local/lib/python3.7/site-packages/airflow/example_dags/example_branch_operator.py
[2023-09-14T16:41:21.284+0000] {processor.py:799} INFO - Processing file /home/airflow/.local/lib/python3.7/site-packages/airflow/example_dags/example_branch_operator.py for tasks to queue
[2023-09-14T16:41:21.286+0000] {logging_mixin.py:149} INFO - [2023-09-14T16:41:21.285+0000] {dagbag.py:541} INFO - Filling up the DagBag from /home/airflow/.local/lib/python3.7/site-packages/airflow/example_dags/example_branch_operator.py
[2023-09-14T16:41:21.312+0000] {processor.py:809} INFO - DAG(s) dict_keys(['example_branch_operator']) retrieved from /home/airflow/.local/lib/python3.7/site-packages/airflow/example_dags/example_branch_operator.py
[2023-09-14T16:41:21.377+0000] {logging_mixin.py:149} INFO - [2023-09-14T16:41:21.376+0000] {dag.py:2726} INFO - Sync 1 DAGs
[2023-09-14T16:41:21.447+0000] {logging_mixin.py:149} INFO - [2023-09-14T16:41:21.447+0000] {dag.py:3490} INFO - Setting next_dagrun for example_branch_operator to 2023-09-13T00:00:00+00:00, run_after=2023-09-14T00:00:00+00:00
[2023-09-14T16:41:21.501+0000] {processor.py:178} INFO - Processing /home/airflow/.local/lib/python3.7/site-packages/airflow/example_dags/example_branch_operator.py took 0.227 seconds
[2023-09-14T16:41:51.604+0000] {processor.py:156} INFO - Started process (PID=378) to work on /home/airflow/.local/lib/python3.7/site-packages/airflow/example_dags/example_branch_operator.py
[2023-09-14T16:41:51.607+0000] {processor.py:799} INFO - Processing file /home/airflow/.local/lib/python3.7/site-packages/airflow/example_dags/example_branch_operator.py for tasks to queue
[2023-09-14T16:41:51.609+0000] {logging_mixin.py:149} INFO - [2023-09-14T16:41:51.608+0000] {dagbag.py:541} INFO - Filling up the DagBag from /home/airflow/.local/lib/python3.7/site-packages/airflow/example_dags/example_branch_operator.py
[2023-09-14T16:41:51.626+0000] {processor.py:809} INFO - DAG(s) dict_keys(['example_branch_operator']) retrieved from /home/airflow/.local/lib/python3.7/site-packages/airflow/example_dags/example_branch_operator.py
[2023-09-14T16:41:51.676+0000] {logging_mixin.py:149} INFO - [2023-09-14T16:41:51.676+0000] {dag.py:2726} INFO - Sync 1 DAGs
[2023-09-14T16:41:51.735+0000] {logging_mixin.py:149} INFO - [2023-09-14T16:41:51.735+0000] {dag.py:3490} INFO - Setting next_dagrun for example_branch_operator to 2023-09-13T00:00:00+00:00, run_after=2023-09-14T00:00:00+00:00
[2023-09-14T16:41:51.791+0000] {processor.py:178} INFO - Processing /home/airflow/.local/lib/python3.7/site-packages/airflow/example_dags/example_branch_operator.py took 0.192 seconds
[2023-09-14T16:42:22.408+0000] {processor.py:156} INFO - Started process (PID=439) to work on /home/airflow/.local/lib/python3.7/site-packages/airflow/example_dags/example_branch_operator.py
[2023-09-14T16:42:22.411+0000] {processor.py:799} INFO - Processing file /home/airflow/.local/lib/python3.7/site-packages/airflow/example_dags/example_branch_operator.py for tasks to queue
[2023-09-14T16:42:22.413+0000] {logging_mixin.py:149} INFO - [2023-09-14T16:42:22.413+0000] {dagbag.py:541} INFO - Filling up the DagBag from /home/airflow/.local/lib/python3.7/site-packages/airflow/example_dags/example_branch_operator.py
[2023-09-14T16:42:22.435+0000] {processor.py:809} INFO - DAG(s) dict_keys(['example_branch_operator']) retrieved from /home/airflow/.local/lib/python3.7/site-packages/airflow/example_dags/example_branch_operator.py
[2023-09-14T16:42:22.494+0000] {logging_mixin.py:149} INFO - [2023-09-14T16:42:22.493+0000] {dag.py:2726} INFO - Sync 1 DAGs
[2023-09-14T16:42:22.574+0000] {logging_mixin.py:149} INFO - [2023-09-14T16:42:22.573+0000] {dag.py:3490} INFO - Setting next_dagrun for example_branch_operator to 2023-09-13T00:00:00+00:00, run_after=2023-09-14T00:00:00+00:00
[2023-09-14T16:42:22.635+0000] {processor.py:178} INFO - Processing /home/airflow/.local/lib/python3.7/site-packages/airflow/example_dags/example_branch_operator.py took 0.232 seconds
[2023-09-14T16:42:53.205+0000] {processor.py:156} INFO - Started process (PID=501) to work on /home/airflow/.local/lib/python3.7/site-packages/airflow/example_dags/example_branch_operator.py
[2023-09-14T16:42:53.209+0000] {processor.py:799} INFO - Processing file /home/airflow/.local/lib/python3.7/site-packages/airflow/example_dags/example_branch_operator.py for tasks to queue
[2023-09-14T16:42:53.214+0000] {logging_mixin.py:149} INFO - [2023-09-14T16:42:53.214+0000] {dagbag.py:541} INFO - Filling up the DagBag from /home/airflow/.local/lib/python3.7/site-packages/airflow/example_dags/example_branch_operator.py
[2023-09-14T16:42:53.256+0000] {processor.py:809} INFO - DAG(s) dict_keys(['example_branch_operator']) retrieved from /home/airflow/.local/lib/python3.7/site-packages/airflow/example_dags/example_branch_operator.py
[2023-09-14T16:42:53.332+0000] {logging_mixin.py:149} INFO - [2023-09-14T16:42:53.332+0000] {dag.py:2726} INFO - Sync 1 DAGs
[2023-09-14T16:42:53.397+0000] {logging_mixin.py:149} INFO - [2023-09-14T16:42:53.396+0000] {dag.py:3490} INFO - Setting next_dagrun for example_branch_operator to 2023-09-13T00:00:00+00:00, run_after=2023-09-14T00:00:00+00:00
[2023-09-14T16:42:53.471+0000] {processor.py:178} INFO - Processing /home/airflow/.local/lib/python3.7/site-packages/airflow/example_dags/example_branch_operator.py took 0.277 seconds
[2023-09-14T16:43:23.839+0000] {processor.py:156} INFO - Started process (PID=562) to work on /home/airflow/.local/lib/python3.7/site-packages/airflow/example_dags/example_branch_operator.py
[2023-09-14T16:43:23.841+0000] {processor.py:799} INFO - Processing file /home/airflow/.local/lib/python3.7/site-packages/airflow/example_dags/example_branch_operator.py for tasks to queue
[2023-09-14T16:43:23.846+0000] {logging_mixin.py:149} INFO - [2023-09-14T16:43:23.845+0000] {dagbag.py:541} INFO - Filling up the DagBag from /home/airflow/.local/lib/python3.7/site-packages/airflow/example_dags/example_branch_operator.py
[2023-09-14T16:43:23.877+0000] {processor.py:809} INFO - DAG(s) dict_keys(['example_branch_operator']) retrieved from /home/airflow/.local/lib/python3.7/site-packages/airflow/example_dags/example_branch_operator.py
[2023-09-14T16:43:23.930+0000] {logging_mixin.py:149} INFO - [2023-09-14T16:43:23.930+0000] {dag.py:2726} INFO - Sync 1 DAGs
[2023-09-14T16:43:23.977+0000] {logging_mixin.py:149} INFO - [2023-09-14T16:43:23.976+0000] {dag.py:3490} INFO - Setting next_dagrun for example_branch_operator to 2023-09-13T00:00:00+00:00, run_after=2023-09-14T00:00:00+00:00
[2023-09-14T16:43:24.041+0000] {processor.py:178} INFO - Processing /home/airflow/.local/lib/python3.7/site-packages/airflow/example_dags/example_branch_operator.py took 0.213 seconds
[2023-09-14T16:43:54.632+0000] {processor.py:156} INFO - Started process (PID=623) to work on /home/airflow/.local/lib/python3.7/site-packages/airflow/example_dags/example_branch_operator.py
[2023-09-14T16:43:54.635+0000] {processor.py:799} INFO - Processing file /home/airflow/.local/lib/python3.7/site-packages/airflow/example_dags/example_branch_operator.py for tasks to queue
[2023-09-14T16:43:54.639+0000] {logging_mixin.py:149} INFO - [2023-09-14T16:43:54.639+0000] {dagbag.py:541} INFO - Filling up the DagBag from /home/airflow/.local/lib/python3.7/site-packages/airflow/example_dags/example_branch_operator.py
[2023-09-14T16:43:54.668+0000] {processor.py:809} INFO - DAG(s) dict_keys(['example_branch_operator']) retrieved from /home/airflow/.local/lib/python3.7/site-packages/airflow/example_dags/example_branch_operator.py
[2023-09-14T16:43:54.740+0000] {logging_mixin.py:149} INFO - [2023-09-14T16:43:54.739+0000] {dag.py:2726} INFO - Sync 1 DAGs
[2023-09-14T16:43:54.822+0000] {logging_mixin.py:149} INFO - [2023-09-14T16:43:54.822+0000] {dag.py:3490} INFO - Setting next_dagrun for example_branch_operator to 2023-09-13T00:00:00+00:00, run_after=2023-09-14T00:00:00+00:00
[2023-09-14T16:43:54.903+0000] {processor.py:178} INFO - Processing /home/airflow/.local/lib/python3.7/site-packages/airflow/example_dags/example_branch_operator.py took 0.278 seconds
[2023-09-14T16:44:25.368+0000] {processor.py:156} INFO - Started process (PID=685) to work on /home/airflow/.local/lib/python3.7/site-packages/airflow/example_dags/example_branch_operator.py
[2023-09-14T16:44:25.370+0000] {processor.py:799} INFO - Processing file /home/airflow/.local/lib/python3.7/site-packages/airflow/example_dags/example_branch_operator.py for tasks to queue
[2023-09-14T16:44:25.375+0000] {logging_mixin.py:149} INFO - [2023-09-14T16:44:25.373+0000] {dagbag.py:541} INFO - Filling up the DagBag from /home/airflow/.local/lib/python3.7/site-packages/airflow/example_dags/example_branch_operator.py
[2023-09-14T16:44:25.402+0000] {processor.py:809} INFO - DAG(s) dict_keys(['example_branch_operator']) retrieved from /home/airflow/.local/lib/python3.7/site-packages/airflow/example_dags/example_branch_operator.py
[2023-09-14T16:44:25.470+0000] {logging_mixin.py:149} INFO - [2023-09-14T16:44:25.469+0000] {dag.py:2726} INFO - Sync 1 DAGs
[2023-09-14T16:44:25.542+0000] {logging_mixin.py:149} INFO - [2023-09-14T16:44:25.542+0000] {dag.py:3490} INFO - Setting next_dagrun for example_branch_operator to 2023-09-13T00:00:00+00:00, run_after=2023-09-14T00:00:00+00:00
[2023-09-14T16:44:25.593+0000] {processor.py:178} INFO - Processing /home/airflow/.local/lib/python3.7/site-packages/airflow/example_dags/example_branch_operator.py took 0.232 seconds
[2023-09-14T16:44:57.930+0000] {processor.py:156} INFO - Started process (PID=746) to work on /home/airflow/.local/lib/python3.7/site-packages/airflow/example_dags/example_branch_operator.py
[2023-09-14T16:44:57.933+0000] {processor.py:799} INFO - Processing file /home/airflow/.local/lib/python3.7/site-packages/airflow/example_dags/example_branch_operator.py for tasks to queue
[2023-09-14T16:44:57.936+0000] {logging_mixin.py:149} INFO - [2023-09-14T16:44:57.935+0000] {dagbag.py:541} INFO - Filling up the DagBag from /home/airflow/.local/lib/python3.7/site-packages/airflow/example_dags/example_branch_operator.py
[2023-09-14T16:44:57.960+0000] {processor.py:809} INFO - DAG(s) dict_keys(['example_branch_operator']) retrieved from /home/airflow/.local/lib/python3.7/site-packages/airflow/example_dags/example_branch_operator.py
[2023-09-14T16:44:58.058+0000] {logging_mixin.py:149} INFO - [2023-09-14T16:44:58.058+0000] {dag.py:2726} INFO - Sync 1 DAGs
[2023-09-14T16:44:58.266+0000] {logging_mixin.py:149} INFO - [2023-09-14T16:44:58.266+0000] {dag.py:3490} INFO - Setting next_dagrun for example_branch_operator to 2023-09-13T00:00:00+00:00, run_after=2023-09-14T00:00:00+00:00
[2023-09-14T16:44:58.403+0000] {processor.py:178} INFO - Processing /home/airflow/.local/lib/python3.7/site-packages/airflow/example_dags/example_branch_operator.py took 0.479 seconds
[2023-09-14T16:45:29.118+0000] {processor.py:156} INFO - Started process (PID=807) to work on /home/airflow/.local/lib/python3.7/site-packages/airflow/example_dags/example_branch_operator.py
[2023-09-14T16:45:29.120+0000] {processor.py:799} INFO - Processing file /home/airflow/.local/lib/python3.7/site-packages/airflow/example_dags/example_branch_operator.py for tasks to queue
[2023-09-14T16:45:29.124+0000] {logging_mixin.py:149} INFO - [2023-09-14T16:45:29.124+0000] {dagbag.py:541} INFO - Filling up the DagBag from /home/airflow/.local/lib/python3.7/site-packages/airflow/example_dags/example_branch_operator.py
[2023-09-14T16:45:29.141+0000] {processor.py:809} INFO - DAG(s) dict_keys(['example_branch_operator']) retrieved from /home/airflow/.local/lib/python3.7/site-packages/airflow/example_dags/example_branch_operator.py
[2023-09-14T16:45:29.195+0000] {logging_mixin.py:149} INFO - [2023-09-14T16:45:29.195+0000] {dag.py:2726} INFO - Sync 1 DAGs
[2023-09-14T16:45:29.259+0000] {logging_mixin.py:149} INFO - [2023-09-14T16:45:29.259+0000] {dag.py:3490} INFO - Setting next_dagrun for example_branch_operator to 2023-09-13T00:00:00+00:00, run_after=2023-09-14T00:00:00+00:00
[2023-09-14T16:45:29.318+0000] {processor.py:178} INFO - Processing /home/airflow/.local/lib/python3.7/site-packages/airflow/example_dags/example_branch_operator.py took 0.208 seconds
[2023-09-14T16:46:01.557+0000] {processor.py:156} INFO - Started process (PID=868) to work on /home/airflow/.local/lib/python3.7/site-packages/airflow/example_dags/example_branch_operator.py
[2023-09-14T16:46:01.561+0000] {processor.py:799} INFO - Processing file /home/airflow/.local/lib/python3.7/site-packages/airflow/example_dags/example_branch_operator.py for tasks to queue
[2023-09-14T16:46:01.565+0000] {logging_mixin.py:149} INFO - [2023-09-14T16:46:01.564+0000] {dagbag.py:541} INFO - Filling up the DagBag from /home/airflow/.local/lib/python3.7/site-packages/airflow/example_dags/example_branch_operator.py
[2023-09-14T16:46:01.607+0000] {processor.py:809} INFO - DAG(s) dict_keys(['example_branch_operator']) retrieved from /home/airflow/.local/lib/python3.7/site-packages/airflow/example_dags/example_branch_operator.py
[2023-09-14T16:46:01.720+0000] {logging_mixin.py:149} INFO - [2023-09-14T16:46:01.719+0000] {dag.py:2726} INFO - Sync 1 DAGs
[2023-09-14T16:46:01.821+0000] {logging_mixin.py:149} INFO - [2023-09-14T16:46:01.820+0000] {dag.py:3490} INFO - Setting next_dagrun for example_branch_operator to 2023-09-13T00:00:00+00:00, run_after=2023-09-14T00:00:00+00:00
[2023-09-14T16:46:01.904+0000] {processor.py:178} INFO - Processing /home/airflow/.local/lib/python3.7/site-packages/airflow/example_dags/example_branch_operator.py took 0.363 seconds
[2023-09-14T16:46:32.134+0000] {processor.py:156} INFO - Started process (PID=929) to work on /home/airflow/.local/lib/python3.7/site-packages/airflow/example_dags/example_branch_operator.py
[2023-09-14T16:46:32.136+0000] {processor.py:799} INFO - Processing file /home/airflow/.local/lib/python3.7/site-packages/airflow/example_dags/example_branch_operator.py for tasks to queue
[2023-09-14T16:46:32.140+0000] {logging_mixin.py:149} INFO - [2023-09-14T16:46:32.139+0000] {dagbag.py:541} INFO - Filling up the DagBag from /home/airflow/.local/lib/python3.7/site-packages/airflow/example_dags/example_branch_operator.py
[2023-09-14T16:46:32.181+0000] {processor.py:809} INFO - DAG(s) dict_keys(['example_branch_operator']) retrieved from /home/airflow/.local/lib/python3.7/site-packages/airflow/example_dags/example_branch_operator.py
[2023-09-14T16:46:32.269+0000] {logging_mixin.py:149} INFO - [2023-09-14T16:46:32.268+0000] {dag.py:2726} INFO - Sync 1 DAGs
[2023-09-14T16:46:32.353+0000] {logging_mixin.py:149} INFO - [2023-09-14T16:46:32.353+0000] {dag.py:3490} INFO - Setting next_dagrun for example_branch_operator to 2023-09-13T00:00:00+00:00, run_after=2023-09-14T00:00:00+00:00
[2023-09-14T16:46:32.410+0000] {processor.py:178} INFO - Processing /home/airflow/.local/lib/python3.7/site-packages/airflow/example_dags/example_branch_operator.py took 0.294 seconds
[2023-09-14T16:47:03.745+0000] {processor.py:156} INFO - Started process (PID=990) to work on /home/airflow/.local/lib/python3.7/site-packages/airflow/example_dags/example_branch_operator.py
[2023-09-14T16:47:03.761+0000] {processor.py:799} INFO - Processing file /home/airflow/.local/lib/python3.7/site-packages/airflow/example_dags/example_branch_operator.py for tasks to queue
[2023-09-14T16:47:03.767+0000] {logging_mixin.py:149} INFO - [2023-09-14T16:47:03.766+0000] {dagbag.py:541} INFO - Filling up the DagBag from /home/airflow/.local/lib/python3.7/site-packages/airflow/example_dags/example_branch_operator.py
[2023-09-14T16:47:03.829+0000] {processor.py:809} INFO - DAG(s) dict_keys(['example_branch_operator']) retrieved from /home/airflow/.local/lib/python3.7/site-packages/airflow/example_dags/example_branch_operator.py
[2023-09-14T16:47:03.981+0000] {logging_mixin.py:149} INFO - [2023-09-14T16:47:03.980+0000] {dag.py:2726} INFO - Sync 1 DAGs
[2023-09-14T16:47:04.142+0000] {logging_mixin.py:149} INFO - [2023-09-14T16:47:04.142+0000] {dag.py:3490} INFO - Setting next_dagrun for example_branch_operator to 2023-09-13T00:00:00+00:00, run_after=2023-09-14T00:00:00+00:00
[2023-09-14T16:47:04.245+0000] {processor.py:178} INFO - Processing /home/airflow/.local/lib/python3.7/site-packages/airflow/example_dags/example_branch_operator.py took 0.526 seconds
[2023-09-14T16:47:35.268+0000] {processor.py:156} INFO - Started process (PID=1051) to work on /home/airflow/.local/lib/python3.7/site-packages/airflow/example_dags/example_branch_operator.py
[2023-09-14T16:47:35.272+0000] {processor.py:799} INFO - Processing file /home/airflow/.local/lib/python3.7/site-packages/airflow/example_dags/example_branch_operator.py for tasks to queue
[2023-09-14T16:47:35.277+0000] {logging_mixin.py:149} INFO - [2023-09-14T16:47:35.276+0000] {dagbag.py:541} INFO - Filling up the DagBag from /home/airflow/.local/lib/python3.7/site-packages/airflow/example_dags/example_branch_operator.py
[2023-09-14T16:47:35.326+0000] {processor.py:809} INFO - DAG(s) dict_keys(['example_branch_operator']) retrieved from /home/airflow/.local/lib/python3.7/site-packages/airflow/example_dags/example_branch_operator.py
[2023-09-14T16:47:35.391+0000] {logging_mixin.py:149} INFO - [2023-09-14T16:47:35.391+0000] {dag.py:2726} INFO - Sync 1 DAGs
[2023-09-14T16:47:35.493+0000] {logging_mixin.py:149} INFO - [2023-09-14T16:47:35.493+0000] {dag.py:3490} INFO - Setting next_dagrun for example_branch_operator to 2023-09-13T00:00:00+00:00, run_after=2023-09-14T00:00:00+00:00
[2023-09-14T16:47:35.646+0000] {processor.py:178} INFO - Processing /home/airflow/.local/lib/python3.7/site-packages/airflow/example_dags/example_branch_operator.py took 0.393 seconds
[2023-09-14T16:48:06.014+0000] {processor.py:156} INFO - Started process (PID=1103) to work on /home/airflow/.local/lib/python3.7/site-packages/airflow/example_dags/example_branch_operator.py
[2023-09-14T16:48:06.017+0000] {processor.py:799} INFO - Processing file /home/airflow/.local/lib/python3.7/site-packages/airflow/example_dags/example_branch_operator.py for tasks to queue
[2023-09-14T16:48:06.027+0000] {logging_mixin.py:149} INFO - [2023-09-14T16:48:06.020+0000] {dagbag.py:541} INFO - Filling up the DagBag from /home/airflow/.local/lib/python3.7/site-packages/airflow/example_dags/example_branch_operator.py
[2023-09-14T16:48:06.133+0000] {processor.py:809} INFO - DAG(s) dict_keys(['example_branch_operator']) retrieved from /home/airflow/.local/lib/python3.7/site-packages/airflow/example_dags/example_branch_operator.py
[2023-09-14T16:48:06.360+0000] {logging_mixin.py:149} INFO - [2023-09-14T16:48:06.360+0000] {dag.py:2726} INFO - Sync 1 DAGs
[2023-09-14T16:48:06.624+0000] {logging_mixin.py:149} INFO - [2023-09-14T16:48:06.624+0000] {dag.py:3490} INFO - Setting next_dagrun for example_branch_operator to 2023-09-13T00:00:00+00:00, run_after=2023-09-14T00:00:00+00:00
[2023-09-14T16:48:06.890+0000] {processor.py:178} INFO - Processing /home/airflow/.local/lib/python3.7/site-packages/airflow/example_dags/example_branch_operator.py took 0.896 seconds
[2023-09-14T16:48:37.522+0000] {processor.py:156} INFO - Started process (PID=1164) to work on /home/airflow/.local/lib/python3.7/site-packages/airflow/example_dags/example_branch_operator.py
[2023-09-14T16:48:37.527+0000] {processor.py:799} INFO - Processing file /home/airflow/.local/lib/python3.7/site-packages/airflow/example_dags/example_branch_operator.py for tasks to queue
[2023-09-14T16:48:37.532+0000] {logging_mixin.py:149} INFO - [2023-09-14T16:48:37.531+0000] {dagbag.py:541} INFO - Filling up the DagBag from /home/airflow/.local/lib/python3.7/site-packages/airflow/example_dags/example_branch_operator.py
[2023-09-14T16:48:37.564+0000] {processor.py:809} INFO - DAG(s) dict_keys(['example_branch_operator']) retrieved from /home/airflow/.local/lib/python3.7/site-packages/airflow/example_dags/example_branch_operator.py
[2023-09-14T16:48:37.645+0000] {logging_mixin.py:149} INFO - [2023-09-14T16:48:37.645+0000] {dag.py:2726} INFO - Sync 1 DAGs
[2023-09-14T16:48:37.705+0000] {logging_mixin.py:149} INFO - [2023-09-14T16:48:37.705+0000] {dag.py:3490} INFO - Setting next_dagrun for example_branch_operator to 2023-09-13T00:00:00+00:00, run_after=2023-09-14T00:00:00+00:00
[2023-09-14T16:48:37.811+0000] {processor.py:178} INFO - Processing /home/airflow/.local/lib/python3.7/site-packages/airflow/example_dags/example_branch_operator.py took 0.298 seconds
[2023-09-14T16:49:09.467+0000] {processor.py:156} INFO - Started process (PID=1225) to work on /home/airflow/.local/lib/python3.7/site-packages/airflow/example_dags/example_branch_operator.py
[2023-09-14T16:49:09.471+0000] {processor.py:799} INFO - Processing file /home/airflow/.local/lib/python3.7/site-packages/airflow/example_dags/example_branch_operator.py for tasks to queue
[2023-09-14T16:49:09.475+0000] {logging_mixin.py:149} INFO - [2023-09-14T16:49:09.475+0000] {dagbag.py:541} INFO - Filling up the DagBag from /home/airflow/.local/lib/python3.7/site-packages/airflow/example_dags/example_branch_operator.py
[2023-09-14T16:49:09.550+0000] {processor.py:809} INFO - DAG(s) dict_keys(['example_branch_operator']) retrieved from /home/airflow/.local/lib/python3.7/site-packages/airflow/example_dags/example_branch_operator.py
[2023-09-14T16:49:09.683+0000] {logging_mixin.py:149} INFO - [2023-09-14T16:49:09.682+0000] {dag.py:2726} INFO - Sync 1 DAGs
[2023-09-14T16:49:09.788+0000] {logging_mixin.py:149} INFO - [2023-09-14T16:49:09.788+0000] {dag.py:3490} INFO - Setting next_dagrun for example_branch_operator to 2023-09-13T00:00:00+00:00, run_after=2023-09-14T00:00:00+00:00
[2023-09-14T16:49:09.948+0000] {processor.py:178} INFO - Processing /home/airflow/.local/lib/python3.7/site-packages/airflow/example_dags/example_branch_operator.py took 0.494 seconds
[2023-09-14T16:49:40.283+0000] {processor.py:156} INFO - Started process (PID=1286) to work on /home/airflow/.local/lib/python3.7/site-packages/airflow/example_dags/example_branch_operator.py
[2023-09-14T16:49:40.286+0000] {processor.py:799} INFO - Processing file /home/airflow/.local/lib/python3.7/site-packages/airflow/example_dags/example_branch_operator.py for tasks to queue
[2023-09-14T16:49:40.290+0000] {logging_mixin.py:149} INFO - [2023-09-14T16:49:40.289+0000] {dagbag.py:541} INFO - Filling up the DagBag from /home/airflow/.local/lib/python3.7/site-packages/airflow/example_dags/example_branch_operator.py
[2023-09-14T16:49:40.325+0000] {processor.py:809} INFO - DAG(s) dict_keys(['example_branch_operator']) retrieved from /home/airflow/.local/lib/python3.7/site-packages/airflow/example_dags/example_branch_operator.py
[2023-09-14T16:49:40.411+0000] {logging_mixin.py:149} INFO - [2023-09-14T16:49:40.410+0000] {dag.py:2726} INFO - Sync 1 DAGs
[2023-09-14T16:49:40.465+0000] {logging_mixin.py:149} INFO - [2023-09-14T16:49:40.464+0000] {dag.py:3490} INFO - Setting next_dagrun for example_branch_operator to 2023-09-13T00:00:00+00:00, run_after=2023-09-14T00:00:00+00:00
[2023-09-14T16:49:40.520+0000] {processor.py:178} INFO - Processing /home/airflow/.local/lib/python3.7/site-packages/airflow/example_dags/example_branch_operator.py took 0.246 seconds
[2023-09-14T16:50:11.563+0000] {processor.py:156} INFO - Started process (PID=1347) to work on /home/airflow/.local/lib/python3.7/site-packages/airflow/example_dags/example_branch_operator.py
[2023-09-14T16:50:11.567+0000] {processor.py:799} INFO - Processing file /home/airflow/.local/lib/python3.7/site-packages/airflow/example_dags/example_branch_operator.py for tasks to queue
[2023-09-14T16:50:11.571+0000] {logging_mixin.py:149} INFO - [2023-09-14T16:50:11.570+0000] {dagbag.py:541} INFO - Filling up the DagBag from /home/airflow/.local/lib/python3.7/site-packages/airflow/example_dags/example_branch_operator.py
[2023-09-14T16:50:11.605+0000] {processor.py:809} INFO - DAG(s) dict_keys(['example_branch_operator']) retrieved from /home/airflow/.local/lib/python3.7/site-packages/airflow/example_dags/example_branch_operator.py
[2023-09-14T16:50:11.674+0000] {logging_mixin.py:149} INFO - [2023-09-14T16:50:11.674+0000] {dag.py:2726} INFO - Sync 1 DAGs
[2023-09-14T16:50:11.760+0000] {logging_mixin.py:149} INFO - [2023-09-14T16:50:11.760+0000] {dag.py:3490} INFO - Setting next_dagrun for example_branch_operator to 2023-09-13T00:00:00+00:00, run_after=2023-09-14T00:00:00+00:00
[2023-09-14T16:50:11.842+0000] {processor.py:178} INFO - Processing /home/airflow/.local/lib/python3.7/site-packages/airflow/example_dags/example_branch_operator.py took 0.296 seconds
[2023-09-14T16:50:43.789+0000] {processor.py:156} INFO - Started process (PID=1408) to work on /home/airflow/.local/lib/python3.7/site-packages/airflow/example_dags/example_branch_operator.py
[2023-09-14T16:50:43.794+0000] {processor.py:799} INFO - Processing file /home/airflow/.local/lib/python3.7/site-packages/airflow/example_dags/example_branch_operator.py for tasks to queue
[2023-09-14T16:50:43.798+0000] {logging_mixin.py:149} INFO - [2023-09-14T16:50:43.798+0000] {dagbag.py:541} INFO - Filling up the DagBag from /home/airflow/.local/lib/python3.7/site-packages/airflow/example_dags/example_branch_operator.py
[2023-09-14T16:50:43.830+0000] {processor.py:809} INFO - DAG(s) dict_keys(['example_branch_operator']) retrieved from /home/airflow/.local/lib/python3.7/site-packages/airflow/example_dags/example_branch_operator.py
[2023-09-14T16:50:43.915+0000] {logging_mixin.py:149} INFO - [2023-09-14T16:50:43.915+0000] {dag.py:2726} INFO - Sync 1 DAGs
[2023-09-14T16:50:43.998+0000] {logging_mixin.py:149} INFO - [2023-09-14T16:50:43.996+0000] {dag.py:3490} INFO - Setting next_dagrun for example_branch_operator to 2023-09-13T00:00:00+00:00, run_after=2023-09-14T00:00:00+00:00
[2023-09-14T16:50:44.112+0000] {processor.py:178} INFO - Processing /home/airflow/.local/lib/python3.7/site-packages/airflow/example_dags/example_branch_operator.py took 0.333 seconds
[2023-09-14T16:51:15.338+0000] {processor.py:156} INFO - Started process (PID=1469) to work on /home/airflow/.local/lib/python3.7/site-packages/airflow/example_dags/example_branch_operator.py
[2023-09-14T16:51:15.344+0000] {processor.py:799} INFO - Processing file /home/airflow/.local/lib/python3.7/site-packages/airflow/example_dags/example_branch_operator.py for tasks to queue
[2023-09-14T16:51:15.358+0000] {logging_mixin.py:149} INFO - [2023-09-14T16:51:15.357+0000] {dagbag.py:541} INFO - Filling up the DagBag from /home/airflow/.local/lib/python3.7/site-packages/airflow/example_dags/example_branch_operator.py
[2023-09-14T16:51:15.398+0000] {processor.py:809} INFO - DAG(s) dict_keys(['example_branch_operator']) retrieved from /home/airflow/.local/lib/python3.7/site-packages/airflow/example_dags/example_branch_operator.py
[2023-09-14T16:51:15.565+0000] {logging_mixin.py:149} INFO - [2023-09-14T16:51:15.564+0000] {dag.py:2726} INFO - Sync 1 DAGs
[2023-09-14T16:51:15.686+0000] {logging_mixin.py:149} INFO - [2023-09-14T16:51:15.686+0000] {dag.py:3490} INFO - Setting next_dagrun for example_branch_operator to 2023-09-13T00:00:00+00:00, run_after=2023-09-14T00:00:00+00:00
[2023-09-14T16:51:15.781+0000] {processor.py:178} INFO - Processing /home/airflow/.local/lib/python3.7/site-packages/airflow/example_dags/example_branch_operator.py took 0.461 seconds
[2023-09-14T16:51:46.159+0000] {processor.py:156} INFO - Started process (PID=1530) to work on /home/airflow/.local/lib/python3.7/site-packages/airflow/example_dags/example_branch_operator.py
[2023-09-14T16:51:46.162+0000] {processor.py:799} INFO - Processing file /home/airflow/.local/lib/python3.7/site-packages/airflow/example_dags/example_branch_operator.py for tasks to queue
[2023-09-14T16:51:46.166+0000] {logging_mixin.py:149} INFO - [2023-09-14T16:51:46.165+0000] {dagbag.py:541} INFO - Filling up the DagBag from /home/airflow/.local/lib/python3.7/site-packages/airflow/example_dags/example_branch_operator.py
[2023-09-14T16:51:46.186+0000] {processor.py:809} INFO - DAG(s) dict_keys(['example_branch_operator']) retrieved from /home/airflow/.local/lib/python3.7/site-packages/airflow/example_dags/example_branch_operator.py
[2023-09-14T16:51:46.278+0000] {logging_mixin.py:149} INFO - [2023-09-14T16:51:46.277+0000] {dag.py:2726} INFO - Sync 1 DAGs
[2023-09-14T16:51:46.365+0000] {logging_mixin.py:149} INFO - [2023-09-14T16:51:46.364+0000] {dag.py:3490} INFO - Setting next_dagrun for example_branch_operator to 2023-09-13T00:00:00+00:00, run_after=2023-09-14T00:00:00+00:00
[2023-09-14T16:51:46.441+0000] {processor.py:178} INFO - Processing /home/airflow/.local/lib/python3.7/site-packages/airflow/example_dags/example_branch_operator.py took 0.294 seconds
[2023-09-14T16:52:18.556+0000] {processor.py:156} INFO - Started process (PID=1592) to work on /home/airflow/.local/lib/python3.7/site-packages/airflow/example_dags/example_branch_operator.py
[2023-09-14T16:52:18.559+0000] {processor.py:799} INFO - Processing file /home/airflow/.local/lib/python3.7/site-packages/airflow/example_dags/example_branch_operator.py for tasks to queue
[2023-09-14T16:52:18.566+0000] {logging_mixin.py:149} INFO - [2023-09-14T16:52:18.565+0000] {dagbag.py:541} INFO - Filling up the DagBag from /home/airflow/.local/lib/python3.7/site-packages/airflow/example_dags/example_branch_operator.py
[2023-09-14T16:52:18.607+0000] {processor.py:809} INFO - DAG(s) dict_keys(['example_branch_operator']) retrieved from /home/airflow/.local/lib/python3.7/site-packages/airflow/example_dags/example_branch_operator.py
[2023-09-14T16:52:18.752+0000] {logging_mixin.py:149} INFO - [2023-09-14T16:52:18.752+0000] {dag.py:2726} INFO - Sync 1 DAGs
[2023-09-14T16:52:18.957+0000] {logging_mixin.py:149} INFO - [2023-09-14T16:52:18.956+0000] {dag.py:3490} INFO - Setting next_dagrun for example_branch_operator to 2023-09-13T00:00:00+00:00, run_after=2023-09-14T00:00:00+00:00
[2023-09-14T16:52:19.056+0000] {processor.py:178} INFO - Processing /home/airflow/.local/lib/python3.7/site-packages/airflow/example_dags/example_branch_operator.py took 0.508 seconds
[2023-09-14T16:52:49.817+0000] {processor.py:156} INFO - Started process (PID=1660) to work on /home/airflow/.local/lib/python3.7/site-packages/airflow/example_dags/example_branch_operator.py
[2023-09-14T16:52:49.820+0000] {processor.py:799} INFO - Processing file /home/airflow/.local/lib/python3.7/site-packages/airflow/example_dags/example_branch_operator.py for tasks to queue
[2023-09-14T16:52:49.826+0000] {logging_mixin.py:149} INFO - [2023-09-14T16:52:49.826+0000] {dagbag.py:541} INFO - Filling up the DagBag from /home/airflow/.local/lib/python3.7/site-packages/airflow/example_dags/example_branch_operator.py
[2023-09-14T16:52:49.904+0000] {processor.py:809} INFO - DAG(s) dict_keys(['example_branch_operator']) retrieved from /home/airflow/.local/lib/python3.7/site-packages/airflow/example_dags/example_branch_operator.py
[2023-09-14T16:52:50.081+0000] {logging_mixin.py:149} INFO - [2023-09-14T16:52:50.079+0000] {dag.py:2726} INFO - Sync 1 DAGs
[2023-09-14T16:52:50.296+0000] {logging_mixin.py:149} INFO - [2023-09-14T16:52:50.295+0000] {dag.py:3490} INFO - Setting next_dagrun for example_branch_operator to 2023-09-13T00:00:00+00:00, run_after=2023-09-14T00:00:00+00:00
[2023-09-14T16:52:50.446+0000] {processor.py:178} INFO - Processing /home/airflow/.local/lib/python3.7/site-packages/airflow/example_dags/example_branch_operator.py took 0.648 seconds
[2023-09-14T16:53:20.722+0000] {processor.py:156} INFO - Started process (PID=1721) to work on /home/airflow/.local/lib/python3.7/site-packages/airflow/example_dags/example_branch_operator.py
[2023-09-14T16:53:20.726+0000] {processor.py:799} INFO - Processing file /home/airflow/.local/lib/python3.7/site-packages/airflow/example_dags/example_branch_operator.py for tasks to queue
[2023-09-14T16:53:20.744+0000] {logging_mixin.py:149} INFO - [2023-09-14T16:53:20.743+0000] {dagbag.py:541} INFO - Filling up the DagBag from /home/airflow/.local/lib/python3.7/site-packages/airflow/example_dags/example_branch_operator.py
[2023-09-14T16:53:20.815+0000] {processor.py:809} INFO - DAG(s) dict_keys(['example_branch_operator']) retrieved from /home/airflow/.local/lib/python3.7/site-packages/airflow/example_dags/example_branch_operator.py
[2023-09-14T16:53:20.996+0000] {logging_mixin.py:149} INFO - [2023-09-14T16:53:20.994+0000] {dag.py:2726} INFO - Sync 1 DAGs
[2023-09-14T16:53:21.121+0000] {logging_mixin.py:149} INFO - [2023-09-14T16:53:21.120+0000] {dag.py:3490} INFO - Setting next_dagrun for example_branch_operator to 2023-09-13T00:00:00+00:00, run_after=2023-09-14T00:00:00+00:00
[2023-09-14T16:53:21.240+0000] {processor.py:178} INFO - Processing /home/airflow/.local/lib/python3.7/site-packages/airflow/example_dags/example_branch_operator.py took 0.536 seconds
[2023-09-14T16:53:52.281+0000] {processor.py:156} INFO - Started process (PID=1786) to work on /home/airflow/.local/lib/python3.7/site-packages/airflow/example_dags/example_branch_operator.py
[2023-09-14T16:53:52.289+0000] {processor.py:799} INFO - Processing file /home/airflow/.local/lib/python3.7/site-packages/airflow/example_dags/example_branch_operator.py for tasks to queue
[2023-09-14T16:53:52.297+0000] {logging_mixin.py:149} INFO - [2023-09-14T16:53:52.296+0000] {dagbag.py:541} INFO - Filling up the DagBag from /home/airflow/.local/lib/python3.7/site-packages/airflow/example_dags/example_branch_operator.py
[2023-09-14T16:53:52.382+0000] {processor.py:809} INFO - DAG(s) dict_keys(['example_branch_operator']) retrieved from /home/airflow/.local/lib/python3.7/site-packages/airflow/example_dags/example_branch_operator.py
[2023-09-14T16:53:52.508+0000] {logging_mixin.py:149} INFO - [2023-09-14T16:53:52.507+0000] {dag.py:2726} INFO - Sync 1 DAGs
[2023-09-14T16:53:52.640+0000] {logging_mixin.py:149} INFO - [2023-09-14T16:53:52.639+0000] {dag.py:3490} INFO - Setting next_dagrun for example_branch_operator to 2023-09-13T00:00:00+00:00, run_after=2023-09-14T00:00:00+00:00
[2023-09-14T16:53:52.716+0000] {processor.py:178} INFO - Processing /home/airflow/.local/lib/python3.7/site-packages/airflow/example_dags/example_branch_operator.py took 0.456 seconds
[2023-09-14T16:54:40.670+0000] {processor.py:156} INFO - Started process (PID=1857) to work on /home/airflow/.local/lib/python3.7/site-packages/airflow/example_dags/example_branch_operator.py
[2023-09-14T16:54:40.685+0000] {processor.py:799} INFO - Processing file /home/airflow/.local/lib/python3.7/site-packages/airflow/example_dags/example_branch_operator.py for tasks to queue
[2023-09-14T16:54:40.688+0000] {logging_mixin.py:149} INFO - [2023-09-14T16:54:40.688+0000] {dagbag.py:541} INFO - Filling up the DagBag from /home/airflow/.local/lib/python3.7/site-packages/airflow/example_dags/example_branch_operator.py
[2023-09-14T16:54:40.897+0000] {processor.py:809} INFO - DAG(s) dict_keys(['example_branch_operator']) retrieved from /home/airflow/.local/lib/python3.7/site-packages/airflow/example_dags/example_branch_operator.py
[2023-09-14T16:54:41.270+0000] {logging_mixin.py:149} INFO - [2023-09-14T16:54:41.269+0000] {dag.py:2726} INFO - Sync 1 DAGs
[2023-09-14T16:54:41.698+0000] {logging_mixin.py:149} INFO - [2023-09-14T16:54:41.696+0000] {dag.py:3490} INFO - Setting next_dagrun for example_branch_operator to 2023-09-13T00:00:00+00:00, run_after=2023-09-14T00:00:00+00:00
[2023-09-14T16:54:42.032+0000] {processor.py:178} INFO - Processing /home/airflow/.local/lib/python3.7/site-packages/airflow/example_dags/example_branch_operator.py took 1.400 seconds
[2023-09-14T16:55:12.983+0000] {processor.py:156} INFO - Started process (PID=1923) to work on /home/airflow/.local/lib/python3.7/site-packages/airflow/example_dags/example_branch_operator.py
[2023-09-14T16:55:12.988+0000] {processor.py:799} INFO - Processing file /home/airflow/.local/lib/python3.7/site-packages/airflow/example_dags/example_branch_operator.py for tasks to queue
[2023-09-14T16:55:12.991+0000] {logging_mixin.py:149} INFO - [2023-09-14T16:55:12.991+0000] {dagbag.py:541} INFO - Filling up the DagBag from /home/airflow/.local/lib/python3.7/site-packages/airflow/example_dags/example_branch_operator.py
[2023-09-14T16:55:13.017+0000] {processor.py:809} INFO - DAG(s) dict_keys(['example_branch_operator']) retrieved from /home/airflow/.local/lib/python3.7/site-packages/airflow/example_dags/example_branch_operator.py
[2023-09-14T16:55:13.105+0000] {logging_mixin.py:149} INFO - [2023-09-14T16:55:13.104+0000] {dag.py:2726} INFO - Sync 1 DAGs
[2023-09-14T16:55:13.191+0000] {logging_mixin.py:149} INFO - [2023-09-14T16:55:13.191+0000] {dag.py:3490} INFO - Setting next_dagrun for example_branch_operator to 2023-09-13T00:00:00+00:00, run_after=2023-09-14T00:00:00+00:00
[2023-09-14T16:55:13.249+0000] {processor.py:178} INFO - Processing /home/airflow/.local/lib/python3.7/site-packages/airflow/example_dags/example_branch_operator.py took 0.275 seconds
[2023-09-14T16:55:43.955+0000] {processor.py:156} INFO - Started process (PID=1989) to work on /home/airflow/.local/lib/python3.7/site-packages/airflow/example_dags/example_branch_operator.py
[2023-09-14T16:55:43.959+0000] {processor.py:799} INFO - Processing file /home/airflow/.local/lib/python3.7/site-packages/airflow/example_dags/example_branch_operator.py for tasks to queue
[2023-09-14T16:55:43.962+0000] {logging_mixin.py:149} INFO - [2023-09-14T16:55:43.961+0000] {dagbag.py:541} INFO - Filling up the DagBag from /home/airflow/.local/lib/python3.7/site-packages/airflow/example_dags/example_branch_operator.py
[2023-09-14T16:55:43.982+0000] {processor.py:809} INFO - DAG(s) dict_keys(['example_branch_operator']) retrieved from /home/airflow/.local/lib/python3.7/site-packages/airflow/example_dags/example_branch_operator.py
[2023-09-14T16:55:44.069+0000] {logging_mixin.py:149} INFO - [2023-09-14T16:55:44.069+0000] {dag.py:2726} INFO - Sync 1 DAGs
[2023-09-14T16:55:44.136+0000] {logging_mixin.py:149} INFO - [2023-09-14T16:55:44.135+0000] {dag.py:3490} INFO - Setting next_dagrun for example_branch_operator to 2023-09-13T00:00:00+00:00, run_after=2023-09-14T00:00:00+00:00
[2023-09-14T16:55:44.201+0000] {processor.py:178} INFO - Processing /home/airflow/.local/lib/python3.7/site-packages/airflow/example_dags/example_branch_operator.py took 0.256 seconds
[2023-09-14T16:56:14.645+0000] {processor.py:156} INFO - Started process (PID=2054) to work on /home/airflow/.local/lib/python3.7/site-packages/airflow/example_dags/example_branch_operator.py
[2023-09-14T16:56:14.651+0000] {processor.py:799} INFO - Processing file /home/airflow/.local/lib/python3.7/site-packages/airflow/example_dags/example_branch_operator.py for tasks to queue
[2023-09-14T16:56:14.656+0000] {logging_mixin.py:149} INFO - [2023-09-14T16:56:14.656+0000] {dagbag.py:541} INFO - Filling up the DagBag from /home/airflow/.local/lib/python3.7/site-packages/airflow/example_dags/example_branch_operator.py
[2023-09-14T16:56:14.704+0000] {processor.py:809} INFO - DAG(s) dict_keys(['example_branch_operator']) retrieved from /home/airflow/.local/lib/python3.7/site-packages/airflow/example_dags/example_branch_operator.py
[2023-09-14T16:56:14.854+0000] {logging_mixin.py:149} INFO - [2023-09-14T16:56:14.854+0000] {dag.py:2726} INFO - Sync 1 DAGs
[2023-09-14T16:56:14.976+0000] {logging_mixin.py:149} INFO - [2023-09-14T16:56:14.975+0000] {dag.py:3490} INFO - Setting next_dagrun for example_branch_operator to 2023-09-13T00:00:00+00:00, run_after=2023-09-14T00:00:00+00:00
[2023-09-14T16:56:15.094+0000] {processor.py:178} INFO - Processing /home/airflow/.local/lib/python3.7/site-packages/airflow/example_dags/example_branch_operator.py took 0.465 seconds
[2023-09-14T16:56:45.500+0000] {processor.py:156} INFO - Started process (PID=2118) to work on /home/airflow/.local/lib/python3.7/site-packages/airflow/example_dags/example_branch_operator.py
[2023-09-14T16:56:45.506+0000] {processor.py:799} INFO - Processing file /home/airflow/.local/lib/python3.7/site-packages/airflow/example_dags/example_branch_operator.py for tasks to queue
[2023-09-14T16:56:45.513+0000] {logging_mixin.py:149} INFO - [2023-09-14T16:56:45.512+0000] {dagbag.py:541} INFO - Filling up the DagBag from /home/airflow/.local/lib/python3.7/site-packages/airflow/example_dags/example_branch_operator.py
[2023-09-14T16:56:45.608+0000] {processor.py:809} INFO - DAG(s) dict_keys(['example_branch_operator']) retrieved from /home/airflow/.local/lib/python3.7/site-packages/airflow/example_dags/example_branch_operator.py
[2023-09-14T16:56:45.810+0000] {logging_mixin.py:149} INFO - [2023-09-14T16:56:45.809+0000] {dag.py:2726} INFO - Sync 1 DAGs
[2023-09-14T16:56:46.020+0000] {logging_mixin.py:149} INFO - [2023-09-14T16:56:46.019+0000] {dag.py:3490} INFO - Setting next_dagrun for example_branch_operator to 2023-09-13T00:00:00+00:00, run_after=2023-09-14T00:00:00+00:00
[2023-09-14T16:56:46.193+0000] {processor.py:178} INFO - Processing /home/airflow/.local/lib/python3.7/site-packages/airflow/example_dags/example_branch_operator.py took 0.712 seconds
[2023-09-14T16:57:16.715+0000] {processor.py:156} INFO - Started process (PID=2184) to work on /home/airflow/.local/lib/python3.7/site-packages/airflow/example_dags/example_branch_operator.py
[2023-09-14T16:57:16.723+0000] {processor.py:799} INFO - Processing file /home/airflow/.local/lib/python3.7/site-packages/airflow/example_dags/example_branch_operator.py for tasks to queue
[2023-09-14T16:57:16.727+0000] {logging_mixin.py:149} INFO - [2023-09-14T16:57:16.727+0000] {dagbag.py:541} INFO - Filling up the DagBag from /home/airflow/.local/lib/python3.7/site-packages/airflow/example_dags/example_branch_operator.py
[2023-09-14T16:57:16.791+0000] {processor.py:809} INFO - DAG(s) dict_keys(['example_branch_operator']) retrieved from /home/airflow/.local/lib/python3.7/site-packages/airflow/example_dags/example_branch_operator.py
[2023-09-14T16:57:16.839+0000] {logging_mixin.py:149} INFO - [2023-09-14T16:57:16.838+0000] {dag.py:2726} INFO - Sync 1 DAGs
[2023-09-14T16:57:16.903+0000] {logging_mixin.py:149} INFO - [2023-09-14T16:57:16.903+0000] {dag.py:3490} INFO - Setting next_dagrun for example_branch_operator to 2023-09-13T00:00:00+00:00, run_after=2023-09-14T00:00:00+00:00
[2023-09-14T16:57:16.987+0000] {processor.py:178} INFO - Processing /home/airflow/.local/lib/python3.7/site-packages/airflow/example_dags/example_branch_operator.py took 0.288 seconds
[2023-09-14T16:57:48.178+0000] {processor.py:156} INFO - Started process (PID=2251) to work on /home/airflow/.local/lib/python3.7/site-packages/airflow/example_dags/example_branch_operator.py
[2023-09-14T16:57:48.181+0000] {processor.py:799} INFO - Processing file /home/airflow/.local/lib/python3.7/site-packages/airflow/example_dags/example_branch_operator.py for tasks to queue
[2023-09-14T16:57:48.183+0000] {logging_mixin.py:149} INFO - [2023-09-14T16:57:48.183+0000] {dagbag.py:541} INFO - Filling up the DagBag from /home/airflow/.local/lib/python3.7/site-packages/airflow/example_dags/example_branch_operator.py
[2023-09-14T16:57:48.206+0000] {processor.py:809} INFO - DAG(s) dict_keys(['example_branch_operator']) retrieved from /home/airflow/.local/lib/python3.7/site-packages/airflow/example_dags/example_branch_operator.py
[2023-09-14T16:57:48.274+0000] {logging_mixin.py:149} INFO - [2023-09-14T16:57:48.274+0000] {dag.py:2726} INFO - Sync 1 DAGs
[2023-09-14T16:57:48.341+0000] {logging_mixin.py:149} INFO - [2023-09-14T16:57:48.341+0000] {dag.py:3490} INFO - Setting next_dagrun for example_branch_operator to 2023-09-13T00:00:00+00:00, run_after=2023-09-14T00:00:00+00:00
[2023-09-14T16:57:48.436+0000] {processor.py:178} INFO - Processing /home/airflow/.local/lib/python3.7/site-packages/airflow/example_dags/example_branch_operator.py took 0.265 seconds
[2023-09-14T16:58:20.202+0000] {processor.py:156} INFO - Started process (PID=2316) to work on /home/airflow/.local/lib/python3.7/site-packages/airflow/example_dags/example_branch_operator.py
[2023-09-14T16:58:20.263+0000] {processor.py:799} INFO - Processing file /home/airflow/.local/lib/python3.7/site-packages/airflow/example_dags/example_branch_operator.py for tasks to queue
[2023-09-14T16:58:20.273+0000] {logging_mixin.py:149} INFO - [2023-09-14T16:58:20.272+0000] {dagbag.py:541} INFO - Filling up the DagBag from /home/airflow/.local/lib/python3.7/site-packages/airflow/example_dags/example_branch_operator.py
[2023-09-14T16:58:20.373+0000] {processor.py:809} INFO - DAG(s) dict_keys(['example_branch_operator']) retrieved from /home/airflow/.local/lib/python3.7/site-packages/airflow/example_dags/example_branch_operator.py
[2023-09-14T16:58:20.628+0000] {logging_mixin.py:149} INFO - [2023-09-14T16:58:20.628+0000] {dag.py:2726} INFO - Sync 1 DAGs
[2023-09-14T16:58:20.879+0000] {logging_mixin.py:149} INFO - [2023-09-14T16:58:20.878+0000] {dag.py:3490} INFO - Setting next_dagrun for example_branch_operator to 2023-09-13T00:00:00+00:00, run_after=2023-09-14T00:00:00+00:00
[2023-09-14T16:58:21.074+0000] {processor.py:178} INFO - Processing /home/airflow/.local/lib/python3.7/site-packages/airflow/example_dags/example_branch_operator.py took 0.893 seconds
[2023-09-14T16:58:58.323+0000] {processor.py:156} INFO - Started process (PID=2383) to work on /home/airflow/.local/lib/python3.7/site-packages/airflow/example_dags/example_branch_operator.py
[2023-09-14T16:58:58.327+0000] {processor.py:799} INFO - Processing file /home/airflow/.local/lib/python3.7/site-packages/airflow/example_dags/example_branch_operator.py for tasks to queue
[2023-09-14T16:58:58.330+0000] {logging_mixin.py:149} INFO - [2023-09-14T16:58:58.330+0000] {dagbag.py:541} INFO - Filling up the DagBag from /home/airflow/.local/lib/python3.7/site-packages/airflow/example_dags/example_branch_operator.py
[2023-09-14T16:58:58.378+0000] {processor.py:809} INFO - DAG(s) dict_keys(['example_branch_operator']) retrieved from /home/airflow/.local/lib/python3.7/site-packages/airflow/example_dags/example_branch_operator.py
[2023-09-14T16:58:58.478+0000] {logging_mixin.py:149} INFO - [2023-09-14T16:58:58.477+0000] {dag.py:2726} INFO - Sync 1 DAGs
[2023-09-14T16:58:58.569+0000] {logging_mixin.py:149} INFO - [2023-09-14T16:58:58.568+0000] {dag.py:3490} INFO - Setting next_dagrun for example_branch_operator to 2023-09-13T00:00:00+00:00, run_after=2023-09-14T00:00:00+00:00
[2023-09-14T16:58:58.667+0000] {processor.py:178} INFO - Processing /home/airflow/.local/lib/python3.7/site-packages/airflow/example_dags/example_branch_operator.py took 0.366 seconds
[2023-09-14T16:59:30.506+0000] {processor.py:156} INFO - Started process (PID=2446) to work on /home/airflow/.local/lib/python3.7/site-packages/airflow/example_dags/example_branch_operator.py
[2023-09-14T16:59:30.569+0000] {processor.py:799} INFO - Processing file /home/airflow/.local/lib/python3.7/site-packages/airflow/example_dags/example_branch_operator.py for tasks to queue
[2023-09-14T16:59:30.574+0000] {logging_mixin.py:149} INFO - [2023-09-14T16:59:30.574+0000] {dagbag.py:541} INFO - Filling up the DagBag from /home/airflow/.local/lib/python3.7/site-packages/airflow/example_dags/example_branch_operator.py
[2023-09-14T16:59:30.623+0000] {processor.py:809} INFO - DAG(s) dict_keys(['example_branch_operator']) retrieved from /home/airflow/.local/lib/python3.7/site-packages/airflow/example_dags/example_branch_operator.py
[2023-09-14T16:59:30.802+0000] {logging_mixin.py:149} INFO - [2023-09-14T16:59:30.801+0000] {dag.py:2726} INFO - Sync 1 DAGs
[2023-09-14T16:59:30.946+0000] {logging_mixin.py:149} INFO - [2023-09-14T16:59:30.945+0000] {dag.py:3490} INFO - Setting next_dagrun for example_branch_operator to 2023-09-13T00:00:00+00:00, run_after=2023-09-14T00:00:00+00:00
[2023-09-14T16:59:31.023+0000] {processor.py:178} INFO - Processing /home/airflow/.local/lib/python3.7/site-packages/airflow/example_dags/example_branch_operator.py took 0.554 seconds
[2023-09-14T17:00:05.153+0000] {processor.py:156} INFO - Started process (PID=2510) to work on /home/airflow/.local/lib/python3.7/site-packages/airflow/example_dags/example_branch_operator.py
[2023-09-14T17:00:05.167+0000] {processor.py:799} INFO - Processing file /home/airflow/.local/lib/python3.7/site-packages/airflow/example_dags/example_branch_operator.py for tasks to queue
[2023-09-14T17:00:05.174+0000] {logging_mixin.py:149} INFO - [2023-09-14T17:00:05.172+0000] {dagbag.py:541} INFO - Filling up the DagBag from /home/airflow/.local/lib/python3.7/site-packages/airflow/example_dags/example_branch_operator.py
[2023-09-14T17:00:05.247+0000] {processor.py:809} INFO - DAG(s) dict_keys(['example_branch_operator']) retrieved from /home/airflow/.local/lib/python3.7/site-packages/airflow/example_dags/example_branch_operator.py
[2023-09-14T17:00:05.416+0000] {logging_mixin.py:149} INFO - [2023-09-14T17:00:05.416+0000] {dag.py:2726} INFO - Sync 1 DAGs
[2023-09-14T17:00:05.628+0000] {logging_mixin.py:149} INFO - [2023-09-14T17:00:05.617+0000] {dag.py:3490} INFO - Setting next_dagrun for example_branch_operator to 2023-09-13T00:00:00+00:00, run_after=2023-09-14T00:00:00+00:00
[2023-09-14T17:00:05.763+0000] {processor.py:178} INFO - Processing /home/airflow/.local/lib/python3.7/site-packages/airflow/example_dags/example_branch_operator.py took 0.630 seconds
[2023-09-14T17:00:36.375+0000] {processor.py:156} INFO - Started process (PID=2574) to work on /home/airflow/.local/lib/python3.7/site-packages/airflow/example_dags/example_branch_operator.py
[2023-09-14T17:00:36.381+0000] {processor.py:799} INFO - Processing file /home/airflow/.local/lib/python3.7/site-packages/airflow/example_dags/example_branch_operator.py for tasks to queue
[2023-09-14T17:00:36.386+0000] {logging_mixin.py:149} INFO - [2023-09-14T17:00:36.385+0000] {dagbag.py:541} INFO - Filling up the DagBag from /home/airflow/.local/lib/python3.7/site-packages/airflow/example_dags/example_branch_operator.py
[2023-09-14T17:00:36.438+0000] {processor.py:809} INFO - DAG(s) dict_keys(['example_branch_operator']) retrieved from /home/airflow/.local/lib/python3.7/site-packages/airflow/example_dags/example_branch_operator.py
[2023-09-14T17:00:36.531+0000] {logging_mixin.py:149} INFO - [2023-09-14T17:00:36.530+0000] {dag.py:2726} INFO - Sync 1 DAGs
[2023-09-14T17:00:36.618+0000] {logging_mixin.py:149} INFO - [2023-09-14T17:00:36.615+0000] {dag.py:3490} INFO - Setting next_dagrun for example_branch_operator to 2023-09-13T00:00:00+00:00, run_after=2023-09-14T00:00:00+00:00
[2023-09-14T17:00:36.691+0000] {processor.py:178} INFO - Processing /home/airflow/.local/lib/python3.7/site-packages/airflow/example_dags/example_branch_operator.py took 0.327 seconds
[2023-09-14T17:01:06.969+0000] {processor.py:156} INFO - Started process (PID=2637) to work on /home/airflow/.local/lib/python3.7/site-packages/airflow/example_dags/example_branch_operator.py
[2023-09-14T17:01:06.971+0000] {processor.py:799} INFO - Processing file /home/airflow/.local/lib/python3.7/site-packages/airflow/example_dags/example_branch_operator.py for tasks to queue
[2023-09-14T17:01:06.974+0000] {logging_mixin.py:149} INFO - [2023-09-14T17:01:06.974+0000] {dagbag.py:541} INFO - Filling up the DagBag from /home/airflow/.local/lib/python3.7/site-packages/airflow/example_dags/example_branch_operator.py
[2023-09-14T17:01:06.995+0000] {processor.py:809} INFO - DAG(s) dict_keys(['example_branch_operator']) retrieved from /home/airflow/.local/lib/python3.7/site-packages/airflow/example_dags/example_branch_operator.py
[2023-09-14T17:01:07.040+0000] {logging_mixin.py:149} INFO - [2023-09-14T17:01:07.039+0000] {dag.py:2726} INFO - Sync 1 DAGs
[2023-09-14T17:01:07.098+0000] {logging_mixin.py:149} INFO - [2023-09-14T17:01:07.098+0000] {dag.py:3490} INFO - Setting next_dagrun for example_branch_operator to 2023-09-13T00:00:00+00:00, run_after=2023-09-14T00:00:00+00:00
[2023-09-14T17:01:07.144+0000] {processor.py:178} INFO - Processing /home/airflow/.local/lib/python3.7/site-packages/airflow/example_dags/example_branch_operator.py took 0.183 seconds
[2023-09-14T17:01:37.275+0000] {processor.py:156} INFO - Started process (PID=2701) to work on /home/airflow/.local/lib/python3.7/site-packages/airflow/example_dags/example_branch_operator.py
[2023-09-14T17:01:37.278+0000] {processor.py:799} INFO - Processing file /home/airflow/.local/lib/python3.7/site-packages/airflow/example_dags/example_branch_operator.py for tasks to queue
[2023-09-14T17:01:37.280+0000] {logging_mixin.py:149} INFO - [2023-09-14T17:01:37.280+0000] {dagbag.py:541} INFO - Filling up the DagBag from /home/airflow/.local/lib/python3.7/site-packages/airflow/example_dags/example_branch_operator.py
[2023-09-14T17:01:37.302+0000] {processor.py:809} INFO - DAG(s) dict_keys(['example_branch_operator']) retrieved from /home/airflow/.local/lib/python3.7/site-packages/airflow/example_dags/example_branch_operator.py
[2023-09-14T17:01:37.357+0000] {logging_mixin.py:149} INFO - [2023-09-14T17:01:37.356+0000] {dag.py:2726} INFO - Sync 1 DAGs
[2023-09-14T17:01:37.416+0000] {logging_mixin.py:149} INFO - [2023-09-14T17:01:37.416+0000] {dag.py:3490} INFO - Setting next_dagrun for example_branch_operator to 2023-09-13T00:00:00+00:00, run_after=2023-09-14T00:00:00+00:00
[2023-09-14T17:01:37.455+0000] {processor.py:178} INFO - Processing /home/airflow/.local/lib/python3.7/site-packages/airflow/example_dags/example_branch_operator.py took 0.185 seconds
[2023-09-14T17:02:07.703+0000] {processor.py:156} INFO - Started process (PID=2766) to work on /home/airflow/.local/lib/python3.7/site-packages/airflow/example_dags/example_branch_operator.py
[2023-09-14T17:02:07.707+0000] {processor.py:799} INFO - Processing file /home/airflow/.local/lib/python3.7/site-packages/airflow/example_dags/example_branch_operator.py for tasks to queue
[2023-09-14T17:02:07.709+0000] {logging_mixin.py:149} INFO - [2023-09-14T17:02:07.709+0000] {dagbag.py:541} INFO - Filling up the DagBag from /home/airflow/.local/lib/python3.7/site-packages/airflow/example_dags/example_branch_operator.py
[2023-09-14T17:02:07.728+0000] {processor.py:809} INFO - DAG(s) dict_keys(['example_branch_operator']) retrieved from /home/airflow/.local/lib/python3.7/site-packages/airflow/example_dags/example_branch_operator.py
[2023-09-14T17:02:07.813+0000] {logging_mixin.py:149} INFO - [2023-09-14T17:02:07.812+0000] {dag.py:2726} INFO - Sync 1 DAGs
[2023-09-14T17:02:07.865+0000] {logging_mixin.py:149} INFO - [2023-09-14T17:02:07.864+0000] {dag.py:3490} INFO - Setting next_dagrun for example_branch_operator to 2023-09-13T00:00:00+00:00, run_after=2023-09-14T00:00:00+00:00
[2023-09-14T17:02:07.911+0000] {processor.py:178} INFO - Processing /home/airflow/.local/lib/python3.7/site-packages/airflow/example_dags/example_branch_operator.py took 0.219 seconds
