[2023-09-14T16:11:32.882+0000] {processor.py:156} INFO - Started process (PID=108) to work on /home/airflow/.local/lib/python3.7/site-packages/airflow/example_dags/example_branch_day_of_week_operator.py
[2023-09-14T16:11:32.910+0000] {processor.py:799} INFO - Processing file /home/airflow/.local/lib/python3.7/site-packages/airflow/example_dags/example_branch_day_of_week_operator.py for tasks to queue
[2023-09-14T16:11:32.929+0000] {logging_mixin.py:149} INFO - [2023-09-14T16:11:32.929+0000] {dagbag.py:541} INFO - Filling up the DagBag from /home/airflow/.local/lib/python3.7/site-packages/airflow/example_dags/example_branch_day_of_week_operator.py
[2023-09-14T16:11:32.993+0000] {processor.py:809} INFO - DAG(s) dict_keys(['example_weekday_branch_operator']) retrieved from /home/airflow/.local/lib/python3.7/site-packages/airflow/example_dags/example_branch_day_of_week_operator.py
[2023-09-14T16:11:33.171+0000] {logging_mixin.py:149} INFO - [2023-09-14T16:11:33.171+0000] {dag.py:2726} INFO - Sync 1 DAGs
[2023-09-14T16:11:33.371+0000] {logging_mixin.py:149} INFO - [2023-09-14T16:11:33.370+0000] {dag.py:3490} INFO - Setting next_dagrun for example_weekday_branch_operator to 2023-09-13T00:00:00+00:00, run_after=2023-09-14T00:00:00+00:00
[2023-09-14T16:11:34.202+0000] {processor.py:178} INFO - Processing /home/airflow/.local/lib/python3.7/site-packages/airflow/example_dags/example_branch_day_of_week_operator.py took 1.341 seconds
[2023-09-14T16:12:17.777+0000] {processor.py:156} INFO - Started process (PID=171) to work on /home/airflow/.local/lib/python3.7/site-packages/airflow/example_dags/example_branch_day_of_week_operator.py
[2023-09-14T16:12:17.780+0000] {processor.py:799} INFO - Processing file /home/airflow/.local/lib/python3.7/site-packages/airflow/example_dags/example_branch_day_of_week_operator.py for tasks to queue
[2023-09-14T16:12:17.785+0000] {logging_mixin.py:149} INFO - [2023-09-14T16:12:17.784+0000] {dagbag.py:541} INFO - Filling up the DagBag from /home/airflow/.local/lib/python3.7/site-packages/airflow/example_dags/example_branch_day_of_week_operator.py
[2023-09-14T16:12:17.808+0000] {processor.py:809} INFO - DAG(s) dict_keys(['example_weekday_branch_operator']) retrieved from /home/airflow/.local/lib/python3.7/site-packages/airflow/example_dags/example_branch_day_of_week_operator.py
[2023-09-14T16:12:18.469+0000] {logging_mixin.py:149} INFO - [2023-09-14T16:12:18.467+0000] {dag.py:2726} INFO - Sync 1 DAGs
[2023-09-14T16:12:18.642+0000] {logging_mixin.py:149} INFO - [2023-09-14T16:12:18.641+0000] {dag.py:3490} INFO - Setting next_dagrun for example_weekday_branch_operator to 2023-09-13T00:00:00+00:00, run_after=2023-09-14T00:00:00+00:00
[2023-09-14T16:12:18.778+0000] {processor.py:178} INFO - Processing /home/airflow/.local/lib/python3.7/site-packages/airflow/example_dags/example_branch_day_of_week_operator.py took 1.019 seconds
[2023-09-14T16:12:50.787+0000] {processor.py:156} INFO - Started process (PID=235) to work on /home/airflow/.local/lib/python3.7/site-packages/airflow/example_dags/example_branch_day_of_week_operator.py
[2023-09-14T16:12:50.841+0000] {processor.py:799} INFO - Processing file /home/airflow/.local/lib/python3.7/site-packages/airflow/example_dags/example_branch_day_of_week_operator.py for tasks to queue
[2023-09-14T16:12:50.883+0000] {logging_mixin.py:149} INFO - [2023-09-14T16:12:50.878+0000] {dagbag.py:541} INFO - Filling up the DagBag from /home/airflow/.local/lib/python3.7/site-packages/airflow/example_dags/example_branch_day_of_week_operator.py
[2023-09-14T16:12:51.354+0000] {processor.py:809} INFO - DAG(s) dict_keys(['example_weekday_branch_operator']) retrieved from /home/airflow/.local/lib/python3.7/site-packages/airflow/example_dags/example_branch_day_of_week_operator.py
[2023-09-14T16:12:52.637+0000] {logging_mixin.py:149} INFO - [2023-09-14T16:12:52.637+0000] {dag.py:2726} INFO - Sync 1 DAGs
[2023-09-14T16:12:55.301+0000] {logging_mixin.py:149} INFO - [2023-09-14T16:12:55.300+0000] {dag.py:3490} INFO - Setting next_dagrun for example_weekday_branch_operator to 2023-09-13T00:00:00+00:00, run_after=2023-09-14T00:00:00+00:00
[2023-09-14T16:12:55.579+0000] {processor.py:178} INFO - Processing /home/airflow/.local/lib/python3.7/site-packages/airflow/example_dags/example_branch_day_of_week_operator.py took 4.863 seconds
[2023-09-14T16:13:27.338+0000] {processor.py:156} INFO - Started process (PID=296) to work on /home/airflow/.local/lib/python3.7/site-packages/airflow/example_dags/example_branch_day_of_week_operator.py
[2023-09-14T16:13:27.340+0000] {processor.py:799} INFO - Processing file /home/airflow/.local/lib/python3.7/site-packages/airflow/example_dags/example_branch_day_of_week_operator.py for tasks to queue
[2023-09-14T16:13:27.343+0000] {logging_mixin.py:149} INFO - [2023-09-14T16:13:27.342+0000] {dagbag.py:541} INFO - Filling up the DagBag from /home/airflow/.local/lib/python3.7/site-packages/airflow/example_dags/example_branch_day_of_week_operator.py
[2023-09-14T16:13:28.924+0000] {processor.py:809} INFO - DAG(s) dict_keys(['example_weekday_branch_operator']) retrieved from /home/airflow/.local/lib/python3.7/site-packages/airflow/example_dags/example_branch_day_of_week_operator.py
[2023-09-14T16:13:29.766+0000] {logging_mixin.py:149} INFO - [2023-09-14T16:13:29.765+0000] {dag.py:2726} INFO - Sync 1 DAGs
[2023-09-14T16:13:29.969+0000] {logging_mixin.py:149} INFO - [2023-09-14T16:13:29.968+0000] {dag.py:3490} INFO - Setting next_dagrun for example_weekday_branch_operator to 2023-09-13T00:00:00+00:00, run_after=2023-09-14T00:00:00+00:00
[2023-09-14T16:13:30.132+0000] {processor.py:178} INFO - Processing /home/airflow/.local/lib/python3.7/site-packages/airflow/example_dags/example_branch_day_of_week_operator.py took 2.869 seconds
[2023-09-14T16:14:00.393+0000] {processor.py:156} INFO - Started process (PID=366) to work on /home/airflow/.local/lib/python3.7/site-packages/airflow/example_dags/example_branch_day_of_week_operator.py
[2023-09-14T16:14:00.397+0000] {processor.py:799} INFO - Processing file /home/airflow/.local/lib/python3.7/site-packages/airflow/example_dags/example_branch_day_of_week_operator.py for tasks to queue
[2023-09-14T16:14:00.409+0000] {logging_mixin.py:149} INFO - [2023-09-14T16:14:00.408+0000] {dagbag.py:541} INFO - Filling up the DagBag from /home/airflow/.local/lib/python3.7/site-packages/airflow/example_dags/example_branch_day_of_week_operator.py
[2023-09-14T16:14:00.459+0000] {processor.py:809} INFO - DAG(s) dict_keys(['example_weekday_branch_operator']) retrieved from /home/airflow/.local/lib/python3.7/site-packages/airflow/example_dags/example_branch_day_of_week_operator.py
[2023-09-14T16:14:00.678+0000] {logging_mixin.py:149} INFO - [2023-09-14T16:14:00.678+0000] {dag.py:2726} INFO - Sync 1 DAGs
[2023-09-14T16:14:00.896+0000] {logging_mixin.py:149} INFO - [2023-09-14T16:14:00.895+0000] {dag.py:3490} INFO - Setting next_dagrun for example_weekday_branch_operator to 2023-09-13T00:00:00+00:00, run_after=2023-09-14T00:00:00+00:00
[2023-09-14T16:14:01.077+0000] {processor.py:178} INFO - Processing /home/airflow/.local/lib/python3.7/site-packages/airflow/example_dags/example_branch_day_of_week_operator.py took 0.699 seconds
[2023-09-14T16:14:31.706+0000] {processor.py:156} INFO - Started process (PID=428) to work on /home/airflow/.local/lib/python3.7/site-packages/airflow/example_dags/example_branch_day_of_week_operator.py
[2023-09-14T16:14:31.709+0000] {processor.py:799} INFO - Processing file /home/airflow/.local/lib/python3.7/site-packages/airflow/example_dags/example_branch_day_of_week_operator.py for tasks to queue
[2023-09-14T16:14:31.711+0000] {logging_mixin.py:149} INFO - [2023-09-14T16:14:31.711+0000] {dagbag.py:541} INFO - Filling up the DagBag from /home/airflow/.local/lib/python3.7/site-packages/airflow/example_dags/example_branch_day_of_week_operator.py
[2023-09-14T16:14:31.737+0000] {processor.py:809} INFO - DAG(s) dict_keys(['example_weekday_branch_operator']) retrieved from /home/airflow/.local/lib/python3.7/site-packages/airflow/example_dags/example_branch_day_of_week_operator.py
[2023-09-14T16:14:31.806+0000] {logging_mixin.py:149} INFO - [2023-09-14T16:14:31.806+0000] {dag.py:2726} INFO - Sync 1 DAGs
[2023-09-14T16:14:31.884+0000] {logging_mixin.py:149} INFO - [2023-09-14T16:14:31.883+0000] {dag.py:3490} INFO - Setting next_dagrun for example_weekday_branch_operator to 2023-09-13T00:00:00+00:00, run_after=2023-09-14T00:00:00+00:00
[2023-09-14T16:14:31.946+0000] {processor.py:178} INFO - Processing /home/airflow/.local/lib/python3.7/site-packages/airflow/example_dags/example_branch_day_of_week_operator.py took 0.246 seconds
[2023-09-14T16:15:02.261+0000] {processor.py:156} INFO - Started process (PID=489) to work on /home/airflow/.local/lib/python3.7/site-packages/airflow/example_dags/example_branch_day_of_week_operator.py
[2023-09-14T16:15:02.268+0000] {processor.py:799} INFO - Processing file /home/airflow/.local/lib/python3.7/site-packages/airflow/example_dags/example_branch_day_of_week_operator.py for tasks to queue
[2023-09-14T16:15:02.271+0000] {logging_mixin.py:149} INFO - [2023-09-14T16:15:02.270+0000] {dagbag.py:541} INFO - Filling up the DagBag from /home/airflow/.local/lib/python3.7/site-packages/airflow/example_dags/example_branch_day_of_week_operator.py
[2023-09-14T16:15:02.293+0000] {processor.py:809} INFO - DAG(s) dict_keys(['example_weekday_branch_operator']) retrieved from /home/airflow/.local/lib/python3.7/site-packages/airflow/example_dags/example_branch_day_of_week_operator.py
[2023-09-14T16:15:02.371+0000] {logging_mixin.py:149} INFO - [2023-09-14T16:15:02.371+0000] {dag.py:2726} INFO - Sync 1 DAGs
[2023-09-14T16:15:02.463+0000] {logging_mixin.py:149} INFO - [2023-09-14T16:15:02.462+0000] {dag.py:3490} INFO - Setting next_dagrun for example_weekday_branch_operator to 2023-09-13T00:00:00+00:00, run_after=2023-09-14T00:00:00+00:00
[2023-09-14T16:15:02.545+0000] {processor.py:178} INFO - Processing /home/airflow/.local/lib/python3.7/site-packages/airflow/example_dags/example_branch_day_of_week_operator.py took 0.293 seconds
[2023-09-14T16:15:33.208+0000] {processor.py:156} INFO - Started process (PID=551) to work on /home/airflow/.local/lib/python3.7/site-packages/airflow/example_dags/example_branch_day_of_week_operator.py
[2023-09-14T16:15:33.211+0000] {processor.py:799} INFO - Processing file /home/airflow/.local/lib/python3.7/site-packages/airflow/example_dags/example_branch_day_of_week_operator.py for tasks to queue
[2023-09-14T16:15:33.214+0000] {logging_mixin.py:149} INFO - [2023-09-14T16:15:33.214+0000] {dagbag.py:541} INFO - Filling up the DagBag from /home/airflow/.local/lib/python3.7/site-packages/airflow/example_dags/example_branch_day_of_week_operator.py
[2023-09-14T16:15:33.235+0000] {processor.py:809} INFO - DAG(s) dict_keys(['example_weekday_branch_operator']) retrieved from /home/airflow/.local/lib/python3.7/site-packages/airflow/example_dags/example_branch_day_of_week_operator.py
[2023-09-14T16:15:33.315+0000] {logging_mixin.py:149} INFO - [2023-09-14T16:15:33.315+0000] {dag.py:2726} INFO - Sync 1 DAGs
[2023-09-14T16:15:33.387+0000] {logging_mixin.py:149} INFO - [2023-09-14T16:15:33.386+0000] {dag.py:3490} INFO - Setting next_dagrun for example_weekday_branch_operator to 2023-09-13T00:00:00+00:00, run_after=2023-09-14T00:00:00+00:00
[2023-09-14T16:15:33.452+0000] {processor.py:178} INFO - Processing /home/airflow/.local/lib/python3.7/site-packages/airflow/example_dags/example_branch_day_of_week_operator.py took 0.252 seconds
[2023-09-14T16:16:03.741+0000] {processor.py:156} INFO - Started process (PID=612) to work on /home/airflow/.local/lib/python3.7/site-packages/airflow/example_dags/example_branch_day_of_week_operator.py
[2023-09-14T16:16:03.743+0000] {processor.py:799} INFO - Processing file /home/airflow/.local/lib/python3.7/site-packages/airflow/example_dags/example_branch_day_of_week_operator.py for tasks to queue
[2023-09-14T16:16:03.745+0000] {logging_mixin.py:149} INFO - [2023-09-14T16:16:03.745+0000] {dagbag.py:541} INFO - Filling up the DagBag from /home/airflow/.local/lib/python3.7/site-packages/airflow/example_dags/example_branch_day_of_week_operator.py
[2023-09-14T16:16:03.759+0000] {processor.py:809} INFO - DAG(s) dict_keys(['example_weekday_branch_operator']) retrieved from /home/airflow/.local/lib/python3.7/site-packages/airflow/example_dags/example_branch_day_of_week_operator.py
[2023-09-14T16:16:03.821+0000] {logging_mixin.py:149} INFO - [2023-09-14T16:16:03.821+0000] {dag.py:2726} INFO - Sync 1 DAGs
[2023-09-14T16:16:03.898+0000] {logging_mixin.py:149} INFO - [2023-09-14T16:16:03.898+0000] {dag.py:3490} INFO - Setting next_dagrun for example_weekday_branch_operator to 2023-09-13T00:00:00+00:00, run_after=2023-09-14T00:00:00+00:00
[2023-09-14T16:16:03.958+0000] {processor.py:178} INFO - Processing /home/airflow/.local/lib/python3.7/site-packages/airflow/example_dags/example_branch_day_of_week_operator.py took 0.224 seconds
[2023-09-14T16:16:34.224+0000] {processor.py:156} INFO - Started process (PID=673) to work on /home/airflow/.local/lib/python3.7/site-packages/airflow/example_dags/example_branch_day_of_week_operator.py
[2023-09-14T16:16:34.226+0000] {processor.py:799} INFO - Processing file /home/airflow/.local/lib/python3.7/site-packages/airflow/example_dags/example_branch_day_of_week_operator.py for tasks to queue
[2023-09-14T16:16:34.228+0000] {logging_mixin.py:149} INFO - [2023-09-14T16:16:34.228+0000] {dagbag.py:541} INFO - Filling up the DagBag from /home/airflow/.local/lib/python3.7/site-packages/airflow/example_dags/example_branch_day_of_week_operator.py
[2023-09-14T16:16:34.245+0000] {processor.py:809} INFO - DAG(s) dict_keys(['example_weekday_branch_operator']) retrieved from /home/airflow/.local/lib/python3.7/site-packages/airflow/example_dags/example_branch_day_of_week_operator.py
[2023-09-14T16:16:34.296+0000] {logging_mixin.py:149} INFO - [2023-09-14T16:16:34.295+0000] {dag.py:2726} INFO - Sync 1 DAGs
[2023-09-14T16:16:34.346+0000] {logging_mixin.py:149} INFO - [2023-09-14T16:16:34.346+0000] {dag.py:3490} INFO - Setting next_dagrun for example_weekday_branch_operator to 2023-09-13T00:00:00+00:00, run_after=2023-09-14T00:00:00+00:00
[2023-09-14T16:16:34.391+0000] {processor.py:178} INFO - Processing /home/airflow/.local/lib/python3.7/site-packages/airflow/example_dags/example_branch_day_of_week_operator.py took 0.173 seconds
[2023-09-14T16:36:21.162+0000] {processor.py:156} INFO - Started process (PID=86) to work on /home/airflow/.local/lib/python3.7/site-packages/airflow/example_dags/example_branch_day_of_week_operator.py
[2023-09-14T16:36:21.166+0000] {processor.py:799} INFO - Processing file /home/airflow/.local/lib/python3.7/site-packages/airflow/example_dags/example_branch_day_of_week_operator.py for tasks to queue
[2023-09-14T16:36:21.171+0000] {logging_mixin.py:149} INFO - [2023-09-14T16:36:21.171+0000] {dagbag.py:541} INFO - Filling up the DagBag from /home/airflow/.local/lib/python3.7/site-packages/airflow/example_dags/example_branch_day_of_week_operator.py
[2023-09-14T16:36:21.265+0000] {processor.py:809} INFO - DAG(s) dict_keys(['example_weekday_branch_operator']) retrieved from /home/airflow/.local/lib/python3.7/site-packages/airflow/example_dags/example_branch_day_of_week_operator.py
[2023-09-14T16:36:21.474+0000] {logging_mixin.py:149} INFO - [2023-09-14T16:36:21.473+0000] {dag.py:2726} INFO - Sync 1 DAGs
[2023-09-14T16:36:21.631+0000] {logging_mixin.py:149} INFO - [2023-09-14T16:36:21.630+0000] {dag.py:3490} INFO - Setting next_dagrun for example_weekday_branch_operator to 2023-09-13T00:00:00+00:00, run_after=2023-09-14T00:00:00+00:00
[2023-09-14T16:36:21.701+0000] {processor.py:178} INFO - Processing /home/airflow/.local/lib/python3.7/site-packages/airflow/example_dags/example_branch_day_of_week_operator.py took 0.548 seconds
[2023-09-14T16:39:23.441+0000] {processor.py:156} INFO - Started process (PID=85) to work on /home/airflow/.local/lib/python3.7/site-packages/airflow/example_dags/example_branch_day_of_week_operator.py
[2023-09-14T16:39:23.464+0000] {processor.py:799} INFO - Processing file /home/airflow/.local/lib/python3.7/site-packages/airflow/example_dags/example_branch_day_of_week_operator.py for tasks to queue
[2023-09-14T16:39:23.483+0000] {logging_mixin.py:149} INFO - [2023-09-14T16:39:23.480+0000] {dagbag.py:541} INFO - Filling up the DagBag from /home/airflow/.local/lib/python3.7/site-packages/airflow/example_dags/example_branch_day_of_week_operator.py
[2023-09-14T16:39:23.583+0000] {processor.py:809} INFO - DAG(s) dict_keys(['example_weekday_branch_operator']) retrieved from /home/airflow/.local/lib/python3.7/site-packages/airflow/example_dags/example_branch_day_of_week_operator.py
[2023-09-14T16:39:23.731+0000] {logging_mixin.py:149} INFO - [2023-09-14T16:39:23.730+0000] {dag.py:2726} INFO - Sync 1 DAGs
[2023-09-14T16:39:23.931+0000] {logging_mixin.py:149} INFO - [2023-09-14T16:39:23.930+0000] {dag.py:3490} INFO - Setting next_dagrun for example_weekday_branch_operator to 2023-09-13T00:00:00+00:00, run_after=2023-09-14T00:00:00+00:00
[2023-09-14T16:39:24.058+0000] {processor.py:178} INFO - Processing /home/airflow/.local/lib/python3.7/site-packages/airflow/example_dags/example_branch_day_of_week_operator.py took 0.708 seconds
[2023-09-14T16:39:55.638+0000] {processor.py:156} INFO - Started process (PID=146) to work on /home/airflow/.local/lib/python3.7/site-packages/airflow/example_dags/example_branch_day_of_week_operator.py
[2023-09-14T16:39:55.642+0000] {processor.py:799} INFO - Processing file /home/airflow/.local/lib/python3.7/site-packages/airflow/example_dags/example_branch_day_of_week_operator.py for tasks to queue
[2023-09-14T16:39:55.653+0000] {logging_mixin.py:149} INFO - [2023-09-14T16:39:55.652+0000] {dagbag.py:541} INFO - Filling up the DagBag from /home/airflow/.local/lib/python3.7/site-packages/airflow/example_dags/example_branch_day_of_week_operator.py
[2023-09-14T16:39:55.691+0000] {processor.py:809} INFO - DAG(s) dict_keys(['example_weekday_branch_operator']) retrieved from /home/airflow/.local/lib/python3.7/site-packages/airflow/example_dags/example_branch_day_of_week_operator.py
[2023-09-14T16:39:55.920+0000] {logging_mixin.py:149} INFO - [2023-09-14T16:39:55.919+0000] {dag.py:2726} INFO - Sync 1 DAGs
[2023-09-14T16:39:56.818+0000] {logging_mixin.py:149} INFO - [2023-09-14T16:39:56.817+0000] {dag.py:3490} INFO - Setting next_dagrun for example_weekday_branch_operator to 2023-09-13T00:00:00+00:00, run_after=2023-09-14T00:00:00+00:00
[2023-09-14T16:39:56.933+0000] {processor.py:178} INFO - Processing /home/airflow/.local/lib/python3.7/site-packages/airflow/example_dags/example_branch_day_of_week_operator.py took 1.346 seconds
[2023-09-14T16:40:27.246+0000] {processor.py:156} INFO - Started process (PID=207) to work on /home/airflow/.local/lib/python3.7/site-packages/airflow/example_dags/example_branch_day_of_week_operator.py
[2023-09-14T16:40:27.249+0000] {processor.py:799} INFO - Processing file /home/airflow/.local/lib/python3.7/site-packages/airflow/example_dags/example_branch_day_of_week_operator.py for tasks to queue
[2023-09-14T16:40:27.251+0000] {logging_mixin.py:149} INFO - [2023-09-14T16:40:27.251+0000] {dagbag.py:541} INFO - Filling up the DagBag from /home/airflow/.local/lib/python3.7/site-packages/airflow/example_dags/example_branch_day_of_week_operator.py
[2023-09-14T16:40:27.278+0000] {processor.py:809} INFO - DAG(s) dict_keys(['example_weekday_branch_operator']) retrieved from /home/airflow/.local/lib/python3.7/site-packages/airflow/example_dags/example_branch_day_of_week_operator.py
[2023-09-14T16:40:27.384+0000] {logging_mixin.py:149} INFO - [2023-09-14T16:40:27.384+0000] {dag.py:2726} INFO - Sync 1 DAGs
[2023-09-14T16:40:27.467+0000] {logging_mixin.py:149} INFO - [2023-09-14T16:40:27.466+0000] {dag.py:3490} INFO - Setting next_dagrun for example_weekday_branch_operator to 2023-09-13T00:00:00+00:00, run_after=2023-09-14T00:00:00+00:00
[2023-09-14T16:40:27.517+0000] {processor.py:178} INFO - Processing /home/airflow/.local/lib/python3.7/site-packages/airflow/example_dags/example_branch_day_of_week_operator.py took 0.279 seconds
[2023-09-14T16:40:57.708+0000] {processor.py:156} INFO - Started process (PID=267) to work on /home/airflow/.local/lib/python3.7/site-packages/airflow/example_dags/example_branch_day_of_week_operator.py
[2023-09-14T16:40:57.712+0000] {processor.py:799} INFO - Processing file /home/airflow/.local/lib/python3.7/site-packages/airflow/example_dags/example_branch_day_of_week_operator.py for tasks to queue
[2023-09-14T16:40:57.715+0000] {logging_mixin.py:149} INFO - [2023-09-14T16:40:57.715+0000] {dagbag.py:541} INFO - Filling up the DagBag from /home/airflow/.local/lib/python3.7/site-packages/airflow/example_dags/example_branch_day_of_week_operator.py
[2023-09-14T16:40:57.747+0000] {processor.py:809} INFO - DAG(s) dict_keys(['example_weekday_branch_operator']) retrieved from /home/airflow/.local/lib/python3.7/site-packages/airflow/example_dags/example_branch_day_of_week_operator.py
[2023-09-14T16:40:57.794+0000] {logging_mixin.py:149} INFO - [2023-09-14T16:40:57.793+0000] {dag.py:2726} INFO - Sync 1 DAGs
[2023-09-14T16:40:57.835+0000] {logging_mixin.py:149} INFO - [2023-09-14T16:40:57.834+0000] {dag.py:3490} INFO - Setting next_dagrun for example_weekday_branch_operator to 2023-09-13T00:00:00+00:00, run_after=2023-09-14T00:00:00+00:00
[2023-09-14T16:40:57.911+0000] {processor.py:178} INFO - Processing /home/airflow/.local/lib/python3.7/site-packages/airflow/example_dags/example_branch_day_of_week_operator.py took 0.213 seconds
[2023-09-14T16:41:28.226+0000] {processor.py:156} INFO - Started process (PID=328) to work on /home/airflow/.local/lib/python3.7/site-packages/airflow/example_dags/example_branch_day_of_week_operator.py
[2023-09-14T16:41:28.229+0000] {processor.py:799} INFO - Processing file /home/airflow/.local/lib/python3.7/site-packages/airflow/example_dags/example_branch_day_of_week_operator.py for tasks to queue
[2023-09-14T16:41:28.232+0000] {logging_mixin.py:149} INFO - [2023-09-14T16:41:28.232+0000] {dagbag.py:541} INFO - Filling up the DagBag from /home/airflow/.local/lib/python3.7/site-packages/airflow/example_dags/example_branch_day_of_week_operator.py
[2023-09-14T16:41:28.248+0000] {processor.py:809} INFO - DAG(s) dict_keys(['example_weekday_branch_operator']) retrieved from /home/airflow/.local/lib/python3.7/site-packages/airflow/example_dags/example_branch_day_of_week_operator.py
[2023-09-14T16:41:28.306+0000] {logging_mixin.py:149} INFO - [2023-09-14T16:41:28.305+0000] {dag.py:2726} INFO - Sync 1 DAGs
[2023-09-14T16:41:28.346+0000] {logging_mixin.py:149} INFO - [2023-09-14T16:41:28.346+0000] {dag.py:3490} INFO - Setting next_dagrun for example_weekday_branch_operator to 2023-09-13T00:00:00+00:00, run_after=2023-09-14T00:00:00+00:00
[2023-09-14T16:41:28.420+0000] {processor.py:178} INFO - Processing /home/airflow/.local/lib/python3.7/site-packages/airflow/example_dags/example_branch_day_of_week_operator.py took 0.205 seconds
[2023-09-14T16:41:59.000+0000] {processor.py:156} INFO - Started process (PID=390) to work on /home/airflow/.local/lib/python3.7/site-packages/airflow/example_dags/example_branch_day_of_week_operator.py
[2023-09-14T16:41:59.002+0000] {processor.py:799} INFO - Processing file /home/airflow/.local/lib/python3.7/site-packages/airflow/example_dags/example_branch_day_of_week_operator.py for tasks to queue
[2023-09-14T16:41:59.004+0000] {logging_mixin.py:149} INFO - [2023-09-14T16:41:59.003+0000] {dagbag.py:541} INFO - Filling up the DagBag from /home/airflow/.local/lib/python3.7/site-packages/airflow/example_dags/example_branch_day_of_week_operator.py
[2023-09-14T16:41:59.020+0000] {processor.py:809} INFO - DAG(s) dict_keys(['example_weekday_branch_operator']) retrieved from /home/airflow/.local/lib/python3.7/site-packages/airflow/example_dags/example_branch_day_of_week_operator.py
[2023-09-14T16:41:59.069+0000] {logging_mixin.py:149} INFO - [2023-09-14T16:41:59.068+0000] {dag.py:2726} INFO - Sync 1 DAGs
[2023-09-14T16:41:59.137+0000] {logging_mixin.py:149} INFO - [2023-09-14T16:41:59.137+0000] {dag.py:3490} INFO - Setting next_dagrun for example_weekday_branch_operator to 2023-09-13T00:00:00+00:00, run_after=2023-09-14T00:00:00+00:00
[2023-09-14T16:41:59.229+0000] {processor.py:178} INFO - Processing /home/airflow/.local/lib/python3.7/site-packages/airflow/example_dags/example_branch_day_of_week_operator.py took 0.236 seconds
[2023-09-14T16:42:29.695+0000] {processor.py:156} INFO - Started process (PID=451) to work on /home/airflow/.local/lib/python3.7/site-packages/airflow/example_dags/example_branch_day_of_week_operator.py
[2023-09-14T16:42:29.698+0000] {processor.py:799} INFO - Processing file /home/airflow/.local/lib/python3.7/site-packages/airflow/example_dags/example_branch_day_of_week_operator.py for tasks to queue
[2023-09-14T16:42:29.701+0000] {logging_mixin.py:149} INFO - [2023-09-14T16:42:29.700+0000] {dagbag.py:541} INFO - Filling up the DagBag from /home/airflow/.local/lib/python3.7/site-packages/airflow/example_dags/example_branch_day_of_week_operator.py
[2023-09-14T16:42:29.724+0000] {processor.py:809} INFO - DAG(s) dict_keys(['example_weekday_branch_operator']) retrieved from /home/airflow/.local/lib/python3.7/site-packages/airflow/example_dags/example_branch_day_of_week_operator.py
[2023-09-14T16:42:29.783+0000] {logging_mixin.py:149} INFO - [2023-09-14T16:42:29.783+0000] {dag.py:2726} INFO - Sync 1 DAGs
[2023-09-14T16:42:29.863+0000] {logging_mixin.py:149} INFO - [2023-09-14T16:42:29.863+0000] {dag.py:3490} INFO - Setting next_dagrun for example_weekday_branch_operator to 2023-09-13T00:00:00+00:00, run_after=2023-09-14T00:00:00+00:00
[2023-09-14T16:42:29.923+0000] {processor.py:178} INFO - Processing /home/airflow/.local/lib/python3.7/site-packages/airflow/example_dags/example_branch_day_of_week_operator.py took 0.238 seconds
[2023-09-14T16:43:00.146+0000] {processor.py:156} INFO - Started process (PID=512) to work on /home/airflow/.local/lib/python3.7/site-packages/airflow/example_dags/example_branch_day_of_week_operator.py
[2023-09-14T16:43:00.148+0000] {processor.py:799} INFO - Processing file /home/airflow/.local/lib/python3.7/site-packages/airflow/example_dags/example_branch_day_of_week_operator.py for tasks to queue
[2023-09-14T16:43:00.151+0000] {logging_mixin.py:149} INFO - [2023-09-14T16:43:00.150+0000] {dagbag.py:541} INFO - Filling up the DagBag from /home/airflow/.local/lib/python3.7/site-packages/airflow/example_dags/example_branch_day_of_week_operator.py
[2023-09-14T16:43:00.169+0000] {processor.py:809} INFO - DAG(s) dict_keys(['example_weekday_branch_operator']) retrieved from /home/airflow/.local/lib/python3.7/site-packages/airflow/example_dags/example_branch_day_of_week_operator.py
[2023-09-14T16:43:00.237+0000] {logging_mixin.py:149} INFO - [2023-09-14T16:43:00.237+0000] {dag.py:2726} INFO - Sync 1 DAGs
[2023-09-14T16:43:00.296+0000] {logging_mixin.py:149} INFO - [2023-09-14T16:43:00.296+0000] {dag.py:3490} INFO - Setting next_dagrun for example_weekday_branch_operator to 2023-09-13T00:00:00+00:00, run_after=2023-09-14T00:00:00+00:00
[2023-09-14T16:43:00.336+0000] {processor.py:178} INFO - Processing /home/airflow/.local/lib/python3.7/site-packages/airflow/example_dags/example_branch_day_of_week_operator.py took 0.196 seconds
[2023-09-14T16:43:30.559+0000] {processor.py:156} INFO - Started process (PID=573) to work on /home/airflow/.local/lib/python3.7/site-packages/airflow/example_dags/example_branch_day_of_week_operator.py
[2023-09-14T16:43:30.561+0000] {processor.py:799} INFO - Processing file /home/airflow/.local/lib/python3.7/site-packages/airflow/example_dags/example_branch_day_of_week_operator.py for tasks to queue
[2023-09-14T16:43:30.566+0000] {logging_mixin.py:149} INFO - [2023-09-14T16:43:30.565+0000] {dagbag.py:541} INFO - Filling up the DagBag from /home/airflow/.local/lib/python3.7/site-packages/airflow/example_dags/example_branch_day_of_week_operator.py
[2023-09-14T16:43:30.584+0000] {processor.py:809} INFO - DAG(s) dict_keys(['example_weekday_branch_operator']) retrieved from /home/airflow/.local/lib/python3.7/site-packages/airflow/example_dags/example_branch_day_of_week_operator.py
[2023-09-14T16:43:30.656+0000] {logging_mixin.py:149} INFO - [2023-09-14T16:43:30.656+0000] {dag.py:2726} INFO - Sync 1 DAGs
[2023-09-14T16:43:30.749+0000] {logging_mixin.py:149} INFO - [2023-09-14T16:43:30.748+0000] {dag.py:3490} INFO - Setting next_dagrun for example_weekday_branch_operator to 2023-09-13T00:00:00+00:00, run_after=2023-09-14T00:00:00+00:00
[2023-09-14T16:43:30.849+0000] {processor.py:178} INFO - Processing /home/airflow/.local/lib/python3.7/site-packages/airflow/example_dags/example_branch_day_of_week_operator.py took 0.302 seconds
[2023-09-14T16:44:01.163+0000] {processor.py:156} INFO - Started process (PID=635) to work on /home/airflow/.local/lib/python3.7/site-packages/airflow/example_dags/example_branch_day_of_week_operator.py
[2023-09-14T16:44:01.169+0000] {processor.py:799} INFO - Processing file /home/airflow/.local/lib/python3.7/site-packages/airflow/example_dags/example_branch_day_of_week_operator.py for tasks to queue
[2023-09-14T16:44:01.174+0000] {logging_mixin.py:149} INFO - [2023-09-14T16:44:01.173+0000] {dagbag.py:541} INFO - Filling up the DagBag from /home/airflow/.local/lib/python3.7/site-packages/airflow/example_dags/example_branch_day_of_week_operator.py
[2023-09-14T16:44:01.198+0000] {processor.py:809} INFO - DAG(s) dict_keys(['example_weekday_branch_operator']) retrieved from /home/airflow/.local/lib/python3.7/site-packages/airflow/example_dags/example_branch_day_of_week_operator.py
[2023-09-14T16:44:01.283+0000] {logging_mixin.py:149} INFO - [2023-09-14T16:44:01.282+0000] {dag.py:2726} INFO - Sync 1 DAGs
[2023-09-14T16:44:01.414+0000] {logging_mixin.py:149} INFO - [2023-09-14T16:44:01.414+0000] {dag.py:3490} INFO - Setting next_dagrun for example_weekday_branch_operator to 2023-09-13T00:00:00+00:00, run_after=2023-09-14T00:00:00+00:00
[2023-09-14T16:44:01.487+0000] {processor.py:178} INFO - Processing /home/airflow/.local/lib/python3.7/site-packages/airflow/example_dags/example_branch_day_of_week_operator.py took 0.353 seconds
[2023-09-14T16:44:31.667+0000] {processor.py:156} INFO - Started process (PID=697) to work on /home/airflow/.local/lib/python3.7/site-packages/airflow/example_dags/example_branch_day_of_week_operator.py
[2023-09-14T16:44:31.669+0000] {processor.py:799} INFO - Processing file /home/airflow/.local/lib/python3.7/site-packages/airflow/example_dags/example_branch_day_of_week_operator.py for tasks to queue
[2023-09-14T16:44:31.671+0000] {logging_mixin.py:149} INFO - [2023-09-14T16:44:31.671+0000] {dagbag.py:541} INFO - Filling up the DagBag from /home/airflow/.local/lib/python3.7/site-packages/airflow/example_dags/example_branch_day_of_week_operator.py
[2023-09-14T16:44:31.683+0000] {processor.py:809} INFO - DAG(s) dict_keys(['example_weekday_branch_operator']) retrieved from /home/airflow/.local/lib/python3.7/site-packages/airflow/example_dags/example_branch_day_of_week_operator.py
[2023-09-14T16:44:31.746+0000] {logging_mixin.py:149} INFO - [2023-09-14T16:44:31.745+0000] {dag.py:2726} INFO - Sync 1 DAGs
[2023-09-14T16:44:31.807+0000] {logging_mixin.py:149} INFO - [2023-09-14T16:44:31.806+0000] {dag.py:3490} INFO - Setting next_dagrun for example_weekday_branch_operator to 2023-09-13T00:00:00+00:00, run_after=2023-09-14T00:00:00+00:00
[2023-09-14T16:44:31.850+0000] {processor.py:178} INFO - Processing /home/airflow/.local/lib/python3.7/site-packages/airflow/example_dags/example_branch_day_of_week_operator.py took 0.192 seconds
[2023-09-14T16:45:02.863+0000] {processor.py:156} INFO - Started process (PID=758) to work on /home/airflow/.local/lib/python3.7/site-packages/airflow/example_dags/example_branch_day_of_week_operator.py
[2023-09-14T16:45:02.865+0000] {processor.py:799} INFO - Processing file /home/airflow/.local/lib/python3.7/site-packages/airflow/example_dags/example_branch_day_of_week_operator.py for tasks to queue
[2023-09-14T16:45:02.867+0000] {logging_mixin.py:149} INFO - [2023-09-14T16:45:02.867+0000] {dagbag.py:541} INFO - Filling up the DagBag from /home/airflow/.local/lib/python3.7/site-packages/airflow/example_dags/example_branch_day_of_week_operator.py
[2023-09-14T16:45:02.894+0000] {processor.py:809} INFO - DAG(s) dict_keys(['example_weekday_branch_operator']) retrieved from /home/airflow/.local/lib/python3.7/site-packages/airflow/example_dags/example_branch_day_of_week_operator.py
[2023-09-14T16:45:02.977+0000] {logging_mixin.py:149} INFO - [2023-09-14T16:45:02.977+0000] {dag.py:2726} INFO - Sync 1 DAGs
[2023-09-14T16:45:03.049+0000] {logging_mixin.py:149} INFO - [2023-09-14T16:45:03.049+0000] {dag.py:3490} INFO - Setting next_dagrun for example_weekday_branch_operator to 2023-09-13T00:00:00+00:00, run_after=2023-09-14T00:00:00+00:00
[2023-09-14T16:45:03.254+0000] {processor.py:178} INFO - Processing /home/airflow/.local/lib/python3.7/site-packages/airflow/example_dags/example_branch_day_of_week_operator.py took 0.402 seconds
[2023-09-14T16:45:33.406+0000] {processor.py:156} INFO - Started process (PID=818) to work on /home/airflow/.local/lib/python3.7/site-packages/airflow/example_dags/example_branch_day_of_week_operator.py
[2023-09-14T16:45:33.408+0000] {processor.py:799} INFO - Processing file /home/airflow/.local/lib/python3.7/site-packages/airflow/example_dags/example_branch_day_of_week_operator.py for tasks to queue
[2023-09-14T16:45:33.410+0000] {logging_mixin.py:149} INFO - [2023-09-14T16:45:33.410+0000] {dagbag.py:541} INFO - Filling up the DagBag from /home/airflow/.local/lib/python3.7/site-packages/airflow/example_dags/example_branch_day_of_week_operator.py
[2023-09-14T16:45:33.426+0000] {processor.py:809} INFO - DAG(s) dict_keys(['example_weekday_branch_operator']) retrieved from /home/airflow/.local/lib/python3.7/site-packages/airflow/example_dags/example_branch_day_of_week_operator.py
[2023-09-14T16:45:33.488+0000] {logging_mixin.py:149} INFO - [2023-09-14T16:45:33.488+0000] {dag.py:2726} INFO - Sync 1 DAGs
[2023-09-14T16:45:33.554+0000] {logging_mixin.py:149} INFO - [2023-09-14T16:45:33.554+0000] {dag.py:3490} INFO - Setting next_dagrun for example_weekday_branch_operator to 2023-09-13T00:00:00+00:00, run_after=2023-09-14T00:00:00+00:00
[2023-09-14T16:45:33.617+0000] {processor.py:178} INFO - Processing /home/airflow/.local/lib/python3.7/site-packages/airflow/example_dags/example_branch_day_of_week_operator.py took 0.217 seconds
[2023-09-14T16:46:04.094+0000] {processor.py:156} INFO - Started process (PID=879) to work on /home/airflow/.local/lib/python3.7/site-packages/airflow/example_dags/example_branch_day_of_week_operator.py
[2023-09-14T16:46:04.098+0000] {processor.py:799} INFO - Processing file /home/airflow/.local/lib/python3.7/site-packages/airflow/example_dags/example_branch_day_of_week_operator.py for tasks to queue
[2023-09-14T16:46:04.101+0000] {logging_mixin.py:149} INFO - [2023-09-14T16:46:04.101+0000] {dagbag.py:541} INFO - Filling up the DagBag from /home/airflow/.local/lib/python3.7/site-packages/airflow/example_dags/example_branch_day_of_week_operator.py
[2023-09-14T16:46:04.127+0000] {processor.py:809} INFO - DAG(s) dict_keys(['example_weekday_branch_operator']) retrieved from /home/airflow/.local/lib/python3.7/site-packages/airflow/example_dags/example_branch_day_of_week_operator.py
[2023-09-14T16:46:04.205+0000] {logging_mixin.py:149} INFO - [2023-09-14T16:46:04.204+0000] {dag.py:2726} INFO - Sync 1 DAGs
[2023-09-14T16:46:04.303+0000] {logging_mixin.py:149} INFO - [2023-09-14T16:46:04.303+0000] {dag.py:3490} INFO - Setting next_dagrun for example_weekday_branch_operator to 2023-09-13T00:00:00+00:00, run_after=2023-09-14T00:00:00+00:00
[2023-09-14T16:46:04.401+0000] {processor.py:178} INFO - Processing /home/airflow/.local/lib/python3.7/site-packages/airflow/example_dags/example_branch_day_of_week_operator.py took 0.315 seconds
[2023-09-14T16:46:35.033+0000] {processor.py:156} INFO - Started process (PID=940) to work on /home/airflow/.local/lib/python3.7/site-packages/airflow/example_dags/example_branch_day_of_week_operator.py
[2023-09-14T16:46:35.037+0000] {processor.py:799} INFO - Processing file /home/airflow/.local/lib/python3.7/site-packages/airflow/example_dags/example_branch_day_of_week_operator.py for tasks to queue
[2023-09-14T16:46:35.040+0000] {logging_mixin.py:149} INFO - [2023-09-14T16:46:35.039+0000] {dagbag.py:541} INFO - Filling up the DagBag from /home/airflow/.local/lib/python3.7/site-packages/airflow/example_dags/example_branch_day_of_week_operator.py
[2023-09-14T16:46:35.084+0000] {processor.py:809} INFO - DAG(s) dict_keys(['example_weekday_branch_operator']) retrieved from /home/airflow/.local/lib/python3.7/site-packages/airflow/example_dags/example_branch_day_of_week_operator.py
[2023-09-14T16:46:35.196+0000] {logging_mixin.py:149} INFO - [2023-09-14T16:46:35.195+0000] {dag.py:2726} INFO - Sync 1 DAGs
[2023-09-14T16:46:35.316+0000] {logging_mixin.py:149} INFO - [2023-09-14T16:46:35.315+0000] {dag.py:3490} INFO - Setting next_dagrun for example_weekday_branch_operator to 2023-09-13T00:00:00+00:00, run_after=2023-09-14T00:00:00+00:00
[2023-09-14T16:46:35.390+0000] {processor.py:178} INFO - Processing /home/airflow/.local/lib/python3.7/site-packages/airflow/example_dags/example_branch_day_of_week_operator.py took 0.370 seconds
[2023-09-14T16:47:06.576+0000] {processor.py:156} INFO - Started process (PID=1000) to work on /home/airflow/.local/lib/python3.7/site-packages/airflow/example_dags/example_branch_day_of_week_operator.py
[2023-09-14T16:47:06.580+0000] {processor.py:799} INFO - Processing file /home/airflow/.local/lib/python3.7/site-packages/airflow/example_dags/example_branch_day_of_week_operator.py for tasks to queue
[2023-09-14T16:47:06.586+0000] {logging_mixin.py:149} INFO - [2023-09-14T16:47:06.586+0000] {dagbag.py:541} INFO - Filling up the DagBag from /home/airflow/.local/lib/python3.7/site-packages/airflow/example_dags/example_branch_day_of_week_operator.py
[2023-09-14T16:47:06.620+0000] {processor.py:809} INFO - DAG(s) dict_keys(['example_weekday_branch_operator']) retrieved from /home/airflow/.local/lib/python3.7/site-packages/airflow/example_dags/example_branch_day_of_week_operator.py
[2023-09-14T16:47:06.700+0000] {logging_mixin.py:149} INFO - [2023-09-14T16:47:06.700+0000] {dag.py:2726} INFO - Sync 1 DAGs
[2023-09-14T16:47:06.803+0000] {logging_mixin.py:149} INFO - [2023-09-14T16:47:06.802+0000] {dag.py:3490} INFO - Setting next_dagrun for example_weekday_branch_operator to 2023-09-13T00:00:00+00:00, run_after=2023-09-14T00:00:00+00:00
[2023-09-14T16:47:06.891+0000] {processor.py:178} INFO - Processing /home/airflow/.local/lib/python3.7/site-packages/airflow/example_dags/example_branch_day_of_week_operator.py took 0.328 seconds
[2023-09-14T16:47:37.306+0000] {processor.py:156} INFO - Started process (PID=1061) to work on /home/airflow/.local/lib/python3.7/site-packages/airflow/example_dags/example_branch_day_of_week_operator.py
[2023-09-14T16:47:37.309+0000] {processor.py:799} INFO - Processing file /home/airflow/.local/lib/python3.7/site-packages/airflow/example_dags/example_branch_day_of_week_operator.py for tasks to queue
[2023-09-14T16:47:37.313+0000] {logging_mixin.py:149} INFO - [2023-09-14T16:47:37.312+0000] {dagbag.py:541} INFO - Filling up the DagBag from /home/airflow/.local/lib/python3.7/site-packages/airflow/example_dags/example_branch_day_of_week_operator.py
[2023-09-14T16:47:37.346+0000] {processor.py:809} INFO - DAG(s) dict_keys(['example_weekday_branch_operator']) retrieved from /home/airflow/.local/lib/python3.7/site-packages/airflow/example_dags/example_branch_day_of_week_operator.py
[2023-09-14T16:47:37.489+0000] {logging_mixin.py:149} INFO - [2023-09-14T16:47:37.488+0000] {dag.py:2726} INFO - Sync 1 DAGs
[2023-09-14T16:47:37.576+0000] {logging_mixin.py:149} INFO - [2023-09-14T16:47:37.576+0000] {dag.py:3490} INFO - Setting next_dagrun for example_weekday_branch_operator to 2023-09-13T00:00:00+00:00, run_after=2023-09-14T00:00:00+00:00
[2023-09-14T16:47:37.636+0000] {processor.py:178} INFO - Processing /home/airflow/.local/lib/python3.7/site-packages/airflow/example_dags/example_branch_day_of_week_operator.py took 0.340 seconds
[2023-09-14T16:48:16.452+0000] {processor.py:156} INFO - Started process (PID=1126) to work on /home/airflow/.local/lib/python3.7/site-packages/airflow/example_dags/example_branch_day_of_week_operator.py
[2023-09-14T16:48:16.456+0000] {processor.py:799} INFO - Processing file /home/airflow/.local/lib/python3.7/site-packages/airflow/example_dags/example_branch_day_of_week_operator.py for tasks to queue
[2023-09-14T16:48:16.460+0000] {logging_mixin.py:149} INFO - [2023-09-14T16:48:16.460+0000] {dagbag.py:541} INFO - Filling up the DagBag from /home/airflow/.local/lib/python3.7/site-packages/airflow/example_dags/example_branch_day_of_week_operator.py
[2023-09-14T16:48:16.488+0000] {processor.py:809} INFO - DAG(s) dict_keys(['example_weekday_branch_operator']) retrieved from /home/airflow/.local/lib/python3.7/site-packages/airflow/example_dags/example_branch_day_of_week_operator.py
[2023-09-14T16:48:16.568+0000] {logging_mixin.py:149} INFO - [2023-09-14T16:48:16.568+0000] {dag.py:2726} INFO - Sync 1 DAGs
[2023-09-14T16:48:16.670+0000] {logging_mixin.py:149} INFO - [2023-09-14T16:48:16.669+0000] {dag.py:3490} INFO - Setting next_dagrun for example_weekday_branch_operator to 2023-09-13T00:00:00+00:00, run_after=2023-09-14T00:00:00+00:00
[2023-09-14T16:48:16.739+0000] {processor.py:178} INFO - Processing /home/airflow/.local/lib/python3.7/site-packages/airflow/example_dags/example_branch_day_of_week_operator.py took 0.300 seconds
[2023-09-14T16:48:47.525+0000] {processor.py:156} INFO - Started process (PID=1194) to work on /home/airflow/.local/lib/python3.7/site-packages/airflow/example_dags/example_branch_day_of_week_operator.py
[2023-09-14T16:48:47.528+0000] {processor.py:799} INFO - Processing file /home/airflow/.local/lib/python3.7/site-packages/airflow/example_dags/example_branch_day_of_week_operator.py for tasks to queue
[2023-09-14T16:48:47.530+0000] {logging_mixin.py:149} INFO - [2023-09-14T16:48:47.530+0000] {dagbag.py:541} INFO - Filling up the DagBag from /home/airflow/.local/lib/python3.7/site-packages/airflow/example_dags/example_branch_day_of_week_operator.py
[2023-09-14T16:48:47.551+0000] {processor.py:809} INFO - DAG(s) dict_keys(['example_weekday_branch_operator']) retrieved from /home/airflow/.local/lib/python3.7/site-packages/airflow/example_dags/example_branch_day_of_week_operator.py
[2023-09-14T16:48:47.621+0000] {logging_mixin.py:149} INFO - [2023-09-14T16:48:47.620+0000] {dag.py:2726} INFO - Sync 1 DAGs
[2023-09-14T16:48:47.759+0000] {logging_mixin.py:149} INFO - [2023-09-14T16:48:47.758+0000] {dag.py:3490} INFO - Setting next_dagrun for example_weekday_branch_operator to 2023-09-13T00:00:00+00:00, run_after=2023-09-14T00:00:00+00:00
[2023-09-14T16:48:47.855+0000] {processor.py:178} INFO - Processing /home/airflow/.local/lib/python3.7/site-packages/airflow/example_dags/example_branch_day_of_week_operator.py took 0.339 seconds
[2023-09-14T16:49:18.761+0000] {processor.py:156} INFO - Started process (PID=1255) to work on /home/airflow/.local/lib/python3.7/site-packages/airflow/example_dags/example_branch_day_of_week_operator.py
[2023-09-14T16:49:18.765+0000] {processor.py:799} INFO - Processing file /home/airflow/.local/lib/python3.7/site-packages/airflow/example_dags/example_branch_day_of_week_operator.py for tasks to queue
[2023-09-14T16:49:18.770+0000] {logging_mixin.py:149} INFO - [2023-09-14T16:49:18.769+0000] {dagbag.py:541} INFO - Filling up the DagBag from /home/airflow/.local/lib/python3.7/site-packages/airflow/example_dags/example_branch_day_of_week_operator.py
[2023-09-14T16:49:18.807+0000] {processor.py:809} INFO - DAG(s) dict_keys(['example_weekday_branch_operator']) retrieved from /home/airflow/.local/lib/python3.7/site-packages/airflow/example_dags/example_branch_day_of_week_operator.py
[2023-09-14T16:49:18.896+0000] {logging_mixin.py:149} INFO - [2023-09-14T16:49:18.896+0000] {dag.py:2726} INFO - Sync 1 DAGs
[2023-09-14T16:49:19.007+0000] {logging_mixin.py:149} INFO - [2023-09-14T16:49:19.006+0000] {dag.py:3490} INFO - Setting next_dagrun for example_weekday_branch_operator to 2023-09-13T00:00:00+00:00, run_after=2023-09-14T00:00:00+00:00
[2023-09-14T16:49:19.117+0000] {processor.py:178} INFO - Processing /home/airflow/.local/lib/python3.7/site-packages/airflow/example_dags/example_branch_day_of_week_operator.py took 0.367 seconds
[2023-09-14T16:49:49.655+0000] {processor.py:156} INFO - Started process (PID=1315) to work on /home/airflow/.local/lib/python3.7/site-packages/airflow/example_dags/example_branch_day_of_week_operator.py
[2023-09-14T16:49:49.660+0000] {processor.py:799} INFO - Processing file /home/airflow/.local/lib/python3.7/site-packages/airflow/example_dags/example_branch_day_of_week_operator.py for tasks to queue
[2023-09-14T16:49:49.664+0000] {logging_mixin.py:149} INFO - [2023-09-14T16:49:49.663+0000] {dagbag.py:541} INFO - Filling up the DagBag from /home/airflow/.local/lib/python3.7/site-packages/airflow/example_dags/example_branch_day_of_week_operator.py
[2023-09-14T16:49:49.698+0000] {processor.py:809} INFO - DAG(s) dict_keys(['example_weekday_branch_operator']) retrieved from /home/airflow/.local/lib/python3.7/site-packages/airflow/example_dags/example_branch_day_of_week_operator.py
[2023-09-14T16:49:49.790+0000] {logging_mixin.py:149} INFO - [2023-09-14T16:49:49.790+0000] {dag.py:2726} INFO - Sync 1 DAGs
[2023-09-14T16:49:49.889+0000] {logging_mixin.py:149} INFO - [2023-09-14T16:49:49.888+0000] {dag.py:3490} INFO - Setting next_dagrun for example_weekday_branch_operator to 2023-09-13T00:00:00+00:00, run_after=2023-09-14T00:00:00+00:00
[2023-09-14T16:49:49.965+0000] {processor.py:178} INFO - Processing /home/airflow/.local/lib/python3.7/site-packages/airflow/example_dags/example_branch_day_of_week_operator.py took 0.328 seconds
[2023-09-14T16:50:20.848+0000] {processor.py:156} INFO - Started process (PID=1377) to work on /home/airflow/.local/lib/python3.7/site-packages/airflow/example_dags/example_branch_day_of_week_operator.py
[2023-09-14T16:50:20.851+0000] {processor.py:799} INFO - Processing file /home/airflow/.local/lib/python3.7/site-packages/airflow/example_dags/example_branch_day_of_week_operator.py for tasks to queue
[2023-09-14T16:50:20.854+0000] {logging_mixin.py:149} INFO - [2023-09-14T16:50:20.853+0000] {dagbag.py:541} INFO - Filling up the DagBag from /home/airflow/.local/lib/python3.7/site-packages/airflow/example_dags/example_branch_day_of_week_operator.py
[2023-09-14T16:50:20.876+0000] {processor.py:809} INFO - DAG(s) dict_keys(['example_weekday_branch_operator']) retrieved from /home/airflow/.local/lib/python3.7/site-packages/airflow/example_dags/example_branch_day_of_week_operator.py
[2023-09-14T16:50:20.978+0000] {logging_mixin.py:149} INFO - [2023-09-14T16:50:20.977+0000] {dag.py:2726} INFO - Sync 1 DAGs
[2023-09-14T16:50:21.088+0000] {logging_mixin.py:149} INFO - [2023-09-14T16:50:21.088+0000] {dag.py:3490} INFO - Setting next_dagrun for example_weekday_branch_operator to 2023-09-13T00:00:00+00:00, run_after=2023-09-14T00:00:00+00:00
[2023-09-14T16:50:21.203+0000] {processor.py:178} INFO - Processing /home/airflow/.local/lib/python3.7/site-packages/airflow/example_dags/example_branch_day_of_week_operator.py took 0.364 seconds
[2023-09-14T16:50:52.653+0000] {processor.py:156} INFO - Started process (PID=1439) to work on /home/airflow/.local/lib/python3.7/site-packages/airflow/example_dags/example_branch_day_of_week_operator.py
[2023-09-14T16:50:52.655+0000] {processor.py:799} INFO - Processing file /home/airflow/.local/lib/python3.7/site-packages/airflow/example_dags/example_branch_day_of_week_operator.py for tasks to queue
[2023-09-14T16:50:52.658+0000] {logging_mixin.py:149} INFO - [2023-09-14T16:50:52.657+0000] {dagbag.py:541} INFO - Filling up the DagBag from /home/airflow/.local/lib/python3.7/site-packages/airflow/example_dags/example_branch_day_of_week_operator.py
[2023-09-14T16:50:52.674+0000] {processor.py:809} INFO - DAG(s) dict_keys(['example_weekday_branch_operator']) retrieved from /home/airflow/.local/lib/python3.7/site-packages/airflow/example_dags/example_branch_day_of_week_operator.py
[2023-09-14T16:50:52.750+0000] {logging_mixin.py:149} INFO - [2023-09-14T16:50:52.750+0000] {dag.py:2726} INFO - Sync 1 DAGs
[2023-09-14T16:50:52.845+0000] {logging_mixin.py:149} INFO - [2023-09-14T16:50:52.845+0000] {dag.py:3490} INFO - Setting next_dagrun for example_weekday_branch_operator to 2023-09-13T00:00:00+00:00, run_after=2023-09-14T00:00:00+00:00
[2023-09-14T16:50:52.910+0000] {processor.py:178} INFO - Processing /home/airflow/.local/lib/python3.7/site-packages/airflow/example_dags/example_branch_day_of_week_operator.py took 0.265 seconds
[2023-09-14T16:51:23.147+0000] {processor.py:156} INFO - Started process (PID=1491) to work on /home/airflow/.local/lib/python3.7/site-packages/airflow/example_dags/example_branch_day_of_week_operator.py
[2023-09-14T16:51:23.149+0000] {processor.py:799} INFO - Processing file /home/airflow/.local/lib/python3.7/site-packages/airflow/example_dags/example_branch_day_of_week_operator.py for tasks to queue
[2023-09-14T16:51:23.152+0000] {logging_mixin.py:149} INFO - [2023-09-14T16:51:23.152+0000] {dagbag.py:541} INFO - Filling up the DagBag from /home/airflow/.local/lib/python3.7/site-packages/airflow/example_dags/example_branch_day_of_week_operator.py
[2023-09-14T16:51:23.173+0000] {processor.py:809} INFO - DAG(s) dict_keys(['example_weekday_branch_operator']) retrieved from /home/airflow/.local/lib/python3.7/site-packages/airflow/example_dags/example_branch_day_of_week_operator.py
[2023-09-14T16:51:23.233+0000] {logging_mixin.py:149} INFO - [2023-09-14T16:51:23.233+0000] {dag.py:2726} INFO - Sync 1 DAGs
[2023-09-14T16:51:23.318+0000] {logging_mixin.py:149} INFO - [2023-09-14T16:51:23.318+0000] {dag.py:3490} INFO - Setting next_dagrun for example_weekday_branch_operator to 2023-09-13T00:00:00+00:00, run_after=2023-09-14T00:00:00+00:00
[2023-09-14T16:51:23.416+0000] {processor.py:178} INFO - Processing /home/airflow/.local/lib/python3.7/site-packages/airflow/example_dags/example_branch_day_of_week_operator.py took 0.279 seconds
[2023-09-14T16:51:53.825+0000] {processor.py:156} INFO - Started process (PID=1553) to work on /home/airflow/.local/lib/python3.7/site-packages/airflow/example_dags/example_branch_day_of_week_operator.py
[2023-09-14T16:51:53.828+0000] {processor.py:799} INFO - Processing file /home/airflow/.local/lib/python3.7/site-packages/airflow/example_dags/example_branch_day_of_week_operator.py for tasks to queue
[2023-09-14T16:51:53.831+0000] {logging_mixin.py:149} INFO - [2023-09-14T16:51:53.831+0000] {dagbag.py:541} INFO - Filling up the DagBag from /home/airflow/.local/lib/python3.7/site-packages/airflow/example_dags/example_branch_day_of_week_operator.py
[2023-09-14T16:51:53.856+0000] {processor.py:809} INFO - DAG(s) dict_keys(['example_weekday_branch_operator']) retrieved from /home/airflow/.local/lib/python3.7/site-packages/airflow/example_dags/example_branch_day_of_week_operator.py
[2023-09-14T16:51:53.959+0000] {logging_mixin.py:149} INFO - [2023-09-14T16:51:53.959+0000] {dag.py:2726} INFO - Sync 1 DAGs
[2023-09-14T16:51:54.055+0000] {logging_mixin.py:149} INFO - [2023-09-14T16:51:54.055+0000] {dag.py:3490} INFO - Setting next_dagrun for example_weekday_branch_operator to 2023-09-13T00:00:00+00:00, run_after=2023-09-14T00:00:00+00:00
[2023-09-14T16:51:54.137+0000] {processor.py:178} INFO - Processing /home/airflow/.local/lib/python3.7/site-packages/airflow/example_dags/example_branch_day_of_week_operator.py took 0.323 seconds
[2023-09-14T16:52:24.603+0000] {processor.py:156} INFO - Started process (PID=1614) to work on /home/airflow/.local/lib/python3.7/site-packages/airflow/example_dags/example_branch_day_of_week_operator.py
[2023-09-14T16:52:24.609+0000] {processor.py:799} INFO - Processing file /home/airflow/.local/lib/python3.7/site-packages/airflow/example_dags/example_branch_day_of_week_operator.py for tasks to queue
[2023-09-14T16:52:24.613+0000] {logging_mixin.py:149} INFO - [2023-09-14T16:52:24.612+0000] {dagbag.py:541} INFO - Filling up the DagBag from /home/airflow/.local/lib/python3.7/site-packages/airflow/example_dags/example_branch_day_of_week_operator.py
[2023-09-14T16:52:24.649+0000] {processor.py:809} INFO - DAG(s) dict_keys(['example_weekday_branch_operator']) retrieved from /home/airflow/.local/lib/python3.7/site-packages/airflow/example_dags/example_branch_day_of_week_operator.py
[2023-09-14T16:52:24.753+0000] {logging_mixin.py:149} INFO - [2023-09-14T16:52:24.753+0000] {dag.py:2726} INFO - Sync 1 DAGs
[2023-09-14T16:52:24.896+0000] {logging_mixin.py:149} INFO - [2023-09-14T16:52:24.895+0000] {dag.py:3490} INFO - Setting next_dagrun for example_weekday_branch_operator to 2023-09-13T00:00:00+00:00, run_after=2023-09-14T00:00:00+00:00
[2023-09-14T16:52:25.016+0000] {processor.py:178} INFO - Processing /home/airflow/.local/lib/python3.7/site-packages/airflow/example_dags/example_branch_day_of_week_operator.py took 0.422 seconds
[2023-09-14T16:52:55.727+0000] {processor.py:156} INFO - Started process (PID=1675) to work on /home/airflow/.local/lib/python3.7/site-packages/airflow/example_dags/example_branch_day_of_week_operator.py
[2023-09-14T16:52:55.730+0000] {processor.py:799} INFO - Processing file /home/airflow/.local/lib/python3.7/site-packages/airflow/example_dags/example_branch_day_of_week_operator.py for tasks to queue
[2023-09-14T16:52:55.732+0000] {logging_mixin.py:149} INFO - [2023-09-14T16:52:55.732+0000] {dagbag.py:541} INFO - Filling up the DagBag from /home/airflow/.local/lib/python3.7/site-packages/airflow/example_dags/example_branch_day_of_week_operator.py
[2023-09-14T16:52:55.776+0000] {processor.py:809} INFO - DAG(s) dict_keys(['example_weekday_branch_operator']) retrieved from /home/airflow/.local/lib/python3.7/site-packages/airflow/example_dags/example_branch_day_of_week_operator.py
[2023-09-14T16:52:55.893+0000] {logging_mixin.py:149} INFO - [2023-09-14T16:52:55.893+0000] {dag.py:2726} INFO - Sync 1 DAGs
[2023-09-14T16:52:55.997+0000] {logging_mixin.py:149} INFO - [2023-09-14T16:52:55.997+0000] {dag.py:3490} INFO - Setting next_dagrun for example_weekday_branch_operator to 2023-09-13T00:00:00+00:00, run_after=2023-09-14T00:00:00+00:00
[2023-09-14T16:52:56.076+0000] {processor.py:178} INFO - Processing /home/airflow/.local/lib/python3.7/site-packages/airflow/example_dags/example_branch_day_of_week_operator.py took 0.361 seconds
[2023-09-14T16:53:26.652+0000] {processor.py:156} INFO - Started process (PID=1737) to work on /home/airflow/.local/lib/python3.7/site-packages/airflow/example_dags/example_branch_day_of_week_operator.py
[2023-09-14T16:53:26.655+0000] {processor.py:799} INFO - Processing file /home/airflow/.local/lib/python3.7/site-packages/airflow/example_dags/example_branch_day_of_week_operator.py for tasks to queue
[2023-09-14T16:53:26.658+0000] {logging_mixin.py:149} INFO - [2023-09-14T16:53:26.658+0000] {dagbag.py:541} INFO - Filling up the DagBag from /home/airflow/.local/lib/python3.7/site-packages/airflow/example_dags/example_branch_day_of_week_operator.py
[2023-09-14T16:53:26.691+0000] {processor.py:809} INFO - DAG(s) dict_keys(['example_weekday_branch_operator']) retrieved from /home/airflow/.local/lib/python3.7/site-packages/airflow/example_dags/example_branch_day_of_week_operator.py
[2023-09-14T16:53:26.802+0000] {logging_mixin.py:149} INFO - [2023-09-14T16:53:26.802+0000] {dag.py:2726} INFO - Sync 1 DAGs
[2023-09-14T16:53:26.869+0000] {logging_mixin.py:149} INFO - [2023-09-14T16:53:26.869+0000] {dag.py:3490} INFO - Setting next_dagrun for example_weekday_branch_operator to 2023-09-13T00:00:00+00:00, run_after=2023-09-14T00:00:00+00:00
[2023-09-14T16:53:27.098+0000] {processor.py:178} INFO - Processing /home/airflow/.local/lib/python3.7/site-packages/airflow/example_dags/example_branch_day_of_week_operator.py took 0.457 seconds
[2023-09-14T16:53:58.606+0000] {processor.py:156} INFO - Started process (PID=1804) to work on /home/airflow/.local/lib/python3.7/site-packages/airflow/example_dags/example_branch_day_of_week_operator.py
[2023-09-14T16:53:58.622+0000] {processor.py:799} INFO - Processing file /home/airflow/.local/lib/python3.7/site-packages/airflow/example_dags/example_branch_day_of_week_operator.py for tasks to queue
[2023-09-14T16:53:58.626+0000] {logging_mixin.py:149} INFO - [2023-09-14T16:53:58.625+0000] {dagbag.py:541} INFO - Filling up the DagBag from /home/airflow/.local/lib/python3.7/site-packages/airflow/example_dags/example_branch_day_of_week_operator.py
[2023-09-14T16:53:58.715+0000] {processor.py:809} INFO - DAG(s) dict_keys(['example_weekday_branch_operator']) retrieved from /home/airflow/.local/lib/python3.7/site-packages/airflow/example_dags/example_branch_day_of_week_operator.py
[2023-09-14T16:53:58.994+0000] {logging_mixin.py:149} INFO - [2023-09-14T16:53:58.993+0000] {dag.py:2726} INFO - Sync 1 DAGs
[2023-09-14T16:53:59.146+0000] {logging_mixin.py:149} INFO - [2023-09-14T16:53:59.145+0000] {dag.py:3490} INFO - Setting next_dagrun for example_weekday_branch_operator to 2023-09-13T00:00:00+00:00, run_after=2023-09-14T00:00:00+00:00
[2023-09-14T16:53:59.273+0000] {processor.py:178} INFO - Processing /home/airflow/.local/lib/python3.7/site-packages/airflow/example_dags/example_branch_day_of_week_operator.py took 0.682 seconds
[2023-09-14T16:54:57.304+0000] {processor.py:156} INFO - Started process (PID=1889) to work on /home/airflow/.local/lib/python3.7/site-packages/airflow/example_dags/example_branch_day_of_week_operator.py
[2023-09-14T16:54:57.319+0000] {processor.py:799} INFO - Processing file /home/airflow/.local/lib/python3.7/site-packages/airflow/example_dags/example_branch_day_of_week_operator.py for tasks to queue
[2023-09-14T16:54:57.325+0000] {logging_mixin.py:149} INFO - [2023-09-14T16:54:57.324+0000] {dagbag.py:541} INFO - Filling up the DagBag from /home/airflow/.local/lib/python3.7/site-packages/airflow/example_dags/example_branch_day_of_week_operator.py
[2023-09-14T16:54:57.375+0000] {processor.py:809} INFO - DAG(s) dict_keys(['example_weekday_branch_operator']) retrieved from /home/airflow/.local/lib/python3.7/site-packages/airflow/example_dags/example_branch_day_of_week_operator.py
[2023-09-14T16:54:57.561+0000] {logging_mixin.py:149} INFO - [2023-09-14T16:54:57.560+0000] {dag.py:2726} INFO - Sync 1 DAGs
[2023-09-14T16:54:57.901+0000] {logging_mixin.py:149} INFO - [2023-09-14T16:54:57.901+0000] {dag.py:3490} INFO - Setting next_dagrun for example_weekday_branch_operator to 2023-09-13T00:00:00+00:00, run_after=2023-09-14T00:00:00+00:00
[2023-09-14T16:54:58.090+0000] {processor.py:178} INFO - Processing /home/airflow/.local/lib/python3.7/site-packages/airflow/example_dags/example_branch_day_of_week_operator.py took 0.820 seconds
[2023-09-14T16:55:28.644+0000] {processor.py:156} INFO - Started process (PID=1954) to work on /home/airflow/.local/lib/python3.7/site-packages/airflow/example_dags/example_branch_day_of_week_operator.py
[2023-09-14T16:55:28.648+0000] {processor.py:799} INFO - Processing file /home/airflow/.local/lib/python3.7/site-packages/airflow/example_dags/example_branch_day_of_week_operator.py for tasks to queue
[2023-09-14T16:55:28.651+0000] {logging_mixin.py:149} INFO - [2023-09-14T16:55:28.651+0000] {dagbag.py:541} INFO - Filling up the DagBag from /home/airflow/.local/lib/python3.7/site-packages/airflow/example_dags/example_branch_day_of_week_operator.py
[2023-09-14T16:55:28.675+0000] {processor.py:809} INFO - DAG(s) dict_keys(['example_weekday_branch_operator']) retrieved from /home/airflow/.local/lib/python3.7/site-packages/airflow/example_dags/example_branch_day_of_week_operator.py
[2023-09-14T16:55:28.760+0000] {logging_mixin.py:149} INFO - [2023-09-14T16:55:28.759+0000] {dag.py:2726} INFO - Sync 1 DAGs
[2023-09-14T16:55:28.821+0000] {logging_mixin.py:149} INFO - [2023-09-14T16:55:28.820+0000] {dag.py:3490} INFO - Setting next_dagrun for example_weekday_branch_operator to 2023-09-13T00:00:00+00:00, run_after=2023-09-14T00:00:00+00:00
[2023-09-14T16:55:28.938+0000] {processor.py:178} INFO - Processing /home/airflow/.local/lib/python3.7/site-packages/airflow/example_dags/example_branch_day_of_week_operator.py took 0.305 seconds
[2023-09-14T16:55:59.257+0000] {processor.py:156} INFO - Started process (PID=2020) to work on /home/airflow/.local/lib/python3.7/site-packages/airflow/example_dags/example_branch_day_of_week_operator.py
[2023-09-14T16:55:59.260+0000] {processor.py:799} INFO - Processing file /home/airflow/.local/lib/python3.7/site-packages/airflow/example_dags/example_branch_day_of_week_operator.py for tasks to queue
[2023-09-14T16:55:59.263+0000] {logging_mixin.py:149} INFO - [2023-09-14T16:55:59.262+0000] {dagbag.py:541} INFO - Filling up the DagBag from /home/airflow/.local/lib/python3.7/site-packages/airflow/example_dags/example_branch_day_of_week_operator.py
[2023-09-14T16:55:59.289+0000] {processor.py:809} INFO - DAG(s) dict_keys(['example_weekday_branch_operator']) retrieved from /home/airflow/.local/lib/python3.7/site-packages/airflow/example_dags/example_branch_day_of_week_operator.py
[2023-09-14T16:55:59.371+0000] {logging_mixin.py:149} INFO - [2023-09-14T16:55:59.370+0000] {dag.py:2726} INFO - Sync 1 DAGs
[2023-09-14T16:55:59.476+0000] {logging_mixin.py:149} INFO - [2023-09-14T16:55:59.475+0000] {dag.py:3490} INFO - Setting next_dagrun for example_weekday_branch_operator to 2023-09-13T00:00:00+00:00, run_after=2023-09-14T00:00:00+00:00
[2023-09-14T16:55:59.530+0000] {processor.py:178} INFO - Processing /home/airflow/.local/lib/python3.7/site-packages/airflow/example_dags/example_branch_day_of_week_operator.py took 0.284 seconds
[2023-09-14T16:56:29.772+0000] {processor.py:156} INFO - Started process (PID=2084) to work on /home/airflow/.local/lib/python3.7/site-packages/airflow/example_dags/example_branch_day_of_week_operator.py
[2023-09-14T16:56:29.775+0000] {processor.py:799} INFO - Processing file /home/airflow/.local/lib/python3.7/site-packages/airflow/example_dags/example_branch_day_of_week_operator.py for tasks to queue
[2023-09-14T16:56:29.780+0000] {logging_mixin.py:149} INFO - [2023-09-14T16:56:29.779+0000] {dagbag.py:541} INFO - Filling up the DagBag from /home/airflow/.local/lib/python3.7/site-packages/airflow/example_dags/example_branch_day_of_week_operator.py
[2023-09-14T16:56:29.805+0000] {processor.py:809} INFO - DAG(s) dict_keys(['example_weekday_branch_operator']) retrieved from /home/airflow/.local/lib/python3.7/site-packages/airflow/example_dags/example_branch_day_of_week_operator.py
[2023-09-14T16:56:29.906+0000] {logging_mixin.py:149} INFO - [2023-09-14T16:56:29.906+0000] {dag.py:2726} INFO - Sync 1 DAGs
[2023-09-14T16:56:29.999+0000] {logging_mixin.py:149} INFO - [2023-09-14T16:56:29.999+0000] {dag.py:3490} INFO - Setting next_dagrun for example_weekday_branch_operator to 2023-09-13T00:00:00+00:00, run_after=2023-09-14T00:00:00+00:00
[2023-09-14T16:56:30.105+0000] {processor.py:178} INFO - Processing /home/airflow/.local/lib/python3.7/site-packages/airflow/example_dags/example_branch_day_of_week_operator.py took 0.341 seconds
[2023-09-14T16:57:00.665+0000] {processor.py:156} INFO - Started process (PID=2149) to work on /home/airflow/.local/lib/python3.7/site-packages/airflow/example_dags/example_branch_day_of_week_operator.py
[2023-09-14T16:57:00.668+0000] {processor.py:799} INFO - Processing file /home/airflow/.local/lib/python3.7/site-packages/airflow/example_dags/example_branch_day_of_week_operator.py for tasks to queue
[2023-09-14T16:57:00.671+0000] {logging_mixin.py:149} INFO - [2023-09-14T16:57:00.670+0000] {dagbag.py:541} INFO - Filling up the DagBag from /home/airflow/.local/lib/python3.7/site-packages/airflow/example_dags/example_branch_day_of_week_operator.py
[2023-09-14T16:57:00.687+0000] {processor.py:809} INFO - DAG(s) dict_keys(['example_weekday_branch_operator']) retrieved from /home/airflow/.local/lib/python3.7/site-packages/airflow/example_dags/example_branch_day_of_week_operator.py
[2023-09-14T16:57:00.782+0000] {logging_mixin.py:149} INFO - [2023-09-14T16:57:00.782+0000] {dag.py:2726} INFO - Sync 1 DAGs
[2023-09-14T16:57:00.843+0000] {logging_mixin.py:149} INFO - [2023-09-14T16:57:00.842+0000] {dag.py:3490} INFO - Setting next_dagrun for example_weekday_branch_operator to 2023-09-13T00:00:00+00:00, run_after=2023-09-14T00:00:00+00:00
[2023-09-14T16:57:00.909+0000] {processor.py:178} INFO - Processing /home/airflow/.local/lib/python3.7/site-packages/airflow/example_dags/example_branch_day_of_week_operator.py took 0.254 seconds
[2023-09-14T16:57:31.188+0000] {processor.py:156} INFO - Started process (PID=2216) to work on /home/airflow/.local/lib/python3.7/site-packages/airflow/example_dags/example_branch_day_of_week_operator.py
[2023-09-14T16:57:31.190+0000] {processor.py:799} INFO - Processing file /home/airflow/.local/lib/python3.7/site-packages/airflow/example_dags/example_branch_day_of_week_operator.py for tasks to queue
[2023-09-14T16:57:31.193+0000] {logging_mixin.py:149} INFO - [2023-09-14T16:57:31.193+0000] {dagbag.py:541} INFO - Filling up the DagBag from /home/airflow/.local/lib/python3.7/site-packages/airflow/example_dags/example_branch_day_of_week_operator.py
[2023-09-14T16:57:31.217+0000] {processor.py:809} INFO - DAG(s) dict_keys(['example_weekday_branch_operator']) retrieved from /home/airflow/.local/lib/python3.7/site-packages/airflow/example_dags/example_branch_day_of_week_operator.py
[2023-09-14T16:57:31.300+0000] {logging_mixin.py:149} INFO - [2023-09-14T16:57:31.300+0000] {dag.py:2726} INFO - Sync 1 DAGs
[2023-09-14T16:57:31.415+0000] {logging_mixin.py:149} INFO - [2023-09-14T16:57:31.415+0000] {dag.py:3490} INFO - Setting next_dagrun for example_weekday_branch_operator to 2023-09-13T00:00:00+00:00, run_after=2023-09-14T00:00:00+00:00
[2023-09-14T16:57:31.512+0000] {processor.py:178} INFO - Processing /home/airflow/.local/lib/python3.7/site-packages/airflow/example_dags/example_branch_day_of_week_operator.py took 0.330 seconds
[2023-09-14T16:58:01.758+0000] {processor.py:156} INFO - Started process (PID=2281) to work on /home/airflow/.local/lib/python3.7/site-packages/airflow/example_dags/example_branch_day_of_week_operator.py
[2023-09-14T16:58:01.760+0000] {processor.py:799} INFO - Processing file /home/airflow/.local/lib/python3.7/site-packages/airflow/example_dags/example_branch_day_of_week_operator.py for tasks to queue
[2023-09-14T16:58:01.764+0000] {logging_mixin.py:149} INFO - [2023-09-14T16:58:01.763+0000] {dagbag.py:541} INFO - Filling up the DagBag from /home/airflow/.local/lib/python3.7/site-packages/airflow/example_dags/example_branch_day_of_week_operator.py
[2023-09-14T16:58:01.791+0000] {processor.py:809} INFO - DAG(s) dict_keys(['example_weekday_branch_operator']) retrieved from /home/airflow/.local/lib/python3.7/site-packages/airflow/example_dags/example_branch_day_of_week_operator.py
[2023-09-14T16:58:01.846+0000] {logging_mixin.py:149} INFO - [2023-09-14T16:58:01.846+0000] {dag.py:2726} INFO - Sync 1 DAGs
[2023-09-14T16:58:01.914+0000] {logging_mixin.py:149} INFO - [2023-09-14T16:58:01.914+0000] {dag.py:3490} INFO - Setting next_dagrun for example_weekday_branch_operator to 2023-09-13T00:00:00+00:00, run_after=2023-09-14T00:00:00+00:00
[2023-09-14T16:58:02.012+0000] {processor.py:178} INFO - Processing /home/airflow/.local/lib/python3.7/site-packages/airflow/example_dags/example_branch_day_of_week_operator.py took 0.261 seconds
[2023-09-14T16:58:42.593+0000] {processor.py:156} INFO - Started process (PID=2348) to work on /home/airflow/.local/lib/python3.7/site-packages/airflow/example_dags/example_branch_day_of_week_operator.py
[2023-09-14T16:58:42.605+0000] {processor.py:799} INFO - Processing file /home/airflow/.local/lib/python3.7/site-packages/airflow/example_dags/example_branch_day_of_week_operator.py for tasks to queue
[2023-09-14T16:58:42.611+0000] {logging_mixin.py:149} INFO - [2023-09-14T16:58:42.610+0000] {dagbag.py:541} INFO - Filling up the DagBag from /home/airflow/.local/lib/python3.7/site-packages/airflow/example_dags/example_branch_day_of_week_operator.py
[2023-09-14T16:58:42.657+0000] {processor.py:809} INFO - DAG(s) dict_keys(['example_weekday_branch_operator']) retrieved from /home/airflow/.local/lib/python3.7/site-packages/airflow/example_dags/example_branch_day_of_week_operator.py
[2023-09-14T16:58:42.802+0000] {logging_mixin.py:149} INFO - [2023-09-14T16:58:42.802+0000] {dag.py:2726} INFO - Sync 1 DAGs
[2023-09-14T16:58:43.059+0000] {logging_mixin.py:149} INFO - [2023-09-14T16:58:43.058+0000] {dag.py:3490} INFO - Setting next_dagrun for example_weekday_branch_operator to 2023-09-13T00:00:00+00:00, run_after=2023-09-14T00:00:00+00:00
[2023-09-14T16:58:43.263+0000] {processor.py:178} INFO - Processing /home/airflow/.local/lib/python3.7/site-packages/airflow/example_dags/example_branch_day_of_week_operator.py took 0.689 seconds
[2023-09-14T16:59:13.562+0000] {processor.py:156} INFO - Started process (PID=2413) to work on /home/airflow/.local/lib/python3.7/site-packages/airflow/example_dags/example_branch_day_of_week_operator.py
[2023-09-14T16:59:13.566+0000] {processor.py:799} INFO - Processing file /home/airflow/.local/lib/python3.7/site-packages/airflow/example_dags/example_branch_day_of_week_operator.py for tasks to queue
[2023-09-14T16:59:13.569+0000] {logging_mixin.py:149} INFO - [2023-09-14T16:59:13.569+0000] {dagbag.py:541} INFO - Filling up the DagBag from /home/airflow/.local/lib/python3.7/site-packages/airflow/example_dags/example_branch_day_of_week_operator.py
[2023-09-14T16:59:13.587+0000] {processor.py:809} INFO - DAG(s) dict_keys(['example_weekday_branch_operator']) retrieved from /home/airflow/.local/lib/python3.7/site-packages/airflow/example_dags/example_branch_day_of_week_operator.py
[2023-09-14T16:59:13.662+0000] {logging_mixin.py:149} INFO - [2023-09-14T16:59:13.662+0000] {dag.py:2726} INFO - Sync 1 DAGs
[2023-09-14T16:59:13.747+0000] {logging_mixin.py:149} INFO - [2023-09-14T16:59:13.746+0000] {dag.py:3490} INFO - Setting next_dagrun for example_weekday_branch_operator to 2023-09-13T00:00:00+00:00, run_after=2023-09-14T00:00:00+00:00
[2023-09-14T16:59:13.853+0000] {processor.py:178} INFO - Processing /home/airflow/.local/lib/python3.7/site-packages/airflow/example_dags/example_branch_day_of_week_operator.py took 0.301 seconds
[2023-09-14T16:59:44.255+0000] {processor.py:156} INFO - Started process (PID=2478) to work on /home/airflow/.local/lib/python3.7/site-packages/airflow/example_dags/example_branch_day_of_week_operator.py
[2023-09-14T16:59:44.258+0000] {processor.py:799} INFO - Processing file /home/airflow/.local/lib/python3.7/site-packages/airflow/example_dags/example_branch_day_of_week_operator.py for tasks to queue
[2023-09-14T16:59:44.261+0000] {logging_mixin.py:149} INFO - [2023-09-14T16:59:44.261+0000] {dagbag.py:541} INFO - Filling up the DagBag from /home/airflow/.local/lib/python3.7/site-packages/airflow/example_dags/example_branch_day_of_week_operator.py
[2023-09-14T16:59:44.297+0000] {processor.py:809} INFO - DAG(s) dict_keys(['example_weekday_branch_operator']) retrieved from /home/airflow/.local/lib/python3.7/site-packages/airflow/example_dags/example_branch_day_of_week_operator.py
[2023-09-14T16:59:44.383+0000] {logging_mixin.py:149} INFO - [2023-09-14T16:59:44.383+0000] {dag.py:2726} INFO - Sync 1 DAGs
[2023-09-14T16:59:44.557+0000] {logging_mixin.py:149} INFO - [2023-09-14T16:59:44.556+0000] {dag.py:3490} INFO - Setting next_dagrun for example_weekday_branch_operator to 2023-09-13T00:00:00+00:00, run_after=2023-09-14T00:00:00+00:00
[2023-09-14T16:59:44.690+0000] {processor.py:178} INFO - Processing /home/airflow/.local/lib/python3.7/site-packages/airflow/example_dags/example_branch_day_of_week_operator.py took 0.442 seconds
[2023-09-14T17:00:15.435+0000] {processor.py:156} INFO - Started process (PID=2541) to work on /home/airflow/.local/lib/python3.7/site-packages/airflow/example_dags/example_branch_day_of_week_operator.py
[2023-09-14T17:00:15.438+0000] {processor.py:799} INFO - Processing file /home/airflow/.local/lib/python3.7/site-packages/airflow/example_dags/example_branch_day_of_week_operator.py for tasks to queue
[2023-09-14T17:00:15.446+0000] {logging_mixin.py:149} INFO - [2023-09-14T17:00:15.446+0000] {dagbag.py:541} INFO - Filling up the DagBag from /home/airflow/.local/lib/python3.7/site-packages/airflow/example_dags/example_branch_day_of_week_operator.py
[2023-09-14T17:00:15.479+0000] {processor.py:809} INFO - DAG(s) dict_keys(['example_weekday_branch_operator']) retrieved from /home/airflow/.local/lib/python3.7/site-packages/airflow/example_dags/example_branch_day_of_week_operator.py
[2023-09-14T17:00:15.562+0000] {logging_mixin.py:149} INFO - [2023-09-14T17:00:15.562+0000] {dag.py:2726} INFO - Sync 1 DAGs
[2023-09-14T17:00:15.668+0000] {logging_mixin.py:149} INFO - [2023-09-14T17:00:15.667+0000] {dag.py:3490} INFO - Setting next_dagrun for example_weekday_branch_operator to 2023-09-13T00:00:00+00:00, run_after=2023-09-14T00:00:00+00:00
[2023-09-14T17:00:15.752+0000] {processor.py:178} INFO - Processing /home/airflow/.local/lib/python3.7/site-packages/airflow/example_dags/example_branch_day_of_week_operator.py took 0.331 seconds
[2023-09-14T17:00:46.005+0000] {processor.py:156} INFO - Started process (PID=2596) to work on /home/airflow/.local/lib/python3.7/site-packages/airflow/example_dags/example_branch_day_of_week_operator.py
[2023-09-14T17:00:46.009+0000] {processor.py:799} INFO - Processing file /home/airflow/.local/lib/python3.7/site-packages/airflow/example_dags/example_branch_day_of_week_operator.py for tasks to queue
[2023-09-14T17:00:46.020+0000] {logging_mixin.py:149} INFO - [2023-09-14T17:00:46.013+0000] {dagbag.py:541} INFO - Filling up the DagBag from /home/airflow/.local/lib/python3.7/site-packages/airflow/example_dags/example_branch_day_of_week_operator.py
[2023-09-14T17:00:46.080+0000] {processor.py:809} INFO - DAG(s) dict_keys(['example_weekday_branch_operator']) retrieved from /home/airflow/.local/lib/python3.7/site-packages/airflow/example_dags/example_branch_day_of_week_operator.py
[2023-09-14T17:00:46.308+0000] {logging_mixin.py:149} INFO - [2023-09-14T17:00:46.306+0000] {dag.py:2726} INFO - Sync 1 DAGs
[2023-09-14T17:00:46.608+0000] {logging_mixin.py:149} INFO - [2023-09-14T17:00:46.607+0000] {dag.py:3490} INFO - Setting next_dagrun for example_weekday_branch_operator to 2023-09-13T00:00:00+00:00, run_after=2023-09-14T00:00:00+00:00
[2023-09-14T17:00:46.778+0000] {processor.py:178} INFO - Processing /home/airflow/.local/lib/python3.7/site-packages/airflow/example_dags/example_branch_day_of_week_operator.py took 0.790 seconds
[2023-09-14T17:01:17.247+0000] {processor.py:156} INFO - Started process (PID=2660) to work on /home/airflow/.local/lib/python3.7/site-packages/airflow/example_dags/example_branch_day_of_week_operator.py
[2023-09-14T17:01:17.249+0000] {processor.py:799} INFO - Processing file /home/airflow/.local/lib/python3.7/site-packages/airflow/example_dags/example_branch_day_of_week_operator.py for tasks to queue
[2023-09-14T17:01:17.251+0000] {logging_mixin.py:149} INFO - [2023-09-14T17:01:17.251+0000] {dagbag.py:541} INFO - Filling up the DagBag from /home/airflow/.local/lib/python3.7/site-packages/airflow/example_dags/example_branch_day_of_week_operator.py
[2023-09-14T17:01:17.273+0000] {processor.py:809} INFO - DAG(s) dict_keys(['example_weekday_branch_operator']) retrieved from /home/airflow/.local/lib/python3.7/site-packages/airflow/example_dags/example_branch_day_of_week_operator.py
[2023-09-14T17:01:17.315+0000] {logging_mixin.py:149} INFO - [2023-09-14T17:01:17.315+0000] {dag.py:2726} INFO - Sync 1 DAGs
[2023-09-14T17:01:17.355+0000] {logging_mixin.py:149} INFO - [2023-09-14T17:01:17.355+0000] {dag.py:3490} INFO - Setting next_dagrun for example_weekday_branch_operator to 2023-09-13T00:00:00+00:00, run_after=2023-09-14T00:00:00+00:00
[2023-09-14T17:01:17.388+0000] {processor.py:178} INFO - Processing /home/airflow/.local/lib/python3.7/site-packages/airflow/example_dags/example_branch_day_of_week_operator.py took 0.148 seconds
[2023-09-14T17:01:47.748+0000] {processor.py:156} INFO - Started process (PID=2725) to work on /home/airflow/.local/lib/python3.7/site-packages/airflow/example_dags/example_branch_day_of_week_operator.py
[2023-09-14T17:01:47.751+0000] {processor.py:799} INFO - Processing file /home/airflow/.local/lib/python3.7/site-packages/airflow/example_dags/example_branch_day_of_week_operator.py for tasks to queue
[2023-09-14T17:01:47.754+0000] {logging_mixin.py:149} INFO - [2023-09-14T17:01:47.753+0000] {dagbag.py:541} INFO - Filling up the DagBag from /home/airflow/.local/lib/python3.7/site-packages/airflow/example_dags/example_branch_day_of_week_operator.py
[2023-09-14T17:01:47.786+0000] {processor.py:809} INFO - DAG(s) dict_keys(['example_weekday_branch_operator']) retrieved from /home/airflow/.local/lib/python3.7/site-packages/airflow/example_dags/example_branch_day_of_week_operator.py
[2023-09-14T17:01:47.865+0000] {logging_mixin.py:149} INFO - [2023-09-14T17:01:47.865+0000] {dag.py:2726} INFO - Sync 1 DAGs
[2023-09-14T17:01:47.916+0000] {logging_mixin.py:149} INFO - [2023-09-14T17:01:47.916+0000] {dag.py:3490} INFO - Setting next_dagrun for example_weekday_branch_operator to 2023-09-13T00:00:00+00:00, run_after=2023-09-14T00:00:00+00:00
[2023-09-14T17:01:47.976+0000] {processor.py:178} INFO - Processing /home/airflow/.local/lib/python3.7/site-packages/airflow/example_dags/example_branch_day_of_week_operator.py took 0.256 seconds
[2023-09-14T17:02:18.123+0000] {processor.py:156} INFO - Started process (PID=2790) to work on /home/airflow/.local/lib/python3.7/site-packages/airflow/example_dags/example_branch_day_of_week_operator.py
[2023-09-14T17:02:18.126+0000] {processor.py:799} INFO - Processing file /home/airflow/.local/lib/python3.7/site-packages/airflow/example_dags/example_branch_day_of_week_operator.py for tasks to queue
[2023-09-14T17:02:18.128+0000] {logging_mixin.py:149} INFO - [2023-09-14T17:02:18.128+0000] {dagbag.py:541} INFO - Filling up the DagBag from /home/airflow/.local/lib/python3.7/site-packages/airflow/example_dags/example_branch_day_of_week_operator.py
[2023-09-14T17:02:18.152+0000] {processor.py:809} INFO - DAG(s) dict_keys(['example_weekday_branch_operator']) retrieved from /home/airflow/.local/lib/python3.7/site-packages/airflow/example_dags/example_branch_day_of_week_operator.py
[2023-09-14T17:02:18.198+0000] {logging_mixin.py:149} INFO - [2023-09-14T17:02:18.198+0000] {dag.py:2726} INFO - Sync 1 DAGs
[2023-09-14T17:02:18.250+0000] {logging_mixin.py:149} INFO - [2023-09-14T17:02:18.250+0000] {dag.py:3490} INFO - Setting next_dagrun for example_weekday_branch_operator to 2023-09-13T00:00:00+00:00, run_after=2023-09-14T00:00:00+00:00
[2023-09-14T17:02:18.290+0000] {processor.py:178} INFO - Processing /home/airflow/.local/lib/python3.7/site-packages/airflow/example_dags/example_branch_day_of_week_operator.py took 0.182 seconds
