[2023-09-14T16:11:01.252+0000] {processor.py:156} INFO - Started process (PID=84) to work on /home/airflow/.local/lib/python3.7/site-packages/airflow/example_dags/example_local_kubernetes_executor.py
[2023-09-14T16:11:01.261+0000] {processor.py:799} INFO - Processing file /home/airflow/.local/lib/python3.7/site-packages/airflow/example_dags/example_local_kubernetes_executor.py for tasks to queue
[2023-09-14T16:11:01.283+0000] {logging_mixin.py:149} INFO - [2023-09-14T16:11:01.283+0000] {dagbag.py:541} INFO - Filling up the DagBag from /home/airflow/.local/lib/python3.7/site-packages/airflow/example_dags/example_local_kubernetes_executor.py
[2023-09-14T16:11:22.670+0000] {processor.py:809} INFO - DAG(s) dict_keys(['example_local_kubernetes_executor']) retrieved from /home/airflow/.local/lib/python3.7/site-packages/airflow/example_dags/example_local_kubernetes_executor.py
[2023-09-14T16:11:23.108+0000] {logging_mixin.py:149} INFO - [2023-09-14T16:11:23.108+0000] {dag.py:2726} INFO - Sync 1 DAGs
[2023-09-14T16:11:23.419+0000] {logging_mixin.py:149} INFO - [2023-09-14T16:11:23.419+0000] {dag.py:3490} INFO - Setting next_dagrun for example_local_kubernetes_executor to None, run_after=None
[2023-09-14T16:11:23.594+0000] {processor.py:178} INFO - Processing /home/airflow/.local/lib/python3.7/site-packages/airflow/example_dags/example_local_kubernetes_executor.py took 22.377 seconds
[2023-09-14T16:11:57.485+0000] {processor.py:156} INFO - Started process (PID=154) to work on /home/airflow/.local/lib/python3.7/site-packages/airflow/example_dags/example_local_kubernetes_executor.py
[2023-09-14T16:11:57.492+0000] {processor.py:799} INFO - Processing file /home/airflow/.local/lib/python3.7/site-packages/airflow/example_dags/example_local_kubernetes_executor.py for tasks to queue
[2023-09-14T16:11:57.497+0000] {logging_mixin.py:149} INFO - [2023-09-14T16:11:57.496+0000] {dagbag.py:541} INFO - Filling up the DagBag from /home/airflow/.local/lib/python3.7/site-packages/airflow/example_dags/example_local_kubernetes_executor.py
[2023-09-14T16:11:59.532+0000] {processor.py:809} INFO - DAG(s) dict_keys(['example_local_kubernetes_executor']) retrieved from /home/airflow/.local/lib/python3.7/site-packages/airflow/example_dags/example_local_kubernetes_executor.py
[2023-09-14T16:11:59.772+0000] {logging_mixin.py:149} INFO - [2023-09-14T16:11:59.771+0000] {dag.py:2726} INFO - Sync 1 DAGs
[2023-09-14T16:11:59.989+0000] {logging_mixin.py:149} INFO - [2023-09-14T16:11:59.989+0000] {dag.py:3490} INFO - Setting next_dagrun for example_local_kubernetes_executor to None, run_after=None
[2023-09-14T16:12:00.164+0000] {processor.py:178} INFO - Processing /home/airflow/.local/lib/python3.7/site-packages/airflow/example_dags/example_local_kubernetes_executor.py took 2.719 seconds
[2023-09-14T16:12:33.752+0000] {processor.py:156} INFO - Started process (PID=214) to work on /home/airflow/.local/lib/python3.7/site-packages/airflow/example_dags/example_local_kubernetes_executor.py
[2023-09-14T16:12:33.758+0000] {processor.py:799} INFO - Processing file /home/airflow/.local/lib/python3.7/site-packages/airflow/example_dags/example_local_kubernetes_executor.py for tasks to queue
[2023-09-14T16:12:33.760+0000] {logging_mixin.py:149} INFO - [2023-09-14T16:12:33.760+0000] {dagbag.py:541} INFO - Filling up the DagBag from /home/airflow/.local/lib/python3.7/site-packages/airflow/example_dags/example_local_kubernetes_executor.py
[2023-09-14T16:12:36.082+0000] {processor.py:809} INFO - DAG(s) dict_keys(['example_local_kubernetes_executor']) retrieved from /home/airflow/.local/lib/python3.7/site-packages/airflow/example_dags/example_local_kubernetes_executor.py
[2023-09-14T16:12:36.521+0000] {logging_mixin.py:149} INFO - [2023-09-14T16:12:36.519+0000] {dag.py:2726} INFO - Sync 1 DAGs
[2023-09-14T16:12:36.833+0000] {logging_mixin.py:149} INFO - [2023-09-14T16:12:36.832+0000] {dag.py:3490} INFO - Setting next_dagrun for example_local_kubernetes_executor to None, run_after=None
[2023-09-14T16:12:36.998+0000] {processor.py:178} INFO - Processing /home/airflow/.local/lib/python3.7/site-packages/airflow/example_dags/example_local_kubernetes_executor.py took 3.262 seconds
[2023-09-14T16:13:11.868+0000] {processor.py:156} INFO - Started process (PID=277) to work on /home/airflow/.local/lib/python3.7/site-packages/airflow/example_dags/example_local_kubernetes_executor.py
[2023-09-14T16:13:11.871+0000] {processor.py:799} INFO - Processing file /home/airflow/.local/lib/python3.7/site-packages/airflow/example_dags/example_local_kubernetes_executor.py for tasks to queue
[2023-09-14T16:13:11.875+0000] {logging_mixin.py:149} INFO - [2023-09-14T16:13:11.874+0000] {dagbag.py:541} INFO - Filling up the DagBag from /home/airflow/.local/lib/python3.7/site-packages/airflow/example_dags/example_local_kubernetes_executor.py
[2023-09-14T16:13:14.577+0000] {processor.py:809} INFO - DAG(s) dict_keys(['example_local_kubernetes_executor']) retrieved from /home/airflow/.local/lib/python3.7/site-packages/airflow/example_dags/example_local_kubernetes_executor.py
[2023-09-14T16:13:14.864+0000] {logging_mixin.py:149} INFO - [2023-09-14T16:13:14.864+0000] {dag.py:2726} INFO - Sync 1 DAGs
[2023-09-14T16:13:15.046+0000] {logging_mixin.py:149} INFO - [2023-09-14T16:13:15.045+0000] {dag.py:3490} INFO - Setting next_dagrun for example_local_kubernetes_executor to None, run_after=None
[2023-09-14T16:13:15.180+0000] {processor.py:178} INFO - Processing /home/airflow/.local/lib/python3.7/site-packages/airflow/example_dags/example_local_kubernetes_executor.py took 3.323 seconds
[2023-09-14T16:13:47.800+0000] {processor.py:156} INFO - Started process (PID=338) to work on /home/airflow/.local/lib/python3.7/site-packages/airflow/example_dags/example_local_kubernetes_executor.py
[2023-09-14T16:13:47.803+0000] {processor.py:799} INFO - Processing file /home/airflow/.local/lib/python3.7/site-packages/airflow/example_dags/example_local_kubernetes_executor.py for tasks to queue
[2023-09-14T16:13:47.815+0000] {logging_mixin.py:149} INFO - [2023-09-14T16:13:47.814+0000] {dagbag.py:541} INFO - Filling up the DagBag from /home/airflow/.local/lib/python3.7/site-packages/airflow/example_dags/example_local_kubernetes_executor.py
[2023-09-14T16:13:48.748+0000] {processor.py:809} INFO - DAG(s) dict_keys(['example_local_kubernetes_executor']) retrieved from /home/airflow/.local/lib/python3.7/site-packages/airflow/example_dags/example_local_kubernetes_executor.py
[2023-09-14T16:13:48.925+0000] {logging_mixin.py:149} INFO - [2023-09-14T16:13:48.924+0000] {dag.py:2726} INFO - Sync 1 DAGs
[2023-09-14T16:13:49.045+0000] {logging_mixin.py:149} INFO - [2023-09-14T16:13:49.044+0000] {dag.py:3490} INFO - Setting next_dagrun for example_local_kubernetes_executor to None, run_after=None
[2023-09-14T16:13:49.121+0000] {processor.py:178} INFO - Processing /home/airflow/.local/lib/python3.7/site-packages/airflow/example_dags/example_local_kubernetes_executor.py took 1.342 seconds
[2023-09-14T16:14:20.954+0000] {processor.py:156} INFO - Started process (PID=388) to work on /home/airflow/.local/lib/python3.7/site-packages/airflow/example_dags/example_local_kubernetes_executor.py
[2023-09-14T16:14:20.956+0000] {processor.py:799} INFO - Processing file /home/airflow/.local/lib/python3.7/site-packages/airflow/example_dags/example_local_kubernetes_executor.py for tasks to queue
[2023-09-14T16:14:20.958+0000] {logging_mixin.py:149} INFO - [2023-09-14T16:14:20.958+0000] {dagbag.py:541} INFO - Filling up the DagBag from /home/airflow/.local/lib/python3.7/site-packages/airflow/example_dags/example_local_kubernetes_executor.py
[2023-09-14T16:14:21.676+0000] {processor.py:809} INFO - DAG(s) dict_keys(['example_local_kubernetes_executor']) retrieved from /home/airflow/.local/lib/python3.7/site-packages/airflow/example_dags/example_local_kubernetes_executor.py
[2023-09-14T16:14:21.799+0000] {logging_mixin.py:149} INFO - [2023-09-14T16:14:21.798+0000] {dag.py:2726} INFO - Sync 1 DAGs
[2023-09-14T16:14:21.877+0000] {logging_mixin.py:149} INFO - [2023-09-14T16:14:21.877+0000] {dag.py:3490} INFO - Setting next_dagrun for example_local_kubernetes_executor to None, run_after=None
[2023-09-14T16:14:21.989+0000] {processor.py:178} INFO - Processing /home/airflow/.local/lib/python3.7/site-packages/airflow/example_dags/example_local_kubernetes_executor.py took 1.041 seconds
[2023-09-14T16:14:52.374+0000] {processor.py:156} INFO - Started process (PID=450) to work on /home/airflow/.local/lib/python3.7/site-packages/airflow/example_dags/example_local_kubernetes_executor.py
[2023-09-14T16:14:52.378+0000] {processor.py:799} INFO - Processing file /home/airflow/.local/lib/python3.7/site-packages/airflow/example_dags/example_local_kubernetes_executor.py for tasks to queue
[2023-09-14T16:14:52.381+0000] {logging_mixin.py:149} INFO - [2023-09-14T16:14:52.381+0000] {dagbag.py:541} INFO - Filling up the DagBag from /home/airflow/.local/lib/python3.7/site-packages/airflow/example_dags/example_local_kubernetes_executor.py
[2023-09-14T16:14:53.492+0000] {processor.py:809} INFO - DAG(s) dict_keys(['example_local_kubernetes_executor']) retrieved from /home/airflow/.local/lib/python3.7/site-packages/airflow/example_dags/example_local_kubernetes_executor.py
[2023-09-14T16:14:54.043+0000] {logging_mixin.py:149} INFO - [2023-09-14T16:14:54.041+0000] {dag.py:2726} INFO - Sync 1 DAGs
[2023-09-14T16:14:54.303+0000] {logging_mixin.py:149} INFO - [2023-09-14T16:14:54.303+0000] {dag.py:3490} INFO - Setting next_dagrun for example_local_kubernetes_executor to None, run_after=None
[2023-09-14T16:14:54.714+0000] {processor.py:178} INFO - Processing /home/airflow/.local/lib/python3.7/site-packages/airflow/example_dags/example_local_kubernetes_executor.py took 2.356 seconds
[2023-09-14T16:15:25.416+0000] {processor.py:156} INFO - Started process (PID=513) to work on /home/airflow/.local/lib/python3.7/site-packages/airflow/example_dags/example_local_kubernetes_executor.py
[2023-09-14T16:15:25.419+0000] {processor.py:799} INFO - Processing file /home/airflow/.local/lib/python3.7/site-packages/airflow/example_dags/example_local_kubernetes_executor.py for tasks to queue
[2023-09-14T16:15:25.421+0000] {logging_mixin.py:149} INFO - [2023-09-14T16:15:25.421+0000] {dagbag.py:541} INFO - Filling up the DagBag from /home/airflow/.local/lib/python3.7/site-packages/airflow/example_dags/example_local_kubernetes_executor.py
[2023-09-14T16:15:25.902+0000] {processor.py:809} INFO - DAG(s) dict_keys(['example_local_kubernetes_executor']) retrieved from /home/airflow/.local/lib/python3.7/site-packages/airflow/example_dags/example_local_kubernetes_executor.py
[2023-09-14T16:15:25.997+0000] {logging_mixin.py:149} INFO - [2023-09-14T16:15:25.997+0000] {dag.py:2726} INFO - Sync 1 DAGs
[2023-09-14T16:15:26.062+0000] {logging_mixin.py:149} INFO - [2023-09-14T16:15:26.061+0000] {dag.py:3490} INFO - Setting next_dagrun for example_local_kubernetes_executor to None, run_after=None
[2023-09-14T16:15:26.111+0000] {processor.py:178} INFO - Processing /home/airflow/.local/lib/python3.7/site-packages/airflow/example_dags/example_local_kubernetes_executor.py took 0.703 seconds
[2023-09-14T16:15:56.213+0000] {processor.py:156} INFO - Started process (PID=575) to work on /home/airflow/.local/lib/python3.7/site-packages/airflow/example_dags/example_local_kubernetes_executor.py
[2023-09-14T16:15:56.215+0000] {processor.py:799} INFO - Processing file /home/airflow/.local/lib/python3.7/site-packages/airflow/example_dags/example_local_kubernetes_executor.py for tasks to queue
[2023-09-14T16:15:56.218+0000] {logging_mixin.py:149} INFO - [2023-09-14T16:15:56.218+0000] {dagbag.py:541} INFO - Filling up the DagBag from /home/airflow/.local/lib/python3.7/site-packages/airflow/example_dags/example_local_kubernetes_executor.py
[2023-09-14T16:15:56.636+0000] {processor.py:809} INFO - DAG(s) dict_keys(['example_local_kubernetes_executor']) retrieved from /home/airflow/.local/lib/python3.7/site-packages/airflow/example_dags/example_local_kubernetes_executor.py
[2023-09-14T16:15:56.703+0000] {logging_mixin.py:149} INFO - [2023-09-14T16:15:56.702+0000] {dag.py:2726} INFO - Sync 1 DAGs
[2023-09-14T16:15:56.756+0000] {logging_mixin.py:149} INFO - [2023-09-14T16:15:56.756+0000] {dag.py:3490} INFO - Setting next_dagrun for example_local_kubernetes_executor to None, run_after=None
[2023-09-14T16:15:56.803+0000] {processor.py:178} INFO - Processing /home/airflow/.local/lib/python3.7/site-packages/airflow/example_dags/example_local_kubernetes_executor.py took 0.598 seconds
[2023-09-14T16:16:27.617+0000] {processor.py:156} INFO - Started process (PID=638) to work on /home/airflow/.local/lib/python3.7/site-packages/airflow/example_dags/example_local_kubernetes_executor.py
[2023-09-14T16:16:27.620+0000] {processor.py:799} INFO - Processing file /home/airflow/.local/lib/python3.7/site-packages/airflow/example_dags/example_local_kubernetes_executor.py for tasks to queue
[2023-09-14T16:16:27.623+0000] {logging_mixin.py:149} INFO - [2023-09-14T16:16:27.622+0000] {dagbag.py:541} INFO - Filling up the DagBag from /home/airflow/.local/lib/python3.7/site-packages/airflow/example_dags/example_local_kubernetes_executor.py
[2023-09-14T16:16:28.249+0000] {processor.py:809} INFO - DAG(s) dict_keys(['example_local_kubernetes_executor']) retrieved from /home/airflow/.local/lib/python3.7/site-packages/airflow/example_dags/example_local_kubernetes_executor.py
[2023-09-14T16:16:28.499+0000] {logging_mixin.py:149} INFO - [2023-09-14T16:16:28.498+0000] {dag.py:2726} INFO - Sync 1 DAGs
[2023-09-14T16:16:28.595+0000] {logging_mixin.py:149} INFO - [2023-09-14T16:16:28.594+0000] {dag.py:3490} INFO - Setting next_dagrun for example_local_kubernetes_executor to None, run_after=None
[2023-09-14T16:16:28.660+0000] {processor.py:178} INFO - Processing /home/airflow/.local/lib/python3.7/site-packages/airflow/example_dags/example_local_kubernetes_executor.py took 1.050 seconds
[2023-09-14T16:16:58.825+0000] {processor.py:156} INFO - Started process (PID=701) to work on /home/airflow/.local/lib/python3.7/site-packages/airflow/example_dags/example_local_kubernetes_executor.py
[2023-09-14T16:16:58.836+0000] {processor.py:799} INFO - Processing file /home/airflow/.local/lib/python3.7/site-packages/airflow/example_dags/example_local_kubernetes_executor.py for tasks to queue
[2023-09-14T16:16:58.845+0000] {logging_mixin.py:149} INFO - [2023-09-14T16:16:58.844+0000] {dagbag.py:541} INFO - Filling up the DagBag from /home/airflow/.local/lib/python3.7/site-packages/airflow/example_dags/example_local_kubernetes_executor.py
[2023-09-14T16:36:01.361+0000] {processor.py:156} INFO - Started process (PID=69) to work on /home/airflow/.local/lib/python3.7/site-packages/airflow/example_dags/example_local_kubernetes_executor.py
[2023-09-14T16:36:01.365+0000] {processor.py:799} INFO - Processing file /home/airflow/.local/lib/python3.7/site-packages/airflow/example_dags/example_local_kubernetes_executor.py for tasks to queue
[2023-09-14T16:36:01.372+0000] {logging_mixin.py:149} INFO - [2023-09-14T16:36:01.371+0000] {dagbag.py:541} INFO - Filling up the DagBag from /home/airflow/.local/lib/python3.7/site-packages/airflow/example_dags/example_local_kubernetes_executor.py
[2023-09-14T16:36:14.756+0000] {processor.py:809} INFO - DAG(s) dict_keys(['example_local_kubernetes_executor']) retrieved from /home/airflow/.local/lib/python3.7/site-packages/airflow/example_dags/example_local_kubernetes_executor.py
[2023-09-14T16:36:15.814+0000] {logging_mixin.py:149} INFO - [2023-09-14T16:36:15.814+0000] {dag.py:2726} INFO - Sync 1 DAGs
[2023-09-14T16:36:16.124+0000] {logging_mixin.py:149} INFO - [2023-09-14T16:36:16.123+0000] {dag.py:3490} INFO - Setting next_dagrun for example_local_kubernetes_executor to None, run_after=None
[2023-09-14T16:36:16.277+0000] {processor.py:178} INFO - Processing /home/airflow/.local/lib/python3.7/site-packages/airflow/example_dags/example_local_kubernetes_executor.py took 14.973 seconds
[2023-09-14T16:36:55.644+0000] {processor.py:156} INFO - Started process (PID=137) to work on /home/airflow/.local/lib/python3.7/site-packages/airflow/example_dags/example_local_kubernetes_executor.py
[2023-09-14T16:36:55.692+0000] {processor.py:799} INFO - Processing file /home/airflow/.local/lib/python3.7/site-packages/airflow/example_dags/example_local_kubernetes_executor.py for tasks to queue
[2023-09-14T16:36:55.729+0000] {logging_mixin.py:149} INFO - [2023-09-14T16:36:55.727+0000] {dagbag.py:541} INFO - Filling up the DagBag from /home/airflow/.local/lib/python3.7/site-packages/airflow/example_dags/example_local_kubernetes_executor.py
[2023-09-14T16:39:06.857+0000] {processor.py:156} INFO - Started process (PID=63) to work on /home/airflow/.local/lib/python3.7/site-packages/airflow/example_dags/example_local_kubernetes_executor.py
[2023-09-14T16:39:06.921+0000] {processor.py:799} INFO - Processing file /home/airflow/.local/lib/python3.7/site-packages/airflow/example_dags/example_local_kubernetes_executor.py for tasks to queue
[2023-09-14T16:39:06.957+0000] {logging_mixin.py:149} INFO - [2023-09-14T16:39:06.949+0000] {dagbag.py:541} INFO - Filling up the DagBag from /home/airflow/.local/lib/python3.7/site-packages/airflow/example_dags/example_local_kubernetes_executor.py
[2023-09-14T16:39:16.435+0000] {processor.py:809} INFO - DAG(s) dict_keys(['example_local_kubernetes_executor']) retrieved from /home/airflow/.local/lib/python3.7/site-packages/airflow/example_dags/example_local_kubernetes_executor.py
[2023-09-14T16:39:16.857+0000] {logging_mixin.py:149} INFO - [2023-09-14T16:39:16.856+0000] {dag.py:2726} INFO - Sync 1 DAGs
[2023-09-14T16:39:16.998+0000] {logging_mixin.py:149} INFO - [2023-09-14T16:39:16.998+0000] {dag.py:3490} INFO - Setting next_dagrun for example_local_kubernetes_executor to None, run_after=None
[2023-09-14T16:39:17.098+0000] {processor.py:178} INFO - Processing /home/airflow/.local/lib/python3.7/site-packages/airflow/example_dags/example_local_kubernetes_executor.py took 10.613 seconds
[2023-09-14T16:39:47.308+0000] {processor.py:156} INFO - Started process (PID=134) to work on /home/airflow/.local/lib/python3.7/site-packages/airflow/example_dags/example_local_kubernetes_executor.py
[2023-09-14T16:39:47.310+0000] {processor.py:799} INFO - Processing file /home/airflow/.local/lib/python3.7/site-packages/airflow/example_dags/example_local_kubernetes_executor.py for tasks to queue
[2023-09-14T16:39:47.312+0000] {logging_mixin.py:149} INFO - [2023-09-14T16:39:47.312+0000] {dagbag.py:541} INFO - Filling up the DagBag from /home/airflow/.local/lib/python3.7/site-packages/airflow/example_dags/example_local_kubernetes_executor.py
[2023-09-14T16:39:48.634+0000] {processor.py:809} INFO - DAG(s) dict_keys(['example_local_kubernetes_executor']) retrieved from /home/airflow/.local/lib/python3.7/site-packages/airflow/example_dags/example_local_kubernetes_executor.py
[2023-09-14T16:39:48.889+0000] {logging_mixin.py:149} INFO - [2023-09-14T16:39:48.888+0000] {dag.py:2726} INFO - Sync 1 DAGs
[2023-09-14T16:39:49.001+0000] {logging_mixin.py:149} INFO - [2023-09-14T16:39:49.001+0000] {dag.py:3490} INFO - Setting next_dagrun for example_local_kubernetes_executor to None, run_after=None
[2023-09-14T16:39:49.127+0000] {processor.py:178} INFO - Processing /home/airflow/.local/lib/python3.7/site-packages/airflow/example_dags/example_local_kubernetes_executor.py took 1.824 seconds
[2023-09-14T16:40:19.794+0000] {processor.py:156} INFO - Started process (PID=195) to work on /home/airflow/.local/lib/python3.7/site-packages/airflow/example_dags/example_local_kubernetes_executor.py
[2023-09-14T16:40:19.797+0000] {processor.py:799} INFO - Processing file /home/airflow/.local/lib/python3.7/site-packages/airflow/example_dags/example_local_kubernetes_executor.py for tasks to queue
[2023-09-14T16:40:19.799+0000] {logging_mixin.py:149} INFO - [2023-09-14T16:40:19.799+0000] {dagbag.py:541} INFO - Filling up the DagBag from /home/airflow/.local/lib/python3.7/site-packages/airflow/example_dags/example_local_kubernetes_executor.py
[2023-09-14T16:40:20.547+0000] {processor.py:809} INFO - DAG(s) dict_keys(['example_local_kubernetes_executor']) retrieved from /home/airflow/.local/lib/python3.7/site-packages/airflow/example_dags/example_local_kubernetes_executor.py
[2023-09-14T16:40:20.635+0000] {logging_mixin.py:149} INFO - [2023-09-14T16:40:20.635+0000] {dag.py:2726} INFO - Sync 1 DAGs
[2023-09-14T16:40:20.685+0000] {logging_mixin.py:149} INFO - [2023-09-14T16:40:20.684+0000] {dag.py:3490} INFO - Setting next_dagrun for example_local_kubernetes_executor to None, run_after=None
[2023-09-14T16:40:20.748+0000] {processor.py:178} INFO - Processing /home/airflow/.local/lib/python3.7/site-packages/airflow/example_dags/example_local_kubernetes_executor.py took 0.967 seconds
[2023-09-14T16:40:51.140+0000] {processor.py:156} INFO - Started process (PID=258) to work on /home/airflow/.local/lib/python3.7/site-packages/airflow/example_dags/example_local_kubernetes_executor.py
[2023-09-14T16:40:51.145+0000] {processor.py:799} INFO - Processing file /home/airflow/.local/lib/python3.7/site-packages/airflow/example_dags/example_local_kubernetes_executor.py for tasks to queue
[2023-09-14T16:40:51.148+0000] {logging_mixin.py:149} INFO - [2023-09-14T16:40:51.148+0000] {dagbag.py:541} INFO - Filling up the DagBag from /home/airflow/.local/lib/python3.7/site-packages/airflow/example_dags/example_local_kubernetes_executor.py
[2023-09-14T16:40:51.582+0000] {processor.py:809} INFO - DAG(s) dict_keys(['example_local_kubernetes_executor']) retrieved from /home/airflow/.local/lib/python3.7/site-packages/airflow/example_dags/example_local_kubernetes_executor.py
[2023-09-14T16:40:51.644+0000] {logging_mixin.py:149} INFO - [2023-09-14T16:40:51.644+0000] {dag.py:2726} INFO - Sync 1 DAGs
[2023-09-14T16:40:51.683+0000] {logging_mixin.py:149} INFO - [2023-09-14T16:40:51.682+0000] {dag.py:3490} INFO - Setting next_dagrun for example_local_kubernetes_executor to None, run_after=None
[2023-09-14T16:40:51.727+0000] {processor.py:178} INFO - Processing /home/airflow/.local/lib/python3.7/site-packages/airflow/example_dags/example_local_kubernetes_executor.py took 0.599 seconds
[2023-09-14T16:41:22.590+0000] {processor.py:156} INFO - Started process (PID=319) to work on /home/airflow/.local/lib/python3.7/site-packages/airflow/example_dags/example_local_kubernetes_executor.py
[2023-09-14T16:41:22.593+0000] {processor.py:799} INFO - Processing file /home/airflow/.local/lib/python3.7/site-packages/airflow/example_dags/example_local_kubernetes_executor.py for tasks to queue
[2023-09-14T16:41:22.596+0000] {logging_mixin.py:149} INFO - [2023-09-14T16:41:22.596+0000] {dagbag.py:541} INFO - Filling up the DagBag from /home/airflow/.local/lib/python3.7/site-packages/airflow/example_dags/example_local_kubernetes_executor.py
[2023-09-14T16:41:23.375+0000] {processor.py:809} INFO - DAG(s) dict_keys(['example_local_kubernetes_executor']) retrieved from /home/airflow/.local/lib/python3.7/site-packages/airflow/example_dags/example_local_kubernetes_executor.py
[2023-09-14T16:41:23.477+0000] {logging_mixin.py:149} INFO - [2023-09-14T16:41:23.477+0000] {dag.py:2726} INFO - Sync 1 DAGs
[2023-09-14T16:41:23.572+0000] {logging_mixin.py:149} INFO - [2023-09-14T16:41:23.571+0000] {dag.py:3490} INFO - Setting next_dagrun for example_local_kubernetes_executor to None, run_after=None
[2023-09-14T16:41:23.624+0000] {processor.py:178} INFO - Processing /home/airflow/.local/lib/python3.7/site-packages/airflow/example_dags/example_local_kubernetes_executor.py took 1.041 seconds
[2023-09-14T16:41:54.116+0000] {processor.py:156} INFO - Started process (PID=383) to work on /home/airflow/.local/lib/python3.7/site-packages/airflow/example_dags/example_local_kubernetes_executor.py
[2023-09-14T16:41:54.118+0000] {processor.py:799} INFO - Processing file /home/airflow/.local/lib/python3.7/site-packages/airflow/example_dags/example_local_kubernetes_executor.py for tasks to queue
[2023-09-14T16:41:54.120+0000] {logging_mixin.py:149} INFO - [2023-09-14T16:41:54.120+0000] {dagbag.py:541} INFO - Filling up the DagBag from /home/airflow/.local/lib/python3.7/site-packages/airflow/example_dags/example_local_kubernetes_executor.py
[2023-09-14T16:41:54.620+0000] {processor.py:809} INFO - DAG(s) dict_keys(['example_local_kubernetes_executor']) retrieved from /home/airflow/.local/lib/python3.7/site-packages/airflow/example_dags/example_local_kubernetes_executor.py
[2023-09-14T16:41:54.685+0000] {logging_mixin.py:149} INFO - [2023-09-14T16:41:54.684+0000] {dag.py:2726} INFO - Sync 1 DAGs
[2023-09-14T16:41:54.756+0000] {logging_mixin.py:149} INFO - [2023-09-14T16:41:54.756+0000] {dag.py:3490} INFO - Setting next_dagrun for example_local_kubernetes_executor to None, run_after=None
[2023-09-14T16:41:54.852+0000] {processor.py:178} INFO - Processing /home/airflow/.local/lib/python3.7/site-packages/airflow/example_dags/example_local_kubernetes_executor.py took 0.742 seconds
[2023-09-14T16:42:25.634+0000] {processor.py:156} INFO - Started process (PID=446) to work on /home/airflow/.local/lib/python3.7/site-packages/airflow/example_dags/example_local_kubernetes_executor.py
[2023-09-14T16:42:25.635+0000] {processor.py:799} INFO - Processing file /home/airflow/.local/lib/python3.7/site-packages/airflow/example_dags/example_local_kubernetes_executor.py for tasks to queue
[2023-09-14T16:42:25.638+0000] {logging_mixin.py:149} INFO - [2023-09-14T16:42:25.638+0000] {dagbag.py:541} INFO - Filling up the DagBag from /home/airflow/.local/lib/python3.7/site-packages/airflow/example_dags/example_local_kubernetes_executor.py
[2023-09-14T16:42:26.120+0000] {processor.py:809} INFO - DAG(s) dict_keys(['example_local_kubernetes_executor']) retrieved from /home/airflow/.local/lib/python3.7/site-packages/airflow/example_dags/example_local_kubernetes_executor.py
[2023-09-14T16:42:26.200+0000] {logging_mixin.py:149} INFO - [2023-09-14T16:42:26.200+0000] {dag.py:2726} INFO - Sync 1 DAGs
[2023-09-14T16:42:26.271+0000] {logging_mixin.py:149} INFO - [2023-09-14T16:42:26.271+0000] {dag.py:3490} INFO - Setting next_dagrun for example_local_kubernetes_executor to None, run_after=None
[2023-09-14T16:42:26.361+0000] {processor.py:178} INFO - Processing /home/airflow/.local/lib/python3.7/site-packages/airflow/example_dags/example_local_kubernetes_executor.py took 0.737 seconds
[2023-09-14T16:42:57.166+0000] {processor.py:156} INFO - Started process (PID=508) to work on /home/airflow/.local/lib/python3.7/site-packages/airflow/example_dags/example_local_kubernetes_executor.py
[2023-09-14T16:42:57.168+0000] {processor.py:799} INFO - Processing file /home/airflow/.local/lib/python3.7/site-packages/airflow/example_dags/example_local_kubernetes_executor.py for tasks to queue
[2023-09-14T16:42:57.171+0000] {logging_mixin.py:149} INFO - [2023-09-14T16:42:57.170+0000] {dagbag.py:541} INFO - Filling up the DagBag from /home/airflow/.local/lib/python3.7/site-packages/airflow/example_dags/example_local_kubernetes_executor.py
[2023-09-14T16:42:57.673+0000] {processor.py:809} INFO - DAG(s) dict_keys(['example_local_kubernetes_executor']) retrieved from /home/airflow/.local/lib/python3.7/site-packages/airflow/example_dags/example_local_kubernetes_executor.py
[2023-09-14T16:42:57.769+0000] {logging_mixin.py:149} INFO - [2023-09-14T16:42:57.769+0000] {dag.py:2726} INFO - Sync 1 DAGs
[2023-09-14T16:42:57.821+0000] {logging_mixin.py:149} INFO - [2023-09-14T16:42:57.821+0000] {dag.py:3490} INFO - Setting next_dagrun for example_local_kubernetes_executor to None, run_after=None
[2023-09-14T16:42:57.917+0000] {processor.py:178} INFO - Processing /home/airflow/.local/lib/python3.7/site-packages/airflow/example_dags/example_local_kubernetes_executor.py took 0.759 seconds
[2023-09-14T16:43:28.261+0000] {processor.py:156} INFO - Started process (PID=571) to work on /home/airflow/.local/lib/python3.7/site-packages/airflow/example_dags/example_local_kubernetes_executor.py
[2023-09-14T16:43:28.263+0000] {processor.py:799} INFO - Processing file /home/airflow/.local/lib/python3.7/site-packages/airflow/example_dags/example_local_kubernetes_executor.py for tasks to queue
[2023-09-14T16:43:28.265+0000] {logging_mixin.py:149} INFO - [2023-09-14T16:43:28.265+0000] {dagbag.py:541} INFO - Filling up the DagBag from /home/airflow/.local/lib/python3.7/site-packages/airflow/example_dags/example_local_kubernetes_executor.py
[2023-09-14T16:43:28.768+0000] {processor.py:809} INFO - DAG(s) dict_keys(['example_local_kubernetes_executor']) retrieved from /home/airflow/.local/lib/python3.7/site-packages/airflow/example_dags/example_local_kubernetes_executor.py
[2023-09-14T16:43:28.840+0000] {logging_mixin.py:149} INFO - [2023-09-14T16:43:28.839+0000] {dag.py:2726} INFO - Sync 1 DAGs
[2023-09-14T16:43:28.931+0000] {logging_mixin.py:149} INFO - [2023-09-14T16:43:28.930+0000] {dag.py:3490} INFO - Setting next_dagrun for example_local_kubernetes_executor to None, run_after=None
[2023-09-14T16:43:28.987+0000] {processor.py:178} INFO - Processing /home/airflow/.local/lib/python3.7/site-packages/airflow/example_dags/example_local_kubernetes_executor.py took 0.732 seconds
[2023-09-14T16:43:59.308+0000] {processor.py:156} INFO - Started process (PID=632) to work on /home/airflow/.local/lib/python3.7/site-packages/airflow/example_dags/example_local_kubernetes_executor.py
[2023-09-14T16:43:59.311+0000] {processor.py:799} INFO - Processing file /home/airflow/.local/lib/python3.7/site-packages/airflow/example_dags/example_local_kubernetes_executor.py for tasks to queue
[2023-09-14T16:43:59.315+0000] {logging_mixin.py:149} INFO - [2023-09-14T16:43:59.314+0000] {dagbag.py:541} INFO - Filling up the DagBag from /home/airflow/.local/lib/python3.7/site-packages/airflow/example_dags/example_local_kubernetes_executor.py
[2023-09-14T16:44:00.170+0000] {processor.py:809} INFO - DAG(s) dict_keys(['example_local_kubernetes_executor']) retrieved from /home/airflow/.local/lib/python3.7/site-packages/airflow/example_dags/example_local_kubernetes_executor.py
[2023-09-14T16:44:00.330+0000] {logging_mixin.py:149} INFO - [2023-09-14T16:44:00.329+0000] {dag.py:2726} INFO - Sync 1 DAGs
[2023-09-14T16:44:00.526+0000] {logging_mixin.py:149} INFO - [2023-09-14T16:44:00.525+0000] {dag.py:3490} INFO - Setting next_dagrun for example_local_kubernetes_executor to None, run_after=None
[2023-09-14T16:44:00.739+0000] {processor.py:178} INFO - Processing /home/airflow/.local/lib/python3.7/site-packages/airflow/example_dags/example_local_kubernetes_executor.py took 1.437 seconds
[2023-09-14T16:44:31.345+0000] {processor.py:156} INFO - Started process (PID=694) to work on /home/airflow/.local/lib/python3.7/site-packages/airflow/example_dags/example_local_kubernetes_executor.py
[2023-09-14T16:44:31.347+0000] {processor.py:799} INFO - Processing file /home/airflow/.local/lib/python3.7/site-packages/airflow/example_dags/example_local_kubernetes_executor.py for tasks to queue
[2023-09-14T16:44:31.349+0000] {logging_mixin.py:149} INFO - [2023-09-14T16:44:31.349+0000] {dagbag.py:541} INFO - Filling up the DagBag from /home/airflow/.local/lib/python3.7/site-packages/airflow/example_dags/example_local_kubernetes_executor.py
[2023-09-14T16:44:31.772+0000] {processor.py:809} INFO - DAG(s) dict_keys(['example_local_kubernetes_executor']) retrieved from /home/airflow/.local/lib/python3.7/site-packages/airflow/example_dags/example_local_kubernetes_executor.py
[2023-09-14T16:44:31.856+0000] {logging_mixin.py:149} INFO - [2023-09-14T16:44:31.855+0000] {dag.py:2726} INFO - Sync 1 DAGs
[2023-09-14T16:44:31.903+0000] {logging_mixin.py:149} INFO - [2023-09-14T16:44:31.903+0000] {dag.py:3490} INFO - Setting next_dagrun for example_local_kubernetes_executor to None, run_after=None
[2023-09-14T16:44:31.944+0000] {processor.py:178} INFO - Processing /home/airflow/.local/lib/python3.7/site-packages/airflow/example_dags/example_local_kubernetes_executor.py took 0.606 seconds
[2023-09-14T16:45:02.560+0000] {processor.py:156} INFO - Started process (PID=756) to work on /home/airflow/.local/lib/python3.7/site-packages/airflow/example_dags/example_local_kubernetes_executor.py
[2023-09-14T16:45:02.562+0000] {processor.py:799} INFO - Processing file /home/airflow/.local/lib/python3.7/site-packages/airflow/example_dags/example_local_kubernetes_executor.py for tasks to queue
[2023-09-14T16:45:02.563+0000] {logging_mixin.py:149} INFO - [2023-09-14T16:45:02.563+0000] {dagbag.py:541} INFO - Filling up the DagBag from /home/airflow/.local/lib/python3.7/site-packages/airflow/example_dags/example_local_kubernetes_executor.py
[2023-09-14T16:45:03.420+0000] {processor.py:809} INFO - DAG(s) dict_keys(['example_local_kubernetes_executor']) retrieved from /home/airflow/.local/lib/python3.7/site-packages/airflow/example_dags/example_local_kubernetes_executor.py
[2023-09-14T16:45:03.627+0000] {logging_mixin.py:149} INFO - [2023-09-14T16:45:03.627+0000] {dag.py:2726} INFO - Sync 1 DAGs
[2023-09-14T16:45:03.679+0000] {logging_mixin.py:149} INFO - [2023-09-14T16:45:03.679+0000] {dag.py:3490} INFO - Setting next_dagrun for example_local_kubernetes_executor to None, run_after=None
[2023-09-14T16:45:03.762+0000] {processor.py:178} INFO - Processing /home/airflow/.local/lib/python3.7/site-packages/airflow/example_dags/example_local_kubernetes_executor.py took 1.208 seconds
[2023-09-14T16:45:33.869+0000] {processor.py:156} INFO - Started process (PID=820) to work on /home/airflow/.local/lib/python3.7/site-packages/airflow/example_dags/example_local_kubernetes_executor.py
[2023-09-14T16:45:33.871+0000] {processor.py:799} INFO - Processing file /home/airflow/.local/lib/python3.7/site-packages/airflow/example_dags/example_local_kubernetes_executor.py for tasks to queue
[2023-09-14T16:45:33.873+0000] {logging_mixin.py:149} INFO - [2023-09-14T16:45:33.873+0000] {dagbag.py:541} INFO - Filling up the DagBag from /home/airflow/.local/lib/python3.7/site-packages/airflow/example_dags/example_local_kubernetes_executor.py
[2023-09-14T16:45:34.334+0000] {processor.py:809} INFO - DAG(s) dict_keys(['example_local_kubernetes_executor']) retrieved from /home/airflow/.local/lib/python3.7/site-packages/airflow/example_dags/example_local_kubernetes_executor.py
[2023-09-14T16:45:34.741+0000] {logging_mixin.py:149} INFO - [2023-09-14T16:45:34.740+0000] {dag.py:2726} INFO - Sync 1 DAGs
[2023-09-14T16:45:34.944+0000] {logging_mixin.py:149} INFO - [2023-09-14T16:45:34.943+0000] {dag.py:3490} INFO - Setting next_dagrun for example_local_kubernetes_executor to None, run_after=None
[2023-09-14T16:45:35.028+0000] {processor.py:178} INFO - Processing /home/airflow/.local/lib/python3.7/site-packages/airflow/example_dags/example_local_kubernetes_executor.py took 1.164 seconds
[2023-09-14T16:46:05.589+0000] {processor.py:156} INFO - Started process (PID=882) to work on /home/airflow/.local/lib/python3.7/site-packages/airflow/example_dags/example_local_kubernetes_executor.py
[2023-09-14T16:46:05.592+0000] {processor.py:799} INFO - Processing file /home/airflow/.local/lib/python3.7/site-packages/airflow/example_dags/example_local_kubernetes_executor.py for tasks to queue
[2023-09-14T16:46:05.596+0000] {logging_mixin.py:149} INFO - [2023-09-14T16:46:05.595+0000] {dagbag.py:541} INFO - Filling up the DagBag from /home/airflow/.local/lib/python3.7/site-packages/airflow/example_dags/example_local_kubernetes_executor.py
[2023-09-14T16:46:06.096+0000] {processor.py:809} INFO - DAG(s) dict_keys(['example_local_kubernetes_executor']) retrieved from /home/airflow/.local/lib/python3.7/site-packages/airflow/example_dags/example_local_kubernetes_executor.py
[2023-09-14T16:46:06.198+0000] {logging_mixin.py:149} INFO - [2023-09-14T16:46:06.197+0000] {dag.py:2726} INFO - Sync 1 DAGs
[2023-09-14T16:46:06.269+0000] {logging_mixin.py:149} INFO - [2023-09-14T16:46:06.268+0000] {dag.py:3490} INFO - Setting next_dagrun for example_local_kubernetes_executor to None, run_after=None
[2023-09-14T16:46:06.415+0000] {processor.py:178} INFO - Processing /home/airflow/.local/lib/python3.7/site-packages/airflow/example_dags/example_local_kubernetes_executor.py took 0.833 seconds
[2023-09-14T16:46:36.853+0000] {processor.py:156} INFO - Started process (PID=945) to work on /home/airflow/.local/lib/python3.7/site-packages/airflow/example_dags/example_local_kubernetes_executor.py
[2023-09-14T16:46:36.855+0000] {processor.py:799} INFO - Processing file /home/airflow/.local/lib/python3.7/site-packages/airflow/example_dags/example_local_kubernetes_executor.py for tasks to queue
[2023-09-14T16:46:36.860+0000] {logging_mixin.py:149} INFO - [2023-09-14T16:46:36.859+0000] {dagbag.py:541} INFO - Filling up the DagBag from /home/airflow/.local/lib/python3.7/site-packages/airflow/example_dags/example_local_kubernetes_executor.py
[2023-09-14T16:46:37.783+0000] {processor.py:809} INFO - DAG(s) dict_keys(['example_local_kubernetes_executor']) retrieved from /home/airflow/.local/lib/python3.7/site-packages/airflow/example_dags/example_local_kubernetes_executor.py
[2023-09-14T16:46:37.883+0000] {logging_mixin.py:149} INFO - [2023-09-14T16:46:37.883+0000] {dag.py:2726} INFO - Sync 1 DAGs
[2023-09-14T16:46:37.958+0000] {logging_mixin.py:149} INFO - [2023-09-14T16:46:37.958+0000] {dag.py:3490} INFO - Setting next_dagrun for example_local_kubernetes_executor to None, run_after=None
[2023-09-14T16:46:38.041+0000] {processor.py:178} INFO - Processing /home/airflow/.local/lib/python3.7/site-packages/airflow/example_dags/example_local_kubernetes_executor.py took 1.198 seconds
[2023-09-14T16:47:08.783+0000] {processor.py:156} INFO - Started process (PID=1006) to work on /home/airflow/.local/lib/python3.7/site-packages/airflow/example_dags/example_local_kubernetes_executor.py
[2023-09-14T16:47:08.785+0000] {processor.py:799} INFO - Processing file /home/airflow/.local/lib/python3.7/site-packages/airflow/example_dags/example_local_kubernetes_executor.py for tasks to queue
[2023-09-14T16:47:08.790+0000] {logging_mixin.py:149} INFO - [2023-09-14T16:47:08.789+0000] {dagbag.py:541} INFO - Filling up the DagBag from /home/airflow/.local/lib/python3.7/site-packages/airflow/example_dags/example_local_kubernetes_executor.py
[2023-09-14T16:47:09.648+0000] {processor.py:809} INFO - DAG(s) dict_keys(['example_local_kubernetes_executor']) retrieved from /home/airflow/.local/lib/python3.7/site-packages/airflow/example_dags/example_local_kubernetes_executor.py
[2023-09-14T16:47:09.752+0000] {logging_mixin.py:149} INFO - [2023-09-14T16:47:09.751+0000] {dag.py:2726} INFO - Sync 1 DAGs
[2023-09-14T16:47:09.839+0000] {logging_mixin.py:149} INFO - [2023-09-14T16:47:09.838+0000] {dag.py:3490} INFO - Setting next_dagrun for example_local_kubernetes_executor to None, run_after=None
[2023-09-14T16:47:09.939+0000] {processor.py:178} INFO - Processing /home/airflow/.local/lib/python3.7/site-packages/airflow/example_dags/example_local_kubernetes_executor.py took 1.160 seconds
[2023-09-14T16:47:40.765+0000] {processor.py:156} INFO - Started process (PID=1068) to work on /home/airflow/.local/lib/python3.7/site-packages/airflow/example_dags/example_local_kubernetes_executor.py
[2023-09-14T16:47:40.769+0000] {processor.py:799} INFO - Processing file /home/airflow/.local/lib/python3.7/site-packages/airflow/example_dags/example_local_kubernetes_executor.py for tasks to queue
[2023-09-14T16:47:40.773+0000] {logging_mixin.py:149} INFO - [2023-09-14T16:47:40.772+0000] {dagbag.py:541} INFO - Filling up the DagBag from /home/airflow/.local/lib/python3.7/site-packages/airflow/example_dags/example_local_kubernetes_executor.py
[2023-09-14T16:47:41.217+0000] {processor.py:809} INFO - DAG(s) dict_keys(['example_local_kubernetes_executor']) retrieved from /home/airflow/.local/lib/python3.7/site-packages/airflow/example_dags/example_local_kubernetes_executor.py
[2023-09-14T16:47:41.306+0000] {logging_mixin.py:149} INFO - [2023-09-14T16:47:41.306+0000] {dag.py:2726} INFO - Sync 1 DAGs
[2023-09-14T16:47:41.356+0000] {logging_mixin.py:149} INFO - [2023-09-14T16:47:41.356+0000] {dag.py:3490} INFO - Setting next_dagrun for example_local_kubernetes_executor to None, run_after=None
[2023-09-14T16:47:41.440+0000] {processor.py:178} INFO - Processing /home/airflow/.local/lib/python3.7/site-packages/airflow/example_dags/example_local_kubernetes_executor.py took 0.685 seconds
[2023-09-14T16:48:14.380+0000] {processor.py:156} INFO - Started process (PID=1121) to work on /home/airflow/.local/lib/python3.7/site-packages/airflow/example_dags/example_local_kubernetes_executor.py
[2023-09-14T16:48:14.386+0000] {processor.py:799} INFO - Processing file /home/airflow/.local/lib/python3.7/site-packages/airflow/example_dags/example_local_kubernetes_executor.py for tasks to queue
[2023-09-14T16:48:14.390+0000] {logging_mixin.py:149} INFO - [2023-09-14T16:48:14.389+0000] {dagbag.py:541} INFO - Filling up the DagBag from /home/airflow/.local/lib/python3.7/site-packages/airflow/example_dags/example_local_kubernetes_executor.py
[2023-09-14T16:48:15.496+0000] {processor.py:809} INFO - DAG(s) dict_keys(['example_local_kubernetes_executor']) retrieved from /home/airflow/.local/lib/python3.7/site-packages/airflow/example_dags/example_local_kubernetes_executor.py
[2023-09-14T16:48:15.628+0000] {logging_mixin.py:149} INFO - [2023-09-14T16:48:15.628+0000] {dag.py:2726} INFO - Sync 1 DAGs
[2023-09-14T16:48:15.829+0000] {logging_mixin.py:149} INFO - [2023-09-14T16:48:15.828+0000] {dag.py:3490} INFO - Setting next_dagrun for example_local_kubernetes_executor to None, run_after=None
[2023-09-14T16:48:15.933+0000] {processor.py:178} INFO - Processing /home/airflow/.local/lib/python3.7/site-packages/airflow/example_dags/example_local_kubernetes_executor.py took 1.570 seconds
[2023-09-14T16:48:46.358+0000] {processor.py:156} INFO - Started process (PID=1183) to work on /home/airflow/.local/lib/python3.7/site-packages/airflow/example_dags/example_local_kubernetes_executor.py
[2023-09-14T16:48:46.360+0000] {processor.py:799} INFO - Processing file /home/airflow/.local/lib/python3.7/site-packages/airflow/example_dags/example_local_kubernetes_executor.py for tasks to queue
[2023-09-14T16:48:46.362+0000] {logging_mixin.py:149} INFO - [2023-09-14T16:48:46.362+0000] {dagbag.py:541} INFO - Filling up the DagBag from /home/airflow/.local/lib/python3.7/site-packages/airflow/example_dags/example_local_kubernetes_executor.py
[2023-09-14T16:48:47.055+0000] {processor.py:809} INFO - DAG(s) dict_keys(['example_local_kubernetes_executor']) retrieved from /home/airflow/.local/lib/python3.7/site-packages/airflow/example_dags/example_local_kubernetes_executor.py
[2023-09-14T16:48:47.181+0000] {logging_mixin.py:149} INFO - [2023-09-14T16:48:47.181+0000] {dag.py:2726} INFO - Sync 1 DAGs
[2023-09-14T16:48:47.305+0000] {logging_mixin.py:149} INFO - [2023-09-14T16:48:47.305+0000] {dag.py:3490} INFO - Setting next_dagrun for example_local_kubernetes_executor to None, run_after=None
[2023-09-14T16:48:47.418+0000] {processor.py:178} INFO - Processing /home/airflow/.local/lib/python3.7/site-packages/airflow/example_dags/example_local_kubernetes_executor.py took 1.065 seconds
[2023-09-14T16:49:18.085+0000] {processor.py:156} INFO - Started process (PID=1253) to work on /home/airflow/.local/lib/python3.7/site-packages/airflow/example_dags/example_local_kubernetes_executor.py
[2023-09-14T16:49:18.089+0000] {processor.py:799} INFO - Processing file /home/airflow/.local/lib/python3.7/site-packages/airflow/example_dags/example_local_kubernetes_executor.py for tasks to queue
[2023-09-14T16:49:18.094+0000] {logging_mixin.py:149} INFO - [2023-09-14T16:49:18.093+0000] {dagbag.py:541} INFO - Filling up the DagBag from /home/airflow/.local/lib/python3.7/site-packages/airflow/example_dags/example_local_kubernetes_executor.py
[2023-09-14T16:49:19.084+0000] {processor.py:809} INFO - DAG(s) dict_keys(['example_local_kubernetes_executor']) retrieved from /home/airflow/.local/lib/python3.7/site-packages/airflow/example_dags/example_local_kubernetes_executor.py
[2023-09-14T16:49:19.348+0000] {logging_mixin.py:149} INFO - [2023-09-14T16:49:19.348+0000] {dag.py:2726} INFO - Sync 1 DAGs
[2023-09-14T16:49:19.455+0000] {logging_mixin.py:149} INFO - [2023-09-14T16:49:19.454+0000] {dag.py:3490} INFO - Setting next_dagrun for example_local_kubernetes_executor to None, run_after=None
[2023-09-14T16:49:19.571+0000] {processor.py:178} INFO - Processing /home/airflow/.local/lib/python3.7/site-packages/airflow/example_dags/example_local_kubernetes_executor.py took 1.501 seconds
[2023-09-14T16:49:50.210+0000] {processor.py:156} INFO - Started process (PID=1318) to work on /home/airflow/.local/lib/python3.7/site-packages/airflow/example_dags/example_local_kubernetes_executor.py
[2023-09-14T16:49:50.213+0000] {processor.py:799} INFO - Processing file /home/airflow/.local/lib/python3.7/site-packages/airflow/example_dags/example_local_kubernetes_executor.py for tasks to queue
[2023-09-14T16:49:50.216+0000] {logging_mixin.py:149} INFO - [2023-09-14T16:49:50.216+0000] {dagbag.py:541} INFO - Filling up the DagBag from /home/airflow/.local/lib/python3.7/site-packages/airflow/example_dags/example_local_kubernetes_executor.py
[2023-09-14T16:49:50.865+0000] {processor.py:809} INFO - DAG(s) dict_keys(['example_local_kubernetes_executor']) retrieved from /home/airflow/.local/lib/python3.7/site-packages/airflow/example_dags/example_local_kubernetes_executor.py
[2023-09-14T16:49:50.969+0000] {logging_mixin.py:149} INFO - [2023-09-14T16:49:50.968+0000] {dag.py:2726} INFO - Sync 1 DAGs
[2023-09-14T16:49:51.046+0000] {logging_mixin.py:149} INFO - [2023-09-14T16:49:51.045+0000] {dag.py:3490} INFO - Setting next_dagrun for example_local_kubernetes_executor to None, run_after=None
[2023-09-14T16:49:51.110+0000] {processor.py:178} INFO - Processing /home/airflow/.local/lib/python3.7/site-packages/airflow/example_dags/example_local_kubernetes_executor.py took 0.910 seconds
[2023-09-14T16:50:21.821+0000] {processor.py:156} INFO - Started process (PID=1383) to work on /home/airflow/.local/lib/python3.7/site-packages/airflow/example_dags/example_local_kubernetes_executor.py
[2023-09-14T16:50:21.823+0000] {processor.py:799} INFO - Processing file /home/airflow/.local/lib/python3.7/site-packages/airflow/example_dags/example_local_kubernetes_executor.py for tasks to queue
[2023-09-14T16:50:21.826+0000] {logging_mixin.py:149} INFO - [2023-09-14T16:50:21.825+0000] {dagbag.py:541} INFO - Filling up the DagBag from /home/airflow/.local/lib/python3.7/site-packages/airflow/example_dags/example_local_kubernetes_executor.py
[2023-09-14T16:50:22.528+0000] {processor.py:809} INFO - DAG(s) dict_keys(['example_local_kubernetes_executor']) retrieved from /home/airflow/.local/lib/python3.7/site-packages/airflow/example_dags/example_local_kubernetes_executor.py
[2023-09-14T16:50:22.642+0000] {logging_mixin.py:149} INFO - [2023-09-14T16:50:22.641+0000] {dag.py:2726} INFO - Sync 1 DAGs
[2023-09-14T16:50:22.724+0000] {logging_mixin.py:149} INFO - [2023-09-14T16:50:22.724+0000] {dag.py:3490} INFO - Setting next_dagrun for example_local_kubernetes_executor to None, run_after=None
[2023-09-14T16:50:22.831+0000] {processor.py:178} INFO - Processing /home/airflow/.local/lib/python3.7/site-packages/airflow/example_dags/example_local_kubernetes_executor.py took 1.020 seconds
[2023-09-14T16:50:53.149+0000] {processor.py:156} INFO - Started process (PID=1444) to work on /home/airflow/.local/lib/python3.7/site-packages/airflow/example_dags/example_local_kubernetes_executor.py
[2023-09-14T16:50:53.154+0000] {processor.py:799} INFO - Processing file /home/airflow/.local/lib/python3.7/site-packages/airflow/example_dags/example_local_kubernetes_executor.py for tasks to queue
[2023-09-14T16:50:53.158+0000] {logging_mixin.py:149} INFO - [2023-09-14T16:50:53.157+0000] {dagbag.py:541} INFO - Filling up the DagBag from /home/airflow/.local/lib/python3.7/site-packages/airflow/example_dags/example_local_kubernetes_executor.py
[2023-09-14T16:50:53.814+0000] {processor.py:809} INFO - DAG(s) dict_keys(['example_local_kubernetes_executor']) retrieved from /home/airflow/.local/lib/python3.7/site-packages/airflow/example_dags/example_local_kubernetes_executor.py
[2023-09-14T16:50:53.920+0000] {logging_mixin.py:149} INFO - [2023-09-14T16:50:53.919+0000] {dag.py:2726} INFO - Sync 1 DAGs
[2023-09-14T16:50:53.985+0000] {logging_mixin.py:149} INFO - [2023-09-14T16:50:53.985+0000] {dag.py:3490} INFO - Setting next_dagrun for example_local_kubernetes_executor to None, run_after=None
[2023-09-14T16:50:54.053+0000] {processor.py:178} INFO - Processing /home/airflow/.local/lib/python3.7/site-packages/airflow/example_dags/example_local_kubernetes_executor.py took 0.913 seconds
[2023-09-14T16:51:24.687+0000] {processor.py:156} INFO - Started process (PID=1505) to work on /home/airflow/.local/lib/python3.7/site-packages/airflow/example_dags/example_local_kubernetes_executor.py
[2023-09-14T16:51:24.691+0000] {processor.py:799} INFO - Processing file /home/airflow/.local/lib/python3.7/site-packages/airflow/example_dags/example_local_kubernetes_executor.py for tasks to queue
[2023-09-14T16:51:24.693+0000] {logging_mixin.py:149} INFO - [2023-09-14T16:51:24.692+0000] {dagbag.py:541} INFO - Filling up the DagBag from /home/airflow/.local/lib/python3.7/site-packages/airflow/example_dags/example_local_kubernetes_executor.py
[2023-09-14T16:51:25.259+0000] {processor.py:809} INFO - DAG(s) dict_keys(['example_local_kubernetes_executor']) retrieved from /home/airflow/.local/lib/python3.7/site-packages/airflow/example_dags/example_local_kubernetes_executor.py
[2023-09-14T16:51:25.340+0000] {logging_mixin.py:149} INFO - [2023-09-14T16:51:25.339+0000] {dag.py:2726} INFO - Sync 1 DAGs
[2023-09-14T16:51:25.383+0000] {logging_mixin.py:149} INFO - [2023-09-14T16:51:25.383+0000] {dag.py:3490} INFO - Setting next_dagrun for example_local_kubernetes_executor to None, run_after=None
[2023-09-14T16:51:25.469+0000] {processor.py:178} INFO - Processing /home/airflow/.local/lib/python3.7/site-packages/airflow/example_dags/example_local_kubernetes_executor.py took 0.787 seconds
[2023-09-14T16:51:56.010+0000] {processor.py:156} INFO - Started process (PID=1567) to work on /home/airflow/.local/lib/python3.7/site-packages/airflow/example_dags/example_local_kubernetes_executor.py
[2023-09-14T16:51:56.014+0000] {processor.py:799} INFO - Processing file /home/airflow/.local/lib/python3.7/site-packages/airflow/example_dags/example_local_kubernetes_executor.py for tasks to queue
[2023-09-14T16:51:56.017+0000] {logging_mixin.py:149} INFO - [2023-09-14T16:51:56.017+0000] {dagbag.py:541} INFO - Filling up the DagBag from /home/airflow/.local/lib/python3.7/site-packages/airflow/example_dags/example_local_kubernetes_executor.py
[2023-09-14T16:51:57.093+0000] {processor.py:809} INFO - DAG(s) dict_keys(['example_local_kubernetes_executor']) retrieved from /home/airflow/.local/lib/python3.7/site-packages/airflow/example_dags/example_local_kubernetes_executor.py
[2023-09-14T16:51:57.190+0000] {logging_mixin.py:149} INFO - [2023-09-14T16:51:57.189+0000] {dag.py:2726} INFO - Sync 1 DAGs
[2023-09-14T16:51:57.299+0000] {logging_mixin.py:149} INFO - [2023-09-14T16:51:57.298+0000] {dag.py:3490} INFO - Setting next_dagrun for example_local_kubernetes_executor to None, run_after=None
[2023-09-14T16:51:57.377+0000] {processor.py:178} INFO - Processing /home/airflow/.local/lib/python3.7/site-packages/airflow/example_dags/example_local_kubernetes_executor.py took 1.382 seconds
[2023-09-14T16:52:27.581+0000] {processor.py:156} INFO - Started process (PID=1620) to work on /home/airflow/.local/lib/python3.7/site-packages/airflow/example_dags/example_local_kubernetes_executor.py
[2023-09-14T16:52:27.596+0000] {processor.py:799} INFO - Processing file /home/airflow/.local/lib/python3.7/site-packages/airflow/example_dags/example_local_kubernetes_executor.py for tasks to queue
[2023-09-14T16:52:27.604+0000] {logging_mixin.py:149} INFO - [2023-09-14T16:52:27.603+0000] {dagbag.py:541} INFO - Filling up the DagBag from /home/airflow/.local/lib/python3.7/site-packages/airflow/example_dags/example_local_kubernetes_executor.py
[2023-09-14T16:52:28.404+0000] {processor.py:809} INFO - DAG(s) dict_keys(['example_local_kubernetes_executor']) retrieved from /home/airflow/.local/lib/python3.7/site-packages/airflow/example_dags/example_local_kubernetes_executor.py
[2023-09-14T16:52:28.496+0000] {logging_mixin.py:149} INFO - [2023-09-14T16:52:28.496+0000] {dag.py:2726} INFO - Sync 1 DAGs
[2023-09-14T16:52:28.619+0000] {logging_mixin.py:149} INFO - [2023-09-14T16:52:28.618+0000] {dag.py:3490} INFO - Setting next_dagrun for example_local_kubernetes_executor to None, run_after=None
[2023-09-14T16:52:28.683+0000] {processor.py:178} INFO - Processing /home/airflow/.local/lib/python3.7/site-packages/airflow/example_dags/example_local_kubernetes_executor.py took 1.128 seconds
[2023-09-14T16:52:59.039+0000] {processor.py:156} INFO - Started process (PID=1680) to work on /home/airflow/.local/lib/python3.7/site-packages/airflow/example_dags/example_local_kubernetes_executor.py
[2023-09-14T16:52:59.050+0000] {processor.py:799} INFO - Processing file /home/airflow/.local/lib/python3.7/site-packages/airflow/example_dags/example_local_kubernetes_executor.py for tasks to queue
[2023-09-14T16:52:59.056+0000] {logging_mixin.py:149} INFO - [2023-09-14T16:52:59.054+0000] {dagbag.py:541} INFO - Filling up the DagBag from /home/airflow/.local/lib/python3.7/site-packages/airflow/example_dags/example_local_kubernetes_executor.py
[2023-09-14T16:53:01.356+0000] {processor.py:809} INFO - DAG(s) dict_keys(['example_local_kubernetes_executor']) retrieved from /home/airflow/.local/lib/python3.7/site-packages/airflow/example_dags/example_local_kubernetes_executor.py
[2023-09-14T16:53:01.662+0000] {logging_mixin.py:149} INFO - [2023-09-14T16:53:01.662+0000] {dag.py:2726} INFO - Sync 1 DAGs
[2023-09-14T16:53:01.835+0000] {logging_mixin.py:149} INFO - [2023-09-14T16:53:01.835+0000] {dag.py:3490} INFO - Setting next_dagrun for example_local_kubernetes_executor to None, run_after=None
[2023-09-14T16:53:01.936+0000] {processor.py:178} INFO - Processing /home/airflow/.local/lib/python3.7/site-packages/airflow/example_dags/example_local_kubernetes_executor.py took 2.933 seconds
[2023-09-14T16:53:38.283+0000] {processor.py:156} INFO - Started process (PID=1753) to work on /home/airflow/.local/lib/python3.7/site-packages/airflow/example_dags/example_local_kubernetes_executor.py
[2023-09-14T16:53:38.293+0000] {processor.py:799} INFO - Processing file /home/airflow/.local/lib/python3.7/site-packages/airflow/example_dags/example_local_kubernetes_executor.py for tasks to queue
[2023-09-14T16:53:38.297+0000] {logging_mixin.py:149} INFO - [2023-09-14T16:53:38.297+0000] {dagbag.py:541} INFO - Filling up the DagBag from /home/airflow/.local/lib/python3.7/site-packages/airflow/example_dags/example_local_kubernetes_executor.py
[2023-09-14T16:53:41.416+0000] {processor.py:809} INFO - DAG(s) dict_keys(['example_local_kubernetes_executor']) retrieved from /home/airflow/.local/lib/python3.7/site-packages/airflow/example_dags/example_local_kubernetes_executor.py
[2023-09-14T16:53:41.654+0000] {logging_mixin.py:149} INFO - [2023-09-14T16:53:41.653+0000] {dag.py:2726} INFO - Sync 1 DAGs
[2023-09-14T16:53:41.810+0000] {logging_mixin.py:149} INFO - [2023-09-14T16:53:41.810+0000] {dag.py:3490} INFO - Setting next_dagrun for example_local_kubernetes_executor to None, run_after=None
[2023-09-14T16:53:41.889+0000] {processor.py:178} INFO - Processing /home/airflow/.local/lib/python3.7/site-packages/airflow/example_dags/example_local_kubernetes_executor.py took 3.627 seconds
[2023-09-14T16:54:12.465+0000] {processor.py:156} INFO - Started process (PID=1818) to work on /home/airflow/.local/lib/python3.7/site-packages/airflow/example_dags/example_local_kubernetes_executor.py
[2023-09-14T16:54:12.479+0000] {processor.py:799} INFO - Processing file /home/airflow/.local/lib/python3.7/site-packages/airflow/example_dags/example_local_kubernetes_executor.py for tasks to queue
[2023-09-14T16:54:12.484+0000] {logging_mixin.py:149} INFO - [2023-09-14T16:54:12.483+0000] {dagbag.py:541} INFO - Filling up the DagBag from /home/airflow/.local/lib/python3.7/site-packages/airflow/example_dags/example_local_kubernetes_executor.py
[2023-09-14T16:54:15.939+0000] {processor.py:809} INFO - DAG(s) dict_keys(['example_local_kubernetes_executor']) retrieved from /home/airflow/.local/lib/python3.7/site-packages/airflow/example_dags/example_local_kubernetes_executor.py
[2023-09-14T16:54:16.363+0000] {logging_mixin.py:149} INFO - [2023-09-14T16:54:16.363+0000] {dag.py:2726} INFO - Sync 1 DAGs
[2023-09-14T16:54:16.652+0000] {logging_mixin.py:149} INFO - [2023-09-14T16:54:16.652+0000] {dag.py:3490} INFO - Setting next_dagrun for example_local_kubernetes_executor to None, run_after=None
[2023-09-14T16:54:16.948+0000] {processor.py:178} INFO - Processing /home/airflow/.local/lib/python3.7/site-packages/airflow/example_dags/example_local_kubernetes_executor.py took 4.499 seconds
[2023-09-14T16:54:56.420+0000] {processor.py:156} INFO - Started process (PID=1888) to work on /home/airflow/.local/lib/python3.7/site-packages/airflow/example_dags/example_local_kubernetes_executor.py
[2023-09-14T16:54:56.436+0000] {processor.py:799} INFO - Processing file /home/airflow/.local/lib/python3.7/site-packages/airflow/example_dags/example_local_kubernetes_executor.py for tasks to queue
[2023-09-14T16:54:56.454+0000] {logging_mixin.py:149} INFO - [2023-09-14T16:54:56.454+0000] {dagbag.py:541} INFO - Filling up the DagBag from /home/airflow/.local/lib/python3.7/site-packages/airflow/example_dags/example_local_kubernetes_executor.py
[2023-09-14T16:54:59.570+0000] {processor.py:809} INFO - DAG(s) dict_keys(['example_local_kubernetes_executor']) retrieved from /home/airflow/.local/lib/python3.7/site-packages/airflow/example_dags/example_local_kubernetes_executor.py
[2023-09-14T16:54:59.749+0000] {logging_mixin.py:149} INFO - [2023-09-14T16:54:59.748+0000] {dag.py:2726} INFO - Sync 1 DAGs
[2023-09-14T16:54:59.935+0000] {logging_mixin.py:149} INFO - [2023-09-14T16:54:59.934+0000] {dag.py:3490} INFO - Setting next_dagrun for example_local_kubernetes_executor to None, run_after=None
[2023-09-14T16:55:00.052+0000] {processor.py:178} INFO - Processing /home/airflow/.local/lib/python3.7/site-packages/airflow/example_dags/example_local_kubernetes_executor.py took 3.656 seconds
[2023-09-14T16:55:30.930+0000] {processor.py:156} INFO - Started process (PID=1956) to work on /home/airflow/.local/lib/python3.7/site-packages/airflow/example_dags/example_local_kubernetes_executor.py
[2023-09-14T16:55:30.935+0000] {processor.py:799} INFO - Processing file /home/airflow/.local/lib/python3.7/site-packages/airflow/example_dags/example_local_kubernetes_executor.py for tasks to queue
[2023-09-14T16:55:30.939+0000] {logging_mixin.py:149} INFO - [2023-09-14T16:55:30.938+0000] {dagbag.py:541} INFO - Filling up the DagBag from /home/airflow/.local/lib/python3.7/site-packages/airflow/example_dags/example_local_kubernetes_executor.py
[2023-09-14T16:55:31.661+0000] {processor.py:809} INFO - DAG(s) dict_keys(['example_local_kubernetes_executor']) retrieved from /home/airflow/.local/lib/python3.7/site-packages/airflow/example_dags/example_local_kubernetes_executor.py
[2023-09-14T16:55:31.764+0000] {logging_mixin.py:149} INFO - [2023-09-14T16:55:31.764+0000] {dag.py:2726} INFO - Sync 1 DAGs
[2023-09-14T16:55:31.857+0000] {logging_mixin.py:149} INFO - [2023-09-14T16:55:31.857+0000] {dag.py:3490} INFO - Setting next_dagrun for example_local_kubernetes_executor to None, run_after=None
[2023-09-14T16:55:31.919+0000] {processor.py:178} INFO - Processing /home/airflow/.local/lib/python3.7/site-packages/airflow/example_dags/example_local_kubernetes_executor.py took 1.002 seconds
[2023-09-14T16:56:02.376+0000] {processor.py:156} INFO - Started process (PID=2024) to work on /home/airflow/.local/lib/python3.7/site-packages/airflow/example_dags/example_local_kubernetes_executor.py
[2023-09-14T16:56:02.380+0000] {processor.py:799} INFO - Processing file /home/airflow/.local/lib/python3.7/site-packages/airflow/example_dags/example_local_kubernetes_executor.py for tasks to queue
[2023-09-14T16:56:02.384+0000] {logging_mixin.py:149} INFO - [2023-09-14T16:56:02.383+0000] {dagbag.py:541} INFO - Filling up the DagBag from /home/airflow/.local/lib/python3.7/site-packages/airflow/example_dags/example_local_kubernetes_executor.py
[2023-09-14T16:56:03.156+0000] {processor.py:809} INFO - DAG(s) dict_keys(['example_local_kubernetes_executor']) retrieved from /home/airflow/.local/lib/python3.7/site-packages/airflow/example_dags/example_local_kubernetes_executor.py
[2023-09-14T16:56:03.314+0000] {logging_mixin.py:149} INFO - [2023-09-14T16:56:03.313+0000] {dag.py:2726} INFO - Sync 1 DAGs
[2023-09-14T16:56:03.402+0000] {logging_mixin.py:149} INFO - [2023-09-14T16:56:03.401+0000] {dag.py:3490} INFO - Setting next_dagrun for example_local_kubernetes_executor to None, run_after=None
[2023-09-14T16:56:03.488+0000] {processor.py:178} INFO - Processing /home/airflow/.local/lib/python3.7/site-packages/airflow/example_dags/example_local_kubernetes_executor.py took 1.119 seconds
[2023-09-14T16:56:35.199+0000] {processor.py:156} INFO - Started process (PID=2092) to work on /home/airflow/.local/lib/python3.7/site-packages/airflow/example_dags/example_local_kubernetes_executor.py
[2023-09-14T16:56:35.203+0000] {processor.py:799} INFO - Processing file /home/airflow/.local/lib/python3.7/site-packages/airflow/example_dags/example_local_kubernetes_executor.py for tasks to queue
[2023-09-14T16:56:35.207+0000] {logging_mixin.py:149} INFO - [2023-09-14T16:56:35.206+0000] {dagbag.py:541} INFO - Filling up the DagBag from /home/airflow/.local/lib/python3.7/site-packages/airflow/example_dags/example_local_kubernetes_executor.py
[2023-09-14T16:56:36.422+0000] {processor.py:809} INFO - DAG(s) dict_keys(['example_local_kubernetes_executor']) retrieved from /home/airflow/.local/lib/python3.7/site-packages/airflow/example_dags/example_local_kubernetes_executor.py
[2023-09-14T16:56:36.535+0000] {logging_mixin.py:149} INFO - [2023-09-14T16:56:36.535+0000] {dag.py:2726} INFO - Sync 1 DAGs
[2023-09-14T16:56:36.624+0000] {logging_mixin.py:149} INFO - [2023-09-14T16:56:36.624+0000] {dag.py:3490} INFO - Setting next_dagrun for example_local_kubernetes_executor to None, run_after=None
[2023-09-14T16:56:36.753+0000] {processor.py:178} INFO - Processing /home/airflow/.local/lib/python3.7/site-packages/airflow/example_dags/example_local_kubernetes_executor.py took 1.567 seconds
[2023-09-14T16:57:07.138+0000] {processor.py:156} INFO - Started process (PID=2159) to work on /home/airflow/.local/lib/python3.7/site-packages/airflow/example_dags/example_local_kubernetes_executor.py
[2023-09-14T16:57:07.150+0000] {processor.py:799} INFO - Processing file /home/airflow/.local/lib/python3.7/site-packages/airflow/example_dags/example_local_kubernetes_executor.py for tasks to queue
[2023-09-14T16:57:07.155+0000] {logging_mixin.py:149} INFO - [2023-09-14T16:57:07.155+0000] {dagbag.py:541} INFO - Filling up the DagBag from /home/airflow/.local/lib/python3.7/site-packages/airflow/example_dags/example_local_kubernetes_executor.py
[2023-09-14T16:57:07.917+0000] {processor.py:809} INFO - DAG(s) dict_keys(['example_local_kubernetes_executor']) retrieved from /home/airflow/.local/lib/python3.7/site-packages/airflow/example_dags/example_local_kubernetes_executor.py
[2023-09-14T16:57:08.033+0000] {logging_mixin.py:149} INFO - [2023-09-14T16:57:08.033+0000] {dag.py:2726} INFO - Sync 1 DAGs
[2023-09-14T16:57:08.122+0000] {logging_mixin.py:149} INFO - [2023-09-14T16:57:08.121+0000] {dag.py:3490} INFO - Setting next_dagrun for example_local_kubernetes_executor to None, run_after=None
[2023-09-14T16:57:08.181+0000] {processor.py:178} INFO - Processing /home/airflow/.local/lib/python3.7/site-packages/airflow/example_dags/example_local_kubernetes_executor.py took 1.060 seconds
[2023-09-14T16:57:38.481+0000] {processor.py:156} INFO - Started process (PID=2227) to work on /home/airflow/.local/lib/python3.7/site-packages/airflow/example_dags/example_local_kubernetes_executor.py
[2023-09-14T16:57:38.485+0000] {processor.py:799} INFO - Processing file /home/airflow/.local/lib/python3.7/site-packages/airflow/example_dags/example_local_kubernetes_executor.py for tasks to queue
[2023-09-14T16:57:38.489+0000] {logging_mixin.py:149} INFO - [2023-09-14T16:57:38.489+0000] {dagbag.py:541} INFO - Filling up the DagBag from /home/airflow/.local/lib/python3.7/site-packages/airflow/example_dags/example_local_kubernetes_executor.py
[2023-09-14T16:57:39.770+0000] {processor.py:809} INFO - DAG(s) dict_keys(['example_local_kubernetes_executor']) retrieved from /home/airflow/.local/lib/python3.7/site-packages/airflow/example_dags/example_local_kubernetes_executor.py
[2023-09-14T16:57:39.928+0000] {logging_mixin.py:149} INFO - [2023-09-14T16:57:39.927+0000] {dag.py:2726} INFO - Sync 1 DAGs
[2023-09-14T16:57:40.022+0000] {logging_mixin.py:149} INFO - [2023-09-14T16:57:40.021+0000] {dag.py:3490} INFO - Setting next_dagrun for example_local_kubernetes_executor to None, run_after=None
[2023-09-14T16:57:40.095+0000] {processor.py:178} INFO - Processing /home/airflow/.local/lib/python3.7/site-packages/airflow/example_dags/example_local_kubernetes_executor.py took 1.624 seconds
[2023-09-14T16:58:10.766+0000] {processor.py:156} INFO - Started process (PID=2293) to work on /home/airflow/.local/lib/python3.7/site-packages/airflow/example_dags/example_local_kubernetes_executor.py
[2023-09-14T16:58:10.779+0000] {processor.py:799} INFO - Processing file /home/airflow/.local/lib/python3.7/site-packages/airflow/example_dags/example_local_kubernetes_executor.py for tasks to queue
[2023-09-14T16:58:10.784+0000] {logging_mixin.py:149} INFO - [2023-09-14T16:58:10.783+0000] {dagbag.py:541} INFO - Filling up the DagBag from /home/airflow/.local/lib/python3.7/site-packages/airflow/example_dags/example_local_kubernetes_executor.py
[2023-09-14T16:58:11.879+0000] {processor.py:809} INFO - DAG(s) dict_keys(['example_local_kubernetes_executor']) retrieved from /home/airflow/.local/lib/python3.7/site-packages/airflow/example_dags/example_local_kubernetes_executor.py
[2023-09-14T16:58:12.030+0000] {logging_mixin.py:149} INFO - [2023-09-14T16:58:12.030+0000] {dag.py:2726} INFO - Sync 1 DAGs
[2023-09-14T16:58:12.186+0000] {logging_mixin.py:149} INFO - [2023-09-14T16:58:12.186+0000] {dag.py:3490} INFO - Setting next_dagrun for example_local_kubernetes_executor to None, run_after=None
[2023-09-14T16:58:12.280+0000] {processor.py:178} INFO - Processing /home/airflow/.local/lib/python3.7/site-packages/airflow/example_dags/example_local_kubernetes_executor.py took 1.537 seconds
[2023-09-14T16:58:55.118+0000] {processor.py:156} INFO - Started process (PID=2374) to work on /home/airflow/.local/lib/python3.7/site-packages/airflow/example_dags/example_local_kubernetes_executor.py
[2023-09-14T16:58:55.122+0000] {processor.py:799} INFO - Processing file /home/airflow/.local/lib/python3.7/site-packages/airflow/example_dags/example_local_kubernetes_executor.py for tasks to queue
[2023-09-14T16:58:55.126+0000] {logging_mixin.py:149} INFO - [2023-09-14T16:58:55.126+0000] {dagbag.py:541} INFO - Filling up the DagBag from /home/airflow/.local/lib/python3.7/site-packages/airflow/example_dags/example_local_kubernetes_executor.py
[2023-09-14T16:58:56.910+0000] {processor.py:809} INFO - DAG(s) dict_keys(['example_local_kubernetes_executor']) retrieved from /home/airflow/.local/lib/python3.7/site-packages/airflow/example_dags/example_local_kubernetes_executor.py
[2023-09-14T16:58:57.042+0000] {logging_mixin.py:149} INFO - [2023-09-14T16:58:57.042+0000] {dag.py:2726} INFO - Sync 1 DAGs
[2023-09-14T16:58:57.138+0000] {logging_mixin.py:149} INFO - [2023-09-14T16:58:57.137+0000] {dag.py:3490} INFO - Setting next_dagrun for example_local_kubernetes_executor to None, run_after=None
[2023-09-14T16:58:57.193+0000] {processor.py:178} INFO - Processing /home/airflow/.local/lib/python3.7/site-packages/airflow/example_dags/example_local_kubernetes_executor.py took 2.090 seconds
[2023-09-14T16:59:27.971+0000] {processor.py:156} INFO - Started process (PID=2440) to work on /home/airflow/.local/lib/python3.7/site-packages/airflow/example_dags/example_local_kubernetes_executor.py
[2023-09-14T16:59:27.980+0000] {processor.py:799} INFO - Processing file /home/airflow/.local/lib/python3.7/site-packages/airflow/example_dags/example_local_kubernetes_executor.py for tasks to queue
[2023-09-14T16:59:27.983+0000] {logging_mixin.py:149} INFO - [2023-09-14T16:59:27.983+0000] {dagbag.py:541} INFO - Filling up the DagBag from /home/airflow/.local/lib/python3.7/site-packages/airflow/example_dags/example_local_kubernetes_executor.py
[2023-09-14T16:59:29.689+0000] {processor.py:809} INFO - DAG(s) dict_keys(['example_local_kubernetes_executor']) retrieved from /home/airflow/.local/lib/python3.7/site-packages/airflow/example_dags/example_local_kubernetes_executor.py
[2023-09-14T16:59:29.905+0000] {logging_mixin.py:149} INFO - [2023-09-14T16:59:29.904+0000] {dag.py:2726} INFO - Sync 1 DAGs
[2023-09-14T16:59:30.103+0000] {logging_mixin.py:149} INFO - [2023-09-14T16:59:30.103+0000] {dag.py:3490} INFO - Setting next_dagrun for example_local_kubernetes_executor to None, run_after=None
[2023-09-14T16:59:30.238+0000] {processor.py:178} INFO - Processing /home/airflow/.local/lib/python3.7/site-packages/airflow/example_dags/example_local_kubernetes_executor.py took 2.278 seconds
[2023-09-14T17:00:01.406+0000] {processor.py:156} INFO - Started process (PID=2506) to work on /home/airflow/.local/lib/python3.7/site-packages/airflow/example_dags/example_local_kubernetes_executor.py
[2023-09-14T17:00:01.418+0000] {processor.py:799} INFO - Processing file /home/airflow/.local/lib/python3.7/site-packages/airflow/example_dags/example_local_kubernetes_executor.py for tasks to queue
[2023-09-14T17:00:01.425+0000] {logging_mixin.py:149} INFO - [2023-09-14T17:00:01.424+0000] {dagbag.py:541} INFO - Filling up the DagBag from /home/airflow/.local/lib/python3.7/site-packages/airflow/example_dags/example_local_kubernetes_executor.py
[2023-09-14T17:00:04.679+0000] {processor.py:809} INFO - DAG(s) dict_keys(['example_local_kubernetes_executor']) retrieved from /home/airflow/.local/lib/python3.7/site-packages/airflow/example_dags/example_local_kubernetes_executor.py
[2023-09-14T17:00:04.956+0000] {logging_mixin.py:149} INFO - [2023-09-14T17:00:04.955+0000] {dag.py:2726} INFO - Sync 1 DAGs
[2023-09-14T17:00:05.210+0000] {logging_mixin.py:149} INFO - [2023-09-14T17:00:05.209+0000] {dag.py:3490} INFO - Setting next_dagrun for example_local_kubernetes_executor to None, run_after=None
[2023-09-14T17:00:05.333+0000] {processor.py:178} INFO - Processing /home/airflow/.local/lib/python3.7/site-packages/airflow/example_dags/example_local_kubernetes_executor.py took 3.946 seconds
[2023-09-14T17:00:35.815+0000] {processor.py:156} INFO - Started process (PID=2572) to work on /home/airflow/.local/lib/python3.7/site-packages/airflow/example_dags/example_local_kubernetes_executor.py
[2023-09-14T17:00:35.821+0000] {processor.py:799} INFO - Processing file /home/airflow/.local/lib/python3.7/site-packages/airflow/example_dags/example_local_kubernetes_executor.py for tasks to queue
[2023-09-14T17:00:35.824+0000] {logging_mixin.py:149} INFO - [2023-09-14T17:00:35.824+0000] {dagbag.py:541} INFO - Filling up the DagBag from /home/airflow/.local/lib/python3.7/site-packages/airflow/example_dags/example_local_kubernetes_executor.py
[2023-09-14T17:00:37.125+0000] {processor.py:809} INFO - DAG(s) dict_keys(['example_local_kubernetes_executor']) retrieved from /home/airflow/.local/lib/python3.7/site-packages/airflow/example_dags/example_local_kubernetes_executor.py
[2023-09-14T17:00:37.227+0000] {logging_mixin.py:149} INFO - [2023-09-14T17:00:37.227+0000] {dag.py:2726} INFO - Sync 1 DAGs
[2023-09-14T17:00:37.290+0000] {logging_mixin.py:149} INFO - [2023-09-14T17:00:37.290+0000] {dag.py:3490} INFO - Setting next_dagrun for example_local_kubernetes_executor to None, run_after=None
[2023-09-14T17:00:37.374+0000] {processor.py:178} INFO - Processing /home/airflow/.local/lib/python3.7/site-packages/airflow/example_dags/example_local_kubernetes_executor.py took 1.569 seconds
[2023-09-14T17:01:07.648+0000] {processor.py:156} INFO - Started process (PID=2639) to work on /home/airflow/.local/lib/python3.7/site-packages/airflow/example_dags/example_local_kubernetes_executor.py
[2023-09-14T17:01:07.650+0000] {processor.py:799} INFO - Processing file /home/airflow/.local/lib/python3.7/site-packages/airflow/example_dags/example_local_kubernetes_executor.py for tasks to queue
[2023-09-14T17:01:07.651+0000] {logging_mixin.py:149} INFO - [2023-09-14T17:01:07.651+0000] {dagbag.py:541} INFO - Filling up the DagBag from /home/airflow/.local/lib/python3.7/site-packages/airflow/example_dags/example_local_kubernetes_executor.py
[2023-09-14T17:01:09.065+0000] {processor.py:809} INFO - DAG(s) dict_keys(['example_local_kubernetes_executor']) retrieved from /home/airflow/.local/lib/python3.7/site-packages/airflow/example_dags/example_local_kubernetes_executor.py
[2023-09-14T17:01:09.249+0000] {logging_mixin.py:149} INFO - [2023-09-14T17:01:09.248+0000] {dag.py:2726} INFO - Sync 1 DAGs
[2023-09-14T17:01:09.369+0000] {logging_mixin.py:149} INFO - [2023-09-14T17:01:09.367+0000] {dag.py:3490} INFO - Setting next_dagrun for example_local_kubernetes_executor to None, run_after=None
[2023-09-14T17:01:09.446+0000] {processor.py:178} INFO - Processing /home/airflow/.local/lib/python3.7/site-packages/airflow/example_dags/example_local_kubernetes_executor.py took 1.804 seconds
[2023-09-14T17:01:39.785+0000] {processor.py:156} INFO - Started process (PID=2704) to work on /home/airflow/.local/lib/python3.7/site-packages/airflow/example_dags/example_local_kubernetes_executor.py
[2023-09-14T17:01:39.789+0000] {processor.py:799} INFO - Processing file /home/airflow/.local/lib/python3.7/site-packages/airflow/example_dags/example_local_kubernetes_executor.py for tasks to queue
[2023-09-14T17:01:39.796+0000] {logging_mixin.py:149} INFO - [2023-09-14T17:01:39.795+0000] {dagbag.py:541} INFO - Filling up the DagBag from /home/airflow/.local/lib/python3.7/site-packages/airflow/example_dags/example_local_kubernetes_executor.py
[2023-09-14T17:01:40.953+0000] {processor.py:809} INFO - DAG(s) dict_keys(['example_local_kubernetes_executor']) retrieved from /home/airflow/.local/lib/python3.7/site-packages/airflow/example_dags/example_local_kubernetes_executor.py
[2023-09-14T17:01:41.056+0000] {logging_mixin.py:149} INFO - [2023-09-14T17:01:41.056+0000] {dag.py:2726} INFO - Sync 1 DAGs
[2023-09-14T17:01:41.106+0000] {logging_mixin.py:149} INFO - [2023-09-14T17:01:41.106+0000] {dag.py:3490} INFO - Setting next_dagrun for example_local_kubernetes_executor to None, run_after=None
[2023-09-14T17:01:41.167+0000] {processor.py:178} INFO - Processing /home/airflow/.local/lib/python3.7/site-packages/airflow/example_dags/example_local_kubernetes_executor.py took 1.389 seconds
[2023-09-14T17:02:12.061+0000] {processor.py:156} INFO - Started process (PID=2772) to work on /home/airflow/.local/lib/python3.7/site-packages/airflow/example_dags/example_local_kubernetes_executor.py
[2023-09-14T17:02:12.063+0000] {processor.py:799} INFO - Processing file /home/airflow/.local/lib/python3.7/site-packages/airflow/example_dags/example_local_kubernetes_executor.py for tasks to queue
[2023-09-14T17:02:12.064+0000] {logging_mixin.py:149} INFO - [2023-09-14T17:02:12.064+0000] {dagbag.py:541} INFO - Filling up the DagBag from /home/airflow/.local/lib/python3.7/site-packages/airflow/example_dags/example_local_kubernetes_executor.py
[2023-09-14T17:02:13.296+0000] {processor.py:809} INFO - DAG(s) dict_keys(['example_local_kubernetes_executor']) retrieved from /home/airflow/.local/lib/python3.7/site-packages/airflow/example_dags/example_local_kubernetes_executor.py
[2023-09-14T17:02:13.408+0000] {logging_mixin.py:149} INFO - [2023-09-14T17:02:13.407+0000] {dag.py:2726} INFO - Sync 1 DAGs
[2023-09-14T17:02:13.545+0000] {logging_mixin.py:149} INFO - [2023-09-14T17:02:13.544+0000] {dag.py:3490} INFO - Setting next_dagrun for example_local_kubernetes_executor to None, run_after=None
[2023-09-14T17:02:13.599+0000] {processor.py:178} INFO - Processing /home/airflow/.local/lib/python3.7/site-packages/airflow/example_dags/example_local_kubernetes_executor.py took 1.551 seconds
