[2023-09-14T16:11:27.444+0000] {processor.py:156} INFO - Started process (PID=99) to work on /home/airflow/.local/lib/python3.7/site-packages/airflow/example_dags/example_skip_dag.py
[2023-09-14T16:11:27.449+0000] {processor.py:799} INFO - Processing file /home/airflow/.local/lib/python3.7/site-packages/airflow/example_dags/example_skip_dag.py for tasks to queue
[2023-09-14T16:11:27.470+0000] {logging_mixin.py:149} INFO - [2023-09-14T16:11:27.469+0000] {dagbag.py:541} INFO - Filling up the DagBag from /home/airflow/.local/lib/python3.7/site-packages/airflow/example_dags/example_skip_dag.py
[2023-09-14T16:11:27.545+0000] {processor.py:809} INFO - DAG(s) dict_keys(['example_skip_dag']) retrieved from /home/airflow/.local/lib/python3.7/site-packages/airflow/example_dags/example_skip_dag.py
[2023-09-14T16:11:27.819+0000] {logging_mixin.py:149} INFO - [2023-09-14T16:11:27.819+0000] {dag.py:2726} INFO - Sync 1 DAGs
[2023-09-14T16:11:28.128+0000] {logging_mixin.py:149} INFO - [2023-09-14T16:11:28.128+0000] {dag.py:3490} INFO - Setting next_dagrun for example_skip_dag to 2023-09-13T16:11:28.127682+00:00, run_after=2023-09-14T16:11:28.127682+00:00
[2023-09-14T16:11:28.291+0000] {processor.py:178} INFO - Processing /home/airflow/.local/lib/python3.7/site-packages/airflow/example_dags/example_skip_dag.py took 0.866 seconds
[2023-09-14T16:12:02.353+0000] {processor.py:156} INFO - Started process (PID=160) to work on /home/airflow/.local/lib/python3.7/site-packages/airflow/example_dags/example_skip_dag.py
[2023-09-14T16:12:02.359+0000] {processor.py:799} INFO - Processing file /home/airflow/.local/lib/python3.7/site-packages/airflow/example_dags/example_skip_dag.py for tasks to queue
[2023-09-14T16:12:02.362+0000] {logging_mixin.py:149} INFO - [2023-09-14T16:12:02.361+0000] {dagbag.py:541} INFO - Filling up the DagBag from /home/airflow/.local/lib/python3.7/site-packages/airflow/example_dags/example_skip_dag.py
[2023-09-14T16:12:02.383+0000] {processor.py:809} INFO - DAG(s) dict_keys(['example_skip_dag']) retrieved from /home/airflow/.local/lib/python3.7/site-packages/airflow/example_dags/example_skip_dag.py
[2023-09-14T16:12:03.369+0000] {logging_mixin.py:149} INFO - [2023-09-14T16:12:03.368+0000] {dag.py:2726} INFO - Sync 1 DAGs
[2023-09-14T16:12:03.768+0000] {logging_mixin.py:149} INFO - [2023-09-14T16:12:03.768+0000] {dag.py:3490} INFO - Setting next_dagrun for example_skip_dag to 2023-09-13T16:12:03.744101+00:00, run_after=2023-09-14T16:12:03.744101+00:00
[2023-09-14T16:12:04.051+0000] {processor.py:178} INFO - Processing /home/airflow/.local/lib/python3.7/site-packages/airflow/example_dags/example_skip_dag.py took 1.715 seconds
[2023-09-14T16:12:38.210+0000] {processor.py:156} INFO - Started process (PID=221) to work on /home/airflow/.local/lib/python3.7/site-packages/airflow/example_dags/example_skip_dag.py
[2023-09-14T16:12:38.230+0000] {processor.py:799} INFO - Processing file /home/airflow/.local/lib/python3.7/site-packages/airflow/example_dags/example_skip_dag.py for tasks to queue
[2023-09-14T16:12:38.234+0000] {logging_mixin.py:149} INFO - [2023-09-14T16:12:38.233+0000] {dagbag.py:541} INFO - Filling up the DagBag from /home/airflow/.local/lib/python3.7/site-packages/airflow/example_dags/example_skip_dag.py
[2023-09-14T16:12:38.296+0000] {processor.py:809} INFO - DAG(s) dict_keys(['example_skip_dag']) retrieved from /home/airflow/.local/lib/python3.7/site-packages/airflow/example_dags/example_skip_dag.py
[2023-09-14T16:12:38.515+0000] {logging_mixin.py:149} INFO - [2023-09-14T16:12:38.514+0000] {dag.py:2726} INFO - Sync 1 DAGs
[2023-09-14T16:12:38.749+0000] {logging_mixin.py:149} INFO - [2023-09-14T16:12:38.748+0000] {dag.py:3490} INFO - Setting next_dagrun for example_skip_dag to 2023-09-13T16:12:38.748063+00:00, run_after=2023-09-14T16:12:38.748063+00:00
[2023-09-14T16:12:38.890+0000] {processor.py:178} INFO - Processing /home/airflow/.local/lib/python3.7/site-packages/airflow/example_dags/example_skip_dag.py took 0.699 seconds
[2023-09-14T16:13:16.005+0000] {processor.py:156} INFO - Started process (PID=282) to work on /home/airflow/.local/lib/python3.7/site-packages/airflow/example_dags/example_skip_dag.py
[2023-09-14T16:13:16.016+0000] {processor.py:799} INFO - Processing file /home/airflow/.local/lib/python3.7/site-packages/airflow/example_dags/example_skip_dag.py for tasks to queue
[2023-09-14T16:13:16.019+0000] {logging_mixin.py:149} INFO - [2023-09-14T16:13:16.019+0000] {dagbag.py:541} INFO - Filling up the DagBag from /home/airflow/.local/lib/python3.7/site-packages/airflow/example_dags/example_skip_dag.py
[2023-09-14T16:13:16.058+0000] {processor.py:809} INFO - DAG(s) dict_keys(['example_skip_dag']) retrieved from /home/airflow/.local/lib/python3.7/site-packages/airflow/example_dags/example_skip_dag.py
[2023-09-14T16:13:16.212+0000] {logging_mixin.py:149} INFO - [2023-09-14T16:13:16.211+0000] {dag.py:2726} INFO - Sync 1 DAGs
[2023-09-14T16:13:16.381+0000] {logging_mixin.py:149} INFO - [2023-09-14T16:13:16.371+0000] {dag.py:3490} INFO - Setting next_dagrun for example_skip_dag to 2023-09-13T16:13:16.370972+00:00, run_after=2023-09-14T16:13:16.370972+00:00
[2023-09-14T16:13:16.512+0000] {processor.py:178} INFO - Processing /home/airflow/.local/lib/python3.7/site-packages/airflow/example_dags/example_skip_dag.py took 0.517 seconds
[2023-09-14T16:13:50.319+0000] {processor.py:156} INFO - Started process (PID=343) to work on /home/airflow/.local/lib/python3.7/site-packages/airflow/example_dags/example_skip_dag.py
[2023-09-14T16:13:50.325+0000] {processor.py:799} INFO - Processing file /home/airflow/.local/lib/python3.7/site-packages/airflow/example_dags/example_skip_dag.py for tasks to queue
[2023-09-14T16:13:50.330+0000] {logging_mixin.py:149} INFO - [2023-09-14T16:13:50.330+0000] {dagbag.py:541} INFO - Filling up the DagBag from /home/airflow/.local/lib/python3.7/site-packages/airflow/example_dags/example_skip_dag.py
[2023-09-14T16:13:50.360+0000] {processor.py:809} INFO - DAG(s) dict_keys(['example_skip_dag']) retrieved from /home/airflow/.local/lib/python3.7/site-packages/airflow/example_dags/example_skip_dag.py
[2023-09-14T16:13:50.475+0000] {logging_mixin.py:149} INFO - [2023-09-14T16:13:50.475+0000] {dag.py:2726} INFO - Sync 1 DAGs
[2023-09-14T16:13:50.566+0000] {logging_mixin.py:149} INFO - [2023-09-14T16:13:50.566+0000] {dag.py:3490} INFO - Setting next_dagrun for example_skip_dag to 2023-09-13T16:13:50.565320+00:00, run_after=2023-09-14T16:13:50.565320+00:00
[2023-09-14T16:13:50.634+0000] {processor.py:178} INFO - Processing /home/airflow/.local/lib/python3.7/site-packages/airflow/example_dags/example_skip_dag.py took 0.325 seconds
[2023-09-14T16:14:23.177+0000] {processor.py:156} INFO - Started process (PID=395) to work on /home/airflow/.local/lib/python3.7/site-packages/airflow/example_dags/example_skip_dag.py
[2023-09-14T16:14:23.181+0000] {processor.py:799} INFO - Processing file /home/airflow/.local/lib/python3.7/site-packages/airflow/example_dags/example_skip_dag.py for tasks to queue
[2023-09-14T16:14:23.184+0000] {logging_mixin.py:149} INFO - [2023-09-14T16:14:23.183+0000] {dagbag.py:541} INFO - Filling up the DagBag from /home/airflow/.local/lib/python3.7/site-packages/airflow/example_dags/example_skip_dag.py
[2023-09-14T16:14:23.204+0000] {processor.py:809} INFO - DAG(s) dict_keys(['example_skip_dag']) retrieved from /home/airflow/.local/lib/python3.7/site-packages/airflow/example_dags/example_skip_dag.py
[2023-09-14T16:14:23.278+0000] {logging_mixin.py:149} INFO - [2023-09-14T16:14:23.277+0000] {dag.py:2726} INFO - Sync 1 DAGs
[2023-09-14T16:14:23.379+0000] {logging_mixin.py:149} INFO - [2023-09-14T16:14:23.378+0000] {dag.py:3490} INFO - Setting next_dagrun for example_skip_dag to 2023-09-13T16:14:23.377578+00:00, run_after=2023-09-14T16:14:23.377578+00:00
[2023-09-14T16:14:23.481+0000] {processor.py:178} INFO - Processing /home/airflow/.local/lib/python3.7/site-packages/airflow/example_dags/example_skip_dag.py took 0.318 seconds
[2023-09-14T16:14:56.153+0000] {processor.py:156} INFO - Started process (PID=459) to work on /home/airflow/.local/lib/python3.7/site-packages/airflow/example_dags/example_skip_dag.py
[2023-09-14T16:14:56.156+0000] {processor.py:799} INFO - Processing file /home/airflow/.local/lib/python3.7/site-packages/airflow/example_dags/example_skip_dag.py for tasks to queue
[2023-09-14T16:14:56.159+0000] {logging_mixin.py:149} INFO - [2023-09-14T16:14:56.158+0000] {dagbag.py:541} INFO - Filling up the DagBag from /home/airflow/.local/lib/python3.7/site-packages/airflow/example_dags/example_skip_dag.py
[2023-09-14T16:14:56.180+0000] {processor.py:809} INFO - DAG(s) dict_keys(['example_skip_dag']) retrieved from /home/airflow/.local/lib/python3.7/site-packages/airflow/example_dags/example_skip_dag.py
[2023-09-14T16:14:56.265+0000] {logging_mixin.py:149} INFO - [2023-09-14T16:14:56.264+0000] {dag.py:2726} INFO - Sync 1 DAGs
[2023-09-14T16:14:56.345+0000] {logging_mixin.py:149} INFO - [2023-09-14T16:14:56.344+0000] {dag.py:3490} INFO - Setting next_dagrun for example_skip_dag to 2023-09-13T16:14:56.342485+00:00, run_after=2023-09-14T16:14:56.342485+00:00
[2023-09-14T16:14:56.418+0000] {processor.py:178} INFO - Processing /home/airflow/.local/lib/python3.7/site-packages/airflow/example_dags/example_skip_dag.py took 0.272 seconds
[2023-09-14T16:15:26.594+0000] {processor.py:156} INFO - Started process (PID=520) to work on /home/airflow/.local/lib/python3.7/site-packages/airflow/example_dags/example_skip_dag.py
[2023-09-14T16:15:26.597+0000] {processor.py:799} INFO - Processing file /home/airflow/.local/lib/python3.7/site-packages/airflow/example_dags/example_skip_dag.py for tasks to queue
[2023-09-14T16:15:26.600+0000] {logging_mixin.py:149} INFO - [2023-09-14T16:15:26.599+0000] {dagbag.py:541} INFO - Filling up the DagBag from /home/airflow/.local/lib/python3.7/site-packages/airflow/example_dags/example_skip_dag.py
[2023-09-14T16:15:26.614+0000] {processor.py:809} INFO - DAG(s) dict_keys(['example_skip_dag']) retrieved from /home/airflow/.local/lib/python3.7/site-packages/airflow/example_dags/example_skip_dag.py
[2023-09-14T16:15:26.667+0000] {logging_mixin.py:149} INFO - [2023-09-14T16:15:26.666+0000] {dag.py:2726} INFO - Sync 1 DAGs
[2023-09-14T16:15:26.725+0000] {logging_mixin.py:149} INFO - [2023-09-14T16:15:26.725+0000] {dag.py:3490} INFO - Setting next_dagrun for example_skip_dag to 2023-09-13T16:15:26.724769+00:00, run_after=2023-09-14T16:15:26.724769+00:00
[2023-09-14T16:15:26.777+0000] {processor.py:178} INFO - Processing /home/airflow/.local/lib/python3.7/site-packages/airflow/example_dags/example_skip_dag.py took 0.192 seconds
[2023-09-14T16:15:57.389+0000] {processor.py:156} INFO - Started process (PID=581) to work on /home/airflow/.local/lib/python3.7/site-packages/airflow/example_dags/example_skip_dag.py
[2023-09-14T16:15:57.391+0000] {processor.py:799} INFO - Processing file /home/airflow/.local/lib/python3.7/site-packages/airflow/example_dags/example_skip_dag.py for tasks to queue
[2023-09-14T16:15:57.393+0000] {logging_mixin.py:149} INFO - [2023-09-14T16:15:57.393+0000] {dagbag.py:541} INFO - Filling up the DagBag from /home/airflow/.local/lib/python3.7/site-packages/airflow/example_dags/example_skip_dag.py
[2023-09-14T16:15:57.408+0000] {processor.py:809} INFO - DAG(s) dict_keys(['example_skip_dag']) retrieved from /home/airflow/.local/lib/python3.7/site-packages/airflow/example_dags/example_skip_dag.py
[2023-09-14T16:15:57.453+0000] {logging_mixin.py:149} INFO - [2023-09-14T16:15:57.453+0000] {dag.py:2726} INFO - Sync 1 DAGs
[2023-09-14T16:15:57.498+0000] {logging_mixin.py:149} INFO - [2023-09-14T16:15:57.498+0000] {dag.py:3490} INFO - Setting next_dagrun for example_skip_dag to 2023-09-13T16:15:57.498458+00:00, run_after=2023-09-14T16:15:57.498458+00:00
[2023-09-14T16:15:57.566+0000] {processor.py:178} INFO - Processing /home/airflow/.local/lib/python3.7/site-packages/airflow/example_dags/example_skip_dag.py took 0.182 seconds
[2023-09-14T16:16:28.723+0000] {processor.py:156} INFO - Started process (PID=642) to work on /home/airflow/.local/lib/python3.7/site-packages/airflow/example_dags/example_skip_dag.py
[2023-09-14T16:16:28.725+0000] {processor.py:799} INFO - Processing file /home/airflow/.local/lib/python3.7/site-packages/airflow/example_dags/example_skip_dag.py for tasks to queue
[2023-09-14T16:16:28.728+0000] {logging_mixin.py:149} INFO - [2023-09-14T16:16:28.728+0000] {dagbag.py:541} INFO - Filling up the DagBag from /home/airflow/.local/lib/python3.7/site-packages/airflow/example_dags/example_skip_dag.py
[2023-09-14T16:16:28.744+0000] {processor.py:809} INFO - DAG(s) dict_keys(['example_skip_dag']) retrieved from /home/airflow/.local/lib/python3.7/site-packages/airflow/example_dags/example_skip_dag.py
[2023-09-14T16:16:28.798+0000] {logging_mixin.py:149} INFO - [2023-09-14T16:16:28.798+0000] {dag.py:2726} INFO - Sync 1 DAGs
[2023-09-14T16:16:28.862+0000] {logging_mixin.py:149} INFO - [2023-09-14T16:16:28.862+0000] {dag.py:3490} INFO - Setting next_dagrun for example_skip_dag to 2023-09-13T16:16:28.861921+00:00, run_after=2023-09-14T16:16:28.861921+00:00
[2023-09-14T16:16:28.910+0000] {processor.py:178} INFO - Processing /home/airflow/.local/lib/python3.7/site-packages/airflow/example_dags/example_skip_dag.py took 0.194 seconds
[2023-09-14T16:36:15.273+0000] {processor.py:156} INFO - Started process (PID=77) to work on /home/airflow/.local/lib/python3.7/site-packages/airflow/example_dags/example_skip_dag.py
[2023-09-14T16:36:15.298+0000] {processor.py:799} INFO - Processing file /home/airflow/.local/lib/python3.7/site-packages/airflow/example_dags/example_skip_dag.py for tasks to queue
[2023-09-14T16:36:15.306+0000] {logging_mixin.py:149} INFO - [2023-09-14T16:36:15.306+0000] {dagbag.py:541} INFO - Filling up the DagBag from /home/airflow/.local/lib/python3.7/site-packages/airflow/example_dags/example_skip_dag.py
[2023-09-14T16:36:15.429+0000] {processor.py:809} INFO - DAG(s) dict_keys(['example_skip_dag']) retrieved from /home/airflow/.local/lib/python3.7/site-packages/airflow/example_dags/example_skip_dag.py
[2023-09-14T16:36:16.094+0000] {logging_mixin.py:149} INFO - [2023-09-14T16:36:16.094+0000] {dag.py:2726} INFO - Sync 1 DAGs
[2023-09-14T16:36:16.406+0000] {logging_mixin.py:149} INFO - [2023-09-14T16:36:16.406+0000] {dag.py:3490} INFO - Setting next_dagrun for example_skip_dag to 2023-09-13T16:36:16.405367+00:00, run_after=2023-09-14T16:36:16.405367+00:00
[2023-09-14T16:36:16.495+0000] {processor.py:178} INFO - Processing /home/airflow/.local/lib/python3.7/site-packages/airflow/example_dags/example_skip_dag.py took 1.324 seconds
[2023-09-14T16:39:17.605+0000] {processor.py:156} INFO - Started process (PID=76) to work on /home/airflow/.local/lib/python3.7/site-packages/airflow/example_dags/example_skip_dag.py
[2023-09-14T16:39:17.621+0000] {processor.py:799} INFO - Processing file /home/airflow/.local/lib/python3.7/site-packages/airflow/example_dags/example_skip_dag.py for tasks to queue
[2023-09-14T16:39:17.641+0000] {logging_mixin.py:149} INFO - [2023-09-14T16:39:17.640+0000] {dagbag.py:541} INFO - Filling up the DagBag from /home/airflow/.local/lib/python3.7/site-packages/airflow/example_dags/example_skip_dag.py
[2023-09-14T16:39:17.739+0000] {processor.py:809} INFO - DAG(s) dict_keys(['example_skip_dag']) retrieved from /home/airflow/.local/lib/python3.7/site-packages/airflow/example_dags/example_skip_dag.py
[2023-09-14T16:39:18.173+0000] {logging_mixin.py:149} INFO - [2023-09-14T16:39:18.172+0000] {dag.py:2726} INFO - Sync 1 DAGs
[2023-09-14T16:39:18.359+0000] {logging_mixin.py:149} INFO - [2023-09-14T16:39:18.359+0000] {dag.py:3490} INFO - Setting next_dagrun for example_skip_dag to 2023-09-13T16:39:18.357661+00:00, run_after=2023-09-14T16:39:18.357661+00:00
[2023-09-14T16:39:18.446+0000] {processor.py:178} INFO - Processing /home/airflow/.local/lib/python3.7/site-packages/airflow/example_dags/example_skip_dag.py took 0.862 seconds
[2023-09-14T16:39:49.878+0000] {processor.py:156} INFO - Started process (PID=137) to work on /home/airflow/.local/lib/python3.7/site-packages/airflow/example_dags/example_skip_dag.py
[2023-09-14T16:39:49.903+0000] {processor.py:799} INFO - Processing file /home/airflow/.local/lib/python3.7/site-packages/airflow/example_dags/example_skip_dag.py for tasks to queue
[2023-09-14T16:39:49.910+0000] {logging_mixin.py:149} INFO - [2023-09-14T16:39:49.909+0000] {dagbag.py:541} INFO - Filling up the DagBag from /home/airflow/.local/lib/python3.7/site-packages/airflow/example_dags/example_skip_dag.py
[2023-09-14T16:39:49.957+0000] {processor.py:809} INFO - DAG(s) dict_keys(['example_skip_dag']) retrieved from /home/airflow/.local/lib/python3.7/site-packages/airflow/example_dags/example_skip_dag.py
[2023-09-14T16:39:50.031+0000] {logging_mixin.py:149} INFO - [2023-09-14T16:39:50.031+0000] {dag.py:2726} INFO - Sync 1 DAGs
[2023-09-14T16:39:50.414+0000] {logging_mixin.py:149} INFO - [2023-09-14T16:39:50.414+0000] {dag.py:3490} INFO - Setting next_dagrun for example_skip_dag to 2023-09-13T16:39:50.414227+00:00, run_after=2023-09-14T16:39:50.414227+00:00
[2023-09-14T16:39:50.463+0000] {processor.py:178} INFO - Processing /home/airflow/.local/lib/python3.7/site-packages/airflow/example_dags/example_skip_dag.py took 0.599 seconds
[2023-09-14T16:40:20.841+0000] {processor.py:156} INFO - Started process (PID=199) to work on /home/airflow/.local/lib/python3.7/site-packages/airflow/example_dags/example_skip_dag.py
[2023-09-14T16:40:20.847+0000] {processor.py:799} INFO - Processing file /home/airflow/.local/lib/python3.7/site-packages/airflow/example_dags/example_skip_dag.py for tasks to queue
[2023-09-14T16:40:20.850+0000] {logging_mixin.py:149} INFO - [2023-09-14T16:40:20.850+0000] {dagbag.py:541} INFO - Filling up the DagBag from /home/airflow/.local/lib/python3.7/site-packages/airflow/example_dags/example_skip_dag.py
[2023-09-14T16:40:20.864+0000] {processor.py:809} INFO - DAG(s) dict_keys(['example_skip_dag']) retrieved from /home/airflow/.local/lib/python3.7/site-packages/airflow/example_dags/example_skip_dag.py
[2023-09-14T16:40:20.922+0000] {logging_mixin.py:149} INFO - [2023-09-14T16:40:20.921+0000] {dag.py:2726} INFO - Sync 1 DAGs
[2023-09-14T16:40:21.001+0000] {logging_mixin.py:149} INFO - [2023-09-14T16:40:21.001+0000] {dag.py:3490} INFO - Setting next_dagrun for example_skip_dag to 2023-09-13T16:40:21.001057+00:00, run_after=2023-09-14T16:40:21.001057+00:00
[2023-09-14T16:40:21.052+0000] {processor.py:178} INFO - Processing /home/airflow/.local/lib/python3.7/site-packages/airflow/example_dags/example_skip_dag.py took 0.218 seconds
[2023-09-14T16:40:51.898+0000] {processor.py:156} INFO - Started process (PID=260) to work on /home/airflow/.local/lib/python3.7/site-packages/airflow/example_dags/example_skip_dag.py
[2023-09-14T16:40:51.900+0000] {processor.py:799} INFO - Processing file /home/airflow/.local/lib/python3.7/site-packages/airflow/example_dags/example_skip_dag.py for tasks to queue
[2023-09-14T16:40:51.902+0000] {logging_mixin.py:149} INFO - [2023-09-14T16:40:51.902+0000] {dagbag.py:541} INFO - Filling up the DagBag from /home/airflow/.local/lib/python3.7/site-packages/airflow/example_dags/example_skip_dag.py
[2023-09-14T16:40:51.916+0000] {processor.py:809} INFO - DAG(s) dict_keys(['example_skip_dag']) retrieved from /home/airflow/.local/lib/python3.7/site-packages/airflow/example_dags/example_skip_dag.py
[2023-09-14T16:40:51.963+0000] {logging_mixin.py:149} INFO - [2023-09-14T16:40:51.963+0000] {dag.py:2726} INFO - Sync 1 DAGs
[2023-09-14T16:40:52.012+0000] {logging_mixin.py:149} INFO - [2023-09-14T16:40:52.012+0000] {dag.py:3490} INFO - Setting next_dagrun for example_skip_dag to 2023-09-13T16:40:52.012211+00:00, run_after=2023-09-14T16:40:52.012211+00:00
[2023-09-14T16:40:52.052+0000] {processor.py:178} INFO - Processing /home/airflow/.local/lib/python3.7/site-packages/airflow/example_dags/example_skip_dag.py took 0.159 seconds
[2023-09-14T16:41:22.590+0000] {processor.py:156} INFO - Started process (PID=320) to work on /home/airflow/.local/lib/python3.7/site-packages/airflow/example_dags/example_skip_dag.py
[2023-09-14T16:41:22.593+0000] {processor.py:799} INFO - Processing file /home/airflow/.local/lib/python3.7/site-packages/airflow/example_dags/example_skip_dag.py for tasks to queue
[2023-09-14T16:41:22.596+0000] {logging_mixin.py:149} INFO - [2023-09-14T16:41:22.595+0000] {dagbag.py:541} INFO - Filling up the DagBag from /home/airflow/.local/lib/python3.7/site-packages/airflow/example_dags/example_skip_dag.py
[2023-09-14T16:41:22.621+0000] {processor.py:809} INFO - DAG(s) dict_keys(['example_skip_dag']) retrieved from /home/airflow/.local/lib/python3.7/site-packages/airflow/example_dags/example_skip_dag.py
[2023-09-14T16:41:22.705+0000] {logging_mixin.py:149} INFO - [2023-09-14T16:41:22.704+0000] {dag.py:2726} INFO - Sync 1 DAGs
[2023-09-14T16:41:22.836+0000] {logging_mixin.py:149} INFO - [2023-09-14T16:41:22.835+0000] {dag.py:3490} INFO - Setting next_dagrun for example_skip_dag to 2023-09-13T16:41:22.834574+00:00, run_after=2023-09-14T16:41:22.834574+00:00
[2023-09-14T16:41:22.915+0000] {processor.py:178} INFO - Processing /home/airflow/.local/lib/python3.7/site-packages/airflow/example_dags/example_skip_dag.py took 0.332 seconds
[2023-09-14T16:41:53.640+0000] {processor.py:156} INFO - Started process (PID=380) to work on /home/airflow/.local/lib/python3.7/site-packages/airflow/example_dags/example_skip_dag.py
[2023-09-14T16:41:53.642+0000] {processor.py:799} INFO - Processing file /home/airflow/.local/lib/python3.7/site-packages/airflow/example_dags/example_skip_dag.py for tasks to queue
[2023-09-14T16:41:53.645+0000] {logging_mixin.py:149} INFO - [2023-09-14T16:41:53.645+0000] {dagbag.py:541} INFO - Filling up the DagBag from /home/airflow/.local/lib/python3.7/site-packages/airflow/example_dags/example_skip_dag.py
[2023-09-14T16:41:53.665+0000] {processor.py:809} INFO - DAG(s) dict_keys(['example_skip_dag']) retrieved from /home/airflow/.local/lib/python3.7/site-packages/airflow/example_dags/example_skip_dag.py
[2023-09-14T16:41:53.727+0000] {logging_mixin.py:149} INFO - [2023-09-14T16:41:53.727+0000] {dag.py:2726} INFO - Sync 1 DAGs
[2023-09-14T16:41:53.801+0000] {logging_mixin.py:149} INFO - [2023-09-14T16:41:53.801+0000] {dag.py:3490} INFO - Setting next_dagrun for example_skip_dag to 2023-09-13T16:41:53.800874+00:00, run_after=2023-09-14T16:41:53.800874+00:00
[2023-09-14T16:41:53.895+0000] {processor.py:178} INFO - Processing /home/airflow/.local/lib/python3.7/site-packages/airflow/example_dags/example_skip_dag.py took 0.262 seconds
[2023-09-14T16:42:24.773+0000] {processor.py:156} INFO - Started process (PID=441) to work on /home/airflow/.local/lib/python3.7/site-packages/airflow/example_dags/example_skip_dag.py
[2023-09-14T16:42:24.776+0000] {processor.py:799} INFO - Processing file /home/airflow/.local/lib/python3.7/site-packages/airflow/example_dags/example_skip_dag.py for tasks to queue
[2023-09-14T16:42:24.778+0000] {logging_mixin.py:149} INFO - [2023-09-14T16:42:24.778+0000] {dagbag.py:541} INFO - Filling up the DagBag from /home/airflow/.local/lib/python3.7/site-packages/airflow/example_dags/example_skip_dag.py
[2023-09-14T16:42:24.796+0000] {processor.py:809} INFO - DAG(s) dict_keys(['example_skip_dag']) retrieved from /home/airflow/.local/lib/python3.7/site-packages/airflow/example_dags/example_skip_dag.py
[2023-09-14T16:42:24.843+0000] {logging_mixin.py:149} INFO - [2023-09-14T16:42:24.843+0000] {dag.py:2726} INFO - Sync 1 DAGs
[2023-09-14T16:42:24.893+0000] {logging_mixin.py:149} INFO - [2023-09-14T16:42:24.892+0000] {dag.py:3490} INFO - Setting next_dagrun for example_skip_dag to 2023-09-13T16:42:24.891697+00:00, run_after=2023-09-14T16:42:24.891697+00:00
[2023-09-14T16:42:24.951+0000] {processor.py:178} INFO - Processing /home/airflow/.local/lib/python3.7/site-packages/airflow/example_dags/example_skip_dag.py took 0.184 seconds
[2023-09-14T16:42:55.567+0000] {processor.py:156} INFO - Started process (PID=503) to work on /home/airflow/.local/lib/python3.7/site-packages/airflow/example_dags/example_skip_dag.py
[2023-09-14T16:42:55.570+0000] {processor.py:799} INFO - Processing file /home/airflow/.local/lib/python3.7/site-packages/airflow/example_dags/example_skip_dag.py for tasks to queue
[2023-09-14T16:42:55.574+0000] {logging_mixin.py:149} INFO - [2023-09-14T16:42:55.574+0000] {dagbag.py:541} INFO - Filling up the DagBag from /home/airflow/.local/lib/python3.7/site-packages/airflow/example_dags/example_skip_dag.py
[2023-09-14T16:42:55.594+0000] {processor.py:809} INFO - DAG(s) dict_keys(['example_skip_dag']) retrieved from /home/airflow/.local/lib/python3.7/site-packages/airflow/example_dags/example_skip_dag.py
[2023-09-14T16:42:55.656+0000] {logging_mixin.py:149} INFO - [2023-09-14T16:42:55.656+0000] {dag.py:2726} INFO - Sync 1 DAGs
[2023-09-14T16:42:55.716+0000] {logging_mixin.py:149} INFO - [2023-09-14T16:42:55.716+0000] {dag.py:3490} INFO - Setting next_dagrun for example_skip_dag to 2023-09-13T16:42:55.715687+00:00, run_after=2023-09-14T16:42:55.715687+00:00
[2023-09-14T16:42:55.767+0000] {processor.py:178} INFO - Processing /home/airflow/.local/lib/python3.7/site-packages/airflow/example_dags/example_skip_dag.py took 0.207 seconds
[2023-09-14T16:43:25.959+0000] {processor.py:156} INFO - Started process (PID=564) to work on /home/airflow/.local/lib/python3.7/site-packages/airflow/example_dags/example_skip_dag.py
[2023-09-14T16:43:25.962+0000] {processor.py:799} INFO - Processing file /home/airflow/.local/lib/python3.7/site-packages/airflow/example_dags/example_skip_dag.py for tasks to queue
[2023-09-14T16:43:25.966+0000] {logging_mixin.py:149} INFO - [2023-09-14T16:43:25.965+0000] {dagbag.py:541} INFO - Filling up the DagBag from /home/airflow/.local/lib/python3.7/site-packages/airflow/example_dags/example_skip_dag.py
[2023-09-14T16:43:26.011+0000] {processor.py:809} INFO - DAG(s) dict_keys(['example_skip_dag']) retrieved from /home/airflow/.local/lib/python3.7/site-packages/airflow/example_dags/example_skip_dag.py
[2023-09-14T16:43:26.095+0000] {logging_mixin.py:149} INFO - [2023-09-14T16:43:26.094+0000] {dag.py:2726} INFO - Sync 1 DAGs
[2023-09-14T16:43:26.160+0000] {logging_mixin.py:149} INFO - [2023-09-14T16:43:26.160+0000] {dag.py:3490} INFO - Setting next_dagrun for example_skip_dag to 2023-09-13T16:43:26.159985+00:00, run_after=2023-09-14T16:43:26.159985+00:00
[2023-09-14T16:43:26.210+0000] {processor.py:178} INFO - Processing /home/airflow/.local/lib/python3.7/site-packages/airflow/example_dags/example_skip_dag.py took 0.260 seconds
[2023-09-14T16:43:57.088+0000] {processor.py:156} INFO - Started process (PID=625) to work on /home/airflow/.local/lib/python3.7/site-packages/airflow/example_dags/example_skip_dag.py
[2023-09-14T16:43:57.093+0000] {processor.py:799} INFO - Processing file /home/airflow/.local/lib/python3.7/site-packages/airflow/example_dags/example_skip_dag.py for tasks to queue
[2023-09-14T16:43:57.097+0000] {logging_mixin.py:149} INFO - [2023-09-14T16:43:57.097+0000] {dagbag.py:541} INFO - Filling up the DagBag from /home/airflow/.local/lib/python3.7/site-packages/airflow/example_dags/example_skip_dag.py
[2023-09-14T16:43:57.117+0000] {processor.py:809} INFO - DAG(s) dict_keys(['example_skip_dag']) retrieved from /home/airflow/.local/lib/python3.7/site-packages/airflow/example_dags/example_skip_dag.py
[2023-09-14T16:43:57.179+0000] {logging_mixin.py:149} INFO - [2023-09-14T16:43:57.178+0000] {dag.py:2726} INFO - Sync 1 DAGs
[2023-09-14T16:43:57.256+0000] {logging_mixin.py:149} INFO - [2023-09-14T16:43:57.256+0000] {dag.py:3490} INFO - Setting next_dagrun for example_skip_dag to 2023-09-13T16:43:57.256016+00:00, run_after=2023-09-14T16:43:57.256016+00:00
[2023-09-14T16:43:57.314+0000] {processor.py:178} INFO - Processing /home/airflow/.local/lib/python3.7/site-packages/airflow/example_dags/example_skip_dag.py took 0.235 seconds
[2023-09-14T16:44:27.497+0000] {processor.py:156} INFO - Started process (PID=687) to work on /home/airflow/.local/lib/python3.7/site-packages/airflow/example_dags/example_skip_dag.py
[2023-09-14T16:44:27.499+0000] {processor.py:799} INFO - Processing file /home/airflow/.local/lib/python3.7/site-packages/airflow/example_dags/example_skip_dag.py for tasks to queue
[2023-09-14T16:44:27.501+0000] {logging_mixin.py:149} INFO - [2023-09-14T16:44:27.501+0000] {dagbag.py:541} INFO - Filling up the DagBag from /home/airflow/.local/lib/python3.7/site-packages/airflow/example_dags/example_skip_dag.py
[2023-09-14T16:44:27.519+0000] {processor.py:809} INFO - DAG(s) dict_keys(['example_skip_dag']) retrieved from /home/airflow/.local/lib/python3.7/site-packages/airflow/example_dags/example_skip_dag.py
[2023-09-14T16:44:27.593+0000] {logging_mixin.py:149} INFO - [2023-09-14T16:44:27.592+0000] {dag.py:2726} INFO - Sync 1 DAGs
[2023-09-14T16:44:27.792+0000] {logging_mixin.py:149} INFO - [2023-09-14T16:44:27.791+0000] {dag.py:3490} INFO - Setting next_dagrun for example_skip_dag to 2023-09-13T16:44:27.789667+00:00, run_after=2023-09-14T16:44:27.789667+00:00
[2023-09-14T16:44:27.867+0000] {processor.py:178} INFO - Processing /home/airflow/.local/lib/python3.7/site-packages/airflow/example_dags/example_skip_dag.py took 0.375 seconds
[2023-09-14T16:44:58.762+0000] {processor.py:156} INFO - Started process (PID=748) to work on /home/airflow/.local/lib/python3.7/site-packages/airflow/example_dags/example_skip_dag.py
[2023-09-14T16:44:58.765+0000] {processor.py:799} INFO - Processing file /home/airflow/.local/lib/python3.7/site-packages/airflow/example_dags/example_skip_dag.py for tasks to queue
[2023-09-14T16:44:58.768+0000] {logging_mixin.py:149} INFO - [2023-09-14T16:44:58.767+0000] {dagbag.py:541} INFO - Filling up the DagBag from /home/airflow/.local/lib/python3.7/site-packages/airflow/example_dags/example_skip_dag.py
[2023-09-14T16:44:58.787+0000] {processor.py:809} INFO - DAG(s) dict_keys(['example_skip_dag']) retrieved from /home/airflow/.local/lib/python3.7/site-packages/airflow/example_dags/example_skip_dag.py
[2023-09-14T16:44:58.896+0000] {logging_mixin.py:149} INFO - [2023-09-14T16:44:58.896+0000] {dag.py:2726} INFO - Sync 1 DAGs
[2023-09-14T16:44:58.966+0000] {logging_mixin.py:149} INFO - [2023-09-14T16:44:58.965+0000] {dag.py:3490} INFO - Setting next_dagrun for example_skip_dag to 2023-09-13T16:44:58.965172+00:00, run_after=2023-09-14T16:44:58.965172+00:00
[2023-09-14T16:44:59.025+0000] {processor.py:178} INFO - Processing /home/airflow/.local/lib/python3.7/site-packages/airflow/example_dags/example_skip_dag.py took 0.316 seconds
[2023-09-14T16:45:29.489+0000] {processor.py:156} INFO - Started process (PID=809) to work on /home/airflow/.local/lib/python3.7/site-packages/airflow/example_dags/example_skip_dag.py
[2023-09-14T16:45:29.491+0000] {processor.py:799} INFO - Processing file /home/airflow/.local/lib/python3.7/site-packages/airflow/example_dags/example_skip_dag.py for tasks to queue
[2023-09-14T16:45:29.493+0000] {logging_mixin.py:149} INFO - [2023-09-14T16:45:29.493+0000] {dagbag.py:541} INFO - Filling up the DagBag from /home/airflow/.local/lib/python3.7/site-packages/airflow/example_dags/example_skip_dag.py
[2023-09-14T16:45:29.508+0000] {processor.py:809} INFO - DAG(s) dict_keys(['example_skip_dag']) retrieved from /home/airflow/.local/lib/python3.7/site-packages/airflow/example_dags/example_skip_dag.py
[2023-09-14T16:45:29.560+0000] {logging_mixin.py:149} INFO - [2023-09-14T16:45:29.559+0000] {dag.py:2726} INFO - Sync 1 DAGs
[2023-09-14T16:45:29.617+0000] {logging_mixin.py:149} INFO - [2023-09-14T16:45:29.617+0000] {dag.py:3490} INFO - Setting next_dagrun for example_skip_dag to 2023-09-13T16:45:29.616813+00:00, run_after=2023-09-14T16:45:29.616813+00:00
[2023-09-14T16:45:29.661+0000] {processor.py:178} INFO - Processing /home/airflow/.local/lib/python3.7/site-packages/airflow/example_dags/example_skip_dag.py took 0.180 seconds
[2023-09-14T16:46:02.041+0000] {processor.py:156} INFO - Started process (PID=870) to work on /home/airflow/.local/lib/python3.7/site-packages/airflow/example_dags/example_skip_dag.py
[2023-09-14T16:46:02.047+0000] {processor.py:799} INFO - Processing file /home/airflow/.local/lib/python3.7/site-packages/airflow/example_dags/example_skip_dag.py for tasks to queue
[2023-09-14T16:46:02.051+0000] {logging_mixin.py:149} INFO - [2023-09-14T16:46:02.051+0000] {dagbag.py:541} INFO - Filling up the DagBag from /home/airflow/.local/lib/python3.7/site-packages/airflow/example_dags/example_skip_dag.py
[2023-09-14T16:46:02.082+0000] {processor.py:809} INFO - DAG(s) dict_keys(['example_skip_dag']) retrieved from /home/airflow/.local/lib/python3.7/site-packages/airflow/example_dags/example_skip_dag.py
[2023-09-14T16:46:02.157+0000] {logging_mixin.py:149} INFO - [2023-09-14T16:46:02.156+0000] {dag.py:2726} INFO - Sync 1 DAGs
[2023-09-14T16:46:02.247+0000] {logging_mixin.py:149} INFO - [2023-09-14T16:46:02.246+0000] {dag.py:3490} INFO - Setting next_dagrun for example_skip_dag to 2023-09-13T16:46:02.245497+00:00, run_after=2023-09-14T16:46:02.245497+00:00
[2023-09-14T16:46:02.352+0000] {processor.py:178} INFO - Processing /home/airflow/.local/lib/python3.7/site-packages/airflow/example_dags/example_skip_dag.py took 0.322 seconds
[2023-09-14T16:46:32.482+0000] {processor.py:156} INFO - Started process (PID=931) to work on /home/airflow/.local/lib/python3.7/site-packages/airflow/example_dags/example_skip_dag.py
[2023-09-14T16:46:32.484+0000] {processor.py:799} INFO - Processing file /home/airflow/.local/lib/python3.7/site-packages/airflow/example_dags/example_skip_dag.py for tasks to queue
[2023-09-14T16:46:32.488+0000] {logging_mixin.py:149} INFO - [2023-09-14T16:46:32.487+0000] {dagbag.py:541} INFO - Filling up the DagBag from /home/airflow/.local/lib/python3.7/site-packages/airflow/example_dags/example_skip_dag.py
[2023-09-14T16:46:32.509+0000] {processor.py:809} INFO - DAG(s) dict_keys(['example_skip_dag']) retrieved from /home/airflow/.local/lib/python3.7/site-packages/airflow/example_dags/example_skip_dag.py
[2023-09-14T16:46:32.635+0000] {logging_mixin.py:149} INFO - [2023-09-14T16:46:32.635+0000] {dag.py:2726} INFO - Sync 1 DAGs
[2023-09-14T16:46:32.730+0000] {logging_mixin.py:149} INFO - [2023-09-14T16:46:32.729+0000] {dag.py:3490} INFO - Setting next_dagrun for example_skip_dag to 2023-09-13T16:46:32.728805+00:00, run_after=2023-09-14T16:46:32.728805+00:00
[2023-09-14T16:46:32.799+0000] {processor.py:178} INFO - Processing /home/airflow/.local/lib/python3.7/site-packages/airflow/example_dags/example_skip_dag.py took 0.327 seconds
[2023-09-14T16:47:04.745+0000] {processor.py:156} INFO - Started process (PID=992) to work on /home/airflow/.local/lib/python3.7/site-packages/airflow/example_dags/example_skip_dag.py
[2023-09-14T16:47:04.750+0000] {processor.py:799} INFO - Processing file /home/airflow/.local/lib/python3.7/site-packages/airflow/example_dags/example_skip_dag.py for tasks to queue
[2023-09-14T16:47:04.753+0000] {logging_mixin.py:149} INFO - [2023-09-14T16:47:04.753+0000] {dagbag.py:541} INFO - Filling up the DagBag from /home/airflow/.local/lib/python3.7/site-packages/airflow/example_dags/example_skip_dag.py
[2023-09-14T16:47:04.803+0000] {processor.py:809} INFO - DAG(s) dict_keys(['example_skip_dag']) retrieved from /home/airflow/.local/lib/python3.7/site-packages/airflow/example_dags/example_skip_dag.py
[2023-09-14T16:47:04.912+0000] {logging_mixin.py:149} INFO - [2023-09-14T16:47:04.911+0000] {dag.py:2726} INFO - Sync 1 DAGs
[2023-09-14T16:47:05.026+0000] {logging_mixin.py:149} INFO - [2023-09-14T16:47:05.026+0000] {dag.py:3490} INFO - Setting next_dagrun for example_skip_dag to 2023-09-13T16:47:05.024834+00:00, run_after=2023-09-14T16:47:05.024834+00:00
[2023-09-14T16:47:05.115+0000] {processor.py:178} INFO - Processing /home/airflow/.local/lib/python3.7/site-packages/airflow/example_dags/example_skip_dag.py took 0.388 seconds
[2023-09-14T16:47:35.858+0000] {processor.py:156} INFO - Started process (PID=1053) to work on /home/airflow/.local/lib/python3.7/site-packages/airflow/example_dags/example_skip_dag.py
[2023-09-14T16:47:35.862+0000] {processor.py:799} INFO - Processing file /home/airflow/.local/lib/python3.7/site-packages/airflow/example_dags/example_skip_dag.py for tasks to queue
[2023-09-14T16:47:35.866+0000] {logging_mixin.py:149} INFO - [2023-09-14T16:47:35.865+0000] {dagbag.py:541} INFO - Filling up the DagBag from /home/airflow/.local/lib/python3.7/site-packages/airflow/example_dags/example_skip_dag.py
[2023-09-14T16:47:35.887+0000] {processor.py:809} INFO - DAG(s) dict_keys(['example_skip_dag']) retrieved from /home/airflow/.local/lib/python3.7/site-packages/airflow/example_dags/example_skip_dag.py
[2023-09-14T16:47:35.968+0000] {logging_mixin.py:149} INFO - [2023-09-14T16:47:35.967+0000] {dag.py:2726} INFO - Sync 1 DAGs
[2023-09-14T16:47:36.029+0000] {logging_mixin.py:149} INFO - [2023-09-14T16:47:36.029+0000] {dag.py:3490} INFO - Setting next_dagrun for example_skip_dag to 2023-09-13T16:47:36.028559+00:00, run_after=2023-09-14T16:47:36.028559+00:00
[2023-09-14T16:47:36.091+0000] {processor.py:178} INFO - Processing /home/airflow/.local/lib/python3.7/site-packages/airflow/example_dags/example_skip_dag.py took 0.239 seconds
[2023-09-14T16:48:10.083+0000] {processor.py:156} INFO - Started process (PID=1114) to work on /home/airflow/.local/lib/python3.7/site-packages/airflow/example_dags/example_skip_dag.py
[2023-09-14T16:48:10.097+0000] {processor.py:799} INFO - Processing file /home/airflow/.local/lib/python3.7/site-packages/airflow/example_dags/example_skip_dag.py for tasks to queue
[2023-09-14T16:48:10.104+0000] {logging_mixin.py:149} INFO - [2023-09-14T16:48:10.103+0000] {dagbag.py:541} INFO - Filling up the DagBag from /home/airflow/.local/lib/python3.7/site-packages/airflow/example_dags/example_skip_dag.py
[2023-09-14T16:48:10.315+0000] {processor.py:809} INFO - DAG(s) dict_keys(['example_skip_dag']) retrieved from /home/airflow/.local/lib/python3.7/site-packages/airflow/example_dags/example_skip_dag.py
[2023-09-14T16:48:10.741+0000] {logging_mixin.py:149} INFO - [2023-09-14T16:48:10.740+0000] {dag.py:2726} INFO - Sync 1 DAGs
[2023-09-14T16:48:11.137+0000] {logging_mixin.py:149} INFO - [2023-09-14T16:48:11.135+0000] {dag.py:3490} INFO - Setting next_dagrun for example_skip_dag to 2023-09-13T16:48:11.131818+00:00, run_after=2023-09-14T16:48:11.131818+00:00
[2023-09-14T16:48:11.290+0000] {processor.py:178} INFO - Processing /home/airflow/.local/lib/python3.7/site-packages/airflow/example_dags/example_skip_dag.py took 1.400 seconds
[2023-09-14T16:48:41.587+0000] {processor.py:156} INFO - Started process (PID=1166) to work on /home/airflow/.local/lib/python3.7/site-packages/airflow/example_dags/example_skip_dag.py
[2023-09-14T16:48:41.592+0000] {processor.py:799} INFO - Processing file /home/airflow/.local/lib/python3.7/site-packages/airflow/example_dags/example_skip_dag.py for tasks to queue
[2023-09-14T16:48:41.599+0000] {logging_mixin.py:149} INFO - [2023-09-14T16:48:41.598+0000] {dagbag.py:541} INFO - Filling up the DagBag from /home/airflow/.local/lib/python3.7/site-packages/airflow/example_dags/example_skip_dag.py
[2023-09-14T16:48:41.636+0000] {processor.py:809} INFO - DAG(s) dict_keys(['example_skip_dag']) retrieved from /home/airflow/.local/lib/python3.7/site-packages/airflow/example_dags/example_skip_dag.py
[2023-09-14T16:48:41.783+0000] {logging_mixin.py:149} INFO - [2023-09-14T16:48:41.783+0000] {dag.py:2726} INFO - Sync 1 DAGs
[2023-09-14T16:48:41.967+0000] {logging_mixin.py:149} INFO - [2023-09-14T16:48:41.966+0000] {dag.py:3490} INFO - Setting next_dagrun for example_skip_dag to 2023-09-13T16:48:41.965704+00:00, run_after=2023-09-14T16:48:41.965704+00:00
[2023-09-14T16:48:42.041+0000] {processor.py:178} INFO - Processing /home/airflow/.local/lib/python3.7/site-packages/airflow/example_dags/example_skip_dag.py took 0.470 seconds
[2023-09-14T16:49:12.277+0000] {processor.py:156} INFO - Started process (PID=1227) to work on /home/airflow/.local/lib/python3.7/site-packages/airflow/example_dags/example_skip_dag.py
[2023-09-14T16:49:12.280+0000] {processor.py:799} INFO - Processing file /home/airflow/.local/lib/python3.7/site-packages/airflow/example_dags/example_skip_dag.py for tasks to queue
[2023-09-14T16:49:12.284+0000] {logging_mixin.py:149} INFO - [2023-09-14T16:49:12.283+0000] {dagbag.py:541} INFO - Filling up the DagBag from /home/airflow/.local/lib/python3.7/site-packages/airflow/example_dags/example_skip_dag.py
[2023-09-14T16:49:12.308+0000] {processor.py:809} INFO - DAG(s) dict_keys(['example_skip_dag']) retrieved from /home/airflow/.local/lib/python3.7/site-packages/airflow/example_dags/example_skip_dag.py
[2023-09-14T16:49:12.381+0000] {logging_mixin.py:149} INFO - [2023-09-14T16:49:12.380+0000] {dag.py:2726} INFO - Sync 1 DAGs
[2023-09-14T16:49:12.445+0000] {logging_mixin.py:149} INFO - [2023-09-14T16:49:12.444+0000] {dag.py:3490} INFO - Setting next_dagrun for example_skip_dag to 2023-09-13T16:49:12.444479+00:00, run_after=2023-09-14T16:49:12.444479+00:00
[2023-09-14T16:49:12.553+0000] {processor.py:178} INFO - Processing /home/airflow/.local/lib/python3.7/site-packages/airflow/example_dags/example_skip_dag.py took 0.287 seconds
[2023-09-14T16:49:42.669+0000] {processor.py:156} INFO - Started process (PID=1288) to work on /home/airflow/.local/lib/python3.7/site-packages/airflow/example_dags/example_skip_dag.py
[2023-09-14T16:49:42.670+0000] {processor.py:799} INFO - Processing file /home/airflow/.local/lib/python3.7/site-packages/airflow/example_dags/example_skip_dag.py for tasks to queue
[2023-09-14T16:49:42.673+0000] {logging_mixin.py:149} INFO - [2023-09-14T16:49:42.672+0000] {dagbag.py:541} INFO - Filling up the DagBag from /home/airflow/.local/lib/python3.7/site-packages/airflow/example_dags/example_skip_dag.py
[2023-09-14T16:49:42.687+0000] {processor.py:809} INFO - DAG(s) dict_keys(['example_skip_dag']) retrieved from /home/airflow/.local/lib/python3.7/site-packages/airflow/example_dags/example_skip_dag.py
[2023-09-14T16:49:42.781+0000] {logging_mixin.py:149} INFO - [2023-09-14T16:49:42.780+0000] {dag.py:2726} INFO - Sync 1 DAGs
[2023-09-14T16:49:42.859+0000] {logging_mixin.py:149} INFO - [2023-09-14T16:49:42.858+0000] {dag.py:3490} INFO - Setting next_dagrun for example_skip_dag to 2023-09-13T16:49:42.858078+00:00, run_after=2023-09-14T16:49:42.858078+00:00
[2023-09-14T16:49:42.924+0000] {processor.py:178} INFO - Processing /home/airflow/.local/lib/python3.7/site-packages/airflow/example_dags/example_skip_dag.py took 0.264 seconds
[2023-09-14T16:50:13.287+0000] {processor.py:156} INFO - Started process (PID=1349) to work on /home/airflow/.local/lib/python3.7/site-packages/airflow/example_dags/example_skip_dag.py
[2023-09-14T16:50:13.290+0000] {processor.py:799} INFO - Processing file /home/airflow/.local/lib/python3.7/site-packages/airflow/example_dags/example_skip_dag.py for tasks to queue
[2023-09-14T16:50:13.292+0000] {logging_mixin.py:149} INFO - [2023-09-14T16:50:13.292+0000] {dagbag.py:541} INFO - Filling up the DagBag from /home/airflow/.local/lib/python3.7/site-packages/airflow/example_dags/example_skip_dag.py
[2023-09-14T16:50:13.317+0000] {processor.py:809} INFO - DAG(s) dict_keys(['example_skip_dag']) retrieved from /home/airflow/.local/lib/python3.7/site-packages/airflow/example_dags/example_skip_dag.py
[2023-09-14T16:50:13.387+0000] {logging_mixin.py:149} INFO - [2023-09-14T16:50:13.386+0000] {dag.py:2726} INFO - Sync 1 DAGs
[2023-09-14T16:50:13.451+0000] {logging_mixin.py:149} INFO - [2023-09-14T16:50:13.451+0000] {dag.py:3490} INFO - Setting next_dagrun for example_skip_dag to 2023-09-13T16:50:13.450773+00:00, run_after=2023-09-14T16:50:13.450773+00:00
[2023-09-14T16:50:13.551+0000] {processor.py:178} INFO - Processing /home/airflow/.local/lib/python3.7/site-packages/airflow/example_dags/example_skip_dag.py took 0.288 seconds
[2023-09-14T16:50:44.231+0000] {processor.py:156} INFO - Started process (PID=1410) to work on /home/airflow/.local/lib/python3.7/site-packages/airflow/example_dags/example_skip_dag.py
[2023-09-14T16:50:44.233+0000] {processor.py:799} INFO - Processing file /home/airflow/.local/lib/python3.7/site-packages/airflow/example_dags/example_skip_dag.py for tasks to queue
[2023-09-14T16:50:44.236+0000] {logging_mixin.py:149} INFO - [2023-09-14T16:50:44.236+0000] {dagbag.py:541} INFO - Filling up the DagBag from /home/airflow/.local/lib/python3.7/site-packages/airflow/example_dags/example_skip_dag.py
[2023-09-14T16:50:44.262+0000] {processor.py:809} INFO - DAG(s) dict_keys(['example_skip_dag']) retrieved from /home/airflow/.local/lib/python3.7/site-packages/airflow/example_dags/example_skip_dag.py
[2023-09-14T16:50:44.343+0000] {logging_mixin.py:149} INFO - [2023-09-14T16:50:44.343+0000] {dag.py:2726} INFO - Sync 1 DAGs
[2023-09-14T16:50:44.425+0000] {logging_mixin.py:149} INFO - [2023-09-14T16:50:44.422+0000] {dag.py:3490} INFO - Setting next_dagrun for example_skip_dag to 2023-09-13T16:50:44.421477+00:00, run_after=2023-09-14T16:50:44.421477+00:00
[2023-09-14T16:50:44.516+0000] {processor.py:178} INFO - Processing /home/airflow/.local/lib/python3.7/site-packages/airflow/example_dags/example_skip_dag.py took 0.294 seconds
[2023-09-14T16:51:15.870+0000] {processor.py:156} INFO - Started process (PID=1471) to work on /home/airflow/.local/lib/python3.7/site-packages/airflow/example_dags/example_skip_dag.py
[2023-09-14T16:51:15.873+0000] {processor.py:799} INFO - Processing file /home/airflow/.local/lib/python3.7/site-packages/airflow/example_dags/example_skip_dag.py for tasks to queue
[2023-09-14T16:51:15.875+0000] {logging_mixin.py:149} INFO - [2023-09-14T16:51:15.875+0000] {dagbag.py:541} INFO - Filling up the DagBag from /home/airflow/.local/lib/python3.7/site-packages/airflow/example_dags/example_skip_dag.py
[2023-09-14T16:51:15.898+0000] {processor.py:809} INFO - DAG(s) dict_keys(['example_skip_dag']) retrieved from /home/airflow/.local/lib/python3.7/site-packages/airflow/example_dags/example_skip_dag.py
[2023-09-14T16:51:16.001+0000] {logging_mixin.py:149} INFO - [2023-09-14T16:51:16.000+0000] {dag.py:2726} INFO - Sync 1 DAGs
[2023-09-14T16:51:16.092+0000] {logging_mixin.py:149} INFO - [2023-09-14T16:51:16.092+0000] {dag.py:3490} INFO - Setting next_dagrun for example_skip_dag to 2023-09-13T16:51:16.091752+00:00, run_after=2023-09-14T16:51:16.091752+00:00
[2023-09-14T16:51:16.159+0000] {processor.py:178} INFO - Processing /home/airflow/.local/lib/python3.7/site-packages/airflow/example_dags/example_skip_dag.py took 0.297 seconds
[2023-09-14T16:51:47.063+0000] {processor.py:156} INFO - Started process (PID=1533) to work on /home/airflow/.local/lib/python3.7/site-packages/airflow/example_dags/example_skip_dag.py
[2023-09-14T16:51:47.069+0000] {processor.py:799} INFO - Processing file /home/airflow/.local/lib/python3.7/site-packages/airflow/example_dags/example_skip_dag.py for tasks to queue
[2023-09-14T16:51:47.073+0000] {logging_mixin.py:149} INFO - [2023-09-14T16:51:47.072+0000] {dagbag.py:541} INFO - Filling up the DagBag from /home/airflow/.local/lib/python3.7/site-packages/airflow/example_dags/example_skip_dag.py
[2023-09-14T16:51:47.092+0000] {processor.py:809} INFO - DAG(s) dict_keys(['example_skip_dag']) retrieved from /home/airflow/.local/lib/python3.7/site-packages/airflow/example_dags/example_skip_dag.py
[2023-09-14T16:51:47.160+0000] {logging_mixin.py:149} INFO - [2023-09-14T16:51:47.160+0000] {dag.py:2726} INFO - Sync 1 DAGs
[2023-09-14T16:51:47.245+0000] {logging_mixin.py:149} INFO - [2023-09-14T16:51:47.244+0000] {dag.py:3490} INFO - Setting next_dagrun for example_skip_dag to 2023-09-13T16:51:47.242909+00:00, run_after=2023-09-14T16:51:47.242909+00:00
[2023-09-14T16:51:47.362+0000] {processor.py:178} INFO - Processing /home/airflow/.local/lib/python3.7/site-packages/airflow/example_dags/example_skip_dag.py took 0.309 seconds
[2023-09-14T16:52:19.174+0000] {processor.py:156} INFO - Started process (PID=1601) to work on /home/airflow/.local/lib/python3.7/site-packages/airflow/example_dags/example_skip_dag.py
[2023-09-14T16:52:19.181+0000] {processor.py:799} INFO - Processing file /home/airflow/.local/lib/python3.7/site-packages/airflow/example_dags/example_skip_dag.py for tasks to queue
[2023-09-14T16:52:19.183+0000] {logging_mixin.py:149} INFO - [2023-09-14T16:52:19.183+0000] {dagbag.py:541} INFO - Filling up the DagBag from /home/airflow/.local/lib/python3.7/site-packages/airflow/example_dags/example_skip_dag.py
[2023-09-14T16:52:19.215+0000] {processor.py:809} INFO - DAG(s) dict_keys(['example_skip_dag']) retrieved from /home/airflow/.local/lib/python3.7/site-packages/airflow/example_dags/example_skip_dag.py
[2023-09-14T16:52:19.382+0000] {logging_mixin.py:149} INFO - [2023-09-14T16:52:19.381+0000] {dag.py:2726} INFO - Sync 1 DAGs
[2023-09-14T16:52:19.550+0000] {logging_mixin.py:149} INFO - [2023-09-14T16:52:19.549+0000] {dag.py:3490} INFO - Setting next_dagrun for example_skip_dag to 2023-09-13T16:52:19.548345+00:00, run_after=2023-09-14T16:52:19.548345+00:00
[2023-09-14T16:52:19.677+0000] {processor.py:178} INFO - Processing /home/airflow/.local/lib/python3.7/site-packages/airflow/example_dags/example_skip_dag.py took 0.521 seconds
[2023-09-14T16:52:51.265+0000] {processor.py:156} INFO - Started process (PID=1662) to work on /home/airflow/.local/lib/python3.7/site-packages/airflow/example_dags/example_skip_dag.py
[2023-09-14T16:52:51.268+0000] {processor.py:799} INFO - Processing file /home/airflow/.local/lib/python3.7/site-packages/airflow/example_dags/example_skip_dag.py for tasks to queue
[2023-09-14T16:52:51.282+0000] {logging_mixin.py:149} INFO - [2023-09-14T16:52:51.281+0000] {dagbag.py:541} INFO - Filling up the DagBag from /home/airflow/.local/lib/python3.7/site-packages/airflow/example_dags/example_skip_dag.py
[2023-09-14T16:52:51.348+0000] {processor.py:809} INFO - DAG(s) dict_keys(['example_skip_dag']) retrieved from /home/airflow/.local/lib/python3.7/site-packages/airflow/example_dags/example_skip_dag.py
[2023-09-14T16:52:51.467+0000] {logging_mixin.py:149} INFO - [2023-09-14T16:52:51.466+0000] {dag.py:2726} INFO - Sync 1 DAGs
[2023-09-14T16:52:51.604+0000] {logging_mixin.py:149} INFO - [2023-09-14T16:52:51.603+0000] {dag.py:3490} INFO - Setting next_dagrun for example_skip_dag to 2023-09-13T16:52:51.598943+00:00, run_after=2023-09-14T16:52:51.598943+00:00
[2023-09-14T16:52:51.699+0000] {processor.py:178} INFO - Processing /home/airflow/.local/lib/python3.7/site-packages/airflow/example_dags/example_skip_dag.py took 0.451 seconds
[2023-09-14T16:53:22.021+0000] {processor.py:156} INFO - Started process (PID=1724) to work on /home/airflow/.local/lib/python3.7/site-packages/airflow/example_dags/example_skip_dag.py
[2023-09-14T16:53:22.026+0000] {processor.py:799} INFO - Processing file /home/airflow/.local/lib/python3.7/site-packages/airflow/example_dags/example_skip_dag.py for tasks to queue
[2023-09-14T16:53:22.034+0000] {logging_mixin.py:149} INFO - [2023-09-14T16:53:22.033+0000] {dagbag.py:541} INFO - Filling up the DagBag from /home/airflow/.local/lib/python3.7/site-packages/airflow/example_dags/example_skip_dag.py
[2023-09-14T16:53:22.060+0000] {processor.py:809} INFO - DAG(s) dict_keys(['example_skip_dag']) retrieved from /home/airflow/.local/lib/python3.7/site-packages/airflow/example_dags/example_skip_dag.py
[2023-09-14T16:53:22.197+0000] {logging_mixin.py:149} INFO - [2023-09-14T16:53:22.196+0000] {dag.py:2726} INFO - Sync 1 DAGs
[2023-09-14T16:53:22.366+0000] {logging_mixin.py:149} INFO - [2023-09-14T16:53:22.366+0000] {dag.py:3490} INFO - Setting next_dagrun for example_skip_dag to 2023-09-13T16:53:22.365025+00:00, run_after=2023-09-14T16:53:22.365025+00:00
[2023-09-14T16:53:22.502+0000] {processor.py:178} INFO - Processing /home/airflow/.local/lib/python3.7/site-packages/airflow/example_dags/example_skip_dag.py took 0.498 seconds
[2023-09-14T16:53:52.866+0000] {processor.py:156} INFO - Started process (PID=1788) to work on /home/airflow/.local/lib/python3.7/site-packages/airflow/example_dags/example_skip_dag.py
[2023-09-14T16:53:52.869+0000] {processor.py:799} INFO - Processing file /home/airflow/.local/lib/python3.7/site-packages/airflow/example_dags/example_skip_dag.py for tasks to queue
[2023-09-14T16:53:52.874+0000] {logging_mixin.py:149} INFO - [2023-09-14T16:53:52.873+0000] {dagbag.py:541} INFO - Filling up the DagBag from /home/airflow/.local/lib/python3.7/site-packages/airflow/example_dags/example_skip_dag.py
[2023-09-14T16:53:52.902+0000] {processor.py:809} INFO - DAG(s) dict_keys(['example_skip_dag']) retrieved from /home/airflow/.local/lib/python3.7/site-packages/airflow/example_dags/example_skip_dag.py
[2023-09-14T16:53:52.989+0000] {logging_mixin.py:149} INFO - [2023-09-14T16:53:52.988+0000] {dag.py:2726} INFO - Sync 1 DAGs
[2023-09-14T16:53:53.090+0000] {logging_mixin.py:149} INFO - [2023-09-14T16:53:53.090+0000] {dag.py:3490} INFO - Setting next_dagrun for example_skip_dag to 2023-09-13T16:53:53.090124+00:00, run_after=2023-09-14T16:53:53.090124+00:00
[2023-09-14T16:53:53.157+0000] {processor.py:178} INFO - Processing /home/airflow/.local/lib/python3.7/site-packages/airflow/example_dags/example_skip_dag.py took 0.301 seconds
[2023-09-14T16:54:42.769+0000] {processor.py:156} INFO - Started process (PID=1859) to work on /home/airflow/.local/lib/python3.7/site-packages/airflow/example_dags/example_skip_dag.py
[2023-09-14T16:54:42.820+0000] {processor.py:799} INFO - Processing file /home/airflow/.local/lib/python3.7/site-packages/airflow/example_dags/example_skip_dag.py for tasks to queue
[2023-09-14T16:54:42.833+0000] {logging_mixin.py:149} INFO - [2023-09-14T16:54:42.826+0000] {dagbag.py:541} INFO - Filling up the DagBag from /home/airflow/.local/lib/python3.7/site-packages/airflow/example_dags/example_skip_dag.py
[2023-09-14T16:54:42.944+0000] {processor.py:809} INFO - DAG(s) dict_keys(['example_skip_dag']) retrieved from /home/airflow/.local/lib/python3.7/site-packages/airflow/example_dags/example_skip_dag.py
[2023-09-14T16:54:43.264+0000] {logging_mixin.py:149} INFO - [2023-09-14T16:54:43.263+0000] {dag.py:2726} INFO - Sync 1 DAGs
[2023-09-14T16:54:43.717+0000] {logging_mixin.py:149} INFO - [2023-09-14T16:54:43.716+0000] {dag.py:3490} INFO - Setting next_dagrun for example_skip_dag to 2023-09-13T16:54:43.715048+00:00, run_after=2023-09-14T16:54:43.715048+00:00
[2023-09-14T16:54:43.996+0000] {processor.py:178} INFO - Processing /home/airflow/.local/lib/python3.7/site-packages/airflow/example_dags/example_skip_dag.py took 1.270 seconds
[2023-09-14T16:55:14.409+0000] {processor.py:156} INFO - Started process (PID=1925) to work on /home/airflow/.local/lib/python3.7/site-packages/airflow/example_dags/example_skip_dag.py
[2023-09-14T16:55:14.416+0000] {processor.py:799} INFO - Processing file /home/airflow/.local/lib/python3.7/site-packages/airflow/example_dags/example_skip_dag.py for tasks to queue
[2023-09-14T16:55:14.421+0000] {logging_mixin.py:149} INFO - [2023-09-14T16:55:14.420+0000] {dagbag.py:541} INFO - Filling up the DagBag from /home/airflow/.local/lib/python3.7/site-packages/airflow/example_dags/example_skip_dag.py
[2023-09-14T16:55:14.452+0000] {processor.py:809} INFO - DAG(s) dict_keys(['example_skip_dag']) retrieved from /home/airflow/.local/lib/python3.7/site-packages/airflow/example_dags/example_skip_dag.py
[2023-09-14T16:55:14.548+0000] {logging_mixin.py:149} INFO - [2023-09-14T16:55:14.547+0000] {dag.py:2726} INFO - Sync 1 DAGs
[2023-09-14T16:55:14.673+0000] {logging_mixin.py:149} INFO - [2023-09-14T16:55:14.672+0000] {dag.py:3490} INFO - Setting next_dagrun for example_skip_dag to 2023-09-13T16:55:14.640933+00:00, run_after=2023-09-14T16:55:14.640933+00:00
[2023-09-14T16:55:14.739+0000] {processor.py:178} INFO - Processing /home/airflow/.local/lib/python3.7/site-packages/airflow/example_dags/example_skip_dag.py took 0.344 seconds
[2023-09-14T16:55:45.019+0000] {processor.py:156} INFO - Started process (PID=1991) to work on /home/airflow/.local/lib/python3.7/site-packages/airflow/example_dags/example_skip_dag.py
[2023-09-14T16:55:45.025+0000] {processor.py:799} INFO - Processing file /home/airflow/.local/lib/python3.7/site-packages/airflow/example_dags/example_skip_dag.py for tasks to queue
[2023-09-14T16:55:45.029+0000] {logging_mixin.py:149} INFO - [2023-09-14T16:55:45.028+0000] {dagbag.py:541} INFO - Filling up the DagBag from /home/airflow/.local/lib/python3.7/site-packages/airflow/example_dags/example_skip_dag.py
[2023-09-14T16:55:45.069+0000] {processor.py:809} INFO - DAG(s) dict_keys(['example_skip_dag']) retrieved from /home/airflow/.local/lib/python3.7/site-packages/airflow/example_dags/example_skip_dag.py
[2023-09-14T16:55:45.321+0000] {logging_mixin.py:149} INFO - [2023-09-14T16:55:45.317+0000] {dag.py:2726} INFO - Sync 1 DAGs
[2023-09-14T16:55:45.459+0000] {logging_mixin.py:149} INFO - [2023-09-14T16:55:45.458+0000] {dag.py:3490} INFO - Setting next_dagrun for example_skip_dag to 2023-09-13T16:55:45.457169+00:00, run_after=2023-09-14T16:55:45.457169+00:00
[2023-09-14T16:55:45.568+0000] {processor.py:178} INFO - Processing /home/airflow/.local/lib/python3.7/site-packages/airflow/example_dags/example_skip_dag.py took 0.567 seconds
[2023-09-14T16:56:15.868+0000] {processor.py:156} INFO - Started process (PID=2056) to work on /home/airflow/.local/lib/python3.7/site-packages/airflow/example_dags/example_skip_dag.py
[2023-09-14T16:56:15.874+0000] {processor.py:799} INFO - Processing file /home/airflow/.local/lib/python3.7/site-packages/airflow/example_dags/example_skip_dag.py for tasks to queue
[2023-09-14T16:56:15.886+0000] {logging_mixin.py:149} INFO - [2023-09-14T16:56:15.877+0000] {dagbag.py:541} INFO - Filling up the DagBag from /home/airflow/.local/lib/python3.7/site-packages/airflow/example_dags/example_skip_dag.py
[2023-09-14T16:56:15.939+0000] {processor.py:809} INFO - DAG(s) dict_keys(['example_skip_dag']) retrieved from /home/airflow/.local/lib/python3.7/site-packages/airflow/example_dags/example_skip_dag.py
[2023-09-14T16:56:16.053+0000] {logging_mixin.py:149} INFO - [2023-09-14T16:56:16.053+0000] {dag.py:2726} INFO - Sync 1 DAGs
[2023-09-14T16:56:16.202+0000] {logging_mixin.py:149} INFO - [2023-09-14T16:56:16.201+0000] {dag.py:3490} INFO - Setting next_dagrun for example_skip_dag to 2023-09-13T16:56:16.200817+00:00, run_after=2023-09-14T16:56:16.200817+00:00
[2023-09-14T16:56:16.301+0000] {processor.py:178} INFO - Processing /home/airflow/.local/lib/python3.7/site-packages/airflow/example_dags/example_skip_dag.py took 0.449 seconds
[2023-09-14T16:56:47.086+0000] {processor.py:156} INFO - Started process (PID=2121) to work on /home/airflow/.local/lib/python3.7/site-packages/airflow/example_dags/example_skip_dag.py
[2023-09-14T16:56:47.090+0000] {processor.py:799} INFO - Processing file /home/airflow/.local/lib/python3.7/site-packages/airflow/example_dags/example_skip_dag.py for tasks to queue
[2023-09-14T16:56:47.095+0000] {logging_mixin.py:149} INFO - [2023-09-14T16:56:47.092+0000] {dagbag.py:541} INFO - Filling up the DagBag from /home/airflow/.local/lib/python3.7/site-packages/airflow/example_dags/example_skip_dag.py
[2023-09-14T16:56:47.137+0000] {processor.py:809} INFO - DAG(s) dict_keys(['example_skip_dag']) retrieved from /home/airflow/.local/lib/python3.7/site-packages/airflow/example_dags/example_skip_dag.py
[2023-09-14T16:56:47.274+0000] {logging_mixin.py:149} INFO - [2023-09-14T16:56:47.274+0000] {dag.py:2726} INFO - Sync 1 DAGs
[2023-09-14T16:56:47.399+0000] {logging_mixin.py:149} INFO - [2023-09-14T16:56:47.398+0000] {dag.py:3490} INFO - Setting next_dagrun for example_skip_dag to 2023-09-13T16:56:47.397301+00:00, run_after=2023-09-14T16:56:47.397301+00:00
[2023-09-14T16:56:47.508+0000] {processor.py:178} INFO - Processing /home/airflow/.local/lib/python3.7/site-packages/airflow/example_dags/example_skip_dag.py took 0.440 seconds
[2023-09-14T16:57:18.121+0000] {processor.py:156} INFO - Started process (PID=2186) to work on /home/airflow/.local/lib/python3.7/site-packages/airflow/example_dags/example_skip_dag.py
[2023-09-14T16:57:18.123+0000] {processor.py:799} INFO - Processing file /home/airflow/.local/lib/python3.7/site-packages/airflow/example_dags/example_skip_dag.py for tasks to queue
[2023-09-14T16:57:18.124+0000] {logging_mixin.py:149} INFO - [2023-09-14T16:57:18.124+0000] {dagbag.py:541} INFO - Filling up the DagBag from /home/airflow/.local/lib/python3.7/site-packages/airflow/example_dags/example_skip_dag.py
[2023-09-14T16:57:18.135+0000] {processor.py:809} INFO - DAG(s) dict_keys(['example_skip_dag']) retrieved from /home/airflow/.local/lib/python3.7/site-packages/airflow/example_dags/example_skip_dag.py
[2023-09-14T16:57:18.197+0000] {logging_mixin.py:149} INFO - [2023-09-14T16:57:18.197+0000] {dag.py:2726} INFO - Sync 1 DAGs
[2023-09-14T16:57:18.261+0000] {logging_mixin.py:149} INFO - [2023-09-14T16:57:18.261+0000] {dag.py:3490} INFO - Setting next_dagrun for example_skip_dag to 2023-09-13T16:57:18.261408+00:00, run_after=2023-09-14T16:57:18.261408+00:00
[2023-09-14T16:57:18.348+0000] {processor.py:178} INFO - Processing /home/airflow/.local/lib/python3.7/site-packages/airflow/example_dags/example_skip_dag.py took 0.234 seconds
[2023-09-14T16:57:48.907+0000] {processor.py:156} INFO - Started process (PID=2253) to work on /home/airflow/.local/lib/python3.7/site-packages/airflow/example_dags/example_skip_dag.py
[2023-09-14T16:57:48.909+0000] {processor.py:799} INFO - Processing file /home/airflow/.local/lib/python3.7/site-packages/airflow/example_dags/example_skip_dag.py for tasks to queue
[2023-09-14T16:57:48.912+0000] {logging_mixin.py:149} INFO - [2023-09-14T16:57:48.911+0000] {dagbag.py:541} INFO - Filling up the DagBag from /home/airflow/.local/lib/python3.7/site-packages/airflow/example_dags/example_skip_dag.py
[2023-09-14T16:57:48.934+0000] {processor.py:809} INFO - DAG(s) dict_keys(['example_skip_dag']) retrieved from /home/airflow/.local/lib/python3.7/site-packages/airflow/example_dags/example_skip_dag.py
[2023-09-14T16:57:48.993+0000] {logging_mixin.py:149} INFO - [2023-09-14T16:57:48.993+0000] {dag.py:2726} INFO - Sync 1 DAGs
[2023-09-14T16:57:49.052+0000] {logging_mixin.py:149} INFO - [2023-09-14T16:57:49.052+0000] {dag.py:3490} INFO - Setting next_dagrun for example_skip_dag to 2023-09-13T16:57:49.051723+00:00, run_after=2023-09-14T16:57:49.051723+00:00
[2023-09-14T16:57:49.148+0000] {processor.py:178} INFO - Processing /home/airflow/.local/lib/python3.7/site-packages/airflow/example_dags/example_skip_dag.py took 0.251 seconds
[2023-09-14T16:58:21.684+0000] {processor.py:156} INFO - Started process (PID=2318) to work on /home/airflow/.local/lib/python3.7/site-packages/airflow/example_dags/example_skip_dag.py
[2023-09-14T16:58:21.691+0000] {processor.py:799} INFO - Processing file /home/airflow/.local/lib/python3.7/site-packages/airflow/example_dags/example_skip_dag.py for tasks to queue
[2023-09-14T16:58:21.696+0000] {logging_mixin.py:149} INFO - [2023-09-14T16:58:21.696+0000] {dagbag.py:541} INFO - Filling up the DagBag from /home/airflow/.local/lib/python3.7/site-packages/airflow/example_dags/example_skip_dag.py
[2023-09-14T16:58:21.754+0000] {processor.py:809} INFO - DAG(s) dict_keys(['example_skip_dag']) retrieved from /home/airflow/.local/lib/python3.7/site-packages/airflow/example_dags/example_skip_dag.py
[2023-09-14T16:58:22.254+0000] {logging_mixin.py:149} INFO - [2023-09-14T16:58:22.253+0000] {dag.py:2726} INFO - Sync 1 DAGs
[2023-09-14T16:58:22.610+0000] {logging_mixin.py:149} INFO - [2023-09-14T16:58:22.610+0000] {dag.py:3490} INFO - Setting next_dagrun for example_skip_dag to 2023-09-13T16:58:22.607016+00:00, run_after=2023-09-14T16:58:22.607016+00:00
[2023-09-14T16:58:22.878+0000] {processor.py:178} INFO - Processing /home/airflow/.local/lib/python3.7/site-packages/airflow/example_dags/example_skip_dag.py took 1.213 seconds
[2023-09-14T16:58:58.849+0000] {processor.py:156} INFO - Started process (PID=2385) to work on /home/airflow/.local/lib/python3.7/site-packages/airflow/example_dags/example_skip_dag.py
[2023-09-14T16:58:58.855+0000] {processor.py:799} INFO - Processing file /home/airflow/.local/lib/python3.7/site-packages/airflow/example_dags/example_skip_dag.py for tasks to queue
[2023-09-14T16:58:58.860+0000] {logging_mixin.py:149} INFO - [2023-09-14T16:58:58.859+0000] {dagbag.py:541} INFO - Filling up the DagBag from /home/airflow/.local/lib/python3.7/site-packages/airflow/example_dags/example_skip_dag.py
[2023-09-14T16:58:58.887+0000] {processor.py:809} INFO - DAG(s) dict_keys(['example_skip_dag']) retrieved from /home/airflow/.local/lib/python3.7/site-packages/airflow/example_dags/example_skip_dag.py
[2023-09-14T16:58:59.012+0000] {logging_mixin.py:149} INFO - [2023-09-14T16:58:59.012+0000] {dag.py:2726} INFO - Sync 1 DAGs
[2023-09-14T16:58:59.129+0000] {logging_mixin.py:149} INFO - [2023-09-14T16:58:59.129+0000] {dag.py:3490} INFO - Setting next_dagrun for example_skip_dag to 2023-09-13T16:58:59.128685+00:00, run_after=2023-09-14T16:58:59.128685+00:00
[2023-09-14T16:58:59.262+0000] {processor.py:178} INFO - Processing /home/airflow/.local/lib/python3.7/site-packages/airflow/example_dags/example_skip_dag.py took 0.421 seconds
[2023-09-14T16:59:31.544+0000] {processor.py:156} INFO - Started process (PID=2448) to work on /home/airflow/.local/lib/python3.7/site-packages/airflow/example_dags/example_skip_dag.py
[2023-09-14T16:59:31.548+0000] {processor.py:799} INFO - Processing file /home/airflow/.local/lib/python3.7/site-packages/airflow/example_dags/example_skip_dag.py for tasks to queue
[2023-09-14T16:59:31.552+0000] {logging_mixin.py:149} INFO - [2023-09-14T16:59:31.552+0000] {dagbag.py:541} INFO - Filling up the DagBag from /home/airflow/.local/lib/python3.7/site-packages/airflow/example_dags/example_skip_dag.py
[2023-09-14T16:59:31.636+0000] {processor.py:809} INFO - DAG(s) dict_keys(['example_skip_dag']) retrieved from /home/airflow/.local/lib/python3.7/site-packages/airflow/example_dags/example_skip_dag.py
[2023-09-14T16:59:31.753+0000] {logging_mixin.py:149} INFO - [2023-09-14T16:59:31.752+0000] {dag.py:2726} INFO - Sync 1 DAGs
[2023-09-14T16:59:31.930+0000] {logging_mixin.py:149} INFO - [2023-09-14T16:59:31.929+0000] {dag.py:3490} INFO - Setting next_dagrun for example_skip_dag to 2023-09-13T16:59:31.929055+00:00, run_after=2023-09-14T16:59:31.929055+00:00
[2023-09-14T16:59:32.046+0000] {processor.py:178} INFO - Processing /home/airflow/.local/lib/python3.7/site-packages/airflow/example_dags/example_skip_dag.py took 0.514 seconds
[2023-09-14T17:00:06.925+0000] {processor.py:156} INFO - Started process (PID=2514) to work on /home/airflow/.local/lib/python3.7/site-packages/airflow/example_dags/example_skip_dag.py
[2023-09-14T17:00:06.956+0000] {processor.py:799} INFO - Processing file /home/airflow/.local/lib/python3.7/site-packages/airflow/example_dags/example_skip_dag.py for tasks to queue
[2023-09-14T17:00:06.966+0000] {logging_mixin.py:149} INFO - [2023-09-14T17:00:06.965+0000] {dagbag.py:541} INFO - Filling up the DagBag from /home/airflow/.local/lib/python3.7/site-packages/airflow/example_dags/example_skip_dag.py
[2023-09-14T17:00:07.042+0000] {processor.py:809} INFO - DAG(s) dict_keys(['example_skip_dag']) retrieved from /home/airflow/.local/lib/python3.7/site-packages/airflow/example_dags/example_skip_dag.py
[2023-09-14T17:00:07.258+0000] {logging_mixin.py:149} INFO - [2023-09-14T17:00:07.258+0000] {dag.py:2726} INFO - Sync 1 DAGs
[2023-09-14T17:00:07.467+0000] {logging_mixin.py:149} INFO - [2023-09-14T17:00:07.467+0000] {dag.py:3490} INFO - Setting next_dagrun for example_skip_dag to 2023-09-13T17:00:07.465893+00:00, run_after=2023-09-14T17:00:07.465893+00:00
[2023-09-14T17:00:07.571+0000] {processor.py:178} INFO - Processing /home/airflow/.local/lib/python3.7/site-packages/airflow/example_dags/example_skip_dag.py took 0.672 seconds
[2023-09-14T17:00:38.262+0000] {processor.py:156} INFO - Started process (PID=2577) to work on /home/airflow/.local/lib/python3.7/site-packages/airflow/example_dags/example_skip_dag.py
[2023-09-14T17:00:38.264+0000] {processor.py:799} INFO - Processing file /home/airflow/.local/lib/python3.7/site-packages/airflow/example_dags/example_skip_dag.py for tasks to queue
[2023-09-14T17:00:38.267+0000] {logging_mixin.py:149} INFO - [2023-09-14T17:00:38.266+0000] {dagbag.py:541} INFO - Filling up the DagBag from /home/airflow/.local/lib/python3.7/site-packages/airflow/example_dags/example_skip_dag.py
[2023-09-14T17:00:38.329+0000] {processor.py:809} INFO - DAG(s) dict_keys(['example_skip_dag']) retrieved from /home/airflow/.local/lib/python3.7/site-packages/airflow/example_dags/example_skip_dag.py
[2023-09-14T17:00:38.382+0000] {logging_mixin.py:149} INFO - [2023-09-14T17:00:38.382+0000] {dag.py:2726} INFO - Sync 1 DAGs
[2023-09-14T17:00:38.457+0000] {logging_mixin.py:149} INFO - [2023-09-14T17:00:38.456+0000] {dag.py:3490} INFO - Setting next_dagrun for example_skip_dag to 2023-09-13T17:00:38.456247+00:00, run_after=2023-09-14T17:00:38.456247+00:00
[2023-09-14T17:00:38.554+0000] {processor.py:178} INFO - Processing /home/airflow/.local/lib/python3.7/site-packages/airflow/example_dags/example_skip_dag.py took 0.298 seconds
[2023-09-14T17:01:08.820+0000] {processor.py:156} INFO - Started process (PID=2641) to work on /home/airflow/.local/lib/python3.7/site-packages/airflow/example_dags/example_skip_dag.py
[2023-09-14T17:01:08.830+0000] {processor.py:799} INFO - Processing file /home/airflow/.local/lib/python3.7/site-packages/airflow/example_dags/example_skip_dag.py for tasks to queue
[2023-09-14T17:01:08.840+0000] {logging_mixin.py:149} INFO - [2023-09-14T17:01:08.839+0000] {dagbag.py:541} INFO - Filling up the DagBag from /home/airflow/.local/lib/python3.7/site-packages/airflow/example_dags/example_skip_dag.py
[2023-09-14T17:01:08.884+0000] {processor.py:809} INFO - DAG(s) dict_keys(['example_skip_dag']) retrieved from /home/airflow/.local/lib/python3.7/site-packages/airflow/example_dags/example_skip_dag.py
[2023-09-14T17:01:09.066+0000] {logging_mixin.py:149} INFO - [2023-09-14T17:01:09.065+0000] {dag.py:2726} INFO - Sync 1 DAGs
[2023-09-14T17:01:09.185+0000] {logging_mixin.py:149} INFO - [2023-09-14T17:01:09.184+0000] {dag.py:3490} INFO - Setting next_dagrun for example_skip_dag to 2023-09-13T17:01:09.182831+00:00, run_after=2023-09-14T17:01:09.182831+00:00
[2023-09-14T17:01:09.283+0000] {processor.py:178} INFO - Processing /home/airflow/.local/lib/python3.7/site-packages/airflow/example_dags/example_skip_dag.py took 0.480 seconds
[2023-09-14T17:01:39.785+0000] {processor.py:156} INFO - Started process (PID=2705) to work on /home/airflow/.local/lib/python3.7/site-packages/airflow/example_dags/example_skip_dag.py
[2023-09-14T17:01:39.789+0000] {processor.py:799} INFO - Processing file /home/airflow/.local/lib/python3.7/site-packages/airflow/example_dags/example_skip_dag.py for tasks to queue
[2023-09-14T17:01:39.794+0000] {logging_mixin.py:149} INFO - [2023-09-14T17:01:39.793+0000] {dagbag.py:541} INFO - Filling up the DagBag from /home/airflow/.local/lib/python3.7/site-packages/airflow/example_dags/example_skip_dag.py
[2023-09-14T17:01:39.813+0000] {processor.py:809} INFO - DAG(s) dict_keys(['example_skip_dag']) retrieved from /home/airflow/.local/lib/python3.7/site-packages/airflow/example_dags/example_skip_dag.py
[2023-09-14T17:01:39.870+0000] {logging_mixin.py:149} INFO - [2023-09-14T17:01:39.870+0000] {dag.py:2726} INFO - Sync 1 DAGs
[2023-09-14T17:01:39.931+0000] {logging_mixin.py:149} INFO - [2023-09-14T17:01:39.931+0000] {dag.py:3490} INFO - Setting next_dagrun for example_skip_dag to 2023-09-13T17:01:39.930174+00:00, run_after=2023-09-14T17:01:39.930174+00:00
[2023-09-14T17:01:39.977+0000] {processor.py:178} INFO - Processing /home/airflow/.local/lib/python3.7/site-packages/airflow/example_dags/example_skip_dag.py took 0.200 seconds
[2023-09-14T17:02:10.596+0000] {processor.py:156} INFO - Started process (PID=2769) to work on /home/airflow/.local/lib/python3.7/site-packages/airflow/example_dags/example_skip_dag.py
[2023-09-14T17:02:10.597+0000] {processor.py:799} INFO - Processing file /home/airflow/.local/lib/python3.7/site-packages/airflow/example_dags/example_skip_dag.py for tasks to queue
[2023-09-14T17:02:10.599+0000] {logging_mixin.py:149} INFO - [2023-09-14T17:02:10.599+0000] {dagbag.py:541} INFO - Filling up the DagBag from /home/airflow/.local/lib/python3.7/site-packages/airflow/example_dags/example_skip_dag.py
[2023-09-14T17:02:10.661+0000] {processor.py:809} INFO - DAG(s) dict_keys(['example_skip_dag']) retrieved from /home/airflow/.local/lib/python3.7/site-packages/airflow/example_dags/example_skip_dag.py
[2023-09-14T17:02:10.762+0000] {logging_mixin.py:149} INFO - [2023-09-14T17:02:10.761+0000] {dag.py:2726} INFO - Sync 1 DAGs
[2023-09-14T17:02:10.865+0000] {logging_mixin.py:149} INFO - [2023-09-14T17:02:10.865+0000] {dag.py:3490} INFO - Setting next_dagrun for example_skip_dag to 2023-09-13T17:02:10.863787+00:00, run_after=2023-09-14T17:02:10.863787+00:00
[2023-09-14T17:02:10.943+0000] {processor.py:178} INFO - Processing /home/airflow/.local/lib/python3.7/site-packages/airflow/example_dags/example_skip_dag.py took 0.415 seconds
