[2023-09-14T16:10:08.421+0000] {processor.py:156} INFO - Started process (PID=53) to work on /home/airflow/.local/lib/python3.7/site-packages/airflow/example_dags/example_task_group_decorator.py
[2023-09-14T16:10:08.445+0000] {processor.py:799} INFO - Processing file /home/airflow/.local/lib/python3.7/site-packages/airflow/example_dags/example_task_group_decorator.py for tasks to queue
[2023-09-14T16:10:08.449+0000] {logging_mixin.py:149} INFO - [2023-09-14T16:10:08.448+0000] {dagbag.py:541} INFO - Filling up the DagBag from /home/airflow/.local/lib/python3.7/site-packages/airflow/example_dags/example_task_group_decorator.py
[2023-09-14T16:10:08.610+0000] {processor.py:809} INFO - DAG(s) dict_keys(['example_task_group_decorator']) retrieved from /home/airflow/.local/lib/python3.7/site-packages/airflow/example_dags/example_task_group_decorator.py
[2023-09-14T16:10:09.483+0000] {logging_mixin.py:149} INFO - [2023-09-14T16:10:09.482+0000] {dag.py:2726} INFO - Sync 1 DAGs
[2023-09-14T16:10:09.865+0000] {logging_mixin.py:149} INFO - [2023-09-14T16:10:09.864+0000] {dag.py:3490} INFO - Setting next_dagrun for example_task_group_decorator to 2023-09-13T16:10:09.864048+00:00, run_after=2023-09-14T16:10:09.864048+00:00
[2023-09-14T16:10:10.261+0000] {processor.py:178} INFO - Processing /home/airflow/.local/lib/python3.7/site-packages/airflow/example_dags/example_task_group_decorator.py took 1.850 seconds
[2023-09-14T16:11:46.742+0000] {processor.py:156} INFO - Started process (PID=129) to work on /home/airflow/.local/lib/python3.7/site-packages/airflow/example_dags/example_task_group_decorator.py
[2023-09-14T16:11:46.761+0000] {processor.py:799} INFO - Processing file /home/airflow/.local/lib/python3.7/site-packages/airflow/example_dags/example_task_group_decorator.py for tasks to queue
[2023-09-14T16:11:46.766+0000] {logging_mixin.py:149} INFO - [2023-09-14T16:11:46.765+0000] {dagbag.py:541} INFO - Filling up the DagBag from /home/airflow/.local/lib/python3.7/site-packages/airflow/example_dags/example_task_group_decorator.py
[2023-09-14T16:11:46.892+0000] {processor.py:809} INFO - DAG(s) dict_keys(['example_task_group_decorator']) retrieved from /home/airflow/.local/lib/python3.7/site-packages/airflow/example_dags/example_task_group_decorator.py
[2023-09-14T16:11:47.079+0000] {logging_mixin.py:149} INFO - [2023-09-14T16:11:47.079+0000] {dag.py:2726} INFO - Sync 1 DAGs
[2023-09-14T16:11:47.566+0000] {logging_mixin.py:149} INFO - [2023-09-14T16:11:47.565+0000] {dag.py:3490} INFO - Setting next_dagrun for example_task_group_decorator to 2023-09-13T16:11:47.565282+00:00, run_after=2023-09-14T16:11:47.565282+00:00
[2023-09-14T16:11:47.679+0000] {processor.py:178} INFO - Processing /home/airflow/.local/lib/python3.7/site-packages/airflow/example_dags/example_task_group_decorator.py took 0.969 seconds
[2023-09-14T16:12:22.693+0000] {processor.py:156} INFO - Started process (PID=188) to work on /home/airflow/.local/lib/python3.7/site-packages/airflow/example_dags/example_task_group_decorator.py
[2023-09-14T16:12:22.701+0000] {processor.py:799} INFO - Processing file /home/airflow/.local/lib/python3.7/site-packages/airflow/example_dags/example_task_group_decorator.py for tasks to queue
[2023-09-14T16:12:22.734+0000] {logging_mixin.py:149} INFO - [2023-09-14T16:12:22.734+0000] {dagbag.py:541} INFO - Filling up the DagBag from /home/airflow/.local/lib/python3.7/site-packages/airflow/example_dags/example_task_group_decorator.py
[2023-09-14T16:12:23.511+0000] {processor.py:809} INFO - DAG(s) dict_keys(['example_task_group_decorator']) retrieved from /home/airflow/.local/lib/python3.7/site-packages/airflow/example_dags/example_task_group_decorator.py
[2023-09-14T16:12:23.660+0000] {logging_mixin.py:149} INFO - [2023-09-14T16:12:23.660+0000] {dag.py:2726} INFO - Sync 1 DAGs
[2023-09-14T16:12:23.807+0000] {logging_mixin.py:149} INFO - [2023-09-14T16:12:23.806+0000] {dag.py:3490} INFO - Setting next_dagrun for example_task_group_decorator to 2023-09-13T16:12:23.806041+00:00, run_after=2023-09-14T16:12:23.806041+00:00
[2023-09-14T16:12:23.922+0000] {processor.py:178} INFO - Processing /home/airflow/.local/lib/python3.7/site-packages/airflow/example_dags/example_task_group_decorator.py took 1.262 seconds
[2023-09-14T16:13:00.466+0000] {processor.py:156} INFO - Started process (PID=249) to work on /home/airflow/.local/lib/python3.7/site-packages/airflow/example_dags/example_task_group_decorator.py
[2023-09-14T16:13:00.480+0000] {processor.py:799} INFO - Processing file /home/airflow/.local/lib/python3.7/site-packages/airflow/example_dags/example_task_group_decorator.py for tasks to queue
[2023-09-14T16:13:00.494+0000] {logging_mixin.py:149} INFO - [2023-09-14T16:13:00.493+0000] {dagbag.py:541} INFO - Filling up the DagBag from /home/airflow/.local/lib/python3.7/site-packages/airflow/example_dags/example_task_group_decorator.py
[2023-09-14T16:13:00.654+0000] {processor.py:809} INFO - DAG(s) dict_keys(['example_task_group_decorator']) retrieved from /home/airflow/.local/lib/python3.7/site-packages/airflow/example_dags/example_task_group_decorator.py
[2023-09-14T16:13:00.859+0000] {logging_mixin.py:149} INFO - [2023-09-14T16:13:00.859+0000] {dag.py:2726} INFO - Sync 1 DAGs
[2023-09-14T16:13:01.080+0000] {logging_mixin.py:149} INFO - [2023-09-14T16:13:01.079+0000] {dag.py:3490} INFO - Setting next_dagrun for example_task_group_decorator to 2023-09-13T16:13:01.078753+00:00, run_after=2023-09-14T16:13:01.078753+00:00
[2023-09-14T16:13:01.241+0000] {processor.py:178} INFO - Processing /home/airflow/.local/lib/python3.7/site-packages/airflow/example_dags/example_task_group_decorator.py took 0.790 seconds
[2023-09-14T16:13:32.347+0000] {processor.py:156} INFO - Started process (PID=310) to work on /home/airflow/.local/lib/python3.7/site-packages/airflow/example_dags/example_task_group_decorator.py
[2023-09-14T16:13:32.355+0000] {processor.py:799} INFO - Processing file /home/airflow/.local/lib/python3.7/site-packages/airflow/example_dags/example_task_group_decorator.py for tasks to queue
[2023-09-14T16:13:32.362+0000] {logging_mixin.py:149} INFO - [2023-09-14T16:13:32.361+0000] {dagbag.py:541} INFO - Filling up the DagBag from /home/airflow/.local/lib/python3.7/site-packages/airflow/example_dags/example_task_group_decorator.py
[2023-09-14T16:13:32.582+0000] {processor.py:809} INFO - DAG(s) dict_keys(['example_task_group_decorator']) retrieved from /home/airflow/.local/lib/python3.7/site-packages/airflow/example_dags/example_task_group_decorator.py
[2023-09-14T16:13:33.045+0000] {logging_mixin.py:149} INFO - [2023-09-14T16:13:33.044+0000] {dag.py:2726} INFO - Sync 1 DAGs
[2023-09-14T16:13:33.546+0000] {logging_mixin.py:149} INFO - [2023-09-14T16:13:33.546+0000] {dag.py:3490} INFO - Setting next_dagrun for example_task_group_decorator to 2023-09-13T16:13:33.540612+00:00, run_after=2023-09-14T16:13:33.540612+00:00
[2023-09-14T16:13:37.648+0000] {processor.py:178} INFO - Processing /home/airflow/.local/lib/python3.7/site-packages/airflow/example_dags/example_task_group_decorator.py took 5.320 seconds
[2023-09-14T16:14:07.995+0000] {processor.py:156} INFO - Started process (PID=371) to work on /home/airflow/.local/lib/python3.7/site-packages/airflow/example_dags/example_task_group_decorator.py
[2023-09-14T16:14:08.003+0000] {processor.py:799} INFO - Processing file /home/airflow/.local/lib/python3.7/site-packages/airflow/example_dags/example_task_group_decorator.py for tasks to queue
[2023-09-14T16:14:08.009+0000] {logging_mixin.py:149} INFO - [2023-09-14T16:14:08.009+0000] {dagbag.py:541} INFO - Filling up the DagBag from /home/airflow/.local/lib/python3.7/site-packages/airflow/example_dags/example_task_group_decorator.py
[2023-09-14T16:14:08.079+0000] {processor.py:809} INFO - DAG(s) dict_keys(['example_task_group_decorator']) retrieved from /home/airflow/.local/lib/python3.7/site-packages/airflow/example_dags/example_task_group_decorator.py
[2023-09-14T16:14:08.184+0000] {logging_mixin.py:149} INFO - [2023-09-14T16:14:08.183+0000] {dag.py:2726} INFO - Sync 1 DAGs
[2023-09-14T16:14:08.274+0000] {logging_mixin.py:149} INFO - [2023-09-14T16:14:08.273+0000] {dag.py:3490} INFO - Setting next_dagrun for example_task_group_decorator to 2023-09-13T16:14:08.273138+00:00, run_after=2023-09-14T16:14:08.273138+00:00
[2023-09-14T16:14:08.351+0000] {processor.py:178} INFO - Processing /home/airflow/.local/lib/python3.7/site-packages/airflow/example_dags/example_task_group_decorator.py took 0.366 seconds
[2023-09-14T16:14:38.613+0000] {processor.py:156} INFO - Started process (PID=432) to work on /home/airflow/.local/lib/python3.7/site-packages/airflow/example_dags/example_task_group_decorator.py
[2023-09-14T16:14:38.615+0000] {processor.py:799} INFO - Processing file /home/airflow/.local/lib/python3.7/site-packages/airflow/example_dags/example_task_group_decorator.py for tasks to queue
[2023-09-14T16:14:38.617+0000] {logging_mixin.py:149} INFO - [2023-09-14T16:14:38.617+0000] {dagbag.py:541} INFO - Filling up the DagBag from /home/airflow/.local/lib/python3.7/site-packages/airflow/example_dags/example_task_group_decorator.py
[2023-09-14T16:14:38.653+0000] {processor.py:809} INFO - DAG(s) dict_keys(['example_task_group_decorator']) retrieved from /home/airflow/.local/lib/python3.7/site-packages/airflow/example_dags/example_task_group_decorator.py
[2023-09-14T16:14:38.717+0000] {logging_mixin.py:149} INFO - [2023-09-14T16:14:38.716+0000] {dag.py:2726} INFO - Sync 1 DAGs
[2023-09-14T16:14:38.794+0000] {logging_mixin.py:149} INFO - [2023-09-14T16:14:38.794+0000] {dag.py:3490} INFO - Setting next_dagrun for example_task_group_decorator to 2023-09-13T16:14:38.793341+00:00, run_after=2023-09-14T16:14:38.793341+00:00
[2023-09-14T16:14:38.863+0000] {processor.py:178} INFO - Processing /home/airflow/.local/lib/python3.7/site-packages/airflow/example_dags/example_task_group_decorator.py took 0.257 seconds
[2023-09-14T16:15:09.549+0000] {processor.py:156} INFO - Started process (PID=493) to work on /home/airflow/.local/lib/python3.7/site-packages/airflow/example_dags/example_task_group_decorator.py
[2023-09-14T16:15:09.552+0000] {processor.py:799} INFO - Processing file /home/airflow/.local/lib/python3.7/site-packages/airflow/example_dags/example_task_group_decorator.py for tasks to queue
[2023-09-14T16:15:09.554+0000] {logging_mixin.py:149} INFO - [2023-09-14T16:15:09.554+0000] {dagbag.py:541} INFO - Filling up the DagBag from /home/airflow/.local/lib/python3.7/site-packages/airflow/example_dags/example_task_group_decorator.py
[2023-09-14T16:15:09.603+0000] {processor.py:809} INFO - DAG(s) dict_keys(['example_task_group_decorator']) retrieved from /home/airflow/.local/lib/python3.7/site-packages/airflow/example_dags/example_task_group_decorator.py
[2023-09-14T16:15:09.673+0000] {logging_mixin.py:149} INFO - [2023-09-14T16:15:09.673+0000] {dag.py:2726} INFO - Sync 1 DAGs
[2023-09-14T16:15:09.749+0000] {logging_mixin.py:149} INFO - [2023-09-14T16:15:09.748+0000] {dag.py:3490} INFO - Setting next_dagrun for example_task_group_decorator to 2023-09-13T16:15:09.748293+00:00, run_after=2023-09-14T16:15:09.748293+00:00
[2023-09-14T16:15:09.801+0000] {processor.py:178} INFO - Processing /home/airflow/.local/lib/python3.7/site-packages/airflow/example_dags/example_task_group_decorator.py took 0.258 seconds
[2023-09-14T16:15:40.603+0000] {processor.py:156} INFO - Started process (PID=554) to work on /home/airflow/.local/lib/python3.7/site-packages/airflow/example_dags/example_task_group_decorator.py
[2023-09-14T16:15:40.605+0000] {processor.py:799} INFO - Processing file /home/airflow/.local/lib/python3.7/site-packages/airflow/example_dags/example_task_group_decorator.py for tasks to queue
[2023-09-14T16:15:40.607+0000] {logging_mixin.py:149} INFO - [2023-09-14T16:15:40.607+0000] {dagbag.py:541} INFO - Filling up the DagBag from /home/airflow/.local/lib/python3.7/site-packages/airflow/example_dags/example_task_group_decorator.py
[2023-09-14T16:15:40.638+0000] {processor.py:809} INFO - DAG(s) dict_keys(['example_task_group_decorator']) retrieved from /home/airflow/.local/lib/python3.7/site-packages/airflow/example_dags/example_task_group_decorator.py
[2023-09-14T16:15:40.692+0000] {logging_mixin.py:149} INFO - [2023-09-14T16:15:40.692+0000] {dag.py:2726} INFO - Sync 1 DAGs
[2023-09-14T16:15:40.739+0000] {logging_mixin.py:149} INFO - [2023-09-14T16:15:40.739+0000] {dag.py:3490} INFO - Setting next_dagrun for example_task_group_decorator to 2023-09-13T16:15:40.739292+00:00, run_after=2023-09-14T16:15:40.739292+00:00
[2023-09-14T16:15:40.794+0000] {processor.py:178} INFO - Processing /home/airflow/.local/lib/python3.7/site-packages/airflow/example_dags/example_task_group_decorator.py took 0.199 seconds
[2023-09-14T16:16:11.133+0000] {processor.py:156} INFO - Started process (PID=615) to work on /home/airflow/.local/lib/python3.7/site-packages/airflow/example_dags/example_task_group_decorator.py
[2023-09-14T16:16:11.135+0000] {processor.py:799} INFO - Processing file /home/airflow/.local/lib/python3.7/site-packages/airflow/example_dags/example_task_group_decorator.py for tasks to queue
[2023-09-14T16:16:11.137+0000] {logging_mixin.py:149} INFO - [2023-09-14T16:16:11.137+0000] {dagbag.py:541} INFO - Filling up the DagBag from /home/airflow/.local/lib/python3.7/site-packages/airflow/example_dags/example_task_group_decorator.py
[2023-09-14T16:16:11.174+0000] {processor.py:809} INFO - DAG(s) dict_keys(['example_task_group_decorator']) retrieved from /home/airflow/.local/lib/python3.7/site-packages/airflow/example_dags/example_task_group_decorator.py
[2023-09-14T16:16:11.239+0000] {logging_mixin.py:149} INFO - [2023-09-14T16:16:11.238+0000] {dag.py:2726} INFO - Sync 1 DAGs
[2023-09-14T16:16:11.310+0000] {logging_mixin.py:149} INFO - [2023-09-14T16:16:11.310+0000] {dag.py:3490} INFO - Setting next_dagrun for example_task_group_decorator to 2023-09-13T16:16:11.309251+00:00, run_after=2023-09-14T16:16:11.309251+00:00
[2023-09-14T16:16:11.366+0000] {processor.py:178} INFO - Processing /home/airflow/.local/lib/python3.7/site-packages/airflow/example_dags/example_task_group_decorator.py took 0.240 seconds
[2023-09-14T16:16:41.528+0000] {processor.py:156} INFO - Started process (PID=676) to work on /home/airflow/.local/lib/python3.7/site-packages/airflow/example_dags/example_task_group_decorator.py
[2023-09-14T16:16:41.531+0000] {processor.py:799} INFO - Processing file /home/airflow/.local/lib/python3.7/site-packages/airflow/example_dags/example_task_group_decorator.py for tasks to queue
[2023-09-14T16:16:41.533+0000] {logging_mixin.py:149} INFO - [2023-09-14T16:16:41.533+0000] {dagbag.py:541} INFO - Filling up the DagBag from /home/airflow/.local/lib/python3.7/site-packages/airflow/example_dags/example_task_group_decorator.py
[2023-09-14T16:16:41.564+0000] {processor.py:809} INFO - DAG(s) dict_keys(['example_task_group_decorator']) retrieved from /home/airflow/.local/lib/python3.7/site-packages/airflow/example_dags/example_task_group_decorator.py
[2023-09-14T16:16:41.623+0000] {logging_mixin.py:149} INFO - [2023-09-14T16:16:41.623+0000] {dag.py:2726} INFO - Sync 1 DAGs
[2023-09-14T16:16:41.672+0000] {logging_mixin.py:149} INFO - [2023-09-14T16:16:41.671+0000] {dag.py:3490} INFO - Setting next_dagrun for example_task_group_decorator to 2023-09-13T16:16:41.671190+00:00, run_after=2023-09-14T16:16:41.671190+00:00
[2023-09-14T16:16:41.715+0000] {processor.py:178} INFO - Processing /home/airflow/.local/lib/python3.7/site-packages/airflow/example_dags/example_task_group_decorator.py took 0.193 seconds
[2023-09-14T16:35:34.432+0000] {processor.py:156} INFO - Started process (PID=46) to work on /home/airflow/.local/lib/python3.7/site-packages/airflow/example_dags/example_task_group_decorator.py
[2023-09-14T16:35:34.449+0000] {processor.py:799} INFO - Processing file /home/airflow/.local/lib/python3.7/site-packages/airflow/example_dags/example_task_group_decorator.py for tasks to queue
[2023-09-14T16:35:34.452+0000] {logging_mixin.py:149} INFO - [2023-09-14T16:35:34.451+0000] {dagbag.py:541} INFO - Filling up the DagBag from /home/airflow/.local/lib/python3.7/site-packages/airflow/example_dags/example_task_group_decorator.py
[2023-09-14T16:35:34.571+0000] {processor.py:809} INFO - DAG(s) dict_keys(['example_task_group_decorator']) retrieved from /home/airflow/.local/lib/python3.7/site-packages/airflow/example_dags/example_task_group_decorator.py
[2023-09-14T16:35:34.819+0000] {logging_mixin.py:149} INFO - [2023-09-14T16:35:34.807+0000] {dag.py:2726} INFO - Sync 1 DAGs
[2023-09-14T16:35:35.122+0000] {logging_mixin.py:149} INFO - [2023-09-14T16:35:35.122+0000] {dag.py:3490} INFO - Setting next_dagrun for example_task_group_decorator to 2023-09-13T16:35:35.121468+00:00, run_after=2023-09-14T16:35:35.121468+00:00
[2023-09-14T16:35:35.241+0000] {processor.py:178} INFO - Processing /home/airflow/.local/lib/python3.7/site-packages/airflow/example_dags/example_task_group_decorator.py took 0.832 seconds
[2023-09-14T16:36:32.471+0000] {processor.py:156} INFO - Started process (PID=114) to work on /home/airflow/.local/lib/python3.7/site-packages/airflow/example_dags/example_task_group_decorator.py
[2023-09-14T16:36:32.476+0000] {processor.py:799} INFO - Processing file /home/airflow/.local/lib/python3.7/site-packages/airflow/example_dags/example_task_group_decorator.py for tasks to queue
[2023-09-14T16:36:32.479+0000] {logging_mixin.py:149} INFO - [2023-09-14T16:36:32.478+0000] {dagbag.py:541} INFO - Filling up the DagBag from /home/airflow/.local/lib/python3.7/site-packages/airflow/example_dags/example_task_group_decorator.py
[2023-09-14T16:36:32.512+0000] {processor.py:809} INFO - DAG(s) dict_keys(['example_task_group_decorator']) retrieved from /home/airflow/.local/lib/python3.7/site-packages/airflow/example_dags/example_task_group_decorator.py
[2023-09-14T16:36:32.584+0000] {logging_mixin.py:149} INFO - [2023-09-14T16:36:32.583+0000] {dag.py:2726} INFO - Sync 1 DAGs
[2023-09-14T16:36:32.684+0000] {logging_mixin.py:149} INFO - [2023-09-14T16:36:32.683+0000] {dag.py:3490} INFO - Setting next_dagrun for example_task_group_decorator to 2023-09-13T16:36:32.681946+00:00, run_after=2023-09-14T16:36:32.681946+00:00
[2023-09-14T16:36:33.369+0000] {processor.py:178} INFO - Processing /home/airflow/.local/lib/python3.7/site-packages/airflow/example_dags/example_task_group_decorator.py took 0.906 seconds
[2023-09-14T16:38:35.054+0000] {processor.py:156} INFO - Started process (PID=39) to work on /home/airflow/.local/lib/python3.7/site-packages/airflow/example_dags/example_task_group_decorator.py
[2023-09-14T16:38:35.058+0000] {processor.py:799} INFO - Processing file /home/airflow/.local/lib/python3.7/site-packages/airflow/example_dags/example_task_group_decorator.py for tasks to queue
[2023-09-14T16:38:35.060+0000] {logging_mixin.py:149} INFO - [2023-09-14T16:38:35.060+0000] {dagbag.py:541} INFO - Filling up the DagBag from /home/airflow/.local/lib/python3.7/site-packages/airflow/example_dags/example_task_group_decorator.py
[2023-09-14T16:38:35.173+0000] {processor.py:809} INFO - DAG(s) dict_keys(['example_task_group_decorator']) retrieved from /home/airflow/.local/lib/python3.7/site-packages/airflow/example_dags/example_task_group_decorator.py
[2023-09-14T16:38:35.525+0000] {logging_mixin.py:149} INFO - [2023-09-14T16:38:35.523+0000] {dag.py:2726} INFO - Sync 1 DAGs
[2023-09-14T16:38:35.759+0000] {logging_mixin.py:149} INFO - [2023-09-14T16:38:35.758+0000] {dag.py:3490} INFO - Setting next_dagrun for example_task_group_decorator to 2023-09-13T16:38:35.747448+00:00, run_after=2023-09-14T16:38:35.747448+00:00
[2023-09-14T16:38:35.876+0000] {processor.py:178} INFO - Processing /home/airflow/.local/lib/python3.7/site-packages/airflow/example_dags/example_task_group_decorator.py took 0.836 seconds
[2023-09-14T16:39:33.383+0000] {processor.py:156} INFO - Started process (PID=106) to work on /home/airflow/.local/lib/python3.7/site-packages/airflow/example_dags/example_task_group_decorator.py
[2023-09-14T16:39:33.386+0000] {processor.py:799} INFO - Processing file /home/airflow/.local/lib/python3.7/site-packages/airflow/example_dags/example_task_group_decorator.py for tasks to queue
[2023-09-14T16:39:33.390+0000] {logging_mixin.py:149} INFO - [2023-09-14T16:39:33.389+0000] {dagbag.py:541} INFO - Filling up the DagBag from /home/airflow/.local/lib/python3.7/site-packages/airflow/example_dags/example_task_group_decorator.py
[2023-09-14T16:39:33.437+0000] {processor.py:809} INFO - DAG(s) dict_keys(['example_task_group_decorator']) retrieved from /home/airflow/.local/lib/python3.7/site-packages/airflow/example_dags/example_task_group_decorator.py
[2023-09-14T16:39:33.553+0000] {logging_mixin.py:149} INFO - [2023-09-14T16:39:33.552+0000] {dag.py:2726} INFO - Sync 1 DAGs
[2023-09-14T16:39:33.661+0000] {logging_mixin.py:149} INFO - [2023-09-14T16:39:33.660+0000] {dag.py:3490} INFO - Setting next_dagrun for example_task_group_decorator to 2023-09-13T16:39:33.660081+00:00, run_after=2023-09-14T16:39:33.660081+00:00
[2023-09-14T16:39:34.263+0000] {processor.py:178} INFO - Processing /home/airflow/.local/lib/python3.7/site-packages/airflow/example_dags/example_task_group_decorator.py took 0.891 seconds
[2023-09-14T16:40:09.100+0000] {processor.py:156} INFO - Started process (PID=167) to work on /home/airflow/.local/lib/python3.7/site-packages/airflow/example_dags/example_task_group_decorator.py
[2023-09-14T16:40:09.104+0000] {processor.py:799} INFO - Processing file /home/airflow/.local/lib/python3.7/site-packages/airflow/example_dags/example_task_group_decorator.py for tasks to queue
[2023-09-14T16:40:09.108+0000] {logging_mixin.py:149} INFO - [2023-09-14T16:40:09.107+0000] {dagbag.py:541} INFO - Filling up the DagBag from /home/airflow/.local/lib/python3.7/site-packages/airflow/example_dags/example_task_group_decorator.py
[2023-09-14T16:40:09.166+0000] {processor.py:809} INFO - DAG(s) dict_keys(['example_task_group_decorator']) retrieved from /home/airflow/.local/lib/python3.7/site-packages/airflow/example_dags/example_task_group_decorator.py
[2023-09-14T16:40:09.655+0000] {logging_mixin.py:149} INFO - [2023-09-14T16:40:09.655+0000] {dag.py:2726} INFO - Sync 1 DAGs
[2023-09-14T16:40:09.738+0000] {logging_mixin.py:149} INFO - [2023-09-14T16:40:09.737+0000] {dag.py:3490} INFO - Setting next_dagrun for example_task_group_decorator to 2023-09-13T16:40:09.737352+00:00, run_after=2023-09-14T16:40:09.737352+00:00
[2023-09-14T16:40:09.838+0000] {processor.py:178} INFO - Processing /home/airflow/.local/lib/python3.7/site-packages/airflow/example_dags/example_task_group_decorator.py took 0.750 seconds
[2023-09-14T16:40:40.501+0000] {processor.py:156} INFO - Started process (PID=228) to work on /home/airflow/.local/lib/python3.7/site-packages/airflow/example_dags/example_task_group_decorator.py
[2023-09-14T16:40:40.504+0000] {processor.py:799} INFO - Processing file /home/airflow/.local/lib/python3.7/site-packages/airflow/example_dags/example_task_group_decorator.py for tasks to queue
[2023-09-14T16:40:40.506+0000] {logging_mixin.py:149} INFO - [2023-09-14T16:40:40.506+0000] {dagbag.py:541} INFO - Filling up the DagBag from /home/airflow/.local/lib/python3.7/site-packages/airflow/example_dags/example_task_group_decorator.py
[2023-09-14T16:40:40.544+0000] {processor.py:809} INFO - DAG(s) dict_keys(['example_task_group_decorator']) retrieved from /home/airflow/.local/lib/python3.7/site-packages/airflow/example_dags/example_task_group_decorator.py
[2023-09-14T16:40:40.623+0000] {logging_mixin.py:149} INFO - [2023-09-14T16:40:40.622+0000] {dag.py:2726} INFO - Sync 1 DAGs
[2023-09-14T16:40:40.669+0000] {logging_mixin.py:149} INFO - [2023-09-14T16:40:40.669+0000] {dag.py:3490} INFO - Setting next_dagrun for example_task_group_decorator to 2023-09-13T16:40:40.668665+00:00, run_after=2023-09-14T16:40:40.668665+00:00
[2023-09-14T16:40:40.715+0000] {processor.py:178} INFO - Processing /home/airflow/.local/lib/python3.7/site-packages/airflow/example_dags/example_task_group_decorator.py took 0.222 seconds
[2023-09-14T16:41:11.240+0000] {processor.py:156} INFO - Started process (PID=289) to work on /home/airflow/.local/lib/python3.7/site-packages/airflow/example_dags/example_task_group_decorator.py
[2023-09-14T16:41:11.242+0000] {processor.py:799} INFO - Processing file /home/airflow/.local/lib/python3.7/site-packages/airflow/example_dags/example_task_group_decorator.py for tasks to queue
[2023-09-14T16:41:11.243+0000] {logging_mixin.py:149} INFO - [2023-09-14T16:41:11.243+0000] {dagbag.py:541} INFO - Filling up the DagBag from /home/airflow/.local/lib/python3.7/site-packages/airflow/example_dags/example_task_group_decorator.py
[2023-09-14T16:41:11.297+0000] {processor.py:809} INFO - DAG(s) dict_keys(['example_task_group_decorator']) retrieved from /home/airflow/.local/lib/python3.7/site-packages/airflow/example_dags/example_task_group_decorator.py
[2023-09-14T16:41:11.382+0000] {logging_mixin.py:149} INFO - [2023-09-14T16:41:11.381+0000] {dag.py:2726} INFO - Sync 1 DAGs
[2023-09-14T16:41:11.458+0000] {logging_mixin.py:149} INFO - [2023-09-14T16:41:11.458+0000] {dag.py:3490} INFO - Setting next_dagrun for example_task_group_decorator to 2023-09-13T16:41:11.457523+00:00, run_after=2023-09-14T16:41:11.457523+00:00
[2023-09-14T16:41:11.509+0000] {processor.py:178} INFO - Processing /home/airflow/.local/lib/python3.7/site-packages/airflow/example_dags/example_task_group_decorator.py took 0.275 seconds
[2023-09-14T16:41:41.999+0000] {processor.py:156} INFO - Started process (PID=350) to work on /home/airflow/.local/lib/python3.7/site-packages/airflow/example_dags/example_task_group_decorator.py
[2023-09-14T16:41:42.002+0000] {processor.py:799} INFO - Processing file /home/airflow/.local/lib/python3.7/site-packages/airflow/example_dags/example_task_group_decorator.py for tasks to queue
[2023-09-14T16:41:42.005+0000] {logging_mixin.py:149} INFO - [2023-09-14T16:41:42.004+0000] {dagbag.py:541} INFO - Filling up the DagBag from /home/airflow/.local/lib/python3.7/site-packages/airflow/example_dags/example_task_group_decorator.py
[2023-09-14T16:41:42.043+0000] {processor.py:809} INFO - DAG(s) dict_keys(['example_task_group_decorator']) retrieved from /home/airflow/.local/lib/python3.7/site-packages/airflow/example_dags/example_task_group_decorator.py
[2023-09-14T16:41:42.115+0000] {logging_mixin.py:149} INFO - [2023-09-14T16:41:42.115+0000] {dag.py:2726} INFO - Sync 1 DAGs
[2023-09-14T16:41:42.188+0000] {logging_mixin.py:149} INFO - [2023-09-14T16:41:42.188+0000] {dag.py:3490} INFO - Setting next_dagrun for example_task_group_decorator to 2023-09-13T16:41:42.188387+00:00, run_after=2023-09-14T16:41:42.188387+00:00
[2023-09-14T16:41:42.266+0000] {processor.py:178} INFO - Processing /home/airflow/.local/lib/python3.7/site-packages/airflow/example_dags/example_task_group_decorator.py took 0.274 seconds
[2023-09-14T16:42:13.170+0000] {processor.py:156} INFO - Started process (PID=411) to work on /home/airflow/.local/lib/python3.7/site-packages/airflow/example_dags/example_task_group_decorator.py
[2023-09-14T16:42:13.176+0000] {processor.py:799} INFO - Processing file /home/airflow/.local/lib/python3.7/site-packages/airflow/example_dags/example_task_group_decorator.py for tasks to queue
[2023-09-14T16:42:13.180+0000] {logging_mixin.py:149} INFO - [2023-09-14T16:42:13.180+0000] {dagbag.py:541} INFO - Filling up the DagBag from /home/airflow/.local/lib/python3.7/site-packages/airflow/example_dags/example_task_group_decorator.py
[2023-09-14T16:42:13.222+0000] {processor.py:809} INFO - DAG(s) dict_keys(['example_task_group_decorator']) retrieved from /home/airflow/.local/lib/python3.7/site-packages/airflow/example_dags/example_task_group_decorator.py
[2023-09-14T16:42:13.323+0000] {logging_mixin.py:149} INFO - [2023-09-14T16:42:13.323+0000] {dag.py:2726} INFO - Sync 1 DAGs
[2023-09-14T16:42:13.427+0000] {logging_mixin.py:149} INFO - [2023-09-14T16:42:13.427+0000] {dag.py:3490} INFO - Setting next_dagrun for example_task_group_decorator to 2023-09-13T16:42:13.426688+00:00, run_after=2023-09-14T16:42:13.426688+00:00
[2023-09-14T16:42:13.520+0000] {processor.py:178} INFO - Processing /home/airflow/.local/lib/python3.7/site-packages/airflow/example_dags/example_task_group_decorator.py took 0.359 seconds
[2023-09-14T16:42:44.202+0000] {processor.py:156} INFO - Started process (PID=463) to work on /home/airflow/.local/lib/python3.7/site-packages/airflow/example_dags/example_task_group_decorator.py
[2023-09-14T16:42:44.206+0000] {processor.py:799} INFO - Processing file /home/airflow/.local/lib/python3.7/site-packages/airflow/example_dags/example_task_group_decorator.py for tasks to queue
[2023-09-14T16:42:44.209+0000] {logging_mixin.py:149} INFO - [2023-09-14T16:42:44.209+0000] {dagbag.py:541} INFO - Filling up the DagBag from /home/airflow/.local/lib/python3.7/site-packages/airflow/example_dags/example_task_group_decorator.py
[2023-09-14T16:42:44.247+0000] {processor.py:809} INFO - DAG(s) dict_keys(['example_task_group_decorator']) retrieved from /home/airflow/.local/lib/python3.7/site-packages/airflow/example_dags/example_task_group_decorator.py
[2023-09-14T16:42:44.347+0000] {logging_mixin.py:149} INFO - [2023-09-14T16:42:44.347+0000] {dag.py:2726} INFO - Sync 1 DAGs
[2023-09-14T16:42:44.444+0000] {logging_mixin.py:149} INFO - [2023-09-14T16:42:44.444+0000] {dag.py:3490} INFO - Setting next_dagrun for example_task_group_decorator to 2023-09-13T16:42:44.443366+00:00, run_after=2023-09-14T16:42:44.443366+00:00
[2023-09-14T16:42:44.565+0000] {processor.py:178} INFO - Processing /home/airflow/.local/lib/python3.7/site-packages/airflow/example_dags/example_task_group_decorator.py took 0.371 seconds
[2023-09-14T16:43:14.848+0000] {processor.py:156} INFO - Started process (PID=531) to work on /home/airflow/.local/lib/python3.7/site-packages/airflow/example_dags/example_task_group_decorator.py
[2023-09-14T16:43:14.850+0000] {processor.py:799} INFO - Processing file /home/airflow/.local/lib/python3.7/site-packages/airflow/example_dags/example_task_group_decorator.py for tasks to queue
[2023-09-14T16:43:14.852+0000] {logging_mixin.py:149} INFO - [2023-09-14T16:43:14.852+0000] {dagbag.py:541} INFO - Filling up the DagBag from /home/airflow/.local/lib/python3.7/site-packages/airflow/example_dags/example_task_group_decorator.py
[2023-09-14T16:43:14.875+0000] {processor.py:809} INFO - DAG(s) dict_keys(['example_task_group_decorator']) retrieved from /home/airflow/.local/lib/python3.7/site-packages/airflow/example_dags/example_task_group_decorator.py
[2023-09-14T16:43:14.916+0000] {logging_mixin.py:149} INFO - [2023-09-14T16:43:14.915+0000] {dag.py:2726} INFO - Sync 1 DAGs
[2023-09-14T16:43:14.957+0000] {logging_mixin.py:149} INFO - [2023-09-14T16:43:14.956+0000] {dag.py:3490} INFO - Setting next_dagrun for example_task_group_decorator to 2023-09-13T16:43:14.956409+00:00, run_after=2023-09-14T16:43:14.956409+00:00
[2023-09-14T16:43:14.987+0000] {processor.py:178} INFO - Processing /home/airflow/.local/lib/python3.7/site-packages/airflow/example_dags/example_task_group_decorator.py took 0.143 seconds
[2023-09-14T16:43:45.163+0000] {processor.py:156} INFO - Started process (PID=592) to work on /home/airflow/.local/lib/python3.7/site-packages/airflow/example_dags/example_task_group_decorator.py
[2023-09-14T16:43:45.166+0000] {processor.py:799} INFO - Processing file /home/airflow/.local/lib/python3.7/site-packages/airflow/example_dags/example_task_group_decorator.py for tasks to queue
[2023-09-14T16:43:45.169+0000] {logging_mixin.py:149} INFO - [2023-09-14T16:43:45.169+0000] {dagbag.py:541} INFO - Filling up the DagBag from /home/airflow/.local/lib/python3.7/site-packages/airflow/example_dags/example_task_group_decorator.py
[2023-09-14T16:43:45.214+0000] {processor.py:809} INFO - DAG(s) dict_keys(['example_task_group_decorator']) retrieved from /home/airflow/.local/lib/python3.7/site-packages/airflow/example_dags/example_task_group_decorator.py
[2023-09-14T16:43:45.368+0000] {logging_mixin.py:149} INFO - [2023-09-14T16:43:45.368+0000] {dag.py:2726} INFO - Sync 1 DAGs
[2023-09-14T16:43:45.428+0000] {logging_mixin.py:149} INFO - [2023-09-14T16:43:45.428+0000] {dag.py:3490} INFO - Setting next_dagrun for example_task_group_decorator to 2023-09-13T16:43:45.427740+00:00, run_after=2023-09-14T16:43:45.427740+00:00
[2023-09-14T16:43:45.484+0000] {processor.py:178} INFO - Processing /home/airflow/.local/lib/python3.7/site-packages/airflow/example_dags/example_task_group_decorator.py took 0.341 seconds
[2023-09-14T16:44:16.249+0000] {processor.py:156} INFO - Started process (PID=654) to work on /home/airflow/.local/lib/python3.7/site-packages/airflow/example_dags/example_task_group_decorator.py
[2023-09-14T16:44:16.252+0000] {processor.py:799} INFO - Processing file /home/airflow/.local/lib/python3.7/site-packages/airflow/example_dags/example_task_group_decorator.py for tasks to queue
[2023-09-14T16:44:16.254+0000] {logging_mixin.py:149} INFO - [2023-09-14T16:44:16.253+0000] {dagbag.py:541} INFO - Filling up the DagBag from /home/airflow/.local/lib/python3.7/site-packages/airflow/example_dags/example_task_group_decorator.py
[2023-09-14T16:44:16.288+0000] {processor.py:809} INFO - DAG(s) dict_keys(['example_task_group_decorator']) retrieved from /home/airflow/.local/lib/python3.7/site-packages/airflow/example_dags/example_task_group_decorator.py
[2023-09-14T16:44:16.356+0000] {logging_mixin.py:149} INFO - [2023-09-14T16:44:16.355+0000] {dag.py:2726} INFO - Sync 1 DAGs
[2023-09-14T16:44:16.416+0000] {logging_mixin.py:149} INFO - [2023-09-14T16:44:16.415+0000] {dag.py:3490} INFO - Setting next_dagrun for example_task_group_decorator to 2023-09-13T16:44:16.415282+00:00, run_after=2023-09-14T16:44:16.415282+00:00
[2023-09-14T16:44:16.464+0000] {processor.py:178} INFO - Processing /home/airflow/.local/lib/python3.7/site-packages/airflow/example_dags/example_task_group_decorator.py took 0.223 seconds
[2023-09-14T16:44:47.303+0000] {processor.py:156} INFO - Started process (PID=715) to work on /home/airflow/.local/lib/python3.7/site-packages/airflow/example_dags/example_task_group_decorator.py
[2023-09-14T16:44:47.306+0000] {processor.py:799} INFO - Processing file /home/airflow/.local/lib/python3.7/site-packages/airflow/example_dags/example_task_group_decorator.py for tasks to queue
[2023-09-14T16:44:47.311+0000] {logging_mixin.py:149} INFO - [2023-09-14T16:44:47.310+0000] {dagbag.py:541} INFO - Filling up the DagBag from /home/airflow/.local/lib/python3.7/site-packages/airflow/example_dags/example_task_group_decorator.py
[2023-09-14T16:44:47.352+0000] {processor.py:809} INFO - DAG(s) dict_keys(['example_task_group_decorator']) retrieved from /home/airflow/.local/lib/python3.7/site-packages/airflow/example_dags/example_task_group_decorator.py
[2023-09-14T16:44:47.429+0000] {logging_mixin.py:149} INFO - [2023-09-14T16:44:47.429+0000] {dag.py:2726} INFO - Sync 1 DAGs
[2023-09-14T16:44:47.505+0000] {logging_mixin.py:149} INFO - [2023-09-14T16:44:47.504+0000] {dag.py:3490} INFO - Setting next_dagrun for example_task_group_decorator to 2023-09-13T16:44:47.504313+00:00, run_after=2023-09-14T16:44:47.504313+00:00
[2023-09-14T16:44:47.557+0000] {processor.py:178} INFO - Processing /home/airflow/.local/lib/python3.7/site-packages/airflow/example_dags/example_task_group_decorator.py took 0.261 seconds
[2023-09-14T16:45:18.109+0000] {processor.py:156} INFO - Started process (PID=776) to work on /home/airflow/.local/lib/python3.7/site-packages/airflow/example_dags/example_task_group_decorator.py
[2023-09-14T16:45:18.113+0000] {processor.py:799} INFO - Processing file /home/airflow/.local/lib/python3.7/site-packages/airflow/example_dags/example_task_group_decorator.py for tasks to queue
[2023-09-14T16:45:18.115+0000] {logging_mixin.py:149} INFO - [2023-09-14T16:45:18.114+0000] {dagbag.py:541} INFO - Filling up the DagBag from /home/airflow/.local/lib/python3.7/site-packages/airflow/example_dags/example_task_group_decorator.py
[2023-09-14T16:45:18.170+0000] {processor.py:809} INFO - DAG(s) dict_keys(['example_task_group_decorator']) retrieved from /home/airflow/.local/lib/python3.7/site-packages/airflow/example_dags/example_task_group_decorator.py
[2023-09-14T16:45:18.274+0000] {logging_mixin.py:149} INFO - [2023-09-14T16:45:18.273+0000] {dag.py:2726} INFO - Sync 1 DAGs
[2023-09-14T16:45:18.346+0000] {logging_mixin.py:149} INFO - [2023-09-14T16:45:18.346+0000] {dag.py:3490} INFO - Setting next_dagrun for example_task_group_decorator to 2023-09-13T16:45:18.345691+00:00, run_after=2023-09-14T16:45:18.345691+00:00
[2023-09-14T16:45:18.397+0000] {processor.py:178} INFO - Processing /home/airflow/.local/lib/python3.7/site-packages/airflow/example_dags/example_task_group_decorator.py took 0.297 seconds
[2023-09-14T16:45:48.524+0000] {processor.py:156} INFO - Started process (PID=837) to work on /home/airflow/.local/lib/python3.7/site-packages/airflow/example_dags/example_task_group_decorator.py
[2023-09-14T16:45:48.526+0000] {processor.py:799} INFO - Processing file /home/airflow/.local/lib/python3.7/site-packages/airflow/example_dags/example_task_group_decorator.py for tasks to queue
[2023-09-14T16:45:48.529+0000] {logging_mixin.py:149} INFO - [2023-09-14T16:45:48.528+0000] {dagbag.py:541} INFO - Filling up the DagBag from /home/airflow/.local/lib/python3.7/site-packages/airflow/example_dags/example_task_group_decorator.py
[2023-09-14T16:45:48.565+0000] {processor.py:809} INFO - DAG(s) dict_keys(['example_task_group_decorator']) retrieved from /home/airflow/.local/lib/python3.7/site-packages/airflow/example_dags/example_task_group_decorator.py
[2023-09-14T16:45:48.665+0000] {logging_mixin.py:149} INFO - [2023-09-14T16:45:48.665+0000] {dag.py:2726} INFO - Sync 1 DAGs
[2023-09-14T16:45:48.786+0000] {logging_mixin.py:149} INFO - [2023-09-14T16:45:48.785+0000] {dag.py:3490} INFO - Setting next_dagrun for example_task_group_decorator to 2023-09-13T16:45:48.784426+00:00, run_after=2023-09-14T16:45:48.784426+00:00
[2023-09-14T16:45:48.893+0000] {processor.py:178} INFO - Processing /home/airflow/.local/lib/python3.7/site-packages/airflow/example_dags/example_task_group_decorator.py took 0.376 seconds
[2023-09-14T16:46:19.749+0000] {processor.py:156} INFO - Started process (PID=898) to work on /home/airflow/.local/lib/python3.7/site-packages/airflow/example_dags/example_task_group_decorator.py
[2023-09-14T16:46:19.753+0000] {processor.py:799} INFO - Processing file /home/airflow/.local/lib/python3.7/site-packages/airflow/example_dags/example_task_group_decorator.py for tasks to queue
[2023-09-14T16:46:19.757+0000] {logging_mixin.py:149} INFO - [2023-09-14T16:46:19.756+0000] {dagbag.py:541} INFO - Filling up the DagBag from /home/airflow/.local/lib/python3.7/site-packages/airflow/example_dags/example_task_group_decorator.py
[2023-09-14T16:46:19.820+0000] {processor.py:809} INFO - DAG(s) dict_keys(['example_task_group_decorator']) retrieved from /home/airflow/.local/lib/python3.7/site-packages/airflow/example_dags/example_task_group_decorator.py
[2023-09-14T16:46:19.930+0000] {logging_mixin.py:149} INFO - [2023-09-14T16:46:19.930+0000] {dag.py:2726} INFO - Sync 1 DAGs
[2023-09-14T16:46:20.033+0000] {logging_mixin.py:149} INFO - [2023-09-14T16:46:20.032+0000] {dag.py:3490} INFO - Setting next_dagrun for example_task_group_decorator to 2023-09-13T16:46:20.028788+00:00, run_after=2023-09-14T16:46:20.028788+00:00
[2023-09-14T16:46:20.151+0000] {processor.py:178} INFO - Processing /home/airflow/.local/lib/python3.7/site-packages/airflow/example_dags/example_task_group_decorator.py took 0.413 seconds
[2023-09-14T16:46:50.866+0000] {processor.py:156} INFO - Started process (PID=959) to work on /home/airflow/.local/lib/python3.7/site-packages/airflow/example_dags/example_task_group_decorator.py
[2023-09-14T16:46:50.869+0000] {processor.py:799} INFO - Processing file /home/airflow/.local/lib/python3.7/site-packages/airflow/example_dags/example_task_group_decorator.py for tasks to queue
[2023-09-14T16:46:50.872+0000] {logging_mixin.py:149} INFO - [2023-09-14T16:46:50.871+0000] {dagbag.py:541} INFO - Filling up the DagBag from /home/airflow/.local/lib/python3.7/site-packages/airflow/example_dags/example_task_group_decorator.py
[2023-09-14T16:46:50.915+0000] {processor.py:809} INFO - DAG(s) dict_keys(['example_task_group_decorator']) retrieved from /home/airflow/.local/lib/python3.7/site-packages/airflow/example_dags/example_task_group_decorator.py
[2023-09-14T16:46:51.143+0000] {logging_mixin.py:149} INFO - [2023-09-14T16:46:51.135+0000] {dag.py:2726} INFO - Sync 1 DAGs
[2023-09-14T16:46:51.431+0000] {logging_mixin.py:149} INFO - [2023-09-14T16:46:51.430+0000] {dag.py:3490} INFO - Setting next_dagrun for example_task_group_decorator to 2023-09-13T16:46:51.429439+00:00, run_after=2023-09-14T16:46:51.429439+00:00
[2023-09-14T16:46:51.570+0000] {processor.py:178} INFO - Processing /home/airflow/.local/lib/python3.7/site-packages/airflow/example_dags/example_task_group_decorator.py took 0.716 seconds
[2023-09-14T16:47:21.946+0000] {processor.py:156} INFO - Started process (PID=1020) to work on /home/airflow/.local/lib/python3.7/site-packages/airflow/example_dags/example_task_group_decorator.py
[2023-09-14T16:47:21.949+0000] {processor.py:799} INFO - Processing file /home/airflow/.local/lib/python3.7/site-packages/airflow/example_dags/example_task_group_decorator.py for tasks to queue
[2023-09-14T16:47:21.951+0000] {logging_mixin.py:149} INFO - [2023-09-14T16:47:21.951+0000] {dagbag.py:541} INFO - Filling up the DagBag from /home/airflow/.local/lib/python3.7/site-packages/airflow/example_dags/example_task_group_decorator.py
[2023-09-14T16:47:22.002+0000] {processor.py:809} INFO - DAG(s) dict_keys(['example_task_group_decorator']) retrieved from /home/airflow/.local/lib/python3.7/site-packages/airflow/example_dags/example_task_group_decorator.py
[2023-09-14T16:47:22.091+0000] {logging_mixin.py:149} INFO - [2023-09-14T16:47:22.090+0000] {dag.py:2726} INFO - Sync 1 DAGs
[2023-09-14T16:47:22.160+0000] {logging_mixin.py:149} INFO - [2023-09-14T16:47:22.160+0000] {dag.py:3490} INFO - Setting next_dagrun for example_task_group_decorator to 2023-09-13T16:47:22.159736+00:00, run_after=2023-09-14T16:47:22.159736+00:00
[2023-09-14T16:47:22.226+0000] {processor.py:178} INFO - Processing /home/airflow/.local/lib/python3.7/site-packages/airflow/example_dags/example_task_group_decorator.py took 0.287 seconds
[2023-09-14T16:47:52.352+0000] {processor.py:156} INFO - Started process (PID=1081) to work on /home/airflow/.local/lib/python3.7/site-packages/airflow/example_dags/example_task_group_decorator.py
[2023-09-14T16:47:52.354+0000] {processor.py:799} INFO - Processing file /home/airflow/.local/lib/python3.7/site-packages/airflow/example_dags/example_task_group_decorator.py for tasks to queue
[2023-09-14T16:47:52.356+0000] {logging_mixin.py:149} INFO - [2023-09-14T16:47:52.356+0000] {dagbag.py:541} INFO - Filling up the DagBag from /home/airflow/.local/lib/python3.7/site-packages/airflow/example_dags/example_task_group_decorator.py
[2023-09-14T16:47:52.396+0000] {processor.py:809} INFO - DAG(s) dict_keys(['example_task_group_decorator']) retrieved from /home/airflow/.local/lib/python3.7/site-packages/airflow/example_dags/example_task_group_decorator.py
[2023-09-14T16:47:52.465+0000] {logging_mixin.py:149} INFO - [2023-09-14T16:47:52.465+0000] {dag.py:2726} INFO - Sync 1 DAGs
[2023-09-14T16:47:52.549+0000] {logging_mixin.py:149} INFO - [2023-09-14T16:47:52.549+0000] {dag.py:3490} INFO - Setting next_dagrun for example_task_group_decorator to 2023-09-13T16:47:52.548737+00:00, run_after=2023-09-14T16:47:52.548737+00:00
[2023-09-14T16:47:52.613+0000] {processor.py:178} INFO - Processing /home/airflow/.local/lib/python3.7/site-packages/airflow/example_dags/example_task_group_decorator.py took 0.267 seconds
[2023-09-14T16:48:22.931+0000] {processor.py:156} INFO - Started process (PID=1142) to work on /home/airflow/.local/lib/python3.7/site-packages/airflow/example_dags/example_task_group_decorator.py
[2023-09-14T16:48:22.933+0000] {processor.py:799} INFO - Processing file /home/airflow/.local/lib/python3.7/site-packages/airflow/example_dags/example_task_group_decorator.py for tasks to queue
[2023-09-14T16:48:22.936+0000] {logging_mixin.py:149} INFO - [2023-09-14T16:48:22.935+0000] {dagbag.py:541} INFO - Filling up the DagBag from /home/airflow/.local/lib/python3.7/site-packages/airflow/example_dags/example_task_group_decorator.py
[2023-09-14T16:48:22.979+0000] {processor.py:809} INFO - DAG(s) dict_keys(['example_task_group_decorator']) retrieved from /home/airflow/.local/lib/python3.7/site-packages/airflow/example_dags/example_task_group_decorator.py
[2023-09-14T16:48:23.073+0000] {logging_mixin.py:149} INFO - [2023-09-14T16:48:23.073+0000] {dag.py:2726} INFO - Sync 1 DAGs
[2023-09-14T16:48:23.135+0000] {logging_mixin.py:149} INFO - [2023-09-14T16:48:23.135+0000] {dag.py:3490} INFO - Setting next_dagrun for example_task_group_decorator to 2023-09-13T16:48:23.133765+00:00, run_after=2023-09-14T16:48:23.133765+00:00
[2023-09-14T16:48:23.226+0000] {processor.py:178} INFO - Processing /home/airflow/.local/lib/python3.7/site-packages/airflow/example_dags/example_task_group_decorator.py took 0.302 seconds
[2023-09-14T16:48:53.920+0000] {processor.py:156} INFO - Started process (PID=1203) to work on /home/airflow/.local/lib/python3.7/site-packages/airflow/example_dags/example_task_group_decorator.py
[2023-09-14T16:48:53.923+0000] {processor.py:799} INFO - Processing file /home/airflow/.local/lib/python3.7/site-packages/airflow/example_dags/example_task_group_decorator.py for tasks to queue
[2023-09-14T16:48:53.929+0000] {logging_mixin.py:149} INFO - [2023-09-14T16:48:53.927+0000] {dagbag.py:541} INFO - Filling up the DagBag from /home/airflow/.local/lib/python3.7/site-packages/airflow/example_dags/example_task_group_decorator.py
[2023-09-14T16:48:53.999+0000] {processor.py:809} INFO - DAG(s) dict_keys(['example_task_group_decorator']) retrieved from /home/airflow/.local/lib/python3.7/site-packages/airflow/example_dags/example_task_group_decorator.py
[2023-09-14T16:48:54.118+0000] {logging_mixin.py:149} INFO - [2023-09-14T16:48:54.118+0000] {dag.py:2726} INFO - Sync 1 DAGs
[2023-09-14T16:48:54.230+0000] {logging_mixin.py:149} INFO - [2023-09-14T16:48:54.230+0000] {dag.py:3490} INFO - Setting next_dagrun for example_task_group_decorator to 2023-09-13T16:48:54.229475+00:00, run_after=2023-09-14T16:48:54.229475+00:00
[2023-09-14T16:48:54.311+0000] {processor.py:178} INFO - Processing /home/airflow/.local/lib/python3.7/site-packages/airflow/example_dags/example_task_group_decorator.py took 0.397 seconds
[2023-09-14T16:49:24.599+0000] {processor.py:156} INFO - Started process (PID=1264) to work on /home/airflow/.local/lib/python3.7/site-packages/airflow/example_dags/example_task_group_decorator.py
[2023-09-14T16:49:24.603+0000] {processor.py:799} INFO - Processing file /home/airflow/.local/lib/python3.7/site-packages/airflow/example_dags/example_task_group_decorator.py for tasks to queue
[2023-09-14T16:49:24.607+0000] {logging_mixin.py:149} INFO - [2023-09-14T16:49:24.606+0000] {dagbag.py:541} INFO - Filling up the DagBag from /home/airflow/.local/lib/python3.7/site-packages/airflow/example_dags/example_task_group_decorator.py
[2023-09-14T16:49:24.662+0000] {processor.py:809} INFO - DAG(s) dict_keys(['example_task_group_decorator']) retrieved from /home/airflow/.local/lib/python3.7/site-packages/airflow/example_dags/example_task_group_decorator.py
[2023-09-14T16:49:24.763+0000] {logging_mixin.py:149} INFO - [2023-09-14T16:49:24.763+0000] {dag.py:2726} INFO - Sync 1 DAGs
[2023-09-14T16:49:24.858+0000] {logging_mixin.py:149} INFO - [2023-09-14T16:49:24.857+0000] {dag.py:3490} INFO - Setting next_dagrun for example_task_group_decorator to 2023-09-13T16:49:24.857258+00:00, run_after=2023-09-14T16:49:24.857258+00:00
[2023-09-14T16:49:25.022+0000] {processor.py:178} INFO - Processing /home/airflow/.local/lib/python3.7/site-packages/airflow/example_dags/example_task_group_decorator.py took 0.435 seconds
[2023-09-14T16:49:55.335+0000] {processor.py:156} INFO - Started process (PID=1325) to work on /home/airflow/.local/lib/python3.7/site-packages/airflow/example_dags/example_task_group_decorator.py
[2023-09-14T16:49:55.338+0000] {processor.py:799} INFO - Processing file /home/airflow/.local/lib/python3.7/site-packages/airflow/example_dags/example_task_group_decorator.py for tasks to queue
[2023-09-14T16:49:55.341+0000] {logging_mixin.py:149} INFO - [2023-09-14T16:49:55.341+0000] {dagbag.py:541} INFO - Filling up the DagBag from /home/airflow/.local/lib/python3.7/site-packages/airflow/example_dags/example_task_group_decorator.py
[2023-09-14T16:49:55.398+0000] {processor.py:809} INFO - DAG(s) dict_keys(['example_task_group_decorator']) retrieved from /home/airflow/.local/lib/python3.7/site-packages/airflow/example_dags/example_task_group_decorator.py
[2023-09-14T16:49:55.499+0000] {logging_mixin.py:149} INFO - [2023-09-14T16:49:55.499+0000] {dag.py:2726} INFO - Sync 1 DAGs
[2023-09-14T16:49:55.587+0000] {logging_mixin.py:149} INFO - [2023-09-14T16:49:55.587+0000] {dag.py:3490} INFO - Setting next_dagrun for example_task_group_decorator to 2023-09-13T16:49:55.586614+00:00, run_after=2023-09-14T16:49:55.586614+00:00
[2023-09-14T16:49:55.640+0000] {processor.py:178} INFO - Processing /home/airflow/.local/lib/python3.7/site-packages/airflow/example_dags/example_task_group_decorator.py took 0.318 seconds
[2023-09-14T16:50:26.138+0000] {processor.py:156} INFO - Started process (PID=1386) to work on /home/airflow/.local/lib/python3.7/site-packages/airflow/example_dags/example_task_group_decorator.py
[2023-09-14T16:50:26.154+0000] {processor.py:799} INFO - Processing file /home/airflow/.local/lib/python3.7/site-packages/airflow/example_dags/example_task_group_decorator.py for tasks to queue
[2023-09-14T16:50:26.158+0000] {logging_mixin.py:149} INFO - [2023-09-14T16:50:26.157+0000] {dagbag.py:541} INFO - Filling up the DagBag from /home/airflow/.local/lib/python3.7/site-packages/airflow/example_dags/example_task_group_decorator.py
[2023-09-14T16:50:26.275+0000] {processor.py:809} INFO - DAG(s) dict_keys(['example_task_group_decorator']) retrieved from /home/airflow/.local/lib/python3.7/site-packages/airflow/example_dags/example_task_group_decorator.py
[2023-09-14T16:50:26.434+0000] {logging_mixin.py:149} INFO - [2023-09-14T16:50:26.433+0000] {dag.py:2726} INFO - Sync 1 DAGs
[2023-09-14T16:50:26.567+0000] {logging_mixin.py:149} INFO - [2023-09-14T16:50:26.566+0000] {dag.py:3490} INFO - Setting next_dagrun for example_task_group_decorator to 2023-09-13T16:50:26.565146+00:00, run_after=2023-09-14T16:50:26.565146+00:00
[2023-09-14T16:50:26.661+0000] {processor.py:178} INFO - Processing /home/airflow/.local/lib/python3.7/site-packages/airflow/example_dags/example_task_group_decorator.py took 0.550 seconds
[2023-09-14T16:50:57.678+0000] {processor.py:156} INFO - Started process (PID=1447) to work on /home/airflow/.local/lib/python3.7/site-packages/airflow/example_dags/example_task_group_decorator.py
[2023-09-14T16:50:57.687+0000] {processor.py:799} INFO - Processing file /home/airflow/.local/lib/python3.7/site-packages/airflow/example_dags/example_task_group_decorator.py for tasks to queue
[2023-09-14T16:50:57.694+0000] {logging_mixin.py:149} INFO - [2023-09-14T16:50:57.693+0000] {dagbag.py:541} INFO - Filling up the DagBag from /home/airflow/.local/lib/python3.7/site-packages/airflow/example_dags/example_task_group_decorator.py
[2023-09-14T16:50:57.894+0000] {processor.py:809} INFO - DAG(s) dict_keys(['example_task_group_decorator']) retrieved from /home/airflow/.local/lib/python3.7/site-packages/airflow/example_dags/example_task_group_decorator.py
[2023-09-14T16:50:58.239+0000] {logging_mixin.py:149} INFO - [2023-09-14T16:50:58.238+0000] {dag.py:2726} INFO - Sync 1 DAGs
[2023-09-14T16:50:58.614+0000] {logging_mixin.py:149} INFO - [2023-09-14T16:50:58.605+0000] {dag.py:3490} INFO - Setting next_dagrun for example_task_group_decorator to 2023-09-13T16:50:58.603678+00:00, run_after=2023-09-14T16:50:58.603678+00:00
[2023-09-14T16:50:58.779+0000] {processor.py:178} INFO - Processing /home/airflow/.local/lib/python3.7/site-packages/airflow/example_dags/example_task_group_decorator.py took 1.126 seconds
[2023-09-14T16:51:29.083+0000] {processor.py:156} INFO - Started process (PID=1508) to work on /home/airflow/.local/lib/python3.7/site-packages/airflow/example_dags/example_task_group_decorator.py
[2023-09-14T16:51:29.087+0000] {processor.py:799} INFO - Processing file /home/airflow/.local/lib/python3.7/site-packages/airflow/example_dags/example_task_group_decorator.py for tasks to queue
[2023-09-14T16:51:29.090+0000] {logging_mixin.py:149} INFO - [2023-09-14T16:51:29.090+0000] {dagbag.py:541} INFO - Filling up the DagBag from /home/airflow/.local/lib/python3.7/site-packages/airflow/example_dags/example_task_group_decorator.py
[2023-09-14T16:51:29.139+0000] {processor.py:809} INFO - DAG(s) dict_keys(['example_task_group_decorator']) retrieved from /home/airflow/.local/lib/python3.7/site-packages/airflow/example_dags/example_task_group_decorator.py
[2023-09-14T16:51:29.234+0000] {logging_mixin.py:149} INFO - [2023-09-14T16:51:29.233+0000] {dag.py:2726} INFO - Sync 1 DAGs
[2023-09-14T16:51:29.317+0000] {logging_mixin.py:149} INFO - [2023-09-14T16:51:29.316+0000] {dag.py:3490} INFO - Setting next_dagrun for example_task_group_decorator to 2023-09-13T16:51:29.316595+00:00, run_after=2023-09-14T16:51:29.316595+00:00
[2023-09-14T16:51:29.387+0000] {processor.py:178} INFO - Processing /home/airflow/.local/lib/python3.7/site-packages/airflow/example_dags/example_task_group_decorator.py took 0.315 seconds
[2023-09-14T16:51:59.528+0000] {processor.py:156} INFO - Started process (PID=1570) to work on /home/airflow/.local/lib/python3.7/site-packages/airflow/example_dags/example_task_group_decorator.py
[2023-09-14T16:51:59.531+0000] {processor.py:799} INFO - Processing file /home/airflow/.local/lib/python3.7/site-packages/airflow/example_dags/example_task_group_decorator.py for tasks to queue
[2023-09-14T16:51:59.533+0000] {logging_mixin.py:149} INFO - [2023-09-14T16:51:59.533+0000] {dagbag.py:541} INFO - Filling up the DagBag from /home/airflow/.local/lib/python3.7/site-packages/airflow/example_dags/example_task_group_decorator.py
[2023-09-14T16:51:59.585+0000] {processor.py:809} INFO - DAG(s) dict_keys(['example_task_group_decorator']) retrieved from /home/airflow/.local/lib/python3.7/site-packages/airflow/example_dags/example_task_group_decorator.py
[2023-09-14T16:51:59.662+0000] {logging_mixin.py:149} INFO - [2023-09-14T16:51:59.662+0000] {dag.py:2726} INFO - Sync 1 DAGs
[2023-09-14T16:51:59.737+0000] {logging_mixin.py:149} INFO - [2023-09-14T16:51:59.737+0000] {dag.py:3490} INFO - Setting next_dagrun for example_task_group_decorator to 2023-09-13T16:51:59.736095+00:00, run_after=2023-09-14T16:51:59.736095+00:00
[2023-09-14T16:51:59.814+0000] {processor.py:178} INFO - Processing /home/airflow/.local/lib/python3.7/site-packages/airflow/example_dags/example_task_group_decorator.py took 0.292 seconds
[2023-09-14T16:52:30.008+0000] {processor.py:156} INFO - Started process (PID=1631) to work on /home/airflow/.local/lib/python3.7/site-packages/airflow/example_dags/example_task_group_decorator.py
[2023-09-14T16:52:30.012+0000] {processor.py:799} INFO - Processing file /home/airflow/.local/lib/python3.7/site-packages/airflow/example_dags/example_task_group_decorator.py for tasks to queue
[2023-09-14T16:52:30.016+0000] {logging_mixin.py:149} INFO - [2023-09-14T16:52:30.015+0000] {dagbag.py:541} INFO - Filling up the DagBag from /home/airflow/.local/lib/python3.7/site-packages/airflow/example_dags/example_task_group_decorator.py
[2023-09-14T16:52:30.068+0000] {processor.py:809} INFO - DAG(s) dict_keys(['example_task_group_decorator']) retrieved from /home/airflow/.local/lib/python3.7/site-packages/airflow/example_dags/example_task_group_decorator.py
[2023-09-14T16:52:30.152+0000] {logging_mixin.py:149} INFO - [2023-09-14T16:52:30.152+0000] {dag.py:2726} INFO - Sync 1 DAGs
[2023-09-14T16:52:30.234+0000] {logging_mixin.py:149} INFO - [2023-09-14T16:52:30.234+0000] {dag.py:3490} INFO - Setting next_dagrun for example_task_group_decorator to 2023-09-13T16:52:30.233468+00:00, run_after=2023-09-14T16:52:30.233468+00:00
[2023-09-14T16:52:30.335+0000] {processor.py:178} INFO - Processing /home/airflow/.local/lib/python3.7/site-packages/airflow/example_dags/example_task_group_decorator.py took 0.338 seconds
[2023-09-14T16:53:02.526+0000] {processor.py:156} INFO - Started process (PID=1692) to work on /home/airflow/.local/lib/python3.7/site-packages/airflow/example_dags/example_task_group_decorator.py
[2023-09-14T16:53:02.535+0000] {processor.py:799} INFO - Processing file /home/airflow/.local/lib/python3.7/site-packages/airflow/example_dags/example_task_group_decorator.py for tasks to queue
[2023-09-14T16:53:02.541+0000] {logging_mixin.py:149} INFO - [2023-09-14T16:53:02.540+0000] {dagbag.py:541} INFO - Filling up the DagBag from /home/airflow/.local/lib/python3.7/site-packages/airflow/example_dags/example_task_group_decorator.py
[2023-09-14T16:53:02.632+0000] {processor.py:809} INFO - DAG(s) dict_keys(['example_task_group_decorator']) retrieved from /home/airflow/.local/lib/python3.7/site-packages/airflow/example_dags/example_task_group_decorator.py
[2023-09-14T16:53:02.886+0000] {logging_mixin.py:149} INFO - [2023-09-14T16:53:02.885+0000] {dag.py:2726} INFO - Sync 1 DAGs
[2023-09-14T16:53:03.011+0000] {logging_mixin.py:149} INFO - [2023-09-14T16:53:03.010+0000] {dag.py:3490} INFO - Setting next_dagrun for example_task_group_decorator to 2023-09-13T16:53:03.009853+00:00, run_after=2023-09-14T16:53:03.009853+00:00
[2023-09-14T16:53:03.105+0000] {processor.py:178} INFO - Processing /home/airflow/.local/lib/python3.7/site-packages/airflow/example_dags/example_task_group_decorator.py took 0.592 seconds
[2023-09-14T16:53:36.101+0000] {processor.py:156} INFO - Started process (PID=1748) to work on /home/airflow/.local/lib/python3.7/site-packages/airflow/example_dags/example_task_group_decorator.py
[2023-09-14T16:53:36.107+0000] {processor.py:799} INFO - Processing file /home/airflow/.local/lib/python3.7/site-packages/airflow/example_dags/example_task_group_decorator.py for tasks to queue
[2023-09-14T16:53:36.117+0000] {logging_mixin.py:149} INFO - [2023-09-14T16:53:36.116+0000] {dagbag.py:541} INFO - Filling up the DagBag from /home/airflow/.local/lib/python3.7/site-packages/airflow/example_dags/example_task_group_decorator.py
[2023-09-14T16:53:36.270+0000] {processor.py:809} INFO - DAG(s) dict_keys(['example_task_group_decorator']) retrieved from /home/airflow/.local/lib/python3.7/site-packages/airflow/example_dags/example_task_group_decorator.py
[2023-09-14T16:53:36.509+0000] {logging_mixin.py:149} INFO - [2023-09-14T16:53:36.509+0000] {dag.py:2726} INFO - Sync 1 DAGs
[2023-09-14T16:53:36.686+0000] {logging_mixin.py:149} INFO - [2023-09-14T16:53:36.685+0000] {dag.py:3490} INFO - Setting next_dagrun for example_task_group_decorator to 2023-09-13T16:53:36.685134+00:00, run_after=2023-09-14T16:53:36.685134+00:00
[2023-09-14T16:53:36.779+0000] {processor.py:178} INFO - Processing /home/airflow/.local/lib/python3.7/site-packages/airflow/example_dags/example_task_group_decorator.py took 0.716 seconds
[2023-09-14T16:54:07.543+0000] {processor.py:156} INFO - Started process (PID=1813) to work on /home/airflow/.local/lib/python3.7/site-packages/airflow/example_dags/example_task_group_decorator.py
[2023-09-14T16:54:07.552+0000] {processor.py:799} INFO - Processing file /home/airflow/.local/lib/python3.7/site-packages/airflow/example_dags/example_task_group_decorator.py for tasks to queue
[2023-09-14T16:54:07.564+0000] {logging_mixin.py:149} INFO - [2023-09-14T16:54:07.563+0000] {dagbag.py:541} INFO - Filling up the DagBag from /home/airflow/.local/lib/python3.7/site-packages/airflow/example_dags/example_task_group_decorator.py
[2023-09-14T16:54:07.723+0000] {processor.py:809} INFO - DAG(s) dict_keys(['example_task_group_decorator']) retrieved from /home/airflow/.local/lib/python3.7/site-packages/airflow/example_dags/example_task_group_decorator.py
[2023-09-14T16:54:07.883+0000] {logging_mixin.py:149} INFO - [2023-09-14T16:54:07.882+0000] {dag.py:2726} INFO - Sync 1 DAGs
[2023-09-14T16:54:08.022+0000] {logging_mixin.py:149} INFO - [2023-09-14T16:54:08.021+0000] {dag.py:3490} INFO - Setting next_dagrun for example_task_group_decorator to 2023-09-13T16:54:08.020562+00:00, run_after=2023-09-14T16:54:08.020562+00:00
[2023-09-14T16:54:08.115+0000] {processor.py:178} INFO - Processing /home/airflow/.local/lib/python3.7/site-packages/airflow/example_dags/example_task_group_decorator.py took 0.594 seconds
[2023-09-14T16:54:54.488+0000] {processor.py:156} INFO - Started process (PID=1883) to work on /home/airflow/.local/lib/python3.7/site-packages/airflow/example_dags/example_task_group_decorator.py
[2023-09-14T16:54:54.501+0000] {processor.py:799} INFO - Processing file /home/airflow/.local/lib/python3.7/site-packages/airflow/example_dags/example_task_group_decorator.py for tasks to queue
[2023-09-14T16:54:54.507+0000] {logging_mixin.py:149} INFO - [2023-09-14T16:54:54.506+0000] {dagbag.py:541} INFO - Filling up the DagBag from /home/airflow/.local/lib/python3.7/site-packages/airflow/example_dags/example_task_group_decorator.py
[2023-09-14T16:54:54.672+0000] {processor.py:809} INFO - DAG(s) dict_keys(['example_task_group_decorator']) retrieved from /home/airflow/.local/lib/python3.7/site-packages/airflow/example_dags/example_task_group_decorator.py
[2023-09-14T16:54:54.889+0000] {logging_mixin.py:149} INFO - [2023-09-14T16:54:54.889+0000] {dag.py:2726} INFO - Sync 1 DAGs
[2023-09-14T16:54:55.040+0000] {logging_mixin.py:149} INFO - [2023-09-14T16:54:55.040+0000] {dag.py:3490} INFO - Setting next_dagrun for example_task_group_decorator to 2023-09-13T16:54:55.039485+00:00, run_after=2023-09-14T16:54:55.039485+00:00
[2023-09-14T16:54:55.168+0000] {processor.py:178} INFO - Processing /home/airflow/.local/lib/python3.7/site-packages/airflow/example_dags/example_task_group_decorator.py took 0.704 seconds
[2023-09-14T16:55:25.565+0000] {processor.py:156} INFO - Started process (PID=1949) to work on /home/airflow/.local/lib/python3.7/site-packages/airflow/example_dags/example_task_group_decorator.py
[2023-09-14T16:55:25.569+0000] {processor.py:799} INFO - Processing file /home/airflow/.local/lib/python3.7/site-packages/airflow/example_dags/example_task_group_decorator.py for tasks to queue
[2023-09-14T16:55:25.574+0000] {logging_mixin.py:149} INFO - [2023-09-14T16:55:25.573+0000] {dagbag.py:541} INFO - Filling up the DagBag from /home/airflow/.local/lib/python3.7/site-packages/airflow/example_dags/example_task_group_decorator.py
[2023-09-14T16:55:25.669+0000] {processor.py:809} INFO - DAG(s) dict_keys(['example_task_group_decorator']) retrieved from /home/airflow/.local/lib/python3.7/site-packages/airflow/example_dags/example_task_group_decorator.py
[2023-09-14T16:55:25.788+0000] {logging_mixin.py:149} INFO - [2023-09-14T16:55:25.787+0000] {dag.py:2726} INFO - Sync 1 DAGs
[2023-09-14T16:55:25.885+0000] {logging_mixin.py:149} INFO - [2023-09-14T16:55:25.884+0000] {dag.py:3490} INFO - Setting next_dagrun for example_task_group_decorator to 2023-09-13T16:55:25.883812+00:00, run_after=2023-09-14T16:55:25.883812+00:00
[2023-09-14T16:55:25.958+0000] {processor.py:178} INFO - Processing /home/airflow/.local/lib/python3.7/site-packages/airflow/example_dags/example_task_group_decorator.py took 0.401 seconds
[2023-09-14T16:55:56.416+0000] {processor.py:156} INFO - Started process (PID=2014) to work on /home/airflow/.local/lib/python3.7/site-packages/airflow/example_dags/example_task_group_decorator.py
[2023-09-14T16:55:56.422+0000] {processor.py:799} INFO - Processing file /home/airflow/.local/lib/python3.7/site-packages/airflow/example_dags/example_task_group_decorator.py for tasks to queue
[2023-09-14T16:55:56.425+0000] {logging_mixin.py:149} INFO - [2023-09-14T16:55:56.424+0000] {dagbag.py:541} INFO - Filling up the DagBag from /home/airflow/.local/lib/python3.7/site-packages/airflow/example_dags/example_task_group_decorator.py
[2023-09-14T16:55:56.484+0000] {processor.py:809} INFO - DAG(s) dict_keys(['example_task_group_decorator']) retrieved from /home/airflow/.local/lib/python3.7/site-packages/airflow/example_dags/example_task_group_decorator.py
[2023-09-14T16:55:56.590+0000] {logging_mixin.py:149} INFO - [2023-09-14T16:55:56.590+0000] {dag.py:2726} INFO - Sync 1 DAGs
[2023-09-14T16:55:56.666+0000] {logging_mixin.py:149} INFO - [2023-09-14T16:55:56.665+0000] {dag.py:3490} INFO - Setting next_dagrun for example_task_group_decorator to 2023-09-13T16:55:56.665151+00:00, run_after=2023-09-14T16:55:56.665151+00:00
[2023-09-14T16:55:56.737+0000] {processor.py:178} INFO - Processing /home/airflow/.local/lib/python3.7/site-packages/airflow/example_dags/example_task_group_decorator.py took 0.329 seconds
[2023-09-14T16:56:27.104+0000] {processor.py:156} INFO - Started process (PID=2079) to work on /home/airflow/.local/lib/python3.7/site-packages/airflow/example_dags/example_task_group_decorator.py
[2023-09-14T16:56:27.108+0000] {processor.py:799} INFO - Processing file /home/airflow/.local/lib/python3.7/site-packages/airflow/example_dags/example_task_group_decorator.py for tasks to queue
[2023-09-14T16:56:27.115+0000] {logging_mixin.py:149} INFO - [2023-09-14T16:56:27.114+0000] {dagbag.py:541} INFO - Filling up the DagBag from /home/airflow/.local/lib/python3.7/site-packages/airflow/example_dags/example_task_group_decorator.py
[2023-09-14T16:56:27.227+0000] {processor.py:809} INFO - DAG(s) dict_keys(['example_task_group_decorator']) retrieved from /home/airflow/.local/lib/python3.7/site-packages/airflow/example_dags/example_task_group_decorator.py
[2023-09-14T16:56:27.378+0000] {logging_mixin.py:149} INFO - [2023-09-14T16:56:27.377+0000] {dag.py:2726} INFO - Sync 1 DAGs
[2023-09-14T16:56:27.495+0000] {logging_mixin.py:149} INFO - [2023-09-14T16:56:27.494+0000] {dag.py:3490} INFO - Setting next_dagrun for example_task_group_decorator to 2023-09-13T16:56:27.493736+00:00, run_after=2023-09-14T16:56:27.493736+00:00
[2023-09-14T16:56:27.594+0000] {processor.py:178} INFO - Processing /home/airflow/.local/lib/python3.7/site-packages/airflow/example_dags/example_task_group_decorator.py took 0.511 seconds
[2023-09-14T16:56:58.481+0000] {processor.py:156} INFO - Started process (PID=2144) to work on /home/airflow/.local/lib/python3.7/site-packages/airflow/example_dags/example_task_group_decorator.py
[2023-09-14T16:56:58.485+0000] {processor.py:799} INFO - Processing file /home/airflow/.local/lib/python3.7/site-packages/airflow/example_dags/example_task_group_decorator.py for tasks to queue
[2023-09-14T16:56:58.492+0000] {logging_mixin.py:149} INFO - [2023-09-14T16:56:58.490+0000] {dagbag.py:541} INFO - Filling up the DagBag from /home/airflow/.local/lib/python3.7/site-packages/airflow/example_dags/example_task_group_decorator.py
[2023-09-14T16:56:58.588+0000] {processor.py:809} INFO - DAG(s) dict_keys(['example_task_group_decorator']) retrieved from /home/airflow/.local/lib/python3.7/site-packages/airflow/example_dags/example_task_group_decorator.py
[2023-09-14T16:56:58.730+0000] {logging_mixin.py:149} INFO - [2023-09-14T16:56:58.730+0000] {dag.py:2726} INFO - Sync 1 DAGs
[2023-09-14T16:56:58.932+0000] {logging_mixin.py:149} INFO - [2023-09-14T16:56:58.931+0000] {dag.py:3490} INFO - Setting next_dagrun for example_task_group_decorator to 2023-09-13T16:56:58.931009+00:00, run_after=2023-09-14T16:56:58.931009+00:00
[2023-09-14T16:56:59.027+0000] {processor.py:178} INFO - Processing /home/airflow/.local/lib/python3.7/site-packages/airflow/example_dags/example_task_group_decorator.py took 0.561 seconds
[2023-09-14T16:57:29.789+0000] {processor.py:156} INFO - Started process (PID=2210) to work on /home/airflow/.local/lib/python3.7/site-packages/airflow/example_dags/example_task_group_decorator.py
[2023-09-14T16:57:29.792+0000] {processor.py:799} INFO - Processing file /home/airflow/.local/lib/python3.7/site-packages/airflow/example_dags/example_task_group_decorator.py for tasks to queue
[2023-09-14T16:57:29.794+0000] {logging_mixin.py:149} INFO - [2023-09-14T16:57:29.794+0000] {dagbag.py:541} INFO - Filling up the DagBag from /home/airflow/.local/lib/python3.7/site-packages/airflow/example_dags/example_task_group_decorator.py
[2023-09-14T16:57:29.838+0000] {processor.py:809} INFO - DAG(s) dict_keys(['example_task_group_decorator']) retrieved from /home/airflow/.local/lib/python3.7/site-packages/airflow/example_dags/example_task_group_decorator.py
[2023-09-14T16:57:29.928+0000] {logging_mixin.py:149} INFO - [2023-09-14T16:57:29.928+0000] {dag.py:2726} INFO - Sync 1 DAGs
[2023-09-14T16:57:30.021+0000] {logging_mixin.py:149} INFO - [2023-09-14T16:57:30.020+0000] {dag.py:3490} INFO - Setting next_dagrun for example_task_group_decorator to 2023-09-13T16:57:30.020098+00:00, run_after=2023-09-14T16:57:30.020098+00:00
[2023-09-14T16:57:30.079+0000] {processor.py:178} INFO - Processing /home/airflow/.local/lib/python3.7/site-packages/airflow/example_dags/example_task_group_decorator.py took 0.302 seconds
[2023-09-14T16:58:00.212+0000] {processor.py:156} INFO - Started process (PID=2275) to work on /home/airflow/.local/lib/python3.7/site-packages/airflow/example_dags/example_task_group_decorator.py
[2023-09-14T16:58:00.216+0000] {processor.py:799} INFO - Processing file /home/airflow/.local/lib/python3.7/site-packages/airflow/example_dags/example_task_group_decorator.py for tasks to queue
[2023-09-14T16:58:00.220+0000] {logging_mixin.py:149} INFO - [2023-09-14T16:58:00.219+0000] {dagbag.py:541} INFO - Filling up the DagBag from /home/airflow/.local/lib/python3.7/site-packages/airflow/example_dags/example_task_group_decorator.py
[2023-09-14T16:58:00.263+0000] {processor.py:809} INFO - DAG(s) dict_keys(['example_task_group_decorator']) retrieved from /home/airflow/.local/lib/python3.7/site-packages/airflow/example_dags/example_task_group_decorator.py
[2023-09-14T16:58:00.352+0000] {logging_mixin.py:149} INFO - [2023-09-14T16:58:00.352+0000] {dag.py:2726} INFO - Sync 1 DAGs
[2023-09-14T16:58:00.423+0000] {logging_mixin.py:149} INFO - [2023-09-14T16:58:00.423+0000] {dag.py:3490} INFO - Setting next_dagrun for example_task_group_decorator to 2023-09-13T16:58:00.422785+00:00, run_after=2023-09-14T16:58:00.422785+00:00
[2023-09-14T16:58:00.487+0000] {processor.py:178} INFO - Processing /home/airflow/.local/lib/python3.7/site-packages/airflow/example_dags/example_task_group_decorator.py took 0.283 seconds
[2023-09-14T16:58:34.853+0000] {processor.py:156} INFO - Started process (PID=2342) to work on /home/airflow/.local/lib/python3.7/site-packages/airflow/example_dags/example_task_group_decorator.py
[2023-09-14T16:58:34.860+0000] {processor.py:799} INFO - Processing file /home/airflow/.local/lib/python3.7/site-packages/airflow/example_dags/example_task_group_decorator.py for tasks to queue
[2023-09-14T16:58:34.878+0000] {logging_mixin.py:149} INFO - [2023-09-14T16:58:34.877+0000] {dagbag.py:541} INFO - Filling up the DagBag from /home/airflow/.local/lib/python3.7/site-packages/airflow/example_dags/example_task_group_decorator.py
[2023-09-14T16:58:35.104+0000] {processor.py:809} INFO - DAG(s) dict_keys(['example_task_group_decorator']) retrieved from /home/airflow/.local/lib/python3.7/site-packages/airflow/example_dags/example_task_group_decorator.py
[2023-09-14T16:58:35.649+0000] {logging_mixin.py:149} INFO - [2023-09-14T16:58:35.649+0000] {dag.py:2726} INFO - Sync 1 DAGs
[2023-09-14T16:58:36.147+0000] {logging_mixin.py:149} INFO - [2023-09-14T16:58:36.146+0000] {dag.py:3490} INFO - Setting next_dagrun for example_task_group_decorator to 2023-09-13T16:58:36.145062+00:00, run_after=2023-09-14T16:58:36.145062+00:00
[2023-09-14T16:58:36.518+0000] {processor.py:178} INFO - Processing /home/airflow/.local/lib/python3.7/site-packages/airflow/example_dags/example_task_group_decorator.py took 1.723 seconds
[2023-09-14T16:59:07.034+0000] {processor.py:156} INFO - Started process (PID=2409) to work on /home/airflow/.local/lib/python3.7/site-packages/airflow/example_dags/example_task_group_decorator.py
[2023-09-14T16:59:07.037+0000] {processor.py:799} INFO - Processing file /home/airflow/.local/lib/python3.7/site-packages/airflow/example_dags/example_task_group_decorator.py for tasks to queue
[2023-09-14T16:59:07.040+0000] {logging_mixin.py:149} INFO - [2023-09-14T16:59:07.039+0000] {dagbag.py:541} INFO - Filling up the DagBag from /home/airflow/.local/lib/python3.7/site-packages/airflow/example_dags/example_task_group_decorator.py
[2023-09-14T16:59:07.091+0000] {processor.py:809} INFO - DAG(s) dict_keys(['example_task_group_decorator']) retrieved from /home/airflow/.local/lib/python3.7/site-packages/airflow/example_dags/example_task_group_decorator.py
[2023-09-14T16:59:07.191+0000] {logging_mixin.py:149} INFO - [2023-09-14T16:59:07.190+0000] {dag.py:2726} INFO - Sync 1 DAGs
[2023-09-14T16:59:07.272+0000] {logging_mixin.py:149} INFO - [2023-09-14T16:59:07.272+0000] {dag.py:3490} INFO - Setting next_dagrun for example_task_group_decorator to 2023-09-13T16:59:07.271248+00:00, run_after=2023-09-14T16:59:07.271248+00:00
[2023-09-14T16:59:07.362+0000] {processor.py:178} INFO - Processing /home/airflow/.local/lib/python3.7/site-packages/airflow/example_dags/example_task_group_decorator.py took 0.336 seconds
[2023-09-14T16:59:37.625+0000] {processor.py:156} INFO - Started process (PID=2472) to work on /home/airflow/.local/lib/python3.7/site-packages/airflow/example_dags/example_task_group_decorator.py
[2023-09-14T16:59:37.629+0000] {processor.py:799} INFO - Processing file /home/airflow/.local/lib/python3.7/site-packages/airflow/example_dags/example_task_group_decorator.py for tasks to queue
[2023-09-14T16:59:37.633+0000] {logging_mixin.py:149} INFO - [2023-09-14T16:59:37.633+0000] {dagbag.py:541} INFO - Filling up the DagBag from /home/airflow/.local/lib/python3.7/site-packages/airflow/example_dags/example_task_group_decorator.py
[2023-09-14T16:59:37.752+0000] {processor.py:809} INFO - DAG(s) dict_keys(['example_task_group_decorator']) retrieved from /home/airflow/.local/lib/python3.7/site-packages/airflow/example_dags/example_task_group_decorator.py
[2023-09-14T16:59:37.895+0000] {logging_mixin.py:149} INFO - [2023-09-14T16:59:37.894+0000] {dag.py:2726} INFO - Sync 1 DAGs
[2023-09-14T16:59:37.990+0000] {logging_mixin.py:149} INFO - [2023-09-14T16:59:37.990+0000] {dag.py:3490} INFO - Setting next_dagrun for example_task_group_decorator to 2023-09-13T16:59:37.988858+00:00, run_after=2023-09-14T16:59:37.988858+00:00
[2023-09-14T16:59:38.084+0000] {processor.py:178} INFO - Processing /home/airflow/.local/lib/python3.7/site-packages/airflow/example_dags/example_task_group_decorator.py took 0.469 seconds
[2023-09-14T17:00:11.414+0000] {processor.py:156} INFO - Started process (PID=2523) to work on /home/airflow/.local/lib/python3.7/site-packages/airflow/example_dags/example_task_group_decorator.py
[2023-09-14T17:00:11.427+0000] {processor.py:799} INFO - Processing file /home/airflow/.local/lib/python3.7/site-packages/airflow/example_dags/example_task_group_decorator.py for tasks to queue
[2023-09-14T17:00:11.433+0000] {logging_mixin.py:149} INFO - [2023-09-14T17:00:11.432+0000] {dagbag.py:541} INFO - Filling up the DagBag from /home/airflow/.local/lib/python3.7/site-packages/airflow/example_dags/example_task_group_decorator.py
[2023-09-14T17:00:11.536+0000] {processor.py:809} INFO - DAG(s) dict_keys(['example_task_group_decorator']) retrieved from /home/airflow/.local/lib/python3.7/site-packages/airflow/example_dags/example_task_group_decorator.py
[2023-09-14T17:00:11.662+0000] {logging_mixin.py:149} INFO - [2023-09-14T17:00:11.661+0000] {dag.py:2726} INFO - Sync 1 DAGs
[2023-09-14T17:00:11.788+0000] {logging_mixin.py:149} INFO - [2023-09-14T17:00:11.787+0000] {dag.py:3490} INFO - Setting next_dagrun for example_task_group_decorator to 2023-09-13T17:00:11.786049+00:00, run_after=2023-09-14T17:00:11.786049+00:00
[2023-09-14T17:00:11.876+0000] {processor.py:178} INFO - Processing /home/airflow/.local/lib/python3.7/site-packages/airflow/example_dags/example_task_group_decorator.py took 0.487 seconds
[2023-09-14T17:00:42.105+0000] {processor.py:156} INFO - Started process (PID=2587) to work on /home/airflow/.local/lib/python3.7/site-packages/airflow/example_dags/example_task_group_decorator.py
[2023-09-14T17:00:42.107+0000] {processor.py:799} INFO - Processing file /home/airflow/.local/lib/python3.7/site-packages/airflow/example_dags/example_task_group_decorator.py for tasks to queue
[2023-09-14T17:00:42.109+0000] {logging_mixin.py:149} INFO - [2023-09-14T17:00:42.109+0000] {dagbag.py:541} INFO - Filling up the DagBag from /home/airflow/.local/lib/python3.7/site-packages/airflow/example_dags/example_task_group_decorator.py
[2023-09-14T17:00:42.163+0000] {processor.py:809} INFO - DAG(s) dict_keys(['example_task_group_decorator']) retrieved from /home/airflow/.local/lib/python3.7/site-packages/airflow/example_dags/example_task_group_decorator.py
[2023-09-14T17:00:42.253+0000] {logging_mixin.py:149} INFO - [2023-09-14T17:00:42.253+0000] {dag.py:2726} INFO - Sync 1 DAGs
[2023-09-14T17:00:42.365+0000] {logging_mixin.py:149} INFO - [2023-09-14T17:00:42.365+0000] {dag.py:3490} INFO - Setting next_dagrun for example_task_group_decorator to 2023-09-13T17:00:42.363753+00:00, run_after=2023-09-14T17:00:42.363753+00:00
[2023-09-14T17:00:42.425+0000] {processor.py:178} INFO - Processing /home/airflow/.local/lib/python3.7/site-packages/airflow/example_dags/example_task_group_decorator.py took 0.324 seconds
[2023-09-14T17:01:12.827+0000] {processor.py:156} INFO - Started process (PID=2651) to work on /home/airflow/.local/lib/python3.7/site-packages/airflow/example_dags/example_task_group_decorator.py
[2023-09-14T17:01:12.830+0000] {processor.py:799} INFO - Processing file /home/airflow/.local/lib/python3.7/site-packages/airflow/example_dags/example_task_group_decorator.py for tasks to queue
[2023-09-14T17:01:12.833+0000] {logging_mixin.py:149} INFO - [2023-09-14T17:01:12.833+0000] {dagbag.py:541} INFO - Filling up the DagBag from /home/airflow/.local/lib/python3.7/site-packages/airflow/example_dags/example_task_group_decorator.py
[2023-09-14T17:01:12.870+0000] {processor.py:809} INFO - DAG(s) dict_keys(['example_task_group_decorator']) retrieved from /home/airflow/.local/lib/python3.7/site-packages/airflow/example_dags/example_task_group_decorator.py
[2023-09-14T17:01:12.920+0000] {logging_mixin.py:149} INFO - [2023-09-14T17:01:12.920+0000] {dag.py:2726} INFO - Sync 1 DAGs
[2023-09-14T17:01:12.972+0000] {logging_mixin.py:149} INFO - [2023-09-14T17:01:12.971+0000] {dag.py:3490} INFO - Setting next_dagrun for example_task_group_decorator to 2023-09-13T17:01:12.970957+00:00, run_after=2023-09-14T17:01:12.970957+00:00
[2023-09-14T17:01:13.011+0000] {processor.py:178} INFO - Processing /home/airflow/.local/lib/python3.7/site-packages/airflow/example_dags/example_task_group_decorator.py took 0.199 seconds
[2023-09-14T17:01:43.406+0000] {processor.py:156} INFO - Started process (PID=2715) to work on /home/airflow/.local/lib/python3.7/site-packages/airflow/example_dags/example_task_group_decorator.py
[2023-09-14T17:01:43.408+0000] {processor.py:799} INFO - Processing file /home/airflow/.local/lib/python3.7/site-packages/airflow/example_dags/example_task_group_decorator.py for tasks to queue
[2023-09-14T17:01:43.409+0000] {logging_mixin.py:149} INFO - [2023-09-14T17:01:43.409+0000] {dagbag.py:541} INFO - Filling up the DagBag from /home/airflow/.local/lib/python3.7/site-packages/airflow/example_dags/example_task_group_decorator.py
[2023-09-14T17:01:43.430+0000] {processor.py:809} INFO - DAG(s) dict_keys(['example_task_group_decorator']) retrieved from /home/airflow/.local/lib/python3.7/site-packages/airflow/example_dags/example_task_group_decorator.py
[2023-09-14T17:01:43.490+0000] {logging_mixin.py:149} INFO - [2023-09-14T17:01:43.489+0000] {dag.py:2726} INFO - Sync 1 DAGs
[2023-09-14T17:01:43.532+0000] {logging_mixin.py:149} INFO - [2023-09-14T17:01:43.531+0000] {dag.py:3490} INFO - Setting next_dagrun for example_task_group_decorator to 2023-09-13T17:01:43.531357+00:00, run_after=2023-09-14T17:01:43.531357+00:00
[2023-09-14T17:01:43.579+0000] {processor.py:178} INFO - Processing /home/airflow/.local/lib/python3.7/site-packages/airflow/example_dags/example_task_group_decorator.py took 0.181 seconds
[2023-09-14T17:02:14.501+0000] {processor.py:156} INFO - Started process (PID=2780) to work on /home/airflow/.local/lib/python3.7/site-packages/airflow/example_dags/example_task_group_decorator.py
[2023-09-14T17:02:14.506+0000] {processor.py:799} INFO - Processing file /home/airflow/.local/lib/python3.7/site-packages/airflow/example_dags/example_task_group_decorator.py for tasks to queue
[2023-09-14T17:02:14.510+0000] {logging_mixin.py:149} INFO - [2023-09-14T17:02:14.509+0000] {dagbag.py:541} INFO - Filling up the DagBag from /home/airflow/.local/lib/python3.7/site-packages/airflow/example_dags/example_task_group_decorator.py
[2023-09-14T17:02:14.571+0000] {processor.py:809} INFO - DAG(s) dict_keys(['example_task_group_decorator']) retrieved from /home/airflow/.local/lib/python3.7/site-packages/airflow/example_dags/example_task_group_decorator.py
[2023-09-14T17:02:14.656+0000] {logging_mixin.py:149} INFO - [2023-09-14T17:02:14.655+0000] {dag.py:2726} INFO - Sync 1 DAGs
[2023-09-14T17:02:14.725+0000] {logging_mixin.py:149} INFO - [2023-09-14T17:02:14.724+0000] {dag.py:3490} INFO - Setting next_dagrun for example_task_group_decorator to 2023-09-13T17:02:14.723085+00:00, run_after=2023-09-14T17:02:14.723085+00:00
[2023-09-14T17:02:14.799+0000] {processor.py:178} INFO - Processing /home/airflow/.local/lib/python3.7/site-packages/airflow/example_dags/example_task_group_decorator.py took 0.302 seconds
[2023-09-14T17:03:57.699+0000] {processor.py:156} INFO - Started process (PID=43) to work on /home/airflow/.local/lib/python3.7/site-packages/airflow/example_dags/example_task_group_decorator.py
[2023-09-14T17:03:57.704+0000] {processor.py:799} INFO - Processing file /home/airflow/.local/lib/python3.7/site-packages/airflow/example_dags/example_task_group_decorator.py for tasks to queue
[2023-09-14T17:03:57.711+0000] {logging_mixin.py:149} INFO - [2023-09-14T17:03:57.710+0000] {dagbag.py:541} INFO - Filling up the DagBag from /home/airflow/.local/lib/python3.7/site-packages/airflow/example_dags/example_task_group_decorator.py
[2023-09-14T17:03:57.807+0000] {processor.py:809} INFO - DAG(s) dict_keys(['example_task_group_decorator']) retrieved from /home/airflow/.local/lib/python3.7/site-packages/airflow/example_dags/example_task_group_decorator.py
[2023-09-14T17:03:58.158+0000] {logging_mixin.py:149} INFO - [2023-09-14T17:03:58.157+0000] {dag.py:2726} INFO - Sync 1 DAGs
[2023-09-14T17:03:58.388+0000] {logging_mixin.py:149} INFO - [2023-09-14T17:03:58.387+0000] {dag.py:3490} INFO - Setting next_dagrun for example_task_group_decorator to 2023-09-13T17:03:58.387277+00:00, run_after=2023-09-14T17:03:58.387277+00:00
[2023-09-14T17:03:58.548+0000] {processor.py:178} INFO - Processing /home/airflow/.local/lib/python3.7/site-packages/airflow/example_dags/example_task_group_decorator.py took 0.868 seconds
