[2023-09-14T16:10:37.514+0000] {processor.py:156} INFO - Started process (PID=70) to work on /home/airflow/.local/lib/python3.7/site-packages/airflow/example_dags/example_short_circuit_decorator.py
[2023-09-14T16:10:37.684+0000] {processor.py:799} INFO - Processing file /home/airflow/.local/lib/python3.7/site-packages/airflow/example_dags/example_short_circuit_decorator.py for tasks to queue
[2023-09-14T16:10:37.737+0000] {logging_mixin.py:149} INFO - [2023-09-14T16:10:37.731+0000] {dagbag.py:541} INFO - Filling up the DagBag from /home/airflow/.local/lib/python3.7/site-packages/airflow/example_dags/example_short_circuit_decorator.py
[2023-09-14T16:10:38.241+0000] {processor.py:809} INFO - DAG(s) dict_keys(['example_short_circuit_decorator']) retrieved from /home/airflow/.local/lib/python3.7/site-packages/airflow/example_dags/example_short_circuit_decorator.py
[2023-09-14T16:10:38.687+0000] {logging_mixin.py:149} INFO - [2023-09-14T16:10:38.687+0000] {dag.py:2726} INFO - Sync 1 DAGs
[2023-09-14T16:10:39.323+0000] {logging_mixin.py:149} INFO - [2023-09-14T16:10:39.322+0000] {dag.py:3490} INFO - Setting next_dagrun for example_short_circuit_decorator to 2023-09-13T16:10:39.322179+00:00, run_after=2023-09-14T16:10:39.322179+00:00
[2023-09-14T16:10:39.494+0000] {processor.py:178} INFO - Processing /home/airflow/.local/lib/python3.7/site-packages/airflow/example_dags/example_short_circuit_decorator.py took 2.412 seconds
[2023-09-14T16:11:52.664+0000] {processor.py:156} INFO - Started process (PID=146) to work on /home/airflow/.local/lib/python3.7/site-packages/airflow/example_dags/example_short_circuit_decorator.py
[2023-09-14T16:11:52.667+0000] {processor.py:799} INFO - Processing file /home/airflow/.local/lib/python3.7/site-packages/airflow/example_dags/example_short_circuit_decorator.py for tasks to queue
[2023-09-14T16:11:52.671+0000] {logging_mixin.py:149} INFO - [2023-09-14T16:11:52.670+0000] {dagbag.py:541} INFO - Filling up the DagBag from /home/airflow/.local/lib/python3.7/site-packages/airflow/example_dags/example_short_circuit_decorator.py
[2023-09-14T16:11:52.758+0000] {processor.py:809} INFO - DAG(s) dict_keys(['example_short_circuit_decorator']) retrieved from /home/airflow/.local/lib/python3.7/site-packages/airflow/example_dags/example_short_circuit_decorator.py
[2023-09-14T16:11:52.898+0000] {logging_mixin.py:149} INFO - [2023-09-14T16:11:52.897+0000] {dag.py:2726} INFO - Sync 1 DAGs
[2023-09-14T16:11:53.431+0000] {logging_mixin.py:149} INFO - [2023-09-14T16:11:53.430+0000] {dag.py:3490} INFO - Setting next_dagrun for example_short_circuit_decorator to 2023-09-13T16:11:53.426226+00:00, run_after=2023-09-14T16:11:53.426226+00:00
[2023-09-14T16:11:53.554+0000] {processor.py:178} INFO - Processing /home/airflow/.local/lib/python3.7/site-packages/airflow/example_dags/example_short_circuit_decorator.py took 0.906 seconds
[2023-09-14T16:12:30.061+0000] {processor.py:156} INFO - Started process (PID=207) to work on /home/airflow/.local/lib/python3.7/site-packages/airflow/example_dags/example_short_circuit_decorator.py
[2023-09-14T16:12:30.074+0000] {processor.py:799} INFO - Processing file /home/airflow/.local/lib/python3.7/site-packages/airflow/example_dags/example_short_circuit_decorator.py for tasks to queue
[2023-09-14T16:12:30.078+0000] {logging_mixin.py:149} INFO - [2023-09-14T16:12:30.077+0000] {dagbag.py:541} INFO - Filling up the DagBag from /home/airflow/.local/lib/python3.7/site-packages/airflow/example_dags/example_short_circuit_decorator.py
[2023-09-14T16:12:30.156+0000] {processor.py:809} INFO - DAG(s) dict_keys(['example_short_circuit_decorator']) retrieved from /home/airflow/.local/lib/python3.7/site-packages/airflow/example_dags/example_short_circuit_decorator.py
[2023-09-14T16:12:30.344+0000] {logging_mixin.py:149} INFO - [2023-09-14T16:12:30.344+0000] {dag.py:2726} INFO - Sync 1 DAGs
[2023-09-14T16:12:30.554+0000] {logging_mixin.py:149} INFO - [2023-09-14T16:12:30.554+0000] {dag.py:3490} INFO - Setting next_dagrun for example_short_circuit_decorator to 2023-09-13T16:12:30.544156+00:00, run_after=2023-09-14T16:12:30.544156+00:00
[2023-09-14T16:12:30.730+0000] {processor.py:178} INFO - Processing /home/airflow/.local/lib/python3.7/site-packages/airflow/example_dags/example_short_circuit_decorator.py took 0.703 seconds
[2023-09-14T16:13:05.386+0000] {processor.py:156} INFO - Started process (PID=259) to work on /home/airflow/.local/lib/python3.7/site-packages/airflow/example_dags/example_short_circuit_decorator.py
[2023-09-14T16:13:05.389+0000] {processor.py:799} INFO - Processing file /home/airflow/.local/lib/python3.7/site-packages/airflow/example_dags/example_short_circuit_decorator.py for tasks to queue
[2023-09-14T16:13:05.398+0000] {logging_mixin.py:149} INFO - [2023-09-14T16:13:05.393+0000] {dagbag.py:541} INFO - Filling up the DagBag from /home/airflow/.local/lib/python3.7/site-packages/airflow/example_dags/example_short_circuit_decorator.py
[2023-09-14T16:13:05.441+0000] {processor.py:809} INFO - DAG(s) dict_keys(['example_short_circuit_decorator']) retrieved from /home/airflow/.local/lib/python3.7/site-packages/airflow/example_dags/example_short_circuit_decorator.py
[2023-09-14T16:13:05.651+0000] {logging_mixin.py:149} INFO - [2023-09-14T16:13:05.651+0000] {dag.py:2726} INFO - Sync 1 DAGs
[2023-09-14T16:13:05.898+0000] {logging_mixin.py:149} INFO - [2023-09-14T16:13:05.897+0000] {dag.py:3490} INFO - Setting next_dagrun for example_short_circuit_decorator to 2023-09-13T16:13:05.896513+00:00, run_after=2023-09-14T16:13:05.896513+00:00
[2023-09-14T16:13:06.072+0000] {processor.py:178} INFO - Processing /home/airflow/.local/lib/python3.7/site-packages/airflow/example_dags/example_short_circuit_decorator.py took 0.704 seconds
[2023-09-14T16:13:43.564+0000] {processor.py:156} INFO - Started process (PID=320) to work on /home/airflow/.local/lib/python3.7/site-packages/airflow/example_dags/example_short_circuit_decorator.py
[2023-09-14T16:13:43.568+0000] {processor.py:799} INFO - Processing file /home/airflow/.local/lib/python3.7/site-packages/airflow/example_dags/example_short_circuit_decorator.py for tasks to queue
[2023-09-14T16:13:43.581+0000] {logging_mixin.py:149} INFO - [2023-09-14T16:13:43.580+0000] {dagbag.py:541} INFO - Filling up the DagBag from /home/airflow/.local/lib/python3.7/site-packages/airflow/example_dags/example_short_circuit_decorator.py
[2023-09-14T16:13:43.643+0000] {processor.py:809} INFO - DAG(s) dict_keys(['example_short_circuit_decorator']) retrieved from /home/airflow/.local/lib/python3.7/site-packages/airflow/example_dags/example_short_circuit_decorator.py
[2023-09-14T16:13:43.839+0000] {logging_mixin.py:149} INFO - [2023-09-14T16:13:43.839+0000] {dag.py:2726} INFO - Sync 1 DAGs
[2023-09-14T16:13:44.076+0000] {logging_mixin.py:149} INFO - [2023-09-14T16:13:44.076+0000] {dag.py:3490} INFO - Setting next_dagrun for example_short_circuit_decorator to 2023-09-13T16:13:44.075309+00:00, run_after=2023-09-14T16:13:44.075309+00:00
[2023-09-14T16:13:44.171+0000] {processor.py:178} INFO - Processing /home/airflow/.local/lib/python3.7/site-packages/airflow/example_dags/example_short_circuit_decorator.py took 0.626 seconds
[2023-09-14T16:14:18.370+0000] {processor.py:156} INFO - Started process (PID=381) to work on /home/airflow/.local/lib/python3.7/site-packages/airflow/example_dags/example_short_circuit_decorator.py
[2023-09-14T16:14:18.383+0000] {processor.py:799} INFO - Processing file /home/airflow/.local/lib/python3.7/site-packages/airflow/example_dags/example_short_circuit_decorator.py for tasks to queue
[2023-09-14T16:14:18.389+0000] {logging_mixin.py:149} INFO - [2023-09-14T16:14:18.388+0000] {dagbag.py:541} INFO - Filling up the DagBag from /home/airflow/.local/lib/python3.7/site-packages/airflow/example_dags/example_short_circuit_decorator.py
[2023-09-14T16:14:18.519+0000] {processor.py:809} INFO - DAG(s) dict_keys(['example_short_circuit_decorator']) retrieved from /home/airflow/.local/lib/python3.7/site-packages/airflow/example_dags/example_short_circuit_decorator.py
[2023-09-14T16:14:18.672+0000] {logging_mixin.py:149} INFO - [2023-09-14T16:14:18.671+0000] {dag.py:2726} INFO - Sync 1 DAGs
[2023-09-14T16:14:18.847+0000] {logging_mixin.py:149} INFO - [2023-09-14T16:14:18.846+0000] {dag.py:3490} INFO - Setting next_dagrun for example_short_circuit_decorator to 2023-09-13T16:14:18.837017+00:00, run_after=2023-09-14T16:14:18.837017+00:00
[2023-09-14T16:14:18.995+0000] {processor.py:178} INFO - Processing /home/airflow/.local/lib/python3.7/site-packages/airflow/example_dags/example_short_circuit_decorator.py took 0.660 seconds
[2023-09-14T16:14:49.163+0000] {processor.py:156} INFO - Started process (PID=443) to work on /home/airflow/.local/lib/python3.7/site-packages/airflow/example_dags/example_short_circuit_decorator.py
[2023-09-14T16:14:49.166+0000] {processor.py:799} INFO - Processing file /home/airflow/.local/lib/python3.7/site-packages/airflow/example_dags/example_short_circuit_decorator.py for tasks to queue
[2023-09-14T16:14:49.168+0000] {logging_mixin.py:149} INFO - [2023-09-14T16:14:49.168+0000] {dagbag.py:541} INFO - Filling up the DagBag from /home/airflow/.local/lib/python3.7/site-packages/airflow/example_dags/example_short_circuit_decorator.py
[2023-09-14T16:14:49.200+0000] {processor.py:809} INFO - DAG(s) dict_keys(['example_short_circuit_decorator']) retrieved from /home/airflow/.local/lib/python3.7/site-packages/airflow/example_dags/example_short_circuit_decorator.py
[2023-09-14T16:14:49.276+0000] {logging_mixin.py:149} INFO - [2023-09-14T16:14:49.275+0000] {dag.py:2726} INFO - Sync 1 DAGs
[2023-09-14T16:14:49.369+0000] {logging_mixin.py:149} INFO - [2023-09-14T16:14:49.369+0000] {dag.py:3490} INFO - Setting next_dagrun for example_short_circuit_decorator to 2023-09-13T16:14:49.367965+00:00, run_after=2023-09-14T16:14:49.367965+00:00
[2023-09-14T16:14:49.417+0000] {processor.py:178} INFO - Processing /home/airflow/.local/lib/python3.7/site-packages/airflow/example_dags/example_short_circuit_decorator.py took 0.262 seconds
[2023-09-14T16:15:19.518+0000] {processor.py:156} INFO - Started process (PID=504) to work on /home/airflow/.local/lib/python3.7/site-packages/airflow/example_dags/example_short_circuit_decorator.py
[2023-09-14T16:15:19.520+0000] {processor.py:799} INFO - Processing file /home/airflow/.local/lib/python3.7/site-packages/airflow/example_dags/example_short_circuit_decorator.py for tasks to queue
[2023-09-14T16:15:19.522+0000] {logging_mixin.py:149} INFO - [2023-09-14T16:15:19.521+0000] {dagbag.py:541} INFO - Filling up the DagBag from /home/airflow/.local/lib/python3.7/site-packages/airflow/example_dags/example_short_circuit_decorator.py
[2023-09-14T16:15:19.541+0000] {processor.py:809} INFO - DAG(s) dict_keys(['example_short_circuit_decorator']) retrieved from /home/airflow/.local/lib/python3.7/site-packages/airflow/example_dags/example_short_circuit_decorator.py
[2023-09-14T16:15:19.603+0000] {logging_mixin.py:149} INFO - [2023-09-14T16:15:19.603+0000] {dag.py:2726} INFO - Sync 1 DAGs
[2023-09-14T16:15:19.678+0000] {logging_mixin.py:149} INFO - [2023-09-14T16:15:19.677+0000] {dag.py:3490} INFO - Setting next_dagrun for example_short_circuit_decorator to 2023-09-13T16:15:19.676684+00:00, run_after=2023-09-14T16:15:19.676684+00:00
[2023-09-14T16:15:19.739+0000] {processor.py:178} INFO - Processing /home/airflow/.local/lib/python3.7/site-packages/airflow/example_dags/example_short_circuit_decorator.py took 0.227 seconds
[2023-09-14T16:15:49.810+0000] {processor.py:156} INFO - Started process (PID=565) to work on /home/airflow/.local/lib/python3.7/site-packages/airflow/example_dags/example_short_circuit_decorator.py
[2023-09-14T16:15:49.812+0000] {processor.py:799} INFO - Processing file /home/airflow/.local/lib/python3.7/site-packages/airflow/example_dags/example_short_circuit_decorator.py for tasks to queue
[2023-09-14T16:15:49.813+0000] {logging_mixin.py:149} INFO - [2023-09-14T16:15:49.813+0000] {dagbag.py:541} INFO - Filling up the DagBag from /home/airflow/.local/lib/python3.7/site-packages/airflow/example_dags/example_short_circuit_decorator.py
[2023-09-14T16:15:49.828+0000] {processor.py:809} INFO - DAG(s) dict_keys(['example_short_circuit_decorator']) retrieved from /home/airflow/.local/lib/python3.7/site-packages/airflow/example_dags/example_short_circuit_decorator.py
[2023-09-14T16:15:49.879+0000] {logging_mixin.py:149} INFO - [2023-09-14T16:15:49.879+0000] {dag.py:2726} INFO - Sync 1 DAGs
[2023-09-14T16:15:49.920+0000] {logging_mixin.py:149} INFO - [2023-09-14T16:15:49.919+0000] {dag.py:3490} INFO - Setting next_dagrun for example_short_circuit_decorator to 2023-09-13T16:15:49.919653+00:00, run_after=2023-09-14T16:15:49.919653+00:00
[2023-09-14T16:15:49.969+0000] {processor.py:178} INFO - Processing /home/airflow/.local/lib/python3.7/site-packages/airflow/example_dags/example_short_circuit_decorator.py took 0.163 seconds
[2023-09-14T16:16:20.280+0000] {processor.py:156} INFO - Started process (PID=626) to work on /home/airflow/.local/lib/python3.7/site-packages/airflow/example_dags/example_short_circuit_decorator.py
[2023-09-14T16:16:20.282+0000] {processor.py:799} INFO - Processing file /home/airflow/.local/lib/python3.7/site-packages/airflow/example_dags/example_short_circuit_decorator.py for tasks to queue
[2023-09-14T16:16:20.284+0000] {logging_mixin.py:149} INFO - [2023-09-14T16:16:20.284+0000] {dagbag.py:541} INFO - Filling up the DagBag from /home/airflow/.local/lib/python3.7/site-packages/airflow/example_dags/example_short_circuit_decorator.py
[2023-09-14T16:16:20.304+0000] {processor.py:809} INFO - DAG(s) dict_keys(['example_short_circuit_decorator']) retrieved from /home/airflow/.local/lib/python3.7/site-packages/airflow/example_dags/example_short_circuit_decorator.py
[2023-09-14T16:16:20.350+0000] {logging_mixin.py:149} INFO - [2023-09-14T16:16:20.350+0000] {dag.py:2726} INFO - Sync 1 DAGs
[2023-09-14T16:16:20.392+0000] {logging_mixin.py:149} INFO - [2023-09-14T16:16:20.392+0000] {dag.py:3490} INFO - Setting next_dagrun for example_short_circuit_decorator to 2023-09-13T16:16:20.392226+00:00, run_after=2023-09-14T16:16:20.392226+00:00
[2023-09-14T16:16:20.466+0000] {processor.py:178} INFO - Processing /home/airflow/.local/lib/python3.7/site-packages/airflow/example_dags/example_short_circuit_decorator.py took 0.195 seconds
[2023-09-14T16:16:51.447+0000] {processor.py:156} INFO - Started process (PID=687) to work on /home/airflow/.local/lib/python3.7/site-packages/airflow/example_dags/example_short_circuit_decorator.py
[2023-09-14T16:16:51.449+0000] {processor.py:799} INFO - Processing file /home/airflow/.local/lib/python3.7/site-packages/airflow/example_dags/example_short_circuit_decorator.py for tasks to queue
[2023-09-14T16:16:51.453+0000] {logging_mixin.py:149} INFO - [2023-09-14T16:16:51.452+0000] {dagbag.py:541} INFO - Filling up the DagBag from /home/airflow/.local/lib/python3.7/site-packages/airflow/example_dags/example_short_circuit_decorator.py
[2023-09-14T16:16:51.480+0000] {processor.py:809} INFO - DAG(s) dict_keys(['example_short_circuit_decorator']) retrieved from /home/airflow/.local/lib/python3.7/site-packages/airflow/example_dags/example_short_circuit_decorator.py
[2023-09-14T16:16:51.537+0000] {logging_mixin.py:149} INFO - [2023-09-14T16:16:51.537+0000] {dag.py:2726} INFO - Sync 1 DAGs
[2023-09-14T16:16:51.596+0000] {logging_mixin.py:149} INFO - [2023-09-14T16:16:51.596+0000] {dag.py:3490} INFO - Setting next_dagrun for example_short_circuit_decorator to 2023-09-13T16:16:51.595968+00:00, run_after=2023-09-14T16:16:51.595968+00:00
[2023-09-14T16:16:51.680+0000] {processor.py:178} INFO - Processing /home/airflow/.local/lib/python3.7/site-packages/airflow/example_dags/example_short_circuit_decorator.py took 0.241 seconds
[2023-09-14T16:35:50.763+0000] {processor.py:156} INFO - Started process (PID=56) to work on /home/airflow/.local/lib/python3.7/site-packages/airflow/example_dags/example_short_circuit_decorator.py
[2023-09-14T16:35:50.776+0000] {processor.py:799} INFO - Processing file /home/airflow/.local/lib/python3.7/site-packages/airflow/example_dags/example_short_circuit_decorator.py for tasks to queue
[2023-09-14T16:35:50.784+0000] {logging_mixin.py:149} INFO - [2023-09-14T16:35:50.783+0000] {dagbag.py:541} INFO - Filling up the DagBag from /home/airflow/.local/lib/python3.7/site-packages/airflow/example_dags/example_short_circuit_decorator.py
[2023-09-14T16:35:50.931+0000] {processor.py:809} INFO - DAG(s) dict_keys(['example_short_circuit_decorator']) retrieved from /home/airflow/.local/lib/python3.7/site-packages/airflow/example_dags/example_short_circuit_decorator.py
[2023-09-14T16:35:51.638+0000] {logging_mixin.py:149} INFO - [2023-09-14T16:35:51.638+0000] {dag.py:2726} INFO - Sync 1 DAGs
[2023-09-14T16:35:52.081+0000] {logging_mixin.py:149} INFO - [2023-09-14T16:35:52.080+0000] {dag.py:3490} INFO - Setting next_dagrun for example_short_circuit_decorator to 2023-09-13T16:35:52.077259+00:00, run_after=2023-09-14T16:35:52.077259+00:00
[2023-09-14T16:35:52.456+0000] {processor.py:178} INFO - Processing /home/airflow/.local/lib/python3.7/site-packages/airflow/example_dags/example_short_circuit_decorator.py took 1.740 seconds
[2023-09-14T16:36:35.513+0000] {processor.py:156} INFO - Started process (PID=124) to work on /home/airflow/.local/lib/python3.7/site-packages/airflow/example_dags/example_short_circuit_decorator.py
[2023-09-14T16:36:35.516+0000] {processor.py:799} INFO - Processing file /home/airflow/.local/lib/python3.7/site-packages/airflow/example_dags/example_short_circuit_decorator.py for tasks to queue
[2023-09-14T16:36:35.518+0000] {logging_mixin.py:149} INFO - [2023-09-14T16:36:35.518+0000] {dagbag.py:541} INFO - Filling up the DagBag from /home/airflow/.local/lib/python3.7/site-packages/airflow/example_dags/example_short_circuit_decorator.py
[2023-09-14T16:36:35.549+0000] {processor.py:809} INFO - DAG(s) dict_keys(['example_short_circuit_decorator']) retrieved from /home/airflow/.local/lib/python3.7/site-packages/airflow/example_dags/example_short_circuit_decorator.py
[2023-09-14T16:36:35.606+0000] {logging_mixin.py:149} INFO - [2023-09-14T16:36:35.606+0000] {dag.py:2726} INFO - Sync 1 DAGs
[2023-09-14T16:36:35.845+0000] {logging_mixin.py:149} INFO - [2023-09-14T16:36:35.843+0000] {dag.py:3490} INFO - Setting next_dagrun for example_short_circuit_decorator to 2023-09-13T16:36:35.842841+00:00, run_after=2023-09-14T16:36:35.842841+00:00
[2023-09-14T16:36:35.896+0000] {processor.py:178} INFO - Processing /home/airflow/.local/lib/python3.7/site-packages/airflow/example_dags/example_short_circuit_decorator.py took 0.389 seconds
[2023-09-14T16:38:42.791+0000] {processor.py:156} INFO - Started process (PID=56) to work on /home/airflow/.local/lib/python3.7/site-packages/airflow/example_dags/example_short_circuit_decorator.py
[2023-09-14T16:38:42.809+0000] {processor.py:799} INFO - Processing file /home/airflow/.local/lib/python3.7/site-packages/airflow/example_dags/example_short_circuit_decorator.py for tasks to queue
[2023-09-14T16:38:42.817+0000] {logging_mixin.py:149} INFO - [2023-09-14T16:38:42.817+0000] {dagbag.py:541} INFO - Filling up the DagBag from /home/airflow/.local/lib/python3.7/site-packages/airflow/example_dags/example_short_circuit_decorator.py
[2023-09-14T16:38:43.075+0000] {processor.py:809} INFO - DAG(s) dict_keys(['example_short_circuit_decorator']) retrieved from /home/airflow/.local/lib/python3.7/site-packages/airflow/example_dags/example_short_circuit_decorator.py
[2023-09-14T16:38:43.456+0000] {logging_mixin.py:149} INFO - [2023-09-14T16:38:43.455+0000] {dag.py:2726} INFO - Sync 1 DAGs
[2023-09-14T16:38:43.652+0000] {logging_mixin.py:149} INFO - [2023-09-14T16:38:43.651+0000] {dag.py:3490} INFO - Setting next_dagrun for example_short_circuit_decorator to 2023-09-13T16:38:43.637850+00:00, run_after=2023-09-14T16:38:43.637850+00:00
[2023-09-14T16:38:43.806+0000] {processor.py:178} INFO - Processing /home/airflow/.local/lib/python3.7/site-packages/airflow/example_dags/example_short_circuit_decorator.py took 1.174 seconds
[2023-09-14T16:39:37.026+0000] {processor.py:156} INFO - Started process (PID=116) to work on /home/airflow/.local/lib/python3.7/site-packages/airflow/example_dags/example_short_circuit_decorator.py
[2023-09-14T16:39:37.030+0000] {processor.py:799} INFO - Processing file /home/airflow/.local/lib/python3.7/site-packages/airflow/example_dags/example_short_circuit_decorator.py for tasks to queue
[2023-09-14T16:39:37.032+0000] {logging_mixin.py:149} INFO - [2023-09-14T16:39:37.032+0000] {dagbag.py:541} INFO - Filling up the DagBag from /home/airflow/.local/lib/python3.7/site-packages/airflow/example_dags/example_short_circuit_decorator.py
[2023-09-14T16:39:37.072+0000] {processor.py:809} INFO - DAG(s) dict_keys(['example_short_circuit_decorator']) retrieved from /home/airflow/.local/lib/python3.7/site-packages/airflow/example_dags/example_short_circuit_decorator.py
[2023-09-14T16:39:37.169+0000] {logging_mixin.py:149} INFO - [2023-09-14T16:39:37.169+0000] {dag.py:2726} INFO - Sync 1 DAGs
[2023-09-14T16:39:37.277+0000] {logging_mixin.py:149} INFO - [2023-09-14T16:39:37.277+0000] {dag.py:3490} INFO - Setting next_dagrun for example_short_circuit_decorator to 2023-09-13T16:39:37.276354+00:00, run_after=2023-09-14T16:39:37.276354+00:00
[2023-09-14T16:39:37.849+0000] {processor.py:178} INFO - Processing /home/airflow/.local/lib/python3.7/site-packages/airflow/example_dags/example_short_circuit_decorator.py took 0.831 seconds
[2023-09-14T16:40:12.799+0000] {processor.py:156} INFO - Started process (PID=177) to work on /home/airflow/.local/lib/python3.7/site-packages/airflow/example_dags/example_short_circuit_decorator.py
[2023-09-14T16:40:12.806+0000] {processor.py:799} INFO - Processing file /home/airflow/.local/lib/python3.7/site-packages/airflow/example_dags/example_short_circuit_decorator.py for tasks to queue
[2023-09-14T16:40:12.811+0000] {logging_mixin.py:149} INFO - [2023-09-14T16:40:12.810+0000] {dagbag.py:541} INFO - Filling up the DagBag from /home/airflow/.local/lib/python3.7/site-packages/airflow/example_dags/example_short_circuit_decorator.py
[2023-09-14T16:40:12.839+0000] {processor.py:809} INFO - DAG(s) dict_keys(['example_short_circuit_decorator']) retrieved from /home/airflow/.local/lib/python3.7/site-packages/airflow/example_dags/example_short_circuit_decorator.py
[2023-09-14T16:40:13.184+0000] {logging_mixin.py:149} INFO - [2023-09-14T16:40:13.183+0000] {dag.py:2726} INFO - Sync 1 DAGs
[2023-09-14T16:40:13.259+0000] {logging_mixin.py:149} INFO - [2023-09-14T16:40:13.258+0000] {dag.py:3490} INFO - Setting next_dagrun for example_short_circuit_decorator to 2023-09-13T16:40:13.258289+00:00, run_after=2023-09-14T16:40:13.258289+00:00
[2023-09-14T16:40:13.315+0000] {processor.py:178} INFO - Processing /home/airflow/.local/lib/python3.7/site-packages/airflow/example_dags/example_short_circuit_decorator.py took 0.527 seconds
[2023-09-14T16:40:43.806+0000] {processor.py:156} INFO - Started process (PID=245) to work on /home/airflow/.local/lib/python3.7/site-packages/airflow/example_dags/example_short_circuit_decorator.py
[2023-09-14T16:40:43.809+0000] {processor.py:799} INFO - Processing file /home/airflow/.local/lib/python3.7/site-packages/airflow/example_dags/example_short_circuit_decorator.py for tasks to queue
[2023-09-14T16:40:43.811+0000] {logging_mixin.py:149} INFO - [2023-09-14T16:40:43.811+0000] {dagbag.py:541} INFO - Filling up the DagBag from /home/airflow/.local/lib/python3.7/site-packages/airflow/example_dags/example_short_circuit_decorator.py
[2023-09-14T16:40:43.833+0000] {processor.py:809} INFO - DAG(s) dict_keys(['example_short_circuit_decorator']) retrieved from /home/airflow/.local/lib/python3.7/site-packages/airflow/example_dags/example_short_circuit_decorator.py
[2023-09-14T16:40:43.888+0000] {logging_mixin.py:149} INFO - [2023-09-14T16:40:43.887+0000] {dag.py:2726} INFO - Sync 1 DAGs
[2023-09-14T16:40:43.935+0000] {logging_mixin.py:149} INFO - [2023-09-14T16:40:43.935+0000] {dag.py:3490} INFO - Setting next_dagrun for example_short_circuit_decorator to 2023-09-13T16:40:43.934612+00:00, run_after=2023-09-14T16:40:43.934612+00:00
[2023-09-14T16:40:44.011+0000] {processor.py:178} INFO - Processing /home/airflow/.local/lib/python3.7/site-packages/airflow/example_dags/example_short_circuit_decorator.py took 0.215 seconds
[2023-09-14T16:41:14.585+0000] {processor.py:156} INFO - Started process (PID=306) to work on /home/airflow/.local/lib/python3.7/site-packages/airflow/example_dags/example_short_circuit_decorator.py
[2023-09-14T16:41:14.588+0000] {processor.py:799} INFO - Processing file /home/airflow/.local/lib/python3.7/site-packages/airflow/example_dags/example_short_circuit_decorator.py for tasks to queue
[2023-09-14T16:41:14.590+0000] {logging_mixin.py:149} INFO - [2023-09-14T16:41:14.590+0000] {dagbag.py:541} INFO - Filling up the DagBag from /home/airflow/.local/lib/python3.7/site-packages/airflow/example_dags/example_short_circuit_decorator.py
[2023-09-14T16:41:14.611+0000] {processor.py:809} INFO - DAG(s) dict_keys(['example_short_circuit_decorator']) retrieved from /home/airflow/.local/lib/python3.7/site-packages/airflow/example_dags/example_short_circuit_decorator.py
[2023-09-14T16:41:14.676+0000] {logging_mixin.py:149} INFO - [2023-09-14T16:41:14.676+0000] {dag.py:2726} INFO - Sync 1 DAGs
[2023-09-14T16:41:14.740+0000] {logging_mixin.py:149} INFO - [2023-09-14T16:41:14.739+0000] {dag.py:3490} INFO - Setting next_dagrun for example_short_circuit_decorator to 2023-09-13T16:41:14.739600+00:00, run_after=2023-09-14T16:41:14.739600+00:00
[2023-09-14T16:41:14.819+0000] {processor.py:178} INFO - Processing /home/airflow/.local/lib/python3.7/site-packages/airflow/example_dags/example_short_circuit_decorator.py took 0.242 seconds
[2023-09-14T16:41:45.357+0000] {processor.py:156} INFO - Started process (PID=367) to work on /home/airflow/.local/lib/python3.7/site-packages/airflow/example_dags/example_short_circuit_decorator.py
[2023-09-14T16:41:45.359+0000] {processor.py:799} INFO - Processing file /home/airflow/.local/lib/python3.7/site-packages/airflow/example_dags/example_short_circuit_decorator.py for tasks to queue
[2023-09-14T16:41:45.361+0000] {logging_mixin.py:149} INFO - [2023-09-14T16:41:45.361+0000] {dagbag.py:541} INFO - Filling up the DagBag from /home/airflow/.local/lib/python3.7/site-packages/airflow/example_dags/example_short_circuit_decorator.py
[2023-09-14T16:41:45.378+0000] {processor.py:809} INFO - DAG(s) dict_keys(['example_short_circuit_decorator']) retrieved from /home/airflow/.local/lib/python3.7/site-packages/airflow/example_dags/example_short_circuit_decorator.py
[2023-09-14T16:41:45.477+0000] {logging_mixin.py:149} INFO - [2023-09-14T16:41:45.476+0000] {dag.py:2726} INFO - Sync 1 DAGs
[2023-09-14T16:41:45.526+0000] {logging_mixin.py:149} INFO - [2023-09-14T16:41:45.525+0000] {dag.py:3490} INFO - Setting next_dagrun for example_short_circuit_decorator to 2023-09-13T16:41:45.525381+00:00, run_after=2023-09-14T16:41:45.525381+00:00
[2023-09-14T16:41:45.577+0000] {processor.py:178} INFO - Processing /home/airflow/.local/lib/python3.7/site-packages/airflow/example_dags/example_short_circuit_decorator.py took 0.224 seconds
[2023-09-14T16:42:15.697+0000] {processor.py:156} INFO - Started process (PID=428) to work on /home/airflow/.local/lib/python3.7/site-packages/airflow/example_dags/example_short_circuit_decorator.py
[2023-09-14T16:42:15.700+0000] {processor.py:799} INFO - Processing file /home/airflow/.local/lib/python3.7/site-packages/airflow/example_dags/example_short_circuit_decorator.py for tasks to queue
[2023-09-14T16:42:15.703+0000] {logging_mixin.py:149} INFO - [2023-09-14T16:42:15.703+0000] {dagbag.py:541} INFO - Filling up the DagBag from /home/airflow/.local/lib/python3.7/site-packages/airflow/example_dags/example_short_circuit_decorator.py
[2023-09-14T16:42:15.769+0000] {processor.py:809} INFO - DAG(s) dict_keys(['example_short_circuit_decorator']) retrieved from /home/airflow/.local/lib/python3.7/site-packages/airflow/example_dags/example_short_circuit_decorator.py
[2023-09-14T16:42:15.855+0000] {logging_mixin.py:149} INFO - [2023-09-14T16:42:15.855+0000] {dag.py:2726} INFO - Sync 1 DAGs
[2023-09-14T16:42:15.950+0000] {logging_mixin.py:149} INFO - [2023-09-14T16:42:15.949+0000] {dag.py:3490} INFO - Setting next_dagrun for example_short_circuit_decorator to 2023-09-13T16:42:15.948645+00:00, run_after=2023-09-14T16:42:15.948645+00:00
[2023-09-14T16:42:16.025+0000] {processor.py:178} INFO - Processing /home/airflow/.local/lib/python3.7/site-packages/airflow/example_dags/example_short_circuit_decorator.py took 0.339 seconds
[2023-09-14T16:42:47.307+0000] {processor.py:156} INFO - Started process (PID=490) to work on /home/airflow/.local/lib/python3.7/site-packages/airflow/example_dags/example_short_circuit_decorator.py
[2023-09-14T16:42:47.309+0000] {processor.py:799} INFO - Processing file /home/airflow/.local/lib/python3.7/site-packages/airflow/example_dags/example_short_circuit_decorator.py for tasks to queue
[2023-09-14T16:42:47.311+0000] {logging_mixin.py:149} INFO - [2023-09-14T16:42:47.311+0000] {dagbag.py:541} INFO - Filling up the DagBag from /home/airflow/.local/lib/python3.7/site-packages/airflow/example_dags/example_short_circuit_decorator.py
[2023-09-14T16:42:47.331+0000] {processor.py:809} INFO - DAG(s) dict_keys(['example_short_circuit_decorator']) retrieved from /home/airflow/.local/lib/python3.7/site-packages/airflow/example_dags/example_short_circuit_decorator.py
[2023-09-14T16:42:47.407+0000] {logging_mixin.py:149} INFO - [2023-09-14T16:42:47.406+0000] {dag.py:2726} INFO - Sync 1 DAGs
[2023-09-14T16:42:47.475+0000] {logging_mixin.py:149} INFO - [2023-09-14T16:42:47.474+0000] {dag.py:3490} INFO - Setting next_dagrun for example_short_circuit_decorator to 2023-09-13T16:42:47.473799+00:00, run_after=2023-09-14T16:42:47.473799+00:00
[2023-09-14T16:42:47.550+0000] {processor.py:178} INFO - Processing /home/airflow/.local/lib/python3.7/site-packages/airflow/example_dags/example_short_circuit_decorator.py took 0.249 seconds
[2023-09-14T16:43:17.975+0000] {processor.py:156} INFO - Started process (PID=551) to work on /home/airflow/.local/lib/python3.7/site-packages/airflow/example_dags/example_short_circuit_decorator.py
[2023-09-14T16:43:17.976+0000] {processor.py:799} INFO - Processing file /home/airflow/.local/lib/python3.7/site-packages/airflow/example_dags/example_short_circuit_decorator.py for tasks to queue
[2023-09-14T16:43:17.978+0000] {logging_mixin.py:149} INFO - [2023-09-14T16:43:17.978+0000] {dagbag.py:541} INFO - Filling up the DagBag from /home/airflow/.local/lib/python3.7/site-packages/airflow/example_dags/example_short_circuit_decorator.py
[2023-09-14T16:43:17.998+0000] {processor.py:809} INFO - DAG(s) dict_keys(['example_short_circuit_decorator']) retrieved from /home/airflow/.local/lib/python3.7/site-packages/airflow/example_dags/example_short_circuit_decorator.py
[2023-09-14T16:43:18.051+0000] {logging_mixin.py:149} INFO - [2023-09-14T16:43:18.051+0000] {dag.py:2726} INFO - Sync 1 DAGs
[2023-09-14T16:43:18.098+0000] {logging_mixin.py:149} INFO - [2023-09-14T16:43:18.097+0000] {dag.py:3490} INFO - Setting next_dagrun for example_short_circuit_decorator to 2023-09-13T16:43:18.097372+00:00, run_after=2023-09-14T16:43:18.097372+00:00
[2023-09-14T16:43:18.140+0000] {processor.py:178} INFO - Processing /home/airflow/.local/lib/python3.7/site-packages/airflow/example_dags/example_short_circuit_decorator.py took 0.170 seconds
[2023-09-14T16:43:49.822+0000] {processor.py:156} INFO - Started process (PID=612) to work on /home/airflow/.local/lib/python3.7/site-packages/airflow/example_dags/example_short_circuit_decorator.py
[2023-09-14T16:43:49.825+0000] {processor.py:799} INFO - Processing file /home/airflow/.local/lib/python3.7/site-packages/airflow/example_dags/example_short_circuit_decorator.py for tasks to queue
[2023-09-14T16:43:49.828+0000] {logging_mixin.py:149} INFO - [2023-09-14T16:43:49.827+0000] {dagbag.py:541} INFO - Filling up the DagBag from /home/airflow/.local/lib/python3.7/site-packages/airflow/example_dags/example_short_circuit_decorator.py
[2023-09-14T16:43:49.857+0000] {processor.py:809} INFO - DAG(s) dict_keys(['example_short_circuit_decorator']) retrieved from /home/airflow/.local/lib/python3.7/site-packages/airflow/example_dags/example_short_circuit_decorator.py
[2023-09-14T16:43:49.940+0000] {logging_mixin.py:149} INFO - [2023-09-14T16:43:49.940+0000] {dag.py:2726} INFO - Sync 1 DAGs
[2023-09-14T16:43:50.025+0000] {logging_mixin.py:149} INFO - [2023-09-14T16:43:50.024+0000] {dag.py:3490} INFO - Setting next_dagrun for example_short_circuit_decorator to 2023-09-13T16:43:50.023520+00:00, run_after=2023-09-14T16:43:50.023520+00:00
[2023-09-14T16:43:50.091+0000] {processor.py:178} INFO - Processing /home/airflow/.local/lib/python3.7/site-packages/airflow/example_dags/example_short_circuit_decorator.py took 0.277 seconds
[2023-09-14T16:44:21.586+0000] {processor.py:156} INFO - Started process (PID=674) to work on /home/airflow/.local/lib/python3.7/site-packages/airflow/example_dags/example_short_circuit_decorator.py
[2023-09-14T16:44:21.588+0000] {processor.py:799} INFO - Processing file /home/airflow/.local/lib/python3.7/site-packages/airflow/example_dags/example_short_circuit_decorator.py for tasks to queue
[2023-09-14T16:44:21.590+0000] {logging_mixin.py:149} INFO - [2023-09-14T16:44:21.590+0000] {dagbag.py:541} INFO - Filling up the DagBag from /home/airflow/.local/lib/python3.7/site-packages/airflow/example_dags/example_short_circuit_decorator.py
[2023-09-14T16:44:21.611+0000] {processor.py:809} INFO - DAG(s) dict_keys(['example_short_circuit_decorator']) retrieved from /home/airflow/.local/lib/python3.7/site-packages/airflow/example_dags/example_short_circuit_decorator.py
[2023-09-14T16:44:21.662+0000] {logging_mixin.py:149} INFO - [2023-09-14T16:44:21.661+0000] {dag.py:2726} INFO - Sync 1 DAGs
[2023-09-14T16:44:21.729+0000] {logging_mixin.py:149} INFO - [2023-09-14T16:44:21.729+0000] {dag.py:3490} INFO - Setting next_dagrun for example_short_circuit_decorator to 2023-09-13T16:44:21.728418+00:00, run_after=2023-09-14T16:44:21.728418+00:00
[2023-09-14T16:44:21.814+0000] {processor.py:178} INFO - Processing /home/airflow/.local/lib/python3.7/site-packages/airflow/example_dags/example_short_circuit_decorator.py took 0.234 seconds
[2023-09-14T16:44:54.930+0000] {processor.py:156} INFO - Started process (PID=735) to work on /home/airflow/.local/lib/python3.7/site-packages/airflow/example_dags/example_short_circuit_decorator.py
[2023-09-14T16:44:54.946+0000] {processor.py:799} INFO - Processing file /home/airflow/.local/lib/python3.7/site-packages/airflow/example_dags/example_short_circuit_decorator.py for tasks to queue
[2023-09-14T16:44:54.962+0000] {logging_mixin.py:149} INFO - [2023-09-14T16:44:54.959+0000] {dagbag.py:541} INFO - Filling up the DagBag from /home/airflow/.local/lib/python3.7/site-packages/airflow/example_dags/example_short_circuit_decorator.py
[2023-09-14T16:44:55.080+0000] {processor.py:809} INFO - DAG(s) dict_keys(['example_short_circuit_decorator']) retrieved from /home/airflow/.local/lib/python3.7/site-packages/airflow/example_dags/example_short_circuit_decorator.py
[2023-09-14T16:44:55.286+0000] {logging_mixin.py:149} INFO - [2023-09-14T16:44:55.285+0000] {dag.py:2726} INFO - Sync 1 DAGs
[2023-09-14T16:44:55.475+0000] {logging_mixin.py:149} INFO - [2023-09-14T16:44:55.474+0000] {dag.py:3490} INFO - Setting next_dagrun for example_short_circuit_decorator to 2023-09-13T16:44:55.473987+00:00, run_after=2023-09-14T16:44:55.473987+00:00
[2023-09-14T16:44:55.560+0000] {processor.py:178} INFO - Processing /home/airflow/.local/lib/python3.7/site-packages/airflow/example_dags/example_short_circuit_decorator.py took 0.695 seconds
[2023-09-14T16:45:26.434+0000] {processor.py:156} INFO - Started process (PID=796) to work on /home/airflow/.local/lib/python3.7/site-packages/airflow/example_dags/example_short_circuit_decorator.py
[2023-09-14T16:45:26.436+0000] {processor.py:799} INFO - Processing file /home/airflow/.local/lib/python3.7/site-packages/airflow/example_dags/example_short_circuit_decorator.py for tasks to queue
[2023-09-14T16:45:26.439+0000] {logging_mixin.py:149} INFO - [2023-09-14T16:45:26.439+0000] {dagbag.py:541} INFO - Filling up the DagBag from /home/airflow/.local/lib/python3.7/site-packages/airflow/example_dags/example_short_circuit_decorator.py
[2023-09-14T16:45:26.458+0000] {processor.py:809} INFO - DAG(s) dict_keys(['example_short_circuit_decorator']) retrieved from /home/airflow/.local/lib/python3.7/site-packages/airflow/example_dags/example_short_circuit_decorator.py
[2023-09-14T16:45:26.514+0000] {logging_mixin.py:149} INFO - [2023-09-14T16:45:26.514+0000] {dag.py:2726} INFO - Sync 1 DAGs
[2023-09-14T16:45:26.566+0000] {logging_mixin.py:149} INFO - [2023-09-14T16:45:26.566+0000] {dag.py:3490} INFO - Setting next_dagrun for example_short_circuit_decorator to 2023-09-13T16:45:26.565580+00:00, run_after=2023-09-14T16:45:26.565580+00:00
[2023-09-14T16:45:26.649+0000] {processor.py:178} INFO - Processing /home/airflow/.local/lib/python3.7/site-packages/airflow/example_dags/example_short_circuit_decorator.py took 0.223 seconds
[2023-09-14T16:45:57.125+0000] {processor.py:156} INFO - Started process (PID=848) to work on /home/airflow/.local/lib/python3.7/site-packages/airflow/example_dags/example_short_circuit_decorator.py
[2023-09-14T16:45:57.128+0000] {processor.py:799} INFO - Processing file /home/airflow/.local/lib/python3.7/site-packages/airflow/example_dags/example_short_circuit_decorator.py for tasks to queue
[2023-09-14T16:45:57.130+0000] {logging_mixin.py:149} INFO - [2023-09-14T16:45:57.130+0000] {dagbag.py:541} INFO - Filling up the DagBag from /home/airflow/.local/lib/python3.7/site-packages/airflow/example_dags/example_short_circuit_decorator.py
[2023-09-14T16:45:57.158+0000] {processor.py:809} INFO - DAG(s) dict_keys(['example_short_circuit_decorator']) retrieved from /home/airflow/.local/lib/python3.7/site-packages/airflow/example_dags/example_short_circuit_decorator.py
[2023-09-14T16:45:57.286+0000] {logging_mixin.py:149} INFO - [2023-09-14T16:45:57.285+0000] {dag.py:2726} INFO - Sync 1 DAGs
[2023-09-14T16:45:57.454+0000] {logging_mixin.py:149} INFO - [2023-09-14T16:45:57.454+0000] {dag.py:3490} INFO - Setting next_dagrun for example_short_circuit_decorator to 2023-09-13T16:45:57.453316+00:00, run_after=2023-09-14T16:45:57.453316+00:00
[2023-09-14T16:45:57.574+0000] {processor.py:178} INFO - Processing /home/airflow/.local/lib/python3.7/site-packages/airflow/example_dags/example_short_circuit_decorator.py took 0.457 seconds
[2023-09-14T16:46:27.855+0000] {processor.py:156} INFO - Started process (PID=909) to work on /home/airflow/.local/lib/python3.7/site-packages/airflow/example_dags/example_short_circuit_decorator.py
[2023-09-14T16:46:27.859+0000] {processor.py:799} INFO - Processing file /home/airflow/.local/lib/python3.7/site-packages/airflow/example_dags/example_short_circuit_decorator.py for tasks to queue
[2023-09-14T16:46:27.864+0000] {logging_mixin.py:149} INFO - [2023-09-14T16:46:27.863+0000] {dagbag.py:541} INFO - Filling up the DagBag from /home/airflow/.local/lib/python3.7/site-packages/airflow/example_dags/example_short_circuit_decorator.py
[2023-09-14T16:46:27.910+0000] {processor.py:809} INFO - DAG(s) dict_keys(['example_short_circuit_decorator']) retrieved from /home/airflow/.local/lib/python3.7/site-packages/airflow/example_dags/example_short_circuit_decorator.py
[2023-09-14T16:46:28.071+0000] {logging_mixin.py:149} INFO - [2023-09-14T16:46:28.071+0000] {dag.py:2726} INFO - Sync 1 DAGs
[2023-09-14T16:46:28.188+0000] {logging_mixin.py:149} INFO - [2023-09-14T16:46:28.188+0000] {dag.py:3490} INFO - Setting next_dagrun for example_short_circuit_decorator to 2023-09-13T16:46:28.187468+00:00, run_after=2023-09-14T16:46:28.187468+00:00
[2023-09-14T16:46:28.335+0000] {processor.py:178} INFO - Processing /home/airflow/.local/lib/python3.7/site-packages/airflow/example_dags/example_short_circuit_decorator.py took 0.499 seconds
[2023-09-14T16:46:58.765+0000] {processor.py:156} INFO - Started process (PID=970) to work on /home/airflow/.local/lib/python3.7/site-packages/airflow/example_dags/example_short_circuit_decorator.py
[2023-09-14T16:46:58.769+0000] {processor.py:799} INFO - Processing file /home/airflow/.local/lib/python3.7/site-packages/airflow/example_dags/example_short_circuit_decorator.py for tasks to queue
[2023-09-14T16:46:58.775+0000] {logging_mixin.py:149} INFO - [2023-09-14T16:46:58.774+0000] {dagbag.py:541} INFO - Filling up the DagBag from /home/airflow/.local/lib/python3.7/site-packages/airflow/example_dags/example_short_circuit_decorator.py
[2023-09-14T16:46:58.801+0000] {processor.py:809} INFO - DAG(s) dict_keys(['example_short_circuit_decorator']) retrieved from /home/airflow/.local/lib/python3.7/site-packages/airflow/example_dags/example_short_circuit_decorator.py
[2023-09-14T16:46:58.874+0000] {logging_mixin.py:149} INFO - [2023-09-14T16:46:58.874+0000] {dag.py:2726} INFO - Sync 1 DAGs
[2023-09-14T16:46:59.130+0000] {logging_mixin.py:149} INFO - [2023-09-14T16:46:59.130+0000] {dag.py:3490} INFO - Setting next_dagrun for example_short_circuit_decorator to 2023-09-13T16:46:59.130446+00:00, run_after=2023-09-14T16:46:59.130446+00:00
[2023-09-14T16:46:59.194+0000] {processor.py:178} INFO - Processing /home/airflow/.local/lib/python3.7/site-packages/airflow/example_dags/example_short_circuit_decorator.py took 0.435 seconds
[2023-09-14T16:47:29.869+0000] {processor.py:156} INFO - Started process (PID=1031) to work on /home/airflow/.local/lib/python3.7/site-packages/airflow/example_dags/example_short_circuit_decorator.py
[2023-09-14T16:47:29.872+0000] {processor.py:799} INFO - Processing file /home/airflow/.local/lib/python3.7/site-packages/airflow/example_dags/example_short_circuit_decorator.py for tasks to queue
[2023-09-14T16:47:29.876+0000] {logging_mixin.py:149} INFO - [2023-09-14T16:47:29.876+0000] {dagbag.py:541} INFO - Filling up the DagBag from /home/airflow/.local/lib/python3.7/site-packages/airflow/example_dags/example_short_circuit_decorator.py
[2023-09-14T16:47:29.916+0000] {processor.py:809} INFO - DAG(s) dict_keys(['example_short_circuit_decorator']) retrieved from /home/airflow/.local/lib/python3.7/site-packages/airflow/example_dags/example_short_circuit_decorator.py
[2023-09-14T16:47:29.996+0000] {logging_mixin.py:149} INFO - [2023-09-14T16:47:29.996+0000] {dag.py:2726} INFO - Sync 1 DAGs
[2023-09-14T16:47:30.114+0000] {logging_mixin.py:149} INFO - [2023-09-14T16:47:30.113+0000] {dag.py:3490} INFO - Setting next_dagrun for example_short_circuit_decorator to 2023-09-13T16:47:30.110471+00:00, run_after=2023-09-14T16:47:30.110471+00:00
[2023-09-14T16:47:30.254+0000] {processor.py:178} INFO - Processing /home/airflow/.local/lib/python3.7/site-packages/airflow/example_dags/example_short_circuit_decorator.py took 0.395 seconds
[2023-09-14T16:48:02.715+0000] {processor.py:156} INFO - Started process (PID=1092) to work on /home/airflow/.local/lib/python3.7/site-packages/airflow/example_dags/example_short_circuit_decorator.py
[2023-09-14T16:48:02.745+0000] {processor.py:799} INFO - Processing file /home/airflow/.local/lib/python3.7/site-packages/airflow/example_dags/example_short_circuit_decorator.py for tasks to queue
[2023-09-14T16:48:02.778+0000] {logging_mixin.py:149} INFO - [2023-09-14T16:48:02.777+0000] {dagbag.py:541} INFO - Filling up the DagBag from /home/airflow/.local/lib/python3.7/site-packages/airflow/example_dags/example_short_circuit_decorator.py
[2023-09-14T16:48:02.863+0000] {processor.py:809} INFO - DAG(s) dict_keys(['example_short_circuit_decorator']) retrieved from /home/airflow/.local/lib/python3.7/site-packages/airflow/example_dags/example_short_circuit_decorator.py
[2023-09-14T16:48:02.968+0000] {logging_mixin.py:149} INFO - [2023-09-14T16:48:02.967+0000] {dag.py:2726} INFO - Sync 1 DAGs
[2023-09-14T16:48:03.114+0000] {logging_mixin.py:149} INFO - [2023-09-14T16:48:03.114+0000] {dag.py:3490} INFO - Setting next_dagrun for example_short_circuit_decorator to 2023-09-13T16:48:03.113810+00:00, run_after=2023-09-14T16:48:03.113810+00:00
[2023-09-14T16:48:03.201+0000] {processor.py:178} INFO - Processing /home/airflow/.local/lib/python3.7/site-packages/airflow/example_dags/example_short_circuit_decorator.py took 0.508 seconds
[2023-09-14T16:48:33.976+0000] {processor.py:156} INFO - Started process (PID=1153) to work on /home/airflow/.local/lib/python3.7/site-packages/airflow/example_dags/example_short_circuit_decorator.py
[2023-09-14T16:48:33.981+0000] {processor.py:799} INFO - Processing file /home/airflow/.local/lib/python3.7/site-packages/airflow/example_dags/example_short_circuit_decorator.py for tasks to queue
[2023-09-14T16:48:33.984+0000] {logging_mixin.py:149} INFO - [2023-09-14T16:48:33.984+0000] {dagbag.py:541} INFO - Filling up the DagBag from /home/airflow/.local/lib/python3.7/site-packages/airflow/example_dags/example_short_circuit_decorator.py
[2023-09-14T16:48:34.008+0000] {processor.py:809} INFO - DAG(s) dict_keys(['example_short_circuit_decorator']) retrieved from /home/airflow/.local/lib/python3.7/site-packages/airflow/example_dags/example_short_circuit_decorator.py
[2023-09-14T16:48:34.143+0000] {logging_mixin.py:149} INFO - [2023-09-14T16:48:34.141+0000] {dag.py:2726} INFO - Sync 1 DAGs
[2023-09-14T16:48:34.236+0000] {logging_mixin.py:149} INFO - [2023-09-14T16:48:34.236+0000] {dag.py:3490} INFO - Setting next_dagrun for example_short_circuit_decorator to 2023-09-13T16:48:34.234935+00:00, run_after=2023-09-14T16:48:34.234935+00:00
[2023-09-14T16:48:34.337+0000] {processor.py:178} INFO - Processing /home/airflow/.local/lib/python3.7/site-packages/airflow/example_dags/example_short_circuit_decorator.py took 0.372 seconds
[2023-09-14T16:49:04.729+0000] {processor.py:156} INFO - Started process (PID=1213) to work on /home/airflow/.local/lib/python3.7/site-packages/airflow/example_dags/example_short_circuit_decorator.py
[2023-09-14T16:49:04.732+0000] {processor.py:799} INFO - Processing file /home/airflow/.local/lib/python3.7/site-packages/airflow/example_dags/example_short_circuit_decorator.py for tasks to queue
[2023-09-14T16:49:04.734+0000] {logging_mixin.py:149} INFO - [2023-09-14T16:49:04.734+0000] {dagbag.py:541} INFO - Filling up the DagBag from /home/airflow/.local/lib/python3.7/site-packages/airflow/example_dags/example_short_circuit_decorator.py
[2023-09-14T16:49:04.780+0000] {processor.py:809} INFO - DAG(s) dict_keys(['example_short_circuit_decorator']) retrieved from /home/airflow/.local/lib/python3.7/site-packages/airflow/example_dags/example_short_circuit_decorator.py
[2023-09-14T16:49:04.886+0000] {logging_mixin.py:149} INFO - [2023-09-14T16:49:04.885+0000] {dag.py:2726} INFO - Sync 1 DAGs
[2023-09-14T16:49:04.956+0000] {logging_mixin.py:149} INFO - [2023-09-14T16:49:04.955+0000] {dag.py:3490} INFO - Setting next_dagrun for example_short_circuit_decorator to 2023-09-13T16:49:04.954370+00:00, run_after=2023-09-14T16:49:04.954370+00:00
[2023-09-14T16:49:05.059+0000] {processor.py:178} INFO - Processing /home/airflow/.local/lib/python3.7/site-packages/airflow/example_dags/example_short_circuit_decorator.py took 0.341 seconds
[2023-09-14T16:49:35.380+0000] {processor.py:156} INFO - Started process (PID=1274) to work on /home/airflow/.local/lib/python3.7/site-packages/airflow/example_dags/example_short_circuit_decorator.py
[2023-09-14T16:49:35.385+0000] {processor.py:799} INFO - Processing file /home/airflow/.local/lib/python3.7/site-packages/airflow/example_dags/example_short_circuit_decorator.py for tasks to queue
[2023-09-14T16:49:35.392+0000] {logging_mixin.py:149} INFO - [2023-09-14T16:49:35.392+0000] {dagbag.py:541} INFO - Filling up the DagBag from /home/airflow/.local/lib/python3.7/site-packages/airflow/example_dags/example_short_circuit_decorator.py
[2023-09-14T16:49:35.435+0000] {processor.py:809} INFO - DAG(s) dict_keys(['example_short_circuit_decorator']) retrieved from /home/airflow/.local/lib/python3.7/site-packages/airflow/example_dags/example_short_circuit_decorator.py
[2023-09-14T16:49:35.534+0000] {logging_mixin.py:149} INFO - [2023-09-14T16:49:35.533+0000] {dag.py:2726} INFO - Sync 1 DAGs
[2023-09-14T16:49:35.636+0000] {logging_mixin.py:149} INFO - [2023-09-14T16:49:35.635+0000] {dag.py:3490} INFO - Setting next_dagrun for example_short_circuit_decorator to 2023-09-13T16:49:35.634705+00:00, run_after=2023-09-14T16:49:35.634705+00:00
[2023-09-14T16:49:35.696+0000] {processor.py:178} INFO - Processing /home/airflow/.local/lib/python3.7/site-packages/airflow/example_dags/example_short_circuit_decorator.py took 0.326 seconds
[2023-09-14T16:50:05.885+0000] {processor.py:156} INFO - Started process (PID=1335) to work on /home/airflow/.local/lib/python3.7/site-packages/airflow/example_dags/example_short_circuit_decorator.py
[2023-09-14T16:50:05.890+0000] {processor.py:799} INFO - Processing file /home/airflow/.local/lib/python3.7/site-packages/airflow/example_dags/example_short_circuit_decorator.py for tasks to queue
[2023-09-14T16:50:05.893+0000] {logging_mixin.py:149} INFO - [2023-09-14T16:50:05.893+0000] {dagbag.py:541} INFO - Filling up the DagBag from /home/airflow/.local/lib/python3.7/site-packages/airflow/example_dags/example_short_circuit_decorator.py
[2023-09-14T16:50:05.935+0000] {processor.py:809} INFO - DAG(s) dict_keys(['example_short_circuit_decorator']) retrieved from /home/airflow/.local/lib/python3.7/site-packages/airflow/example_dags/example_short_circuit_decorator.py
[2023-09-14T16:50:06.026+0000] {logging_mixin.py:149} INFO - [2023-09-14T16:50:06.025+0000] {dag.py:2726} INFO - Sync 1 DAGs
[2023-09-14T16:50:06.136+0000] {logging_mixin.py:149} INFO - [2023-09-14T16:50:06.136+0000] {dag.py:3490} INFO - Setting next_dagrun for example_short_circuit_decorator to 2023-09-13T16:50:06.135243+00:00, run_after=2023-09-14T16:50:06.135243+00:00
[2023-09-14T16:50:06.224+0000] {processor.py:178} INFO - Processing /home/airflow/.local/lib/python3.7/site-packages/airflow/example_dags/example_short_circuit_decorator.py took 0.352 seconds
[2023-09-14T16:50:37.232+0000] {processor.py:156} INFO - Started process (PID=1396) to work on /home/airflow/.local/lib/python3.7/site-packages/airflow/example_dags/example_short_circuit_decorator.py
[2023-09-14T16:50:37.273+0000] {processor.py:799} INFO - Processing file /home/airflow/.local/lib/python3.7/site-packages/airflow/example_dags/example_short_circuit_decorator.py for tasks to queue
[2023-09-14T16:50:37.294+0000] {logging_mixin.py:149} INFO - [2023-09-14T16:50:37.293+0000] {dagbag.py:541} INFO - Filling up the DagBag from /home/airflow/.local/lib/python3.7/site-packages/airflow/example_dags/example_short_circuit_decorator.py
[2023-09-14T16:50:37.648+0000] {processor.py:809} INFO - DAG(s) dict_keys(['example_short_circuit_decorator']) retrieved from /home/airflow/.local/lib/python3.7/site-packages/airflow/example_dags/example_short_circuit_decorator.py
[2023-09-14T16:50:37.985+0000] {logging_mixin.py:149} INFO - [2023-09-14T16:50:37.984+0000] {dag.py:2726} INFO - Sync 1 DAGs
[2023-09-14T16:50:38.151+0000] {logging_mixin.py:149} INFO - [2023-09-14T16:50:38.151+0000] {dag.py:3490} INFO - Setting next_dagrun for example_short_circuit_decorator to 2023-09-13T16:50:38.137807+00:00, run_after=2023-09-14T16:50:38.137807+00:00
[2023-09-14T16:50:38.453+0000] {processor.py:178} INFO - Processing /home/airflow/.local/lib/python3.7/site-packages/airflow/example_dags/example_short_circuit_decorator.py took 1.564 seconds
[2023-09-14T16:51:08.645+0000] {processor.py:156} INFO - Started process (PID=1457) to work on /home/airflow/.local/lib/python3.7/site-packages/airflow/example_dags/example_short_circuit_decorator.py
[2023-09-14T16:51:08.649+0000] {processor.py:799} INFO - Processing file /home/airflow/.local/lib/python3.7/site-packages/airflow/example_dags/example_short_circuit_decorator.py for tasks to queue
[2023-09-14T16:51:08.652+0000] {logging_mixin.py:149} INFO - [2023-09-14T16:51:08.652+0000] {dagbag.py:541} INFO - Filling up the DagBag from /home/airflow/.local/lib/python3.7/site-packages/airflow/example_dags/example_short_circuit_decorator.py
[2023-09-14T16:51:08.682+0000] {processor.py:809} INFO - DAG(s) dict_keys(['example_short_circuit_decorator']) retrieved from /home/airflow/.local/lib/python3.7/site-packages/airflow/example_dags/example_short_circuit_decorator.py
[2023-09-14T16:51:08.784+0000] {logging_mixin.py:149} INFO - [2023-09-14T16:51:08.784+0000] {dag.py:2726} INFO - Sync 1 DAGs
[2023-09-14T16:51:08.875+0000] {logging_mixin.py:149} INFO - [2023-09-14T16:51:08.874+0000] {dag.py:3490} INFO - Setting next_dagrun for example_short_circuit_decorator to 2023-09-13T16:51:08.874311+00:00, run_after=2023-09-14T16:51:08.874311+00:00
[2023-09-14T16:51:08.970+0000] {processor.py:178} INFO - Processing /home/airflow/.local/lib/python3.7/site-packages/airflow/example_dags/example_short_circuit_decorator.py took 0.336 seconds
[2023-09-14T16:51:39.410+0000] {processor.py:156} INFO - Started process (PID=1518) to work on /home/airflow/.local/lib/python3.7/site-packages/airflow/example_dags/example_short_circuit_decorator.py
[2023-09-14T16:51:39.412+0000] {processor.py:799} INFO - Processing file /home/airflow/.local/lib/python3.7/site-packages/airflow/example_dags/example_short_circuit_decorator.py for tasks to queue
[2023-09-14T16:51:39.416+0000] {logging_mixin.py:149} INFO - [2023-09-14T16:51:39.415+0000] {dagbag.py:541} INFO - Filling up the DagBag from /home/airflow/.local/lib/python3.7/site-packages/airflow/example_dags/example_short_circuit_decorator.py
[2023-09-14T16:51:39.443+0000] {processor.py:809} INFO - DAG(s) dict_keys(['example_short_circuit_decorator']) retrieved from /home/airflow/.local/lib/python3.7/site-packages/airflow/example_dags/example_short_circuit_decorator.py
[2023-09-14T16:51:39.531+0000] {logging_mixin.py:149} INFO - [2023-09-14T16:51:39.530+0000] {dag.py:2726} INFO - Sync 1 DAGs
[2023-09-14T16:51:39.609+0000] {logging_mixin.py:149} INFO - [2023-09-14T16:51:39.608+0000] {dag.py:3490} INFO - Setting next_dagrun for example_short_circuit_decorator to 2023-09-13T16:51:39.606707+00:00, run_after=2023-09-14T16:51:39.606707+00:00
[2023-09-14T16:51:39.724+0000] {processor.py:178} INFO - Processing /home/airflow/.local/lib/python3.7/site-packages/airflow/example_dags/example_short_circuit_decorator.py took 0.326 seconds
[2023-09-14T16:52:10.518+0000] {processor.py:156} INFO - Started process (PID=1580) to work on /home/airflow/.local/lib/python3.7/site-packages/airflow/example_dags/example_short_circuit_decorator.py
[2023-09-14T16:52:10.521+0000] {processor.py:799} INFO - Processing file /home/airflow/.local/lib/python3.7/site-packages/airflow/example_dags/example_short_circuit_decorator.py for tasks to queue
[2023-09-14T16:52:10.524+0000] {logging_mixin.py:149} INFO - [2023-09-14T16:52:10.523+0000] {dagbag.py:541} INFO - Filling up the DagBag from /home/airflow/.local/lib/python3.7/site-packages/airflow/example_dags/example_short_circuit_decorator.py
[2023-09-14T16:52:10.546+0000] {processor.py:809} INFO - DAG(s) dict_keys(['example_short_circuit_decorator']) retrieved from /home/airflow/.local/lib/python3.7/site-packages/airflow/example_dags/example_short_circuit_decorator.py
[2023-09-14T16:52:10.596+0000] {logging_mixin.py:149} INFO - [2023-09-14T16:52:10.595+0000] {dag.py:2726} INFO - Sync 1 DAGs
[2023-09-14T16:52:10.659+0000] {logging_mixin.py:149} INFO - [2023-09-14T16:52:10.659+0000] {dag.py:3490} INFO - Setting next_dagrun for example_short_circuit_decorator to 2023-09-13T16:52:10.658671+00:00, run_after=2023-09-14T16:52:10.658671+00:00
[2023-09-14T16:52:10.739+0000] {processor.py:178} INFO - Processing /home/airflow/.local/lib/python3.7/site-packages/airflow/example_dags/example_short_circuit_decorator.py took 0.225 seconds
[2023-09-14T16:52:41.821+0000] {processor.py:156} INFO - Started process (PID=1641) to work on /home/airflow/.local/lib/python3.7/site-packages/airflow/example_dags/example_short_circuit_decorator.py
[2023-09-14T16:52:41.824+0000] {processor.py:799} INFO - Processing file /home/airflow/.local/lib/python3.7/site-packages/airflow/example_dags/example_short_circuit_decorator.py for tasks to queue
[2023-09-14T16:52:41.829+0000] {logging_mixin.py:149} INFO - [2023-09-14T16:52:41.828+0000] {dagbag.py:541} INFO - Filling up the DagBag from /home/airflow/.local/lib/python3.7/site-packages/airflow/example_dags/example_short_circuit_decorator.py
[2023-09-14T16:52:41.858+0000] {processor.py:809} INFO - DAG(s) dict_keys(['example_short_circuit_decorator']) retrieved from /home/airflow/.local/lib/python3.7/site-packages/airflow/example_dags/example_short_circuit_decorator.py
[2023-09-14T16:52:41.920+0000] {logging_mixin.py:149} INFO - [2023-09-14T16:52:41.920+0000] {dag.py:2726} INFO - Sync 1 DAGs
[2023-09-14T16:52:41.987+0000] {logging_mixin.py:149} INFO - [2023-09-14T16:52:41.987+0000] {dag.py:3490} INFO - Setting next_dagrun for example_short_circuit_decorator to 2023-09-13T16:52:41.986999+00:00, run_after=2023-09-14T16:52:41.986999+00:00
[2023-09-14T16:52:42.077+0000] {processor.py:178} INFO - Processing /home/airflow/.local/lib/python3.7/site-packages/airflow/example_dags/example_short_circuit_decorator.py took 0.263 seconds
[2023-09-14T16:53:12.596+0000] {processor.py:156} INFO - Started process (PID=1702) to work on /home/airflow/.local/lib/python3.7/site-packages/airflow/example_dags/example_short_circuit_decorator.py
[2023-09-14T16:53:12.606+0000] {processor.py:799} INFO - Processing file /home/airflow/.local/lib/python3.7/site-packages/airflow/example_dags/example_short_circuit_decorator.py for tasks to queue
[2023-09-14T16:53:12.610+0000] {logging_mixin.py:149} INFO - [2023-09-14T16:53:12.610+0000] {dagbag.py:541} INFO - Filling up the DagBag from /home/airflow/.local/lib/python3.7/site-packages/airflow/example_dags/example_short_circuit_decorator.py
[2023-09-14T16:53:12.684+0000] {processor.py:809} INFO - DAG(s) dict_keys(['example_short_circuit_decorator']) retrieved from /home/airflow/.local/lib/python3.7/site-packages/airflow/example_dags/example_short_circuit_decorator.py
[2023-09-14T16:53:12.774+0000] {logging_mixin.py:149} INFO - [2023-09-14T16:53:12.774+0000] {dag.py:2726} INFO - Sync 1 DAGs
[2023-09-14T16:53:12.849+0000] {logging_mixin.py:149} INFO - [2023-09-14T16:53:12.848+0000] {dag.py:3490} INFO - Setting next_dagrun for example_short_circuit_decorator to 2023-09-13T16:53:12.847956+00:00, run_after=2023-09-14T16:53:12.847956+00:00
[2023-09-14T16:53:12.928+0000] {processor.py:178} INFO - Processing /home/airflow/.local/lib/python3.7/site-packages/airflow/example_dags/example_short_circuit_decorator.py took 0.348 seconds
[2023-09-14T16:53:44.183+0000] {processor.py:156} INFO - Started process (PID=1768) to work on /home/airflow/.local/lib/python3.7/site-packages/airflow/example_dags/example_short_circuit_decorator.py
[2023-09-14T16:53:44.194+0000] {processor.py:799} INFO - Processing file /home/airflow/.local/lib/python3.7/site-packages/airflow/example_dags/example_short_circuit_decorator.py for tasks to queue
[2023-09-14T16:53:44.199+0000] {logging_mixin.py:149} INFO - [2023-09-14T16:53:44.198+0000] {dagbag.py:541} INFO - Filling up the DagBag from /home/airflow/.local/lib/python3.7/site-packages/airflow/example_dags/example_short_circuit_decorator.py
[2023-09-14T16:53:44.278+0000] {processor.py:809} INFO - DAG(s) dict_keys(['example_short_circuit_decorator']) retrieved from /home/airflow/.local/lib/python3.7/site-packages/airflow/example_dags/example_short_circuit_decorator.py
[2023-09-14T16:53:44.444+0000] {logging_mixin.py:149} INFO - [2023-09-14T16:53:44.444+0000] {dag.py:2726} INFO - Sync 1 DAGs
[2023-09-14T16:53:44.564+0000] {logging_mixin.py:149} INFO - [2023-09-14T16:53:44.563+0000] {dag.py:3490} INFO - Setting next_dagrun for example_short_circuit_decorator to 2023-09-13T16:53:44.562450+00:00, run_after=2023-09-14T16:53:44.562450+00:00
[2023-09-14T16:53:44.672+0000] {processor.py:178} INFO - Processing /home/airflow/.local/lib/python3.7/site-packages/airflow/example_dags/example_short_circuit_decorator.py took 0.503 seconds
[2023-09-14T16:54:22.649+0000] {processor.py:156} INFO - Started process (PID=1841) to work on /home/airflow/.local/lib/python3.7/site-packages/airflow/example_dags/example_short_circuit_decorator.py
[2023-09-14T16:54:22.669+0000] {processor.py:799} INFO - Processing file /home/airflow/.local/lib/python3.7/site-packages/airflow/example_dags/example_short_circuit_decorator.py for tasks to queue
[2023-09-14T16:54:22.673+0000] {logging_mixin.py:149} INFO - [2023-09-14T16:54:22.672+0000] {dagbag.py:541} INFO - Filling up the DagBag from /home/airflow/.local/lib/python3.7/site-packages/airflow/example_dags/example_short_circuit_decorator.py
[2023-09-14T16:54:22.825+0000] {processor.py:809} INFO - DAG(s) dict_keys(['example_short_circuit_decorator']) retrieved from /home/airflow/.local/lib/python3.7/site-packages/airflow/example_dags/example_short_circuit_decorator.py
[2023-09-14T16:54:23.187+0000] {logging_mixin.py:149} INFO - [2023-09-14T16:54:23.186+0000] {dag.py:2726} INFO - Sync 1 DAGs
[2023-09-14T16:54:23.459+0000] {logging_mixin.py:149} INFO - [2023-09-14T16:54:23.458+0000] {dag.py:3490} INFO - Setting next_dagrun for example_short_circuit_decorator to 2023-09-13T16:54:23.457391+00:00, run_after=2023-09-14T16:54:23.457391+00:00
[2023-09-14T16:54:23.776+0000] {processor.py:178} INFO - Processing /home/airflow/.local/lib/python3.7/site-packages/airflow/example_dags/example_short_circuit_decorator.py took 1.178 seconds
[2023-09-14T16:55:02.570+0000] {processor.py:156} INFO - Started process (PID=1907) to work on /home/airflow/.local/lib/python3.7/site-packages/airflow/example_dags/example_short_circuit_decorator.py
[2023-09-14T16:55:02.573+0000] {processor.py:799} INFO - Processing file /home/airflow/.local/lib/python3.7/site-packages/airflow/example_dags/example_short_circuit_decorator.py for tasks to queue
[2023-09-14T16:55:02.575+0000] {logging_mixin.py:149} INFO - [2023-09-14T16:55:02.575+0000] {dagbag.py:541} INFO - Filling up the DagBag from /home/airflow/.local/lib/python3.7/site-packages/airflow/example_dags/example_short_circuit_decorator.py
[2023-09-14T16:55:02.605+0000] {processor.py:809} INFO - DAG(s) dict_keys(['example_short_circuit_decorator']) retrieved from /home/airflow/.local/lib/python3.7/site-packages/airflow/example_dags/example_short_circuit_decorator.py
[2023-09-14T16:55:02.693+0000] {logging_mixin.py:149} INFO - [2023-09-14T16:55:02.693+0000] {dag.py:2726} INFO - Sync 1 DAGs
[2023-09-14T16:55:02.760+0000] {logging_mixin.py:149} INFO - [2023-09-14T16:55:02.760+0000] {dag.py:3490} INFO - Setting next_dagrun for example_short_circuit_decorator to 2023-09-13T16:55:02.759728+00:00, run_after=2023-09-14T16:55:02.759728+00:00
[2023-09-14T16:55:02.826+0000] {processor.py:178} INFO - Processing /home/airflow/.local/lib/python3.7/site-packages/airflow/example_dags/example_short_circuit_decorator.py took 0.263 seconds
[2023-09-14T16:55:33.932+0000] {processor.py:156} INFO - Started process (PID=1973) to work on /home/airflow/.local/lib/python3.7/site-packages/airflow/example_dags/example_short_circuit_decorator.py
[2023-09-14T16:55:33.971+0000] {processor.py:799} INFO - Processing file /home/airflow/.local/lib/python3.7/site-packages/airflow/example_dags/example_short_circuit_decorator.py for tasks to queue
[2023-09-14T16:55:33.987+0000] {logging_mixin.py:149} INFO - [2023-09-14T16:55:33.987+0000] {dagbag.py:541} INFO - Filling up the DagBag from /home/airflow/.local/lib/python3.7/site-packages/airflow/example_dags/example_short_circuit_decorator.py
[2023-09-14T16:55:34.026+0000] {processor.py:809} INFO - DAG(s) dict_keys(['example_short_circuit_decorator']) retrieved from /home/airflow/.local/lib/python3.7/site-packages/airflow/example_dags/example_short_circuit_decorator.py
[2023-09-14T16:55:34.155+0000] {logging_mixin.py:149} INFO - [2023-09-14T16:55:34.154+0000] {dag.py:2726} INFO - Sync 1 DAGs
[2023-09-14T16:55:34.279+0000] {logging_mixin.py:149} INFO - [2023-09-14T16:55:34.278+0000] {dag.py:3490} INFO - Setting next_dagrun for example_short_circuit_decorator to 2023-09-13T16:55:34.278025+00:00, run_after=2023-09-14T16:55:34.278025+00:00
[2023-09-14T16:55:34.411+0000] {processor.py:178} INFO - Processing /home/airflow/.local/lib/python3.7/site-packages/airflow/example_dags/example_short_circuit_decorator.py took 0.487 seconds
[2023-09-14T16:56:05.274+0000] {processor.py:156} INFO - Started process (PID=2038) to work on /home/airflow/.local/lib/python3.7/site-packages/airflow/example_dags/example_short_circuit_decorator.py
[2023-09-14T16:56:05.277+0000] {processor.py:799} INFO - Processing file /home/airflow/.local/lib/python3.7/site-packages/airflow/example_dags/example_short_circuit_decorator.py for tasks to queue
[2023-09-14T16:56:05.281+0000] {logging_mixin.py:149} INFO - [2023-09-14T16:56:05.280+0000] {dagbag.py:541} INFO - Filling up the DagBag from /home/airflow/.local/lib/python3.7/site-packages/airflow/example_dags/example_short_circuit_decorator.py
[2023-09-14T16:56:05.325+0000] {processor.py:809} INFO - DAG(s) dict_keys(['example_short_circuit_decorator']) retrieved from /home/airflow/.local/lib/python3.7/site-packages/airflow/example_dags/example_short_circuit_decorator.py
[2023-09-14T16:56:05.442+0000] {logging_mixin.py:149} INFO - [2023-09-14T16:56:05.442+0000] {dag.py:2726} INFO - Sync 1 DAGs
[2023-09-14T16:56:05.529+0000] {logging_mixin.py:149} INFO - [2023-09-14T16:56:05.528+0000] {dag.py:3490} INFO - Setting next_dagrun for example_short_circuit_decorator to 2023-09-13T16:56:05.527512+00:00, run_after=2023-09-14T16:56:05.527512+00:00
[2023-09-14T16:56:05.658+0000] {processor.py:178} INFO - Processing /home/airflow/.local/lib/python3.7/site-packages/airflow/example_dags/example_short_circuit_decorator.py took 0.397 seconds
[2023-09-14T16:56:36.167+0000] {processor.py:156} INFO - Started process (PID=2094) to work on /home/airflow/.local/lib/python3.7/site-packages/airflow/example_dags/example_short_circuit_decorator.py
[2023-09-14T16:56:36.177+0000] {processor.py:799} INFO - Processing file /home/airflow/.local/lib/python3.7/site-packages/airflow/example_dags/example_short_circuit_decorator.py for tasks to queue
[2023-09-14T16:56:36.188+0000] {logging_mixin.py:149} INFO - [2023-09-14T16:56:36.187+0000] {dagbag.py:541} INFO - Filling up the DagBag from /home/airflow/.local/lib/python3.7/site-packages/airflow/example_dags/example_short_circuit_decorator.py
[2023-09-14T16:56:36.248+0000] {processor.py:809} INFO - DAG(s) dict_keys(['example_short_circuit_decorator']) retrieved from /home/airflow/.local/lib/python3.7/site-packages/airflow/example_dags/example_short_circuit_decorator.py
[2023-09-14T16:56:36.383+0000] {logging_mixin.py:149} INFO - [2023-09-14T16:56:36.382+0000] {dag.py:2726} INFO - Sync 1 DAGs
[2023-09-14T16:56:36.513+0000] {logging_mixin.py:149} INFO - [2023-09-14T16:56:36.512+0000] {dag.py:3490} INFO - Setting next_dagrun for example_short_circuit_decorator to 2023-09-13T16:56:36.512214+00:00, run_after=2023-09-14T16:56:36.512214+00:00
[2023-09-14T16:56:36.576+0000] {processor.py:178} INFO - Processing /home/airflow/.local/lib/python3.7/site-packages/airflow/example_dags/example_short_circuit_decorator.py took 0.430 seconds
[2023-09-14T16:57:07.145+0000] {processor.py:156} INFO - Started process (PID=2158) to work on /home/airflow/.local/lib/python3.7/site-packages/airflow/example_dags/example_short_circuit_decorator.py
[2023-09-14T16:57:07.155+0000] {processor.py:799} INFO - Processing file /home/airflow/.local/lib/python3.7/site-packages/airflow/example_dags/example_short_circuit_decorator.py for tasks to queue
[2023-09-14T16:57:07.161+0000] {logging_mixin.py:149} INFO - [2023-09-14T16:57:07.161+0000] {dagbag.py:541} INFO - Filling up the DagBag from /home/airflow/.local/lib/python3.7/site-packages/airflow/example_dags/example_short_circuit_decorator.py
[2023-09-14T16:57:07.198+0000] {processor.py:809} INFO - DAG(s) dict_keys(['example_short_circuit_decorator']) retrieved from /home/airflow/.local/lib/python3.7/site-packages/airflow/example_dags/example_short_circuit_decorator.py
[2023-09-14T16:57:07.282+0000] {logging_mixin.py:149} INFO - [2023-09-14T16:57:07.281+0000] {dag.py:2726} INFO - Sync 1 DAGs
[2023-09-14T16:57:07.370+0000] {logging_mixin.py:149} INFO - [2023-09-14T16:57:07.370+0000] {dag.py:3490} INFO - Setting next_dagrun for example_short_circuit_decorator to 2023-09-13T16:57:07.369641+00:00, run_after=2023-09-14T16:57:07.369641+00:00
[2023-09-14T16:57:07.442+0000] {processor.py:178} INFO - Processing /home/airflow/.local/lib/python3.7/site-packages/airflow/example_dags/example_short_circuit_decorator.py took 0.321 seconds
[2023-09-14T16:57:37.799+0000] {processor.py:156} INFO - Started process (PID=2225) to work on /home/airflow/.local/lib/python3.7/site-packages/airflow/example_dags/example_short_circuit_decorator.py
[2023-09-14T16:57:37.803+0000] {processor.py:799} INFO - Processing file /home/airflow/.local/lib/python3.7/site-packages/airflow/example_dags/example_short_circuit_decorator.py for tasks to queue
[2023-09-14T16:57:37.807+0000] {logging_mixin.py:149} INFO - [2023-09-14T16:57:37.806+0000] {dagbag.py:541} INFO - Filling up the DagBag from /home/airflow/.local/lib/python3.7/site-packages/airflow/example_dags/example_short_circuit_decorator.py
[2023-09-14T16:57:37.837+0000] {processor.py:809} INFO - DAG(s) dict_keys(['example_short_circuit_decorator']) retrieved from /home/airflow/.local/lib/python3.7/site-packages/airflow/example_dags/example_short_circuit_decorator.py
[2023-09-14T16:57:37.950+0000] {logging_mixin.py:149} INFO - [2023-09-14T16:57:37.946+0000] {dag.py:2726} INFO - Sync 1 DAGs
[2023-09-14T16:57:38.066+0000] {logging_mixin.py:149} INFO - [2023-09-14T16:57:38.065+0000] {dag.py:3490} INFO - Setting next_dagrun for example_short_circuit_decorator to 2023-09-13T16:57:38.065237+00:00, run_after=2023-09-14T16:57:38.065237+00:00
[2023-09-14T16:57:38.252+0000] {processor.py:178} INFO - Processing /home/airflow/.local/lib/python3.7/site-packages/airflow/example_dags/example_short_circuit_decorator.py took 0.466 seconds
[2023-09-14T16:58:08.691+0000] {processor.py:156} INFO - Started process (PID=2290) to work on /home/airflow/.local/lib/python3.7/site-packages/airflow/example_dags/example_short_circuit_decorator.py
[2023-09-14T16:58:08.698+0000] {processor.py:799} INFO - Processing file /home/airflow/.local/lib/python3.7/site-packages/airflow/example_dags/example_short_circuit_decorator.py for tasks to queue
[2023-09-14T16:58:08.709+0000] {logging_mixin.py:149} INFO - [2023-09-14T16:58:08.708+0000] {dagbag.py:541} INFO - Filling up the DagBag from /home/airflow/.local/lib/python3.7/site-packages/airflow/example_dags/example_short_circuit_decorator.py
[2023-09-14T16:58:08.842+0000] {processor.py:809} INFO - DAG(s) dict_keys(['example_short_circuit_decorator']) retrieved from /home/airflow/.local/lib/python3.7/site-packages/airflow/example_dags/example_short_circuit_decorator.py
[2023-09-14T16:58:08.980+0000] {logging_mixin.py:149} INFO - [2023-09-14T16:58:08.980+0000] {dag.py:2726} INFO - Sync 1 DAGs
[2023-09-14T16:58:09.112+0000] {logging_mixin.py:149} INFO - [2023-09-14T16:58:09.111+0000] {dag.py:3490} INFO - Setting next_dagrun for example_short_circuit_decorator to 2023-09-13T16:58:09.111184+00:00, run_after=2023-09-14T16:58:09.111184+00:00
[2023-09-14T16:58:09.225+0000] {processor.py:178} INFO - Processing /home/airflow/.local/lib/python3.7/site-packages/airflow/example_dags/example_short_circuit_decorator.py took 0.556 seconds
[2023-09-14T16:58:53.464+0000] {processor.py:156} INFO - Started process (PID=2363) to work on /home/airflow/.local/lib/python3.7/site-packages/airflow/example_dags/example_short_circuit_decorator.py
[2023-09-14T16:58:53.472+0000] {processor.py:799} INFO - Processing file /home/airflow/.local/lib/python3.7/site-packages/airflow/example_dags/example_short_circuit_decorator.py for tasks to queue
[2023-09-14T16:58:53.480+0000] {logging_mixin.py:149} INFO - [2023-09-14T16:58:53.479+0000] {dagbag.py:541} INFO - Filling up the DagBag from /home/airflow/.local/lib/python3.7/site-packages/airflow/example_dags/example_short_circuit_decorator.py
[2023-09-14T16:58:53.556+0000] {processor.py:809} INFO - DAG(s) dict_keys(['example_short_circuit_decorator']) retrieved from /home/airflow/.local/lib/python3.7/site-packages/airflow/example_dags/example_short_circuit_decorator.py
[2023-09-14T16:58:53.726+0000] {logging_mixin.py:149} INFO - [2023-09-14T16:58:53.725+0000] {dag.py:2726} INFO - Sync 1 DAGs
[2023-09-14T16:58:53.931+0000] {logging_mixin.py:149} INFO - [2023-09-14T16:58:53.931+0000] {dag.py:3490} INFO - Setting next_dagrun for example_short_circuit_decorator to 2023-09-13T16:58:53.930332+00:00, run_after=2023-09-14T16:58:53.930332+00:00
[2023-09-14T16:58:54.090+0000] {processor.py:178} INFO - Processing /home/airflow/.local/lib/python3.7/site-packages/airflow/example_dags/example_short_circuit_decorator.py took 0.651 seconds
[2023-09-14T16:59:24.695+0000] {processor.py:156} INFO - Started process (PID=2432) to work on /home/airflow/.local/lib/python3.7/site-packages/airflow/example_dags/example_short_circuit_decorator.py
[2023-09-14T16:59:24.704+0000] {processor.py:799} INFO - Processing file /home/airflow/.local/lib/python3.7/site-packages/airflow/example_dags/example_short_circuit_decorator.py for tasks to queue
[2023-09-14T16:59:24.708+0000] {logging_mixin.py:149} INFO - [2023-09-14T16:59:24.708+0000] {dagbag.py:541} INFO - Filling up the DagBag from /home/airflow/.local/lib/python3.7/site-packages/airflow/example_dags/example_short_circuit_decorator.py
[2023-09-14T16:59:24.734+0000] {processor.py:809} INFO - DAG(s) dict_keys(['example_short_circuit_decorator']) retrieved from /home/airflow/.local/lib/python3.7/site-packages/airflow/example_dags/example_short_circuit_decorator.py
[2023-09-14T16:59:24.817+0000] {logging_mixin.py:149} INFO - [2023-09-14T16:59:24.816+0000] {dag.py:2726} INFO - Sync 1 DAGs
[2023-09-14T16:59:24.902+0000] {logging_mixin.py:149} INFO - [2023-09-14T16:59:24.901+0000] {dag.py:3490} INFO - Setting next_dagrun for example_short_circuit_decorator to 2023-09-13T16:59:24.901099+00:00, run_after=2023-09-14T16:59:24.901099+00:00
[2023-09-14T16:59:24.964+0000] {processor.py:178} INFO - Processing /home/airflow/.local/lib/python3.7/site-packages/airflow/example_dags/example_short_circuit_decorator.py took 0.278 seconds
[2023-09-14T16:59:56.046+0000] {processor.py:156} INFO - Started process (PID=2498) to work on /home/airflow/.local/lib/python3.7/site-packages/airflow/example_dags/example_short_circuit_decorator.py
[2023-09-14T16:59:56.052+0000] {processor.py:799} INFO - Processing file /home/airflow/.local/lib/python3.7/site-packages/airflow/example_dags/example_short_circuit_decorator.py for tasks to queue
[2023-09-14T16:59:56.057+0000] {logging_mixin.py:149} INFO - [2023-09-14T16:59:56.057+0000] {dagbag.py:541} INFO - Filling up the DagBag from /home/airflow/.local/lib/python3.7/site-packages/airflow/example_dags/example_short_circuit_decorator.py
[2023-09-14T16:59:56.138+0000] {processor.py:809} INFO - DAG(s) dict_keys(['example_short_circuit_decorator']) retrieved from /home/airflow/.local/lib/python3.7/site-packages/airflow/example_dags/example_short_circuit_decorator.py
[2023-09-14T16:59:56.336+0000] {logging_mixin.py:149} INFO - [2023-09-14T16:59:56.335+0000] {dag.py:2726} INFO - Sync 1 DAGs
[2023-09-14T16:59:56.565+0000] {logging_mixin.py:149} INFO - [2023-09-14T16:59:56.564+0000] {dag.py:3490} INFO - Setting next_dagrun for example_short_circuit_decorator to 2023-09-13T16:59:56.563161+00:00, run_after=2023-09-14T16:59:56.563161+00:00
[2023-09-14T16:59:56.726+0000] {processor.py:178} INFO - Processing /home/airflow/.local/lib/python3.7/site-packages/airflow/example_dags/example_short_circuit_decorator.py took 0.698 seconds
[2023-09-14T17:00:27.137+0000] {processor.py:156} INFO - Started process (PID=2562) to work on /home/airflow/.local/lib/python3.7/site-packages/airflow/example_dags/example_short_circuit_decorator.py
[2023-09-14T17:00:27.142+0000] {processor.py:799} INFO - Processing file /home/airflow/.local/lib/python3.7/site-packages/airflow/example_dags/example_short_circuit_decorator.py for tasks to queue
[2023-09-14T17:00:27.146+0000] {logging_mixin.py:149} INFO - [2023-09-14T17:00:27.146+0000] {dagbag.py:541} INFO - Filling up the DagBag from /home/airflow/.local/lib/python3.7/site-packages/airflow/example_dags/example_short_circuit_decorator.py
[2023-09-14T17:00:27.189+0000] {processor.py:809} INFO - DAG(s) dict_keys(['example_short_circuit_decorator']) retrieved from /home/airflow/.local/lib/python3.7/site-packages/airflow/example_dags/example_short_circuit_decorator.py
[2023-09-14T17:00:27.281+0000] {logging_mixin.py:149} INFO - [2023-09-14T17:00:27.281+0000] {dag.py:2726} INFO - Sync 1 DAGs
[2023-09-14T17:00:27.368+0000] {logging_mixin.py:149} INFO - [2023-09-14T17:00:27.368+0000] {dag.py:3490} INFO - Setting next_dagrun for example_short_circuit_decorator to 2023-09-13T17:00:27.367625+00:00, run_after=2023-09-14T17:00:27.367625+00:00
[2023-09-14T17:00:27.429+0000] {processor.py:178} INFO - Processing /home/airflow/.local/lib/python3.7/site-packages/airflow/example_dags/example_short_circuit_decorator.py took 0.304 seconds
[2023-09-14T17:00:57.532+0000] {processor.py:156} INFO - Started process (PID=2626) to work on /home/airflow/.local/lib/python3.7/site-packages/airflow/example_dags/example_short_circuit_decorator.py
[2023-09-14T17:00:57.534+0000] {processor.py:799} INFO - Processing file /home/airflow/.local/lib/python3.7/site-packages/airflow/example_dags/example_short_circuit_decorator.py for tasks to queue
[2023-09-14T17:00:57.538+0000] {logging_mixin.py:149} INFO - [2023-09-14T17:00:57.537+0000] {dagbag.py:541} INFO - Filling up the DagBag from /home/airflow/.local/lib/python3.7/site-packages/airflow/example_dags/example_short_circuit_decorator.py
[2023-09-14T17:00:57.576+0000] {processor.py:809} INFO - DAG(s) dict_keys(['example_short_circuit_decorator']) retrieved from /home/airflow/.local/lib/python3.7/site-packages/airflow/example_dags/example_short_circuit_decorator.py
[2023-09-14T17:00:57.648+0000] {logging_mixin.py:149} INFO - [2023-09-14T17:00:57.648+0000] {dag.py:2726} INFO - Sync 1 DAGs
[2023-09-14T17:00:57.704+0000] {logging_mixin.py:149} INFO - [2023-09-14T17:00:57.704+0000] {dag.py:3490} INFO - Setting next_dagrun for example_short_circuit_decorator to 2023-09-13T17:00:57.703514+00:00, run_after=2023-09-14T17:00:57.703514+00:00
[2023-09-14T17:00:57.747+0000] {processor.py:178} INFO - Processing /home/airflow/.local/lib/python3.7/site-packages/airflow/example_dags/example_short_circuit_decorator.py took 0.221 seconds
[2023-09-14T17:01:27.862+0000] {processor.py:156} INFO - Started process (PID=2690) to work on /home/airflow/.local/lib/python3.7/site-packages/airflow/example_dags/example_short_circuit_decorator.py
[2023-09-14T17:01:27.863+0000] {processor.py:799} INFO - Processing file /home/airflow/.local/lib/python3.7/site-packages/airflow/example_dags/example_short_circuit_decorator.py for tasks to queue
[2023-09-14T17:01:27.865+0000] {logging_mixin.py:149} INFO - [2023-09-14T17:01:27.865+0000] {dagbag.py:541} INFO - Filling up the DagBag from /home/airflow/.local/lib/python3.7/site-packages/airflow/example_dags/example_short_circuit_decorator.py
[2023-09-14T17:01:27.883+0000] {processor.py:809} INFO - DAG(s) dict_keys(['example_short_circuit_decorator']) retrieved from /home/airflow/.local/lib/python3.7/site-packages/airflow/example_dags/example_short_circuit_decorator.py
[2023-09-14T17:01:27.927+0000] {logging_mixin.py:149} INFO - [2023-09-14T17:01:27.927+0000] {dag.py:2726} INFO - Sync 1 DAGs
[2023-09-14T17:01:27.998+0000] {logging_mixin.py:149} INFO - [2023-09-14T17:01:27.997+0000] {dag.py:3490} INFO - Setting next_dagrun for example_short_circuit_decorator to 2023-09-13T17:01:27.997357+00:00, run_after=2023-09-14T17:01:27.997357+00:00
[2023-09-14T17:01:28.031+0000] {processor.py:178} INFO - Processing /home/airflow/.local/lib/python3.7/site-packages/airflow/example_dags/example_short_circuit_decorator.py took 0.173 seconds
[2023-09-14T17:01:58.254+0000] {processor.py:156} INFO - Started process (PID=2755) to work on /home/airflow/.local/lib/python3.7/site-packages/airflow/example_dags/example_short_circuit_decorator.py
[2023-09-14T17:01:58.264+0000] {processor.py:799} INFO - Processing file /home/airflow/.local/lib/python3.7/site-packages/airflow/example_dags/example_short_circuit_decorator.py for tasks to queue
[2023-09-14T17:01:58.267+0000] {logging_mixin.py:149} INFO - [2023-09-14T17:01:58.266+0000] {dagbag.py:541} INFO - Filling up the DagBag from /home/airflow/.local/lib/python3.7/site-packages/airflow/example_dags/example_short_circuit_decorator.py
[2023-09-14T17:01:58.297+0000] {processor.py:809} INFO - DAG(s) dict_keys(['example_short_circuit_decorator']) retrieved from /home/airflow/.local/lib/python3.7/site-packages/airflow/example_dags/example_short_circuit_decorator.py
[2023-09-14T17:01:58.446+0000] {logging_mixin.py:149} INFO - [2023-09-14T17:01:58.445+0000] {dag.py:2726} INFO - Sync 1 DAGs
[2023-09-14T17:01:58.511+0000] {logging_mixin.py:149} INFO - [2023-09-14T17:01:58.511+0000] {dag.py:3490} INFO - Setting next_dagrun for example_short_circuit_decorator to 2023-09-13T17:01:58.510983+00:00, run_after=2023-09-14T17:01:58.510983+00:00
[2023-09-14T17:01:58.552+0000] {processor.py:178} INFO - Processing /home/airflow/.local/lib/python3.7/site-packages/airflow/example_dags/example_short_circuit_decorator.py took 0.321 seconds
