[2023-09-14T16:09:48.626+0000] {processor.py:156} INFO - Started process (PID=48) to work on /home/airflow/.local/lib/python3.7/site-packages/airflow/example_dags/example_latest_only.py
[2023-09-14T16:09:48.645+0000] {processor.py:799} INFO - Processing file /home/airflow/.local/lib/python3.7/site-packages/airflow/example_dags/example_latest_only.py for tasks to queue
[2023-09-14T16:09:48.651+0000] {logging_mixin.py:149} INFO - [2023-09-14T16:09:48.650+0000] {dagbag.py:541} INFO - Filling up the DagBag from /home/airflow/.local/lib/python3.7/site-packages/airflow/example_dags/example_latest_only.py
[2023-09-14T16:09:48.719+0000] {processor.py:809} INFO - DAG(s) dict_keys(['latest_only']) retrieved from /home/airflow/.local/lib/python3.7/site-packages/airflow/example_dags/example_latest_only.py
[2023-09-14T16:09:49.187+0000] {logging_mixin.py:149} INFO - [2023-09-14T16:09:49.186+0000] {dag.py:2726} INFO - Sync 1 DAGs
[2023-09-14T16:09:51.227+0000] {logging_mixin.py:149} INFO - [2023-09-14T16:09:51.227+0000] {dag.py:3490} INFO - Setting next_dagrun for latest_only to 2023-09-14T12:09:51.187643+00:00, run_after=2023-09-14T16:09:51.187643+00:00
[2023-09-14T16:09:51.626+0000] {processor.py:178} INFO - Processing /home/airflow/.local/lib/python3.7/site-packages/airflow/example_dags/example_latest_only.py took 3.019 seconds
[2023-09-14T16:11:43.876+0000] {processor.py:156} INFO - Started process (PID=124) to work on /home/airflow/.local/lib/python3.7/site-packages/airflow/example_dags/example_latest_only.py
[2023-09-14T16:11:43.881+0000] {processor.py:799} INFO - Processing file /home/airflow/.local/lib/python3.7/site-packages/airflow/example_dags/example_latest_only.py for tasks to queue
[2023-09-14T16:11:43.893+0000] {logging_mixin.py:149} INFO - [2023-09-14T16:11:43.892+0000] {dagbag.py:541} INFO - Filling up the DagBag from /home/airflow/.local/lib/python3.7/site-packages/airflow/example_dags/example_latest_only.py
[2023-09-14T16:11:43.934+0000] {processor.py:809} INFO - DAG(s) dict_keys(['latest_only']) retrieved from /home/airflow/.local/lib/python3.7/site-packages/airflow/example_dags/example_latest_only.py
[2023-09-14T16:11:44.700+0000] {logging_mixin.py:149} INFO - [2023-09-14T16:11:44.700+0000] {dag.py:2726} INFO - Sync 1 DAGs
[2023-09-14T16:11:45.375+0000] {logging_mixin.py:149} INFO - [2023-09-14T16:11:45.374+0000] {dag.py:3490} INFO - Setting next_dagrun for latest_only to 2023-09-14T12:11:45.374333+00:00, run_after=2023-09-14T16:11:45.374333+00:00
[2023-09-14T16:11:45.489+0000] {processor.py:178} INFO - Processing /home/airflow/.local/lib/python3.7/site-packages/airflow/example_dags/example_latest_only.py took 1.629 seconds
[2023-09-14T16:12:18.927+0000] {processor.py:156} INFO - Started process (PID=176) to work on /home/airflow/.local/lib/python3.7/site-packages/airflow/example_dags/example_latest_only.py
[2023-09-14T16:12:18.930+0000] {processor.py:799} INFO - Processing file /home/airflow/.local/lib/python3.7/site-packages/airflow/example_dags/example_latest_only.py for tasks to queue
[2023-09-14T16:12:18.934+0000] {logging_mixin.py:149} INFO - [2023-09-14T16:12:18.933+0000] {dagbag.py:541} INFO - Filling up the DagBag from /home/airflow/.local/lib/python3.7/site-packages/airflow/example_dags/example_latest_only.py
[2023-09-14T16:12:19.250+0000] {processor.py:809} INFO - DAG(s) dict_keys(['latest_only']) retrieved from /home/airflow/.local/lib/python3.7/site-packages/airflow/example_dags/example_latest_only.py
[2023-09-14T16:12:19.325+0000] {logging_mixin.py:149} INFO - [2023-09-14T16:12:19.324+0000] {dag.py:2726} INFO - Sync 1 DAGs
[2023-09-14T16:12:19.447+0000] {logging_mixin.py:149} INFO - [2023-09-14T16:12:19.446+0000] {dag.py:3490} INFO - Setting next_dagrun for latest_only to 2023-09-14T12:12:19.446343+00:00, run_after=2023-09-14T16:12:19.446343+00:00
[2023-09-14T16:12:19.578+0000] {processor.py:178} INFO - Processing /home/airflow/.local/lib/python3.7/site-packages/airflow/example_dags/example_latest_only.py took 0.661 seconds
[2023-09-14T16:12:50.342+0000] {processor.py:156} INFO - Started process (PID=234) to work on /home/airflow/.local/lib/python3.7/site-packages/airflow/example_dags/example_latest_only.py
[2023-09-14T16:12:50.365+0000] {processor.py:799} INFO - Processing file /home/airflow/.local/lib/python3.7/site-packages/airflow/example_dags/example_latest_only.py for tasks to queue
[2023-09-14T16:12:50.380+0000] {logging_mixin.py:149} INFO - [2023-09-14T16:12:50.380+0000] {dagbag.py:541} INFO - Filling up the DagBag from /home/airflow/.local/lib/python3.7/site-packages/airflow/example_dags/example_latest_only.py
[2023-09-14T16:12:50.423+0000] {processor.py:809} INFO - DAG(s) dict_keys(['latest_only']) retrieved from /home/airflow/.local/lib/python3.7/site-packages/airflow/example_dags/example_latest_only.py
[2023-09-14T16:12:50.608+0000] {logging_mixin.py:149} INFO - [2023-09-14T16:12:50.608+0000] {dag.py:2726} INFO - Sync 1 DAGs
[2023-09-14T16:12:50.989+0000] {logging_mixin.py:149} INFO - [2023-09-14T16:12:50.988+0000] {dag.py:3490} INFO - Setting next_dagrun for latest_only to 2023-09-14T12:12:50.982842+00:00, run_after=2023-09-14T16:12:50.982842+00:00
[2023-09-14T16:12:54.814+0000] {processor.py:178} INFO - Processing /home/airflow/.local/lib/python3.7/site-packages/airflow/example_dags/example_latest_only.py took 4.488 seconds
[2023-09-14T16:13:25.626+0000] {processor.py:156} INFO - Started process (PID=295) to work on /home/airflow/.local/lib/python3.7/site-packages/airflow/example_dags/example_latest_only.py
[2023-09-14T16:13:25.669+0000] {processor.py:799} INFO - Processing file /home/airflow/.local/lib/python3.7/site-packages/airflow/example_dags/example_latest_only.py for tasks to queue
[2023-09-14T16:13:25.677+0000] {logging_mixin.py:149} INFO - [2023-09-14T16:13:25.675+0000] {dagbag.py:541} INFO - Filling up the DagBag from /home/airflow/.local/lib/python3.7/site-packages/airflow/example_dags/example_latest_only.py
[2023-09-14T16:13:25.951+0000] {processor.py:809} INFO - DAG(s) dict_keys(['latest_only']) retrieved from /home/airflow/.local/lib/python3.7/site-packages/airflow/example_dags/example_latest_only.py
[2023-09-14T16:13:26.604+0000] {logging_mixin.py:149} INFO - [2023-09-14T16:13:26.602+0000] {dag.py:2726} INFO - Sync 1 DAGs
[2023-09-14T16:13:27.140+0000] {logging_mixin.py:149} INFO - [2023-09-14T16:13:27.139+0000] {dag.py:3490} INFO - Setting next_dagrun for latest_only to 2023-09-14T12:13:27.138332+00:00, run_after=2023-09-14T16:13:27.138332+00:00
[2023-09-14T16:13:28.877+0000] {processor.py:178} INFO - Processing /home/airflow/.local/lib/python3.7/site-packages/airflow/example_dags/example_latest_only.py took 3.317 seconds
[2023-09-14T16:13:59.059+0000] {processor.py:156} INFO - Started process (PID=356) to work on /home/airflow/.local/lib/python3.7/site-packages/airflow/example_dags/example_latest_only.py
[2023-09-14T16:13:59.063+0000] {processor.py:799} INFO - Processing file /home/airflow/.local/lib/python3.7/site-packages/airflow/example_dags/example_latest_only.py for tasks to queue
[2023-09-14T16:13:59.075+0000] {logging_mixin.py:149} INFO - [2023-09-14T16:13:59.075+0000] {dagbag.py:541} INFO - Filling up the DagBag from /home/airflow/.local/lib/python3.7/site-packages/airflow/example_dags/example_latest_only.py
[2023-09-14T16:13:59.111+0000] {processor.py:809} INFO - DAG(s) dict_keys(['latest_only']) retrieved from /home/airflow/.local/lib/python3.7/site-packages/airflow/example_dags/example_latest_only.py
[2023-09-14T16:13:59.225+0000] {logging_mixin.py:149} INFO - [2023-09-14T16:13:59.224+0000] {dag.py:2726} INFO - Sync 1 DAGs
[2023-09-14T16:13:59.333+0000] {logging_mixin.py:149} INFO - [2023-09-14T16:13:59.333+0000] {dag.py:3490} INFO - Setting next_dagrun for latest_only to 2023-09-14T12:13:59.332154+00:00, run_after=2023-09-14T16:13:59.332154+00:00
[2023-09-14T16:13:59.424+0000] {processor.py:178} INFO - Processing /home/airflow/.local/lib/python3.7/site-packages/airflow/example_dags/example_latest_only.py took 0.381 seconds
[2023-09-14T16:14:29.617+0000] {processor.py:156} INFO - Started process (PID=417) to work on /home/airflow/.local/lib/python3.7/site-packages/airflow/example_dags/example_latest_only.py
[2023-09-14T16:14:29.620+0000] {processor.py:799} INFO - Processing file /home/airflow/.local/lib/python3.7/site-packages/airflow/example_dags/example_latest_only.py for tasks to queue
[2023-09-14T16:14:29.621+0000] {logging_mixin.py:149} INFO - [2023-09-14T16:14:29.621+0000] {dagbag.py:541} INFO - Filling up the DagBag from /home/airflow/.local/lib/python3.7/site-packages/airflow/example_dags/example_latest_only.py
[2023-09-14T16:14:29.648+0000] {processor.py:809} INFO - DAG(s) dict_keys(['latest_only']) retrieved from /home/airflow/.local/lib/python3.7/site-packages/airflow/example_dags/example_latest_only.py
[2023-09-14T16:14:29.734+0000] {logging_mixin.py:149} INFO - [2023-09-14T16:14:29.734+0000] {dag.py:2726} INFO - Sync 1 DAGs
[2023-09-14T16:14:29.847+0000] {logging_mixin.py:149} INFO - [2023-09-14T16:14:29.846+0000] {dag.py:3490} INFO - Setting next_dagrun for latest_only to 2023-09-14T12:14:29.846292+00:00, run_after=2023-09-14T16:14:29.846292+00:00
[2023-09-14T16:14:29.916+0000] {processor.py:178} INFO - Processing /home/airflow/.local/lib/python3.7/site-packages/airflow/example_dags/example_latest_only.py took 0.305 seconds
[2023-09-14T16:15:00.897+0000] {processor.py:156} INFO - Started process (PID=486) to work on /home/airflow/.local/lib/python3.7/site-packages/airflow/example_dags/example_latest_only.py
[2023-09-14T16:15:00.900+0000] {processor.py:799} INFO - Processing file /home/airflow/.local/lib/python3.7/site-packages/airflow/example_dags/example_latest_only.py for tasks to queue
[2023-09-14T16:15:00.903+0000] {logging_mixin.py:149} INFO - [2023-09-14T16:15:00.903+0000] {dagbag.py:541} INFO - Filling up the DagBag from /home/airflow/.local/lib/python3.7/site-packages/airflow/example_dags/example_latest_only.py
[2023-09-14T16:15:00.922+0000] {processor.py:809} INFO - DAG(s) dict_keys(['latest_only']) retrieved from /home/airflow/.local/lib/python3.7/site-packages/airflow/example_dags/example_latest_only.py
[2023-09-14T16:15:00.999+0000] {logging_mixin.py:149} INFO - [2023-09-14T16:15:00.998+0000] {dag.py:2726} INFO - Sync 1 DAGs
[2023-09-14T16:15:01.105+0000] {logging_mixin.py:149} INFO - [2023-09-14T16:15:01.105+0000] {dag.py:3490} INFO - Setting next_dagrun for latest_only to 2023-09-14T12:15:01.105000+00:00, run_after=2023-09-14T16:15:01.105000+00:00
[2023-09-14T16:15:01.162+0000] {processor.py:178} INFO - Processing /home/airflow/.local/lib/python3.7/site-packages/airflow/example_dags/example_latest_only.py took 0.273 seconds
[2023-09-14T16:15:31.908+0000] {processor.py:156} INFO - Started process (PID=547) to work on /home/airflow/.local/lib/python3.7/site-packages/airflow/example_dags/example_latest_only.py
[2023-09-14T16:15:31.911+0000] {processor.py:799} INFO - Processing file /home/airflow/.local/lib/python3.7/site-packages/airflow/example_dags/example_latest_only.py for tasks to queue
[2023-09-14T16:15:31.913+0000] {logging_mixin.py:149} INFO - [2023-09-14T16:15:31.913+0000] {dagbag.py:541} INFO - Filling up the DagBag from /home/airflow/.local/lib/python3.7/site-packages/airflow/example_dags/example_latest_only.py
[2023-09-14T16:15:31.926+0000] {processor.py:809} INFO - DAG(s) dict_keys(['latest_only']) retrieved from /home/airflow/.local/lib/python3.7/site-packages/airflow/example_dags/example_latest_only.py
[2023-09-14T16:15:31.982+0000] {logging_mixin.py:149} INFO - [2023-09-14T16:15:31.982+0000] {dag.py:2726} INFO - Sync 1 DAGs
[2023-09-14T16:15:32.055+0000] {logging_mixin.py:149} INFO - [2023-09-14T16:15:32.055+0000] {dag.py:3490} INFO - Setting next_dagrun for latest_only to 2023-09-14T12:15:32.054926+00:00, run_after=2023-09-14T16:15:32.054926+00:00
[2023-09-14T16:15:32.100+0000] {processor.py:178} INFO - Processing /home/airflow/.local/lib/python3.7/site-packages/airflow/example_dags/example_latest_only.py took 0.202 seconds
[2023-09-14T16:16:02.219+0000] {processor.py:156} INFO - Started process (PID=609) to work on /home/airflow/.local/lib/python3.7/site-packages/airflow/example_dags/example_latest_only.py
[2023-09-14T16:16:02.222+0000] {processor.py:799} INFO - Processing file /home/airflow/.local/lib/python3.7/site-packages/airflow/example_dags/example_latest_only.py for tasks to queue
[2023-09-14T16:16:02.225+0000] {logging_mixin.py:149} INFO - [2023-09-14T16:16:02.225+0000] {dagbag.py:541} INFO - Filling up the DagBag from /home/airflow/.local/lib/python3.7/site-packages/airflow/example_dags/example_latest_only.py
[2023-09-14T16:16:02.245+0000] {processor.py:809} INFO - DAG(s) dict_keys(['latest_only']) retrieved from /home/airflow/.local/lib/python3.7/site-packages/airflow/example_dags/example_latest_only.py
[2023-09-14T16:16:02.330+0000] {logging_mixin.py:149} INFO - [2023-09-14T16:16:02.329+0000] {dag.py:2726} INFO - Sync 1 DAGs
[2023-09-14T16:16:02.449+0000] {logging_mixin.py:149} INFO - [2023-09-14T16:16:02.449+0000] {dag.py:3490} INFO - Setting next_dagrun for latest_only to 2023-09-14T12:16:02.448801+00:00, run_after=2023-09-14T16:16:02.448801+00:00
[2023-09-14T16:16:02.627+0000] {processor.py:178} INFO - Processing /home/airflow/.local/lib/python3.7/site-packages/airflow/example_dags/example_latest_only.py took 0.416 seconds
[2023-09-14T16:16:33.000+0000] {processor.py:156} INFO - Started process (PID=669) to work on /home/airflow/.local/lib/python3.7/site-packages/airflow/example_dags/example_latest_only.py
[2023-09-14T16:16:33.002+0000] {processor.py:799} INFO - Processing file /home/airflow/.local/lib/python3.7/site-packages/airflow/example_dags/example_latest_only.py for tasks to queue
[2023-09-14T16:16:33.004+0000] {logging_mixin.py:149} INFO - [2023-09-14T16:16:33.004+0000] {dagbag.py:541} INFO - Filling up the DagBag from /home/airflow/.local/lib/python3.7/site-packages/airflow/example_dags/example_latest_only.py
[2023-09-14T16:16:33.018+0000] {processor.py:809} INFO - DAG(s) dict_keys(['latest_only']) retrieved from /home/airflow/.local/lib/python3.7/site-packages/airflow/example_dags/example_latest_only.py
[2023-09-14T16:16:33.076+0000] {logging_mixin.py:149} INFO - [2023-09-14T16:16:33.076+0000] {dag.py:2726} INFO - Sync 1 DAGs
[2023-09-14T16:16:33.143+0000] {logging_mixin.py:149} INFO - [2023-09-14T16:16:33.143+0000] {dag.py:3490} INFO - Setting next_dagrun for latest_only to 2023-09-14T12:16:33.143208+00:00, run_after=2023-09-14T16:16:33.143208+00:00
[2023-09-14T16:16:33.190+0000] {processor.py:178} INFO - Processing /home/airflow/.local/lib/python3.7/site-packages/airflow/example_dags/example_latest_only.py took 0.197 seconds
[2023-09-14T16:35:28.685+0000] {processor.py:156} INFO - Started process (PID=34) to work on /home/airflow/.local/lib/python3.7/site-packages/airflow/example_dags/example_latest_only.py
[2023-09-14T16:35:28.696+0000] {processor.py:799} INFO - Processing file /home/airflow/.local/lib/python3.7/site-packages/airflow/example_dags/example_latest_only.py for tasks to queue
[2023-09-14T16:35:28.702+0000] {logging_mixin.py:149} INFO - [2023-09-14T16:35:28.701+0000] {dagbag.py:541} INFO - Filling up the DagBag from /home/airflow/.local/lib/python3.7/site-packages/airflow/example_dags/example_latest_only.py
[2023-09-14T16:35:28.848+0000] {processor.py:809} INFO - DAG(s) dict_keys(['latest_only']) retrieved from /home/airflow/.local/lib/python3.7/site-packages/airflow/example_dags/example_latest_only.py
[2023-09-14T16:35:29.123+0000] {logging_mixin.py:149} INFO - [2023-09-14T16:35:29.122+0000] {dag.py:2726} INFO - Sync 1 DAGs
[2023-09-14T16:35:29.318+0000] {logging_mixin.py:149} INFO - [2023-09-14T16:35:29.318+0000] {dag.py:3490} INFO - Setting next_dagrun for latest_only to 2023-09-14T12:35:29.316363+00:00, run_after=2023-09-14T16:35:29.316363+00:00
[2023-09-14T16:35:29.404+0000] {processor.py:178} INFO - Processing /home/airflow/.local/lib/python3.7/site-packages/airflow/example_dags/example_latest_only.py took 0.761 seconds
[2023-09-14T16:36:30.825+0000] {processor.py:156} INFO - Started process (PID=102) to work on /home/airflow/.local/lib/python3.7/site-packages/airflow/example_dags/example_latest_only.py
[2023-09-14T16:36:30.828+0000] {processor.py:799} INFO - Processing file /home/airflow/.local/lib/python3.7/site-packages/airflow/example_dags/example_latest_only.py for tasks to queue
[2023-09-14T16:36:30.835+0000] {logging_mixin.py:149} INFO - [2023-09-14T16:36:30.834+0000] {dagbag.py:541} INFO - Filling up the DagBag from /home/airflow/.local/lib/python3.7/site-packages/airflow/example_dags/example_latest_only.py
[2023-09-14T16:36:30.857+0000] {processor.py:809} INFO - DAG(s) dict_keys(['latest_only']) retrieved from /home/airflow/.local/lib/python3.7/site-packages/airflow/example_dags/example_latest_only.py
[2023-09-14T16:36:30.919+0000] {logging_mixin.py:149} INFO - [2023-09-14T16:36:30.919+0000] {dag.py:2726} INFO - Sync 1 DAGs
[2023-09-14T16:36:31.025+0000] {logging_mixin.py:149} INFO - [2023-09-14T16:36:31.024+0000] {dag.py:3490} INFO - Setting next_dagrun for latest_only to 2023-09-14T12:36:31.022606+00:00, run_after=2023-09-14T16:36:31.022606+00:00
[2023-09-14T16:36:31.098+0000] {processor.py:178} INFO - Processing /home/airflow/.local/lib/python3.7/site-packages/airflow/example_dags/example_latest_only.py took 0.281 seconds
[2023-09-14T16:38:32.200+0000] {processor.py:156} INFO - Started process (PID=34) to work on /home/airflow/.local/lib/python3.7/site-packages/airflow/example_dags/example_latest_only.py
[2023-09-14T16:38:32.211+0000] {processor.py:799} INFO - Processing file /home/airflow/.local/lib/python3.7/site-packages/airflow/example_dags/example_latest_only.py for tasks to queue
[2023-09-14T16:38:32.222+0000] {logging_mixin.py:149} INFO - [2023-09-14T16:38:32.222+0000] {dagbag.py:541} INFO - Filling up the DagBag from /home/airflow/.local/lib/python3.7/site-packages/airflow/example_dags/example_latest_only.py
[2023-09-14T16:38:32.247+0000] {processor.py:809} INFO - DAG(s) dict_keys(['latest_only']) retrieved from /home/airflow/.local/lib/python3.7/site-packages/airflow/example_dags/example_latest_only.py
[2023-09-14T16:38:32.433+0000] {logging_mixin.py:149} INFO - [2023-09-14T16:38:32.432+0000] {dag.py:2726} INFO - Sync 1 DAGs
[2023-09-14T16:38:32.529+0000] {logging_mixin.py:149} INFO - [2023-09-14T16:38:32.529+0000] {dag.py:3490} INFO - Setting next_dagrun for latest_only to 2023-09-14T12:38:32.528522+00:00, run_after=2023-09-14T16:38:32.528522+00:00
[2023-09-14T16:38:32.602+0000] {processor.py:178} INFO - Processing /home/airflow/.local/lib/python3.7/site-packages/airflow/example_dags/example_latest_only.py took 0.409 seconds
[2023-09-14T16:39:30.680+0000] {processor.py:156} INFO - Started process (PID=101) to work on /home/airflow/.local/lib/python3.7/site-packages/airflow/example_dags/example_latest_only.py
[2023-09-14T16:39:30.693+0000] {processor.py:799} INFO - Processing file /home/airflow/.local/lib/python3.7/site-packages/airflow/example_dags/example_latest_only.py for tasks to queue
[2023-09-14T16:39:30.697+0000] {logging_mixin.py:149} INFO - [2023-09-14T16:39:30.697+0000] {dagbag.py:541} INFO - Filling up the DagBag from /home/airflow/.local/lib/python3.7/site-packages/airflow/example_dags/example_latest_only.py
[2023-09-14T16:39:30.740+0000] {processor.py:809} INFO - DAG(s) dict_keys(['latest_only']) retrieved from /home/airflow/.local/lib/python3.7/site-packages/airflow/example_dags/example_latest_only.py
[2023-09-14T16:39:30.933+0000] {logging_mixin.py:149} INFO - [2023-09-14T16:39:30.933+0000] {dag.py:2726} INFO - Sync 1 DAGs
[2023-09-14T16:39:31.106+0000] {logging_mixin.py:149} INFO - [2023-09-14T16:39:31.106+0000] {dag.py:3490} INFO - Setting next_dagrun for latest_only to 2023-09-14T12:39:31.097419+00:00, run_after=2023-09-14T16:39:31.097419+00:00
[2023-09-14T16:39:31.200+0000] {processor.py:178} INFO - Processing /home/airflow/.local/lib/python3.7/site-packages/airflow/example_dags/example_latest_only.py took 0.543 seconds
[2023-09-14T16:40:01.687+0000] {processor.py:156} INFO - Started process (PID=160) to work on /home/airflow/.local/lib/python3.7/site-packages/airflow/example_dags/example_latest_only.py
[2023-09-14T16:40:01.704+0000] {processor.py:799} INFO - Processing file /home/airflow/.local/lib/python3.7/site-packages/airflow/example_dags/example_latest_only.py for tasks to queue
[2023-09-14T16:40:01.715+0000] {logging_mixin.py:149} INFO - [2023-09-14T16:40:01.715+0000] {dagbag.py:541} INFO - Filling up the DagBag from /home/airflow/.local/lib/python3.7/site-packages/airflow/example_dags/example_latest_only.py
[2023-09-14T16:40:01.790+0000] {processor.py:809} INFO - DAG(s) dict_keys(['latest_only']) retrieved from /home/airflow/.local/lib/python3.7/site-packages/airflow/example_dags/example_latest_only.py
[2023-09-14T16:40:02.063+0000] {logging_mixin.py:149} INFO - [2023-09-14T16:40:02.063+0000] {dag.py:2726} INFO - Sync 1 DAGs
[2023-09-14T16:40:05.002+0000] {logging_mixin.py:149} INFO - [2023-09-14T16:40:05.002+0000] {dag.py:3490} INFO - Setting next_dagrun for latest_only to 2023-09-14T12:40:04.999103+00:00, run_after=2023-09-14T16:40:04.999103+00:00
[2023-09-14T16:40:05.105+0000] {processor.py:178} INFO - Processing /home/airflow/.local/lib/python3.7/site-packages/airflow/example_dags/example_latest_only.py took 3.431 seconds
[2023-09-14T16:40:35.345+0000] {processor.py:156} INFO - Started process (PID=213) to work on /home/airflow/.local/lib/python3.7/site-packages/airflow/example_dags/example_latest_only.py
[2023-09-14T16:40:35.347+0000] {processor.py:799} INFO - Processing file /home/airflow/.local/lib/python3.7/site-packages/airflow/example_dags/example_latest_only.py for tasks to queue
[2023-09-14T16:40:35.349+0000] {logging_mixin.py:149} INFO - [2023-09-14T16:40:35.349+0000] {dagbag.py:541} INFO - Filling up the DagBag from /home/airflow/.local/lib/python3.7/site-packages/airflow/example_dags/example_latest_only.py
[2023-09-14T16:40:35.362+0000] {processor.py:809} INFO - DAG(s) dict_keys(['latest_only']) retrieved from /home/airflow/.local/lib/python3.7/site-packages/airflow/example_dags/example_latest_only.py
[2023-09-14T16:40:35.424+0000] {logging_mixin.py:149} INFO - [2023-09-14T16:40:35.424+0000] {dag.py:2726} INFO - Sync 1 DAGs
[2023-09-14T16:40:35.483+0000] {logging_mixin.py:149} INFO - [2023-09-14T16:40:35.483+0000] {dag.py:3490} INFO - Setting next_dagrun for latest_only to 2023-09-14T12:40:35.482676+00:00, run_after=2023-09-14T16:40:35.482676+00:00
[2023-09-14T16:40:35.567+0000] {processor.py:178} INFO - Processing /home/airflow/.local/lib/python3.7/site-packages/airflow/example_dags/example_latest_only.py took 0.227 seconds
[2023-09-14T16:41:05.913+0000] {processor.py:156} INFO - Started process (PID=274) to work on /home/airflow/.local/lib/python3.7/site-packages/airflow/example_dags/example_latest_only.py
[2023-09-14T16:41:05.915+0000] {processor.py:799} INFO - Processing file /home/airflow/.local/lib/python3.7/site-packages/airflow/example_dags/example_latest_only.py for tasks to queue
[2023-09-14T16:41:05.917+0000] {logging_mixin.py:149} INFO - [2023-09-14T16:41:05.917+0000] {dagbag.py:541} INFO - Filling up the DagBag from /home/airflow/.local/lib/python3.7/site-packages/airflow/example_dags/example_latest_only.py
[2023-09-14T16:41:05.926+0000] {processor.py:809} INFO - DAG(s) dict_keys(['latest_only']) retrieved from /home/airflow/.local/lib/python3.7/site-packages/airflow/example_dags/example_latest_only.py
[2023-09-14T16:41:05.971+0000] {logging_mixin.py:149} INFO - [2023-09-14T16:41:05.971+0000] {dag.py:2726} INFO - Sync 1 DAGs
[2023-09-14T16:41:06.031+0000] {logging_mixin.py:149} INFO - [2023-09-14T16:41:06.031+0000] {dag.py:3490} INFO - Setting next_dagrun for latest_only to 2023-09-14T12:41:06.031203+00:00, run_after=2023-09-14T16:41:06.031203+00:00
[2023-09-14T16:41:06.070+0000] {processor.py:178} INFO - Processing /home/airflow/.local/lib/python3.7/site-packages/airflow/example_dags/example_latest_only.py took 0.163 seconds
[2023-09-14T16:41:36.452+0000] {processor.py:156} INFO - Started process (PID=335) to work on /home/airflow/.local/lib/python3.7/site-packages/airflow/example_dags/example_latest_only.py
[2023-09-14T16:41:36.455+0000] {processor.py:799} INFO - Processing file /home/airflow/.local/lib/python3.7/site-packages/airflow/example_dags/example_latest_only.py for tasks to queue
[2023-09-14T16:41:36.457+0000] {logging_mixin.py:149} INFO - [2023-09-14T16:41:36.457+0000] {dagbag.py:541} INFO - Filling up the DagBag from /home/airflow/.local/lib/python3.7/site-packages/airflow/example_dags/example_latest_only.py
[2023-09-14T16:41:36.480+0000] {processor.py:809} INFO - DAG(s) dict_keys(['latest_only']) retrieved from /home/airflow/.local/lib/python3.7/site-packages/airflow/example_dags/example_latest_only.py
[2023-09-14T16:41:36.555+0000] {logging_mixin.py:149} INFO - [2023-09-14T16:41:36.554+0000] {dag.py:2726} INFO - Sync 1 DAGs
[2023-09-14T16:41:36.622+0000] {logging_mixin.py:149} INFO - [2023-09-14T16:41:36.622+0000] {dag.py:3490} INFO - Setting next_dagrun for latest_only to 2023-09-14T12:41:36.621738+00:00, run_after=2023-09-14T16:41:36.621738+00:00
[2023-09-14T16:41:36.660+0000] {processor.py:178} INFO - Processing /home/airflow/.local/lib/python3.7/site-packages/airflow/example_dags/example_latest_only.py took 0.217 seconds
[2023-09-14T16:42:07.214+0000] {processor.py:156} INFO - Started process (PID=396) to work on /home/airflow/.local/lib/python3.7/site-packages/airflow/example_dags/example_latest_only.py
[2023-09-14T16:42:07.218+0000] {processor.py:799} INFO - Processing file /home/airflow/.local/lib/python3.7/site-packages/airflow/example_dags/example_latest_only.py for tasks to queue
[2023-09-14T16:42:07.221+0000] {logging_mixin.py:149} INFO - [2023-09-14T16:42:07.220+0000] {dagbag.py:541} INFO - Filling up the DagBag from /home/airflow/.local/lib/python3.7/site-packages/airflow/example_dags/example_latest_only.py
[2023-09-14T16:42:07.236+0000] {processor.py:809} INFO - DAG(s) dict_keys(['latest_only']) retrieved from /home/airflow/.local/lib/python3.7/site-packages/airflow/example_dags/example_latest_only.py
[2023-09-14T16:42:07.304+0000] {logging_mixin.py:149} INFO - [2023-09-14T16:42:07.304+0000] {dag.py:2726} INFO - Sync 1 DAGs
[2023-09-14T16:42:07.388+0000] {logging_mixin.py:149} INFO - [2023-09-14T16:42:07.387+0000] {dag.py:3490} INFO - Setting next_dagrun for latest_only to 2023-09-14T12:42:07.387277+00:00, run_after=2023-09-14T16:42:07.387277+00:00
[2023-09-14T16:42:07.488+0000] {processor.py:178} INFO - Processing /home/airflow/.local/lib/python3.7/site-packages/airflow/example_dags/example_latest_only.py took 0.289 seconds
[2023-09-14T16:42:37.747+0000] {processor.py:156} INFO - Started process (PID=457) to work on /home/airflow/.local/lib/python3.7/site-packages/airflow/example_dags/example_latest_only.py
[2023-09-14T16:42:37.749+0000] {processor.py:799} INFO - Processing file /home/airflow/.local/lib/python3.7/site-packages/airflow/example_dags/example_latest_only.py for tasks to queue
[2023-09-14T16:42:37.751+0000] {logging_mixin.py:149} INFO - [2023-09-14T16:42:37.751+0000] {dagbag.py:541} INFO - Filling up the DagBag from /home/airflow/.local/lib/python3.7/site-packages/airflow/example_dags/example_latest_only.py
[2023-09-14T16:42:37.766+0000] {processor.py:809} INFO - DAG(s) dict_keys(['latest_only']) retrieved from /home/airflow/.local/lib/python3.7/site-packages/airflow/example_dags/example_latest_only.py
[2023-09-14T16:42:37.827+0000] {logging_mixin.py:149} INFO - [2023-09-14T16:42:37.827+0000] {dag.py:2726} INFO - Sync 1 DAGs
[2023-09-14T16:42:37.883+0000] {logging_mixin.py:149} INFO - [2023-09-14T16:42:37.882+0000] {dag.py:3490} INFO - Setting next_dagrun for latest_only to 2023-09-14T12:42:37.882236+00:00, run_after=2023-09-14T16:42:37.882236+00:00
[2023-09-14T16:42:37.935+0000] {processor.py:178} INFO - Processing /home/airflow/.local/lib/python3.7/site-packages/airflow/example_dags/example_latest_only.py took 0.193 seconds
[2023-09-14T16:43:08.148+0000] {processor.py:156} INFO - Started process (PID=519) to work on /home/airflow/.local/lib/python3.7/site-packages/airflow/example_dags/example_latest_only.py
[2023-09-14T16:43:08.149+0000] {processor.py:799} INFO - Processing file /home/airflow/.local/lib/python3.7/site-packages/airflow/example_dags/example_latest_only.py for tasks to queue
[2023-09-14T16:43:08.152+0000] {logging_mixin.py:149} INFO - [2023-09-14T16:43:08.151+0000] {dagbag.py:541} INFO - Filling up the DagBag from /home/airflow/.local/lib/python3.7/site-packages/airflow/example_dags/example_latest_only.py
[2023-09-14T16:43:08.167+0000] {processor.py:809} INFO - DAG(s) dict_keys(['latest_only']) retrieved from /home/airflow/.local/lib/python3.7/site-packages/airflow/example_dags/example_latest_only.py
[2023-09-14T16:43:08.225+0000] {logging_mixin.py:149} INFO - [2023-09-14T16:43:08.225+0000] {dag.py:2726} INFO - Sync 1 DAGs
[2023-09-14T16:43:08.275+0000] {logging_mixin.py:149} INFO - [2023-09-14T16:43:08.275+0000] {dag.py:3490} INFO - Setting next_dagrun for latest_only to 2023-09-14T12:43:08.274829+00:00, run_after=2023-09-14T16:43:08.274829+00:00
[2023-09-14T16:43:08.324+0000] {processor.py:178} INFO - Processing /home/airflow/.local/lib/python3.7/site-packages/airflow/example_dags/example_latest_only.py took 0.182 seconds
[2023-09-14T16:43:38.652+0000] {processor.py:156} INFO - Started process (PID=580) to work on /home/airflow/.local/lib/python3.7/site-packages/airflow/example_dags/example_latest_only.py
[2023-09-14T16:43:38.655+0000] {processor.py:799} INFO - Processing file /home/airflow/.local/lib/python3.7/site-packages/airflow/example_dags/example_latest_only.py for tasks to queue
[2023-09-14T16:43:38.657+0000] {logging_mixin.py:149} INFO - [2023-09-14T16:43:38.657+0000] {dagbag.py:541} INFO - Filling up the DagBag from /home/airflow/.local/lib/python3.7/site-packages/airflow/example_dags/example_latest_only.py
[2023-09-14T16:43:38.681+0000] {processor.py:809} INFO - DAG(s) dict_keys(['latest_only']) retrieved from /home/airflow/.local/lib/python3.7/site-packages/airflow/example_dags/example_latest_only.py
[2023-09-14T16:43:38.761+0000] {logging_mixin.py:149} INFO - [2023-09-14T16:43:38.761+0000] {dag.py:2726} INFO - Sync 1 DAGs
[2023-09-14T16:43:38.843+0000] {logging_mixin.py:149} INFO - [2023-09-14T16:43:38.842+0000] {dag.py:3490} INFO - Setting next_dagrun for latest_only to 2023-09-14T12:43:38.841868+00:00, run_after=2023-09-14T16:43:38.841868+00:00
[2023-09-14T16:43:38.902+0000] {processor.py:178} INFO - Processing /home/airflow/.local/lib/python3.7/site-packages/airflow/example_dags/example_latest_only.py took 0.263 seconds
[2023-09-14T16:44:09.563+0000] {processor.py:156} INFO - Started process (PID=641) to work on /home/airflow/.local/lib/python3.7/site-packages/airflow/example_dags/example_latest_only.py
[2023-09-14T16:44:09.569+0000] {processor.py:799} INFO - Processing file /home/airflow/.local/lib/python3.7/site-packages/airflow/example_dags/example_latest_only.py for tasks to queue
[2023-09-14T16:44:09.571+0000] {logging_mixin.py:149} INFO - [2023-09-14T16:44:09.571+0000] {dagbag.py:541} INFO - Filling up the DagBag from /home/airflow/.local/lib/python3.7/site-packages/airflow/example_dags/example_latest_only.py
[2023-09-14T16:44:09.588+0000] {processor.py:809} INFO - DAG(s) dict_keys(['latest_only']) retrieved from /home/airflow/.local/lib/python3.7/site-packages/airflow/example_dags/example_latest_only.py
[2023-09-14T16:44:09.658+0000] {logging_mixin.py:149} INFO - [2023-09-14T16:44:09.658+0000] {dag.py:2726} INFO - Sync 1 DAGs
[2023-09-14T16:44:09.704+0000] {logging_mixin.py:149} INFO - [2023-09-14T16:44:09.704+0000] {dag.py:3490} INFO - Setting next_dagrun for latest_only to 2023-09-14T12:44:09.703701+00:00, run_after=2023-09-14T16:44:09.703701+00:00
[2023-09-14T16:44:09.773+0000] {processor.py:178} INFO - Processing /home/airflow/.local/lib/python3.7/site-packages/airflow/example_dags/example_latest_only.py took 0.218 seconds
[2023-09-14T16:44:39.865+0000] {processor.py:156} INFO - Started process (PID=703) to work on /home/airflow/.local/lib/python3.7/site-packages/airflow/example_dags/example_latest_only.py
[2023-09-14T16:44:39.868+0000] {processor.py:799} INFO - Processing file /home/airflow/.local/lib/python3.7/site-packages/airflow/example_dags/example_latest_only.py for tasks to queue
[2023-09-14T16:44:39.869+0000] {logging_mixin.py:149} INFO - [2023-09-14T16:44:39.869+0000] {dagbag.py:541} INFO - Filling up the DagBag from /home/airflow/.local/lib/python3.7/site-packages/airflow/example_dags/example_latest_only.py
[2023-09-14T16:44:39.888+0000] {processor.py:809} INFO - DAG(s) dict_keys(['latest_only']) retrieved from /home/airflow/.local/lib/python3.7/site-packages/airflow/example_dags/example_latest_only.py
[2023-09-14T16:44:39.946+0000] {logging_mixin.py:149} INFO - [2023-09-14T16:44:39.946+0000] {dag.py:2726} INFO - Sync 1 DAGs
[2023-09-14T16:44:40.011+0000] {logging_mixin.py:149} INFO - [2023-09-14T16:44:40.010+0000] {dag.py:3490} INFO - Setting next_dagrun for latest_only to 2023-09-14T12:44:40.009977+00:00, run_after=2023-09-14T16:44:40.009977+00:00
[2023-09-14T16:44:40.096+0000] {processor.py:178} INFO - Processing /home/airflow/.local/lib/python3.7/site-packages/airflow/example_dags/example_latest_only.py took 0.240 seconds
[2023-09-14T16:45:10.568+0000] {processor.py:156} INFO - Started process (PID=764) to work on /home/airflow/.local/lib/python3.7/site-packages/airflow/example_dags/example_latest_only.py
[2023-09-14T16:45:10.570+0000] {processor.py:799} INFO - Processing file /home/airflow/.local/lib/python3.7/site-packages/airflow/example_dags/example_latest_only.py for tasks to queue
[2023-09-14T16:45:10.574+0000] {logging_mixin.py:149} INFO - [2023-09-14T16:45:10.573+0000] {dagbag.py:541} INFO - Filling up the DagBag from /home/airflow/.local/lib/python3.7/site-packages/airflow/example_dags/example_latest_only.py
[2023-09-14T16:45:10.590+0000] {processor.py:809} INFO - DAG(s) dict_keys(['latest_only']) retrieved from /home/airflow/.local/lib/python3.7/site-packages/airflow/example_dags/example_latest_only.py
[2023-09-14T16:45:10.663+0000] {logging_mixin.py:149} INFO - [2023-09-14T16:45:10.662+0000] {dag.py:2726} INFO - Sync 1 DAGs
[2023-09-14T16:45:10.731+0000] {logging_mixin.py:149} INFO - [2023-09-14T16:45:10.731+0000] {dag.py:3490} INFO - Setting next_dagrun for latest_only to 2023-09-14T12:45:10.730794+00:00, run_after=2023-09-14T16:45:10.730794+00:00
[2023-09-14T16:45:10.885+0000] {processor.py:178} INFO - Processing /home/airflow/.local/lib/python3.7/site-packages/airflow/example_dags/example_latest_only.py took 0.324 seconds
[2023-09-14T16:45:41.795+0000] {processor.py:156} INFO - Started process (PID=826) to work on /home/airflow/.local/lib/python3.7/site-packages/airflow/example_dags/example_latest_only.py
[2023-09-14T16:45:41.797+0000] {processor.py:799} INFO - Processing file /home/airflow/.local/lib/python3.7/site-packages/airflow/example_dags/example_latest_only.py for tasks to queue
[2023-09-14T16:45:41.799+0000] {logging_mixin.py:149} INFO - [2023-09-14T16:45:41.798+0000] {dagbag.py:541} INFO - Filling up the DagBag from /home/airflow/.local/lib/python3.7/site-packages/airflow/example_dags/example_latest_only.py
[2023-09-14T16:45:41.814+0000] {processor.py:809} INFO - DAG(s) dict_keys(['latest_only']) retrieved from /home/airflow/.local/lib/python3.7/site-packages/airflow/example_dags/example_latest_only.py
[2023-09-14T16:45:41.910+0000] {logging_mixin.py:149} INFO - [2023-09-14T16:45:41.910+0000] {dag.py:2726} INFO - Sync 1 DAGs
[2023-09-14T16:45:42.039+0000] {logging_mixin.py:149} INFO - [2023-09-14T16:45:42.039+0000] {dag.py:3490} INFO - Setting next_dagrun for latest_only to 2023-09-14T12:45:42.038966+00:00, run_after=2023-09-14T16:45:42.038966+00:00
[2023-09-14T16:45:42.084+0000] {processor.py:178} INFO - Processing /home/airflow/.local/lib/python3.7/site-packages/airflow/example_dags/example_latest_only.py took 0.294 seconds
[2023-09-14T16:46:12.252+0000] {processor.py:156} INFO - Started process (PID=887) to work on /home/airflow/.local/lib/python3.7/site-packages/airflow/example_dags/example_latest_only.py
[2023-09-14T16:46:12.255+0000] {processor.py:799} INFO - Processing file /home/airflow/.local/lib/python3.7/site-packages/airflow/example_dags/example_latest_only.py for tasks to queue
[2023-09-14T16:46:12.261+0000] {logging_mixin.py:149} INFO - [2023-09-14T16:46:12.260+0000] {dagbag.py:541} INFO - Filling up the DagBag from /home/airflow/.local/lib/python3.7/site-packages/airflow/example_dags/example_latest_only.py
[2023-09-14T16:46:12.293+0000] {processor.py:809} INFO - DAG(s) dict_keys(['latest_only']) retrieved from /home/airflow/.local/lib/python3.7/site-packages/airflow/example_dags/example_latest_only.py
[2023-09-14T16:46:12.371+0000] {logging_mixin.py:149} INFO - [2023-09-14T16:46:12.370+0000] {dag.py:2726} INFO - Sync 1 DAGs
[2023-09-14T16:46:12.451+0000] {logging_mixin.py:149} INFO - [2023-09-14T16:46:12.450+0000] {dag.py:3490} INFO - Setting next_dagrun for latest_only to 2023-09-14T12:46:12.450470+00:00, run_after=2023-09-14T16:46:12.450470+00:00
[2023-09-14T16:46:12.495+0000] {processor.py:178} INFO - Processing /home/airflow/.local/lib/python3.7/site-packages/airflow/example_dags/example_latest_only.py took 0.257 seconds
[2023-09-14T16:46:43.334+0000] {processor.py:156} INFO - Started process (PID=948) to work on /home/airflow/.local/lib/python3.7/site-packages/airflow/example_dags/example_latest_only.py
[2023-09-14T16:46:43.343+0000] {processor.py:799} INFO - Processing file /home/airflow/.local/lib/python3.7/site-packages/airflow/example_dags/example_latest_only.py for tasks to queue
[2023-09-14T16:46:43.356+0000] {logging_mixin.py:149} INFO - [2023-09-14T16:46:43.355+0000] {dagbag.py:541} INFO - Filling up the DagBag from /home/airflow/.local/lib/python3.7/site-packages/airflow/example_dags/example_latest_only.py
[2023-09-14T16:46:43.386+0000] {processor.py:809} INFO - DAG(s) dict_keys(['latest_only']) retrieved from /home/airflow/.local/lib/python3.7/site-packages/airflow/example_dags/example_latest_only.py
[2023-09-14T16:46:43.473+0000] {logging_mixin.py:149} INFO - [2023-09-14T16:46:43.472+0000] {dag.py:2726} INFO - Sync 1 DAGs
[2023-09-14T16:46:43.537+0000] {logging_mixin.py:149} INFO - [2023-09-14T16:46:43.537+0000] {dag.py:3490} INFO - Setting next_dagrun for latest_only to 2023-09-14T12:46:43.536823+00:00, run_after=2023-09-14T16:46:43.536823+00:00
[2023-09-14T16:46:43.648+0000] {processor.py:178} INFO - Processing /home/airflow/.local/lib/python3.7/site-packages/airflow/example_dags/example_latest_only.py took 0.335 seconds
[2023-09-14T16:47:14.183+0000] {processor.py:156} INFO - Started process (PID=1009) to work on /home/airflow/.local/lib/python3.7/site-packages/airflow/example_dags/example_latest_only.py
[2023-09-14T16:47:14.186+0000] {processor.py:799} INFO - Processing file /home/airflow/.local/lib/python3.7/site-packages/airflow/example_dags/example_latest_only.py for tasks to queue
[2023-09-14T16:47:14.189+0000] {logging_mixin.py:149} INFO - [2023-09-14T16:47:14.188+0000] {dagbag.py:541} INFO - Filling up the DagBag from /home/airflow/.local/lib/python3.7/site-packages/airflow/example_dags/example_latest_only.py
[2023-09-14T16:47:14.206+0000] {processor.py:809} INFO - DAG(s) dict_keys(['latest_only']) retrieved from /home/airflow/.local/lib/python3.7/site-packages/airflow/example_dags/example_latest_only.py
[2023-09-14T16:47:14.306+0000] {logging_mixin.py:149} INFO - [2023-09-14T16:47:14.305+0000] {dag.py:2726} INFO - Sync 1 DAGs
[2023-09-14T16:47:14.388+0000] {logging_mixin.py:149} INFO - [2023-09-14T16:47:14.387+0000] {dag.py:3490} INFO - Setting next_dagrun for latest_only to 2023-09-14T12:47:14.387412+00:00, run_after=2023-09-14T16:47:14.387412+00:00
[2023-09-14T16:47:14.486+0000] {processor.py:178} INFO - Processing /home/airflow/.local/lib/python3.7/site-packages/airflow/example_dags/example_latest_only.py took 0.310 seconds
[2023-09-14T16:47:44.734+0000] {processor.py:156} INFO - Started process (PID=1070) to work on /home/airflow/.local/lib/python3.7/site-packages/airflow/example_dags/example_latest_only.py
[2023-09-14T16:47:44.739+0000] {processor.py:799} INFO - Processing file /home/airflow/.local/lib/python3.7/site-packages/airflow/example_dags/example_latest_only.py for tasks to queue
[2023-09-14T16:47:44.742+0000] {logging_mixin.py:149} INFO - [2023-09-14T16:47:44.742+0000] {dagbag.py:541} INFO - Filling up the DagBag from /home/airflow/.local/lib/python3.7/site-packages/airflow/example_dags/example_latest_only.py
[2023-09-14T16:47:44.765+0000] {processor.py:809} INFO - DAG(s) dict_keys(['latest_only']) retrieved from /home/airflow/.local/lib/python3.7/site-packages/airflow/example_dags/example_latest_only.py
[2023-09-14T16:47:44.945+0000] {logging_mixin.py:149} INFO - [2023-09-14T16:47:44.936+0000] {dag.py:2726} INFO - Sync 1 DAGs
[2023-09-14T16:47:45.075+0000] {logging_mixin.py:149} INFO - [2023-09-14T16:47:45.074+0000] {dag.py:3490} INFO - Setting next_dagrun for latest_only to 2023-09-14T12:47:45.074306+00:00, run_after=2023-09-14T16:47:45.074306+00:00
[2023-09-14T16:47:45.167+0000] {processor.py:178} INFO - Processing /home/airflow/.local/lib/python3.7/site-packages/airflow/example_dags/example_latest_only.py took 0.448 seconds
[2023-09-14T16:48:17.531+0000] {processor.py:156} INFO - Started process (PID=1137) to work on /home/airflow/.local/lib/python3.7/site-packages/airflow/example_dags/example_latest_only.py
[2023-09-14T16:48:17.536+0000] {processor.py:799} INFO - Processing file /home/airflow/.local/lib/python3.7/site-packages/airflow/example_dags/example_latest_only.py for tasks to queue
[2023-09-14T16:48:17.539+0000] {logging_mixin.py:149} INFO - [2023-09-14T16:48:17.538+0000] {dagbag.py:541} INFO - Filling up the DagBag from /home/airflow/.local/lib/python3.7/site-packages/airflow/example_dags/example_latest_only.py
[2023-09-14T16:48:17.556+0000] {processor.py:809} INFO - DAG(s) dict_keys(['latest_only']) retrieved from /home/airflow/.local/lib/python3.7/site-packages/airflow/example_dags/example_latest_only.py
[2023-09-14T16:48:17.646+0000] {logging_mixin.py:149} INFO - [2023-09-14T16:48:17.645+0000] {dag.py:2726} INFO - Sync 1 DAGs
[2023-09-14T16:48:17.809+0000] {logging_mixin.py:149} INFO - [2023-09-14T16:48:17.808+0000] {dag.py:3490} INFO - Setting next_dagrun for latest_only to 2023-09-14T12:48:17.808470+00:00, run_after=2023-09-14T16:48:17.808470+00:00
[2023-09-14T16:48:17.864+0000] {processor.py:178} INFO - Processing /home/airflow/.local/lib/python3.7/site-packages/airflow/example_dags/example_latest_only.py took 0.343 seconds
[2023-09-14T16:48:48.317+0000] {processor.py:156} INFO - Started process (PID=1198) to work on /home/airflow/.local/lib/python3.7/site-packages/airflow/example_dags/example_latest_only.py
[2023-09-14T16:48:48.319+0000] {processor.py:799} INFO - Processing file /home/airflow/.local/lib/python3.7/site-packages/airflow/example_dags/example_latest_only.py for tasks to queue
[2023-09-14T16:48:48.322+0000] {logging_mixin.py:149} INFO - [2023-09-14T16:48:48.321+0000] {dagbag.py:541} INFO - Filling up the DagBag from /home/airflow/.local/lib/python3.7/site-packages/airflow/example_dags/example_latest_only.py
[2023-09-14T16:48:48.342+0000] {processor.py:809} INFO - DAG(s) dict_keys(['latest_only']) retrieved from /home/airflow/.local/lib/python3.7/site-packages/airflow/example_dags/example_latest_only.py
[2023-09-14T16:48:48.442+0000] {logging_mixin.py:149} INFO - [2023-09-14T16:48:48.441+0000] {dag.py:2726} INFO - Sync 1 DAGs
[2023-09-14T16:48:48.519+0000] {logging_mixin.py:149} INFO - [2023-09-14T16:48:48.519+0000] {dag.py:3490} INFO - Setting next_dagrun for latest_only to 2023-09-14T12:48:48.518730+00:00, run_after=2023-09-14T16:48:48.518730+00:00
[2023-09-14T16:48:48.648+0000] {processor.py:178} INFO - Processing /home/airflow/.local/lib/python3.7/site-packages/airflow/example_dags/example_latest_only.py took 0.344 seconds
[2023-09-14T16:49:19.698+0000] {processor.py:156} INFO - Started process (PID=1259) to work on /home/airflow/.local/lib/python3.7/site-packages/airflow/example_dags/example_latest_only.py
[2023-09-14T16:49:19.704+0000] {processor.py:799} INFO - Processing file /home/airflow/.local/lib/python3.7/site-packages/airflow/example_dags/example_latest_only.py for tasks to queue
[2023-09-14T16:49:19.707+0000] {logging_mixin.py:149} INFO - [2023-09-14T16:49:19.707+0000] {dagbag.py:541} INFO - Filling up the DagBag from /home/airflow/.local/lib/python3.7/site-packages/airflow/example_dags/example_latest_only.py
[2023-09-14T16:49:19.729+0000] {processor.py:809} INFO - DAG(s) dict_keys(['latest_only']) retrieved from /home/airflow/.local/lib/python3.7/site-packages/airflow/example_dags/example_latest_only.py
[2023-09-14T16:49:19.819+0000] {logging_mixin.py:149} INFO - [2023-09-14T16:49:19.818+0000] {dag.py:2726} INFO - Sync 1 DAGs
[2023-09-14T16:49:19.935+0000] {logging_mixin.py:149} INFO - [2023-09-14T16:49:19.935+0000] {dag.py:3490} INFO - Setting next_dagrun for latest_only to 2023-09-14T12:49:19.934771+00:00, run_after=2023-09-14T16:49:19.934771+00:00
[2023-09-14T16:49:20.013+0000] {processor.py:178} INFO - Processing /home/airflow/.local/lib/python3.7/site-packages/airflow/example_dags/example_latest_only.py took 0.327 seconds
[2023-09-14T16:49:50.480+0000] {processor.py:156} INFO - Started process (PID=1321) to work on /home/airflow/.local/lib/python3.7/site-packages/airflow/example_dags/example_latest_only.py
[2023-09-14T16:49:50.482+0000] {processor.py:799} INFO - Processing file /home/airflow/.local/lib/python3.7/site-packages/airflow/example_dags/example_latest_only.py for tasks to queue
[2023-09-14T16:49:50.485+0000] {logging_mixin.py:149} INFO - [2023-09-14T16:49:50.484+0000] {dagbag.py:541} INFO - Filling up the DagBag from /home/airflow/.local/lib/python3.7/site-packages/airflow/example_dags/example_latest_only.py
[2023-09-14T16:49:50.500+0000] {processor.py:809} INFO - DAG(s) dict_keys(['latest_only']) retrieved from /home/airflow/.local/lib/python3.7/site-packages/airflow/example_dags/example_latest_only.py
[2023-09-14T16:49:50.576+0000] {logging_mixin.py:149} INFO - [2023-09-14T16:49:50.575+0000] {dag.py:2726} INFO - Sync 1 DAGs
[2023-09-14T16:49:50.654+0000] {logging_mixin.py:149} INFO - [2023-09-14T16:49:50.653+0000] {dag.py:3490} INFO - Setting next_dagrun for latest_only to 2023-09-14T12:49:50.652513+00:00, run_after=2023-09-14T16:49:50.652513+00:00
[2023-09-14T16:49:50.745+0000] {processor.py:178} INFO - Processing /home/airflow/.local/lib/python3.7/site-packages/airflow/example_dags/example_latest_only.py took 0.272 seconds
[2023-09-14T16:50:21.417+0000] {processor.py:156} INFO - Started process (PID=1381) to work on /home/airflow/.local/lib/python3.7/site-packages/airflow/example_dags/example_latest_only.py
[2023-09-14T16:50:21.421+0000] {processor.py:799} INFO - Processing file /home/airflow/.local/lib/python3.7/site-packages/airflow/example_dags/example_latest_only.py for tasks to queue
[2023-09-14T16:50:21.424+0000] {logging_mixin.py:149} INFO - [2023-09-14T16:50:21.423+0000] {dagbag.py:541} INFO - Filling up the DagBag from /home/airflow/.local/lib/python3.7/site-packages/airflow/example_dags/example_latest_only.py
[2023-09-14T16:50:21.440+0000] {processor.py:809} INFO - DAG(s) dict_keys(['latest_only']) retrieved from /home/airflow/.local/lib/python3.7/site-packages/airflow/example_dags/example_latest_only.py
[2023-09-14T16:50:21.533+0000] {logging_mixin.py:149} INFO - [2023-09-14T16:50:21.533+0000] {dag.py:2726} INFO - Sync 1 DAGs
[2023-09-14T16:50:21.641+0000] {logging_mixin.py:149} INFO - [2023-09-14T16:50:21.640+0000] {dag.py:3490} INFO - Setting next_dagrun for latest_only to 2023-09-14T12:50:21.639584+00:00, run_after=2023-09-14T16:50:21.639584+00:00
[2023-09-14T16:50:21.731+0000] {processor.py:178} INFO - Processing /home/airflow/.local/lib/python3.7/site-packages/airflow/example_dags/example_latest_only.py took 0.325 seconds
[2023-09-14T16:50:51.849+0000] {processor.py:156} INFO - Started process (PID=1436) to work on /home/airflow/.local/lib/python3.7/site-packages/airflow/example_dags/example_latest_only.py
[2023-09-14T16:50:51.853+0000] {processor.py:799} INFO - Processing file /home/airflow/.local/lib/python3.7/site-packages/airflow/example_dags/example_latest_only.py for tasks to queue
[2023-09-14T16:50:51.855+0000] {logging_mixin.py:149} INFO - [2023-09-14T16:50:51.855+0000] {dagbag.py:541} INFO - Filling up the DagBag from /home/airflow/.local/lib/python3.7/site-packages/airflow/example_dags/example_latest_only.py
[2023-09-14T16:50:51.874+0000] {processor.py:809} INFO - DAG(s) dict_keys(['latest_only']) retrieved from /home/airflow/.local/lib/python3.7/site-packages/airflow/example_dags/example_latest_only.py
[2023-09-14T16:50:51.968+0000] {logging_mixin.py:149} INFO - [2023-09-14T16:50:51.968+0000] {dag.py:2726} INFO - Sync 1 DAGs
[2023-09-14T16:50:52.066+0000] {logging_mixin.py:149} INFO - [2023-09-14T16:50:52.065+0000] {dag.py:3490} INFO - Setting next_dagrun for latest_only to 2023-09-14T12:50:52.065201+00:00, run_after=2023-09-14T16:50:52.065201+00:00
[2023-09-14T16:50:52.145+0000] {processor.py:178} INFO - Processing /home/airflow/.local/lib/python3.7/site-packages/airflow/example_dags/example_latest_only.py took 0.311 seconds
[2023-09-14T16:51:22.693+0000] {processor.py:156} INFO - Started process (PID=1488) to work on /home/airflow/.local/lib/python3.7/site-packages/airflow/example_dags/example_latest_only.py
[2023-09-14T16:51:22.695+0000] {processor.py:799} INFO - Processing file /home/airflow/.local/lib/python3.7/site-packages/airflow/example_dags/example_latest_only.py for tasks to queue
[2023-09-14T16:51:22.698+0000] {logging_mixin.py:149} INFO - [2023-09-14T16:51:22.697+0000] {dagbag.py:541} INFO - Filling up the DagBag from /home/airflow/.local/lib/python3.7/site-packages/airflow/example_dags/example_latest_only.py
[2023-09-14T16:51:22.713+0000] {processor.py:809} INFO - DAG(s) dict_keys(['latest_only']) retrieved from /home/airflow/.local/lib/python3.7/site-packages/airflow/example_dags/example_latest_only.py
[2023-09-14T16:51:22.779+0000] {logging_mixin.py:149} INFO - [2023-09-14T16:51:22.778+0000] {dag.py:2726} INFO - Sync 1 DAGs
[2023-09-14T16:51:22.850+0000] {logging_mixin.py:149} INFO - [2023-09-14T16:51:22.849+0000] {dag.py:3490} INFO - Setting next_dagrun for latest_only to 2023-09-14T12:51:22.849496+00:00, run_after=2023-09-14T16:51:22.849496+00:00
[2023-09-14T16:51:22.910+0000] {processor.py:178} INFO - Processing /home/airflow/.local/lib/python3.7/site-packages/airflow/example_dags/example_latest_only.py took 0.225 seconds
[2023-09-14T16:51:53.194+0000] {processor.py:156} INFO - Started process (PID=1550) to work on /home/airflow/.local/lib/python3.7/site-packages/airflow/example_dags/example_latest_only.py
[2023-09-14T16:51:53.197+0000] {processor.py:799} INFO - Processing file /home/airflow/.local/lib/python3.7/site-packages/airflow/example_dags/example_latest_only.py for tasks to queue
[2023-09-14T16:51:53.202+0000] {logging_mixin.py:149} INFO - [2023-09-14T16:51:53.200+0000] {dagbag.py:541} INFO - Filling up the DagBag from /home/airflow/.local/lib/python3.7/site-packages/airflow/example_dags/example_latest_only.py
[2023-09-14T16:51:53.220+0000] {processor.py:809} INFO - DAG(s) dict_keys(['latest_only']) retrieved from /home/airflow/.local/lib/python3.7/site-packages/airflow/example_dags/example_latest_only.py
[2023-09-14T16:51:53.305+0000] {logging_mixin.py:149} INFO - [2023-09-14T16:51:53.304+0000] {dag.py:2726} INFO - Sync 1 DAGs
[2023-09-14T16:51:53.385+0000] {logging_mixin.py:149} INFO - [2023-09-14T16:51:53.384+0000] {dag.py:3490} INFO - Setting next_dagrun for latest_only to 2023-09-14T12:51:53.383925+00:00, run_after=2023-09-14T16:51:53.383925+00:00
[2023-09-14T16:51:53.481+0000] {processor.py:178} INFO - Processing /home/airflow/.local/lib/python3.7/site-packages/airflow/example_dags/example_latest_only.py took 0.299 seconds
[2023-09-14T16:52:23.834+0000] {processor.py:156} INFO - Started process (PID=1611) to work on /home/airflow/.local/lib/python3.7/site-packages/airflow/example_dags/example_latest_only.py
[2023-09-14T16:52:23.837+0000] {processor.py:799} INFO - Processing file /home/airflow/.local/lib/python3.7/site-packages/airflow/example_dags/example_latest_only.py for tasks to queue
[2023-09-14T16:52:23.839+0000] {logging_mixin.py:149} INFO - [2023-09-14T16:52:23.839+0000] {dagbag.py:541} INFO - Filling up the DagBag from /home/airflow/.local/lib/python3.7/site-packages/airflow/example_dags/example_latest_only.py
[2023-09-14T16:52:23.858+0000] {processor.py:809} INFO - DAG(s) dict_keys(['latest_only']) retrieved from /home/airflow/.local/lib/python3.7/site-packages/airflow/example_dags/example_latest_only.py
[2023-09-14T16:52:23.932+0000] {logging_mixin.py:149} INFO - [2023-09-14T16:52:23.932+0000] {dag.py:2726} INFO - Sync 1 DAGs
[2023-09-14T16:52:24.042+0000] {logging_mixin.py:149} INFO - [2023-09-14T16:52:24.042+0000] {dag.py:3490} INFO - Setting next_dagrun for latest_only to 2023-09-14T12:52:24.041138+00:00, run_after=2023-09-14T16:52:24.041138+00:00
[2023-09-14T16:52:24.241+0000] {processor.py:178} INFO - Processing /home/airflow/.local/lib/python3.7/site-packages/airflow/example_dags/example_latest_only.py took 0.421 seconds
[2023-09-14T16:52:54.667+0000] {processor.py:156} INFO - Started process (PID=1672) to work on /home/airflow/.local/lib/python3.7/site-packages/airflow/example_dags/example_latest_only.py
[2023-09-14T16:52:54.671+0000] {processor.py:799} INFO - Processing file /home/airflow/.local/lib/python3.7/site-packages/airflow/example_dags/example_latest_only.py for tasks to queue
[2023-09-14T16:52:54.677+0000] {logging_mixin.py:149} INFO - [2023-09-14T16:52:54.676+0000] {dagbag.py:541} INFO - Filling up the DagBag from /home/airflow/.local/lib/python3.7/site-packages/airflow/example_dags/example_latest_only.py
[2023-09-14T16:52:54.746+0000] {processor.py:809} INFO - DAG(s) dict_keys(['latest_only']) retrieved from /home/airflow/.local/lib/python3.7/site-packages/airflow/example_dags/example_latest_only.py
[2023-09-14T16:52:54.871+0000] {logging_mixin.py:149} INFO - [2023-09-14T16:52:54.870+0000] {dag.py:2726} INFO - Sync 1 DAGs
[2023-09-14T16:52:55.035+0000] {logging_mixin.py:149} INFO - [2023-09-14T16:52:55.035+0000] {dag.py:3490} INFO - Setting next_dagrun for latest_only to 2023-09-14T12:52:55.034496+00:00, run_after=2023-09-14T16:52:55.034496+00:00
[2023-09-14T16:52:55.405+0000] {processor.py:178} INFO - Processing /home/airflow/.local/lib/python3.7/site-packages/airflow/example_dags/example_latest_only.py took 0.754 seconds
[2023-09-14T16:53:25.976+0000] {processor.py:156} INFO - Started process (PID=1734) to work on /home/airflow/.local/lib/python3.7/site-packages/airflow/example_dags/example_latest_only.py
[2023-09-14T16:53:25.981+0000] {processor.py:799} INFO - Processing file /home/airflow/.local/lib/python3.7/site-packages/airflow/example_dags/example_latest_only.py for tasks to queue
[2023-09-14T16:53:25.985+0000] {logging_mixin.py:149} INFO - [2023-09-14T16:53:25.984+0000] {dagbag.py:541} INFO - Filling up the DagBag from /home/airflow/.local/lib/python3.7/site-packages/airflow/example_dags/example_latest_only.py
[2023-09-14T16:53:26.007+0000] {processor.py:809} INFO - DAG(s) dict_keys(['latest_only']) retrieved from /home/airflow/.local/lib/python3.7/site-packages/airflow/example_dags/example_latest_only.py
[2023-09-14T16:53:26.082+0000] {logging_mixin.py:149} INFO - [2023-09-14T16:53:26.082+0000] {dag.py:2726} INFO - Sync 1 DAGs
[2023-09-14T16:53:26.209+0000] {logging_mixin.py:149} INFO - [2023-09-14T16:53:26.208+0000] {dag.py:3490} INFO - Setting next_dagrun for latest_only to 2023-09-14T12:53:26.208145+00:00, run_after=2023-09-14T16:53:26.208145+00:00
[2023-09-14T16:53:26.297+0000] {processor.py:178} INFO - Processing /home/airflow/.local/lib/python3.7/site-packages/airflow/example_dags/example_latest_only.py took 0.333 seconds
[2023-09-14T16:53:57.076+0000] {processor.py:156} INFO - Started process (PID=1798) to work on /home/airflow/.local/lib/python3.7/site-packages/airflow/example_dags/example_latest_only.py
[2023-09-14T16:53:57.081+0000] {processor.py:799} INFO - Processing file /home/airflow/.local/lib/python3.7/site-packages/airflow/example_dags/example_latest_only.py for tasks to queue
[2023-09-14T16:53:57.085+0000] {logging_mixin.py:149} INFO - [2023-09-14T16:53:57.085+0000] {dagbag.py:541} INFO - Filling up the DagBag from /home/airflow/.local/lib/python3.7/site-packages/airflow/example_dags/example_latest_only.py
[2023-09-14T16:53:57.104+0000] {processor.py:809} INFO - DAG(s) dict_keys(['latest_only']) retrieved from /home/airflow/.local/lib/python3.7/site-packages/airflow/example_dags/example_latest_only.py
[2023-09-14T16:53:57.193+0000] {logging_mixin.py:149} INFO - [2023-09-14T16:53:57.192+0000] {dag.py:2726} INFO - Sync 1 DAGs
[2023-09-14T16:53:57.280+0000] {logging_mixin.py:149} INFO - [2023-09-14T16:53:57.279+0000] {dag.py:3490} INFO - Setting next_dagrun for latest_only to 2023-09-14T12:53:57.279236+00:00, run_after=2023-09-14T16:53:57.279236+00:00
[2023-09-14T16:53:57.342+0000] {processor.py:178} INFO - Processing /home/airflow/.local/lib/python3.7/site-packages/airflow/example_dags/example_latest_only.py took 0.276 seconds
[2023-09-14T16:54:32.802+0000] {processor.py:156} INFO - Started process (PID=1851) to work on /home/airflow/.local/lib/python3.7/site-packages/airflow/example_dags/example_latest_only.py
[2023-09-14T16:54:32.822+0000] {processor.py:799} INFO - Processing file /home/airflow/.local/lib/python3.7/site-packages/airflow/example_dags/example_latest_only.py for tasks to queue
[2023-09-14T16:54:32.839+0000] {logging_mixin.py:149} INFO - [2023-09-14T16:54:32.838+0000] {dagbag.py:541} INFO - Filling up the DagBag from /home/airflow/.local/lib/python3.7/site-packages/airflow/example_dags/example_latest_only.py
[2023-09-14T16:54:32.932+0000] {processor.py:809} INFO - DAG(s) dict_keys(['latest_only']) retrieved from /home/airflow/.local/lib/python3.7/site-packages/airflow/example_dags/example_latest_only.py
[2023-09-14T16:54:33.258+0000] {logging_mixin.py:149} INFO - [2023-09-14T16:54:33.258+0000] {dag.py:2726} INFO - Sync 1 DAGs
[2023-09-14T16:54:33.600+0000] {logging_mixin.py:149} INFO - [2023-09-14T16:54:33.600+0000] {dag.py:3490} INFO - Setting next_dagrun for latest_only to 2023-09-14T12:54:33.599048+00:00, run_after=2023-09-14T16:54:33.599048+00:00
[2023-09-14T16:54:33.881+0000] {processor.py:178} INFO - Processing /home/airflow/.local/lib/python3.7/site-packages/airflow/example_dags/example_latest_only.py took 1.125 seconds
[2023-09-14T16:55:04.640+0000] {processor.py:156} INFO - Started process (PID=1916) to work on /home/airflow/.local/lib/python3.7/site-packages/airflow/example_dags/example_latest_only.py
[2023-09-14T16:55:04.645+0000] {processor.py:799} INFO - Processing file /home/airflow/.local/lib/python3.7/site-packages/airflow/example_dags/example_latest_only.py for tasks to queue
[2023-09-14T16:55:04.647+0000] {logging_mixin.py:149} INFO - [2023-09-14T16:55:04.647+0000] {dagbag.py:541} INFO - Filling up the DagBag from /home/airflow/.local/lib/python3.7/site-packages/airflow/example_dags/example_latest_only.py
[2023-09-14T16:55:04.667+0000] {processor.py:809} INFO - DAG(s) dict_keys(['latest_only']) retrieved from /home/airflow/.local/lib/python3.7/site-packages/airflow/example_dags/example_latest_only.py
[2023-09-14T16:55:04.750+0000] {logging_mixin.py:149} INFO - [2023-09-14T16:55:04.749+0000] {dag.py:2726} INFO - Sync 1 DAGs
[2023-09-14T16:55:04.842+0000] {logging_mixin.py:149} INFO - [2023-09-14T16:55:04.842+0000] {dag.py:3490} INFO - Setting next_dagrun for latest_only to 2023-09-14T12:55:04.841169+00:00, run_after=2023-09-14T16:55:04.841169+00:00
[2023-09-14T16:55:04.899+0000] {processor.py:178} INFO - Processing /home/airflow/.local/lib/python3.7/site-packages/airflow/example_dags/example_latest_only.py took 0.270 seconds
[2023-09-14T16:55:37.533+0000] {processor.py:156} INFO - Started process (PID=1979) to work on /home/airflow/.local/lib/python3.7/site-packages/airflow/example_dags/example_latest_only.py
[2023-09-14T16:55:37.546+0000] {processor.py:799} INFO - Processing file /home/airflow/.local/lib/python3.7/site-packages/airflow/example_dags/example_latest_only.py for tasks to queue
[2023-09-14T16:55:37.556+0000] {logging_mixin.py:149} INFO - [2023-09-14T16:55:37.555+0000] {dagbag.py:541} INFO - Filling up the DagBag from /home/airflow/.local/lib/python3.7/site-packages/airflow/example_dags/example_latest_only.py
[2023-09-14T16:55:37.603+0000] {processor.py:809} INFO - DAG(s) dict_keys(['latest_only']) retrieved from /home/airflow/.local/lib/python3.7/site-packages/airflow/example_dags/example_latest_only.py
[2023-09-14T16:55:37.823+0000] {logging_mixin.py:149} INFO - [2023-09-14T16:55:37.821+0000] {dag.py:2726} INFO - Sync 1 DAGs
[2023-09-14T16:55:37.988+0000] {logging_mixin.py:149} INFO - [2023-09-14T16:55:37.987+0000] {dag.py:3490} INFO - Setting next_dagrun for latest_only to 2023-09-14T12:55:37.986664+00:00, run_after=2023-09-14T16:55:37.986664+00:00
[2023-09-14T16:55:38.128+0000] {processor.py:178} INFO - Processing /home/airflow/.local/lib/python3.7/site-packages/airflow/example_dags/example_latest_only.py took 0.611 seconds
[2023-09-14T16:56:08.772+0000] {processor.py:156} INFO - Started process (PID=2044) to work on /home/airflow/.local/lib/python3.7/site-packages/airflow/example_dags/example_latest_only.py
[2023-09-14T16:56:08.782+0000] {processor.py:799} INFO - Processing file /home/airflow/.local/lib/python3.7/site-packages/airflow/example_dags/example_latest_only.py for tasks to queue
[2023-09-14T16:56:08.790+0000] {logging_mixin.py:149} INFO - [2023-09-14T16:56:08.790+0000] {dagbag.py:541} INFO - Filling up the DagBag from /home/airflow/.local/lib/python3.7/site-packages/airflow/example_dags/example_latest_only.py
[2023-09-14T16:56:08.837+0000] {processor.py:809} INFO - DAG(s) dict_keys(['latest_only']) retrieved from /home/airflow/.local/lib/python3.7/site-packages/airflow/example_dags/example_latest_only.py
[2023-09-14T16:56:09.079+0000] {logging_mixin.py:149} INFO - [2023-09-14T16:56:09.078+0000] {dag.py:2726} INFO - Sync 1 DAGs
[2023-09-14T16:56:09.374+0000] {logging_mixin.py:149} INFO - [2023-09-14T16:56:09.363+0000] {dag.py:3490} INFO - Setting next_dagrun for latest_only to 2023-09-14T12:56:09.362486+00:00, run_after=2023-09-14T16:56:09.362486+00:00
[2023-09-14T16:56:09.569+0000] {processor.py:178} INFO - Processing /home/airflow/.local/lib/python3.7/site-packages/airflow/example_dags/example_latest_only.py took 0.836 seconds
[2023-09-14T16:56:39.777+0000] {processor.py:156} INFO - Started process (PID=2108) to work on /home/airflow/.local/lib/python3.7/site-packages/airflow/example_dags/example_latest_only.py
[2023-09-14T16:56:39.780+0000] {processor.py:799} INFO - Processing file /home/airflow/.local/lib/python3.7/site-packages/airflow/example_dags/example_latest_only.py for tasks to queue
[2023-09-14T16:56:39.784+0000] {logging_mixin.py:149} INFO - [2023-09-14T16:56:39.784+0000] {dagbag.py:541} INFO - Filling up the DagBag from /home/airflow/.local/lib/python3.7/site-packages/airflow/example_dags/example_latest_only.py
[2023-09-14T16:56:39.838+0000] {processor.py:809} INFO - DAG(s) dict_keys(['latest_only']) retrieved from /home/airflow/.local/lib/python3.7/site-packages/airflow/example_dags/example_latest_only.py
[2023-09-14T16:56:39.913+0000] {logging_mixin.py:149} INFO - [2023-09-14T16:56:39.913+0000] {dag.py:2726} INFO - Sync 1 DAGs
[2023-09-14T16:56:39.989+0000] {logging_mixin.py:149} INFO - [2023-09-14T16:56:39.989+0000] {dag.py:3490} INFO - Setting next_dagrun for latest_only to 2023-09-14T12:56:39.988622+00:00, run_after=2023-09-14T16:56:39.988622+00:00
[2023-09-14T16:56:40.078+0000] {processor.py:178} INFO - Processing /home/airflow/.local/lib/python3.7/site-packages/airflow/example_dags/example_latest_only.py took 0.312 seconds
[2023-09-14T16:57:10.364+0000] {processor.py:156} INFO - Started process (PID=2173) to work on /home/airflow/.local/lib/python3.7/site-packages/airflow/example_dags/example_latest_only.py
[2023-09-14T16:57:10.369+0000] {processor.py:799} INFO - Processing file /home/airflow/.local/lib/python3.7/site-packages/airflow/example_dags/example_latest_only.py for tasks to queue
[2023-09-14T16:57:10.381+0000] {logging_mixin.py:149} INFO - [2023-09-14T16:57:10.380+0000] {dagbag.py:541} INFO - Filling up the DagBag from /home/airflow/.local/lib/python3.7/site-packages/airflow/example_dags/example_latest_only.py
[2023-09-14T16:57:10.430+0000] {processor.py:809} INFO - DAG(s) dict_keys(['latest_only']) retrieved from /home/airflow/.local/lib/python3.7/site-packages/airflow/example_dags/example_latest_only.py
[2023-09-14T16:57:10.567+0000] {logging_mixin.py:149} INFO - [2023-09-14T16:57:10.567+0000] {dag.py:2726} INFO - Sync 1 DAGs
[2023-09-14T16:57:10.731+0000] {logging_mixin.py:149} INFO - [2023-09-14T16:57:10.729+0000] {dag.py:3490} INFO - Setting next_dagrun for latest_only to 2023-09-14T12:57:10.728274+00:00, run_after=2023-09-14T16:57:10.728274+00:00
[2023-09-14T16:57:10.851+0000] {processor.py:178} INFO - Processing /home/airflow/.local/lib/python3.7/site-packages/airflow/example_dags/example_latest_only.py took 0.515 seconds
[2023-09-14T16:57:41.575+0000] {processor.py:156} INFO - Started process (PID=2232) to work on /home/airflow/.local/lib/python3.7/site-packages/airflow/example_dags/example_latest_only.py
[2023-09-14T16:57:41.579+0000] {processor.py:799} INFO - Processing file /home/airflow/.local/lib/python3.7/site-packages/airflow/example_dags/example_latest_only.py for tasks to queue
[2023-09-14T16:57:41.581+0000] {logging_mixin.py:149} INFO - [2023-09-14T16:57:41.581+0000] {dagbag.py:541} INFO - Filling up the DagBag from /home/airflow/.local/lib/python3.7/site-packages/airflow/example_dags/example_latest_only.py
[2023-09-14T16:57:41.596+0000] {processor.py:809} INFO - DAG(s) dict_keys(['latest_only']) retrieved from /home/airflow/.local/lib/python3.7/site-packages/airflow/example_dags/example_latest_only.py
[2023-09-14T16:57:41.719+0000] {logging_mixin.py:149} INFO - [2023-09-14T16:57:41.714+0000] {dag.py:2726} INFO - Sync 1 DAGs
[2023-09-14T16:57:41.961+0000] {logging_mixin.py:149} INFO - [2023-09-14T16:57:41.961+0000] {dag.py:3490} INFO - Setting next_dagrun for latest_only to 2023-09-14T12:57:41.959810+00:00, run_after=2023-09-14T16:57:41.959810+00:00
[2023-09-14T16:57:42.088+0000] {processor.py:178} INFO - Processing /home/airflow/.local/lib/python3.7/site-packages/airflow/example_dags/example_latest_only.py took 0.520 seconds
[2023-09-14T16:58:12.622+0000] {processor.py:156} INFO - Started process (PID=2297) to work on /home/airflow/.local/lib/python3.7/site-packages/airflow/example_dags/example_latest_only.py
[2023-09-14T16:58:12.628+0000] {processor.py:799} INFO - Processing file /home/airflow/.local/lib/python3.7/site-packages/airflow/example_dags/example_latest_only.py for tasks to queue
[2023-09-14T16:58:12.638+0000] {logging_mixin.py:149} INFO - [2023-09-14T16:58:12.634+0000] {dagbag.py:541} INFO - Filling up the DagBag from /home/airflow/.local/lib/python3.7/site-packages/airflow/example_dags/example_latest_only.py
[2023-09-14T16:58:12.680+0000] {processor.py:809} INFO - DAG(s) dict_keys(['latest_only']) retrieved from /home/airflow/.local/lib/python3.7/site-packages/airflow/example_dags/example_latest_only.py
[2023-09-14T16:58:12.852+0000] {logging_mixin.py:149} INFO - [2023-09-14T16:58:12.852+0000] {dag.py:2726} INFO - Sync 1 DAGs
[2023-09-14T16:58:13.010+0000] {logging_mixin.py:149} INFO - [2023-09-14T16:58:13.009+0000] {dag.py:3490} INFO - Setting next_dagrun for latest_only to 2023-09-14T12:58:13.008580+00:00, run_after=2023-09-14T16:58:13.008580+00:00
[2023-09-14T16:58:13.085+0000] {processor.py:178} INFO - Processing /home/airflow/.local/lib/python3.7/site-packages/airflow/example_dags/example_latest_only.py took 0.482 seconds
[2023-09-14T16:58:49.517+0000] {processor.py:156} INFO - Started process (PID=2356) to work on /home/airflow/.local/lib/python3.7/site-packages/airflow/example_dags/example_latest_only.py
[2023-09-14T16:58:49.536+0000] {processor.py:799} INFO - Processing file /home/airflow/.local/lib/python3.7/site-packages/airflow/example_dags/example_latest_only.py for tasks to queue
[2023-09-14T16:58:49.540+0000] {logging_mixin.py:149} INFO - [2023-09-14T16:58:49.540+0000] {dagbag.py:541} INFO - Filling up the DagBag from /home/airflow/.local/lib/python3.7/site-packages/airflow/example_dags/example_latest_only.py
[2023-09-14T16:58:49.610+0000] {processor.py:809} INFO - DAG(s) dict_keys(['latest_only']) retrieved from /home/airflow/.local/lib/python3.7/site-packages/airflow/example_dags/example_latest_only.py
[2023-09-14T16:58:49.886+0000] {logging_mixin.py:149} INFO - [2023-09-14T16:58:49.885+0000] {dag.py:2726} INFO - Sync 1 DAGs
[2023-09-14T16:58:50.225+0000] {logging_mixin.py:149} INFO - [2023-09-14T16:58:50.223+0000] {dag.py:3490} INFO - Setting next_dagrun for latest_only to 2023-09-14T12:58:50.222471+00:00, run_after=2023-09-14T16:58:50.222471+00:00
[2023-09-14T16:58:50.398+0000] {processor.py:178} INFO - Processing /home/airflow/.local/lib/python3.7/site-packages/airflow/example_dags/example_latest_only.py took 0.917 seconds
[2023-09-14T16:59:21.024+0000] {processor.py:156} INFO - Started process (PID=2421) to work on /home/airflow/.local/lib/python3.7/site-packages/airflow/example_dags/example_latest_only.py
[2023-09-14T16:59:21.027+0000] {processor.py:799} INFO - Processing file /home/airflow/.local/lib/python3.7/site-packages/airflow/example_dags/example_latest_only.py for tasks to queue
[2023-09-14T16:59:21.030+0000] {logging_mixin.py:149} INFO - [2023-09-14T16:59:21.029+0000] {dagbag.py:541} INFO - Filling up the DagBag from /home/airflow/.local/lib/python3.7/site-packages/airflow/example_dags/example_latest_only.py
[2023-09-14T16:59:21.081+0000] {processor.py:809} INFO - DAG(s) dict_keys(['latest_only']) retrieved from /home/airflow/.local/lib/python3.7/site-packages/airflow/example_dags/example_latest_only.py
[2023-09-14T16:59:21.163+0000] {logging_mixin.py:149} INFO - [2023-09-14T16:59:21.162+0000] {dag.py:2726} INFO - Sync 1 DAGs
[2023-09-14T16:59:21.246+0000] {logging_mixin.py:149} INFO - [2023-09-14T16:59:21.245+0000] {dag.py:3490} INFO - Setting next_dagrun for latest_only to 2023-09-14T12:59:21.245399+00:00, run_after=2023-09-14T16:59:21.245399+00:00
[2023-09-14T16:59:21.353+0000] {processor.py:178} INFO - Processing /home/airflow/.local/lib/python3.7/site-packages/airflow/example_dags/example_latest_only.py took 0.338 seconds
[2023-09-14T16:59:52.667+0000] {processor.py:156} INFO - Started process (PID=2485) to work on /home/airflow/.local/lib/python3.7/site-packages/airflow/example_dags/example_latest_only.py
[2023-09-14T16:59:52.672+0000] {processor.py:799} INFO - Processing file /home/airflow/.local/lib/python3.7/site-packages/airflow/example_dags/example_latest_only.py for tasks to queue
[2023-09-14T16:59:52.678+0000] {logging_mixin.py:149} INFO - [2023-09-14T16:59:52.678+0000] {dagbag.py:541} INFO - Filling up the DagBag from /home/airflow/.local/lib/python3.7/site-packages/airflow/example_dags/example_latest_only.py
[2023-09-14T16:59:52.715+0000] {processor.py:809} INFO - DAG(s) dict_keys(['latest_only']) retrieved from /home/airflow/.local/lib/python3.7/site-packages/airflow/example_dags/example_latest_only.py
[2023-09-14T16:59:52.885+0000] {logging_mixin.py:149} INFO - [2023-09-14T16:59:52.884+0000] {dag.py:2726} INFO - Sync 1 DAGs
[2023-09-14T16:59:53.068+0000] {logging_mixin.py:149} INFO - [2023-09-14T16:59:53.068+0000] {dag.py:3490} INFO - Setting next_dagrun for latest_only to 2023-09-14T12:59:53.067510+00:00, run_after=2023-09-14T16:59:53.067510+00:00
[2023-09-14T16:59:53.176+0000] {processor.py:178} INFO - Processing /home/airflow/.local/lib/python3.7/site-packages/airflow/example_dags/example_latest_only.py took 0.534 seconds
[2023-09-14T17:00:23.763+0000] {processor.py:156} INFO - Started process (PID=2549) to work on /home/airflow/.local/lib/python3.7/site-packages/airflow/example_dags/example_latest_only.py
[2023-09-14T17:00:23.767+0000] {processor.py:799} INFO - Processing file /home/airflow/.local/lib/python3.7/site-packages/airflow/example_dags/example_latest_only.py for tasks to queue
[2023-09-14T17:00:23.771+0000] {logging_mixin.py:149} INFO - [2023-09-14T17:00:23.770+0000] {dagbag.py:541} INFO - Filling up the DagBag from /home/airflow/.local/lib/python3.7/site-packages/airflow/example_dags/example_latest_only.py
[2023-09-14T17:00:23.798+0000] {processor.py:809} INFO - DAG(s) dict_keys(['latest_only']) retrieved from /home/airflow/.local/lib/python3.7/site-packages/airflow/example_dags/example_latest_only.py
[2023-09-14T17:00:23.904+0000] {logging_mixin.py:149} INFO - [2023-09-14T17:00:23.903+0000] {dag.py:2726} INFO - Sync 1 DAGs
[2023-09-14T17:00:24.032+0000] {logging_mixin.py:149} INFO - [2023-09-14T17:00:24.031+0000] {dag.py:3490} INFO - Setting next_dagrun for latest_only to 2023-09-14T13:00:24.031058+00:00, run_after=2023-09-14T17:00:24.031058+00:00
[2023-09-14T17:00:24.152+0000] {processor.py:178} INFO - Processing /home/airflow/.local/lib/python3.7/site-packages/airflow/example_dags/example_latest_only.py took 0.401 seconds
[2023-09-14T17:00:54.925+0000] {processor.py:156} INFO - Started process (PID=2613) to work on /home/airflow/.local/lib/python3.7/site-packages/airflow/example_dags/example_latest_only.py
[2023-09-14T17:00:54.927+0000] {processor.py:799} INFO - Processing file /home/airflow/.local/lib/python3.7/site-packages/airflow/example_dags/example_latest_only.py for tasks to queue
[2023-09-14T17:00:54.931+0000] {logging_mixin.py:149} INFO - [2023-09-14T17:00:54.930+0000] {dagbag.py:541} INFO - Filling up the DagBag from /home/airflow/.local/lib/python3.7/site-packages/airflow/example_dags/example_latest_only.py
[2023-09-14T17:00:54.946+0000] {processor.py:809} INFO - DAG(s) dict_keys(['latest_only']) retrieved from /home/airflow/.local/lib/python3.7/site-packages/airflow/example_dags/example_latest_only.py
[2023-09-14T17:00:55.022+0000] {logging_mixin.py:149} INFO - [2023-09-14T17:00:55.021+0000] {dag.py:2726} INFO - Sync 1 DAGs
[2023-09-14T17:00:55.186+0000] {logging_mixin.py:149} INFO - [2023-09-14T17:00:55.184+0000] {dag.py:3490} INFO - Setting next_dagrun for latest_only to 2023-09-14T13:00:55.156578+00:00, run_after=2023-09-14T17:00:55.156578+00:00
[2023-09-14T17:00:55.300+0000] {processor.py:178} INFO - Processing /home/airflow/.local/lib/python3.7/site-packages/airflow/example_dags/example_latest_only.py took 0.382 seconds
[2023-09-14T17:01:26.337+0000] {processor.py:156} INFO - Started process (PID=2684) to work on /home/airflow/.local/lib/python3.7/site-packages/airflow/example_dags/example_latest_only.py
[2023-09-14T17:01:26.339+0000] {processor.py:799} INFO - Processing file /home/airflow/.local/lib/python3.7/site-packages/airflow/example_dags/example_latest_only.py for tasks to queue
[2023-09-14T17:01:26.341+0000] {logging_mixin.py:149} INFO - [2023-09-14T17:01:26.340+0000] {dagbag.py:541} INFO - Filling up the DagBag from /home/airflow/.local/lib/python3.7/site-packages/airflow/example_dags/example_latest_only.py
[2023-09-14T17:01:26.349+0000] {processor.py:809} INFO - DAG(s) dict_keys(['latest_only']) retrieved from /home/airflow/.local/lib/python3.7/site-packages/airflow/example_dags/example_latest_only.py
[2023-09-14T17:01:26.410+0000] {logging_mixin.py:149} INFO - [2023-09-14T17:01:26.410+0000] {dag.py:2726} INFO - Sync 1 DAGs
[2023-09-14T17:01:26.461+0000] {logging_mixin.py:149} INFO - [2023-09-14T17:01:26.460+0000] {dag.py:3490} INFO - Setting next_dagrun for latest_only to 2023-09-14T13:01:26.460071+00:00, run_after=2023-09-14T17:01:26.460071+00:00
[2023-09-14T17:01:26.524+0000] {processor.py:178} INFO - Processing /home/airflow/.local/lib/python3.7/site-packages/airflow/example_dags/example_latest_only.py took 0.190 seconds
[2023-09-14T17:01:56.622+0000] {processor.py:156} INFO - Started process (PID=2749) to work on /home/airflow/.local/lib/python3.7/site-packages/airflow/example_dags/example_latest_only.py
[2023-09-14T17:01:56.624+0000] {processor.py:799} INFO - Processing file /home/airflow/.local/lib/python3.7/site-packages/airflow/example_dags/example_latest_only.py for tasks to queue
[2023-09-14T17:01:56.626+0000] {logging_mixin.py:149} INFO - [2023-09-14T17:01:56.626+0000] {dagbag.py:541} INFO - Filling up the DagBag from /home/airflow/.local/lib/python3.7/site-packages/airflow/example_dags/example_latest_only.py
[2023-09-14T17:01:56.637+0000] {processor.py:809} INFO - DAG(s) dict_keys(['latest_only']) retrieved from /home/airflow/.local/lib/python3.7/site-packages/airflow/example_dags/example_latest_only.py
[2023-09-14T17:01:56.690+0000] {logging_mixin.py:149} INFO - [2023-09-14T17:01:56.689+0000] {dag.py:2726} INFO - Sync 1 DAGs
[2023-09-14T17:01:56.742+0000] {logging_mixin.py:149} INFO - [2023-09-14T17:01:56.742+0000] {dag.py:3490} INFO - Setting next_dagrun for latest_only to 2023-09-14T13:01:56.741245+00:00, run_after=2023-09-14T17:01:56.741245+00:00
[2023-09-14T17:01:56.788+0000] {processor.py:178} INFO - Processing /home/airflow/.local/lib/python3.7/site-packages/airflow/example_dags/example_latest_only.py took 0.170 seconds
[2023-09-14T17:03:54.851+0000] {processor.py:156} INFO - Started process (PID=38) to work on /home/airflow/.local/lib/python3.7/site-packages/airflow/example_dags/example_latest_only.py
[2023-09-14T17:03:54.854+0000] {processor.py:799} INFO - Processing file /home/airflow/.local/lib/python3.7/site-packages/airflow/example_dags/example_latest_only.py for tasks to queue
[2023-09-14T17:03:54.857+0000] {logging_mixin.py:149} INFO - [2023-09-14T17:03:54.857+0000] {dagbag.py:541} INFO - Filling up the DagBag from /home/airflow/.local/lib/python3.7/site-packages/airflow/example_dags/example_latest_only.py
[2023-09-14T17:03:54.872+0000] {processor.py:809} INFO - DAG(s) dict_keys(['latest_only']) retrieved from /home/airflow/.local/lib/python3.7/site-packages/airflow/example_dags/example_latest_only.py
[2023-09-14T17:03:54.942+0000] {logging_mixin.py:149} INFO - [2023-09-14T17:03:54.942+0000] {dag.py:2726} INFO - Sync 1 DAGs
[2023-09-14T17:03:55.038+0000] {logging_mixin.py:149} INFO - [2023-09-14T17:03:55.037+0000] {dag.py:3490} INFO - Setting next_dagrun for latest_only to 2023-09-14T13:03:55.036366+00:00, run_after=2023-09-14T17:03:55.036366+00:00
[2023-09-14T17:03:55.106+0000] {processor.py:178} INFO - Processing /home/airflow/.local/lib/python3.7/site-packages/airflow/example_dags/example_latest_only.py took 0.261 seconds
