[2023-09-14T16:11:28.851+0000] {processor.py:156} INFO - Started process (PID=102) to work on /home/airflow/.local/lib/python3.7/site-packages/airflow/example_dags/example_sensor_decorator.py
[2023-09-14T16:11:28.862+0000] {processor.py:799} INFO - Processing file /home/airflow/.local/lib/python3.7/site-packages/airflow/example_dags/example_sensor_decorator.py for tasks to queue
[2023-09-14T16:11:28.868+0000] {logging_mixin.py:149} INFO - [2023-09-14T16:11:28.867+0000] {dagbag.py:541} INFO - Filling up the DagBag from /home/airflow/.local/lib/python3.7/site-packages/airflow/example_dags/example_sensor_decorator.py
[2023-09-14T16:11:28.914+0000] {processor.py:809} INFO - DAG(s) dict_keys(['example_sensor_decorator']) retrieved from /home/airflow/.local/lib/python3.7/site-packages/airflow/example_dags/example_sensor_decorator.py
[2023-09-14T16:11:29.041+0000] {logging_mixin.py:149} INFO - [2023-09-14T16:11:29.040+0000] {dag.py:2726} INFO - Sync 1 DAGs
[2023-09-14T16:11:29.243+0000] {logging_mixin.py:149} INFO - [2023-09-14T16:11:29.242+0000] {dag.py:3490} INFO - Setting next_dagrun for example_sensor_decorator to None, run_after=None
[2023-09-14T16:11:29.376+0000] {processor.py:178} INFO - Processing /home/airflow/.local/lib/python3.7/site-packages/airflow/example_dags/example_sensor_decorator.py took 0.536 seconds
[2023-09-14T16:12:05.219+0000] {processor.py:156} INFO - Started process (PID=163) to work on /home/airflow/.local/lib/python3.7/site-packages/airflow/example_dags/example_sensor_decorator.py
[2023-09-14T16:12:05.230+0000] {processor.py:799} INFO - Processing file /home/airflow/.local/lib/python3.7/site-packages/airflow/example_dags/example_sensor_decorator.py for tasks to queue
[2023-09-14T16:12:05.247+0000] {logging_mixin.py:149} INFO - [2023-09-14T16:12:05.247+0000] {dagbag.py:541} INFO - Filling up the DagBag from /home/airflow/.local/lib/python3.7/site-packages/airflow/example_dags/example_sensor_decorator.py
[2023-09-14T16:12:05.336+0000] {processor.py:809} INFO - DAG(s) dict_keys(['example_sensor_decorator']) retrieved from /home/airflow/.local/lib/python3.7/site-packages/airflow/example_dags/example_sensor_decorator.py
[2023-09-14T16:12:06.201+0000] {logging_mixin.py:149} INFO - [2023-09-14T16:12:06.200+0000] {dag.py:2726} INFO - Sync 1 DAGs
[2023-09-14T16:12:06.776+0000] {logging_mixin.py:149} INFO - [2023-09-14T16:12:06.775+0000] {dag.py:3490} INFO - Setting next_dagrun for example_sensor_decorator to None, run_after=None
[2023-09-14T16:12:10.763+0000] {processor.py:178} INFO - Processing /home/airflow/.local/lib/python3.7/site-packages/airflow/example_dags/example_sensor_decorator.py took 5.563 seconds
[2023-09-14T16:12:41.151+0000] {processor.py:156} INFO - Started process (PID=224) to work on /home/airflow/.local/lib/python3.7/site-packages/airflow/example_dags/example_sensor_decorator.py
[2023-09-14T16:12:41.154+0000] {processor.py:799} INFO - Processing file /home/airflow/.local/lib/python3.7/site-packages/airflow/example_dags/example_sensor_decorator.py for tasks to queue
[2023-09-14T16:12:41.167+0000] {logging_mixin.py:149} INFO - [2023-09-14T16:12:41.166+0000] {dagbag.py:541} INFO - Filling up the DagBag from /home/airflow/.local/lib/python3.7/site-packages/airflow/example_dags/example_sensor_decorator.py
[2023-09-14T16:12:41.212+0000] {processor.py:809} INFO - DAG(s) dict_keys(['example_sensor_decorator']) retrieved from /home/airflow/.local/lib/python3.7/site-packages/airflow/example_dags/example_sensor_decorator.py
[2023-09-14T16:12:41.401+0000] {logging_mixin.py:149} INFO - [2023-09-14T16:12:41.398+0000] {dag.py:2726} INFO - Sync 1 DAGs
[2023-09-14T16:12:41.606+0000] {logging_mixin.py:149} INFO - [2023-09-14T16:12:41.605+0000] {dag.py:3490} INFO - Setting next_dagrun for example_sensor_decorator to None, run_after=None
[2023-09-14T16:12:41.729+0000] {processor.py:178} INFO - Processing /home/airflow/.local/lib/python3.7/site-packages/airflow/example_dags/example_sensor_decorator.py took 0.598 seconds
[2023-09-14T16:13:17.140+0000] {processor.py:156} INFO - Started process (PID=285) to work on /home/airflow/.local/lib/python3.7/site-packages/airflow/example_dags/example_sensor_decorator.py
[2023-09-14T16:13:17.143+0000] {processor.py:799} INFO - Processing file /home/airflow/.local/lib/python3.7/site-packages/airflow/example_dags/example_sensor_decorator.py for tasks to queue
[2023-09-14T16:13:17.149+0000] {logging_mixin.py:149} INFO - [2023-09-14T16:13:17.149+0000] {dagbag.py:541} INFO - Filling up the DagBag from /home/airflow/.local/lib/python3.7/site-packages/airflow/example_dags/example_sensor_decorator.py
[2023-09-14T16:13:17.191+0000] {processor.py:809} INFO - DAG(s) dict_keys(['example_sensor_decorator']) retrieved from /home/airflow/.local/lib/python3.7/site-packages/airflow/example_dags/example_sensor_decorator.py
[2023-09-14T16:13:17.363+0000] {logging_mixin.py:149} INFO - [2023-09-14T16:13:17.363+0000] {dag.py:2726} INFO - Sync 1 DAGs
[2023-09-14T16:13:17.568+0000] {logging_mixin.py:149} INFO - [2023-09-14T16:13:17.568+0000] {dag.py:3490} INFO - Setting next_dagrun for example_sensor_decorator to None, run_after=None
[2023-09-14T16:13:17.687+0000] {processor.py:178} INFO - Processing /home/airflow/.local/lib/python3.7/site-packages/airflow/example_dags/example_sensor_decorator.py took 0.566 seconds
[2023-09-14T16:13:51.365+0000] {processor.py:156} INFO - Started process (PID=348) to work on /home/airflow/.local/lib/python3.7/site-packages/airflow/example_dags/example_sensor_decorator.py
[2023-09-14T16:13:51.369+0000] {processor.py:799} INFO - Processing file /home/airflow/.local/lib/python3.7/site-packages/airflow/example_dags/example_sensor_decorator.py for tasks to queue
[2023-09-14T16:13:51.372+0000] {logging_mixin.py:149} INFO - [2023-09-14T16:13:51.372+0000] {dagbag.py:541} INFO - Filling up the DagBag from /home/airflow/.local/lib/python3.7/site-packages/airflow/example_dags/example_sensor_decorator.py
[2023-09-14T16:13:51.402+0000] {processor.py:809} INFO - DAG(s) dict_keys(['example_sensor_decorator']) retrieved from /home/airflow/.local/lib/python3.7/site-packages/airflow/example_dags/example_sensor_decorator.py
[2023-09-14T16:13:51.528+0000] {logging_mixin.py:149} INFO - [2023-09-14T16:13:51.526+0000] {dag.py:2726} INFO - Sync 1 DAGs
[2023-09-14T16:13:51.670+0000] {logging_mixin.py:149} INFO - [2023-09-14T16:13:51.660+0000] {dag.py:3490} INFO - Setting next_dagrun for example_sensor_decorator to None, run_after=None
[2023-09-14T16:13:51.840+0000] {processor.py:178} INFO - Processing /home/airflow/.local/lib/python3.7/site-packages/airflow/example_dags/example_sensor_decorator.py took 0.493 seconds
[2023-09-14T16:14:25.009+0000] {processor.py:156} INFO - Started process (PID=409) to work on /home/airflow/.local/lib/python3.7/site-packages/airflow/example_dags/example_sensor_decorator.py
[2023-09-14T16:14:25.013+0000] {processor.py:799} INFO - Processing file /home/airflow/.local/lib/python3.7/site-packages/airflow/example_dags/example_sensor_decorator.py for tasks to queue
[2023-09-14T16:14:25.017+0000] {logging_mixin.py:149} INFO - [2023-09-14T16:14:25.016+0000] {dagbag.py:541} INFO - Filling up the DagBag from /home/airflow/.local/lib/python3.7/site-packages/airflow/example_dags/example_sensor_decorator.py
[2023-09-14T16:14:25.046+0000] {processor.py:809} INFO - DAG(s) dict_keys(['example_sensor_decorator']) retrieved from /home/airflow/.local/lib/python3.7/site-packages/airflow/example_dags/example_sensor_decorator.py
[2023-09-14T16:14:25.144+0000] {logging_mixin.py:149} INFO - [2023-09-14T16:14:25.143+0000] {dag.py:2726} INFO - Sync 1 DAGs
[2023-09-14T16:14:25.356+0000] {logging_mixin.py:149} INFO - [2023-09-14T16:14:25.355+0000] {dag.py:3490} INFO - Setting next_dagrun for example_sensor_decorator to None, run_after=None
[2023-09-14T16:14:25.480+0000] {processor.py:178} INFO - Processing /home/airflow/.local/lib/python3.7/site-packages/airflow/example_dags/example_sensor_decorator.py took 0.486 seconds
[2023-09-14T16:14:56.647+0000] {processor.py:156} INFO - Started process (PID=462) to work on /home/airflow/.local/lib/python3.7/site-packages/airflow/example_dags/example_sensor_decorator.py
[2023-09-14T16:14:56.650+0000] {processor.py:799} INFO - Processing file /home/airflow/.local/lib/python3.7/site-packages/airflow/example_dags/example_sensor_decorator.py for tasks to queue
[2023-09-14T16:14:56.653+0000] {logging_mixin.py:149} INFO - [2023-09-14T16:14:56.653+0000] {dagbag.py:541} INFO - Filling up the DagBag from /home/airflow/.local/lib/python3.7/site-packages/airflow/example_dags/example_sensor_decorator.py
[2023-09-14T16:14:56.669+0000] {processor.py:809} INFO - DAG(s) dict_keys(['example_sensor_decorator']) retrieved from /home/airflow/.local/lib/python3.7/site-packages/airflow/example_dags/example_sensor_decorator.py
[2023-09-14T16:14:56.741+0000] {logging_mixin.py:149} INFO - [2023-09-14T16:14:56.740+0000] {dag.py:2726} INFO - Sync 1 DAGs
[2023-09-14T16:14:56.809+0000] {logging_mixin.py:149} INFO - [2023-09-14T16:14:56.808+0000] {dag.py:3490} INFO - Setting next_dagrun for example_sensor_decorator to None, run_after=None
[2023-09-14T16:14:56.873+0000] {processor.py:178} INFO - Processing /home/airflow/.local/lib/python3.7/site-packages/airflow/example_dags/example_sensor_decorator.py took 0.232 seconds
[2023-09-14T16:15:26.925+0000] {processor.py:156} INFO - Started process (PID=523) to work on /home/airflow/.local/lib/python3.7/site-packages/airflow/example_dags/example_sensor_decorator.py
[2023-09-14T16:15:26.927+0000] {processor.py:799} INFO - Processing file /home/airflow/.local/lib/python3.7/site-packages/airflow/example_dags/example_sensor_decorator.py for tasks to queue
[2023-09-14T16:15:26.930+0000] {logging_mixin.py:149} INFO - [2023-09-14T16:15:26.929+0000] {dagbag.py:541} INFO - Filling up the DagBag from /home/airflow/.local/lib/python3.7/site-packages/airflow/example_dags/example_sensor_decorator.py
[2023-09-14T16:15:26.944+0000] {processor.py:809} INFO - DAG(s) dict_keys(['example_sensor_decorator']) retrieved from /home/airflow/.local/lib/python3.7/site-packages/airflow/example_dags/example_sensor_decorator.py
[2023-09-14T16:15:26.998+0000] {logging_mixin.py:149} INFO - [2023-09-14T16:15:26.998+0000] {dag.py:2726} INFO - Sync 1 DAGs
[2023-09-14T16:15:27.051+0000] {logging_mixin.py:149} INFO - [2023-09-14T16:15:27.050+0000] {dag.py:3490} INFO - Setting next_dagrun for example_sensor_decorator to None, run_after=None
[2023-09-14T16:15:27.090+0000] {processor.py:178} INFO - Processing /home/airflow/.local/lib/python3.7/site-packages/airflow/example_dags/example_sensor_decorator.py took 0.172 seconds
[2023-09-14T16:15:57.698+0000] {processor.py:156} INFO - Started process (PID=584) to work on /home/airflow/.local/lib/python3.7/site-packages/airflow/example_dags/example_sensor_decorator.py
[2023-09-14T16:15:57.700+0000] {processor.py:799} INFO - Processing file /home/airflow/.local/lib/python3.7/site-packages/airflow/example_dags/example_sensor_decorator.py for tasks to queue
[2023-09-14T16:15:57.702+0000] {logging_mixin.py:149} INFO - [2023-09-14T16:15:57.702+0000] {dagbag.py:541} INFO - Filling up the DagBag from /home/airflow/.local/lib/python3.7/site-packages/airflow/example_dags/example_sensor_decorator.py
[2023-09-14T16:15:57.712+0000] {processor.py:809} INFO - DAG(s) dict_keys(['example_sensor_decorator']) retrieved from /home/airflow/.local/lib/python3.7/site-packages/airflow/example_dags/example_sensor_decorator.py
[2023-09-14T16:15:57.766+0000] {logging_mixin.py:149} INFO - [2023-09-14T16:15:57.765+0000] {dag.py:2726} INFO - Sync 1 DAGs
[2023-09-14T16:15:57.815+0000] {logging_mixin.py:149} INFO - [2023-09-14T16:15:57.814+0000] {dag.py:3490} INFO - Setting next_dagrun for example_sensor_decorator to None, run_after=None
[2023-09-14T16:15:57.865+0000] {processor.py:178} INFO - Processing /home/airflow/.local/lib/python3.7/site-packages/airflow/example_dags/example_sensor_decorator.py took 0.172 seconds
[2023-09-14T16:16:29.092+0000] {processor.py:156} INFO - Started process (PID=645) to work on /home/airflow/.local/lib/python3.7/site-packages/airflow/example_dags/example_sensor_decorator.py
[2023-09-14T16:16:29.094+0000] {processor.py:799} INFO - Processing file /home/airflow/.local/lib/python3.7/site-packages/airflow/example_dags/example_sensor_decorator.py for tasks to queue
[2023-09-14T16:16:29.097+0000] {logging_mixin.py:149} INFO - [2023-09-14T16:16:29.097+0000] {dagbag.py:541} INFO - Filling up the DagBag from /home/airflow/.local/lib/python3.7/site-packages/airflow/example_dags/example_sensor_decorator.py
[2023-09-14T16:16:29.113+0000] {processor.py:809} INFO - DAG(s) dict_keys(['example_sensor_decorator']) retrieved from /home/airflow/.local/lib/python3.7/site-packages/airflow/example_dags/example_sensor_decorator.py
[2023-09-14T16:16:29.192+0000] {logging_mixin.py:149} INFO - [2023-09-14T16:16:29.191+0000] {dag.py:2726} INFO - Sync 1 DAGs
[2023-09-14T16:16:29.269+0000] {logging_mixin.py:149} INFO - [2023-09-14T16:16:29.268+0000] {dag.py:3490} INFO - Setting next_dagrun for example_sensor_decorator to None, run_after=None
[2023-09-14T16:16:29.317+0000] {processor.py:178} INFO - Processing /home/airflow/.local/lib/python3.7/site-packages/airflow/example_dags/example_sensor_decorator.py took 0.233 seconds
[2023-09-14T16:36:17.019+0000] {processor.py:156} INFO - Started process (PID=80) to work on /home/airflow/.local/lib/python3.7/site-packages/airflow/example_dags/example_sensor_decorator.py
[2023-09-14T16:36:17.023+0000] {processor.py:799} INFO - Processing file /home/airflow/.local/lib/python3.7/site-packages/airflow/example_dags/example_sensor_decorator.py for tasks to queue
[2023-09-14T16:36:17.026+0000] {logging_mixin.py:149} INFO - [2023-09-14T16:36:17.026+0000] {dagbag.py:541} INFO - Filling up the DagBag from /home/airflow/.local/lib/python3.7/site-packages/airflow/example_dags/example_sensor_decorator.py
[2023-09-14T16:36:17.049+0000] {processor.py:809} INFO - DAG(s) dict_keys(['example_sensor_decorator']) retrieved from /home/airflow/.local/lib/python3.7/site-packages/airflow/example_dags/example_sensor_decorator.py
[2023-09-14T16:36:17.193+0000] {logging_mixin.py:149} INFO - [2023-09-14T16:36:17.193+0000] {dag.py:2726} INFO - Sync 1 DAGs
[2023-09-14T16:36:17.373+0000] {logging_mixin.py:149} INFO - [2023-09-14T16:36:17.372+0000] {dag.py:3490} INFO - Setting next_dagrun for example_sensor_decorator to None, run_after=None
[2023-09-14T16:36:17.491+0000] {processor.py:178} INFO - Processing /home/airflow/.local/lib/python3.7/site-packages/airflow/example_dags/example_sensor_decorator.py took 0.479 seconds
[2023-09-14T16:39:18.893+0000] {processor.py:156} INFO - Started process (PID=79) to work on /home/airflow/.local/lib/python3.7/site-packages/airflow/example_dags/example_sensor_decorator.py
[2023-09-14T16:39:18.905+0000] {processor.py:799} INFO - Processing file /home/airflow/.local/lib/python3.7/site-packages/airflow/example_dags/example_sensor_decorator.py for tasks to queue
[2023-09-14T16:39:18.915+0000] {logging_mixin.py:149} INFO - [2023-09-14T16:39:18.915+0000] {dagbag.py:541} INFO - Filling up the DagBag from /home/airflow/.local/lib/python3.7/site-packages/airflow/example_dags/example_sensor_decorator.py
[2023-09-14T16:39:19.011+0000] {processor.py:809} INFO - DAG(s) dict_keys(['example_sensor_decorator']) retrieved from /home/airflow/.local/lib/python3.7/site-packages/airflow/example_dags/example_sensor_decorator.py
[2023-09-14T16:39:19.298+0000] {logging_mixin.py:149} INFO - [2023-09-14T16:39:19.297+0000] {dag.py:2726} INFO - Sync 1 DAGs
[2023-09-14T16:39:19.454+0000] {logging_mixin.py:149} INFO - [2023-09-14T16:39:19.453+0000] {dag.py:3490} INFO - Setting next_dagrun for example_sensor_decorator to None, run_after=None
[2023-09-14T16:39:19.579+0000] {processor.py:178} INFO - Processing /home/airflow/.local/lib/python3.7/site-packages/airflow/example_dags/example_sensor_decorator.py took 0.737 seconds
[2023-09-14T16:39:50.550+0000] {processor.py:156} INFO - Started process (PID=140) to work on /home/airflow/.local/lib/python3.7/site-packages/airflow/example_dags/example_sensor_decorator.py
[2023-09-14T16:39:50.555+0000] {processor.py:799} INFO - Processing file /home/airflow/.local/lib/python3.7/site-packages/airflow/example_dags/example_sensor_decorator.py for tasks to queue
[2023-09-14T16:39:50.561+0000] {logging_mixin.py:149} INFO - [2023-09-14T16:39:50.560+0000] {dagbag.py:541} INFO - Filling up the DagBag from /home/airflow/.local/lib/python3.7/site-packages/airflow/example_dags/example_sensor_decorator.py
[2023-09-14T16:39:50.578+0000] {processor.py:809} INFO - DAG(s) dict_keys(['example_sensor_decorator']) retrieved from /home/airflow/.local/lib/python3.7/site-packages/airflow/example_dags/example_sensor_decorator.py
[2023-09-14T16:39:50.644+0000] {logging_mixin.py:149} INFO - [2023-09-14T16:39:50.643+0000] {dag.py:2726} INFO - Sync 1 DAGs
[2023-09-14T16:39:51.156+0000] {logging_mixin.py:149} INFO - [2023-09-14T16:39:51.156+0000] {dag.py:3490} INFO - Setting next_dagrun for example_sensor_decorator to None, run_after=None
[2023-09-14T16:39:51.229+0000] {processor.py:178} INFO - Processing /home/airflow/.local/lib/python3.7/site-packages/airflow/example_dags/example_sensor_decorator.py took 0.701 seconds
[2023-09-14T16:40:21.479+0000] {processor.py:156} INFO - Started process (PID=201) to work on /home/airflow/.local/lib/python3.7/site-packages/airflow/example_dags/example_sensor_decorator.py
[2023-09-14T16:40:21.482+0000] {processor.py:799} INFO - Processing file /home/airflow/.local/lib/python3.7/site-packages/airflow/example_dags/example_sensor_decorator.py for tasks to queue
[2023-09-14T16:40:21.484+0000] {logging_mixin.py:149} INFO - [2023-09-14T16:40:21.484+0000] {dagbag.py:541} INFO - Filling up the DagBag from /home/airflow/.local/lib/python3.7/site-packages/airflow/example_dags/example_sensor_decorator.py
[2023-09-14T16:40:21.492+0000] {processor.py:809} INFO - DAG(s) dict_keys(['example_sensor_decorator']) retrieved from /home/airflow/.local/lib/python3.7/site-packages/airflow/example_dags/example_sensor_decorator.py
[2023-09-14T16:40:21.545+0000] {logging_mixin.py:149} INFO - [2023-09-14T16:40:21.544+0000] {dag.py:2726} INFO - Sync 1 DAGs
[2023-09-14T16:40:21.603+0000] {logging_mixin.py:149} INFO - [2023-09-14T16:40:21.602+0000] {dag.py:3490} INFO - Setting next_dagrun for example_sensor_decorator to None, run_after=None
[2023-09-14T16:40:21.684+0000] {processor.py:178} INFO - Processing /home/airflow/.local/lib/python3.7/site-packages/airflow/example_dags/example_sensor_decorator.py took 0.210 seconds
[2023-09-14T16:40:52.116+0000] {processor.py:156} INFO - Started process (PID=262) to work on /home/airflow/.local/lib/python3.7/site-packages/airflow/example_dags/example_sensor_decorator.py
[2023-09-14T16:40:52.118+0000] {processor.py:799} INFO - Processing file /home/airflow/.local/lib/python3.7/site-packages/airflow/example_dags/example_sensor_decorator.py for tasks to queue
[2023-09-14T16:40:52.120+0000] {logging_mixin.py:149} INFO - [2023-09-14T16:40:52.120+0000] {dagbag.py:541} INFO - Filling up the DagBag from /home/airflow/.local/lib/python3.7/site-packages/airflow/example_dags/example_sensor_decorator.py
[2023-09-14T16:40:52.129+0000] {processor.py:809} INFO - DAG(s) dict_keys(['example_sensor_decorator']) retrieved from /home/airflow/.local/lib/python3.7/site-packages/airflow/example_dags/example_sensor_decorator.py
[2023-09-14T16:40:52.167+0000] {logging_mixin.py:149} INFO - [2023-09-14T16:40:52.167+0000] {dag.py:2726} INFO - Sync 1 DAGs
[2023-09-14T16:40:52.213+0000] {logging_mixin.py:149} INFO - [2023-09-14T16:40:52.212+0000] {dag.py:3490} INFO - Setting next_dagrun for example_sensor_decorator to None, run_after=None
[2023-09-14T16:40:52.285+0000] {processor.py:178} INFO - Processing /home/airflow/.local/lib/python3.7/site-packages/airflow/example_dags/example_sensor_decorator.py took 0.172 seconds
[2023-09-14T16:41:23.537+0000] {processor.py:156} INFO - Started process (PID=323) to work on /home/airflow/.local/lib/python3.7/site-packages/airflow/example_dags/example_sensor_decorator.py
[2023-09-14T16:41:23.539+0000] {processor.py:799} INFO - Processing file /home/airflow/.local/lib/python3.7/site-packages/airflow/example_dags/example_sensor_decorator.py for tasks to queue
[2023-09-14T16:41:23.542+0000] {logging_mixin.py:149} INFO - [2023-09-14T16:41:23.542+0000] {dagbag.py:541} INFO - Filling up the DagBag from /home/airflow/.local/lib/python3.7/site-packages/airflow/example_dags/example_sensor_decorator.py
[2023-09-14T16:41:23.560+0000] {processor.py:809} INFO - DAG(s) dict_keys(['example_sensor_decorator']) retrieved from /home/airflow/.local/lib/python3.7/site-packages/airflow/example_dags/example_sensor_decorator.py
[2023-09-14T16:41:23.623+0000] {logging_mixin.py:149} INFO - [2023-09-14T16:41:23.623+0000] {dag.py:2726} INFO - Sync 1 DAGs
[2023-09-14T16:41:23.693+0000] {logging_mixin.py:149} INFO - [2023-09-14T16:41:23.692+0000] {dag.py:3490} INFO - Setting next_dagrun for example_sensor_decorator to None, run_after=None
[2023-09-14T16:41:23.783+0000] {processor.py:178} INFO - Processing /home/airflow/.local/lib/python3.7/site-packages/airflow/example_dags/example_sensor_decorator.py took 0.256 seconds
[2023-09-14T16:41:54.117+0000] {processor.py:156} INFO - Started process (PID=384) to work on /home/airflow/.local/lib/python3.7/site-packages/airflow/example_dags/example_sensor_decorator.py
[2023-09-14T16:41:54.119+0000] {processor.py:799} INFO - Processing file /home/airflow/.local/lib/python3.7/site-packages/airflow/example_dags/example_sensor_decorator.py for tasks to queue
[2023-09-14T16:41:54.121+0000] {logging_mixin.py:149} INFO - [2023-09-14T16:41:54.121+0000] {dagbag.py:541} INFO - Filling up the DagBag from /home/airflow/.local/lib/python3.7/site-packages/airflow/example_dags/example_sensor_decorator.py
[2023-09-14T16:41:54.134+0000] {processor.py:809} INFO - DAG(s) dict_keys(['example_sensor_decorator']) retrieved from /home/airflow/.local/lib/python3.7/site-packages/airflow/example_dags/example_sensor_decorator.py
[2023-09-14T16:41:54.186+0000] {logging_mixin.py:149} INFO - [2023-09-14T16:41:54.186+0000] {dag.py:2726} INFO - Sync 1 DAGs
[2023-09-14T16:41:54.251+0000] {logging_mixin.py:149} INFO - [2023-09-14T16:41:54.250+0000] {dag.py:3490} INFO - Setting next_dagrun for example_sensor_decorator to None, run_after=None
[2023-09-14T16:41:54.346+0000] {processor.py:178} INFO - Processing /home/airflow/.local/lib/python3.7/site-packages/airflow/example_dags/example_sensor_decorator.py took 0.234 seconds
[2023-09-14T16:42:25.215+0000] {processor.py:156} INFO - Started process (PID=444) to work on /home/airflow/.local/lib/python3.7/site-packages/airflow/example_dags/example_sensor_decorator.py
[2023-09-14T16:42:25.218+0000] {processor.py:799} INFO - Processing file /home/airflow/.local/lib/python3.7/site-packages/airflow/example_dags/example_sensor_decorator.py for tasks to queue
[2023-09-14T16:42:25.220+0000] {logging_mixin.py:149} INFO - [2023-09-14T16:42:25.220+0000] {dagbag.py:541} INFO - Filling up the DagBag from /home/airflow/.local/lib/python3.7/site-packages/airflow/example_dags/example_sensor_decorator.py
[2023-09-14T16:42:25.235+0000] {processor.py:809} INFO - DAG(s) dict_keys(['example_sensor_decorator']) retrieved from /home/airflow/.local/lib/python3.7/site-packages/airflow/example_dags/example_sensor_decorator.py
[2023-09-14T16:42:25.320+0000] {logging_mixin.py:149} INFO - [2023-09-14T16:42:25.320+0000] {dag.py:2726} INFO - Sync 1 DAGs
[2023-09-14T16:42:25.419+0000] {logging_mixin.py:149} INFO - [2023-09-14T16:42:25.418+0000] {dag.py:3490} INFO - Setting next_dagrun for example_sensor_decorator to None, run_after=None
[2023-09-14T16:42:25.490+0000] {processor.py:178} INFO - Processing /home/airflow/.local/lib/python3.7/site-packages/airflow/example_dags/example_sensor_decorator.py took 0.285 seconds
[2023-09-14T16:42:55.874+0000] {processor.py:156} INFO - Started process (PID=506) to work on /home/airflow/.local/lib/python3.7/site-packages/airflow/example_dags/example_sensor_decorator.py
[2023-09-14T16:42:55.876+0000] {processor.py:799} INFO - Processing file /home/airflow/.local/lib/python3.7/site-packages/airflow/example_dags/example_sensor_decorator.py for tasks to queue
[2023-09-14T16:42:55.879+0000] {logging_mixin.py:149} INFO - [2023-09-14T16:42:55.878+0000] {dagbag.py:541} INFO - Filling up the DagBag from /home/airflow/.local/lib/python3.7/site-packages/airflow/example_dags/example_sensor_decorator.py
[2023-09-14T16:42:55.896+0000] {processor.py:809} INFO - DAG(s) dict_keys(['example_sensor_decorator']) retrieved from /home/airflow/.local/lib/python3.7/site-packages/airflow/example_dags/example_sensor_decorator.py
[2023-09-14T16:42:55.949+0000] {logging_mixin.py:149} INFO - [2023-09-14T16:42:55.948+0000] {dag.py:2726} INFO - Sync 1 DAGs
[2023-09-14T16:42:56.024+0000] {logging_mixin.py:149} INFO - [2023-09-14T16:42:56.023+0000] {dag.py:3490} INFO - Setting next_dagrun for example_sensor_decorator to None, run_after=None
[2023-09-14T16:42:56.083+0000] {processor.py:178} INFO - Processing /home/airflow/.local/lib/python3.7/site-packages/airflow/example_dags/example_sensor_decorator.py took 0.217 seconds
[2023-09-14T16:43:26.421+0000] {processor.py:156} INFO - Started process (PID=567) to work on /home/airflow/.local/lib/python3.7/site-packages/airflow/example_dags/example_sensor_decorator.py
[2023-09-14T16:43:26.424+0000] {processor.py:799} INFO - Processing file /home/airflow/.local/lib/python3.7/site-packages/airflow/example_dags/example_sensor_decorator.py for tasks to queue
[2023-09-14T16:43:26.427+0000] {logging_mixin.py:149} INFO - [2023-09-14T16:43:26.426+0000] {dagbag.py:541} INFO - Filling up the DagBag from /home/airflow/.local/lib/python3.7/site-packages/airflow/example_dags/example_sensor_decorator.py
[2023-09-14T16:43:26.438+0000] {processor.py:809} INFO - DAG(s) dict_keys(['example_sensor_decorator']) retrieved from /home/airflow/.local/lib/python3.7/site-packages/airflow/example_dags/example_sensor_decorator.py
[2023-09-14T16:43:26.495+0000] {logging_mixin.py:149} INFO - [2023-09-14T16:43:26.495+0000] {dag.py:2726} INFO - Sync 1 DAGs
[2023-09-14T16:43:26.571+0000] {logging_mixin.py:149} INFO - [2023-09-14T16:43:26.569+0000] {dag.py:3490} INFO - Setting next_dagrun for example_sensor_decorator to None, run_after=None
[2023-09-14T16:43:26.697+0000] {processor.py:178} INFO - Processing /home/airflow/.local/lib/python3.7/site-packages/airflow/example_dags/example_sensor_decorator.py took 0.284 seconds
[2023-09-14T16:43:57.413+0000] {processor.py:156} INFO - Started process (PID=628) to work on /home/airflow/.local/lib/python3.7/site-packages/airflow/example_dags/example_sensor_decorator.py
[2023-09-14T16:43:57.415+0000] {processor.py:799} INFO - Processing file /home/airflow/.local/lib/python3.7/site-packages/airflow/example_dags/example_sensor_decorator.py for tasks to queue
[2023-09-14T16:43:57.419+0000] {logging_mixin.py:149} INFO - [2023-09-14T16:43:57.418+0000] {dagbag.py:541} INFO - Filling up the DagBag from /home/airflow/.local/lib/python3.7/site-packages/airflow/example_dags/example_sensor_decorator.py
[2023-09-14T16:43:57.435+0000] {processor.py:809} INFO - DAG(s) dict_keys(['example_sensor_decorator']) retrieved from /home/airflow/.local/lib/python3.7/site-packages/airflow/example_dags/example_sensor_decorator.py
[2023-09-14T16:43:57.514+0000] {logging_mixin.py:149} INFO - [2023-09-14T16:43:57.514+0000] {dag.py:2726} INFO - Sync 1 DAGs
[2023-09-14T16:43:57.609+0000] {logging_mixin.py:149} INFO - [2023-09-14T16:43:57.608+0000] {dag.py:3490} INFO - Setting next_dagrun for example_sensor_decorator to None, run_after=None
[2023-09-14T16:43:57.730+0000] {processor.py:178} INFO - Processing /home/airflow/.local/lib/python3.7/site-packages/airflow/example_dags/example_sensor_decorator.py took 0.325 seconds
[2023-09-14T16:44:27.978+0000] {processor.py:156} INFO - Started process (PID=690) to work on /home/airflow/.local/lib/python3.7/site-packages/airflow/example_dags/example_sensor_decorator.py
[2023-09-14T16:44:27.980+0000] {processor.py:799} INFO - Processing file /home/airflow/.local/lib/python3.7/site-packages/airflow/example_dags/example_sensor_decorator.py for tasks to queue
[2023-09-14T16:44:27.983+0000] {logging_mixin.py:149} INFO - [2023-09-14T16:44:27.982+0000] {dagbag.py:541} INFO - Filling up the DagBag from /home/airflow/.local/lib/python3.7/site-packages/airflow/example_dags/example_sensor_decorator.py
[2023-09-14T16:44:27.994+0000] {processor.py:809} INFO - DAG(s) dict_keys(['example_sensor_decorator']) retrieved from /home/airflow/.local/lib/python3.7/site-packages/airflow/example_dags/example_sensor_decorator.py
[2023-09-14T16:44:28.040+0000] {logging_mixin.py:149} INFO - [2023-09-14T16:44:28.040+0000] {dag.py:2726} INFO - Sync 1 DAGs
[2023-09-14T16:44:28.083+0000] {logging_mixin.py:149} INFO - [2023-09-14T16:44:28.083+0000] {dag.py:3490} INFO - Setting next_dagrun for example_sensor_decorator to None, run_after=None
[2023-09-14T16:44:28.136+0000] {processor.py:178} INFO - Processing /home/airflow/.local/lib/python3.7/site-packages/airflow/example_dags/example_sensor_decorator.py took 0.165 seconds
[2023-09-14T16:44:59.241+0000] {processor.py:156} INFO - Started process (PID=751) to work on /home/airflow/.local/lib/python3.7/site-packages/airflow/example_dags/example_sensor_decorator.py
[2023-09-14T16:44:59.244+0000] {processor.py:799} INFO - Processing file /home/airflow/.local/lib/python3.7/site-packages/airflow/example_dags/example_sensor_decorator.py for tasks to queue
[2023-09-14T16:44:59.247+0000] {logging_mixin.py:149} INFO - [2023-09-14T16:44:59.246+0000] {dagbag.py:541} INFO - Filling up the DagBag from /home/airflow/.local/lib/python3.7/site-packages/airflow/example_dags/example_sensor_decorator.py
[2023-09-14T16:44:59.325+0000] {processor.py:809} INFO - DAG(s) dict_keys(['example_sensor_decorator']) retrieved from /home/airflow/.local/lib/python3.7/site-packages/airflow/example_dags/example_sensor_decorator.py
[2023-09-14T16:44:59.594+0000] {logging_mixin.py:149} INFO - [2023-09-14T16:44:59.594+0000] {dag.py:2726} INFO - Sync 1 DAGs
[2023-09-14T16:44:59.717+0000] {logging_mixin.py:149} INFO - [2023-09-14T16:44:59.717+0000] {dag.py:3490} INFO - Setting next_dagrun for example_sensor_decorator to None, run_after=None
[2023-09-14T16:44:59.800+0000] {processor.py:178} INFO - Processing /home/airflow/.local/lib/python3.7/site-packages/airflow/example_dags/example_sensor_decorator.py took 0.569 seconds
[2023-09-14T16:45:29.960+0000] {processor.py:156} INFO - Started process (PID=812) to work on /home/airflow/.local/lib/python3.7/site-packages/airflow/example_dags/example_sensor_decorator.py
[2023-09-14T16:45:29.962+0000] {processor.py:799} INFO - Processing file /home/airflow/.local/lib/python3.7/site-packages/airflow/example_dags/example_sensor_decorator.py for tasks to queue
[2023-09-14T16:45:29.963+0000] {logging_mixin.py:149} INFO - [2023-09-14T16:45:29.963+0000] {dagbag.py:541} INFO - Filling up the DagBag from /home/airflow/.local/lib/python3.7/site-packages/airflow/example_dags/example_sensor_decorator.py
[2023-09-14T16:45:29.976+0000] {processor.py:809} INFO - DAG(s) dict_keys(['example_sensor_decorator']) retrieved from /home/airflow/.local/lib/python3.7/site-packages/airflow/example_dags/example_sensor_decorator.py
[2023-09-14T16:45:30.033+0000] {logging_mixin.py:149} INFO - [2023-09-14T16:45:30.032+0000] {dag.py:2726} INFO - Sync 1 DAGs
[2023-09-14T16:45:30.110+0000] {logging_mixin.py:149} INFO - [2023-09-14T16:45:30.110+0000] {dag.py:3490} INFO - Setting next_dagrun for example_sensor_decorator to None, run_after=None
[2023-09-14T16:45:30.213+0000] {processor.py:178} INFO - Processing /home/airflow/.local/lib/python3.7/site-packages/airflow/example_dags/example_sensor_decorator.py took 0.258 seconds
[2023-09-14T16:46:02.657+0000] {processor.py:156} INFO - Started process (PID=873) to work on /home/airflow/.local/lib/python3.7/site-packages/airflow/example_dags/example_sensor_decorator.py
[2023-09-14T16:46:02.661+0000] {processor.py:799} INFO - Processing file /home/airflow/.local/lib/python3.7/site-packages/airflow/example_dags/example_sensor_decorator.py for tasks to queue
[2023-09-14T16:46:02.665+0000] {logging_mixin.py:149} INFO - [2023-09-14T16:46:02.664+0000] {dagbag.py:541} INFO - Filling up the DagBag from /home/airflow/.local/lib/python3.7/site-packages/airflow/example_dags/example_sensor_decorator.py
[2023-09-14T16:46:02.687+0000] {processor.py:809} INFO - DAG(s) dict_keys(['example_sensor_decorator']) retrieved from /home/airflow/.local/lib/python3.7/site-packages/airflow/example_dags/example_sensor_decorator.py
[2023-09-14T16:46:02.770+0000] {logging_mixin.py:149} INFO - [2023-09-14T16:46:02.770+0000] {dag.py:2726} INFO - Sync 1 DAGs
[2023-09-14T16:46:02.852+0000] {logging_mixin.py:149} INFO - [2023-09-14T16:46:02.852+0000] {dag.py:3490} INFO - Setting next_dagrun for example_sensor_decorator to None, run_after=None
[2023-09-14T16:46:02.961+0000] {processor.py:178} INFO - Processing /home/airflow/.local/lib/python3.7/site-packages/airflow/example_dags/example_sensor_decorator.py took 0.311 seconds
[2023-09-14T16:46:33.086+0000] {processor.py:156} INFO - Started process (PID=934) to work on /home/airflow/.local/lib/python3.7/site-packages/airflow/example_dags/example_sensor_decorator.py
[2023-09-14T16:46:33.088+0000] {processor.py:799} INFO - Processing file /home/airflow/.local/lib/python3.7/site-packages/airflow/example_dags/example_sensor_decorator.py for tasks to queue
[2023-09-14T16:46:33.091+0000] {logging_mixin.py:149} INFO - [2023-09-14T16:46:33.090+0000] {dagbag.py:541} INFO - Filling up the DagBag from /home/airflow/.local/lib/python3.7/site-packages/airflow/example_dags/example_sensor_decorator.py
[2023-09-14T16:46:33.107+0000] {processor.py:809} INFO - DAG(s) dict_keys(['example_sensor_decorator']) retrieved from /home/airflow/.local/lib/python3.7/site-packages/airflow/example_dags/example_sensor_decorator.py
[2023-09-14T16:46:33.169+0000] {logging_mixin.py:149} INFO - [2023-09-14T16:46:33.168+0000] {dag.py:2726} INFO - Sync 1 DAGs
[2023-09-14T16:46:33.233+0000] {logging_mixin.py:149} INFO - [2023-09-14T16:46:33.233+0000] {dag.py:3490} INFO - Setting next_dagrun for example_sensor_decorator to None, run_after=None
[2023-09-14T16:46:33.296+0000] {processor.py:178} INFO - Processing /home/airflow/.local/lib/python3.7/site-packages/airflow/example_dags/example_sensor_decorator.py took 0.217 seconds
[2023-09-14T16:47:05.478+0000] {processor.py:156} INFO - Started process (PID=995) to work on /home/airflow/.local/lib/python3.7/site-packages/airflow/example_dags/example_sensor_decorator.py
[2023-09-14T16:47:05.482+0000] {processor.py:799} INFO - Processing file /home/airflow/.local/lib/python3.7/site-packages/airflow/example_dags/example_sensor_decorator.py for tasks to queue
[2023-09-14T16:47:05.490+0000] {logging_mixin.py:149} INFO - [2023-09-14T16:47:05.488+0000] {dagbag.py:541} INFO - Filling up the DagBag from /home/airflow/.local/lib/python3.7/site-packages/airflow/example_dags/example_sensor_decorator.py
[2023-09-14T16:47:05.525+0000] {processor.py:809} INFO - DAG(s) dict_keys(['example_sensor_decorator']) retrieved from /home/airflow/.local/lib/python3.7/site-packages/airflow/example_dags/example_sensor_decorator.py
[2023-09-14T16:47:05.626+0000] {logging_mixin.py:149} INFO - [2023-09-14T16:47:05.625+0000] {dag.py:2726} INFO - Sync 1 DAGs
[2023-09-14T16:47:05.720+0000] {logging_mixin.py:149} INFO - [2023-09-14T16:47:05.720+0000] {dag.py:3490} INFO - Setting next_dagrun for example_sensor_decorator to None, run_after=None
[2023-09-14T16:47:05.818+0000] {processor.py:178} INFO - Processing /home/airflow/.local/lib/python3.7/site-packages/airflow/example_dags/example_sensor_decorator.py took 0.354 seconds
[2023-09-14T16:47:36.391+0000] {processor.py:156} INFO - Started process (PID=1056) to work on /home/airflow/.local/lib/python3.7/site-packages/airflow/example_dags/example_sensor_decorator.py
[2023-09-14T16:47:36.396+0000] {processor.py:799} INFO - Processing file /home/airflow/.local/lib/python3.7/site-packages/airflow/example_dags/example_sensor_decorator.py for tasks to queue
[2023-09-14T16:47:36.399+0000] {logging_mixin.py:149} INFO - [2023-09-14T16:47:36.399+0000] {dagbag.py:541} INFO - Filling up the DagBag from /home/airflow/.local/lib/python3.7/site-packages/airflow/example_dags/example_sensor_decorator.py
[2023-09-14T16:47:36.418+0000] {processor.py:809} INFO - DAG(s) dict_keys(['example_sensor_decorator']) retrieved from /home/airflow/.local/lib/python3.7/site-packages/airflow/example_dags/example_sensor_decorator.py
[2023-09-14T16:47:36.480+0000] {logging_mixin.py:149} INFO - [2023-09-14T16:47:36.479+0000] {dag.py:2726} INFO - Sync 1 DAGs
[2023-09-14T16:47:36.560+0000] {logging_mixin.py:149} INFO - [2023-09-14T16:47:36.559+0000] {dag.py:3490} INFO - Setting next_dagrun for example_sensor_decorator to None, run_after=None
[2023-09-14T16:47:36.630+0000] {processor.py:178} INFO - Processing /home/airflow/.local/lib/python3.7/site-packages/airflow/example_dags/example_sensor_decorator.py took 0.246 seconds
[2023-09-14T16:48:11.992+0000] {processor.py:156} INFO - Started process (PID=1117) to work on /home/airflow/.local/lib/python3.7/site-packages/airflow/example_dags/example_sensor_decorator.py
[2023-09-14T16:48:12.006+0000] {processor.py:799} INFO - Processing file /home/airflow/.local/lib/python3.7/site-packages/airflow/example_dags/example_sensor_decorator.py for tasks to queue
[2023-09-14T16:48:12.021+0000] {logging_mixin.py:149} INFO - [2023-09-14T16:48:12.020+0000] {dagbag.py:541} INFO - Filling up the DagBag from /home/airflow/.local/lib/python3.7/site-packages/airflow/example_dags/example_sensor_decorator.py
[2023-09-14T16:48:12.078+0000] {processor.py:809} INFO - DAG(s) dict_keys(['example_sensor_decorator']) retrieved from /home/airflow/.local/lib/python3.7/site-packages/airflow/example_dags/example_sensor_decorator.py
[2023-09-14T16:48:12.269+0000] {logging_mixin.py:149} INFO - [2023-09-14T16:48:12.268+0000] {dag.py:2726} INFO - Sync 1 DAGs
[2023-09-14T16:48:12.602+0000] {logging_mixin.py:149} INFO - [2023-09-14T16:48:12.600+0000] {dag.py:3490} INFO - Setting next_dagrun for example_sensor_decorator to None, run_after=None
[2023-09-14T16:48:12.837+0000] {processor.py:178} INFO - Processing /home/airflow/.local/lib/python3.7/site-packages/airflow/example_dags/example_sensor_decorator.py took 0.868 seconds
[2023-09-14T16:48:43.111+0000] {processor.py:156} INFO - Started process (PID=1178) to work on /home/airflow/.local/lib/python3.7/site-packages/airflow/example_dags/example_sensor_decorator.py
[2023-09-14T16:48:43.116+0000] {processor.py:799} INFO - Processing file /home/airflow/.local/lib/python3.7/site-packages/airflow/example_dags/example_sensor_decorator.py for tasks to queue
[2023-09-14T16:48:43.120+0000] {logging_mixin.py:149} INFO - [2023-09-14T16:48:43.120+0000] {dagbag.py:541} INFO - Filling up the DagBag from /home/airflow/.local/lib/python3.7/site-packages/airflow/example_dags/example_sensor_decorator.py
[2023-09-14T16:48:43.140+0000] {processor.py:809} INFO - DAG(s) dict_keys(['example_sensor_decorator']) retrieved from /home/airflow/.local/lib/python3.7/site-packages/airflow/example_dags/example_sensor_decorator.py
[2023-09-14T16:48:43.224+0000] {logging_mixin.py:149} INFO - [2023-09-14T16:48:43.224+0000] {dag.py:2726} INFO - Sync 1 DAGs
[2023-09-14T16:48:43.295+0000] {logging_mixin.py:149} INFO - [2023-09-14T16:48:43.294+0000] {dag.py:3490} INFO - Setting next_dagrun for example_sensor_decorator to None, run_after=None
[2023-09-14T16:48:43.364+0000] {processor.py:178} INFO - Processing /home/airflow/.local/lib/python3.7/site-packages/airflow/example_dags/example_sensor_decorator.py took 0.270 seconds
[2023-09-14T16:49:13.756+0000] {processor.py:156} INFO - Started process (PID=1230) to work on /home/airflow/.local/lib/python3.7/site-packages/airflow/example_dags/example_sensor_decorator.py
[2023-09-14T16:49:13.761+0000] {processor.py:799} INFO - Processing file /home/airflow/.local/lib/python3.7/site-packages/airflow/example_dags/example_sensor_decorator.py for tasks to queue
[2023-09-14T16:49:13.766+0000] {logging_mixin.py:149} INFO - [2023-09-14T16:49:13.766+0000] {dagbag.py:541} INFO - Filling up the DagBag from /home/airflow/.local/lib/python3.7/site-packages/airflow/example_dags/example_sensor_decorator.py
[2023-09-14T16:49:13.803+0000] {processor.py:809} INFO - DAG(s) dict_keys(['example_sensor_decorator']) retrieved from /home/airflow/.local/lib/python3.7/site-packages/airflow/example_dags/example_sensor_decorator.py
[2023-09-14T16:49:13.976+0000] {logging_mixin.py:149} INFO - [2023-09-14T16:49:13.975+0000] {dag.py:2726} INFO - Sync 1 DAGs
[2023-09-14T16:49:14.239+0000] {logging_mixin.py:149} INFO - [2023-09-14T16:49:14.238+0000] {dag.py:3490} INFO - Setting next_dagrun for example_sensor_decorator to None, run_after=None
[2023-09-14T16:49:14.563+0000] {processor.py:178} INFO - Processing /home/airflow/.local/lib/python3.7/site-packages/airflow/example_dags/example_sensor_decorator.py took 0.829 seconds
[2023-09-14T16:49:45.231+0000] {processor.py:156} INFO - Started process (PID=1291) to work on /home/airflow/.local/lib/python3.7/site-packages/airflow/example_dags/example_sensor_decorator.py
[2023-09-14T16:49:45.233+0000] {processor.py:799} INFO - Processing file /home/airflow/.local/lib/python3.7/site-packages/airflow/example_dags/example_sensor_decorator.py for tasks to queue
[2023-09-14T16:49:45.235+0000] {logging_mixin.py:149} INFO - [2023-09-14T16:49:45.235+0000] {dagbag.py:541} INFO - Filling up the DagBag from /home/airflow/.local/lib/python3.7/site-packages/airflow/example_dags/example_sensor_decorator.py
[2023-09-14T16:49:45.252+0000] {processor.py:809} INFO - DAG(s) dict_keys(['example_sensor_decorator']) retrieved from /home/airflow/.local/lib/python3.7/site-packages/airflow/example_dags/example_sensor_decorator.py
[2023-09-14T16:49:45.326+0000] {logging_mixin.py:149} INFO - [2023-09-14T16:49:45.325+0000] {dag.py:2726} INFO - Sync 1 DAGs
[2023-09-14T16:49:45.403+0000] {logging_mixin.py:149} INFO - [2023-09-14T16:49:45.403+0000] {dag.py:3490} INFO - Setting next_dagrun for example_sensor_decorator to None, run_after=None
[2023-09-14T16:49:45.497+0000] {processor.py:178} INFO - Processing /home/airflow/.local/lib/python3.7/site-packages/airflow/example_dags/example_sensor_decorator.py took 0.273 seconds
[2023-09-14T16:50:15.722+0000] {processor.py:156} INFO - Started process (PID=1352) to work on /home/airflow/.local/lib/python3.7/site-packages/airflow/example_dags/example_sensor_decorator.py
[2023-09-14T16:50:15.724+0000] {processor.py:799} INFO - Processing file /home/airflow/.local/lib/python3.7/site-packages/airflow/example_dags/example_sensor_decorator.py for tasks to queue
[2023-09-14T16:50:15.726+0000] {logging_mixin.py:149} INFO - [2023-09-14T16:50:15.726+0000] {dagbag.py:541} INFO - Filling up the DagBag from /home/airflow/.local/lib/python3.7/site-packages/airflow/example_dags/example_sensor_decorator.py
[2023-09-14T16:50:15.756+0000] {processor.py:809} INFO - DAG(s) dict_keys(['example_sensor_decorator']) retrieved from /home/airflow/.local/lib/python3.7/site-packages/airflow/example_dags/example_sensor_decorator.py
[2023-09-14T16:50:15.859+0000] {logging_mixin.py:149} INFO - [2023-09-14T16:50:15.859+0000] {dag.py:2726} INFO - Sync 1 DAGs
[2023-09-14T16:50:15.992+0000] {logging_mixin.py:149} INFO - [2023-09-14T16:50:15.991+0000] {dag.py:3490} INFO - Setting next_dagrun for example_sensor_decorator to None, run_after=None
[2023-09-14T16:50:16.093+0000] {processor.py:178} INFO - Processing /home/airflow/.local/lib/python3.7/site-packages/airflow/example_dags/example_sensor_decorator.py took 0.383 seconds
[2023-09-14T16:50:46.838+0000] {processor.py:156} INFO - Started process (PID=1413) to work on /home/airflow/.local/lib/python3.7/site-packages/airflow/example_dags/example_sensor_decorator.py
[2023-09-14T16:50:46.841+0000] {processor.py:799} INFO - Processing file /home/airflow/.local/lib/python3.7/site-packages/airflow/example_dags/example_sensor_decorator.py for tasks to queue
[2023-09-14T16:50:46.847+0000] {logging_mixin.py:149} INFO - [2023-09-14T16:50:46.847+0000] {dagbag.py:541} INFO - Filling up the DagBag from /home/airflow/.local/lib/python3.7/site-packages/airflow/example_dags/example_sensor_decorator.py
[2023-09-14T16:50:46.865+0000] {processor.py:809} INFO - DAG(s) dict_keys(['example_sensor_decorator']) retrieved from /home/airflow/.local/lib/python3.7/site-packages/airflow/example_dags/example_sensor_decorator.py
[2023-09-14T16:50:46.930+0000] {logging_mixin.py:149} INFO - [2023-09-14T16:50:46.930+0000] {dag.py:2726} INFO - Sync 1 DAGs
[2023-09-14T16:50:47.020+0000] {logging_mixin.py:149} INFO - [2023-09-14T16:50:47.020+0000] {dag.py:3490} INFO - Setting next_dagrun for example_sensor_decorator to None, run_after=None
[2023-09-14T16:50:47.111+0000] {processor.py:178} INFO - Processing /home/airflow/.local/lib/python3.7/site-packages/airflow/example_dags/example_sensor_decorator.py took 0.281 seconds
[2023-09-14T16:51:17.320+0000] {processor.py:156} INFO - Started process (PID=1474) to work on /home/airflow/.local/lib/python3.7/site-packages/airflow/example_dags/example_sensor_decorator.py
[2023-09-14T16:51:17.325+0000] {processor.py:799} INFO - Processing file /home/airflow/.local/lib/python3.7/site-packages/airflow/example_dags/example_sensor_decorator.py for tasks to queue
[2023-09-14T16:51:17.330+0000] {logging_mixin.py:149} INFO - [2023-09-14T16:51:17.329+0000] {dagbag.py:541} INFO - Filling up the DagBag from /home/airflow/.local/lib/python3.7/site-packages/airflow/example_dags/example_sensor_decorator.py
[2023-09-14T16:51:17.352+0000] {processor.py:809} INFO - DAG(s) dict_keys(['example_sensor_decorator']) retrieved from /home/airflow/.local/lib/python3.7/site-packages/airflow/example_dags/example_sensor_decorator.py
[2023-09-14T16:51:17.475+0000] {logging_mixin.py:149} INFO - [2023-09-14T16:51:17.474+0000] {dag.py:2726} INFO - Sync 1 DAGs
[2023-09-14T16:51:17.583+0000] {logging_mixin.py:149} INFO - [2023-09-14T16:51:17.582+0000] {dag.py:3490} INFO - Setting next_dagrun for example_sensor_decorator to None, run_after=None
[2023-09-14T16:51:17.655+0000] {processor.py:178} INFO - Processing /home/airflow/.local/lib/python3.7/site-packages/airflow/example_dags/example_sensor_decorator.py took 0.348 seconds
[2023-09-14T16:51:48.098+0000] {processor.py:156} INFO - Started process (PID=1535) to work on /home/airflow/.local/lib/python3.7/site-packages/airflow/example_dags/example_sensor_decorator.py
[2023-09-14T16:51:48.102+0000] {processor.py:799} INFO - Processing file /home/airflow/.local/lib/python3.7/site-packages/airflow/example_dags/example_sensor_decorator.py for tasks to queue
[2023-09-14T16:51:48.106+0000] {logging_mixin.py:149} INFO - [2023-09-14T16:51:48.105+0000] {dagbag.py:541} INFO - Filling up the DagBag from /home/airflow/.local/lib/python3.7/site-packages/airflow/example_dags/example_sensor_decorator.py
[2023-09-14T16:51:48.129+0000] {processor.py:809} INFO - DAG(s) dict_keys(['example_sensor_decorator']) retrieved from /home/airflow/.local/lib/python3.7/site-packages/airflow/example_dags/example_sensor_decorator.py
[2023-09-14T16:51:48.205+0000] {logging_mixin.py:149} INFO - [2023-09-14T16:51:48.205+0000] {dag.py:2726} INFO - Sync 1 DAGs
[2023-09-14T16:51:48.290+0000] {logging_mixin.py:149} INFO - [2023-09-14T16:51:48.289+0000] {dag.py:3490} INFO - Setting next_dagrun for example_sensor_decorator to None, run_after=None
[2023-09-14T16:51:48.400+0000] {processor.py:178} INFO - Processing /home/airflow/.local/lib/python3.7/site-packages/airflow/example_dags/example_sensor_decorator.py took 0.313 seconds
[2023-09-14T16:52:20.009+0000] {processor.py:156} INFO - Started process (PID=1604) to work on /home/airflow/.local/lib/python3.7/site-packages/airflow/example_dags/example_sensor_decorator.py
[2023-09-14T16:52:20.014+0000] {processor.py:799} INFO - Processing file /home/airflow/.local/lib/python3.7/site-packages/airflow/example_dags/example_sensor_decorator.py for tasks to queue
[2023-09-14T16:52:20.026+0000] {logging_mixin.py:149} INFO - [2023-09-14T16:52:20.025+0000] {dagbag.py:541} INFO - Filling up the DagBag from /home/airflow/.local/lib/python3.7/site-packages/airflow/example_dags/example_sensor_decorator.py
[2023-09-14T16:52:20.083+0000] {processor.py:809} INFO - DAG(s) dict_keys(['example_sensor_decorator']) retrieved from /home/airflow/.local/lib/python3.7/site-packages/airflow/example_dags/example_sensor_decorator.py
[2023-09-14T16:52:20.221+0000] {logging_mixin.py:149} INFO - [2023-09-14T16:52:20.220+0000] {dag.py:2726} INFO - Sync 1 DAGs
[2023-09-14T16:52:20.459+0000] {logging_mixin.py:149} INFO - [2023-09-14T16:52:20.459+0000] {dag.py:3490} INFO - Setting next_dagrun for example_sensor_decorator to None, run_after=None
[2023-09-14T16:52:20.629+0000] {processor.py:178} INFO - Processing /home/airflow/.local/lib/python3.7/site-packages/airflow/example_dags/example_sensor_decorator.py took 0.641 seconds
[2023-09-14T16:52:52.507+0000] {processor.py:156} INFO - Started process (PID=1667) to work on /home/airflow/.local/lib/python3.7/site-packages/airflow/example_dags/example_sensor_decorator.py
[2023-09-14T16:52:52.513+0000] {processor.py:799} INFO - Processing file /home/airflow/.local/lib/python3.7/site-packages/airflow/example_dags/example_sensor_decorator.py for tasks to queue
[2023-09-14T16:52:52.516+0000] {logging_mixin.py:149} INFO - [2023-09-14T16:52:52.516+0000] {dagbag.py:541} INFO - Filling up the DagBag from /home/airflow/.local/lib/python3.7/site-packages/airflow/example_dags/example_sensor_decorator.py
[2023-09-14T16:52:52.544+0000] {processor.py:809} INFO - DAG(s) dict_keys(['example_sensor_decorator']) retrieved from /home/airflow/.local/lib/python3.7/site-packages/airflow/example_dags/example_sensor_decorator.py
[2023-09-14T16:52:52.643+0000] {logging_mixin.py:149} INFO - [2023-09-14T16:52:52.642+0000] {dag.py:2726} INFO - Sync 1 DAGs
[2023-09-14T16:52:52.742+0000] {logging_mixin.py:149} INFO - [2023-09-14T16:52:52.741+0000] {dag.py:3490} INFO - Setting next_dagrun for example_sensor_decorator to None, run_after=None
[2023-09-14T16:52:52.816+0000] {processor.py:178} INFO - Processing /home/airflow/.local/lib/python3.7/site-packages/airflow/example_dags/example_sensor_decorator.py took 0.318 seconds
[2023-09-14T16:53:24.617+0000] {processor.py:156} INFO - Started process (PID=1730) to work on /home/airflow/.local/lib/python3.7/site-packages/airflow/example_dags/example_sensor_decorator.py
[2023-09-14T16:53:24.620+0000] {processor.py:799} INFO - Processing file /home/airflow/.local/lib/python3.7/site-packages/airflow/example_dags/example_sensor_decorator.py for tasks to queue
[2023-09-14T16:53:24.623+0000] {logging_mixin.py:149} INFO - [2023-09-14T16:53:24.623+0000] {dagbag.py:541} INFO - Filling up the DagBag from /home/airflow/.local/lib/python3.7/site-packages/airflow/example_dags/example_sensor_decorator.py
[2023-09-14T16:53:24.638+0000] {processor.py:809} INFO - DAG(s) dict_keys(['example_sensor_decorator']) retrieved from /home/airflow/.local/lib/python3.7/site-packages/airflow/example_dags/example_sensor_decorator.py
[2023-09-14T16:53:24.726+0000] {logging_mixin.py:149} INFO - [2023-09-14T16:53:24.725+0000] {dag.py:2726} INFO - Sync 1 DAGs
[2023-09-14T16:53:24.869+0000] {logging_mixin.py:149} INFO - [2023-09-14T16:53:24.869+0000] {dag.py:3490} INFO - Setting next_dagrun for example_sensor_decorator to None, run_after=None
[2023-09-14T16:53:24.972+0000] {processor.py:178} INFO - Processing /home/airflow/.local/lib/python3.7/site-packages/airflow/example_dags/example_sensor_decorator.py took 0.364 seconds
[2023-09-14T16:53:55.970+0000] {processor.py:156} INFO - Started process (PID=1795) to work on /home/airflow/.local/lib/python3.7/site-packages/airflow/example_dags/example_sensor_decorator.py
[2023-09-14T16:53:55.973+0000] {processor.py:799} INFO - Processing file /home/airflow/.local/lib/python3.7/site-packages/airflow/example_dags/example_sensor_decorator.py for tasks to queue
[2023-09-14T16:53:55.975+0000] {logging_mixin.py:149} INFO - [2023-09-14T16:53:55.975+0000] {dagbag.py:541} INFO - Filling up the DagBag from /home/airflow/.local/lib/python3.7/site-packages/airflow/example_dags/example_sensor_decorator.py
[2023-09-14T16:53:55.997+0000] {processor.py:809} INFO - DAG(s) dict_keys(['example_sensor_decorator']) retrieved from /home/airflow/.local/lib/python3.7/site-packages/airflow/example_dags/example_sensor_decorator.py
[2023-09-14T16:53:56.111+0000] {logging_mixin.py:149} INFO - [2023-09-14T16:53:56.111+0000] {dag.py:2726} INFO - Sync 1 DAGs
[2023-09-14T16:53:56.274+0000] {logging_mixin.py:149} INFO - [2023-09-14T16:53:56.274+0000] {dag.py:3490} INFO - Setting next_dagrun for example_sensor_decorator to None, run_after=None
[2023-09-14T16:53:56.362+0000] {processor.py:178} INFO - Processing /home/airflow/.local/lib/python3.7/site-packages/airflow/example_dags/example_sensor_decorator.py took 0.403 seconds
[2023-09-14T16:54:45.390+0000] {processor.py:156} INFO - Started process (PID=1862) to work on /home/airflow/.local/lib/python3.7/site-packages/airflow/example_dags/example_sensor_decorator.py
[2023-09-14T16:54:45.404+0000] {processor.py:799} INFO - Processing file /home/airflow/.local/lib/python3.7/site-packages/airflow/example_dags/example_sensor_decorator.py for tasks to queue
[2023-09-14T16:54:45.489+0000] {logging_mixin.py:149} INFO - [2023-09-14T16:54:45.488+0000] {dagbag.py:541} INFO - Filling up the DagBag from /home/airflow/.local/lib/python3.7/site-packages/airflow/example_dags/example_sensor_decorator.py
[2023-09-14T16:54:45.573+0000] {processor.py:809} INFO - DAG(s) dict_keys(['example_sensor_decorator']) retrieved from /home/airflow/.local/lib/python3.7/site-packages/airflow/example_dags/example_sensor_decorator.py
[2023-09-14T16:54:45.926+0000] {logging_mixin.py:149} INFO - [2023-09-14T16:54:45.924+0000] {dag.py:2726} INFO - Sync 1 DAGs
[2023-09-14T16:54:46.374+0000] {logging_mixin.py:149} INFO - [2023-09-14T16:54:46.374+0000] {dag.py:3490} INFO - Setting next_dagrun for example_sensor_decorator to None, run_after=None
[2023-09-14T16:54:46.633+0000] {processor.py:178} INFO - Processing /home/airflow/.local/lib/python3.7/site-packages/airflow/example_dags/example_sensor_decorator.py took 1.282 seconds
[2023-09-14T16:55:17.153+0000] {processor.py:156} INFO - Started process (PID=1928) to work on /home/airflow/.local/lib/python3.7/site-packages/airflow/example_dags/example_sensor_decorator.py
[2023-09-14T16:55:17.157+0000] {processor.py:799} INFO - Processing file /home/airflow/.local/lib/python3.7/site-packages/airflow/example_dags/example_sensor_decorator.py for tasks to queue
[2023-09-14T16:55:17.160+0000] {logging_mixin.py:149} INFO - [2023-09-14T16:55:17.160+0000] {dagbag.py:541} INFO - Filling up the DagBag from /home/airflow/.local/lib/python3.7/site-packages/airflow/example_dags/example_sensor_decorator.py
[2023-09-14T16:55:17.181+0000] {processor.py:809} INFO - DAG(s) dict_keys(['example_sensor_decorator']) retrieved from /home/airflow/.local/lib/python3.7/site-packages/airflow/example_dags/example_sensor_decorator.py
[2023-09-14T16:55:17.290+0000] {logging_mixin.py:149} INFO - [2023-09-14T16:55:17.289+0000] {dag.py:2726} INFO - Sync 1 DAGs
[2023-09-14T16:55:17.412+0000] {logging_mixin.py:149} INFO - [2023-09-14T16:55:17.411+0000] {dag.py:3490} INFO - Setting next_dagrun for example_sensor_decorator to None, run_after=None
[2023-09-14T16:55:17.493+0000] {processor.py:178} INFO - Processing /home/airflow/.local/lib/python3.7/site-packages/airflow/example_dags/example_sensor_decorator.py took 0.347 seconds
[2023-09-14T16:55:47.995+0000] {processor.py:156} INFO - Started process (PID=1994) to work on /home/airflow/.local/lib/python3.7/site-packages/airflow/example_dags/example_sensor_decorator.py
[2023-09-14T16:55:47.999+0000] {processor.py:799} INFO - Processing file /home/airflow/.local/lib/python3.7/site-packages/airflow/example_dags/example_sensor_decorator.py for tasks to queue
[2023-09-14T16:55:48.011+0000] {logging_mixin.py:149} INFO - [2023-09-14T16:55:48.004+0000] {dagbag.py:541} INFO - Filling up the DagBag from /home/airflow/.local/lib/python3.7/site-packages/airflow/example_dags/example_sensor_decorator.py
[2023-09-14T16:55:48.041+0000] {processor.py:809} INFO - DAG(s) dict_keys(['example_sensor_decorator']) retrieved from /home/airflow/.local/lib/python3.7/site-packages/airflow/example_dags/example_sensor_decorator.py
[2023-09-14T16:55:48.167+0000] {logging_mixin.py:149} INFO - [2023-09-14T16:55:48.166+0000] {dag.py:2726} INFO - Sync 1 DAGs
[2023-09-14T16:55:48.354+0000] {logging_mixin.py:149} INFO - [2023-09-14T16:55:48.353+0000] {dag.py:3490} INFO - Setting next_dagrun for example_sensor_decorator to None, run_after=None
[2023-09-14T16:55:48.476+0000] {processor.py:178} INFO - Processing /home/airflow/.local/lib/python3.7/site-packages/airflow/example_dags/example_sensor_decorator.py took 0.498 seconds
[2023-09-14T16:56:19.238+0000] {processor.py:156} INFO - Started process (PID=2059) to work on /home/airflow/.local/lib/python3.7/site-packages/airflow/example_dags/example_sensor_decorator.py
[2023-09-14T16:56:19.244+0000] {processor.py:799} INFO - Processing file /home/airflow/.local/lib/python3.7/site-packages/airflow/example_dags/example_sensor_decorator.py for tasks to queue
[2023-09-14T16:56:19.249+0000] {logging_mixin.py:149} INFO - [2023-09-14T16:56:19.249+0000] {dagbag.py:541} INFO - Filling up the DagBag from /home/airflow/.local/lib/python3.7/site-packages/airflow/example_dags/example_sensor_decorator.py
[2023-09-14T16:56:19.283+0000] {processor.py:809} INFO - DAG(s) dict_keys(['example_sensor_decorator']) retrieved from /home/airflow/.local/lib/python3.7/site-packages/airflow/example_dags/example_sensor_decorator.py
[2023-09-14T16:56:19.425+0000] {logging_mixin.py:149} INFO - [2023-09-14T16:56:19.424+0000] {dag.py:2726} INFO - Sync 1 DAGs
[2023-09-14T16:56:19.545+0000] {logging_mixin.py:149} INFO - [2023-09-14T16:56:19.545+0000] {dag.py:3490} INFO - Setting next_dagrun for example_sensor_decorator to None, run_after=None
[2023-09-14T16:56:19.643+0000] {processor.py:178} INFO - Processing /home/airflow/.local/lib/python3.7/site-packages/airflow/example_dags/example_sensor_decorator.py took 0.425 seconds
[2023-09-14T16:56:50.399+0000] {processor.py:156} INFO - Started process (PID=2124) to work on /home/airflow/.local/lib/python3.7/site-packages/airflow/example_dags/example_sensor_decorator.py
[2023-09-14T16:56:50.406+0000] {processor.py:799} INFO - Processing file /home/airflow/.local/lib/python3.7/site-packages/airflow/example_dags/example_sensor_decorator.py for tasks to queue
[2023-09-14T16:56:50.410+0000] {logging_mixin.py:149} INFO - [2023-09-14T16:56:50.409+0000] {dagbag.py:541} INFO - Filling up the DagBag from /home/airflow/.local/lib/python3.7/site-packages/airflow/example_dags/example_sensor_decorator.py
[2023-09-14T16:56:50.439+0000] {processor.py:809} INFO - DAG(s) dict_keys(['example_sensor_decorator']) retrieved from /home/airflow/.local/lib/python3.7/site-packages/airflow/example_dags/example_sensor_decorator.py
[2023-09-14T16:56:50.646+0000] {logging_mixin.py:149} INFO - [2023-09-14T16:56:50.645+0000] {dag.py:2726} INFO - Sync 1 DAGs
[2023-09-14T16:56:50.839+0000] {logging_mixin.py:149} INFO - [2023-09-14T16:56:50.838+0000] {dag.py:3490} INFO - Setting next_dagrun for example_sensor_decorator to None, run_after=None
[2023-09-14T16:56:51.013+0000] {processor.py:178} INFO - Processing /home/airflow/.local/lib/python3.7/site-packages/airflow/example_dags/example_sensor_decorator.py took 0.635 seconds
[2023-09-14T16:57:21.963+0000] {processor.py:156} INFO - Started process (PID=2190) to work on /home/airflow/.local/lib/python3.7/site-packages/airflow/example_dags/example_sensor_decorator.py
[2023-09-14T16:57:21.967+0000] {processor.py:799} INFO - Processing file /home/airflow/.local/lib/python3.7/site-packages/airflow/example_dags/example_sensor_decorator.py for tasks to queue
[2023-09-14T16:57:21.971+0000] {logging_mixin.py:149} INFO - [2023-09-14T16:57:21.970+0000] {dagbag.py:541} INFO - Filling up the DagBag from /home/airflow/.local/lib/python3.7/site-packages/airflow/example_dags/example_sensor_decorator.py
[2023-09-14T16:57:22.036+0000] {processor.py:809} INFO - DAG(s) dict_keys(['example_sensor_decorator']) retrieved from /home/airflow/.local/lib/python3.7/site-packages/airflow/example_dags/example_sensor_decorator.py
[2023-09-14T16:57:22.122+0000] {logging_mixin.py:149} INFO - [2023-09-14T16:57:22.121+0000] {dag.py:2726} INFO - Sync 1 DAGs
[2023-09-14T16:57:22.243+0000] {logging_mixin.py:149} INFO - [2023-09-14T16:57:22.242+0000] {dag.py:3490} INFO - Setting next_dagrun for example_sensor_decorator to None, run_after=None
[2023-09-14T16:57:22.360+0000] {processor.py:178} INFO - Processing /home/airflow/.local/lib/python3.7/site-packages/airflow/example_dags/example_sensor_decorator.py took 0.411 seconds
[2023-09-14T16:57:52.713+0000] {processor.py:156} INFO - Started process (PID=2257) to work on /home/airflow/.local/lib/python3.7/site-packages/airflow/example_dags/example_sensor_decorator.py
[2023-09-14T16:57:52.717+0000] {processor.py:799} INFO - Processing file /home/airflow/.local/lib/python3.7/site-packages/airflow/example_dags/example_sensor_decorator.py for tasks to queue
[2023-09-14T16:57:52.722+0000] {logging_mixin.py:149} INFO - [2023-09-14T16:57:52.721+0000] {dagbag.py:541} INFO - Filling up the DagBag from /home/airflow/.local/lib/python3.7/site-packages/airflow/example_dags/example_sensor_decorator.py
[2023-09-14T16:57:52.737+0000] {processor.py:809} INFO - DAG(s) dict_keys(['example_sensor_decorator']) retrieved from /home/airflow/.local/lib/python3.7/site-packages/airflow/example_dags/example_sensor_decorator.py
[2023-09-14T16:57:52.810+0000] {logging_mixin.py:149} INFO - [2023-09-14T16:57:52.809+0000] {dag.py:2726} INFO - Sync 1 DAGs
[2023-09-14T16:57:52.867+0000] {logging_mixin.py:149} INFO - [2023-09-14T16:57:52.867+0000] {dag.py:3490} INFO - Setting next_dagrun for example_sensor_decorator to None, run_after=None
[2023-09-14T16:57:52.926+0000] {processor.py:178} INFO - Processing /home/airflow/.local/lib/python3.7/site-packages/airflow/example_dags/example_sensor_decorator.py took 0.227 seconds
[2023-09-14T16:58:24.321+0000] {processor.py:156} INFO - Started process (PID=2330) to work on /home/airflow/.local/lib/python3.7/site-packages/airflow/example_dags/example_sensor_decorator.py
[2023-09-14T16:58:24.326+0000] {processor.py:799} INFO - Processing file /home/airflow/.local/lib/python3.7/site-packages/airflow/example_dags/example_sensor_decorator.py for tasks to queue
[2023-09-14T16:58:24.328+0000] {logging_mixin.py:149} INFO - [2023-09-14T16:58:24.328+0000] {dagbag.py:541} INFO - Filling up the DagBag from /home/airflow/.local/lib/python3.7/site-packages/airflow/example_dags/example_sensor_decorator.py
[2023-09-14T16:58:24.360+0000] {processor.py:809} INFO - DAG(s) dict_keys(['example_sensor_decorator']) retrieved from /home/airflow/.local/lib/python3.7/site-packages/airflow/example_dags/example_sensor_decorator.py
[2023-09-14T16:58:24.549+0000] {logging_mixin.py:149} INFO - [2023-09-14T16:58:24.548+0000] {dag.py:2726} INFO - Sync 1 DAGs
[2023-09-14T16:58:24.893+0000] {logging_mixin.py:149} INFO - [2023-09-14T16:58:24.892+0000] {dag.py:3490} INFO - Setting next_dagrun for example_sensor_decorator to None, run_after=None
[2023-09-14T16:58:25.031+0000] {processor.py:178} INFO - Processing /home/airflow/.local/lib/python3.7/site-packages/airflow/example_dags/example_sensor_decorator.py took 0.726 seconds
[2023-09-14T16:58:59.622+0000] {processor.py:156} INFO - Started process (PID=2388) to work on /home/airflow/.local/lib/python3.7/site-packages/airflow/example_dags/example_sensor_decorator.py
[2023-09-14T16:58:59.626+0000] {processor.py:799} INFO - Processing file /home/airflow/.local/lib/python3.7/site-packages/airflow/example_dags/example_sensor_decorator.py for tasks to queue
[2023-09-14T16:58:59.630+0000] {logging_mixin.py:149} INFO - [2023-09-14T16:58:59.629+0000] {dagbag.py:541} INFO - Filling up the DagBag from /home/airflow/.local/lib/python3.7/site-packages/airflow/example_dags/example_sensor_decorator.py
[2023-09-14T16:58:59.664+0000] {processor.py:809} INFO - DAG(s) dict_keys(['example_sensor_decorator']) retrieved from /home/airflow/.local/lib/python3.7/site-packages/airflow/example_dags/example_sensor_decorator.py
[2023-09-14T16:58:59.839+0000] {logging_mixin.py:149} INFO - [2023-09-14T16:58:59.838+0000] {dag.py:2726} INFO - Sync 1 DAGs
[2023-09-14T16:59:00.176+0000] {logging_mixin.py:149} INFO - [2023-09-14T16:59:00.176+0000] {dag.py:3490} INFO - Setting next_dagrun for example_sensor_decorator to None, run_after=None
[2023-09-14T16:59:00.248+0000] {processor.py:178} INFO - Processing /home/airflow/.local/lib/python3.7/site-packages/airflow/example_dags/example_sensor_decorator.py took 0.638 seconds
[2023-09-14T16:59:32.813+0000] {processor.py:156} INFO - Started process (PID=2452) to work on /home/airflow/.local/lib/python3.7/site-packages/airflow/example_dags/example_sensor_decorator.py
[2023-09-14T16:59:32.817+0000] {processor.py:799} INFO - Processing file /home/airflow/.local/lib/python3.7/site-packages/airflow/example_dags/example_sensor_decorator.py for tasks to queue
[2023-09-14T16:59:32.822+0000] {logging_mixin.py:149} INFO - [2023-09-14T16:59:32.821+0000] {dagbag.py:541} INFO - Filling up the DagBag from /home/airflow/.local/lib/python3.7/site-packages/airflow/example_dags/example_sensor_decorator.py
[2023-09-14T16:59:32.847+0000] {processor.py:809} INFO - DAG(s) dict_keys(['example_sensor_decorator']) retrieved from /home/airflow/.local/lib/python3.7/site-packages/airflow/example_dags/example_sensor_decorator.py
[2023-09-14T16:59:33.000+0000] {logging_mixin.py:149} INFO - [2023-09-14T16:59:32.999+0000] {dag.py:2726} INFO - Sync 1 DAGs
[2023-09-14T16:59:33.173+0000] {logging_mixin.py:149} INFO - [2023-09-14T16:59:33.172+0000] {dag.py:3490} INFO - Setting next_dagrun for example_sensor_decorator to None, run_after=None
[2023-09-14T16:59:33.293+0000] {processor.py:178} INFO - Processing /home/airflow/.local/lib/python3.7/site-packages/airflow/example_dags/example_sensor_decorator.py took 0.489 seconds
[2023-09-14T17:00:08.666+0000] {processor.py:156} INFO - Started process (PID=2517) to work on /home/airflow/.local/lib/python3.7/site-packages/airflow/example_dags/example_sensor_decorator.py
[2023-09-14T17:00:08.671+0000] {processor.py:799} INFO - Processing file /home/airflow/.local/lib/python3.7/site-packages/airflow/example_dags/example_sensor_decorator.py for tasks to queue
[2023-09-14T17:00:08.681+0000] {logging_mixin.py:149} INFO - [2023-09-14T17:00:08.681+0000] {dagbag.py:541} INFO - Filling up the DagBag from /home/airflow/.local/lib/python3.7/site-packages/airflow/example_dags/example_sensor_decorator.py
[2023-09-14T17:00:08.766+0000] {processor.py:809} INFO - DAG(s) dict_keys(['example_sensor_decorator']) retrieved from /home/airflow/.local/lib/python3.7/site-packages/airflow/example_dags/example_sensor_decorator.py
[2023-09-14T17:00:08.977+0000] {logging_mixin.py:149} INFO - [2023-09-14T17:00:08.976+0000] {dag.py:2726} INFO - Sync 1 DAGs
[2023-09-14T17:00:09.137+0000] {logging_mixin.py:149} INFO - [2023-09-14T17:00:09.136+0000] {dag.py:3490} INFO - Setting next_dagrun for example_sensor_decorator to None, run_after=None
[2023-09-14T17:00:09.259+0000] {processor.py:178} INFO - Processing /home/airflow/.local/lib/python3.7/site-packages/airflow/example_dags/example_sensor_decorator.py took 0.609 seconds
[2023-09-14T17:00:39.678+0000] {processor.py:156} INFO - Started process (PID=2581) to work on /home/airflow/.local/lib/python3.7/site-packages/airflow/example_dags/example_sensor_decorator.py
[2023-09-14T17:00:39.680+0000] {processor.py:799} INFO - Processing file /home/airflow/.local/lib/python3.7/site-packages/airflow/example_dags/example_sensor_decorator.py for tasks to queue
[2023-09-14T17:00:39.687+0000] {logging_mixin.py:149} INFO - [2023-09-14T17:00:39.685+0000] {dagbag.py:541} INFO - Filling up the DagBag from /home/airflow/.local/lib/python3.7/site-packages/airflow/example_dags/example_sensor_decorator.py
[2023-09-14T17:00:39.740+0000] {processor.py:809} INFO - DAG(s) dict_keys(['example_sensor_decorator']) retrieved from /home/airflow/.local/lib/python3.7/site-packages/airflow/example_dags/example_sensor_decorator.py
[2023-09-14T17:00:39.819+0000] {logging_mixin.py:149} INFO - [2023-09-14T17:00:39.818+0000] {dag.py:2726} INFO - Sync 1 DAGs
[2023-09-14T17:00:39.887+0000] {logging_mixin.py:149} INFO - [2023-09-14T17:00:39.887+0000] {dag.py:3490} INFO - Setting next_dagrun for example_sensor_decorator to None, run_after=None
[2023-09-14T17:00:39.940+0000] {processor.py:178} INFO - Processing /home/airflow/.local/lib/python3.7/site-packages/airflow/example_dags/example_sensor_decorator.py took 0.268 seconds
[2023-09-14T17:01:10.829+0000] {processor.py:156} INFO - Started process (PID=2645) to work on /home/airflow/.local/lib/python3.7/site-packages/airflow/example_dags/example_sensor_decorator.py
[2023-09-14T17:01:10.832+0000] {processor.py:799} INFO - Processing file /home/airflow/.local/lib/python3.7/site-packages/airflow/example_dags/example_sensor_decorator.py for tasks to queue
[2023-09-14T17:01:10.837+0000] {logging_mixin.py:149} INFO - [2023-09-14T17:01:10.836+0000] {dagbag.py:541} INFO - Filling up the DagBag from /home/airflow/.local/lib/python3.7/site-packages/airflow/example_dags/example_sensor_decorator.py
[2023-09-14T17:01:10.862+0000] {processor.py:809} INFO - DAG(s) dict_keys(['example_sensor_decorator']) retrieved from /home/airflow/.local/lib/python3.7/site-packages/airflow/example_dags/example_sensor_decorator.py
[2023-09-14T17:01:10.993+0000] {logging_mixin.py:149} INFO - [2023-09-14T17:01:10.992+0000] {dag.py:2726} INFO - Sync 1 DAGs
[2023-09-14T17:01:11.060+0000] {logging_mixin.py:149} INFO - [2023-09-14T17:01:11.060+0000] {dag.py:3490} INFO - Setting next_dagrun for example_sensor_decorator to None, run_after=None
[2023-09-14T17:01:11.158+0000] {processor.py:178} INFO - Processing /home/airflow/.local/lib/python3.7/site-packages/airflow/example_dags/example_sensor_decorator.py took 0.343 seconds
[2023-09-14T17:01:41.271+0000] {processor.py:156} INFO - Started process (PID=2708) to work on /home/airflow/.local/lib/python3.7/site-packages/airflow/example_dags/example_sensor_decorator.py
[2023-09-14T17:01:41.272+0000] {processor.py:799} INFO - Processing file /home/airflow/.local/lib/python3.7/site-packages/airflow/example_dags/example_sensor_decorator.py for tasks to queue
[2023-09-14T17:01:41.277+0000] {logging_mixin.py:149} INFO - [2023-09-14T17:01:41.276+0000] {dagbag.py:541} INFO - Filling up the DagBag from /home/airflow/.local/lib/python3.7/site-packages/airflow/example_dags/example_sensor_decorator.py
[2023-09-14T17:01:41.299+0000] {processor.py:809} INFO - DAG(s) dict_keys(['example_sensor_decorator']) retrieved from /home/airflow/.local/lib/python3.7/site-packages/airflow/example_dags/example_sensor_decorator.py
[2023-09-14T17:01:41.344+0000] {logging_mixin.py:149} INFO - [2023-09-14T17:01:41.343+0000] {dag.py:2726} INFO - Sync 1 DAGs
[2023-09-14T17:01:41.402+0000] {logging_mixin.py:149} INFO - [2023-09-14T17:01:41.401+0000] {dag.py:3490} INFO - Setting next_dagrun for example_sensor_decorator to None, run_after=None
[2023-09-14T17:01:41.457+0000] {processor.py:178} INFO - Processing /home/airflow/.local/lib/python3.7/site-packages/airflow/example_dags/example_sensor_decorator.py took 0.191 seconds
[2023-09-14T17:02:12.115+0000] {processor.py:156} INFO - Started process (PID=2773) to work on /home/airflow/.local/lib/python3.7/site-packages/airflow/example_dags/example_sensor_decorator.py
[2023-09-14T17:02:12.125+0000] {processor.py:799} INFO - Processing file /home/airflow/.local/lib/python3.7/site-packages/airflow/example_dags/example_sensor_decorator.py for tasks to queue
[2023-09-14T17:02:12.130+0000] {logging_mixin.py:149} INFO - [2023-09-14T17:02:12.130+0000] {dagbag.py:541} INFO - Filling up the DagBag from /home/airflow/.local/lib/python3.7/site-packages/airflow/example_dags/example_sensor_decorator.py
[2023-09-14T17:02:12.188+0000] {processor.py:809} INFO - DAG(s) dict_keys(['example_sensor_decorator']) retrieved from /home/airflow/.local/lib/python3.7/site-packages/airflow/example_dags/example_sensor_decorator.py
[2023-09-14T17:02:12.286+0000] {logging_mixin.py:149} INFO - [2023-09-14T17:02:12.286+0000] {dag.py:2726} INFO - Sync 1 DAGs
[2023-09-14T17:02:12.417+0000] {logging_mixin.py:149} INFO - [2023-09-14T17:02:12.417+0000] {dag.py:3490} INFO - Setting next_dagrun for example_sensor_decorator to None, run_after=None
[2023-09-14T17:02:12.495+0000] {processor.py:178} INFO - Processing /home/airflow/.local/lib/python3.7/site-packages/airflow/example_dags/example_sensor_decorator.py took 0.416 seconds
