[2023-09-14T16:10:27.208+0000] {processor.py:156} INFO - Started process (PID=66) to work on /home/airflow/.local/lib/python3.7/site-packages/airflow/example_dags/example_sensors.py
[2023-09-14T16:10:27.291+0000] {processor.py:799} INFO - Processing file /home/airflow/.local/lib/python3.7/site-packages/airflow/example_dags/example_sensors.py for tasks to queue
[2023-09-14T16:10:27.308+0000] {logging_mixin.py:149} INFO - [2023-09-14T16:10:27.306+0000] {dagbag.py:541} INFO - Filling up the DagBag from /home/airflow/.local/lib/python3.7/site-packages/airflow/example_dags/example_sensors.py
[2023-09-14T16:10:28.126+0000] {processor.py:809} INFO - DAG(s) dict_keys(['example_sensors']) retrieved from /home/airflow/.local/lib/python3.7/site-packages/airflow/example_dags/example_sensors.py
[2023-09-14T16:10:29.586+0000] {logging_mixin.py:149} INFO - [2023-09-14T16:10:29.585+0000] {dag.py:2726} INFO - Sync 1 DAGs
[2023-09-14T16:10:30.304+0000] {logging_mixin.py:149} INFO - [2023-09-14T16:10:30.303+0000] {dag.py:3490} INFO - Setting next_dagrun for example_sensors to None, run_after=None
[2023-09-14T16:10:30.703+0000] {processor.py:178} INFO - Processing /home/airflow/.local/lib/python3.7/site-packages/airflow/example_dags/example_sensors.py took 3.693 seconds
[2023-09-14T16:11:50.684+0000] {processor.py:156} INFO - Started process (PID=137) to work on /home/airflow/.local/lib/python3.7/site-packages/airflow/example_dags/example_sensors.py
[2023-09-14T16:11:50.691+0000] {processor.py:799} INFO - Processing file /home/airflow/.local/lib/python3.7/site-packages/airflow/example_dags/example_sensors.py for tasks to queue
[2023-09-14T16:11:50.698+0000] {logging_mixin.py:149} INFO - [2023-09-14T16:11:50.698+0000] {dagbag.py:541} INFO - Filling up the DagBag from /home/airflow/.local/lib/python3.7/site-packages/airflow/example_dags/example_sensors.py
[2023-09-14T16:11:50.759+0000] {processor.py:809} INFO - DAG(s) dict_keys(['example_sensors']) retrieved from /home/airflow/.local/lib/python3.7/site-packages/airflow/example_dags/example_sensors.py
[2023-09-14T16:11:50.887+0000] {logging_mixin.py:149} INFO - [2023-09-14T16:11:50.886+0000] {dag.py:2726} INFO - Sync 1 DAGs
[2023-09-14T16:11:51.367+0000] {logging_mixin.py:149} INFO - [2023-09-14T16:11:51.366+0000] {dag.py:3490} INFO - Setting next_dagrun for example_sensors to None, run_after=None
[2023-09-14T16:11:51.458+0000] {processor.py:178} INFO - Processing /home/airflow/.local/lib/python3.7/site-packages/airflow/example_dags/example_sensors.py took 0.793 seconds
[2023-09-14T16:12:28.592+0000] {processor.py:156} INFO - Started process (PID=203) to work on /home/airflow/.local/lib/python3.7/site-packages/airflow/example_dags/example_sensors.py
[2023-09-14T16:12:28.599+0000] {processor.py:799} INFO - Processing file /home/airflow/.local/lib/python3.7/site-packages/airflow/example_dags/example_sensors.py for tasks to queue
[2023-09-14T16:12:28.609+0000] {logging_mixin.py:149} INFO - [2023-09-14T16:12:28.608+0000] {dagbag.py:541} INFO - Filling up the DagBag from /home/airflow/.local/lib/python3.7/site-packages/airflow/example_dags/example_sensors.py
[2023-09-14T16:12:28.702+0000] {processor.py:809} INFO - DAG(s) dict_keys(['example_sensors']) retrieved from /home/airflow/.local/lib/python3.7/site-packages/airflow/example_dags/example_sensors.py
[2023-09-14T16:12:28.912+0000] {logging_mixin.py:149} INFO - [2023-09-14T16:12:28.911+0000] {dag.py:2726} INFO - Sync 1 DAGs
[2023-09-14T16:12:29.118+0000] {logging_mixin.py:149} INFO - [2023-09-14T16:12:29.117+0000] {dag.py:3490} INFO - Setting next_dagrun for example_sensors to None, run_after=None
[2023-09-14T16:12:29.242+0000] {processor.py:178} INFO - Processing /home/airflow/.local/lib/python3.7/site-packages/airflow/example_dags/example_sensors.py took 0.663 seconds
[2023-09-14T16:13:03.329+0000] {processor.py:156} INFO - Started process (PID=255) to work on /home/airflow/.local/lib/python3.7/site-packages/airflow/example_dags/example_sensors.py
[2023-09-14T16:13:03.333+0000] {processor.py:799} INFO - Processing file /home/airflow/.local/lib/python3.7/site-packages/airflow/example_dags/example_sensors.py for tasks to queue
[2023-09-14T16:13:03.338+0000] {logging_mixin.py:149} INFO - [2023-09-14T16:13:03.337+0000] {dagbag.py:541} INFO - Filling up the DagBag from /home/airflow/.local/lib/python3.7/site-packages/airflow/example_dags/example_sensors.py
[2023-09-14T16:13:03.448+0000] {processor.py:809} INFO - DAG(s) dict_keys(['example_sensors']) retrieved from /home/airflow/.local/lib/python3.7/site-packages/airflow/example_dags/example_sensors.py
[2023-09-14T16:13:03.661+0000] {logging_mixin.py:149} INFO - [2023-09-14T16:13:03.661+0000] {dag.py:2726} INFO - Sync 1 DAGs
[2023-09-14T16:13:03.976+0000] {logging_mixin.py:149} INFO - [2023-09-14T16:13:03.976+0000] {dag.py:3490} INFO - Setting next_dagrun for example_sensors to None, run_after=None
[2023-09-14T16:13:04.093+0000] {processor.py:178} INFO - Processing /home/airflow/.local/lib/python3.7/site-packages/airflow/example_dags/example_sensors.py took 0.783 seconds
[2023-09-14T16:13:41.963+0000] {processor.py:156} INFO - Started process (PID=316) to work on /home/airflow/.local/lib/python3.7/site-packages/airflow/example_dags/example_sensors.py
[2023-09-14T16:13:41.973+0000] {processor.py:799} INFO - Processing file /home/airflow/.local/lib/python3.7/site-packages/airflow/example_dags/example_sensors.py for tasks to queue
[2023-09-14T16:13:41.978+0000] {logging_mixin.py:149} INFO - [2023-09-14T16:13:41.977+0000] {dagbag.py:541} INFO - Filling up the DagBag from /home/airflow/.local/lib/python3.7/site-packages/airflow/example_dags/example_sensors.py
[2023-09-14T16:13:42.081+0000] {processor.py:809} INFO - DAG(s) dict_keys(['example_sensors']) retrieved from /home/airflow/.local/lib/python3.7/site-packages/airflow/example_dags/example_sensors.py
[2023-09-14T16:13:42.279+0000] {logging_mixin.py:149} INFO - [2023-09-14T16:13:42.279+0000] {dag.py:2726} INFO - Sync 1 DAGs
[2023-09-14T16:13:42.476+0000] {logging_mixin.py:149} INFO - [2023-09-14T16:13:42.471+0000] {dag.py:3490} INFO - Setting next_dagrun for example_sensors to None, run_after=None
[2023-09-14T16:13:42.590+0000] {processor.py:178} INFO - Processing /home/airflow/.local/lib/python3.7/site-packages/airflow/example_dags/example_sensors.py took 0.647 seconds
[2023-09-14T16:14:15.241+0000] {processor.py:156} INFO - Started process (PID=377) to work on /home/airflow/.local/lib/python3.7/site-packages/airflow/example_dags/example_sensors.py
[2023-09-14T16:14:15.256+0000] {processor.py:799} INFO - Processing file /home/airflow/.local/lib/python3.7/site-packages/airflow/example_dags/example_sensors.py for tasks to queue
[2023-09-14T16:14:15.273+0000] {logging_mixin.py:149} INFO - [2023-09-14T16:14:15.273+0000] {dagbag.py:541} INFO - Filling up the DagBag from /home/airflow/.local/lib/python3.7/site-packages/airflow/example_dags/example_sensors.py
[2023-09-14T16:14:15.358+0000] {processor.py:809} INFO - DAG(s) dict_keys(['example_sensors']) retrieved from /home/airflow/.local/lib/python3.7/site-packages/airflow/example_dags/example_sensors.py
[2023-09-14T16:14:15.618+0000] {logging_mixin.py:149} INFO - [2023-09-14T16:14:15.617+0000] {dag.py:2726} INFO - Sync 1 DAGs
[2023-09-14T16:14:15.849+0000] {logging_mixin.py:149} INFO - [2023-09-14T16:14:15.849+0000] {dag.py:3490} INFO - Setting next_dagrun for example_sensors to None, run_after=None
[2023-09-14T16:14:16.196+0000] {processor.py:178} INFO - Processing /home/airflow/.local/lib/python3.7/site-packages/airflow/example_dags/example_sensors.py took 0.991 seconds
[2023-09-14T16:14:46.905+0000] {processor.py:156} INFO - Started process (PID=439) to work on /home/airflow/.local/lib/python3.7/site-packages/airflow/example_dags/example_sensors.py
[2023-09-14T16:14:46.907+0000] {processor.py:799} INFO - Processing file /home/airflow/.local/lib/python3.7/site-packages/airflow/example_dags/example_sensors.py for tasks to queue
[2023-09-14T16:14:46.910+0000] {logging_mixin.py:149} INFO - [2023-09-14T16:14:46.910+0000] {dagbag.py:541} INFO - Filling up the DagBag from /home/airflow/.local/lib/python3.7/site-packages/airflow/example_dags/example_sensors.py
[2023-09-14T16:14:46.943+0000] {processor.py:809} INFO - DAG(s) dict_keys(['example_sensors']) retrieved from /home/airflow/.local/lib/python3.7/site-packages/airflow/example_dags/example_sensors.py
[2023-09-14T16:14:47.047+0000] {logging_mixin.py:149} INFO - [2023-09-14T16:14:47.046+0000] {dag.py:2726} INFO - Sync 1 DAGs
[2023-09-14T16:14:47.125+0000] {logging_mixin.py:149} INFO - [2023-09-14T16:14:47.125+0000] {dag.py:3490} INFO - Setting next_dagrun for example_sensors to None, run_after=None
[2023-09-14T16:14:47.194+0000] {processor.py:178} INFO - Processing /home/airflow/.local/lib/python3.7/site-packages/airflow/example_dags/example_sensors.py took 0.303 seconds
[2023-09-14T16:15:17.452+0000] {processor.py:156} INFO - Started process (PID=500) to work on /home/airflow/.local/lib/python3.7/site-packages/airflow/example_dags/example_sensors.py
[2023-09-14T16:15:17.455+0000] {processor.py:799} INFO - Processing file /home/airflow/.local/lib/python3.7/site-packages/airflow/example_dags/example_sensors.py for tasks to queue
[2023-09-14T16:15:17.458+0000] {logging_mixin.py:149} INFO - [2023-09-14T16:15:17.458+0000] {dagbag.py:541} INFO - Filling up the DagBag from /home/airflow/.local/lib/python3.7/site-packages/airflow/example_dags/example_sensors.py
[2023-09-14T16:15:17.507+0000] {processor.py:809} INFO - DAG(s) dict_keys(['example_sensors']) retrieved from /home/airflow/.local/lib/python3.7/site-packages/airflow/example_dags/example_sensors.py
[2023-09-14T16:15:17.603+0000] {logging_mixin.py:149} INFO - [2023-09-14T16:15:17.603+0000] {dag.py:2726} INFO - Sync 1 DAGs
[2023-09-14T16:15:17.697+0000] {logging_mixin.py:149} INFO - [2023-09-14T16:15:17.697+0000] {dag.py:3490} INFO - Setting next_dagrun for example_sensors to None, run_after=None
[2023-09-14T16:15:17.807+0000] {processor.py:178} INFO - Processing /home/airflow/.local/lib/python3.7/site-packages/airflow/example_dags/example_sensors.py took 0.362 seconds
[2023-09-14T16:15:48.356+0000] {processor.py:156} INFO - Started process (PID=561) to work on /home/airflow/.local/lib/python3.7/site-packages/airflow/example_dags/example_sensors.py
[2023-09-14T16:15:48.358+0000] {processor.py:799} INFO - Processing file /home/airflow/.local/lib/python3.7/site-packages/airflow/example_dags/example_sensors.py for tasks to queue
[2023-09-14T16:15:48.359+0000] {logging_mixin.py:149} INFO - [2023-09-14T16:15:48.359+0000] {dagbag.py:541} INFO - Filling up the DagBag from /home/airflow/.local/lib/python3.7/site-packages/airflow/example_dags/example_sensors.py
[2023-09-14T16:15:48.377+0000] {processor.py:809} INFO - DAG(s) dict_keys(['example_sensors']) retrieved from /home/airflow/.local/lib/python3.7/site-packages/airflow/example_dags/example_sensors.py
[2023-09-14T16:15:48.435+0000] {logging_mixin.py:149} INFO - [2023-09-14T16:15:48.434+0000] {dag.py:2726} INFO - Sync 1 DAGs
[2023-09-14T16:15:48.483+0000] {logging_mixin.py:149} INFO - [2023-09-14T16:15:48.482+0000] {dag.py:3490} INFO - Setting next_dagrun for example_sensors to None, run_after=None
[2023-09-14T16:15:48.528+0000] {processor.py:178} INFO - Processing /home/airflow/.local/lib/python3.7/site-packages/airflow/example_dags/example_sensors.py took 0.176 seconds
[2023-09-14T16:16:18.690+0000] {processor.py:156} INFO - Started process (PID=622) to work on /home/airflow/.local/lib/python3.7/site-packages/airflow/example_dags/example_sensors.py
[2023-09-14T16:16:18.693+0000] {processor.py:799} INFO - Processing file /home/airflow/.local/lib/python3.7/site-packages/airflow/example_dags/example_sensors.py for tasks to queue
[2023-09-14T16:16:18.697+0000] {logging_mixin.py:149} INFO - [2023-09-14T16:16:18.697+0000] {dagbag.py:541} INFO - Filling up the DagBag from /home/airflow/.local/lib/python3.7/site-packages/airflow/example_dags/example_sensors.py
[2023-09-14T16:16:18.717+0000] {processor.py:809} INFO - DAG(s) dict_keys(['example_sensors']) retrieved from /home/airflow/.local/lib/python3.7/site-packages/airflow/example_dags/example_sensors.py
[2023-09-14T16:16:18.778+0000] {logging_mixin.py:149} INFO - [2023-09-14T16:16:18.777+0000] {dag.py:2726} INFO - Sync 1 DAGs
[2023-09-14T16:16:18.832+0000] {logging_mixin.py:149} INFO - [2023-09-14T16:16:18.832+0000] {dag.py:3490} INFO - Setting next_dagrun for example_sensors to None, run_after=None
[2023-09-14T16:16:18.875+0000] {processor.py:178} INFO - Processing /home/airflow/.local/lib/python3.7/site-packages/airflow/example_dags/example_sensors.py took 0.190 seconds
[2023-09-14T16:16:49.807+0000] {processor.py:156} INFO - Started process (PID=683) to work on /home/airflow/.local/lib/python3.7/site-packages/airflow/example_dags/example_sensors.py
[2023-09-14T16:16:49.810+0000] {processor.py:799} INFO - Processing file /home/airflow/.local/lib/python3.7/site-packages/airflow/example_dags/example_sensors.py for tasks to queue
[2023-09-14T16:16:49.812+0000] {logging_mixin.py:149} INFO - [2023-09-14T16:16:49.812+0000] {dagbag.py:541} INFO - Filling up the DagBag from /home/airflow/.local/lib/python3.7/site-packages/airflow/example_dags/example_sensors.py
[2023-09-14T16:16:49.838+0000] {processor.py:809} INFO - DAG(s) dict_keys(['example_sensors']) retrieved from /home/airflow/.local/lib/python3.7/site-packages/airflow/example_dags/example_sensors.py
[2023-09-14T16:16:49.890+0000] {logging_mixin.py:149} INFO - [2023-09-14T16:16:49.890+0000] {dag.py:2726} INFO - Sync 1 DAGs
[2023-09-14T16:16:49.948+0000] {logging_mixin.py:149} INFO - [2023-09-14T16:16:49.947+0000] {dag.py:3490} INFO - Setting next_dagrun for example_sensors to None, run_after=None
[2023-09-14T16:16:50.006+0000] {processor.py:178} INFO - Processing /home/airflow/.local/lib/python3.7/site-packages/airflow/example_dags/example_sensors.py took 0.207 seconds
[2023-09-14T16:35:43.121+0000] {processor.py:156} INFO - Started process (PID=52) to work on /home/airflow/.local/lib/python3.7/site-packages/airflow/example_dags/example_sensors.py
[2023-09-14T16:35:43.461+0000] {processor.py:799} INFO - Processing file /home/airflow/.local/lib/python3.7/site-packages/airflow/example_dags/example_sensors.py for tasks to queue
[2023-09-14T16:35:43.647+0000] {logging_mixin.py:149} INFO - [2023-09-14T16:35:43.634+0000] {dagbag.py:541} INFO - Filling up the DagBag from /home/airflow/.local/lib/python3.7/site-packages/airflow/example_dags/example_sensors.py
[2023-09-14T16:35:44.110+0000] {processor.py:809} INFO - DAG(s) dict_keys(['example_sensors']) retrieved from /home/airflow/.local/lib/python3.7/site-packages/airflow/example_dags/example_sensors.py
[2023-09-14T16:35:44.842+0000] {logging_mixin.py:149} INFO - [2023-09-14T16:35:44.840+0000] {dag.py:2726} INFO - Sync 1 DAGs
[2023-09-14T16:35:45.751+0000] {logging_mixin.py:149} INFO - [2023-09-14T16:35:45.749+0000] {dag.py:3490} INFO - Setting next_dagrun for example_sensors to None, run_after=None
[2023-09-14T16:35:45.977+0000] {processor.py:178} INFO - Processing /home/airflow/.local/lib/python3.7/site-packages/airflow/example_dags/example_sensors.py took 3.016 seconds
[2023-09-14T16:36:34.436+0000] {processor.py:156} INFO - Started process (PID=120) to work on /home/airflow/.local/lib/python3.7/site-packages/airflow/example_dags/example_sensors.py
[2023-09-14T16:36:34.438+0000] {processor.py:799} INFO - Processing file /home/airflow/.local/lib/python3.7/site-packages/airflow/example_dags/example_sensors.py for tasks to queue
[2023-09-14T16:36:34.441+0000] {logging_mixin.py:149} INFO - [2023-09-14T16:36:34.441+0000] {dagbag.py:541} INFO - Filling up the DagBag from /home/airflow/.local/lib/python3.7/site-packages/airflow/example_dags/example_sensors.py
[2023-09-14T16:36:34.464+0000] {processor.py:809} INFO - DAG(s) dict_keys(['example_sensors']) retrieved from /home/airflow/.local/lib/python3.7/site-packages/airflow/example_dags/example_sensors.py
[2023-09-14T16:36:34.521+0000] {logging_mixin.py:149} INFO - [2023-09-14T16:36:34.521+0000] {dag.py:2726} INFO - Sync 1 DAGs
[2023-09-14T16:36:34.605+0000] {logging_mixin.py:149} INFO - [2023-09-14T16:36:34.605+0000] {dag.py:3490} INFO - Setting next_dagrun for example_sensors to None, run_after=None
[2023-09-14T16:36:34.906+0000] {processor.py:178} INFO - Processing /home/airflow/.local/lib/python3.7/site-packages/airflow/example_dags/example_sensors.py took 0.477 seconds
[2023-09-14T16:38:38.029+0000] {processor.py:156} INFO - Started process (PID=45) to work on /home/airflow/.local/lib/python3.7/site-packages/airflow/example_dags/example_sensors.py
[2023-09-14T16:38:38.047+0000] {processor.py:799} INFO - Processing file /home/airflow/.local/lib/python3.7/site-packages/airflow/example_dags/example_sensors.py for tasks to queue
[2023-09-14T16:38:38.065+0000] {logging_mixin.py:149} INFO - [2023-09-14T16:38:38.064+0000] {dagbag.py:541} INFO - Filling up the DagBag from /home/airflow/.local/lib/python3.7/site-packages/airflow/example_dags/example_sensors.py
[2023-09-14T16:38:38.152+0000] {processor.py:809} INFO - DAG(s) dict_keys(['example_sensors']) retrieved from /home/airflow/.local/lib/python3.7/site-packages/airflow/example_dags/example_sensors.py
[2023-09-14T16:38:38.453+0000] {logging_mixin.py:149} INFO - [2023-09-14T16:38:38.452+0000] {dag.py:2726} INFO - Sync 1 DAGs
[2023-09-14T16:38:38.735+0000] {logging_mixin.py:149} INFO - [2023-09-14T16:38:38.734+0000] {dag.py:3490} INFO - Setting next_dagrun for example_sensors to None, run_after=None
[2023-09-14T16:38:39.495+0000] {processor.py:178} INFO - Processing /home/airflow/.local/lib/python3.7/site-packages/airflow/example_dags/example_sensors.py took 1.473 seconds
[2023-09-14T16:39:35.222+0000] {processor.py:156} INFO - Started process (PID=112) to work on /home/airflow/.local/lib/python3.7/site-packages/airflow/example_dags/example_sensors.py
[2023-09-14T16:39:35.226+0000] {processor.py:799} INFO - Processing file /home/airflow/.local/lib/python3.7/site-packages/airflow/example_dags/example_sensors.py for tasks to queue
[2023-09-14T16:39:35.230+0000] {logging_mixin.py:149} INFO - [2023-09-14T16:39:35.229+0000] {dagbag.py:541} INFO - Filling up the DagBag from /home/airflow/.local/lib/python3.7/site-packages/airflow/example_dags/example_sensors.py
[2023-09-14T16:39:35.274+0000] {processor.py:809} INFO - DAG(s) dict_keys(['example_sensors']) retrieved from /home/airflow/.local/lib/python3.7/site-packages/airflow/example_dags/example_sensors.py
[2023-09-14T16:39:35.381+0000] {logging_mixin.py:149} INFO - [2023-09-14T16:39:35.381+0000] {dag.py:2726} INFO - Sync 1 DAGs
[2023-09-14T16:39:35.455+0000] {logging_mixin.py:149} INFO - [2023-09-14T16:39:35.454+0000] {dag.py:3490} INFO - Setting next_dagrun for example_sensors to None, run_after=None
[2023-09-14T16:39:35.892+0000] {processor.py:178} INFO - Processing /home/airflow/.local/lib/python3.7/site-packages/airflow/example_dags/example_sensors.py took 0.683 seconds
[2023-09-14T16:40:11.484+0000] {processor.py:156} INFO - Started process (PID=173) to work on /home/airflow/.local/lib/python3.7/site-packages/airflow/example_dags/example_sensors.py
[2023-09-14T16:40:11.487+0000] {processor.py:799} INFO - Processing file /home/airflow/.local/lib/python3.7/site-packages/airflow/example_dags/example_sensors.py for tasks to queue
[2023-09-14T16:40:11.490+0000] {logging_mixin.py:149} INFO - [2023-09-14T16:40:11.490+0000] {dagbag.py:541} INFO - Filling up the DagBag from /home/airflow/.local/lib/python3.7/site-packages/airflow/example_dags/example_sensors.py
[2023-09-14T16:40:11.526+0000] {processor.py:809} INFO - DAG(s) dict_keys(['example_sensors']) retrieved from /home/airflow/.local/lib/python3.7/site-packages/airflow/example_dags/example_sensors.py
[2023-09-14T16:40:11.894+0000] {logging_mixin.py:149} INFO - [2023-09-14T16:40:11.894+0000] {dag.py:2726} INFO - Sync 1 DAGs
[2023-09-14T16:40:11.965+0000] {logging_mixin.py:149} INFO - [2023-09-14T16:40:11.965+0000] {dag.py:3490} INFO - Setting next_dagrun for example_sensors to None, run_after=None
[2023-09-14T16:40:12.070+0000] {processor.py:178} INFO - Processing /home/airflow/.local/lib/python3.7/site-packages/airflow/example_dags/example_sensors.py took 0.596 seconds
[2023-09-14T16:40:42.710+0000] {processor.py:156} INFO - Started process (PID=234) to work on /home/airflow/.local/lib/python3.7/site-packages/airflow/example_dags/example_sensors.py
[2023-09-14T16:40:42.714+0000] {processor.py:799} INFO - Processing file /home/airflow/.local/lib/python3.7/site-packages/airflow/example_dags/example_sensors.py for tasks to queue
[2023-09-14T16:40:42.717+0000] {logging_mixin.py:149} INFO - [2023-09-14T16:40:42.716+0000] {dagbag.py:541} INFO - Filling up the DagBag from /home/airflow/.local/lib/python3.7/site-packages/airflow/example_dags/example_sensors.py
[2023-09-14T16:40:42.740+0000] {processor.py:809} INFO - DAG(s) dict_keys(['example_sensors']) retrieved from /home/airflow/.local/lib/python3.7/site-packages/airflow/example_dags/example_sensors.py
[2023-09-14T16:40:42.817+0000] {logging_mixin.py:149} INFO - [2023-09-14T16:40:42.817+0000] {dag.py:2726} INFO - Sync 1 DAGs
[2023-09-14T16:40:42.883+0000] {logging_mixin.py:149} INFO - [2023-09-14T16:40:42.883+0000] {dag.py:3490} INFO - Setting next_dagrun for example_sensors to None, run_after=None
[2023-09-14T16:40:42.956+0000] {processor.py:178} INFO - Processing /home/airflow/.local/lib/python3.7/site-packages/airflow/example_dags/example_sensors.py took 0.256 seconds
[2023-09-14T16:41:13.700+0000] {processor.py:156} INFO - Started process (PID=295) to work on /home/airflow/.local/lib/python3.7/site-packages/airflow/example_dags/example_sensors.py
[2023-09-14T16:41:13.702+0000] {processor.py:799} INFO - Processing file /home/airflow/.local/lib/python3.7/site-packages/airflow/example_dags/example_sensors.py for tasks to queue
[2023-09-14T16:41:13.704+0000] {logging_mixin.py:149} INFO - [2023-09-14T16:41:13.704+0000] {dagbag.py:541} INFO - Filling up the DagBag from /home/airflow/.local/lib/python3.7/site-packages/airflow/example_dags/example_sensors.py
[2023-09-14T16:41:13.729+0000] {processor.py:809} INFO - DAG(s) dict_keys(['example_sensors']) retrieved from /home/airflow/.local/lib/python3.7/site-packages/airflow/example_dags/example_sensors.py
[2023-09-14T16:41:13.794+0000] {logging_mixin.py:149} INFO - [2023-09-14T16:41:13.793+0000] {dag.py:2726} INFO - Sync 1 DAGs
[2023-09-14T16:41:13.848+0000] {logging_mixin.py:149} INFO - [2023-09-14T16:41:13.847+0000] {dag.py:3490} INFO - Setting next_dagrun for example_sensors to None, run_after=None
[2023-09-14T16:41:13.918+0000] {processor.py:178} INFO - Processing /home/airflow/.local/lib/python3.7/site-packages/airflow/example_dags/example_sensors.py took 0.223 seconds
[2023-09-14T16:41:44.290+0000] {processor.py:156} INFO - Started process (PID=363) to work on /home/airflow/.local/lib/python3.7/site-packages/airflow/example_dags/example_sensors.py
[2023-09-14T16:41:44.294+0000] {processor.py:799} INFO - Processing file /home/airflow/.local/lib/python3.7/site-packages/airflow/example_dags/example_sensors.py for tasks to queue
[2023-09-14T16:41:44.298+0000] {logging_mixin.py:149} INFO - [2023-09-14T16:41:44.298+0000] {dagbag.py:541} INFO - Filling up the DagBag from /home/airflow/.local/lib/python3.7/site-packages/airflow/example_dags/example_sensors.py
[2023-09-14T16:41:44.379+0000] {processor.py:809} INFO - DAG(s) dict_keys(['example_sensors']) retrieved from /home/airflow/.local/lib/python3.7/site-packages/airflow/example_dags/example_sensors.py
[2023-09-14T16:41:44.466+0000] {logging_mixin.py:149} INFO - [2023-09-14T16:41:44.465+0000] {dag.py:2726} INFO - Sync 1 DAGs
[2023-09-14T16:41:44.572+0000] {logging_mixin.py:149} INFO - [2023-09-14T16:41:44.572+0000] {dag.py:3490} INFO - Setting next_dagrun for example_sensors to None, run_after=None
[2023-09-14T16:41:44.666+0000] {processor.py:178} INFO - Processing /home/airflow/.local/lib/python3.7/site-packages/airflow/example_dags/example_sensors.py took 0.396 seconds
[2023-09-14T16:42:14.886+0000] {processor.py:156} INFO - Started process (PID=424) to work on /home/airflow/.local/lib/python3.7/site-packages/airflow/example_dags/example_sensors.py
[2023-09-14T16:42:14.891+0000] {processor.py:799} INFO - Processing file /home/airflow/.local/lib/python3.7/site-packages/airflow/example_dags/example_sensors.py for tasks to queue
[2023-09-14T16:42:14.894+0000] {logging_mixin.py:149} INFO - [2023-09-14T16:42:14.894+0000] {dagbag.py:541} INFO - Filling up the DagBag from /home/airflow/.local/lib/python3.7/site-packages/airflow/example_dags/example_sensors.py
[2023-09-14T16:42:14.946+0000] {processor.py:809} INFO - DAG(s) dict_keys(['example_sensors']) retrieved from /home/airflow/.local/lib/python3.7/site-packages/airflow/example_dags/example_sensors.py
[2023-09-14T16:42:15.069+0000] {logging_mixin.py:149} INFO - [2023-09-14T16:42:15.069+0000] {dag.py:2726} INFO - Sync 1 DAGs
[2023-09-14T16:42:15.176+0000] {logging_mixin.py:149} INFO - [2023-09-14T16:42:15.176+0000] {dag.py:3490} INFO - Setting next_dagrun for example_sensors to None, run_after=None
[2023-09-14T16:42:15.251+0000] {processor.py:178} INFO - Processing /home/airflow/.local/lib/python3.7/site-packages/airflow/example_dags/example_sensors.py took 0.375 seconds
[2023-09-14T16:42:46.600+0000] {processor.py:156} INFO - Started process (PID=486) to work on /home/airflow/.local/lib/python3.7/site-packages/airflow/example_dags/example_sensors.py
[2023-09-14T16:42:46.601+0000] {processor.py:799} INFO - Processing file /home/airflow/.local/lib/python3.7/site-packages/airflow/example_dags/example_sensors.py for tasks to queue
[2023-09-14T16:42:46.606+0000] {logging_mixin.py:149} INFO - [2023-09-14T16:42:46.605+0000] {dagbag.py:541} INFO - Filling up the DagBag from /home/airflow/.local/lib/python3.7/site-packages/airflow/example_dags/example_sensors.py
[2023-09-14T16:42:46.632+0000] {processor.py:809} INFO - DAG(s) dict_keys(['example_sensors']) retrieved from /home/airflow/.local/lib/python3.7/site-packages/airflow/example_dags/example_sensors.py
[2023-09-14T16:42:46.728+0000] {logging_mixin.py:149} INFO - [2023-09-14T16:42:46.728+0000] {dag.py:2726} INFO - Sync 1 DAGs
[2023-09-14T16:42:46.806+0000] {logging_mixin.py:149} INFO - [2023-09-14T16:42:46.805+0000] {dag.py:3490} INFO - Setting next_dagrun for example_sensors to None, run_after=None
[2023-09-14T16:42:46.855+0000] {processor.py:178} INFO - Processing /home/airflow/.local/lib/python3.7/site-packages/airflow/example_dags/example_sensors.py took 0.264 seconds
[2023-09-14T16:43:17.494+0000] {processor.py:156} INFO - Started process (PID=547) to work on /home/airflow/.local/lib/python3.7/site-packages/airflow/example_dags/example_sensors.py
[2023-09-14T16:43:17.497+0000] {processor.py:799} INFO - Processing file /home/airflow/.local/lib/python3.7/site-packages/airflow/example_dags/example_sensors.py for tasks to queue
[2023-09-14T16:43:17.504+0000] {logging_mixin.py:149} INFO - [2023-09-14T16:43:17.504+0000] {dagbag.py:541} INFO - Filling up the DagBag from /home/airflow/.local/lib/python3.7/site-packages/airflow/example_dags/example_sensors.py
[2023-09-14T16:43:17.524+0000] {processor.py:809} INFO - DAG(s) dict_keys(['example_sensors']) retrieved from /home/airflow/.local/lib/python3.7/site-packages/airflow/example_dags/example_sensors.py
[2023-09-14T16:43:17.581+0000] {logging_mixin.py:149} INFO - [2023-09-14T16:43:17.581+0000] {dag.py:2726} INFO - Sync 1 DAGs
[2023-09-14T16:43:17.633+0000] {logging_mixin.py:149} INFO - [2023-09-14T16:43:17.633+0000] {dag.py:3490} INFO - Setting next_dagrun for example_sensors to None, run_after=None
[2023-09-14T16:43:17.672+0000] {processor.py:178} INFO - Processing /home/airflow/.local/lib/python3.7/site-packages/airflow/example_dags/example_sensors.py took 0.185 seconds
[2023-09-14T16:43:49.116+0000] {processor.py:156} INFO - Started process (PID=608) to work on /home/airflow/.local/lib/python3.7/site-packages/airflow/example_dags/example_sensors.py
[2023-09-14T16:43:49.119+0000] {processor.py:799} INFO - Processing file /home/airflow/.local/lib/python3.7/site-packages/airflow/example_dags/example_sensors.py for tasks to queue
[2023-09-14T16:43:49.121+0000] {logging_mixin.py:149} INFO - [2023-09-14T16:43:49.121+0000] {dagbag.py:541} INFO - Filling up the DagBag from /home/airflow/.local/lib/python3.7/site-packages/airflow/example_dags/example_sensors.py
[2023-09-14T16:43:49.150+0000] {processor.py:809} INFO - DAG(s) dict_keys(['example_sensors']) retrieved from /home/airflow/.local/lib/python3.7/site-packages/airflow/example_dags/example_sensors.py
[2023-09-14T16:43:49.221+0000] {logging_mixin.py:149} INFO - [2023-09-14T16:43:49.220+0000] {dag.py:2726} INFO - Sync 1 DAGs
[2023-09-14T16:43:49.294+0000] {logging_mixin.py:149} INFO - [2023-09-14T16:43:49.294+0000] {dag.py:3490} INFO - Setting next_dagrun for example_sensors to None, run_after=None
[2023-09-14T16:43:49.355+0000] {processor.py:178} INFO - Processing /home/airflow/.local/lib/python3.7/site-packages/airflow/example_dags/example_sensors.py took 0.246 seconds
[2023-09-14T16:44:20.071+0000] {processor.py:156} INFO - Started process (PID=669) to work on /home/airflow/.local/lib/python3.7/site-packages/airflow/example_dags/example_sensors.py
[2023-09-14T16:44:20.074+0000] {processor.py:799} INFO - Processing file /home/airflow/.local/lib/python3.7/site-packages/airflow/example_dags/example_sensors.py for tasks to queue
[2023-09-14T16:44:20.080+0000] {logging_mixin.py:149} INFO - [2023-09-14T16:44:20.079+0000] {dagbag.py:541} INFO - Filling up the DagBag from /home/airflow/.local/lib/python3.7/site-packages/airflow/example_dags/example_sensors.py
[2023-09-14T16:44:20.142+0000] {processor.py:809} INFO - DAG(s) dict_keys(['example_sensors']) retrieved from /home/airflow/.local/lib/python3.7/site-packages/airflow/example_dags/example_sensors.py
[2023-09-14T16:44:20.277+0000] {logging_mixin.py:149} INFO - [2023-09-14T16:44:20.277+0000] {dag.py:2726} INFO - Sync 1 DAGs
[2023-09-14T16:44:20.340+0000] {logging_mixin.py:149} INFO - [2023-09-14T16:44:20.340+0000] {dag.py:3490} INFO - Setting next_dagrun for example_sensors to None, run_after=None
[2023-09-14T16:44:20.454+0000] {processor.py:178} INFO - Processing /home/airflow/.local/lib/python3.7/site-packages/airflow/example_dags/example_sensors.py took 0.388 seconds
[2023-09-14T16:44:51.083+0000] {processor.py:156} INFO - Started process (PID=722) to work on /home/airflow/.local/lib/python3.7/site-packages/airflow/example_dags/example_sensors.py
[2023-09-14T16:44:51.087+0000] {processor.py:799} INFO - Processing file /home/airflow/.local/lib/python3.7/site-packages/airflow/example_dags/example_sensors.py for tasks to queue
[2023-09-14T16:44:51.091+0000] {logging_mixin.py:149} INFO - [2023-09-14T16:44:51.091+0000] {dagbag.py:541} INFO - Filling up the DagBag from /home/airflow/.local/lib/python3.7/site-packages/airflow/example_dags/example_sensors.py
[2023-09-14T16:44:51.150+0000] {processor.py:809} INFO - DAG(s) dict_keys(['example_sensors']) retrieved from /home/airflow/.local/lib/python3.7/site-packages/airflow/example_dags/example_sensors.py
[2023-09-14T16:44:51.269+0000] {logging_mixin.py:149} INFO - [2023-09-14T16:44:51.269+0000] {dag.py:2726} INFO - Sync 1 DAGs
[2023-09-14T16:44:51.342+0000] {logging_mixin.py:149} INFO - [2023-09-14T16:44:51.341+0000] {dag.py:3490} INFO - Setting next_dagrun for example_sensors to None, run_after=None
[2023-09-14T16:44:51.394+0000] {processor.py:178} INFO - Processing /home/airflow/.local/lib/python3.7/site-packages/airflow/example_dags/example_sensors.py took 0.325 seconds
[2023-09-14T16:45:21.674+0000] {processor.py:156} INFO - Started process (PID=783) to work on /home/airflow/.local/lib/python3.7/site-packages/airflow/example_dags/example_sensors.py
[2023-09-14T16:45:21.676+0000] {processor.py:799} INFO - Processing file /home/airflow/.local/lib/python3.7/site-packages/airflow/example_dags/example_sensors.py for tasks to queue
[2023-09-14T16:45:21.678+0000] {logging_mixin.py:149} INFO - [2023-09-14T16:45:21.678+0000] {dagbag.py:541} INFO - Filling up the DagBag from /home/airflow/.local/lib/python3.7/site-packages/airflow/example_dags/example_sensors.py
[2023-09-14T16:45:21.700+0000] {processor.py:809} INFO - DAG(s) dict_keys(['example_sensors']) retrieved from /home/airflow/.local/lib/python3.7/site-packages/airflow/example_dags/example_sensors.py
[2023-09-14T16:45:21.763+0000] {logging_mixin.py:149} INFO - [2023-09-14T16:45:21.763+0000] {dag.py:2726} INFO - Sync 1 DAGs
[2023-09-14T16:45:21.811+0000] {logging_mixin.py:149} INFO - [2023-09-14T16:45:21.811+0000] {dag.py:3490} INFO - Setting next_dagrun for example_sensors to None, run_after=None
[2023-09-14T16:45:21.892+0000] {processor.py:178} INFO - Processing /home/airflow/.local/lib/python3.7/site-packages/airflow/example_dags/example_sensors.py took 0.228 seconds
[2023-09-14T16:45:52.483+0000] {processor.py:156} INFO - Started process (PID=844) to work on /home/airflow/.local/lib/python3.7/site-packages/airflow/example_dags/example_sensors.py
[2023-09-14T16:45:52.486+0000] {processor.py:799} INFO - Processing file /home/airflow/.local/lib/python3.7/site-packages/airflow/example_dags/example_sensors.py for tasks to queue
[2023-09-14T16:45:52.488+0000] {logging_mixin.py:149} INFO - [2023-09-14T16:45:52.488+0000] {dagbag.py:541} INFO - Filling up the DagBag from /home/airflow/.local/lib/python3.7/site-packages/airflow/example_dags/example_sensors.py
[2023-09-14T16:45:52.511+0000] {processor.py:809} INFO - DAG(s) dict_keys(['example_sensors']) retrieved from /home/airflow/.local/lib/python3.7/site-packages/airflow/example_dags/example_sensors.py
[2023-09-14T16:45:52.589+0000] {logging_mixin.py:149} INFO - [2023-09-14T16:45:52.588+0000] {dag.py:2726} INFO - Sync 1 DAGs
[2023-09-14T16:45:52.648+0000] {logging_mixin.py:149} INFO - [2023-09-14T16:45:52.647+0000] {dag.py:3490} INFO - Setting next_dagrun for example_sensors to None, run_after=None
[2023-09-14T16:45:52.697+0000] {processor.py:178} INFO - Processing /home/airflow/.local/lib/python3.7/site-packages/airflow/example_dags/example_sensors.py took 0.223 seconds
[2023-09-14T16:46:23.951+0000] {processor.py:156} INFO - Started process (PID=905) to work on /home/airflow/.local/lib/python3.7/site-packages/airflow/example_dags/example_sensors.py
[2023-09-14T16:46:23.963+0000] {processor.py:799} INFO - Processing file /home/airflow/.local/lib/python3.7/site-packages/airflow/example_dags/example_sensors.py for tasks to queue
[2023-09-14T16:46:23.969+0000] {logging_mixin.py:149} INFO - [2023-09-14T16:46:23.968+0000] {dagbag.py:541} INFO - Filling up the DagBag from /home/airflow/.local/lib/python3.7/site-packages/airflow/example_dags/example_sensors.py
[2023-09-14T16:46:24.041+0000] {processor.py:809} INFO - DAG(s) dict_keys(['example_sensors']) retrieved from /home/airflow/.local/lib/python3.7/site-packages/airflow/example_dags/example_sensors.py
[2023-09-14T16:46:24.181+0000] {logging_mixin.py:149} INFO - [2023-09-14T16:46:24.181+0000] {dag.py:2726} INFO - Sync 1 DAGs
[2023-09-14T16:46:24.296+0000] {logging_mixin.py:149} INFO - [2023-09-14T16:46:24.295+0000] {dag.py:3490} INFO - Setting next_dagrun for example_sensors to None, run_after=None
[2023-09-14T16:46:24.394+0000] {processor.py:178} INFO - Processing /home/airflow/.local/lib/python3.7/site-packages/airflow/example_dags/example_sensors.py took 0.463 seconds
[2023-09-14T16:46:55.160+0000] {processor.py:156} INFO - Started process (PID=966) to work on /home/airflow/.local/lib/python3.7/site-packages/airflow/example_dags/example_sensors.py
[2023-09-14T16:46:55.164+0000] {processor.py:799} INFO - Processing file /home/airflow/.local/lib/python3.7/site-packages/airflow/example_dags/example_sensors.py for tasks to queue
[2023-09-14T16:46:55.167+0000] {logging_mixin.py:149} INFO - [2023-09-14T16:46:55.166+0000] {dagbag.py:541} INFO - Filling up the DagBag from /home/airflow/.local/lib/python3.7/site-packages/airflow/example_dags/example_sensors.py
[2023-09-14T16:46:55.201+0000] {processor.py:809} INFO - DAG(s) dict_keys(['example_sensors']) retrieved from /home/airflow/.local/lib/python3.7/site-packages/airflow/example_dags/example_sensors.py
[2023-09-14T16:46:55.297+0000] {logging_mixin.py:149} INFO - [2023-09-14T16:46:55.297+0000] {dag.py:2726} INFO - Sync 1 DAGs
[2023-09-14T16:46:55.384+0000] {logging_mixin.py:149} INFO - [2023-09-14T16:46:55.383+0000] {dag.py:3490} INFO - Setting next_dagrun for example_sensors to None, run_after=None
[2023-09-14T16:46:55.572+0000] {processor.py:178} INFO - Processing /home/airflow/.local/lib/python3.7/site-packages/airflow/example_dags/example_sensors.py took 0.422 seconds
[2023-09-14T16:47:25.710+0000] {processor.py:156} INFO - Started process (PID=1026) to work on /home/airflow/.local/lib/python3.7/site-packages/airflow/example_dags/example_sensors.py
[2023-09-14T16:47:25.715+0000] {processor.py:799} INFO - Processing file /home/airflow/.local/lib/python3.7/site-packages/airflow/example_dags/example_sensors.py for tasks to queue
[2023-09-14T16:47:25.727+0000] {logging_mixin.py:149} INFO - [2023-09-14T16:47:25.720+0000] {dagbag.py:541} INFO - Filling up the DagBag from /home/airflow/.local/lib/python3.7/site-packages/airflow/example_dags/example_sensors.py
[2023-09-14T16:47:25.776+0000] {processor.py:809} INFO - DAG(s) dict_keys(['example_sensors']) retrieved from /home/airflow/.local/lib/python3.7/site-packages/airflow/example_dags/example_sensors.py
[2023-09-14T16:47:25.874+0000] {logging_mixin.py:149} INFO - [2023-09-14T16:47:25.873+0000] {dag.py:2726} INFO - Sync 1 DAGs
[2023-09-14T16:47:25.994+0000] {logging_mixin.py:149} INFO - [2023-09-14T16:47:25.993+0000] {dag.py:3490} INFO - Setting next_dagrun for example_sensors to None, run_after=None
[2023-09-14T16:47:26.099+0000] {processor.py:178} INFO - Processing /home/airflow/.local/lib/python3.7/site-packages/airflow/example_dags/example_sensors.py took 0.405 seconds
[2023-09-14T16:47:56.793+0000] {processor.py:156} INFO - Started process (PID=1087) to work on /home/airflow/.local/lib/python3.7/site-packages/airflow/example_dags/example_sensors.py
[2023-09-14T16:47:56.798+0000] {processor.py:799} INFO - Processing file /home/airflow/.local/lib/python3.7/site-packages/airflow/example_dags/example_sensors.py for tasks to queue
[2023-09-14T16:47:56.803+0000] {logging_mixin.py:149} INFO - [2023-09-14T16:47:56.802+0000] {dagbag.py:541} INFO - Filling up the DagBag from /home/airflow/.local/lib/python3.7/site-packages/airflow/example_dags/example_sensors.py
[2023-09-14T16:47:56.844+0000] {processor.py:809} INFO - DAG(s) dict_keys(['example_sensors']) retrieved from /home/airflow/.local/lib/python3.7/site-packages/airflow/example_dags/example_sensors.py
[2023-09-14T16:47:56.922+0000] {logging_mixin.py:149} INFO - [2023-09-14T16:47:56.921+0000] {dag.py:2726} INFO - Sync 1 DAGs
[2023-09-14T16:47:56.999+0000] {logging_mixin.py:149} INFO - [2023-09-14T16:47:56.998+0000] {dag.py:3490} INFO - Setting next_dagrun for example_sensors to None, run_after=None
[2023-09-14T16:47:57.057+0000] {processor.py:178} INFO - Processing /home/airflow/.local/lib/python3.7/site-packages/airflow/example_dags/example_sensors.py took 0.282 seconds
[2023-09-14T16:48:27.317+0000] {processor.py:156} INFO - Started process (PID=1148) to work on /home/airflow/.local/lib/python3.7/site-packages/airflow/example_dags/example_sensors.py
[2023-09-14T16:48:27.321+0000] {processor.py:799} INFO - Processing file /home/airflow/.local/lib/python3.7/site-packages/airflow/example_dags/example_sensors.py for tasks to queue
[2023-09-14T16:48:27.325+0000] {logging_mixin.py:149} INFO - [2023-09-14T16:48:27.324+0000] {dagbag.py:541} INFO - Filling up the DagBag from /home/airflow/.local/lib/python3.7/site-packages/airflow/example_dags/example_sensors.py
[2023-09-14T16:48:27.358+0000] {processor.py:809} INFO - DAG(s) dict_keys(['example_sensors']) retrieved from /home/airflow/.local/lib/python3.7/site-packages/airflow/example_dags/example_sensors.py
[2023-09-14T16:48:27.440+0000] {logging_mixin.py:149} INFO - [2023-09-14T16:48:27.440+0000] {dag.py:2726} INFO - Sync 1 DAGs
[2023-09-14T16:48:27.509+0000] {logging_mixin.py:149} INFO - [2023-09-14T16:48:27.509+0000] {dag.py:3490} INFO - Setting next_dagrun for example_sensors to None, run_after=None
[2023-09-14T16:48:27.615+0000] {processor.py:178} INFO - Processing /home/airflow/.local/lib/python3.7/site-packages/airflow/example_dags/example_sensors.py took 0.306 seconds
[2023-09-14T16:48:57.998+0000] {processor.py:156} INFO - Started process (PID=1209) to work on /home/airflow/.local/lib/python3.7/site-packages/airflow/example_dags/example_sensors.py
[2023-09-14T16:48:58.000+0000] {processor.py:799} INFO - Processing file /home/airflow/.local/lib/python3.7/site-packages/airflow/example_dags/example_sensors.py for tasks to queue
[2023-09-14T16:48:58.003+0000] {logging_mixin.py:149} INFO - [2023-09-14T16:48:58.003+0000] {dagbag.py:541} INFO - Filling up the DagBag from /home/airflow/.local/lib/python3.7/site-packages/airflow/example_dags/example_sensors.py
[2023-09-14T16:48:58.048+0000] {processor.py:809} INFO - DAG(s) dict_keys(['example_sensors']) retrieved from /home/airflow/.local/lib/python3.7/site-packages/airflow/example_dags/example_sensors.py
[2023-09-14T16:48:58.137+0000] {logging_mixin.py:149} INFO - [2023-09-14T16:48:58.136+0000] {dag.py:2726} INFO - Sync 1 DAGs
[2023-09-14T16:48:58.232+0000] {logging_mixin.py:149} INFO - [2023-09-14T16:48:58.232+0000] {dag.py:3490} INFO - Setting next_dagrun for example_sensors to None, run_after=None
[2023-09-14T16:48:58.349+0000] {processor.py:178} INFO - Processing /home/airflow/.local/lib/python3.7/site-packages/airflow/example_dags/example_sensors.py took 0.358 seconds
[2023-09-14T16:49:28.666+0000] {processor.py:156} INFO - Started process (PID=1270) to work on /home/airflow/.local/lib/python3.7/site-packages/airflow/example_dags/example_sensors.py
[2023-09-14T16:49:28.669+0000] {processor.py:799} INFO - Processing file /home/airflow/.local/lib/python3.7/site-packages/airflow/example_dags/example_sensors.py for tasks to queue
[2023-09-14T16:49:28.673+0000] {logging_mixin.py:149} INFO - [2023-09-14T16:49:28.672+0000] {dagbag.py:541} INFO - Filling up the DagBag from /home/airflow/.local/lib/python3.7/site-packages/airflow/example_dags/example_sensors.py
[2023-09-14T16:49:28.710+0000] {processor.py:809} INFO - DAG(s) dict_keys(['example_sensors']) retrieved from /home/airflow/.local/lib/python3.7/site-packages/airflow/example_dags/example_sensors.py
[2023-09-14T16:49:28.780+0000] {logging_mixin.py:149} INFO - [2023-09-14T16:49:28.780+0000] {dag.py:2726} INFO - Sync 1 DAGs
[2023-09-14T16:49:28.858+0000] {logging_mixin.py:149} INFO - [2023-09-14T16:49:28.858+0000] {dag.py:3490} INFO - Setting next_dagrun for example_sensors to None, run_after=None
[2023-09-14T16:49:28.949+0000] {processor.py:178} INFO - Processing /home/airflow/.local/lib/python3.7/site-packages/airflow/example_dags/example_sensors.py took 0.292 seconds
[2023-09-14T16:49:59.608+0000] {processor.py:156} INFO - Started process (PID=1331) to work on /home/airflow/.local/lib/python3.7/site-packages/airflow/example_dags/example_sensors.py
[2023-09-14T16:49:59.612+0000] {processor.py:799} INFO - Processing file /home/airflow/.local/lib/python3.7/site-packages/airflow/example_dags/example_sensors.py for tasks to queue
[2023-09-14T16:49:59.615+0000] {logging_mixin.py:149} INFO - [2023-09-14T16:49:59.615+0000] {dagbag.py:541} INFO - Filling up the DagBag from /home/airflow/.local/lib/python3.7/site-packages/airflow/example_dags/example_sensors.py
[2023-09-14T16:49:59.655+0000] {processor.py:809} INFO - DAG(s) dict_keys(['example_sensors']) retrieved from /home/airflow/.local/lib/python3.7/site-packages/airflow/example_dags/example_sensors.py
[2023-09-14T16:49:59.767+0000] {logging_mixin.py:149} INFO - [2023-09-14T16:49:59.767+0000] {dag.py:2726} INFO - Sync 1 DAGs
[2023-09-14T16:49:59.859+0000] {logging_mixin.py:149} INFO - [2023-09-14T16:49:59.858+0000] {dag.py:3490} INFO - Setting next_dagrun for example_sensors to None, run_after=None
[2023-09-14T16:49:59.964+0000] {processor.py:178} INFO - Processing /home/airflow/.local/lib/python3.7/site-packages/airflow/example_dags/example_sensors.py took 0.369 seconds
[2023-09-14T16:50:30.972+0000] {processor.py:156} INFO - Started process (PID=1392) to work on /home/airflow/.local/lib/python3.7/site-packages/airflow/example_dags/example_sensors.py
[2023-09-14T16:50:30.979+0000] {processor.py:799} INFO - Processing file /home/airflow/.local/lib/python3.7/site-packages/airflow/example_dags/example_sensors.py for tasks to queue
[2023-09-14T16:50:30.984+0000] {logging_mixin.py:149} INFO - [2023-09-14T16:50:30.983+0000] {dagbag.py:541} INFO - Filling up the DagBag from /home/airflow/.local/lib/python3.7/site-packages/airflow/example_dags/example_sensors.py
[2023-09-14T16:50:31.055+0000] {processor.py:809} INFO - DAG(s) dict_keys(['example_sensors']) retrieved from /home/airflow/.local/lib/python3.7/site-packages/airflow/example_dags/example_sensors.py
[2023-09-14T16:50:31.236+0000] {logging_mixin.py:149} INFO - [2023-09-14T16:50:31.236+0000] {dag.py:2726} INFO - Sync 1 DAGs
[2023-09-14T16:50:31.389+0000] {logging_mixin.py:149} INFO - [2023-09-14T16:50:31.389+0000] {dag.py:3490} INFO - Setting next_dagrun for example_sensors to None, run_after=None
[2023-09-14T16:50:31.476+0000] {processor.py:178} INFO - Processing /home/airflow/.local/lib/python3.7/site-packages/airflow/example_dags/example_sensors.py took 0.520 seconds
[2023-09-14T16:51:01.845+0000] {processor.py:156} INFO - Started process (PID=1452) to work on /home/airflow/.local/lib/python3.7/site-packages/airflow/example_dags/example_sensors.py
[2023-09-14T16:51:01.851+0000] {processor.py:799} INFO - Processing file /home/airflow/.local/lib/python3.7/site-packages/airflow/example_dags/example_sensors.py for tasks to queue
[2023-09-14T16:51:01.854+0000] {logging_mixin.py:149} INFO - [2023-09-14T16:51:01.854+0000] {dagbag.py:541} INFO - Filling up the DagBag from /home/airflow/.local/lib/python3.7/site-packages/airflow/example_dags/example_sensors.py
[2023-09-14T16:51:01.878+0000] {processor.py:809} INFO - DAG(s) dict_keys(['example_sensors']) retrieved from /home/airflow/.local/lib/python3.7/site-packages/airflow/example_dags/example_sensors.py
[2023-09-14T16:51:01.940+0000] {logging_mixin.py:149} INFO - [2023-09-14T16:51:01.939+0000] {dag.py:2726} INFO - Sync 1 DAGs
[2023-09-14T16:51:02.037+0000] {logging_mixin.py:149} INFO - [2023-09-14T16:51:02.037+0000] {dag.py:3490} INFO - Setting next_dagrun for example_sensors to None, run_after=None
[2023-09-14T16:51:02.092+0000] {processor.py:178} INFO - Processing /home/airflow/.local/lib/python3.7/site-packages/airflow/example_dags/example_sensors.py took 0.255 seconds
[2023-09-14T16:51:32.205+0000] {processor.py:156} INFO - Started process (PID=1513) to work on /home/airflow/.local/lib/python3.7/site-packages/airflow/example_dags/example_sensors.py
[2023-09-14T16:51:32.207+0000] {processor.py:799} INFO - Processing file /home/airflow/.local/lib/python3.7/site-packages/airflow/example_dags/example_sensors.py for tasks to queue
[2023-09-14T16:51:32.209+0000] {logging_mixin.py:149} INFO - [2023-09-14T16:51:32.209+0000] {dagbag.py:541} INFO - Filling up the DagBag from /home/airflow/.local/lib/python3.7/site-packages/airflow/example_dags/example_sensors.py
[2023-09-14T16:51:32.244+0000] {processor.py:809} INFO - DAG(s) dict_keys(['example_sensors']) retrieved from /home/airflow/.local/lib/python3.7/site-packages/airflow/example_dags/example_sensors.py
[2023-09-14T16:51:32.360+0000] {logging_mixin.py:149} INFO - [2023-09-14T16:51:32.360+0000] {dag.py:2726} INFO - Sync 1 DAGs
[2023-09-14T16:51:32.429+0000] {logging_mixin.py:149} INFO - [2023-09-14T16:51:32.429+0000] {dag.py:3490} INFO - Setting next_dagrun for example_sensors to None, run_after=None
[2023-09-14T16:51:32.475+0000] {processor.py:178} INFO - Processing /home/airflow/.local/lib/python3.7/site-packages/airflow/example_dags/example_sensors.py took 0.276 seconds
[2023-09-14T16:52:02.652+0000] {processor.py:156} INFO - Started process (PID=1575) to work on /home/airflow/.local/lib/python3.7/site-packages/airflow/example_dags/example_sensors.py
[2023-09-14T16:52:02.656+0000] {processor.py:799} INFO - Processing file /home/airflow/.local/lib/python3.7/site-packages/airflow/example_dags/example_sensors.py for tasks to queue
[2023-09-14T16:52:02.661+0000] {logging_mixin.py:149} INFO - [2023-09-14T16:52:02.661+0000] {dagbag.py:541} INFO - Filling up the DagBag from /home/airflow/.local/lib/python3.7/site-packages/airflow/example_dags/example_sensors.py
[2023-09-14T16:52:02.694+0000] {processor.py:809} INFO - DAG(s) dict_keys(['example_sensors']) retrieved from /home/airflow/.local/lib/python3.7/site-packages/airflow/example_dags/example_sensors.py
[2023-09-14T16:52:02.778+0000] {logging_mixin.py:149} INFO - [2023-09-14T16:52:02.778+0000] {dag.py:2726} INFO - Sync 1 DAGs
[2023-09-14T16:52:02.849+0000] {logging_mixin.py:149} INFO - [2023-09-14T16:52:02.848+0000] {dag.py:3490} INFO - Setting next_dagrun for example_sensors to None, run_after=None
[2023-09-14T16:52:02.935+0000] {processor.py:178} INFO - Processing /home/airflow/.local/lib/python3.7/site-packages/airflow/example_dags/example_sensors.py took 0.292 seconds
[2023-09-14T16:52:33.555+0000] {processor.py:156} INFO - Started process (PID=1636) to work on /home/airflow/.local/lib/python3.7/site-packages/airflow/example_dags/example_sensors.py
[2023-09-14T16:52:33.559+0000] {processor.py:799} INFO - Processing file /home/airflow/.local/lib/python3.7/site-packages/airflow/example_dags/example_sensors.py for tasks to queue
[2023-09-14T16:52:33.562+0000] {logging_mixin.py:149} INFO - [2023-09-14T16:52:33.561+0000] {dagbag.py:541} INFO - Filling up the DagBag from /home/airflow/.local/lib/python3.7/site-packages/airflow/example_dags/example_sensors.py
[2023-09-14T16:52:33.591+0000] {processor.py:809} INFO - DAG(s) dict_keys(['example_sensors']) retrieved from /home/airflow/.local/lib/python3.7/site-packages/airflow/example_dags/example_sensors.py
[2023-09-14T16:52:33.678+0000] {logging_mixin.py:149} INFO - [2023-09-14T16:52:33.678+0000] {dag.py:2726} INFO - Sync 1 DAGs
[2023-09-14T16:52:33.767+0000] {logging_mixin.py:149} INFO - [2023-09-14T16:52:33.767+0000] {dag.py:3490} INFO - Setting next_dagrun for example_sensors to None, run_after=None
[2023-09-14T16:52:33.876+0000] {processor.py:178} INFO - Processing /home/airflow/.local/lib/python3.7/site-packages/airflow/example_dags/example_sensors.py took 0.327 seconds
[2023-09-14T16:53:04.018+0000] {processor.py:156} INFO - Started process (PID=1697) to work on /home/airflow/.local/lib/python3.7/site-packages/airflow/example_dags/example_sensors.py
[2023-09-14T16:53:04.023+0000] {processor.py:799} INFO - Processing file /home/airflow/.local/lib/python3.7/site-packages/airflow/example_dags/example_sensors.py for tasks to queue
[2023-09-14T16:53:04.025+0000] {logging_mixin.py:149} INFO - [2023-09-14T16:53:04.025+0000] {dagbag.py:541} INFO - Filling up the DagBag from /home/airflow/.local/lib/python3.7/site-packages/airflow/example_dags/example_sensors.py
[2023-09-14T16:53:04.066+0000] {processor.py:809} INFO - DAG(s) dict_keys(['example_sensors']) retrieved from /home/airflow/.local/lib/python3.7/site-packages/airflow/example_dags/example_sensors.py
[2023-09-14T16:53:04.215+0000] {logging_mixin.py:149} INFO - [2023-09-14T16:53:04.214+0000] {dag.py:2726} INFO - Sync 1 DAGs
[2023-09-14T16:53:04.297+0000] {logging_mixin.py:149} INFO - [2023-09-14T16:53:04.296+0000] {dag.py:3490} INFO - Setting next_dagrun for example_sensors to None, run_after=None
[2023-09-14T16:53:04.426+0000] {processor.py:178} INFO - Processing /home/airflow/.local/lib/python3.7/site-packages/airflow/example_dags/example_sensors.py took 0.416 seconds
[2023-09-14T16:53:42.463+0000] {processor.py:156} INFO - Started process (PID=1764) to work on /home/airflow/.local/lib/python3.7/site-packages/airflow/example_dags/example_sensors.py
[2023-09-14T16:53:42.467+0000] {processor.py:799} INFO - Processing file /home/airflow/.local/lib/python3.7/site-packages/airflow/example_dags/example_sensors.py for tasks to queue
[2023-09-14T16:53:42.469+0000] {logging_mixin.py:149} INFO - [2023-09-14T16:53:42.469+0000] {dagbag.py:541} INFO - Filling up the DagBag from /home/airflow/.local/lib/python3.7/site-packages/airflow/example_dags/example_sensors.py
[2023-09-14T16:53:42.520+0000] {processor.py:809} INFO - DAG(s) dict_keys(['example_sensors']) retrieved from /home/airflow/.local/lib/python3.7/site-packages/airflow/example_dags/example_sensors.py
[2023-09-14T16:53:42.669+0000] {logging_mixin.py:149} INFO - [2023-09-14T16:53:42.669+0000] {dag.py:2726} INFO - Sync 1 DAGs
[2023-09-14T16:53:42.778+0000] {logging_mixin.py:149} INFO - [2023-09-14T16:53:42.777+0000] {dag.py:3490} INFO - Setting next_dagrun for example_sensors to None, run_after=None
[2023-09-14T16:53:42.874+0000] {processor.py:178} INFO - Processing /home/airflow/.local/lib/python3.7/site-packages/airflow/example_dags/example_sensors.py took 0.429 seconds
[2023-09-14T16:54:19.265+0000] {processor.py:156} INFO - Started process (PID=1829) to work on /home/airflow/.local/lib/python3.7/site-packages/airflow/example_dags/example_sensors.py
[2023-09-14T16:54:19.347+0000] {processor.py:799} INFO - Processing file /home/airflow/.local/lib/python3.7/site-packages/airflow/example_dags/example_sensors.py for tasks to queue
[2023-09-14T16:54:19.489+0000] {logging_mixin.py:149} INFO - [2023-09-14T16:54:19.488+0000] {dagbag.py:541} INFO - Filling up the DagBag from /home/airflow/.local/lib/python3.7/site-packages/airflow/example_dags/example_sensors.py
[2023-09-14T16:54:19.722+0000] {processor.py:809} INFO - DAG(s) dict_keys(['example_sensors']) retrieved from /home/airflow/.local/lib/python3.7/site-packages/airflow/example_dags/example_sensors.py
[2023-09-14T16:54:20.010+0000] {logging_mixin.py:149} INFO - [2023-09-14T16:54:20.009+0000] {dag.py:2726} INFO - Sync 1 DAGs
[2023-09-14T16:54:20.335+0000] {logging_mixin.py:149} INFO - [2023-09-14T16:54:20.334+0000] {dag.py:3490} INFO - Setting next_dagrun for example_sensors to None, run_after=None
[2023-09-14T16:54:20.579+0000] {processor.py:178} INFO - Processing /home/airflow/.local/lib/python3.7/site-packages/airflow/example_dags/example_sensors.py took 1.327 seconds
[2023-09-14T16:55:01.300+0000] {processor.py:156} INFO - Started process (PID=1903) to work on /home/airflow/.local/lib/python3.7/site-packages/airflow/example_dags/example_sensors.py
[2023-09-14T16:55:01.303+0000] {processor.py:799} INFO - Processing file /home/airflow/.local/lib/python3.7/site-packages/airflow/example_dags/example_sensors.py for tasks to queue
[2023-09-14T16:55:01.305+0000] {logging_mixin.py:149} INFO - [2023-09-14T16:55:01.304+0000] {dagbag.py:541} INFO - Filling up the DagBag from /home/airflow/.local/lib/python3.7/site-packages/airflow/example_dags/example_sensors.py
[2023-09-14T16:55:01.331+0000] {processor.py:809} INFO - DAG(s) dict_keys(['example_sensors']) retrieved from /home/airflow/.local/lib/python3.7/site-packages/airflow/example_dags/example_sensors.py
[2023-09-14T16:55:01.416+0000] {logging_mixin.py:149} INFO - [2023-09-14T16:55:01.415+0000] {dag.py:2726} INFO - Sync 1 DAGs
[2023-09-14T16:55:01.519+0000] {logging_mixin.py:149} INFO - [2023-09-14T16:55:01.518+0000] {dag.py:3490} INFO - Setting next_dagrun for example_sensors to None, run_after=None
[2023-09-14T16:55:01.580+0000] {processor.py:178} INFO - Processing /home/airflow/.local/lib/python3.7/site-packages/airflow/example_dags/example_sensors.py took 0.288 seconds
[2023-09-14T16:55:32.262+0000] {processor.py:156} INFO - Started process (PID=1961) to work on /home/airflow/.local/lib/python3.7/site-packages/airflow/example_dags/example_sensors.py
[2023-09-14T16:55:32.265+0000] {processor.py:799} INFO - Processing file /home/airflow/.local/lib/python3.7/site-packages/airflow/example_dags/example_sensors.py for tasks to queue
[2023-09-14T16:55:32.269+0000] {logging_mixin.py:149} INFO - [2023-09-14T16:55:32.268+0000] {dagbag.py:541} INFO - Filling up the DagBag from /home/airflow/.local/lib/python3.7/site-packages/airflow/example_dags/example_sensors.py
[2023-09-14T16:55:32.309+0000] {processor.py:809} INFO - DAG(s) dict_keys(['example_sensors']) retrieved from /home/airflow/.local/lib/python3.7/site-packages/airflow/example_dags/example_sensors.py
[2023-09-14T16:55:32.447+0000] {logging_mixin.py:149} INFO - [2023-09-14T16:55:32.445+0000] {dag.py:2726} INFO - Sync 1 DAGs
[2023-09-14T16:55:32.559+0000] {logging_mixin.py:149} INFO - [2023-09-14T16:55:32.559+0000] {dag.py:3490} INFO - Setting next_dagrun for example_sensors to None, run_after=None
[2023-09-14T16:55:32.641+0000] {processor.py:178} INFO - Processing /home/airflow/.local/lib/python3.7/site-packages/airflow/example_dags/example_sensors.py took 0.394 seconds
[2023-09-14T16:56:03.024+0000] {processor.py:156} INFO - Started process (PID=2025) to work on /home/airflow/.local/lib/python3.7/site-packages/airflow/example_dags/example_sensors.py
[2023-09-14T16:56:03.029+0000] {processor.py:799} INFO - Processing file /home/airflow/.local/lib/python3.7/site-packages/airflow/example_dags/example_sensors.py for tasks to queue
[2023-09-14T16:56:03.033+0000] {logging_mixin.py:149} INFO - [2023-09-14T16:56:03.032+0000] {dagbag.py:541} INFO - Filling up the DagBag from /home/airflow/.local/lib/python3.7/site-packages/airflow/example_dags/example_sensors.py
[2023-09-14T16:56:03.091+0000] {processor.py:809} INFO - DAG(s) dict_keys(['example_sensors']) retrieved from /home/airflow/.local/lib/python3.7/site-packages/airflow/example_dags/example_sensors.py
[2023-09-14T16:56:03.258+0000] {logging_mixin.py:149} INFO - [2023-09-14T16:56:03.258+0000] {dag.py:2726} INFO - Sync 1 DAGs
[2023-09-14T16:56:03.367+0000] {logging_mixin.py:149} INFO - [2023-09-14T16:56:03.366+0000] {dag.py:3490} INFO - Setting next_dagrun for example_sensors to None, run_after=None
[2023-09-14T16:56:03.488+0000] {processor.py:178} INFO - Processing /home/airflow/.local/lib/python3.7/site-packages/airflow/example_dags/example_sensors.py took 0.477 seconds
[2023-09-14T16:56:33.870+0000] {processor.py:156} INFO - Started process (PID=2089) to work on /home/airflow/.local/lib/python3.7/site-packages/airflow/example_dags/example_sensors.py
[2023-09-14T16:56:33.886+0000] {processor.py:799} INFO - Processing file /home/airflow/.local/lib/python3.7/site-packages/airflow/example_dags/example_sensors.py for tasks to queue
[2023-09-14T16:56:33.890+0000] {logging_mixin.py:149} INFO - [2023-09-14T16:56:33.890+0000] {dagbag.py:541} INFO - Filling up the DagBag from /home/airflow/.local/lib/python3.7/site-packages/airflow/example_dags/example_sensors.py
[2023-09-14T16:56:34.088+0000] {processor.py:809} INFO - DAG(s) dict_keys(['example_sensors']) retrieved from /home/airflow/.local/lib/python3.7/site-packages/airflow/example_dags/example_sensors.py
[2023-09-14T16:56:34.387+0000] {logging_mixin.py:149} INFO - [2023-09-14T16:56:34.387+0000] {dag.py:2726} INFO - Sync 1 DAGs
[2023-09-14T16:56:34.488+0000] {logging_mixin.py:149} INFO - [2023-09-14T16:56:34.488+0000] {dag.py:3490} INFO - Setting next_dagrun for example_sensors to None, run_after=None
[2023-09-14T16:56:34.606+0000] {processor.py:178} INFO - Processing /home/airflow/.local/lib/python3.7/site-packages/airflow/example_dags/example_sensors.py took 0.839 seconds
[2023-09-14T16:57:05.259+0000] {processor.py:156} INFO - Started process (PID=2154) to work on /home/airflow/.local/lib/python3.7/site-packages/airflow/example_dags/example_sensors.py
[2023-09-14T16:57:05.264+0000] {processor.py:799} INFO - Processing file /home/airflow/.local/lib/python3.7/site-packages/airflow/example_dags/example_sensors.py for tasks to queue
[2023-09-14T16:57:05.267+0000] {logging_mixin.py:149} INFO - [2023-09-14T16:57:05.266+0000] {dagbag.py:541} INFO - Filling up the DagBag from /home/airflow/.local/lib/python3.7/site-packages/airflow/example_dags/example_sensors.py
[2023-09-14T16:57:05.296+0000] {processor.py:809} INFO - DAG(s) dict_keys(['example_sensors']) retrieved from /home/airflow/.local/lib/python3.7/site-packages/airflow/example_dags/example_sensors.py
[2023-09-14T16:57:05.417+0000] {logging_mixin.py:149} INFO - [2023-09-14T16:57:05.416+0000] {dag.py:2726} INFO - Sync 1 DAGs
[2023-09-14T16:57:05.485+0000] {logging_mixin.py:149} INFO - [2023-09-14T16:57:05.484+0000] {dag.py:3490} INFO - Setting next_dagrun for example_sensors to None, run_after=None
[2023-09-14T16:57:05.545+0000] {processor.py:178} INFO - Processing /home/airflow/.local/lib/python3.7/site-packages/airflow/example_dags/example_sensors.py took 0.296 seconds
[2023-09-14T16:57:36.149+0000] {processor.py:156} INFO - Started process (PID=2221) to work on /home/airflow/.local/lib/python3.7/site-packages/airflow/example_dags/example_sensors.py
[2023-09-14T16:57:36.152+0000] {processor.py:799} INFO - Processing file /home/airflow/.local/lib/python3.7/site-packages/airflow/example_dags/example_sensors.py for tasks to queue
[2023-09-14T16:57:36.156+0000] {logging_mixin.py:149} INFO - [2023-09-14T16:57:36.156+0000] {dagbag.py:541} INFO - Filling up the DagBag from /home/airflow/.local/lib/python3.7/site-packages/airflow/example_dags/example_sensors.py
[2023-09-14T16:57:36.189+0000] {processor.py:809} INFO - DAG(s) dict_keys(['example_sensors']) retrieved from /home/airflow/.local/lib/python3.7/site-packages/airflow/example_dags/example_sensors.py
[2023-09-14T16:57:36.317+0000] {logging_mixin.py:149} INFO - [2023-09-14T16:57:36.317+0000] {dag.py:2726} INFO - Sync 1 DAGs
[2023-09-14T16:57:36.371+0000] {logging_mixin.py:149} INFO - [2023-09-14T16:57:36.371+0000] {dag.py:3490} INFO - Setting next_dagrun for example_sensors to None, run_after=None
[2023-09-14T16:57:36.489+0000] {processor.py:178} INFO - Processing /home/airflow/.local/lib/python3.7/site-packages/airflow/example_dags/example_sensors.py took 0.353 seconds
[2023-09-14T16:58:07.101+0000] {processor.py:156} INFO - Started process (PID=2286) to work on /home/airflow/.local/lib/python3.7/site-packages/airflow/example_dags/example_sensors.py
[2023-09-14T16:58:07.108+0000] {processor.py:799} INFO - Processing file /home/airflow/.local/lib/python3.7/site-packages/airflow/example_dags/example_sensors.py for tasks to queue
[2023-09-14T16:58:07.111+0000] {logging_mixin.py:149} INFO - [2023-09-14T16:58:07.110+0000] {dagbag.py:541} INFO - Filling up the DagBag from /home/airflow/.local/lib/python3.7/site-packages/airflow/example_dags/example_sensors.py
[2023-09-14T16:58:07.176+0000] {processor.py:809} INFO - DAG(s) dict_keys(['example_sensors']) retrieved from /home/airflow/.local/lib/python3.7/site-packages/airflow/example_dags/example_sensors.py
[2023-09-14T16:58:07.301+0000] {logging_mixin.py:149} INFO - [2023-09-14T16:58:07.300+0000] {dag.py:2726} INFO - Sync 1 DAGs
[2023-09-14T16:58:07.433+0000] {logging_mixin.py:149} INFO - [2023-09-14T16:58:07.433+0000] {dag.py:3490} INFO - Setting next_dagrun for example_sensors to None, run_after=None
[2023-09-14T16:58:07.576+0000] {processor.py:178} INFO - Processing /home/airflow/.local/lib/python3.7/site-packages/airflow/example_dags/example_sensors.py took 0.487 seconds
[2023-09-14T16:58:50.655+0000] {processor.py:156} INFO - Started process (PID=2359) to work on /home/airflow/.local/lib/python3.7/site-packages/airflow/example_dags/example_sensors.py
[2023-09-14T16:58:50.667+0000] {processor.py:799} INFO - Processing file /home/airflow/.local/lib/python3.7/site-packages/airflow/example_dags/example_sensors.py for tasks to queue
[2023-09-14T16:58:50.673+0000] {logging_mixin.py:149} INFO - [2023-09-14T16:58:50.673+0000] {dagbag.py:541} INFO - Filling up the DagBag from /home/airflow/.local/lib/python3.7/site-packages/airflow/example_dags/example_sensors.py
[2023-09-14T16:58:50.784+0000] {processor.py:809} INFO - DAG(s) dict_keys(['example_sensors']) retrieved from /home/airflow/.local/lib/python3.7/site-packages/airflow/example_dags/example_sensors.py
[2023-09-14T16:58:51.174+0000] {logging_mixin.py:149} INFO - [2023-09-14T16:58:51.173+0000] {dag.py:2726} INFO - Sync 1 DAGs
[2023-09-14T16:58:51.468+0000] {logging_mixin.py:149} INFO - [2023-09-14T16:58:51.467+0000] {dag.py:3490} INFO - Setting next_dagrun for example_sensors to None, run_after=None
[2023-09-14T16:58:51.660+0000] {processor.py:178} INFO - Processing /home/airflow/.local/lib/python3.7/site-packages/airflow/example_dags/example_sensors.py took 0.989 seconds
[2023-09-14T16:59:22.121+0000] {processor.py:156} INFO - Started process (PID=2422) to work on /home/airflow/.local/lib/python3.7/site-packages/airflow/example_dags/example_sensors.py
[2023-09-14T16:59:22.124+0000] {processor.py:799} INFO - Processing file /home/airflow/.local/lib/python3.7/site-packages/airflow/example_dags/example_sensors.py for tasks to queue
[2023-09-14T16:59:22.126+0000] {logging_mixin.py:149} INFO - [2023-09-14T16:59:22.126+0000] {dagbag.py:541} INFO - Filling up the DagBag from /home/airflow/.local/lib/python3.7/site-packages/airflow/example_dags/example_sensors.py
[2023-09-14T16:59:22.153+0000] {processor.py:809} INFO - DAG(s) dict_keys(['example_sensors']) retrieved from /home/airflow/.local/lib/python3.7/site-packages/airflow/example_dags/example_sensors.py
[2023-09-14T16:59:22.247+0000] {logging_mixin.py:149} INFO - [2023-09-14T16:59:22.247+0000] {dag.py:2726} INFO - Sync 1 DAGs
[2023-09-14T16:59:22.326+0000] {logging_mixin.py:149} INFO - [2023-09-14T16:59:22.326+0000] {dag.py:3490} INFO - Setting next_dagrun for example_sensors to None, run_after=None
[2023-09-14T16:59:22.418+0000] {processor.py:178} INFO - Processing /home/airflow/.local/lib/python3.7/site-packages/airflow/example_dags/example_sensors.py took 0.308 seconds
[2023-09-14T16:59:53.394+0000] {processor.py:156} INFO - Started process (PID=2486) to work on /home/airflow/.local/lib/python3.7/site-packages/airflow/example_dags/example_sensors.py
[2023-09-14T16:59:53.399+0000] {processor.py:799} INFO - Processing file /home/airflow/.local/lib/python3.7/site-packages/airflow/example_dags/example_sensors.py for tasks to queue
[2023-09-14T16:59:53.411+0000] {logging_mixin.py:149} INFO - [2023-09-14T16:59:53.410+0000] {dagbag.py:541} INFO - Filling up the DagBag from /home/airflow/.local/lib/python3.7/site-packages/airflow/example_dags/example_sensors.py
[2023-09-14T16:59:53.502+0000] {processor.py:809} INFO - DAG(s) dict_keys(['example_sensors']) retrieved from /home/airflow/.local/lib/python3.7/site-packages/airflow/example_dags/example_sensors.py
[2023-09-14T16:59:53.731+0000] {logging_mixin.py:149} INFO - [2023-09-14T16:59:53.728+0000] {dag.py:2726} INFO - Sync 1 DAGs
[2023-09-14T16:59:53.896+0000] {logging_mixin.py:149} INFO - [2023-09-14T16:59:53.895+0000] {dag.py:3490} INFO - Setting next_dagrun for example_sensors to None, run_after=None
[2023-09-14T16:59:54.065+0000] {processor.py:178} INFO - Processing /home/airflow/.local/lib/python3.7/site-packages/airflow/example_dags/example_sensors.py took 0.700 seconds
[2023-09-14T17:00:24.327+0000] {processor.py:156} INFO - Started process (PID=2550) to work on /home/airflow/.local/lib/python3.7/site-packages/airflow/example_dags/example_sensors.py
[2023-09-14T17:00:24.338+0000] {processor.py:799} INFO - Processing file /home/airflow/.local/lib/python3.7/site-packages/airflow/example_dags/example_sensors.py for tasks to queue
[2023-09-14T17:00:24.341+0000] {logging_mixin.py:149} INFO - [2023-09-14T17:00:24.341+0000] {dagbag.py:541} INFO - Filling up the DagBag from /home/airflow/.local/lib/python3.7/site-packages/airflow/example_dags/example_sensors.py
[2023-09-14T17:00:24.394+0000] {processor.py:809} INFO - DAG(s) dict_keys(['example_sensors']) retrieved from /home/airflow/.local/lib/python3.7/site-packages/airflow/example_dags/example_sensors.py
[2023-09-14T17:00:24.521+0000] {logging_mixin.py:149} INFO - [2023-09-14T17:00:24.521+0000] {dag.py:2726} INFO - Sync 1 DAGs
[2023-09-14T17:00:24.618+0000] {logging_mixin.py:149} INFO - [2023-09-14T17:00:24.617+0000] {dag.py:3490} INFO - Setting next_dagrun for example_sensors to None, run_after=None
[2023-09-14T17:00:24.700+0000] {processor.py:178} INFO - Processing /home/airflow/.local/lib/python3.7/site-packages/airflow/example_dags/example_sensors.py took 0.386 seconds
[2023-09-14T17:00:54.925+0000] {processor.py:156} INFO - Started process (PID=2614) to work on /home/airflow/.local/lib/python3.7/site-packages/airflow/example_dags/example_sensors.py
[2023-09-14T17:00:54.927+0000] {processor.py:799} INFO - Processing file /home/airflow/.local/lib/python3.7/site-packages/airflow/example_dags/example_sensors.py for tasks to queue
[2023-09-14T17:00:54.931+0000] {logging_mixin.py:149} INFO - [2023-09-14T17:00:54.930+0000] {dagbag.py:541} INFO - Filling up the DagBag from /home/airflow/.local/lib/python3.7/site-packages/airflow/example_dags/example_sensors.py
[2023-09-14T17:00:54.961+0000] {processor.py:809} INFO - DAG(s) dict_keys(['example_sensors']) retrieved from /home/airflow/.local/lib/python3.7/site-packages/airflow/example_dags/example_sensors.py
[2023-09-14T17:00:55.062+0000] {logging_mixin.py:149} INFO - [2023-09-14T17:00:55.062+0000] {dag.py:2726} INFO - Sync 1 DAGs
[2023-09-14T17:00:55.162+0000] {logging_mixin.py:149} INFO - [2023-09-14T17:00:55.161+0000] {dag.py:3490} INFO - Setting next_dagrun for example_sensors to None, run_after=None
[2023-09-14T17:00:55.299+0000] {processor.py:178} INFO - Processing /home/airflow/.local/lib/python3.7/site-packages/airflow/example_dags/example_sensors.py took 0.382 seconds
[2023-09-14T17:01:26.337+0000] {processor.py:156} INFO - Started process (PID=2685) to work on /home/airflow/.local/lib/python3.7/site-packages/airflow/example_dags/example_sensors.py
[2023-09-14T17:01:26.339+0000] {processor.py:799} INFO - Processing file /home/airflow/.local/lib/python3.7/site-packages/airflow/example_dags/example_sensors.py for tasks to queue
[2023-09-14T17:01:26.341+0000] {logging_mixin.py:149} INFO - [2023-09-14T17:01:26.341+0000] {dagbag.py:541} INFO - Filling up the DagBag from /home/airflow/.local/lib/python3.7/site-packages/airflow/example_dags/example_sensors.py
[2023-09-14T17:01:26.353+0000] {processor.py:809} INFO - DAG(s) dict_keys(['example_sensors']) retrieved from /home/airflow/.local/lib/python3.7/site-packages/airflow/example_dags/example_sensors.py
[2023-09-14T17:01:26.414+0000] {logging_mixin.py:149} INFO - [2023-09-14T17:01:26.414+0000] {dag.py:2726} INFO - Sync 1 DAGs
[2023-09-14T17:01:26.460+0000] {logging_mixin.py:149} INFO - [2023-09-14T17:01:26.460+0000] {dag.py:3490} INFO - Setting next_dagrun for example_sensors to None, run_after=None
[2023-09-14T17:01:26.511+0000] {processor.py:178} INFO - Processing /home/airflow/.local/lib/python3.7/site-packages/airflow/example_dags/example_sensors.py took 0.178 seconds
[2023-09-14T17:01:56.624+0000] {processor.py:156} INFO - Started process (PID=2750) to work on /home/airflow/.local/lib/python3.7/site-packages/airflow/example_dags/example_sensors.py
[2023-09-14T17:01:56.626+0000] {processor.py:799} INFO - Processing file /home/airflow/.local/lib/python3.7/site-packages/airflow/example_dags/example_sensors.py for tasks to queue
[2023-09-14T17:01:56.628+0000] {logging_mixin.py:149} INFO - [2023-09-14T17:01:56.627+0000] {dagbag.py:541} INFO - Filling up the DagBag from /home/airflow/.local/lib/python3.7/site-packages/airflow/example_dags/example_sensors.py
[2023-09-14T17:01:56.642+0000] {processor.py:809} INFO - DAG(s) dict_keys(['example_sensors']) retrieved from /home/airflow/.local/lib/python3.7/site-packages/airflow/example_dags/example_sensors.py
[2023-09-14T17:01:56.706+0000] {logging_mixin.py:149} INFO - [2023-09-14T17:01:56.706+0000] {dag.py:2726} INFO - Sync 1 DAGs
[2023-09-14T17:01:56.745+0000] {logging_mixin.py:149} INFO - [2023-09-14T17:01:56.745+0000] {dag.py:3490} INFO - Setting next_dagrun for example_sensors to None, run_after=None
[2023-09-14T17:01:56.790+0000] {processor.py:178} INFO - Processing /home/airflow/.local/lib/python3.7/site-packages/airflow/example_dags/example_sensors.py took 0.171 seconds
