[2023-09-14T16:10:33.112+0000] {processor.py:156} INFO - Started process (PID=68) to work on /home/airflow/.local/lib/python3.7/site-packages/airflow/example_dags/example_external_task_marker_dag.py
[2023-09-14T16:10:33.150+0000] {processor.py:799} INFO - Processing file /home/airflow/.local/lib/python3.7/site-packages/airflow/example_dags/example_external_task_marker_dag.py for tasks to queue
[2023-09-14T16:10:33.166+0000] {logging_mixin.py:149} INFO - [2023-09-14T16:10:33.166+0000] {dagbag.py:541} INFO - Filling up the DagBag from /home/airflow/.local/lib/python3.7/site-packages/airflow/example_dags/example_external_task_marker_dag.py
[2023-09-14T16:10:33.366+0000] {processor.py:809} INFO - DAG(s) dict_keys(['example_external_task_marker_parent', 'example_external_task_marker_child']) retrieved from /home/airflow/.local/lib/python3.7/site-packages/airflow/example_dags/example_external_task_marker_dag.py
[2023-09-14T16:10:34.937+0000] {logging_mixin.py:149} INFO - [2023-09-14T16:10:34.936+0000] {dag.py:2726} INFO - Sync 2 DAGs
[2023-09-14T16:10:35.380+0000] {logging_mixin.py:149} INFO - [2023-09-14T16:10:35.380+0000] {dag.py:3490} INFO - Setting next_dagrun for example_external_task_marker_child to None, run_after=None
[2023-09-14T16:10:35.544+0000] {logging_mixin.py:149} INFO - [2023-09-14T16:10:35.544+0000] {dag.py:3490} INFO - Setting next_dagrun for example_external_task_marker_parent to None, run_after=None
[2023-09-14T16:10:35.983+0000] {processor.py:178} INFO - Processing /home/airflow/.local/lib/python3.7/site-packages/airflow/example_dags/example_external_task_marker_dag.py took 3.002 seconds
[2023-09-14T16:11:51.540+0000] {processor.py:156} INFO - Started process (PID=144) to work on /home/airflow/.local/lib/python3.7/site-packages/airflow/example_dags/example_external_task_marker_dag.py
[2023-09-14T16:11:51.544+0000] {processor.py:799} INFO - Processing file /home/airflow/.local/lib/python3.7/site-packages/airflow/example_dags/example_external_task_marker_dag.py for tasks to queue
[2023-09-14T16:11:51.546+0000] {logging_mixin.py:149} INFO - [2023-09-14T16:11:51.546+0000] {dagbag.py:541} INFO - Filling up the DagBag from /home/airflow/.local/lib/python3.7/site-packages/airflow/example_dags/example_external_task_marker_dag.py
[2023-09-14T16:11:51.572+0000] {processor.py:809} INFO - DAG(s) dict_keys(['example_external_task_marker_child', 'example_external_task_marker_parent']) retrieved from /home/airflow/.local/lib/python3.7/site-packages/airflow/example_dags/example_external_task_marker_dag.py
[2023-09-14T16:11:51.688+0000] {logging_mixin.py:149} INFO - [2023-09-14T16:11:51.688+0000] {dag.py:2726} INFO - Sync 2 DAGs
[2023-09-14T16:11:52.223+0000] {logging_mixin.py:149} INFO - [2023-09-14T16:11:52.222+0000] {dag.py:3490} INFO - Setting next_dagrun for example_external_task_marker_child to None, run_after=None
[2023-09-14T16:11:52.241+0000] {logging_mixin.py:149} INFO - [2023-09-14T16:11:52.240+0000] {dag.py:3490} INFO - Setting next_dagrun for example_external_task_marker_parent to None, run_after=None
[2023-09-14T16:11:52.424+0000] {processor.py:178} INFO - Processing /home/airflow/.local/lib/python3.7/site-packages/airflow/example_dags/example_external_task_marker_dag.py took 0.892 seconds
[2023-09-14T16:12:29.387+0000] {processor.py:156} INFO - Started process (PID=205) to work on /home/airflow/.local/lib/python3.7/site-packages/airflow/example_dags/example_external_task_marker_dag.py
[2023-09-14T16:12:29.393+0000] {processor.py:799} INFO - Processing file /home/airflow/.local/lib/python3.7/site-packages/airflow/example_dags/example_external_task_marker_dag.py for tasks to queue
[2023-09-14T16:12:29.398+0000] {logging_mixin.py:149} INFO - [2023-09-14T16:12:29.398+0000] {dagbag.py:541} INFO - Filling up the DagBag from /home/airflow/.local/lib/python3.7/site-packages/airflow/example_dags/example_external_task_marker_dag.py
[2023-09-14T16:12:29.439+0000] {processor.py:809} INFO - DAG(s) dict_keys(['example_external_task_marker_child', 'example_external_task_marker_parent']) retrieved from /home/airflow/.local/lib/python3.7/site-packages/airflow/example_dags/example_external_task_marker_dag.py
[2023-09-14T16:12:29.624+0000] {logging_mixin.py:149} INFO - [2023-09-14T16:12:29.623+0000] {dag.py:2726} INFO - Sync 2 DAGs
[2023-09-14T16:12:29.757+0000] {logging_mixin.py:149} INFO - [2023-09-14T16:12:29.756+0000] {dag.py:3490} INFO - Setting next_dagrun for example_external_task_marker_child to None, run_after=None
[2023-09-14T16:12:29.780+0000] {logging_mixin.py:149} INFO - [2023-09-14T16:12:29.780+0000] {dag.py:3490} INFO - Setting next_dagrun for example_external_task_marker_parent to None, run_after=None
[2023-09-14T16:12:29.885+0000] {processor.py:178} INFO - Processing /home/airflow/.local/lib/python3.7/site-packages/airflow/example_dags/example_external_task_marker_dag.py took 0.525 seconds
[2023-09-14T16:13:04.478+0000] {processor.py:156} INFO - Started process (PID=257) to work on /home/airflow/.local/lib/python3.7/site-packages/airflow/example_dags/example_external_task_marker_dag.py
[2023-09-14T16:13:04.486+0000] {processor.py:799} INFO - Processing file /home/airflow/.local/lib/python3.7/site-packages/airflow/example_dags/example_external_task_marker_dag.py for tasks to queue
[2023-09-14T16:13:04.493+0000] {logging_mixin.py:149} INFO - [2023-09-14T16:13:04.492+0000] {dagbag.py:541} INFO - Filling up the DagBag from /home/airflow/.local/lib/python3.7/site-packages/airflow/example_dags/example_external_task_marker_dag.py
[2023-09-14T16:13:04.536+0000] {processor.py:809} INFO - DAG(s) dict_keys(['example_external_task_marker_parent', 'example_external_task_marker_child']) retrieved from /home/airflow/.local/lib/python3.7/site-packages/airflow/example_dags/example_external_task_marker_dag.py
[2023-09-14T16:13:04.789+0000] {logging_mixin.py:149} INFO - [2023-09-14T16:13:04.789+0000] {dag.py:2726} INFO - Sync 2 DAGs
[2023-09-14T16:13:04.972+0000] {logging_mixin.py:149} INFO - [2023-09-14T16:13:04.972+0000] {dag.py:3490} INFO - Setting next_dagrun for example_external_task_marker_child to None, run_after=None
[2023-09-14T16:13:05.004+0000] {logging_mixin.py:149} INFO - [2023-09-14T16:13:05.003+0000] {dag.py:3490} INFO - Setting next_dagrun for example_external_task_marker_parent to None, run_after=None
[2023-09-14T16:13:05.148+0000] {processor.py:178} INFO - Processing /home/airflow/.local/lib/python3.7/site-packages/airflow/example_dags/example_external_task_marker_dag.py took 0.693 seconds
[2023-09-14T16:13:42.789+0000] {processor.py:156} INFO - Started process (PID=318) to work on /home/airflow/.local/lib/python3.7/site-packages/airflow/example_dags/example_external_task_marker_dag.py
[2023-09-14T16:13:42.798+0000] {processor.py:799} INFO - Processing file /home/airflow/.local/lib/python3.7/site-packages/airflow/example_dags/example_external_task_marker_dag.py for tasks to queue
[2023-09-14T16:13:42.806+0000] {logging_mixin.py:149} INFO - [2023-09-14T16:13:42.805+0000] {dagbag.py:541} INFO - Filling up the DagBag from /home/airflow/.local/lib/python3.7/site-packages/airflow/example_dags/example_external_task_marker_dag.py
[2023-09-14T16:13:42.931+0000] {processor.py:809} INFO - DAG(s) dict_keys(['example_external_task_marker_parent', 'example_external_task_marker_child']) retrieved from /home/airflow/.local/lib/python3.7/site-packages/airflow/example_dags/example_external_task_marker_dag.py
[2023-09-14T16:13:43.114+0000] {logging_mixin.py:149} INFO - [2023-09-14T16:13:43.113+0000] {dag.py:2726} INFO - Sync 2 DAGs
[2023-09-14T16:13:43.306+0000] {logging_mixin.py:149} INFO - [2023-09-14T16:13:43.306+0000] {dag.py:3490} INFO - Setting next_dagrun for example_external_task_marker_child to None, run_after=None
[2023-09-14T16:13:43.330+0000] {logging_mixin.py:149} INFO - [2023-09-14T16:13:43.330+0000] {dag.py:3490} INFO - Setting next_dagrun for example_external_task_marker_parent to None, run_after=None
[2023-09-14T16:13:43.438+0000] {processor.py:178} INFO - Processing /home/airflow/.local/lib/python3.7/site-packages/airflow/example_dags/example_external_task_marker_dag.py took 0.668 seconds
[2023-09-14T16:14:16.576+0000] {processor.py:156} INFO - Started process (PID=379) to work on /home/airflow/.local/lib/python3.7/site-packages/airflow/example_dags/example_external_task_marker_dag.py
[2023-09-14T16:14:16.593+0000] {processor.py:799} INFO - Processing file /home/airflow/.local/lib/python3.7/site-packages/airflow/example_dags/example_external_task_marker_dag.py for tasks to queue
[2023-09-14T16:14:16.616+0000] {logging_mixin.py:149} INFO - [2023-09-14T16:14:16.616+0000] {dagbag.py:541} INFO - Filling up the DagBag from /home/airflow/.local/lib/python3.7/site-packages/airflow/example_dags/example_external_task_marker_dag.py
[2023-09-14T16:14:16.721+0000] {processor.py:809} INFO - DAG(s) dict_keys(['example_external_task_marker_child', 'example_external_task_marker_parent']) retrieved from /home/airflow/.local/lib/python3.7/site-packages/airflow/example_dags/example_external_task_marker_dag.py
[2023-09-14T16:14:16.914+0000] {logging_mixin.py:149} INFO - [2023-09-14T16:14:16.913+0000] {dag.py:2726} INFO - Sync 2 DAGs
[2023-09-14T16:14:17.462+0000] {logging_mixin.py:149} INFO - [2023-09-14T16:14:17.461+0000] {dag.py:3490} INFO - Setting next_dagrun for example_external_task_marker_child to None, run_after=None
[2023-09-14T16:14:17.614+0000] {logging_mixin.py:149} INFO - [2023-09-14T16:14:17.613+0000] {dag.py:3490} INFO - Setting next_dagrun for example_external_task_marker_parent to None, run_after=None
[2023-09-14T16:14:17.875+0000] {processor.py:178} INFO - Processing /home/airflow/.local/lib/python3.7/site-packages/airflow/example_dags/example_external_task_marker_dag.py took 1.363 seconds
[2023-09-14T16:14:48.320+0000] {processor.py:156} INFO - Started process (PID=441) to work on /home/airflow/.local/lib/python3.7/site-packages/airflow/example_dags/example_external_task_marker_dag.py
[2023-09-14T16:14:48.323+0000] {processor.py:799} INFO - Processing file /home/airflow/.local/lib/python3.7/site-packages/airflow/example_dags/example_external_task_marker_dag.py for tasks to queue
[2023-09-14T16:14:48.325+0000] {logging_mixin.py:149} INFO - [2023-09-14T16:14:48.325+0000] {dagbag.py:541} INFO - Filling up the DagBag from /home/airflow/.local/lib/python3.7/site-packages/airflow/example_dags/example_external_task_marker_dag.py
[2023-09-14T16:14:48.343+0000] {processor.py:809} INFO - DAG(s) dict_keys(['example_external_task_marker_child', 'example_external_task_marker_parent']) retrieved from /home/airflow/.local/lib/python3.7/site-packages/airflow/example_dags/example_external_task_marker_dag.py
[2023-09-14T16:14:48.415+0000] {logging_mixin.py:149} INFO - [2023-09-14T16:14:48.414+0000] {dag.py:2726} INFO - Sync 2 DAGs
[2023-09-14T16:14:48.514+0000] {logging_mixin.py:149} INFO - [2023-09-14T16:14:48.513+0000] {dag.py:3490} INFO - Setting next_dagrun for example_external_task_marker_child to None, run_after=None
[2023-09-14T16:14:48.526+0000] {logging_mixin.py:149} INFO - [2023-09-14T16:14:48.526+0000] {dag.py:3490} INFO - Setting next_dagrun for example_external_task_marker_parent to None, run_after=None
[2023-09-14T16:14:48.595+0000] {processor.py:178} INFO - Processing /home/airflow/.local/lib/python3.7/site-packages/airflow/example_dags/example_external_task_marker_dag.py took 0.281 seconds
[2023-09-14T16:15:18.864+0000] {processor.py:156} INFO - Started process (PID=502) to work on /home/airflow/.local/lib/python3.7/site-packages/airflow/example_dags/example_external_task_marker_dag.py
[2023-09-14T16:15:18.867+0000] {processor.py:799} INFO - Processing file /home/airflow/.local/lib/python3.7/site-packages/airflow/example_dags/example_external_task_marker_dag.py for tasks to queue
[2023-09-14T16:15:18.872+0000] {logging_mixin.py:149} INFO - [2023-09-14T16:15:18.871+0000] {dagbag.py:541} INFO - Filling up the DagBag from /home/airflow/.local/lib/python3.7/site-packages/airflow/example_dags/example_external_task_marker_dag.py
[2023-09-14T16:15:18.894+0000] {processor.py:809} INFO - DAG(s) dict_keys(['example_external_task_marker_child', 'example_external_task_marker_parent']) retrieved from /home/airflow/.local/lib/python3.7/site-packages/airflow/example_dags/example_external_task_marker_dag.py
[2023-09-14T16:15:18.990+0000] {logging_mixin.py:149} INFO - [2023-09-14T16:15:18.989+0000] {dag.py:2726} INFO - Sync 2 DAGs
[2023-09-14T16:15:19.048+0000] {logging_mixin.py:149} INFO - [2023-09-14T16:15:19.047+0000] {dag.py:3490} INFO - Setting next_dagrun for example_external_task_marker_child to None, run_after=None
[2023-09-14T16:15:19.057+0000] {logging_mixin.py:149} INFO - [2023-09-14T16:15:19.056+0000] {dag.py:3490} INFO - Setting next_dagrun for example_external_task_marker_parent to None, run_after=None
[2023-09-14T16:15:19.109+0000] {processor.py:178} INFO - Processing /home/airflow/.local/lib/python3.7/site-packages/airflow/example_dags/example_external_task_marker_dag.py took 0.255 seconds
[2023-09-14T16:15:49.532+0000] {processor.py:156} INFO - Started process (PID=563) to work on /home/airflow/.local/lib/python3.7/site-packages/airflow/example_dags/example_external_task_marker_dag.py
[2023-09-14T16:15:49.535+0000] {processor.py:799} INFO - Processing file /home/airflow/.local/lib/python3.7/site-packages/airflow/example_dags/example_external_task_marker_dag.py for tasks to queue
[2023-09-14T16:15:49.539+0000] {logging_mixin.py:149} INFO - [2023-09-14T16:15:49.538+0000] {dagbag.py:541} INFO - Filling up the DagBag from /home/airflow/.local/lib/python3.7/site-packages/airflow/example_dags/example_external_task_marker_dag.py
[2023-09-14T16:15:49.556+0000] {processor.py:809} INFO - DAG(s) dict_keys(['example_external_task_marker_parent', 'example_external_task_marker_child']) retrieved from /home/airflow/.local/lib/python3.7/site-packages/airflow/example_dags/example_external_task_marker_dag.py
[2023-09-14T16:15:49.615+0000] {logging_mixin.py:149} INFO - [2023-09-14T16:15:49.614+0000] {dag.py:2726} INFO - Sync 2 DAGs
[2023-09-14T16:15:49.664+0000] {logging_mixin.py:149} INFO - [2023-09-14T16:15:49.664+0000] {dag.py:3490} INFO - Setting next_dagrun for example_external_task_marker_child to None, run_after=None
[2023-09-14T16:15:49.672+0000] {logging_mixin.py:149} INFO - [2023-09-14T16:15:49.672+0000] {dag.py:3490} INFO - Setting next_dagrun for example_external_task_marker_parent to None, run_after=None
[2023-09-14T16:15:49.746+0000] {processor.py:178} INFO - Processing /home/airflow/.local/lib/python3.7/site-packages/airflow/example_dags/example_external_task_marker_dag.py took 0.225 seconds
[2023-09-14T16:16:19.960+0000] {processor.py:156} INFO - Started process (PID=624) to work on /home/airflow/.local/lib/python3.7/site-packages/airflow/example_dags/example_external_task_marker_dag.py
[2023-09-14T16:16:19.963+0000] {processor.py:799} INFO - Processing file /home/airflow/.local/lib/python3.7/site-packages/airflow/example_dags/example_external_task_marker_dag.py for tasks to queue
[2023-09-14T16:16:19.967+0000] {logging_mixin.py:149} INFO - [2023-09-14T16:16:19.966+0000] {dagbag.py:541} INFO - Filling up the DagBag from /home/airflow/.local/lib/python3.7/site-packages/airflow/example_dags/example_external_task_marker_dag.py
[2023-09-14T16:16:19.990+0000] {processor.py:809} INFO - DAG(s) dict_keys(['example_external_task_marker_child', 'example_external_task_marker_parent']) retrieved from /home/airflow/.local/lib/python3.7/site-packages/airflow/example_dags/example_external_task_marker_dag.py
[2023-09-14T16:16:20.071+0000] {logging_mixin.py:149} INFO - [2023-09-14T16:16:20.070+0000] {dag.py:2726} INFO - Sync 2 DAGs
[2023-09-14T16:16:20.134+0000] {logging_mixin.py:149} INFO - [2023-09-14T16:16:20.133+0000] {dag.py:3490} INFO - Setting next_dagrun for example_external_task_marker_child to None, run_after=None
[2023-09-14T16:16:20.142+0000] {logging_mixin.py:149} INFO - [2023-09-14T16:16:20.142+0000] {dag.py:3490} INFO - Setting next_dagrun for example_external_task_marker_parent to None, run_after=None
[2023-09-14T16:16:20.183+0000] {processor.py:178} INFO - Processing /home/airflow/.local/lib/python3.7/site-packages/airflow/example_dags/example_external_task_marker_dag.py took 0.231 seconds
[2023-09-14T16:16:51.109+0000] {processor.py:156} INFO - Started process (PID=685) to work on /home/airflow/.local/lib/python3.7/site-packages/airflow/example_dags/example_external_task_marker_dag.py
[2023-09-14T16:16:51.111+0000] {processor.py:799} INFO - Processing file /home/airflow/.local/lib/python3.7/site-packages/airflow/example_dags/example_external_task_marker_dag.py for tasks to queue
[2023-09-14T16:16:51.114+0000] {logging_mixin.py:149} INFO - [2023-09-14T16:16:51.114+0000] {dagbag.py:541} INFO - Filling up the DagBag from /home/airflow/.local/lib/python3.7/site-packages/airflow/example_dags/example_external_task_marker_dag.py
[2023-09-14T16:16:51.125+0000] {processor.py:809} INFO - DAG(s) dict_keys(['example_external_task_marker_parent', 'example_external_task_marker_child']) retrieved from /home/airflow/.local/lib/python3.7/site-packages/airflow/example_dags/example_external_task_marker_dag.py
[2023-09-14T16:16:51.256+0000] {logging_mixin.py:149} INFO - [2023-09-14T16:16:51.256+0000] {dag.py:2726} INFO - Sync 2 DAGs
[2023-09-14T16:16:51.320+0000] {logging_mixin.py:149} INFO - [2023-09-14T16:16:51.319+0000] {dag.py:3490} INFO - Setting next_dagrun for example_external_task_marker_child to None, run_after=None
[2023-09-14T16:16:51.336+0000] {logging_mixin.py:149} INFO - [2023-09-14T16:16:51.336+0000] {dag.py:3490} INFO - Setting next_dagrun for example_external_task_marker_parent to None, run_after=None
[2023-09-14T16:16:51.399+0000] {processor.py:178} INFO - Processing /home/airflow/.local/lib/python3.7/site-packages/airflow/example_dags/example_external_task_marker_dag.py took 0.296 seconds
[2023-09-14T16:35:47.805+0000] {processor.py:156} INFO - Started process (PID=54) to work on /home/airflow/.local/lib/python3.7/site-packages/airflow/example_dags/example_external_task_marker_dag.py
[2023-09-14T16:35:47.877+0000] {processor.py:799} INFO - Processing file /home/airflow/.local/lib/python3.7/site-packages/airflow/example_dags/example_external_task_marker_dag.py for tasks to queue
[2023-09-14T16:35:47.931+0000] {logging_mixin.py:149} INFO - [2023-09-14T16:35:47.924+0000] {dagbag.py:541} INFO - Filling up the DagBag from /home/airflow/.local/lib/python3.7/site-packages/airflow/example_dags/example_external_task_marker_dag.py
[2023-09-14T16:35:48.544+0000] {processor.py:809} INFO - DAG(s) dict_keys(['example_external_task_marker_parent', 'example_external_task_marker_child']) retrieved from /home/airflow/.local/lib/python3.7/site-packages/airflow/example_dags/example_external_task_marker_dag.py
[2023-09-14T16:35:49.878+0000] {logging_mixin.py:149} INFO - [2023-09-14T16:35:49.877+0000] {dag.py:2726} INFO - Sync 2 DAGs
[2023-09-14T16:35:50.266+0000] {logging_mixin.py:149} INFO - [2023-09-14T16:35:50.263+0000] {dag.py:3490} INFO - Setting next_dagrun for example_external_task_marker_child to None, run_after=None
[2023-09-14T16:35:50.351+0000] {logging_mixin.py:149} INFO - [2023-09-14T16:35:50.351+0000] {dag.py:3490} INFO - Setting next_dagrun for example_external_task_marker_parent to None, run_after=None
[2023-09-14T16:35:50.537+0000] {processor.py:178} INFO - Processing /home/airflow/.local/lib/python3.7/site-packages/airflow/example_dags/example_external_task_marker_dag.py took 3.223 seconds
[2023-09-14T16:36:34.982+0000] {processor.py:156} INFO - Started process (PID=122) to work on /home/airflow/.local/lib/python3.7/site-packages/airflow/example_dags/example_external_task_marker_dag.py
[2023-09-14T16:36:34.989+0000] {processor.py:799} INFO - Processing file /home/airflow/.local/lib/python3.7/site-packages/airflow/example_dags/example_external_task_marker_dag.py for tasks to queue
[2023-09-14T16:36:34.992+0000] {logging_mixin.py:149} INFO - [2023-09-14T16:36:34.991+0000] {dagbag.py:541} INFO - Filling up the DagBag from /home/airflow/.local/lib/python3.7/site-packages/airflow/example_dags/example_external_task_marker_dag.py
[2023-09-14T16:36:35.010+0000] {processor.py:809} INFO - DAG(s) dict_keys(['example_external_task_marker_child', 'example_external_task_marker_parent']) retrieved from /home/airflow/.local/lib/python3.7/site-packages/airflow/example_dags/example_external_task_marker_dag.py
[2023-09-14T16:36:35.086+0000] {logging_mixin.py:149} INFO - [2023-09-14T16:36:35.086+0000] {dag.py:2726} INFO - Sync 2 DAGs
[2023-09-14T16:36:35.140+0000] {logging_mixin.py:149} INFO - [2023-09-14T16:36:35.140+0000] {dag.py:3490} INFO - Setting next_dagrun for example_external_task_marker_child to None, run_after=None
[2023-09-14T16:36:35.389+0000] {logging_mixin.py:149} INFO - [2023-09-14T16:36:35.389+0000] {dag.py:3490} INFO - Setting next_dagrun for example_external_task_marker_parent to None, run_after=None
[2023-09-14T16:36:35.449+0000] {processor.py:178} INFO - Processing /home/airflow/.local/lib/python3.7/site-packages/airflow/example_dags/example_external_task_marker_dag.py took 0.473 seconds
[2023-09-14T16:38:39.886+0000] {processor.py:156} INFO - Started process (PID=47) to work on /home/airflow/.local/lib/python3.7/site-packages/airflow/example_dags/example_external_task_marker_dag.py
[2023-09-14T16:38:39.898+0000] {processor.py:799} INFO - Processing file /home/airflow/.local/lib/python3.7/site-packages/airflow/example_dags/example_external_task_marker_dag.py for tasks to queue
[2023-09-14T16:38:39.926+0000] {logging_mixin.py:149} INFO - [2023-09-14T16:38:39.925+0000] {dagbag.py:541} INFO - Filling up the DagBag from /home/airflow/.local/lib/python3.7/site-packages/airflow/example_dags/example_external_task_marker_dag.py
[2023-09-14T16:38:40.167+0000] {processor.py:809} INFO - DAG(s) dict_keys(['example_external_task_marker_parent', 'example_external_task_marker_child']) retrieved from /home/airflow/.local/lib/python3.7/site-packages/airflow/example_dags/example_external_task_marker_dag.py
[2023-09-14T16:38:40.799+0000] {logging_mixin.py:149} INFO - [2023-09-14T16:38:40.798+0000] {dag.py:2726} INFO - Sync 2 DAGs
[2023-09-14T16:38:41.203+0000] {logging_mixin.py:149} INFO - [2023-09-14T16:38:41.202+0000] {dag.py:3490} INFO - Setting next_dagrun for example_external_task_marker_child to None, run_after=None
[2023-09-14T16:38:41.236+0000] {logging_mixin.py:149} INFO - [2023-09-14T16:38:41.235+0000] {dag.py:3490} INFO - Setting next_dagrun for example_external_task_marker_parent to None, run_after=None
[2023-09-14T16:38:42.261+0000] {processor.py:178} INFO - Processing /home/airflow/.local/lib/python3.7/site-packages/airflow/example_dags/example_external_task_marker_dag.py took 2.411 seconds
[2023-09-14T16:39:36.016+0000] {processor.py:156} INFO - Started process (PID=114) to work on /home/airflow/.local/lib/python3.7/site-packages/airflow/example_dags/example_external_task_marker_dag.py
[2023-09-14T16:39:36.020+0000] {processor.py:799} INFO - Processing file /home/airflow/.local/lib/python3.7/site-packages/airflow/example_dags/example_external_task_marker_dag.py for tasks to queue
[2023-09-14T16:39:36.024+0000] {logging_mixin.py:149} INFO - [2023-09-14T16:39:36.023+0000] {dagbag.py:541} INFO - Filling up the DagBag from /home/airflow/.local/lib/python3.7/site-packages/airflow/example_dags/example_external_task_marker_dag.py
[2023-09-14T16:39:36.050+0000] {processor.py:809} INFO - DAG(s) dict_keys(['example_external_task_marker_child', 'example_external_task_marker_parent']) retrieved from /home/airflow/.local/lib/python3.7/site-packages/airflow/example_dags/example_external_task_marker_dag.py
[2023-09-14T16:39:36.173+0000] {logging_mixin.py:149} INFO - [2023-09-14T16:39:36.173+0000] {dag.py:2726} INFO - Sync 2 DAGs
[2023-09-14T16:39:36.350+0000] {logging_mixin.py:149} INFO - [2023-09-14T16:39:36.349+0000] {dag.py:3490} INFO - Setting next_dagrun for example_external_task_marker_child to None, run_after=None
[2023-09-14T16:39:36.390+0000] {logging_mixin.py:149} INFO - [2023-09-14T16:39:36.389+0000] {dag.py:3490} INFO - Setting next_dagrun for example_external_task_marker_parent to None, run_after=None
[2023-09-14T16:39:36.922+0000] {processor.py:178} INFO - Processing /home/airflow/.local/lib/python3.7/site-packages/airflow/example_dags/example_external_task_marker_dag.py took 0.920 seconds
[2023-09-14T16:40:12.148+0000] {processor.py:156} INFO - Started process (PID=175) to work on /home/airflow/.local/lib/python3.7/site-packages/airflow/example_dags/example_external_task_marker_dag.py
[2023-09-14T16:40:12.151+0000] {processor.py:799} INFO - Processing file /home/airflow/.local/lib/python3.7/site-packages/airflow/example_dags/example_external_task_marker_dag.py for tasks to queue
[2023-09-14T16:40:12.154+0000] {logging_mixin.py:149} INFO - [2023-09-14T16:40:12.153+0000] {dagbag.py:541} INFO - Filling up the DagBag from /home/airflow/.local/lib/python3.7/site-packages/airflow/example_dags/example_external_task_marker_dag.py
[2023-09-14T16:40:12.168+0000] {processor.py:809} INFO - DAG(s) dict_keys(['example_external_task_marker_parent', 'example_external_task_marker_child']) retrieved from /home/airflow/.local/lib/python3.7/site-packages/airflow/example_dags/example_external_task_marker_dag.py
[2023-09-14T16:40:12.508+0000] {logging_mixin.py:149} INFO - [2023-09-14T16:40:12.505+0000] {dag.py:2726} INFO - Sync 2 DAGs
[2023-09-14T16:40:12.571+0000] {logging_mixin.py:149} INFO - [2023-09-14T16:40:12.570+0000] {dag.py:3490} INFO - Setting next_dagrun for example_external_task_marker_child to None, run_after=None
[2023-09-14T16:40:12.582+0000] {logging_mixin.py:149} INFO - [2023-09-14T16:40:12.581+0000] {dag.py:3490} INFO - Setting next_dagrun for example_external_task_marker_parent to None, run_after=None
[2023-09-14T16:40:12.690+0000] {processor.py:178} INFO - Processing /home/airflow/.local/lib/python3.7/site-packages/airflow/example_dags/example_external_task_marker_dag.py took 0.551 seconds
[2023-09-14T16:40:43.422+0000] {processor.py:156} INFO - Started process (PID=236) to work on /home/airflow/.local/lib/python3.7/site-packages/airflow/example_dags/example_external_task_marker_dag.py
[2023-09-14T16:40:43.425+0000] {processor.py:799} INFO - Processing file /home/airflow/.local/lib/python3.7/site-packages/airflow/example_dags/example_external_task_marker_dag.py for tasks to queue
[2023-09-14T16:40:43.427+0000] {logging_mixin.py:149} INFO - [2023-09-14T16:40:43.427+0000] {dagbag.py:541} INFO - Filling up the DagBag from /home/airflow/.local/lib/python3.7/site-packages/airflow/example_dags/example_external_task_marker_dag.py
[2023-09-14T16:40:43.442+0000] {processor.py:809} INFO - DAG(s) dict_keys(['example_external_task_marker_child', 'example_external_task_marker_parent']) retrieved from /home/airflow/.local/lib/python3.7/site-packages/airflow/example_dags/example_external_task_marker_dag.py
[2023-09-14T16:40:43.531+0000] {logging_mixin.py:149} INFO - [2023-09-14T16:40:43.531+0000] {dag.py:2726} INFO - Sync 2 DAGs
[2023-09-14T16:40:43.626+0000] {logging_mixin.py:149} INFO - [2023-09-14T16:40:43.626+0000] {dag.py:3490} INFO - Setting next_dagrun for example_external_task_marker_child to None, run_after=None
[2023-09-14T16:40:43.636+0000] {logging_mixin.py:149} INFO - [2023-09-14T16:40:43.636+0000] {dag.py:3490} INFO - Setting next_dagrun for example_external_task_marker_parent to None, run_after=None
[2023-09-14T16:40:43.694+0000] {processor.py:178} INFO - Processing /home/airflow/.local/lib/python3.7/site-packages/airflow/example_dags/example_external_task_marker_dag.py took 0.280 seconds
[2023-09-14T16:41:14.006+0000] {processor.py:156} INFO - Started process (PID=304) to work on /home/airflow/.local/lib/python3.7/site-packages/airflow/example_dags/example_external_task_marker_dag.py
[2023-09-14T16:41:14.008+0000] {processor.py:799} INFO - Processing file /home/airflow/.local/lib/python3.7/site-packages/airflow/example_dags/example_external_task_marker_dag.py for tasks to queue
[2023-09-14T16:41:14.009+0000] {logging_mixin.py:149} INFO - [2023-09-14T16:41:14.009+0000] {dagbag.py:541} INFO - Filling up the DagBag from /home/airflow/.local/lib/python3.7/site-packages/airflow/example_dags/example_external_task_marker_dag.py
[2023-09-14T16:41:14.024+0000] {processor.py:809} INFO - DAG(s) dict_keys(['example_external_task_marker_child', 'example_external_task_marker_parent']) retrieved from /home/airflow/.local/lib/python3.7/site-packages/airflow/example_dags/example_external_task_marker_dag.py
[2023-09-14T16:41:14.092+0000] {logging_mixin.py:149} INFO - [2023-09-14T16:41:14.091+0000] {dag.py:2726} INFO - Sync 2 DAGs
[2023-09-14T16:41:14.147+0000] {logging_mixin.py:149} INFO - [2023-09-14T16:41:14.147+0000] {dag.py:3490} INFO - Setting next_dagrun for example_external_task_marker_child to None, run_after=None
[2023-09-14T16:41:14.157+0000] {logging_mixin.py:149} INFO - [2023-09-14T16:41:14.157+0000] {dag.py:3490} INFO - Setting next_dagrun for example_external_task_marker_parent to None, run_after=None
[2023-09-14T16:41:14.188+0000] {processor.py:178} INFO - Processing /home/airflow/.local/lib/python3.7/site-packages/airflow/example_dags/example_external_task_marker_dag.py took 0.188 seconds
[2023-09-14T16:41:44.776+0000] {processor.py:156} INFO - Started process (PID=365) to work on /home/airflow/.local/lib/python3.7/site-packages/airflow/example_dags/example_external_task_marker_dag.py
[2023-09-14T16:41:44.778+0000] {processor.py:799} INFO - Processing file /home/airflow/.local/lib/python3.7/site-packages/airflow/example_dags/example_external_task_marker_dag.py for tasks to queue
[2023-09-14T16:41:44.781+0000] {logging_mixin.py:149} INFO - [2023-09-14T16:41:44.780+0000] {dagbag.py:541} INFO - Filling up the DagBag from /home/airflow/.local/lib/python3.7/site-packages/airflow/example_dags/example_external_task_marker_dag.py
[2023-09-14T16:41:44.793+0000] {processor.py:809} INFO - DAG(s) dict_keys(['example_external_task_marker_parent', 'example_external_task_marker_child']) retrieved from /home/airflow/.local/lib/python3.7/site-packages/airflow/example_dags/example_external_task_marker_dag.py
[2023-09-14T16:41:44.863+0000] {logging_mixin.py:149} INFO - [2023-09-14T16:41:44.863+0000] {dag.py:2726} INFO - Sync 2 DAGs
[2023-09-14T16:41:44.914+0000] {logging_mixin.py:149} INFO - [2023-09-14T16:41:44.914+0000] {dag.py:3490} INFO - Setting next_dagrun for example_external_task_marker_child to None, run_after=None
[2023-09-14T16:41:44.923+0000] {logging_mixin.py:149} INFO - [2023-09-14T16:41:44.922+0000] {dag.py:3490} INFO - Setting next_dagrun for example_external_task_marker_parent to None, run_after=None
[2023-09-14T16:41:45.012+0000] {processor.py:178} INFO - Processing /home/airflow/.local/lib/python3.7/site-packages/airflow/example_dags/example_external_task_marker_dag.py took 0.248 seconds
[2023-09-14T16:42:15.333+0000] {processor.py:156} INFO - Started process (PID=426) to work on /home/airflow/.local/lib/python3.7/site-packages/airflow/example_dags/example_external_task_marker_dag.py
[2023-09-14T16:42:15.337+0000] {processor.py:799} INFO - Processing file /home/airflow/.local/lib/python3.7/site-packages/airflow/example_dags/example_external_task_marker_dag.py for tasks to queue
[2023-09-14T16:42:15.342+0000] {logging_mixin.py:149} INFO - [2023-09-14T16:42:15.341+0000] {dagbag.py:541} INFO - Filling up the DagBag from /home/airflow/.local/lib/python3.7/site-packages/airflow/example_dags/example_external_task_marker_dag.py
[2023-09-14T16:42:15.362+0000] {processor.py:809} INFO - DAG(s) dict_keys(['example_external_task_marker_parent', 'example_external_task_marker_child']) retrieved from /home/airflow/.local/lib/python3.7/site-packages/airflow/example_dags/example_external_task_marker_dag.py
[2023-09-14T16:42:15.446+0000] {logging_mixin.py:149} INFO - [2023-09-14T16:42:15.445+0000] {dag.py:2726} INFO - Sync 2 DAGs
[2023-09-14T16:42:15.554+0000] {logging_mixin.py:149} INFO - [2023-09-14T16:42:15.554+0000] {dag.py:3490} INFO - Setting next_dagrun for example_external_task_marker_child to None, run_after=None
[2023-09-14T16:42:15.564+0000] {logging_mixin.py:149} INFO - [2023-09-14T16:42:15.563+0000] {dag.py:3490} INFO - Setting next_dagrun for example_external_task_marker_parent to None, run_after=None
[2023-09-14T16:42:15.604+0000] {processor.py:178} INFO - Processing /home/airflow/.local/lib/python3.7/site-packages/airflow/example_dags/example_external_task_marker_dag.py took 0.284 seconds
[2023-09-14T16:42:46.949+0000] {processor.py:156} INFO - Started process (PID=488) to work on /home/airflow/.local/lib/python3.7/site-packages/airflow/example_dags/example_external_task_marker_dag.py
[2023-09-14T16:42:46.953+0000] {processor.py:799} INFO - Processing file /home/airflow/.local/lib/python3.7/site-packages/airflow/example_dags/example_external_task_marker_dag.py for tasks to queue
[2023-09-14T16:42:46.958+0000] {logging_mixin.py:149} INFO - [2023-09-14T16:42:46.957+0000] {dagbag.py:541} INFO - Filling up the DagBag from /home/airflow/.local/lib/python3.7/site-packages/airflow/example_dags/example_external_task_marker_dag.py
[2023-09-14T16:42:46.976+0000] {processor.py:809} INFO - DAG(s) dict_keys(['example_external_task_marker_child', 'example_external_task_marker_parent']) retrieved from /home/airflow/.local/lib/python3.7/site-packages/airflow/example_dags/example_external_task_marker_dag.py
[2023-09-14T16:42:47.056+0000] {logging_mixin.py:149} INFO - [2023-09-14T16:42:47.055+0000] {dag.py:2726} INFO - Sync 2 DAGs
[2023-09-14T16:42:47.166+0000] {logging_mixin.py:149} INFO - [2023-09-14T16:42:47.166+0000] {dag.py:3490} INFO - Setting next_dagrun for example_external_task_marker_child to None, run_after=None
[2023-09-14T16:42:47.182+0000] {logging_mixin.py:149} INFO - [2023-09-14T16:42:47.181+0000] {dag.py:3490} INFO - Setting next_dagrun for example_external_task_marker_parent to None, run_after=None
[2023-09-14T16:42:47.238+0000] {processor.py:178} INFO - Processing /home/airflow/.local/lib/python3.7/site-packages/airflow/example_dags/example_external_task_marker_dag.py took 0.302 seconds
[2023-09-14T16:43:17.728+0000] {processor.py:156} INFO - Started process (PID=549) to work on /home/airflow/.local/lib/python3.7/site-packages/airflow/example_dags/example_external_task_marker_dag.py
[2023-09-14T16:43:17.730+0000] {processor.py:799} INFO - Processing file /home/airflow/.local/lib/python3.7/site-packages/airflow/example_dags/example_external_task_marker_dag.py for tasks to queue
[2023-09-14T16:43:17.732+0000] {logging_mixin.py:149} INFO - [2023-09-14T16:43:17.732+0000] {dagbag.py:541} INFO - Filling up the DagBag from /home/airflow/.local/lib/python3.7/site-packages/airflow/example_dags/example_external_task_marker_dag.py
[2023-09-14T16:43:17.743+0000] {processor.py:809} INFO - DAG(s) dict_keys(['example_external_task_marker_parent', 'example_external_task_marker_child']) retrieved from /home/airflow/.local/lib/python3.7/site-packages/airflow/example_dags/example_external_task_marker_dag.py
[2023-09-14T16:43:17.793+0000] {logging_mixin.py:149} INFO - [2023-09-14T16:43:17.793+0000] {dag.py:2726} INFO - Sync 2 DAGs
[2023-09-14T16:43:17.866+0000] {logging_mixin.py:149} INFO - [2023-09-14T16:43:17.866+0000] {dag.py:3490} INFO - Setting next_dagrun for example_external_task_marker_child to None, run_after=None
[2023-09-14T16:43:17.875+0000] {logging_mixin.py:149} INFO - [2023-09-14T16:43:17.875+0000] {dag.py:3490} INFO - Setting next_dagrun for example_external_task_marker_parent to None, run_after=None
[2023-09-14T16:43:17.917+0000] {processor.py:178} INFO - Processing /home/airflow/.local/lib/python3.7/site-packages/airflow/example_dags/example_external_task_marker_dag.py took 0.194 seconds
[2023-09-14T16:43:49.455+0000] {processor.py:156} INFO - Started process (PID=610) to work on /home/airflow/.local/lib/python3.7/site-packages/airflow/example_dags/example_external_task_marker_dag.py
[2023-09-14T16:43:49.460+0000] {processor.py:799} INFO - Processing file /home/airflow/.local/lib/python3.7/site-packages/airflow/example_dags/example_external_task_marker_dag.py for tasks to queue
[2023-09-14T16:43:49.467+0000] {logging_mixin.py:149} INFO - [2023-09-14T16:43:49.466+0000] {dagbag.py:541} INFO - Filling up the DagBag from /home/airflow/.local/lib/python3.7/site-packages/airflow/example_dags/example_external_task_marker_dag.py
[2023-09-14T16:43:49.487+0000] {processor.py:809} INFO - DAG(s) dict_keys(['example_external_task_marker_child', 'example_external_task_marker_parent']) retrieved from /home/airflow/.local/lib/python3.7/site-packages/airflow/example_dags/example_external_task_marker_dag.py
[2023-09-14T16:43:49.571+0000] {logging_mixin.py:149} INFO - [2023-09-14T16:43:49.571+0000] {dag.py:2726} INFO - Sync 2 DAGs
[2023-09-14T16:43:49.657+0000] {logging_mixin.py:149} INFO - [2023-09-14T16:43:49.657+0000] {dag.py:3490} INFO - Setting next_dagrun for example_external_task_marker_child to None, run_after=None
[2023-09-14T16:43:49.674+0000] {logging_mixin.py:149} INFO - [2023-09-14T16:43:49.673+0000] {dag.py:3490} INFO - Setting next_dagrun for example_external_task_marker_parent to None, run_after=None
[2023-09-14T16:43:49.747+0000] {processor.py:178} INFO - Processing /home/airflow/.local/lib/python3.7/site-packages/airflow/example_dags/example_external_task_marker_dag.py took 0.303 seconds
[2023-09-14T16:44:20.979+0000] {processor.py:156} INFO - Started process (PID=672) to work on /home/airflow/.local/lib/python3.7/site-packages/airflow/example_dags/example_external_task_marker_dag.py
[2023-09-14T16:44:20.981+0000] {processor.py:799} INFO - Processing file /home/airflow/.local/lib/python3.7/site-packages/airflow/example_dags/example_external_task_marker_dag.py for tasks to queue
[2023-09-14T16:44:20.984+0000] {logging_mixin.py:149} INFO - [2023-09-14T16:44:20.983+0000] {dagbag.py:541} INFO - Filling up the DagBag from /home/airflow/.local/lib/python3.7/site-packages/airflow/example_dags/example_external_task_marker_dag.py
[2023-09-14T16:44:20.994+0000] {processor.py:809} INFO - DAG(s) dict_keys(['example_external_task_marker_child', 'example_external_task_marker_parent']) retrieved from /home/airflow/.local/lib/python3.7/site-packages/airflow/example_dags/example_external_task_marker_dag.py
[2023-09-14T16:44:21.059+0000] {logging_mixin.py:149} INFO - [2023-09-14T16:44:21.059+0000] {dag.py:2726} INFO - Sync 2 DAGs
[2023-09-14T16:44:21.116+0000] {logging_mixin.py:149} INFO - [2023-09-14T16:44:21.115+0000] {dag.py:3490} INFO - Setting next_dagrun for example_external_task_marker_child to None, run_after=None
[2023-09-14T16:44:21.124+0000] {logging_mixin.py:149} INFO - [2023-09-14T16:44:21.123+0000] {dag.py:3490} INFO - Setting next_dagrun for example_external_task_marker_parent to None, run_after=None
[2023-09-14T16:44:21.212+0000] {processor.py:178} INFO - Processing /home/airflow/.local/lib/python3.7/site-packages/airflow/example_dags/example_external_task_marker_dag.py took 0.238 seconds
[2023-09-14T16:44:52.610+0000] {processor.py:156} INFO - Started process (PID=732) to work on /home/airflow/.local/lib/python3.7/site-packages/airflow/example_dags/example_external_task_marker_dag.py
[2023-09-14T16:44:52.614+0000] {processor.py:799} INFO - Processing file /home/airflow/.local/lib/python3.7/site-packages/airflow/example_dags/example_external_task_marker_dag.py for tasks to queue
[2023-09-14T16:44:52.621+0000] {logging_mixin.py:149} INFO - [2023-09-14T16:44:52.620+0000] {dagbag.py:541} INFO - Filling up the DagBag from /home/airflow/.local/lib/python3.7/site-packages/airflow/example_dags/example_external_task_marker_dag.py
[2023-09-14T16:44:52.705+0000] {processor.py:809} INFO - DAG(s) dict_keys(['example_external_task_marker_child', 'example_external_task_marker_parent']) retrieved from /home/airflow/.local/lib/python3.7/site-packages/airflow/example_dags/example_external_task_marker_dag.py
[2023-09-14T16:44:52.962+0000] {logging_mixin.py:149} INFO - [2023-09-14T16:44:52.961+0000] {dag.py:2726} INFO - Sync 2 DAGs
[2023-09-14T16:44:53.380+0000] {logging_mixin.py:149} INFO - [2023-09-14T16:44:53.380+0000] {dag.py:3490} INFO - Setting next_dagrun for example_external_task_marker_child to None, run_after=None
[2023-09-14T16:44:53.421+0000] {logging_mixin.py:149} INFO - [2023-09-14T16:44:53.420+0000] {dag.py:3490} INFO - Setting next_dagrun for example_external_task_marker_parent to None, run_after=None
[2023-09-14T16:44:53.640+0000] {processor.py:178} INFO - Processing /home/airflow/.local/lib/python3.7/site-packages/airflow/example_dags/example_external_task_marker_dag.py took 1.046 seconds
[2023-09-14T16:45:24.022+0000] {processor.py:156} INFO - Started process (PID=785) to work on /home/airflow/.local/lib/python3.7/site-packages/airflow/example_dags/example_external_task_marker_dag.py
[2023-09-14T16:45:24.025+0000] {processor.py:799} INFO - Processing file /home/airflow/.local/lib/python3.7/site-packages/airflow/example_dags/example_external_task_marker_dag.py for tasks to queue
[2023-09-14T16:45:24.030+0000] {logging_mixin.py:149} INFO - [2023-09-14T16:45:24.030+0000] {dagbag.py:541} INFO - Filling up the DagBag from /home/airflow/.local/lib/python3.7/site-packages/airflow/example_dags/example_external_task_marker_dag.py
[2023-09-14T16:45:24.046+0000] {processor.py:809} INFO - DAG(s) dict_keys(['example_external_task_marker_parent', 'example_external_task_marker_child']) retrieved from /home/airflow/.local/lib/python3.7/site-packages/airflow/example_dags/example_external_task_marker_dag.py
[2023-09-14T16:45:24.124+0000] {logging_mixin.py:149} INFO - [2023-09-14T16:45:24.124+0000] {dag.py:2726} INFO - Sync 2 DAGs
[2023-09-14T16:45:24.194+0000] {logging_mixin.py:149} INFO - [2023-09-14T16:45:24.194+0000] {dag.py:3490} INFO - Setting next_dagrun for example_external_task_marker_child to None, run_after=None
[2023-09-14T16:45:24.207+0000] {logging_mixin.py:149} INFO - [2023-09-14T16:45:24.206+0000] {dag.py:3490} INFO - Setting next_dagrun for example_external_task_marker_parent to None, run_after=None
[2023-09-14T16:45:24.305+0000] {processor.py:178} INFO - Processing /home/airflow/.local/lib/python3.7/site-packages/airflow/example_dags/example_external_task_marker_dag.py took 0.291 seconds
[2023-09-14T16:45:54.814+0000] {processor.py:156} INFO - Started process (PID=846) to work on /home/airflow/.local/lib/python3.7/site-packages/airflow/example_dags/example_external_task_marker_dag.py
[2023-09-14T16:45:54.817+0000] {processor.py:799} INFO - Processing file /home/airflow/.local/lib/python3.7/site-packages/airflow/example_dags/example_external_task_marker_dag.py for tasks to queue
[2023-09-14T16:45:54.818+0000] {logging_mixin.py:149} INFO - [2023-09-14T16:45:54.818+0000] {dagbag.py:541} INFO - Filling up the DagBag from /home/airflow/.local/lib/python3.7/site-packages/airflow/example_dags/example_external_task_marker_dag.py
[2023-09-14T16:45:54.828+0000] {processor.py:809} INFO - DAG(s) dict_keys(['example_external_task_marker_child', 'example_external_task_marker_parent']) retrieved from /home/airflow/.local/lib/python3.7/site-packages/airflow/example_dags/example_external_task_marker_dag.py
[2023-09-14T16:45:54.868+0000] {logging_mixin.py:149} INFO - [2023-09-14T16:45:54.868+0000] {dag.py:2726} INFO - Sync 2 DAGs
[2023-09-14T16:45:54.929+0000] {logging_mixin.py:149} INFO - [2023-09-14T16:45:54.929+0000] {dag.py:3490} INFO - Setting next_dagrun for example_external_task_marker_child to None, run_after=None
[2023-09-14T16:45:54.937+0000] {logging_mixin.py:149} INFO - [2023-09-14T16:45:54.936+0000] {dag.py:3490} INFO - Setting next_dagrun for example_external_task_marker_parent to None, run_after=None
[2023-09-14T16:45:55.018+0000] {processor.py:178} INFO - Processing /home/airflow/.local/lib/python3.7/site-packages/airflow/example_dags/example_external_task_marker_dag.py took 0.212 seconds
[2023-09-14T16:46:25.158+0000] {processor.py:156} INFO - Started process (PID=907) to work on /home/airflow/.local/lib/python3.7/site-packages/airflow/example_dags/example_external_task_marker_dag.py
[2023-09-14T16:46:25.166+0000] {processor.py:799} INFO - Processing file /home/airflow/.local/lib/python3.7/site-packages/airflow/example_dags/example_external_task_marker_dag.py for tasks to queue
[2023-09-14T16:46:25.173+0000] {logging_mixin.py:149} INFO - [2023-09-14T16:46:25.171+0000] {dagbag.py:541} INFO - Filling up the DagBag from /home/airflow/.local/lib/python3.7/site-packages/airflow/example_dags/example_external_task_marker_dag.py
[2023-09-14T16:46:25.226+0000] {processor.py:809} INFO - DAG(s) dict_keys(['example_external_task_marker_parent', 'example_external_task_marker_child']) retrieved from /home/airflow/.local/lib/python3.7/site-packages/airflow/example_dags/example_external_task_marker_dag.py
[2023-09-14T16:46:25.398+0000] {logging_mixin.py:149} INFO - [2023-09-14T16:46:25.397+0000] {dag.py:2726} INFO - Sync 2 DAGs
[2023-09-14T16:46:25.509+0000] {logging_mixin.py:149} INFO - [2023-09-14T16:46:25.509+0000] {dag.py:3490} INFO - Setting next_dagrun for example_external_task_marker_child to None, run_after=None
[2023-09-14T16:46:25.529+0000] {logging_mixin.py:149} INFO - [2023-09-14T16:46:25.528+0000] {dag.py:3490} INFO - Setting next_dagrun for example_external_task_marker_parent to None, run_after=None
[2023-09-14T16:46:25.603+0000] {processor.py:178} INFO - Processing /home/airflow/.local/lib/python3.7/site-packages/airflow/example_dags/example_external_task_marker_dag.py took 0.463 seconds
[2023-09-14T16:46:57.021+0000] {processor.py:156} INFO - Started process (PID=968) to work on /home/airflow/.local/lib/python3.7/site-packages/airflow/example_dags/example_external_task_marker_dag.py
[2023-09-14T16:46:57.026+0000] {processor.py:799} INFO - Processing file /home/airflow/.local/lib/python3.7/site-packages/airflow/example_dags/example_external_task_marker_dag.py for tasks to queue
[2023-09-14T16:46:57.031+0000] {logging_mixin.py:149} INFO - [2023-09-14T16:46:57.030+0000] {dagbag.py:541} INFO - Filling up the DagBag from /home/airflow/.local/lib/python3.7/site-packages/airflow/example_dags/example_external_task_marker_dag.py
[2023-09-14T16:46:57.047+0000] {processor.py:809} INFO - DAG(s) dict_keys(['example_external_task_marker_parent', 'example_external_task_marker_child']) retrieved from /home/airflow/.local/lib/python3.7/site-packages/airflow/example_dags/example_external_task_marker_dag.py
[2023-09-14T16:46:57.214+0000] {logging_mixin.py:149} INFO - [2023-09-14T16:46:57.214+0000] {dag.py:2726} INFO - Sync 2 DAGs
[2023-09-14T16:46:57.288+0000] {logging_mixin.py:149} INFO - [2023-09-14T16:46:57.288+0000] {dag.py:3490} INFO - Setting next_dagrun for example_external_task_marker_child to None, run_after=None
[2023-09-14T16:46:57.297+0000] {logging_mixin.py:149} INFO - [2023-09-14T16:46:57.297+0000] {dag.py:3490} INFO - Setting next_dagrun for example_external_task_marker_parent to None, run_after=None
[2023-09-14T16:46:57.341+0000] {processor.py:178} INFO - Processing /home/airflow/.local/lib/python3.7/site-packages/airflow/example_dags/example_external_task_marker_dag.py took 0.331 seconds
[2023-09-14T16:47:29.267+0000] {processor.py:156} INFO - Started process (PID=1029) to work on /home/airflow/.local/lib/python3.7/site-packages/airflow/example_dags/example_external_task_marker_dag.py
[2023-09-14T16:47:29.271+0000] {processor.py:799} INFO - Processing file /home/airflow/.local/lib/python3.7/site-packages/airflow/example_dags/example_external_task_marker_dag.py for tasks to queue
[2023-09-14T16:47:29.275+0000] {logging_mixin.py:149} INFO - [2023-09-14T16:47:29.274+0000] {dagbag.py:541} INFO - Filling up the DagBag from /home/airflow/.local/lib/python3.7/site-packages/airflow/example_dags/example_external_task_marker_dag.py
[2023-09-14T16:47:29.293+0000] {processor.py:809} INFO - DAG(s) dict_keys(['example_external_task_marker_child', 'example_external_task_marker_parent']) retrieved from /home/airflow/.local/lib/python3.7/site-packages/airflow/example_dags/example_external_task_marker_dag.py
[2023-09-14T16:47:29.429+0000] {logging_mixin.py:149} INFO - [2023-09-14T16:47:29.429+0000] {dag.py:2726} INFO - Sync 2 DAGs
[2023-09-14T16:47:29.571+0000] {logging_mixin.py:149} INFO - [2023-09-14T16:47:29.567+0000] {dag.py:3490} INFO - Setting next_dagrun for example_external_task_marker_child to None, run_after=None
[2023-09-14T16:47:29.597+0000] {logging_mixin.py:149} INFO - [2023-09-14T16:47:29.596+0000] {dag.py:3490} INFO - Setting next_dagrun for example_external_task_marker_parent to None, run_after=None
[2023-09-14T16:47:29.756+0000] {processor.py:178} INFO - Processing /home/airflow/.local/lib/python3.7/site-packages/airflow/example_dags/example_external_task_marker_dag.py took 0.502 seconds
[2023-09-14T16:48:01.002+0000] {processor.py:156} INFO - Started process (PID=1090) to work on /home/airflow/.local/lib/python3.7/site-packages/airflow/example_dags/example_external_task_marker_dag.py
[2023-09-14T16:48:01.011+0000] {processor.py:799} INFO - Processing file /home/airflow/.local/lib/python3.7/site-packages/airflow/example_dags/example_external_task_marker_dag.py for tasks to queue
[2023-09-14T16:48:01.020+0000] {logging_mixin.py:149} INFO - [2023-09-14T16:48:01.019+0000] {dagbag.py:541} INFO - Filling up the DagBag from /home/airflow/.local/lib/python3.7/site-packages/airflow/example_dags/example_external_task_marker_dag.py
[2023-09-14T16:48:01.051+0000] {processor.py:809} INFO - DAG(s) dict_keys(['example_external_task_marker_parent', 'example_external_task_marker_child']) retrieved from /home/airflow/.local/lib/python3.7/site-packages/airflow/example_dags/example_external_task_marker_dag.py
[2023-09-14T16:48:01.272+0000] {logging_mixin.py:149} INFO - [2023-09-14T16:48:01.272+0000] {dag.py:2726} INFO - Sync 2 DAGs
[2023-09-14T16:48:01.647+0000] {logging_mixin.py:149} INFO - [2023-09-14T16:48:01.646+0000] {dag.py:3490} INFO - Setting next_dagrun for example_external_task_marker_child to None, run_after=None
[2023-09-14T16:48:01.687+0000] {logging_mixin.py:149} INFO - [2023-09-14T16:48:01.687+0000] {dag.py:3490} INFO - Setting next_dagrun for example_external_task_marker_parent to None, run_after=None
[2023-09-14T16:48:01.907+0000] {processor.py:178} INFO - Processing /home/airflow/.local/lib/python3.7/site-packages/airflow/example_dags/example_external_task_marker_dag.py took 0.933 seconds
[2023-09-14T16:48:32.189+0000] {processor.py:156} INFO - Started process (PID=1150) to work on /home/airflow/.local/lib/python3.7/site-packages/airflow/example_dags/example_external_task_marker_dag.py
[2023-09-14T16:48:32.192+0000] {processor.py:799} INFO - Processing file /home/airflow/.local/lib/python3.7/site-packages/airflow/example_dags/example_external_task_marker_dag.py for tasks to queue
[2023-09-14T16:48:32.196+0000] {logging_mixin.py:149} INFO - [2023-09-14T16:48:32.195+0000] {dagbag.py:541} INFO - Filling up the DagBag from /home/airflow/.local/lib/python3.7/site-packages/airflow/example_dags/example_external_task_marker_dag.py
[2023-09-14T16:48:32.207+0000] {processor.py:809} INFO - DAG(s) dict_keys(['example_external_task_marker_parent', 'example_external_task_marker_child']) retrieved from /home/airflow/.local/lib/python3.7/site-packages/airflow/example_dags/example_external_task_marker_dag.py
[2023-09-14T16:48:32.271+0000] {logging_mixin.py:149} INFO - [2023-09-14T16:48:32.270+0000] {dag.py:2726} INFO - Sync 2 DAGs
[2023-09-14T16:48:32.346+0000] {logging_mixin.py:149} INFO - [2023-09-14T16:48:32.346+0000] {dag.py:3490} INFO - Setting next_dagrun for example_external_task_marker_child to None, run_after=None
[2023-09-14T16:48:32.356+0000] {logging_mixin.py:149} INFO - [2023-09-14T16:48:32.356+0000] {dag.py:3490} INFO - Setting next_dagrun for example_external_task_marker_parent to None, run_after=None
[2023-09-14T16:48:32.445+0000] {processor.py:178} INFO - Processing /home/airflow/.local/lib/python3.7/site-packages/airflow/example_dags/example_external_task_marker_dag.py took 0.265 seconds
[2023-09-14T16:49:02.702+0000] {processor.py:156} INFO - Started process (PID=1211) to work on /home/airflow/.local/lib/python3.7/site-packages/airflow/example_dags/example_external_task_marker_dag.py
[2023-09-14T16:49:02.710+0000] {processor.py:799} INFO - Processing file /home/airflow/.local/lib/python3.7/site-packages/airflow/example_dags/example_external_task_marker_dag.py for tasks to queue
[2023-09-14T16:49:02.714+0000] {logging_mixin.py:149} INFO - [2023-09-14T16:49:02.713+0000] {dagbag.py:541} INFO - Filling up the DagBag from /home/airflow/.local/lib/python3.7/site-packages/airflow/example_dags/example_external_task_marker_dag.py
[2023-09-14T16:49:02.737+0000] {processor.py:809} INFO - DAG(s) dict_keys(['example_external_task_marker_parent', 'example_external_task_marker_child']) retrieved from /home/airflow/.local/lib/python3.7/site-packages/airflow/example_dags/example_external_task_marker_dag.py
[2023-09-14T16:49:02.808+0000] {logging_mixin.py:149} INFO - [2023-09-14T16:49:02.807+0000] {dag.py:2726} INFO - Sync 2 DAGs
[2023-09-14T16:49:02.868+0000] {logging_mixin.py:149} INFO - [2023-09-14T16:49:02.868+0000] {dag.py:3490} INFO - Setting next_dagrun for example_external_task_marker_child to None, run_after=None
[2023-09-14T16:49:02.879+0000] {logging_mixin.py:149} INFO - [2023-09-14T16:49:02.878+0000] {dag.py:3490} INFO - Setting next_dagrun for example_external_task_marker_parent to None, run_after=None
[2023-09-14T16:49:02.977+0000] {processor.py:178} INFO - Processing /home/airflow/.local/lib/python3.7/site-packages/airflow/example_dags/example_external_task_marker_dag.py took 0.281 seconds
[2023-09-14T16:49:33.526+0000] {processor.py:156} INFO - Started process (PID=1272) to work on /home/airflow/.local/lib/python3.7/site-packages/airflow/example_dags/example_external_task_marker_dag.py
[2023-09-14T16:49:33.530+0000] {processor.py:799} INFO - Processing file /home/airflow/.local/lib/python3.7/site-packages/airflow/example_dags/example_external_task_marker_dag.py for tasks to queue
[2023-09-14T16:49:33.534+0000] {logging_mixin.py:149} INFO - [2023-09-14T16:49:33.533+0000] {dagbag.py:541} INFO - Filling up the DagBag from /home/airflow/.local/lib/python3.7/site-packages/airflow/example_dags/example_external_task_marker_dag.py
[2023-09-14T16:49:33.552+0000] {processor.py:809} INFO - DAG(s) dict_keys(['example_external_task_marker_parent', 'example_external_task_marker_child']) retrieved from /home/airflow/.local/lib/python3.7/site-packages/airflow/example_dags/example_external_task_marker_dag.py
[2023-09-14T16:49:33.654+0000] {logging_mixin.py:149} INFO - [2023-09-14T16:49:33.653+0000] {dag.py:2726} INFO - Sync 2 DAGs
[2023-09-14T16:49:33.772+0000] {logging_mixin.py:149} INFO - [2023-09-14T16:49:33.772+0000] {dag.py:3490} INFO - Setting next_dagrun for example_external_task_marker_child to None, run_after=None
[2023-09-14T16:49:33.786+0000] {logging_mixin.py:149} INFO - [2023-09-14T16:49:33.784+0000] {dag.py:3490} INFO - Setting next_dagrun for example_external_task_marker_parent to None, run_after=None
[2023-09-14T16:49:33.854+0000] {processor.py:178} INFO - Processing /home/airflow/.local/lib/python3.7/site-packages/airflow/example_dags/example_external_task_marker_dag.py took 0.336 seconds
[2023-09-14T16:50:04.142+0000] {processor.py:156} INFO - Started process (PID=1333) to work on /home/airflow/.local/lib/python3.7/site-packages/airflow/example_dags/example_external_task_marker_dag.py
[2023-09-14T16:50:04.147+0000] {processor.py:799} INFO - Processing file /home/airflow/.local/lib/python3.7/site-packages/airflow/example_dags/example_external_task_marker_dag.py for tasks to queue
[2023-09-14T16:50:04.152+0000] {logging_mixin.py:149} INFO - [2023-09-14T16:50:04.151+0000] {dagbag.py:541} INFO - Filling up the DagBag from /home/airflow/.local/lib/python3.7/site-packages/airflow/example_dags/example_external_task_marker_dag.py
[2023-09-14T16:50:04.178+0000] {processor.py:809} INFO - DAG(s) dict_keys(['example_external_task_marker_parent', 'example_external_task_marker_child']) retrieved from /home/airflow/.local/lib/python3.7/site-packages/airflow/example_dags/example_external_task_marker_dag.py
[2023-09-14T16:50:04.274+0000] {logging_mixin.py:149} INFO - [2023-09-14T16:50:04.273+0000] {dag.py:2726} INFO - Sync 2 DAGs
[2023-09-14T16:50:04.366+0000] {logging_mixin.py:149} INFO - [2023-09-14T16:50:04.366+0000] {dag.py:3490} INFO - Setting next_dagrun for example_external_task_marker_child to None, run_after=None
[2023-09-14T16:50:04.383+0000] {logging_mixin.py:149} INFO - [2023-09-14T16:50:04.383+0000] {dag.py:3490} INFO - Setting next_dagrun for example_external_task_marker_parent to None, run_after=None
[2023-09-14T16:50:04.494+0000] {processor.py:178} INFO - Processing /home/airflow/.local/lib/python3.7/site-packages/airflow/example_dags/example_external_task_marker_dag.py took 0.365 seconds
[2023-09-14T16:50:34.681+0000] {processor.py:156} INFO - Started process (PID=1394) to work on /home/airflow/.local/lib/python3.7/site-packages/airflow/example_dags/example_external_task_marker_dag.py
[2023-09-14T16:50:34.684+0000] {processor.py:799} INFO - Processing file /home/airflow/.local/lib/python3.7/site-packages/airflow/example_dags/example_external_task_marker_dag.py for tasks to queue
[2023-09-14T16:50:34.686+0000] {logging_mixin.py:149} INFO - [2023-09-14T16:50:34.686+0000] {dagbag.py:541} INFO - Filling up the DagBag from /home/airflow/.local/lib/python3.7/site-packages/airflow/example_dags/example_external_task_marker_dag.py
[2023-09-14T16:50:34.704+0000] {processor.py:809} INFO - DAG(s) dict_keys(['example_external_task_marker_parent', 'example_external_task_marker_child']) retrieved from /home/airflow/.local/lib/python3.7/site-packages/airflow/example_dags/example_external_task_marker_dag.py
[2023-09-14T16:50:35.119+0000] {logging_mixin.py:149} INFO - [2023-09-14T16:50:35.118+0000] {dag.py:2726} INFO - Sync 2 DAGs
[2023-09-14T16:50:35.585+0000] {logging_mixin.py:149} INFO - [2023-09-14T16:50:35.584+0000] {dag.py:3490} INFO - Setting next_dagrun for example_external_task_marker_child to None, run_after=None
[2023-09-14T16:50:35.623+0000] {logging_mixin.py:149} INFO - [2023-09-14T16:50:35.622+0000] {dag.py:3490} INFO - Setting next_dagrun for example_external_task_marker_parent to None, run_after=None
[2023-09-14T16:50:35.822+0000] {processor.py:178} INFO - Processing /home/airflow/.local/lib/python3.7/site-packages/airflow/example_dags/example_external_task_marker_dag.py took 1.148 seconds
[2023-09-14T16:51:06.508+0000] {processor.py:156} INFO - Started process (PID=1455) to work on /home/airflow/.local/lib/python3.7/site-packages/airflow/example_dags/example_external_task_marker_dag.py
[2023-09-14T16:51:06.524+0000] {processor.py:799} INFO - Processing file /home/airflow/.local/lib/python3.7/site-packages/airflow/example_dags/example_external_task_marker_dag.py for tasks to queue
[2023-09-14T16:51:06.542+0000] {logging_mixin.py:149} INFO - [2023-09-14T16:51:06.541+0000] {dagbag.py:541} INFO - Filling up the DagBag from /home/airflow/.local/lib/python3.7/site-packages/airflow/example_dags/example_external_task_marker_dag.py
[2023-09-14T16:51:06.631+0000] {processor.py:809} INFO - DAG(s) dict_keys(['example_external_task_marker_child', 'example_external_task_marker_parent']) retrieved from /home/airflow/.local/lib/python3.7/site-packages/airflow/example_dags/example_external_task_marker_dag.py
[2023-09-14T16:51:06.867+0000] {logging_mixin.py:149} INFO - [2023-09-14T16:51:06.867+0000] {dag.py:2726} INFO - Sync 2 DAGs
[2023-09-14T16:51:06.993+0000] {logging_mixin.py:149} INFO - [2023-09-14T16:51:06.993+0000] {dag.py:3490} INFO - Setting next_dagrun for example_external_task_marker_child to None, run_after=None
[2023-09-14T16:51:07.011+0000] {logging_mixin.py:149} INFO - [2023-09-14T16:51:07.010+0000] {dag.py:3490} INFO - Setting next_dagrun for example_external_task_marker_parent to None, run_after=None
[2023-09-14T16:51:07.091+0000] {processor.py:178} INFO - Processing /home/airflow/.local/lib/python3.7/site-packages/airflow/example_dags/example_external_task_marker_dag.py took 0.608 seconds
[2023-09-14T16:51:37.645+0000] {processor.py:156} INFO - Started process (PID=1516) to work on /home/airflow/.local/lib/python3.7/site-packages/airflow/example_dags/example_external_task_marker_dag.py
[2023-09-14T16:51:37.650+0000] {processor.py:799} INFO - Processing file /home/airflow/.local/lib/python3.7/site-packages/airflow/example_dags/example_external_task_marker_dag.py for tasks to queue
[2023-09-14T16:51:37.654+0000] {logging_mixin.py:149} INFO - [2023-09-14T16:51:37.653+0000] {dagbag.py:541} INFO - Filling up the DagBag from /home/airflow/.local/lib/python3.7/site-packages/airflow/example_dags/example_external_task_marker_dag.py
[2023-09-14T16:51:37.671+0000] {processor.py:809} INFO - DAG(s) dict_keys(['example_external_task_marker_child', 'example_external_task_marker_parent']) retrieved from /home/airflow/.local/lib/python3.7/site-packages/airflow/example_dags/example_external_task_marker_dag.py
[2023-09-14T16:51:37.752+0000] {logging_mixin.py:149} INFO - [2023-09-14T16:51:37.752+0000] {dag.py:2726} INFO - Sync 2 DAGs
[2023-09-14T16:51:37.826+0000] {logging_mixin.py:149} INFO - [2023-09-14T16:51:37.825+0000] {dag.py:3490} INFO - Setting next_dagrun for example_external_task_marker_child to None, run_after=None
[2023-09-14T16:51:37.841+0000] {logging_mixin.py:149} INFO - [2023-09-14T16:51:37.841+0000] {dag.py:3490} INFO - Setting next_dagrun for example_external_task_marker_parent to None, run_after=None
[2023-09-14T16:51:37.900+0000] {processor.py:178} INFO - Processing /home/airflow/.local/lib/python3.7/site-packages/airflow/example_dags/example_external_task_marker_dag.py took 0.268 seconds
[2023-09-14T16:52:08.115+0000] {processor.py:156} INFO - Started process (PID=1578) to work on /home/airflow/.local/lib/python3.7/site-packages/airflow/example_dags/example_external_task_marker_dag.py
[2023-09-14T16:52:08.118+0000] {processor.py:799} INFO - Processing file /home/airflow/.local/lib/python3.7/site-packages/airflow/example_dags/example_external_task_marker_dag.py for tasks to queue
[2023-09-14T16:52:08.122+0000] {logging_mixin.py:149} INFO - [2023-09-14T16:52:08.121+0000] {dagbag.py:541} INFO - Filling up the DagBag from /home/airflow/.local/lib/python3.7/site-packages/airflow/example_dags/example_external_task_marker_dag.py
[2023-09-14T16:52:08.142+0000] {processor.py:809} INFO - DAG(s) dict_keys(['example_external_task_marker_parent', 'example_external_task_marker_child']) retrieved from /home/airflow/.local/lib/python3.7/site-packages/airflow/example_dags/example_external_task_marker_dag.py
[2023-09-14T16:52:08.233+0000] {logging_mixin.py:149} INFO - [2023-09-14T16:52:08.232+0000] {dag.py:2726} INFO - Sync 2 DAGs
[2023-09-14T16:52:08.296+0000] {logging_mixin.py:149} INFO - [2023-09-14T16:52:08.295+0000] {dag.py:3490} INFO - Setting next_dagrun for example_external_task_marker_child to None, run_after=None
[2023-09-14T16:52:08.307+0000] {logging_mixin.py:149} INFO - [2023-09-14T16:52:08.307+0000] {dag.py:3490} INFO - Setting next_dagrun for example_external_task_marker_parent to None, run_after=None
[2023-09-14T16:52:08.354+0000] {processor.py:178} INFO - Processing /home/airflow/.local/lib/python3.7/site-packages/airflow/example_dags/example_external_task_marker_dag.py took 0.248 seconds
[2023-09-14T16:52:38.708+0000] {processor.py:156} INFO - Started process (PID=1639) to work on /home/airflow/.local/lib/python3.7/site-packages/airflow/example_dags/example_external_task_marker_dag.py
[2023-09-14T16:52:38.710+0000] {processor.py:799} INFO - Processing file /home/airflow/.local/lib/python3.7/site-packages/airflow/example_dags/example_external_task_marker_dag.py for tasks to queue
[2023-09-14T16:52:38.712+0000] {logging_mixin.py:149} INFO - [2023-09-14T16:52:38.712+0000] {dagbag.py:541} INFO - Filling up the DagBag from /home/airflow/.local/lib/python3.7/site-packages/airflow/example_dags/example_external_task_marker_dag.py
[2023-09-14T16:52:38.724+0000] {processor.py:809} INFO - DAG(s) dict_keys(['example_external_task_marker_child', 'example_external_task_marker_parent']) retrieved from /home/airflow/.local/lib/python3.7/site-packages/airflow/example_dags/example_external_task_marker_dag.py
[2023-09-14T16:52:38.795+0000] {logging_mixin.py:149} INFO - [2023-09-14T16:52:38.794+0000] {dag.py:2726} INFO - Sync 2 DAGs
[2023-09-14T16:52:38.878+0000] {logging_mixin.py:149} INFO - [2023-09-14T16:52:38.877+0000] {dag.py:3490} INFO - Setting next_dagrun for example_external_task_marker_child to None, run_after=None
[2023-09-14T16:52:38.889+0000] {logging_mixin.py:149} INFO - [2023-09-14T16:52:38.889+0000] {dag.py:3490} INFO - Setting next_dagrun for example_external_task_marker_parent to None, run_after=None
[2023-09-14T16:52:38.988+0000] {processor.py:178} INFO - Processing /home/airflow/.local/lib/python3.7/site-packages/airflow/example_dags/example_external_task_marker_dag.py took 0.288 seconds
[2023-09-14T16:53:09.431+0000] {processor.py:156} INFO - Started process (PID=1700) to work on /home/airflow/.local/lib/python3.7/site-packages/airflow/example_dags/example_external_task_marker_dag.py
[2023-09-14T16:53:09.434+0000] {processor.py:799} INFO - Processing file /home/airflow/.local/lib/python3.7/site-packages/airflow/example_dags/example_external_task_marker_dag.py for tasks to queue
[2023-09-14T16:53:09.435+0000] {logging_mixin.py:149} INFO - [2023-09-14T16:53:09.435+0000] {dagbag.py:541} INFO - Filling up the DagBag from /home/airflow/.local/lib/python3.7/site-packages/airflow/example_dags/example_external_task_marker_dag.py
[2023-09-14T16:53:09.466+0000] {processor.py:809} INFO - DAG(s) dict_keys(['example_external_task_marker_parent', 'example_external_task_marker_child']) retrieved from /home/airflow/.local/lib/python3.7/site-packages/airflow/example_dags/example_external_task_marker_dag.py
[2023-09-14T16:53:09.569+0000] {logging_mixin.py:149} INFO - [2023-09-14T16:53:09.568+0000] {dag.py:2726} INFO - Sync 2 DAGs
[2023-09-14T16:53:09.708+0000] {logging_mixin.py:149} INFO - [2023-09-14T16:53:09.707+0000] {dag.py:3490} INFO - Setting next_dagrun for example_external_task_marker_child to None, run_after=None
[2023-09-14T16:53:09.728+0000] {logging_mixin.py:149} INFO - [2023-09-14T16:53:09.728+0000] {dag.py:3490} INFO - Setting next_dagrun for example_external_task_marker_parent to None, run_after=None
[2023-09-14T16:53:09.806+0000] {processor.py:178} INFO - Processing /home/airflow/.local/lib/python3.7/site-packages/airflow/example_dags/example_external_task_marker_dag.py took 0.383 seconds
[2023-09-14T16:53:43.460+0000] {processor.py:156} INFO - Started process (PID=1766) to work on /home/airflow/.local/lib/python3.7/site-packages/airflow/example_dags/example_external_task_marker_dag.py
[2023-09-14T16:53:43.468+0000] {processor.py:799} INFO - Processing file /home/airflow/.local/lib/python3.7/site-packages/airflow/example_dags/example_external_task_marker_dag.py for tasks to queue
[2023-09-14T16:53:43.472+0000] {logging_mixin.py:149} INFO - [2023-09-14T16:53:43.472+0000] {dagbag.py:541} INFO - Filling up the DagBag from /home/airflow/.local/lib/python3.7/site-packages/airflow/example_dags/example_external_task_marker_dag.py
[2023-09-14T16:53:43.503+0000] {processor.py:809} INFO - DAG(s) dict_keys(['example_external_task_marker_parent', 'example_external_task_marker_child']) retrieved from /home/airflow/.local/lib/python3.7/site-packages/airflow/example_dags/example_external_task_marker_dag.py
[2023-09-14T16:53:43.639+0000] {logging_mixin.py:149} INFO - [2023-09-14T16:53:43.638+0000] {dag.py:2726} INFO - Sync 2 DAGs
[2023-09-14T16:53:43.747+0000] {logging_mixin.py:149} INFO - [2023-09-14T16:53:43.747+0000] {dag.py:3490} INFO - Setting next_dagrun for example_external_task_marker_child to None, run_after=None
[2023-09-14T16:53:43.757+0000] {logging_mixin.py:149} INFO - [2023-09-14T16:53:43.757+0000] {dag.py:3490} INFO - Setting next_dagrun for example_external_task_marker_parent to None, run_after=None
[2023-09-14T16:53:43.901+0000] {processor.py:178} INFO - Processing /home/airflow/.local/lib/python3.7/site-packages/airflow/example_dags/example_external_task_marker_dag.py took 0.453 seconds
[2023-09-14T16:54:20.947+0000] {processor.py:156} INFO - Started process (PID=1839) to work on /home/airflow/.local/lib/python3.7/site-packages/airflow/example_dags/example_external_task_marker_dag.py
[2023-09-14T16:54:20.954+0000] {processor.py:799} INFO - Processing file /home/airflow/.local/lib/python3.7/site-packages/airflow/example_dags/example_external_task_marker_dag.py for tasks to queue
[2023-09-14T16:54:20.973+0000] {logging_mixin.py:149} INFO - [2023-09-14T16:54:20.972+0000] {dagbag.py:541} INFO - Filling up the DagBag from /home/airflow/.local/lib/python3.7/site-packages/airflow/example_dags/example_external_task_marker_dag.py
[2023-09-14T16:54:21.070+0000] {processor.py:809} INFO - DAG(s) dict_keys(['example_external_task_marker_parent', 'example_external_task_marker_child']) retrieved from /home/airflow/.local/lib/python3.7/site-packages/airflow/example_dags/example_external_task_marker_dag.py
[2023-09-14T16:54:21.376+0000] {logging_mixin.py:149} INFO - [2023-09-14T16:54:21.376+0000] {dag.py:2726} INFO - Sync 2 DAGs
[2023-09-14T16:54:21.704+0000] {logging_mixin.py:149} INFO - [2023-09-14T16:54:21.703+0000] {dag.py:3490} INFO - Setting next_dagrun for example_external_task_marker_child to None, run_after=None
[2023-09-14T16:54:21.808+0000] {logging_mixin.py:149} INFO - [2023-09-14T16:54:21.797+0000] {dag.py:3490} INFO - Setting next_dagrun for example_external_task_marker_parent to None, run_after=None
[2023-09-14T16:54:21.981+0000] {processor.py:178} INFO - Processing /home/airflow/.local/lib/python3.7/site-packages/airflow/example_dags/example_external_task_marker_dag.py took 1.068 seconds
[2023-09-14T16:55:02.158+0000] {processor.py:156} INFO - Started process (PID=1905) to work on /home/airflow/.local/lib/python3.7/site-packages/airflow/example_dags/example_external_task_marker_dag.py
[2023-09-14T16:55:02.161+0000] {processor.py:799} INFO - Processing file /home/airflow/.local/lib/python3.7/site-packages/airflow/example_dags/example_external_task_marker_dag.py for tasks to queue
[2023-09-14T16:55:02.163+0000] {logging_mixin.py:149} INFO - [2023-09-14T16:55:02.163+0000] {dagbag.py:541} INFO - Filling up the DagBag from /home/airflow/.local/lib/python3.7/site-packages/airflow/example_dags/example_external_task_marker_dag.py
[2023-09-14T16:55:02.175+0000] {processor.py:809} INFO - DAG(s) dict_keys(['example_external_task_marker_child', 'example_external_task_marker_parent']) retrieved from /home/airflow/.local/lib/python3.7/site-packages/airflow/example_dags/example_external_task_marker_dag.py
[2023-09-14T16:55:02.270+0000] {logging_mixin.py:149} INFO - [2023-09-14T16:55:02.270+0000] {dag.py:2726} INFO - Sync 2 DAGs
[2023-09-14T16:55:02.357+0000] {logging_mixin.py:149} INFO - [2023-09-14T16:55:02.356+0000] {dag.py:3490} INFO - Setting next_dagrun for example_external_task_marker_child to None, run_after=None
[2023-09-14T16:55:02.372+0000] {logging_mixin.py:149} INFO - [2023-09-14T16:55:02.369+0000] {dag.py:3490} INFO - Setting next_dagrun for example_external_task_marker_parent to None, run_after=None
[2023-09-14T16:55:02.426+0000] {processor.py:178} INFO - Processing /home/airflow/.local/lib/python3.7/site-packages/airflow/example_dags/example_external_task_marker_dag.py took 0.276 seconds
[2023-09-14T16:55:33.263+0000] {processor.py:156} INFO - Started process (PID=1971) to work on /home/airflow/.local/lib/python3.7/site-packages/airflow/example_dags/example_external_task_marker_dag.py
[2023-09-14T16:55:33.266+0000] {processor.py:799} INFO - Processing file /home/airflow/.local/lib/python3.7/site-packages/airflow/example_dags/example_external_task_marker_dag.py for tasks to queue
[2023-09-14T16:55:33.269+0000] {logging_mixin.py:149} INFO - [2023-09-14T16:55:33.269+0000] {dagbag.py:541} INFO - Filling up the DagBag from /home/airflow/.local/lib/python3.7/site-packages/airflow/example_dags/example_external_task_marker_dag.py
[2023-09-14T16:55:33.292+0000] {processor.py:809} INFO - DAG(s) dict_keys(['example_external_task_marker_parent', 'example_external_task_marker_child']) retrieved from /home/airflow/.local/lib/python3.7/site-packages/airflow/example_dags/example_external_task_marker_dag.py
[2023-09-14T16:55:33.396+0000] {logging_mixin.py:149} INFO - [2023-09-14T16:55:33.396+0000] {dag.py:2726} INFO - Sync 2 DAGs
[2023-09-14T16:55:33.472+0000] {logging_mixin.py:149} INFO - [2023-09-14T16:55:33.472+0000] {dag.py:3490} INFO - Setting next_dagrun for example_external_task_marker_child to None, run_after=None
[2023-09-14T16:55:33.487+0000] {logging_mixin.py:149} INFO - [2023-09-14T16:55:33.487+0000] {dag.py:3490} INFO - Setting next_dagrun for example_external_task_marker_parent to None, run_after=None
[2023-09-14T16:55:33.583+0000] {processor.py:178} INFO - Processing /home/airflow/.local/lib/python3.7/site-packages/airflow/example_dags/example_external_task_marker_dag.py took 0.326 seconds
[2023-09-14T16:56:04.073+0000] {processor.py:156} INFO - Started process (PID=2027) to work on /home/airflow/.local/lib/python3.7/site-packages/airflow/example_dags/example_external_task_marker_dag.py
[2023-09-14T16:56:04.076+0000] {processor.py:799} INFO - Processing file /home/airflow/.local/lib/python3.7/site-packages/airflow/example_dags/example_external_task_marker_dag.py for tasks to queue
[2023-09-14T16:56:04.078+0000] {logging_mixin.py:149} INFO - [2023-09-14T16:56:04.077+0000] {dagbag.py:541} INFO - Filling up the DagBag from /home/airflow/.local/lib/python3.7/site-packages/airflow/example_dags/example_external_task_marker_dag.py
[2023-09-14T16:56:04.103+0000] {processor.py:809} INFO - DAG(s) dict_keys(['example_external_task_marker_parent', 'example_external_task_marker_child']) retrieved from /home/airflow/.local/lib/python3.7/site-packages/airflow/example_dags/example_external_task_marker_dag.py
[2023-09-14T16:56:04.261+0000] {logging_mixin.py:149} INFO - [2023-09-14T16:56:04.260+0000] {dag.py:2726} INFO - Sync 2 DAGs
[2023-09-14T16:56:04.376+0000] {logging_mixin.py:149} INFO - [2023-09-14T16:56:04.375+0000] {dag.py:3490} INFO - Setting next_dagrun for example_external_task_marker_child to None, run_after=None
[2023-09-14T16:56:04.387+0000] {logging_mixin.py:149} INFO - [2023-09-14T16:56:04.386+0000] {dag.py:3490} INFO - Setting next_dagrun for example_external_task_marker_parent to None, run_after=None
[2023-09-14T16:56:04.450+0000] {processor.py:178} INFO - Processing /home/airflow/.local/lib/python3.7/site-packages/airflow/example_dags/example_external_task_marker_dag.py took 0.387 seconds
[2023-09-14T16:56:34.915+0000] {processor.py:156} INFO - Started process (PID=2091) to work on /home/airflow/.local/lib/python3.7/site-packages/airflow/example_dags/example_external_task_marker_dag.py
[2023-09-14T16:56:34.918+0000] {processor.py:799} INFO - Processing file /home/airflow/.local/lib/python3.7/site-packages/airflow/example_dags/example_external_task_marker_dag.py for tasks to queue
[2023-09-14T16:56:34.920+0000] {logging_mixin.py:149} INFO - [2023-09-14T16:56:34.920+0000] {dagbag.py:541} INFO - Filling up the DagBag from /home/airflow/.local/lib/python3.7/site-packages/airflow/example_dags/example_external_task_marker_dag.py
[2023-09-14T16:56:34.980+0000] {processor.py:809} INFO - DAG(s) dict_keys(['example_external_task_marker_parent', 'example_external_task_marker_child']) retrieved from /home/airflow/.local/lib/python3.7/site-packages/airflow/example_dags/example_external_task_marker_dag.py
[2023-09-14T16:56:35.107+0000] {logging_mixin.py:149} INFO - [2023-09-14T16:56:35.107+0000] {dag.py:2726} INFO - Sync 2 DAGs
[2023-09-14T16:56:35.238+0000] {logging_mixin.py:149} INFO - [2023-09-14T16:56:35.238+0000] {dag.py:3490} INFO - Setting next_dagrun for example_external_task_marker_child to None, run_after=None
[2023-09-14T16:56:35.252+0000] {logging_mixin.py:149} INFO - [2023-09-14T16:56:35.252+0000] {dag.py:3490} INFO - Setting next_dagrun for example_external_task_marker_parent to None, run_after=None
[2023-09-14T16:56:35.339+0000] {processor.py:178} INFO - Processing /home/airflow/.local/lib/python3.7/site-packages/airflow/example_dags/example_external_task_marker_dag.py took 0.438 seconds
[2023-09-14T16:57:05.940+0000] {processor.py:156} INFO - Started process (PID=2156) to work on /home/airflow/.local/lib/python3.7/site-packages/airflow/example_dags/example_external_task_marker_dag.py
[2023-09-14T16:57:05.943+0000] {processor.py:799} INFO - Processing file /home/airflow/.local/lib/python3.7/site-packages/airflow/example_dags/example_external_task_marker_dag.py for tasks to queue
[2023-09-14T16:57:05.946+0000] {logging_mixin.py:149} INFO - [2023-09-14T16:57:05.946+0000] {dagbag.py:541} INFO - Filling up the DagBag from /home/airflow/.local/lib/python3.7/site-packages/airflow/example_dags/example_external_task_marker_dag.py
[2023-09-14T16:57:05.964+0000] {processor.py:809} INFO - DAG(s) dict_keys(['example_external_task_marker_parent', 'example_external_task_marker_child']) retrieved from /home/airflow/.local/lib/python3.7/site-packages/airflow/example_dags/example_external_task_marker_dag.py
[2023-09-14T16:57:06.085+0000] {logging_mixin.py:149} INFO - [2023-09-14T16:57:06.084+0000] {dag.py:2726} INFO - Sync 2 DAGs
[2023-09-14T16:57:06.175+0000] {logging_mixin.py:149} INFO - [2023-09-14T16:57:06.174+0000] {dag.py:3490} INFO - Setting next_dagrun for example_external_task_marker_child to None, run_after=None
[2023-09-14T16:57:06.188+0000] {logging_mixin.py:149} INFO - [2023-09-14T16:57:06.188+0000] {dag.py:3490} INFO - Setting next_dagrun for example_external_task_marker_parent to None, run_after=None
[2023-09-14T16:57:06.295+0000] {processor.py:178} INFO - Processing /home/airflow/.local/lib/python3.7/site-packages/airflow/example_dags/example_external_task_marker_dag.py took 0.364 seconds
[2023-09-14T16:57:36.951+0000] {processor.py:156} INFO - Started process (PID=2223) to work on /home/airflow/.local/lib/python3.7/site-packages/airflow/example_dags/example_external_task_marker_dag.py
[2023-09-14T16:57:36.957+0000] {processor.py:799} INFO - Processing file /home/airflow/.local/lib/python3.7/site-packages/airflow/example_dags/example_external_task_marker_dag.py for tasks to queue
[2023-09-14T16:57:36.961+0000] {logging_mixin.py:149} INFO - [2023-09-14T16:57:36.960+0000] {dagbag.py:541} INFO - Filling up the DagBag from /home/airflow/.local/lib/python3.7/site-packages/airflow/example_dags/example_external_task_marker_dag.py
[2023-09-14T16:57:36.979+0000] {processor.py:809} INFO - DAG(s) dict_keys(['example_external_task_marker_parent', 'example_external_task_marker_child']) retrieved from /home/airflow/.local/lib/python3.7/site-packages/airflow/example_dags/example_external_task_marker_dag.py
[2023-09-14T16:57:37.114+0000] {logging_mixin.py:149} INFO - [2023-09-14T16:57:37.113+0000] {dag.py:2726} INFO - Sync 2 DAGs
[2023-09-14T16:57:37.252+0000] {logging_mixin.py:149} INFO - [2023-09-14T16:57:37.252+0000] {dag.py:3490} INFO - Setting next_dagrun for example_external_task_marker_child to None, run_after=None
[2023-09-14T16:57:37.282+0000] {logging_mixin.py:149} INFO - [2023-09-14T16:57:37.281+0000] {dag.py:3490} INFO - Setting next_dagrun for example_external_task_marker_parent to None, run_after=None
[2023-09-14T16:57:37.353+0000] {processor.py:178} INFO - Processing /home/airflow/.local/lib/python3.7/site-packages/airflow/example_dags/example_external_task_marker_dag.py took 0.420 seconds
[2023-09-14T16:58:08.065+0000] {processor.py:156} INFO - Started process (PID=2288) to work on /home/airflow/.local/lib/python3.7/site-packages/airflow/example_dags/example_external_task_marker_dag.py
[2023-09-14T16:58:08.070+0000] {processor.py:799} INFO - Processing file /home/airflow/.local/lib/python3.7/site-packages/airflow/example_dags/example_external_task_marker_dag.py for tasks to queue
[2023-09-14T16:58:08.073+0000] {logging_mixin.py:149} INFO - [2023-09-14T16:58:08.073+0000] {dagbag.py:541} INFO - Filling up the DagBag from /home/airflow/.local/lib/python3.7/site-packages/airflow/example_dags/example_external_task_marker_dag.py
[2023-09-14T16:58:08.093+0000] {processor.py:809} INFO - DAG(s) dict_keys(['example_external_task_marker_child', 'example_external_task_marker_parent']) retrieved from /home/airflow/.local/lib/python3.7/site-packages/airflow/example_dags/example_external_task_marker_dag.py
[2023-09-14T16:58:08.233+0000] {logging_mixin.py:149} INFO - [2023-09-14T16:58:08.233+0000] {dag.py:2726} INFO - Sync 2 DAGs
[2023-09-14T16:58:08.380+0000] {logging_mixin.py:149} INFO - [2023-09-14T16:58:08.378+0000] {dag.py:3490} INFO - Setting next_dagrun for example_external_task_marker_child to None, run_after=None
[2023-09-14T16:58:08.407+0000] {logging_mixin.py:149} INFO - [2023-09-14T16:58:08.407+0000] {dag.py:3490} INFO - Setting next_dagrun for example_external_task_marker_parent to None, run_after=None
[2023-09-14T16:58:08.544+0000] {processor.py:178} INFO - Processing /home/airflow/.local/lib/python3.7/site-packages/airflow/example_dags/example_external_task_marker_dag.py took 0.494 seconds
[2023-09-14T16:58:52.629+0000] {processor.py:156} INFO - Started process (PID=2361) to work on /home/airflow/.local/lib/python3.7/site-packages/airflow/example_dags/example_external_task_marker_dag.py
[2023-09-14T16:58:52.646+0000] {processor.py:799} INFO - Processing file /home/airflow/.local/lib/python3.7/site-packages/airflow/example_dags/example_external_task_marker_dag.py for tasks to queue
[2023-09-14T16:58:52.653+0000] {logging_mixin.py:149} INFO - [2023-09-14T16:58:52.652+0000] {dagbag.py:541} INFO - Filling up the DagBag from /home/airflow/.local/lib/python3.7/site-packages/airflow/example_dags/example_external_task_marker_dag.py
[2023-09-14T16:58:52.728+0000] {processor.py:809} INFO - DAG(s) dict_keys(['example_external_task_marker_parent', 'example_external_task_marker_child']) retrieved from /home/airflow/.local/lib/python3.7/site-packages/airflow/example_dags/example_external_task_marker_dag.py
[2023-09-14T16:58:52.971+0000] {logging_mixin.py:149} INFO - [2023-09-14T16:58:52.970+0000] {dag.py:2726} INFO - Sync 2 DAGs
[2023-09-14T16:58:53.125+0000] {logging_mixin.py:149} INFO - [2023-09-14T16:58:53.125+0000] {dag.py:3490} INFO - Setting next_dagrun for example_external_task_marker_child to None, run_after=None
[2023-09-14T16:58:53.149+0000] {logging_mixin.py:149} INFO - [2023-09-14T16:58:53.149+0000] {dag.py:3490} INFO - Setting next_dagrun for example_external_task_marker_parent to None, run_after=None
[2023-09-14T16:58:53.276+0000] {processor.py:178} INFO - Processing /home/airflow/.local/lib/python3.7/site-packages/airflow/example_dags/example_external_task_marker_dag.py took 0.693 seconds
[2023-09-14T16:59:23.600+0000] {processor.py:156} INFO - Started process (PID=2425) to work on /home/airflow/.local/lib/python3.7/site-packages/airflow/example_dags/example_external_task_marker_dag.py
[2023-09-14T16:59:23.602+0000] {processor.py:799} INFO - Processing file /home/airflow/.local/lib/python3.7/site-packages/airflow/example_dags/example_external_task_marker_dag.py for tasks to queue
[2023-09-14T16:59:23.604+0000] {logging_mixin.py:149} INFO - [2023-09-14T16:59:23.604+0000] {dagbag.py:541} INFO - Filling up the DagBag from /home/airflow/.local/lib/python3.7/site-packages/airflow/example_dags/example_external_task_marker_dag.py
[2023-09-14T16:59:23.621+0000] {processor.py:809} INFO - DAG(s) dict_keys(['example_external_task_marker_child', 'example_external_task_marker_parent']) retrieved from /home/airflow/.local/lib/python3.7/site-packages/airflow/example_dags/example_external_task_marker_dag.py
[2023-09-14T16:59:23.707+0000] {logging_mixin.py:149} INFO - [2023-09-14T16:59:23.706+0000] {dag.py:2726} INFO - Sync 2 DAGs
[2023-09-14T16:59:23.790+0000] {logging_mixin.py:149} INFO - [2023-09-14T16:59:23.790+0000] {dag.py:3490} INFO - Setting next_dagrun for example_external_task_marker_child to None, run_after=None
[2023-09-14T16:59:23.805+0000] {logging_mixin.py:149} INFO - [2023-09-14T16:59:23.804+0000] {dag.py:3490} INFO - Setting next_dagrun for example_external_task_marker_parent to None, run_after=None
[2023-09-14T16:59:23.859+0000] {processor.py:178} INFO - Processing /home/airflow/.local/lib/python3.7/site-packages/airflow/example_dags/example_external_task_marker_dag.py took 0.267 seconds
[2023-09-14T16:59:55.313+0000] {processor.py:156} INFO - Started process (PID=2496) to work on /home/airflow/.local/lib/python3.7/site-packages/airflow/example_dags/example_external_task_marker_dag.py
[2023-09-14T16:59:55.317+0000] {processor.py:799} INFO - Processing file /home/airflow/.local/lib/python3.7/site-packages/airflow/example_dags/example_external_task_marker_dag.py for tasks to queue
[2023-09-14T16:59:55.323+0000] {logging_mixin.py:149} INFO - [2023-09-14T16:59:55.321+0000] {dagbag.py:541} INFO - Filling up the DagBag from /home/airflow/.local/lib/python3.7/site-packages/airflow/example_dags/example_external_task_marker_dag.py
[2023-09-14T16:59:55.359+0000] {processor.py:809} INFO - DAG(s) dict_keys(['example_external_task_marker_parent', 'example_external_task_marker_child']) retrieved from /home/airflow/.local/lib/python3.7/site-packages/airflow/example_dags/example_external_task_marker_dag.py
[2023-09-14T16:59:55.526+0000] {logging_mixin.py:149} INFO - [2023-09-14T16:59:55.523+0000] {dag.py:2726} INFO - Sync 2 DAGs
[2023-09-14T16:59:55.729+0000] {logging_mixin.py:149} INFO - [2023-09-14T16:59:55.729+0000] {dag.py:3490} INFO - Setting next_dagrun for example_external_task_marker_child to None, run_after=None
[2023-09-14T16:59:55.753+0000] {logging_mixin.py:149} INFO - [2023-09-14T16:59:55.752+0000] {dag.py:3490} INFO - Setting next_dagrun for example_external_task_marker_parent to None, run_after=None
[2023-09-14T16:59:55.863+0000] {processor.py:178} INFO - Processing /home/airflow/.local/lib/python3.7/site-packages/airflow/example_dags/example_external_task_marker_dag.py took 0.569 seconds
[2023-09-14T17:00:26.301+0000] {processor.py:156} INFO - Started process (PID=2560) to work on /home/airflow/.local/lib/python3.7/site-packages/airflow/example_dags/example_external_task_marker_dag.py
[2023-09-14T17:00:26.305+0000] {processor.py:799} INFO - Processing file /home/airflow/.local/lib/python3.7/site-packages/airflow/example_dags/example_external_task_marker_dag.py for tasks to queue
[2023-09-14T17:00:26.308+0000] {logging_mixin.py:149} INFO - [2023-09-14T17:00:26.307+0000] {dagbag.py:541} INFO - Filling up the DagBag from /home/airflow/.local/lib/python3.7/site-packages/airflow/example_dags/example_external_task_marker_dag.py
[2023-09-14T17:00:26.336+0000] {processor.py:809} INFO - DAG(s) dict_keys(['example_external_task_marker_parent', 'example_external_task_marker_child']) retrieved from /home/airflow/.local/lib/python3.7/site-packages/airflow/example_dags/example_external_task_marker_dag.py
[2023-09-14T17:00:26.441+0000] {logging_mixin.py:149} INFO - [2023-09-14T17:00:26.440+0000] {dag.py:2726} INFO - Sync 2 DAGs
[2023-09-14T17:00:26.552+0000] {logging_mixin.py:149} INFO - [2023-09-14T17:00:26.552+0000] {dag.py:3490} INFO - Setting next_dagrun for example_external_task_marker_child to None, run_after=None
[2023-09-14T17:00:26.576+0000] {logging_mixin.py:149} INFO - [2023-09-14T17:00:26.574+0000] {dag.py:3490} INFO - Setting next_dagrun for example_external_task_marker_parent to None, run_after=None
[2023-09-14T17:00:26.658+0000] {processor.py:178} INFO - Processing /home/airflow/.local/lib/python3.7/site-packages/airflow/example_dags/example_external_task_marker_dag.py took 0.373 seconds
[2023-09-14T17:00:56.899+0000] {processor.py:156} INFO - Started process (PID=2624) to work on /home/airflow/.local/lib/python3.7/site-packages/airflow/example_dags/example_external_task_marker_dag.py
[2023-09-14T17:00:56.901+0000] {processor.py:799} INFO - Processing file /home/airflow/.local/lib/python3.7/site-packages/airflow/example_dags/example_external_task_marker_dag.py for tasks to queue
[2023-09-14T17:00:56.908+0000] {logging_mixin.py:149} INFO - [2023-09-14T17:00:56.907+0000] {dagbag.py:541} INFO - Filling up the DagBag from /home/airflow/.local/lib/python3.7/site-packages/airflow/example_dags/example_external_task_marker_dag.py
[2023-09-14T17:00:56.934+0000] {processor.py:809} INFO - DAG(s) dict_keys(['example_external_task_marker_parent', 'example_external_task_marker_child']) retrieved from /home/airflow/.local/lib/python3.7/site-packages/airflow/example_dags/example_external_task_marker_dag.py
[2023-09-14T17:00:57.013+0000] {logging_mixin.py:149} INFO - [2023-09-14T17:00:57.013+0000] {dag.py:2726} INFO - Sync 2 DAGs
[2023-09-14T17:00:57.087+0000] {logging_mixin.py:149} INFO - [2023-09-14T17:00:57.085+0000] {dag.py:3490} INFO - Setting next_dagrun for example_external_task_marker_child to None, run_after=None
[2023-09-14T17:00:57.097+0000] {logging_mixin.py:149} INFO - [2023-09-14T17:00:57.096+0000] {dag.py:3490} INFO - Setting next_dagrun for example_external_task_marker_parent to None, run_after=None
[2023-09-14T17:00:57.147+0000] {processor.py:178} INFO - Processing /home/airflow/.local/lib/python3.7/site-packages/airflow/example_dags/example_external_task_marker_dag.py took 0.254 seconds
[2023-09-14T17:01:27.631+0000] {processor.py:156} INFO - Started process (PID=2688) to work on /home/airflow/.local/lib/python3.7/site-packages/airflow/example_dags/example_external_task_marker_dag.py
[2023-09-14T17:01:27.633+0000] {processor.py:799} INFO - Processing file /home/airflow/.local/lib/python3.7/site-packages/airflow/example_dags/example_external_task_marker_dag.py for tasks to queue
[2023-09-14T17:01:27.634+0000] {logging_mixin.py:149} INFO - [2023-09-14T17:01:27.634+0000] {dagbag.py:541} INFO - Filling up the DagBag from /home/airflow/.local/lib/python3.7/site-packages/airflow/example_dags/example_external_task_marker_dag.py
[2023-09-14T17:01:27.645+0000] {processor.py:809} INFO - DAG(s) dict_keys(['example_external_task_marker_parent', 'example_external_task_marker_child']) retrieved from /home/airflow/.local/lib/python3.7/site-packages/airflow/example_dags/example_external_task_marker_dag.py
[2023-09-14T17:01:27.695+0000] {logging_mixin.py:149} INFO - [2023-09-14T17:01:27.695+0000] {dag.py:2726} INFO - Sync 2 DAGs
[2023-09-14T17:01:27.752+0000] {logging_mixin.py:149} INFO - [2023-09-14T17:01:27.752+0000] {dag.py:3490} INFO - Setting next_dagrun for example_external_task_marker_child to None, run_after=None
[2023-09-14T17:01:27.762+0000] {logging_mixin.py:149} INFO - [2023-09-14T17:01:27.761+0000] {dag.py:3490} INFO - Setting next_dagrun for example_external_task_marker_parent to None, run_after=None
[2023-09-14T17:01:27.799+0000] {processor.py:178} INFO - Processing /home/airflow/.local/lib/python3.7/site-packages/airflow/example_dags/example_external_task_marker_dag.py took 0.173 seconds
[2023-09-14T17:01:57.968+0000] {processor.py:156} INFO - Started process (PID=2753) to work on /home/airflow/.local/lib/python3.7/site-packages/airflow/example_dags/example_external_task_marker_dag.py
[2023-09-14T17:01:57.970+0000] {processor.py:799} INFO - Processing file /home/airflow/.local/lib/python3.7/site-packages/airflow/example_dags/example_external_task_marker_dag.py for tasks to queue
[2023-09-14T17:01:57.971+0000] {logging_mixin.py:149} INFO - [2023-09-14T17:01:57.971+0000] {dagbag.py:541} INFO - Filling up the DagBag from /home/airflow/.local/lib/python3.7/site-packages/airflow/example_dags/example_external_task_marker_dag.py
[2023-09-14T17:01:57.984+0000] {processor.py:809} INFO - DAG(s) dict_keys(['example_external_task_marker_child', 'example_external_task_marker_parent']) retrieved from /home/airflow/.local/lib/python3.7/site-packages/airflow/example_dags/example_external_task_marker_dag.py
[2023-09-14T17:01:58.038+0000] {logging_mixin.py:149} INFO - [2023-09-14T17:01:58.038+0000] {dag.py:2726} INFO - Sync 2 DAGs
[2023-09-14T17:01:58.091+0000] {logging_mixin.py:149} INFO - [2023-09-14T17:01:58.091+0000] {dag.py:3490} INFO - Setting next_dagrun for example_external_task_marker_child to None, run_after=None
[2023-09-14T17:01:58.099+0000] {logging_mixin.py:149} INFO - [2023-09-14T17:01:58.099+0000] {dag.py:3490} INFO - Setting next_dagrun for example_external_task_marker_parent to None, run_after=None
[2023-09-14T17:01:58.136+0000] {processor.py:178} INFO - Processing /home/airflow/.local/lib/python3.7/site-packages/airflow/example_dags/example_external_task_marker_dag.py took 0.173 seconds
