[2023-09-14T16:11:29.641+0000] {processor.py:156} INFO - Started process (PID=104) to work on /home/airflow/.local/lib/python3.7/site-packages/airflow/example_dags/example_nested_branch_dag.py
[2023-09-14T16:11:29.645+0000] {processor.py:799} INFO - Processing file /home/airflow/.local/lib/python3.7/site-packages/airflow/example_dags/example_nested_branch_dag.py for tasks to queue
[2023-09-14T16:11:29.652+0000] {logging_mixin.py:149} INFO - [2023-09-14T16:11:29.651+0000] {dagbag.py:541} INFO - Filling up the DagBag from /home/airflow/.local/lib/python3.7/site-packages/airflow/example_dags/example_nested_branch_dag.py
[2023-09-14T16:11:29.719+0000] {processor.py:809} INFO - DAG(s) dict_keys(['example_nested_branch_dag']) retrieved from /home/airflow/.local/lib/python3.7/site-packages/airflow/example_dags/example_nested_branch_dag.py
[2023-09-14T16:11:29.888+0000] {logging_mixin.py:149} INFO - [2023-09-14T16:11:29.888+0000] {dag.py:2726} INFO - Sync 1 DAGs
[2023-09-14T16:11:30.090+0000] {logging_mixin.py:149} INFO - [2023-09-14T16:11:30.089+0000] {dag.py:3490} INFO - Setting next_dagrun for example_nested_branch_dag to 2023-09-13T00:00:00+00:00, run_after=2023-09-14T00:00:00+00:00
[2023-09-14T16:11:30.721+0000] {processor.py:178} INFO - Processing /home/airflow/.local/lib/python3.7/site-packages/airflow/example_dags/example_nested_branch_dag.py took 1.106 seconds
[2023-09-14T16:12:11.450+0000] {processor.py:156} INFO - Started process (PID=165) to work on /home/airflow/.local/lib/python3.7/site-packages/airflow/example_dags/example_nested_branch_dag.py
[2023-09-14T16:12:11.458+0000] {processor.py:799} INFO - Processing file /home/airflow/.local/lib/python3.7/site-packages/airflow/example_dags/example_nested_branch_dag.py for tasks to queue
[2023-09-14T16:12:11.477+0000] {logging_mixin.py:149} INFO - [2023-09-14T16:12:11.476+0000] {dagbag.py:541} INFO - Filling up the DagBag from /home/airflow/.local/lib/python3.7/site-packages/airflow/example_dags/example_nested_branch_dag.py
[2023-09-14T16:12:11.606+0000] {processor.py:809} INFO - DAG(s) dict_keys(['example_nested_branch_dag']) retrieved from /home/airflow/.local/lib/python3.7/site-packages/airflow/example_dags/example_nested_branch_dag.py
[2023-09-14T16:12:12.776+0000] {logging_mixin.py:149} INFO - [2023-09-14T16:12:12.776+0000] {dag.py:2726} INFO - Sync 1 DAGs
[2023-09-14T16:12:12.950+0000] {logging_mixin.py:149} INFO - [2023-09-14T16:12:12.949+0000] {dag.py:3490} INFO - Setting next_dagrun for example_nested_branch_dag to 2023-09-13T00:00:00+00:00, run_after=2023-09-14T00:00:00+00:00
[2023-09-14T16:12:13.112+0000] {processor.py:178} INFO - Processing /home/airflow/.local/lib/python3.7/site-packages/airflow/example_dags/example_nested_branch_dag.py took 1.688 seconds
[2023-09-14T16:12:44.096+0000] {processor.py:156} INFO - Started process (PID=226) to work on /home/airflow/.local/lib/python3.7/site-packages/airflow/example_dags/example_nested_branch_dag.py
[2023-09-14T16:12:44.119+0000] {processor.py:799} INFO - Processing file /home/airflow/.local/lib/python3.7/site-packages/airflow/example_dags/example_nested_branch_dag.py for tasks to queue
[2023-09-14T16:12:44.129+0000] {logging_mixin.py:149} INFO - [2023-09-14T16:12:44.128+0000] {dagbag.py:541} INFO - Filling up the DagBag from /home/airflow/.local/lib/python3.7/site-packages/airflow/example_dags/example_nested_branch_dag.py
[2023-09-14T16:12:44.209+0000] {processor.py:809} INFO - DAG(s) dict_keys(['example_nested_branch_dag']) retrieved from /home/airflow/.local/lib/python3.7/site-packages/airflow/example_dags/example_nested_branch_dag.py
[2023-09-14T16:12:44.855+0000] {logging_mixin.py:149} INFO - [2023-09-14T16:12:44.854+0000] {dag.py:2726} INFO - Sync 1 DAGs
[2023-09-14T16:12:45.383+0000] {logging_mixin.py:149} INFO - [2023-09-14T16:12:45.382+0000] {dag.py:3490} INFO - Setting next_dagrun for example_nested_branch_dag to 2023-09-13T00:00:00+00:00, run_after=2023-09-14T00:00:00+00:00
[2023-09-14T16:12:45.650+0000] {processor.py:178} INFO - Processing /home/airflow/.local/lib/python3.7/site-packages/airflow/example_dags/example_nested_branch_dag.py took 1.582 seconds
[2023-09-14T16:13:18.406+0000] {processor.py:156} INFO - Started process (PID=288) to work on /home/airflow/.local/lib/python3.7/site-packages/airflow/example_dags/example_nested_branch_dag.py
[2023-09-14T16:13:18.416+0000] {processor.py:799} INFO - Processing file /home/airflow/.local/lib/python3.7/site-packages/airflow/example_dags/example_nested_branch_dag.py for tasks to queue
[2023-09-14T16:13:18.431+0000] {logging_mixin.py:149} INFO - [2023-09-14T16:13:18.431+0000] {dagbag.py:541} INFO - Filling up the DagBag from /home/airflow/.local/lib/python3.7/site-packages/airflow/example_dags/example_nested_branch_dag.py
[2023-09-14T16:13:18.548+0000] {processor.py:809} INFO - DAG(s) dict_keys(['example_nested_branch_dag']) retrieved from /home/airflow/.local/lib/python3.7/site-packages/airflow/example_dags/example_nested_branch_dag.py
[2023-09-14T16:13:18.733+0000] {logging_mixin.py:149} INFO - [2023-09-14T16:13:18.733+0000] {dag.py:2726} INFO - Sync 1 DAGs
[2023-09-14T16:13:18.940+0000] {logging_mixin.py:149} INFO - [2023-09-14T16:13:18.940+0000] {dag.py:3490} INFO - Setting next_dagrun for example_nested_branch_dag to 2023-09-13T00:00:00+00:00, run_after=2023-09-14T00:00:00+00:00
[2023-09-14T16:13:19.100+0000] {processor.py:178} INFO - Processing /home/airflow/.local/lib/python3.7/site-packages/airflow/example_dags/example_nested_branch_dag.py took 0.710 seconds
[2023-09-14T16:13:52.122+0000] {processor.py:156} INFO - Started process (PID=350) to work on /home/airflow/.local/lib/python3.7/site-packages/airflow/example_dags/example_nested_branch_dag.py
[2023-09-14T16:13:52.126+0000] {processor.py:799} INFO - Processing file /home/airflow/.local/lib/python3.7/site-packages/airflow/example_dags/example_nested_branch_dag.py for tasks to queue
[2023-09-14T16:13:52.129+0000] {logging_mixin.py:149} INFO - [2023-09-14T16:13:52.128+0000] {dagbag.py:541} INFO - Filling up the DagBag from /home/airflow/.local/lib/python3.7/site-packages/airflow/example_dags/example_nested_branch_dag.py
[2023-09-14T16:13:52.188+0000] {processor.py:809} INFO - DAG(s) dict_keys(['example_nested_branch_dag']) retrieved from /home/airflow/.local/lib/python3.7/site-packages/airflow/example_dags/example_nested_branch_dag.py
[2023-09-14T16:13:52.281+0000] {logging_mixin.py:149} INFO - [2023-09-14T16:13:52.281+0000] {dag.py:2726} INFO - Sync 1 DAGs
[2023-09-14T16:13:52.435+0000] {logging_mixin.py:149} INFO - [2023-09-14T16:13:52.435+0000] {dag.py:3490} INFO - Setting next_dagrun for example_nested_branch_dag to 2023-09-13T00:00:00+00:00, run_after=2023-09-14T00:00:00+00:00
[2023-09-14T16:13:52.556+0000] {processor.py:178} INFO - Processing /home/airflow/.local/lib/python3.7/site-packages/airflow/example_dags/example_nested_branch_dag.py took 0.451 seconds
[2023-09-14T16:14:26.590+0000] {processor.py:156} INFO - Started process (PID=411) to work on /home/airflow/.local/lib/python3.7/site-packages/airflow/example_dags/example_nested_branch_dag.py
[2023-09-14T16:14:26.593+0000] {processor.py:799} INFO - Processing file /home/airflow/.local/lib/python3.7/site-packages/airflow/example_dags/example_nested_branch_dag.py for tasks to queue
[2023-09-14T16:14:26.597+0000] {logging_mixin.py:149} INFO - [2023-09-14T16:14:26.596+0000] {dagbag.py:541} INFO - Filling up the DagBag from /home/airflow/.local/lib/python3.7/site-packages/airflow/example_dags/example_nested_branch_dag.py
[2023-09-14T16:14:26.651+0000] {processor.py:809} INFO - DAG(s) dict_keys(['example_nested_branch_dag']) retrieved from /home/airflow/.local/lib/python3.7/site-packages/airflow/example_dags/example_nested_branch_dag.py
[2023-09-14T16:14:26.752+0000] {logging_mixin.py:149} INFO - [2023-09-14T16:14:26.752+0000] {dag.py:2726} INFO - Sync 1 DAGs
[2023-09-14T16:14:26.901+0000] {logging_mixin.py:149} INFO - [2023-09-14T16:14:26.900+0000] {dag.py:3490} INFO - Setting next_dagrun for example_nested_branch_dag to 2023-09-13T00:00:00+00:00, run_after=2023-09-14T00:00:00+00:00
[2023-09-14T16:14:26.995+0000] {processor.py:178} INFO - Processing /home/airflow/.local/lib/python3.7/site-packages/airflow/example_dags/example_nested_branch_dag.py took 0.420 seconds
[2023-09-14T16:14:57.935+0000] {processor.py:156} INFO - Started process (PID=473) to work on /home/airflow/.local/lib/python3.7/site-packages/airflow/example_dags/example_nested_branch_dag.py
[2023-09-14T16:14:57.939+0000] {processor.py:799} INFO - Processing file /home/airflow/.local/lib/python3.7/site-packages/airflow/example_dags/example_nested_branch_dag.py for tasks to queue
[2023-09-14T16:14:57.943+0000] {logging_mixin.py:149} INFO - [2023-09-14T16:14:57.942+0000] {dagbag.py:541} INFO - Filling up the DagBag from /home/airflow/.local/lib/python3.7/site-packages/airflow/example_dags/example_nested_branch_dag.py
[2023-09-14T16:14:57.978+0000] {processor.py:809} INFO - DAG(s) dict_keys(['example_nested_branch_dag']) retrieved from /home/airflow/.local/lib/python3.7/site-packages/airflow/example_dags/example_nested_branch_dag.py
[2023-09-14T16:14:58.063+0000] {logging_mixin.py:149} INFO - [2023-09-14T16:14:58.063+0000] {dag.py:2726} INFO - Sync 1 DAGs
[2023-09-14T16:14:58.136+0000] {logging_mixin.py:149} INFO - [2023-09-14T16:14:58.135+0000] {dag.py:3490} INFO - Setting next_dagrun for example_nested_branch_dag to 2023-09-13T00:00:00+00:00, run_after=2023-09-14T00:00:00+00:00
[2023-09-14T16:14:58.185+0000] {processor.py:178} INFO - Processing /home/airflow/.local/lib/python3.7/site-packages/airflow/example_dags/example_nested_branch_dag.py took 0.256 seconds
[2023-09-14T16:15:28.468+0000] {processor.py:156} INFO - Started process (PID=533) to work on /home/airflow/.local/lib/python3.7/site-packages/airflow/example_dags/example_nested_branch_dag.py
[2023-09-14T16:15:28.471+0000] {processor.py:799} INFO - Processing file /home/airflow/.local/lib/python3.7/site-packages/airflow/example_dags/example_nested_branch_dag.py for tasks to queue
[2023-09-14T16:15:28.474+0000] {logging_mixin.py:149} INFO - [2023-09-14T16:15:28.473+0000] {dagbag.py:541} INFO - Filling up the DagBag from /home/airflow/.local/lib/python3.7/site-packages/airflow/example_dags/example_nested_branch_dag.py
[2023-09-14T16:15:28.500+0000] {processor.py:809} INFO - DAG(s) dict_keys(['example_nested_branch_dag']) retrieved from /home/airflow/.local/lib/python3.7/site-packages/airflow/example_dags/example_nested_branch_dag.py
[2023-09-14T16:15:28.562+0000] {logging_mixin.py:149} INFO - [2023-09-14T16:15:28.562+0000] {dag.py:2726} INFO - Sync 1 DAGs
[2023-09-14T16:15:28.626+0000] {logging_mixin.py:149} INFO - [2023-09-14T16:15:28.626+0000] {dag.py:3490} INFO - Setting next_dagrun for example_nested_branch_dag to 2023-09-13T00:00:00+00:00, run_after=2023-09-14T00:00:00+00:00
[2023-09-14T16:15:28.711+0000] {processor.py:178} INFO - Processing /home/airflow/.local/lib/python3.7/site-packages/airflow/example_dags/example_nested_branch_dag.py took 0.255 seconds
[2023-09-14T16:15:58.982+0000] {processor.py:156} INFO - Started process (PID=586) to work on /home/airflow/.local/lib/python3.7/site-packages/airflow/example_dags/example_nested_branch_dag.py
[2023-09-14T16:15:58.984+0000] {processor.py:799} INFO - Processing file /home/airflow/.local/lib/python3.7/site-packages/airflow/example_dags/example_nested_branch_dag.py for tasks to queue
[2023-09-14T16:15:58.986+0000] {logging_mixin.py:149} INFO - [2023-09-14T16:15:58.986+0000] {dagbag.py:541} INFO - Filling up the DagBag from /home/airflow/.local/lib/python3.7/site-packages/airflow/example_dags/example_nested_branch_dag.py
[2023-09-14T16:15:59.009+0000] {processor.py:809} INFO - DAG(s) dict_keys(['example_nested_branch_dag']) retrieved from /home/airflow/.local/lib/python3.7/site-packages/airflow/example_dags/example_nested_branch_dag.py
[2023-09-14T16:15:59.068+0000] {logging_mixin.py:149} INFO - [2023-09-14T16:15:59.067+0000] {dag.py:2726} INFO - Sync 1 DAGs
[2023-09-14T16:15:59.130+0000] {logging_mixin.py:149} INFO - [2023-09-14T16:15:59.129+0000] {dag.py:3490} INFO - Setting next_dagrun for example_nested_branch_dag to 2023-09-13T00:00:00+00:00, run_after=2023-09-14T00:00:00+00:00
[2023-09-14T16:15:59.172+0000] {processor.py:178} INFO - Processing /home/airflow/.local/lib/python3.7/site-packages/airflow/example_dags/example_nested_branch_dag.py took 0.197 seconds
[2023-09-14T16:16:29.376+0000] {processor.py:156} INFO - Started process (PID=647) to work on /home/airflow/.local/lib/python3.7/site-packages/airflow/example_dags/example_nested_branch_dag.py
[2023-09-14T16:16:29.379+0000] {processor.py:799} INFO - Processing file /home/airflow/.local/lib/python3.7/site-packages/airflow/example_dags/example_nested_branch_dag.py for tasks to queue
[2023-09-14T16:16:29.382+0000] {logging_mixin.py:149} INFO - [2023-09-14T16:16:29.381+0000] {dagbag.py:541} INFO - Filling up the DagBag from /home/airflow/.local/lib/python3.7/site-packages/airflow/example_dags/example_nested_branch_dag.py
[2023-09-14T16:16:29.409+0000] {processor.py:809} INFO - DAG(s) dict_keys(['example_nested_branch_dag']) retrieved from /home/airflow/.local/lib/python3.7/site-packages/airflow/example_dags/example_nested_branch_dag.py
[2023-09-14T16:16:29.461+0000] {logging_mixin.py:149} INFO - [2023-09-14T16:16:29.461+0000] {dag.py:2726} INFO - Sync 1 DAGs
[2023-09-14T16:16:29.516+0000] {logging_mixin.py:149} INFO - [2023-09-14T16:16:29.515+0000] {dag.py:3490} INFO - Setting next_dagrun for example_nested_branch_dag to 2023-09-13T00:00:00+00:00, run_after=2023-09-14T00:00:00+00:00
[2023-09-14T16:16:29.554+0000] {processor.py:178} INFO - Processing /home/airflow/.local/lib/python3.7/site-packages/airflow/example_dags/example_nested_branch_dag.py took 0.185 seconds
[2023-09-14T16:36:17.590+0000] {processor.py:156} INFO - Started process (PID=82) to work on /home/airflow/.local/lib/python3.7/site-packages/airflow/example_dags/example_nested_branch_dag.py
[2023-09-14T16:36:17.593+0000] {processor.py:799} INFO - Processing file /home/airflow/.local/lib/python3.7/site-packages/airflow/example_dags/example_nested_branch_dag.py for tasks to queue
[2023-09-14T16:36:17.598+0000] {logging_mixin.py:149} INFO - [2023-09-14T16:36:17.596+0000] {dagbag.py:541} INFO - Filling up the DagBag from /home/airflow/.local/lib/python3.7/site-packages/airflow/example_dags/example_nested_branch_dag.py
[2023-09-14T16:36:17.774+0000] {processor.py:809} INFO - DAG(s) dict_keys(['example_nested_branch_dag']) retrieved from /home/airflow/.local/lib/python3.7/site-packages/airflow/example_dags/example_nested_branch_dag.py
[2023-09-14T16:36:17.888+0000] {logging_mixin.py:149} INFO - [2023-09-14T16:36:17.884+0000] {dag.py:2726} INFO - Sync 1 DAGs
[2023-09-14T16:36:18.060+0000] {logging_mixin.py:149} INFO - [2023-09-14T16:36:18.059+0000] {dag.py:3490} INFO - Setting next_dagrun for example_nested_branch_dag to 2023-09-13T00:00:00+00:00, run_after=2023-09-14T00:00:00+00:00
[2023-09-14T16:36:18.295+0000] {processor.py:178} INFO - Processing /home/airflow/.local/lib/python3.7/site-packages/airflow/example_dags/example_nested_branch_dag.py took 0.714 seconds
[2023-09-14T16:39:19.802+0000] {processor.py:156} INFO - Started process (PID=81) to work on /home/airflow/.local/lib/python3.7/site-packages/airflow/example_dags/example_nested_branch_dag.py
[2023-09-14T16:39:19.807+0000] {processor.py:799} INFO - Processing file /home/airflow/.local/lib/python3.7/site-packages/airflow/example_dags/example_nested_branch_dag.py for tasks to queue
[2023-09-14T16:39:19.814+0000] {logging_mixin.py:149} INFO - [2023-09-14T16:39:19.813+0000] {dagbag.py:541} INFO - Filling up the DagBag from /home/airflow/.local/lib/python3.7/site-packages/airflow/example_dags/example_nested_branch_dag.py
[2023-09-14T16:39:19.851+0000] {processor.py:809} INFO - DAG(s) dict_keys(['example_nested_branch_dag']) retrieved from /home/airflow/.local/lib/python3.7/site-packages/airflow/example_dags/example_nested_branch_dag.py
[2023-09-14T16:39:20.037+0000] {logging_mixin.py:149} INFO - [2023-09-14T16:39:20.036+0000] {dag.py:2726} INFO - Sync 1 DAGs
[2023-09-14T16:39:20.126+0000] {logging_mixin.py:149} INFO - [2023-09-14T16:39:20.125+0000] {dag.py:3490} INFO - Setting next_dagrun for example_nested_branch_dag to 2023-09-13T00:00:00+00:00, run_after=2023-09-14T00:00:00+00:00
[2023-09-14T16:39:20.230+0000] {processor.py:178} INFO - Processing /home/airflow/.local/lib/python3.7/site-packages/airflow/example_dags/example_nested_branch_dag.py took 0.463 seconds
[2023-09-14T16:39:51.317+0000] {processor.py:156} INFO - Started process (PID=142) to work on /home/airflow/.local/lib/python3.7/site-packages/airflow/example_dags/example_nested_branch_dag.py
[2023-09-14T16:39:51.322+0000] {processor.py:799} INFO - Processing file /home/airflow/.local/lib/python3.7/site-packages/airflow/example_dags/example_nested_branch_dag.py for tasks to queue
[2023-09-14T16:39:51.326+0000] {logging_mixin.py:149} INFO - [2023-09-14T16:39:51.325+0000] {dagbag.py:541} INFO - Filling up the DagBag from /home/airflow/.local/lib/python3.7/site-packages/airflow/example_dags/example_nested_branch_dag.py
[2023-09-14T16:39:51.396+0000] {processor.py:809} INFO - DAG(s) dict_keys(['example_nested_branch_dag']) retrieved from /home/airflow/.local/lib/python3.7/site-packages/airflow/example_dags/example_nested_branch_dag.py
[2023-09-14T16:39:51.588+0000] {logging_mixin.py:149} INFO - [2023-09-14T16:39:51.587+0000] {dag.py:2726} INFO - Sync 1 DAGs
[2023-09-14T16:39:52.437+0000] {logging_mixin.py:149} INFO - [2023-09-14T16:39:52.437+0000] {dag.py:3490} INFO - Setting next_dagrun for example_nested_branch_dag to 2023-09-13T00:00:00+00:00, run_after=2023-09-14T00:00:00+00:00
[2023-09-14T16:39:53.019+0000] {processor.py:178} INFO - Processing /home/airflow/.local/lib/python3.7/site-packages/airflow/example_dags/example_nested_branch_dag.py took 1.713 seconds
[2023-09-14T16:40:23.796+0000] {processor.py:156} INFO - Started process (PID=203) to work on /home/airflow/.local/lib/python3.7/site-packages/airflow/example_dags/example_nested_branch_dag.py
[2023-09-14T16:40:23.800+0000] {processor.py:799} INFO - Processing file /home/airflow/.local/lib/python3.7/site-packages/airflow/example_dags/example_nested_branch_dag.py for tasks to queue
[2023-09-14T16:40:23.804+0000] {logging_mixin.py:149} INFO - [2023-09-14T16:40:23.803+0000] {dagbag.py:541} INFO - Filling up the DagBag from /home/airflow/.local/lib/python3.7/site-packages/airflow/example_dags/example_nested_branch_dag.py
[2023-09-14T16:40:23.828+0000] {processor.py:809} INFO - DAG(s) dict_keys(['example_nested_branch_dag']) retrieved from /home/airflow/.local/lib/python3.7/site-packages/airflow/example_dags/example_nested_branch_dag.py
[2023-09-14T16:40:23.902+0000] {logging_mixin.py:149} INFO - [2023-09-14T16:40:23.902+0000] {dag.py:2726} INFO - Sync 1 DAGs
[2023-09-14T16:40:23.987+0000] {logging_mixin.py:149} INFO - [2023-09-14T16:40:23.986+0000] {dag.py:3490} INFO - Setting next_dagrun for example_nested_branch_dag to 2023-09-13T00:00:00+00:00, run_after=2023-09-14T00:00:00+00:00
[2023-09-14T16:40:24.085+0000] {processor.py:178} INFO - Processing /home/airflow/.local/lib/python3.7/site-packages/airflow/example_dags/example_nested_branch_dag.py took 0.300 seconds
[2023-09-14T16:40:54.211+0000] {processor.py:156} INFO - Started process (PID=264) to work on /home/airflow/.local/lib/python3.7/site-packages/airflow/example_dags/example_nested_branch_dag.py
[2023-09-14T16:40:54.213+0000] {processor.py:799} INFO - Processing file /home/airflow/.local/lib/python3.7/site-packages/airflow/example_dags/example_nested_branch_dag.py for tasks to queue
[2023-09-14T16:40:54.215+0000] {logging_mixin.py:149} INFO - [2023-09-14T16:40:54.214+0000] {dagbag.py:541} INFO - Filling up the DagBag from /home/airflow/.local/lib/python3.7/site-packages/airflow/example_dags/example_nested_branch_dag.py
[2023-09-14T16:40:54.242+0000] {processor.py:809} INFO - DAG(s) dict_keys(['example_nested_branch_dag']) retrieved from /home/airflow/.local/lib/python3.7/site-packages/airflow/example_dags/example_nested_branch_dag.py
[2023-09-14T16:40:54.310+0000] {logging_mixin.py:149} INFO - [2023-09-14T16:40:54.310+0000] {dag.py:2726} INFO - Sync 1 DAGs
[2023-09-14T16:40:54.357+0000] {logging_mixin.py:149} INFO - [2023-09-14T16:40:54.357+0000] {dag.py:3490} INFO - Setting next_dagrun for example_nested_branch_dag to 2023-09-13T00:00:00+00:00, run_after=2023-09-14T00:00:00+00:00
[2023-09-14T16:40:54.394+0000] {processor.py:178} INFO - Processing /home/airflow/.local/lib/python3.7/site-packages/airflow/example_dags/example_nested_branch_dag.py took 0.188 seconds
[2023-09-14T16:41:24.875+0000] {processor.py:156} INFO - Started process (PID=325) to work on /home/airflow/.local/lib/python3.7/site-packages/airflow/example_dags/example_nested_branch_dag.py
[2023-09-14T16:41:24.881+0000] {processor.py:799} INFO - Processing file /home/airflow/.local/lib/python3.7/site-packages/airflow/example_dags/example_nested_branch_dag.py for tasks to queue
[2023-09-14T16:41:24.886+0000] {logging_mixin.py:149} INFO - [2023-09-14T16:41:24.885+0000] {dagbag.py:541} INFO - Filling up the DagBag from /home/airflow/.local/lib/python3.7/site-packages/airflow/example_dags/example_nested_branch_dag.py
[2023-09-14T16:41:24.914+0000] {processor.py:809} INFO - DAG(s) dict_keys(['example_nested_branch_dag']) retrieved from /home/airflow/.local/lib/python3.7/site-packages/airflow/example_dags/example_nested_branch_dag.py
[2023-09-14T16:41:24.959+0000] {logging_mixin.py:149} INFO - [2023-09-14T16:41:24.959+0000] {dag.py:2726} INFO - Sync 1 DAGs
[2023-09-14T16:41:25.010+0000] {logging_mixin.py:149} INFO - [2023-09-14T16:41:25.010+0000] {dag.py:3490} INFO - Setting next_dagrun for example_nested_branch_dag to 2023-09-13T00:00:00+00:00, run_after=2023-09-14T00:00:00+00:00
[2023-09-14T16:41:25.086+0000] {processor.py:178} INFO - Processing /home/airflow/.local/lib/python3.7/site-packages/airflow/example_dags/example_nested_branch_dag.py took 0.217 seconds
[2023-09-14T16:41:55.674+0000] {processor.py:156} INFO - Started process (PID=386) to work on /home/airflow/.local/lib/python3.7/site-packages/airflow/example_dags/example_nested_branch_dag.py
[2023-09-14T16:41:55.676+0000] {processor.py:799} INFO - Processing file /home/airflow/.local/lib/python3.7/site-packages/airflow/example_dags/example_nested_branch_dag.py for tasks to queue
[2023-09-14T16:41:55.678+0000] {logging_mixin.py:149} INFO - [2023-09-14T16:41:55.678+0000] {dagbag.py:541} INFO - Filling up the DagBag from /home/airflow/.local/lib/python3.7/site-packages/airflow/example_dags/example_nested_branch_dag.py
[2023-09-14T16:41:55.704+0000] {processor.py:809} INFO - DAG(s) dict_keys(['example_nested_branch_dag']) retrieved from /home/airflow/.local/lib/python3.7/site-packages/airflow/example_dags/example_nested_branch_dag.py
[2023-09-14T16:41:55.760+0000] {logging_mixin.py:149} INFO - [2023-09-14T16:41:55.759+0000] {dag.py:2726} INFO - Sync 1 DAGs
[2023-09-14T16:41:55.827+0000] {logging_mixin.py:149} INFO - [2023-09-14T16:41:55.827+0000] {dag.py:3490} INFO - Setting next_dagrun for example_nested_branch_dag to 2023-09-13T00:00:00+00:00, run_after=2023-09-14T00:00:00+00:00
[2023-09-14T16:41:55.901+0000] {processor.py:178} INFO - Processing /home/airflow/.local/lib/python3.7/site-packages/airflow/example_dags/example_nested_branch_dag.py took 0.233 seconds
[2023-09-14T16:42:26.233+0000] {processor.py:156} INFO - Started process (PID=447) to work on /home/airflow/.local/lib/python3.7/site-packages/airflow/example_dags/example_nested_branch_dag.py
[2023-09-14T16:42:26.235+0000] {processor.py:799} INFO - Processing file /home/airflow/.local/lib/python3.7/site-packages/airflow/example_dags/example_nested_branch_dag.py for tasks to queue
[2023-09-14T16:42:26.237+0000] {logging_mixin.py:149} INFO - [2023-09-14T16:42:26.237+0000] {dagbag.py:541} INFO - Filling up the DagBag from /home/airflow/.local/lib/python3.7/site-packages/airflow/example_dags/example_nested_branch_dag.py
[2023-09-14T16:42:26.266+0000] {processor.py:809} INFO - DAG(s) dict_keys(['example_nested_branch_dag']) retrieved from /home/airflow/.local/lib/python3.7/site-packages/airflow/example_dags/example_nested_branch_dag.py
[2023-09-14T16:42:26.324+0000] {logging_mixin.py:149} INFO - [2023-09-14T16:42:26.323+0000] {dag.py:2726} INFO - Sync 1 DAGs
[2023-09-14T16:42:26.378+0000] {logging_mixin.py:149} INFO - [2023-09-14T16:42:26.377+0000] {dag.py:3490} INFO - Setting next_dagrun for example_nested_branch_dag to 2023-09-13T00:00:00+00:00, run_after=2023-09-14T00:00:00+00:00
[2023-09-14T16:42:26.433+0000] {processor.py:178} INFO - Processing /home/airflow/.local/lib/python3.7/site-packages/airflow/example_dags/example_nested_branch_dag.py took 0.207 seconds
[2023-09-14T16:42:57.172+0000] {processor.py:156} INFO - Started process (PID=509) to work on /home/airflow/.local/lib/python3.7/site-packages/airflow/example_dags/example_nested_branch_dag.py
[2023-09-14T16:42:57.176+0000] {processor.py:799} INFO - Processing file /home/airflow/.local/lib/python3.7/site-packages/airflow/example_dags/example_nested_branch_dag.py for tasks to queue
[2023-09-14T16:42:57.178+0000] {logging_mixin.py:149} INFO - [2023-09-14T16:42:57.178+0000] {dagbag.py:541} INFO - Filling up the DagBag from /home/airflow/.local/lib/python3.7/site-packages/airflow/example_dags/example_nested_branch_dag.py
[2023-09-14T16:42:57.219+0000] {processor.py:809} INFO - DAG(s) dict_keys(['example_nested_branch_dag']) retrieved from /home/airflow/.local/lib/python3.7/site-packages/airflow/example_dags/example_nested_branch_dag.py
[2023-09-14T16:42:57.296+0000] {logging_mixin.py:149} INFO - [2023-09-14T16:42:57.295+0000] {dag.py:2726} INFO - Sync 1 DAGs
[2023-09-14T16:42:57.360+0000] {logging_mixin.py:149} INFO - [2023-09-14T16:42:57.360+0000] {dag.py:3490} INFO - Setting next_dagrun for example_nested_branch_dag to 2023-09-13T00:00:00+00:00, run_after=2023-09-14T00:00:00+00:00
[2023-09-14T16:42:57.407+0000] {processor.py:178} INFO - Processing /home/airflow/.local/lib/python3.7/site-packages/airflow/example_dags/example_nested_branch_dag.py took 0.246 seconds
[2023-09-14T16:43:27.862+0000] {processor.py:156} INFO - Started process (PID=569) to work on /home/airflow/.local/lib/python3.7/site-packages/airflow/example_dags/example_nested_branch_dag.py
[2023-09-14T16:43:27.865+0000] {processor.py:799} INFO - Processing file /home/airflow/.local/lib/python3.7/site-packages/airflow/example_dags/example_nested_branch_dag.py for tasks to queue
[2023-09-14T16:43:27.868+0000] {logging_mixin.py:149} INFO - [2023-09-14T16:43:27.868+0000] {dagbag.py:541} INFO - Filling up the DagBag from /home/airflow/.local/lib/python3.7/site-packages/airflow/example_dags/example_nested_branch_dag.py
[2023-09-14T16:43:27.904+0000] {processor.py:809} INFO - DAG(s) dict_keys(['example_nested_branch_dag']) retrieved from /home/airflow/.local/lib/python3.7/site-packages/airflow/example_dags/example_nested_branch_dag.py
[2023-09-14T16:43:28.002+0000] {logging_mixin.py:149} INFO - [2023-09-14T16:43:28.002+0000] {dag.py:2726} INFO - Sync 1 DAGs
[2023-09-14T16:43:28.085+0000] {logging_mixin.py:149} INFO - [2023-09-14T16:43:28.084+0000] {dag.py:3490} INFO - Setting next_dagrun for example_nested_branch_dag to 2023-09-13T00:00:00+00:00, run_after=2023-09-14T00:00:00+00:00
[2023-09-14T16:43:28.149+0000] {processor.py:178} INFO - Processing /home/airflow/.local/lib/python3.7/site-packages/airflow/example_dags/example_nested_branch_dag.py took 0.298 seconds
[2023-09-14T16:43:58.868+0000] {processor.py:156} INFO - Started process (PID=630) to work on /home/airflow/.local/lib/python3.7/site-packages/airflow/example_dags/example_nested_branch_dag.py
[2023-09-14T16:43:58.871+0000] {processor.py:799} INFO - Processing file /home/airflow/.local/lib/python3.7/site-packages/airflow/example_dags/example_nested_branch_dag.py for tasks to queue
[2023-09-14T16:43:58.874+0000] {logging_mixin.py:149} INFO - [2023-09-14T16:43:58.873+0000] {dagbag.py:541} INFO - Filling up the DagBag from /home/airflow/.local/lib/python3.7/site-packages/airflow/example_dags/example_nested_branch_dag.py
[2023-09-14T16:43:58.909+0000] {processor.py:809} INFO - DAG(s) dict_keys(['example_nested_branch_dag']) retrieved from /home/airflow/.local/lib/python3.7/site-packages/airflow/example_dags/example_nested_branch_dag.py
[2023-09-14T16:43:58.989+0000] {logging_mixin.py:149} INFO - [2023-09-14T16:43:58.988+0000] {dag.py:2726} INFO - Sync 1 DAGs
[2023-09-14T16:43:59.085+0000] {logging_mixin.py:149} INFO - [2023-09-14T16:43:59.084+0000] {dag.py:3490} INFO - Setting next_dagrun for example_nested_branch_dag to 2023-09-13T00:00:00+00:00, run_after=2023-09-14T00:00:00+00:00
[2023-09-14T16:43:59.185+0000] {processor.py:178} INFO - Processing /home/airflow/.local/lib/python3.7/site-packages/airflow/example_dags/example_nested_branch_dag.py took 0.325 seconds
[2023-09-14T16:44:29.296+0000] {processor.py:156} INFO - Started process (PID=692) to work on /home/airflow/.local/lib/python3.7/site-packages/airflow/example_dags/example_nested_branch_dag.py
[2023-09-14T16:44:29.298+0000] {processor.py:799} INFO - Processing file /home/airflow/.local/lib/python3.7/site-packages/airflow/example_dags/example_nested_branch_dag.py for tasks to queue
[2023-09-14T16:44:29.299+0000] {logging_mixin.py:149} INFO - [2023-09-14T16:44:29.299+0000] {dagbag.py:541} INFO - Filling up the DagBag from /home/airflow/.local/lib/python3.7/site-packages/airflow/example_dags/example_nested_branch_dag.py
[2023-09-14T16:44:29.318+0000] {processor.py:809} INFO - DAG(s) dict_keys(['example_nested_branch_dag']) retrieved from /home/airflow/.local/lib/python3.7/site-packages/airflow/example_dags/example_nested_branch_dag.py
[2023-09-14T16:44:29.365+0000] {logging_mixin.py:149} INFO - [2023-09-14T16:44:29.364+0000] {dag.py:2726} INFO - Sync 1 DAGs
[2023-09-14T16:44:29.424+0000] {logging_mixin.py:149} INFO - [2023-09-14T16:44:29.424+0000] {dag.py:3490} INFO - Setting next_dagrun for example_nested_branch_dag to 2023-09-13T00:00:00+00:00, run_after=2023-09-14T00:00:00+00:00
[2023-09-14T16:44:29.461+0000] {processor.py:178} INFO - Processing /home/airflow/.local/lib/python3.7/site-packages/airflow/example_dags/example_nested_branch_dag.py took 0.170 seconds
[2023-09-14T16:44:59.891+0000] {processor.py:156} INFO - Started process (PID=753) to work on /home/airflow/.local/lib/python3.7/site-packages/airflow/example_dags/example_nested_branch_dag.py
[2023-09-14T16:44:59.897+0000] {processor.py:799} INFO - Processing file /home/airflow/.local/lib/python3.7/site-packages/airflow/example_dags/example_nested_branch_dag.py for tasks to queue
[2023-09-14T16:44:59.903+0000] {logging_mixin.py:149} INFO - [2023-09-14T16:44:59.901+0000] {dagbag.py:541} INFO - Filling up the DagBag from /home/airflow/.local/lib/python3.7/site-packages/airflow/example_dags/example_nested_branch_dag.py
[2023-09-14T16:44:59.942+0000] {processor.py:809} INFO - DAG(s) dict_keys(['example_nested_branch_dag']) retrieved from /home/airflow/.local/lib/python3.7/site-packages/airflow/example_dags/example_nested_branch_dag.py
[2023-09-14T16:45:00.063+0000] {logging_mixin.py:149} INFO - [2023-09-14T16:45:00.062+0000] {dag.py:2726} INFO - Sync 1 DAGs
[2023-09-14T16:45:00.160+0000] {logging_mixin.py:149} INFO - [2023-09-14T16:45:00.160+0000] {dag.py:3490} INFO - Setting next_dagrun for example_nested_branch_dag to 2023-09-13T00:00:00+00:00, run_after=2023-09-14T00:00:00+00:00
[2023-09-14T16:45:00.339+0000] {processor.py:178} INFO - Processing /home/airflow/.local/lib/python3.7/site-packages/airflow/example_dags/example_nested_branch_dag.py took 0.459 seconds
[2023-09-14T16:45:31.001+0000] {processor.py:156} INFO - Started process (PID=814) to work on /home/airflow/.local/lib/python3.7/site-packages/airflow/example_dags/example_nested_branch_dag.py
[2023-09-14T16:45:31.003+0000] {processor.py:799} INFO - Processing file /home/airflow/.local/lib/python3.7/site-packages/airflow/example_dags/example_nested_branch_dag.py for tasks to queue
[2023-09-14T16:45:31.004+0000] {logging_mixin.py:149} INFO - [2023-09-14T16:45:31.004+0000] {dagbag.py:541} INFO - Filling up the DagBag from /home/airflow/.local/lib/python3.7/site-packages/airflow/example_dags/example_nested_branch_dag.py
[2023-09-14T16:45:31.023+0000] {processor.py:809} INFO - DAG(s) dict_keys(['example_nested_branch_dag']) retrieved from /home/airflow/.local/lib/python3.7/site-packages/airflow/example_dags/example_nested_branch_dag.py
[2023-09-14T16:45:31.084+0000] {logging_mixin.py:149} INFO - [2023-09-14T16:45:31.084+0000] {dag.py:2726} INFO - Sync 1 DAGs
[2023-09-14T16:45:31.195+0000] {logging_mixin.py:149} INFO - [2023-09-14T16:45:31.195+0000] {dag.py:3490} INFO - Setting next_dagrun for example_nested_branch_dag to 2023-09-13T00:00:00+00:00, run_after=2023-09-14T00:00:00+00:00
[2023-09-14T16:45:31.293+0000] {processor.py:178} INFO - Processing /home/airflow/.local/lib/python3.7/site-packages/airflow/example_dags/example_nested_branch_dag.py took 0.296 seconds
[2023-09-14T16:46:03.082+0000] {processor.py:156} INFO - Started process (PID=875) to work on /home/airflow/.local/lib/python3.7/site-packages/airflow/example_dags/example_nested_branch_dag.py
[2023-09-14T16:46:03.085+0000] {processor.py:799} INFO - Processing file /home/airflow/.local/lib/python3.7/site-packages/airflow/example_dags/example_nested_branch_dag.py for tasks to queue
[2023-09-14T16:46:03.087+0000] {logging_mixin.py:149} INFO - [2023-09-14T16:46:03.087+0000] {dagbag.py:541} INFO - Filling up the DagBag from /home/airflow/.local/lib/python3.7/site-packages/airflow/example_dags/example_nested_branch_dag.py
[2023-09-14T16:46:03.130+0000] {processor.py:809} INFO - DAG(s) dict_keys(['example_nested_branch_dag']) retrieved from /home/airflow/.local/lib/python3.7/site-packages/airflow/example_dags/example_nested_branch_dag.py
[2023-09-14T16:46:03.218+0000] {logging_mixin.py:149} INFO - [2023-09-14T16:46:03.218+0000] {dag.py:2726} INFO - Sync 1 DAGs
[2023-09-14T16:46:03.313+0000] {logging_mixin.py:149} INFO - [2023-09-14T16:46:03.312+0000] {dag.py:3490} INFO - Setting next_dagrun for example_nested_branch_dag to 2023-09-13T00:00:00+00:00, run_after=2023-09-14T00:00:00+00:00
[2023-09-14T16:46:03.387+0000] {processor.py:178} INFO - Processing /home/airflow/.local/lib/python3.7/site-packages/airflow/example_dags/example_nested_branch_dag.py took 0.314 seconds
[2023-09-14T16:46:33.807+0000] {processor.py:156} INFO - Started process (PID=936) to work on /home/airflow/.local/lib/python3.7/site-packages/airflow/example_dags/example_nested_branch_dag.py
[2023-09-14T16:46:33.812+0000] {processor.py:799} INFO - Processing file /home/airflow/.local/lib/python3.7/site-packages/airflow/example_dags/example_nested_branch_dag.py for tasks to queue
[2023-09-14T16:46:33.821+0000] {logging_mixin.py:149} INFO - [2023-09-14T16:46:33.816+0000] {dagbag.py:541} INFO - Filling up the DagBag from /home/airflow/.local/lib/python3.7/site-packages/airflow/example_dags/example_nested_branch_dag.py
[2023-09-14T16:46:33.903+0000] {processor.py:809} INFO - DAG(s) dict_keys(['example_nested_branch_dag']) retrieved from /home/airflow/.local/lib/python3.7/site-packages/airflow/example_dags/example_nested_branch_dag.py
[2023-09-14T16:46:33.997+0000] {logging_mixin.py:149} INFO - [2023-09-14T16:46:33.997+0000] {dag.py:2726} INFO - Sync 1 DAGs
[2023-09-14T16:46:34.101+0000] {logging_mixin.py:149} INFO - [2023-09-14T16:46:34.100+0000] {dag.py:3490} INFO - Setting next_dagrun for example_nested_branch_dag to 2023-09-13T00:00:00+00:00, run_after=2023-09-14T00:00:00+00:00
[2023-09-14T16:46:34.185+0000] {processor.py:178} INFO - Processing /home/airflow/.local/lib/python3.7/site-packages/airflow/example_dags/example_nested_branch_dag.py took 0.391 seconds
[2023-09-14T16:47:05.939+0000] {processor.py:156} INFO - Started process (PID=997) to work on /home/airflow/.local/lib/python3.7/site-packages/airflow/example_dags/example_nested_branch_dag.py
[2023-09-14T16:47:05.942+0000] {processor.py:799} INFO - Processing file /home/airflow/.local/lib/python3.7/site-packages/airflow/example_dags/example_nested_branch_dag.py for tasks to queue
[2023-09-14T16:47:05.945+0000] {logging_mixin.py:149} INFO - [2023-09-14T16:47:05.944+0000] {dagbag.py:541} INFO - Filling up the DagBag from /home/airflow/.local/lib/python3.7/site-packages/airflow/example_dags/example_nested_branch_dag.py
[2023-09-14T16:47:05.981+0000] {processor.py:809} INFO - DAG(s) dict_keys(['example_nested_branch_dag']) retrieved from /home/airflow/.local/lib/python3.7/site-packages/airflow/example_dags/example_nested_branch_dag.py
[2023-09-14T16:47:06.078+0000] {logging_mixin.py:149} INFO - [2023-09-14T16:47:06.077+0000] {dag.py:2726} INFO - Sync 1 DAGs
[2023-09-14T16:47:06.177+0000] {logging_mixin.py:149} INFO - [2023-09-14T16:47:06.177+0000] {dag.py:3490} INFO - Setting next_dagrun for example_nested_branch_dag to 2023-09-13T00:00:00+00:00, run_after=2023-09-14T00:00:00+00:00
[2023-09-14T16:47:06.265+0000] {processor.py:178} INFO - Processing /home/airflow/.local/lib/python3.7/site-packages/airflow/example_dags/example_nested_branch_dag.py took 0.335 seconds
[2023-09-14T16:47:36.753+0000] {processor.py:156} INFO - Started process (PID=1058) to work on /home/airflow/.local/lib/python3.7/site-packages/airflow/example_dags/example_nested_branch_dag.py
[2023-09-14T16:47:36.756+0000] {processor.py:799} INFO - Processing file /home/airflow/.local/lib/python3.7/site-packages/airflow/example_dags/example_nested_branch_dag.py for tasks to queue
[2023-09-14T16:47:36.759+0000] {logging_mixin.py:149} INFO - [2023-09-14T16:47:36.758+0000] {dagbag.py:541} INFO - Filling up the DagBag from /home/airflow/.local/lib/python3.7/site-packages/airflow/example_dags/example_nested_branch_dag.py
[2023-09-14T16:47:36.786+0000] {processor.py:809} INFO - DAG(s) dict_keys(['example_nested_branch_dag']) retrieved from /home/airflow/.local/lib/python3.7/site-packages/airflow/example_dags/example_nested_branch_dag.py
[2023-09-14T16:47:36.867+0000] {logging_mixin.py:149} INFO - [2023-09-14T16:47:36.867+0000] {dag.py:2726} INFO - Sync 1 DAGs
[2023-09-14T16:47:36.945+0000] {logging_mixin.py:149} INFO - [2023-09-14T16:47:36.945+0000] {dag.py:3490} INFO - Setting next_dagrun for example_nested_branch_dag to 2023-09-13T00:00:00+00:00, run_after=2023-09-14T00:00:00+00:00
[2023-09-14T16:47:37.005+0000] {processor.py:178} INFO - Processing /home/airflow/.local/lib/python3.7/site-packages/airflow/example_dags/example_nested_branch_dag.py took 0.261 seconds
[2023-09-14T16:48:14.691+0000] {processor.py:156} INFO - Started process (PID=1122) to work on /home/airflow/.local/lib/python3.7/site-packages/airflow/example_dags/example_nested_branch_dag.py
[2023-09-14T16:48:14.701+0000] {processor.py:799} INFO - Processing file /home/airflow/.local/lib/python3.7/site-packages/airflow/example_dags/example_nested_branch_dag.py for tasks to queue
[2023-09-14T16:48:14.705+0000] {logging_mixin.py:149} INFO - [2023-09-14T16:48:14.704+0000] {dagbag.py:541} INFO - Filling up the DagBag from /home/airflow/.local/lib/python3.7/site-packages/airflow/example_dags/example_nested_branch_dag.py
[2023-09-14T16:48:14.785+0000] {processor.py:809} INFO - DAG(s) dict_keys(['example_nested_branch_dag']) retrieved from /home/airflow/.local/lib/python3.7/site-packages/airflow/example_dags/example_nested_branch_dag.py
[2023-09-14T16:48:14.887+0000] {logging_mixin.py:149} INFO - [2023-09-14T16:48:14.886+0000] {dag.py:2726} INFO - Sync 1 DAGs
[2023-09-14T16:48:15.021+0000] {logging_mixin.py:149} INFO - [2023-09-14T16:48:15.020+0000] {dag.py:3490} INFO - Setting next_dagrun for example_nested_branch_dag to 2023-09-13T00:00:00+00:00, run_after=2023-09-14T00:00:00+00:00
[2023-09-14T16:48:15.158+0000] {processor.py:178} INFO - Processing /home/airflow/.local/lib/python3.7/site-packages/airflow/example_dags/example_nested_branch_dag.py took 0.480 seconds
[2023-09-14T16:48:45.379+0000] {processor.py:156} INFO - Started process (PID=1182) to work on /home/airflow/.local/lib/python3.7/site-packages/airflow/example_dags/example_nested_branch_dag.py
[2023-09-14T16:48:45.382+0000] {processor.py:799} INFO - Processing file /home/airflow/.local/lib/python3.7/site-packages/airflow/example_dags/example_nested_branch_dag.py for tasks to queue
[2023-09-14T16:48:45.385+0000] {logging_mixin.py:149} INFO - [2023-09-14T16:48:45.385+0000] {dagbag.py:541} INFO - Filling up the DagBag from /home/airflow/.local/lib/python3.7/site-packages/airflow/example_dags/example_nested_branch_dag.py
[2023-09-14T16:48:45.414+0000] {processor.py:809} INFO - DAG(s) dict_keys(['example_nested_branch_dag']) retrieved from /home/airflow/.local/lib/python3.7/site-packages/airflow/example_dags/example_nested_branch_dag.py
[2023-09-14T16:48:45.498+0000] {logging_mixin.py:149} INFO - [2023-09-14T16:48:45.497+0000] {dag.py:2726} INFO - Sync 1 DAGs
[2023-09-14T16:48:45.600+0000] {logging_mixin.py:149} INFO - [2023-09-14T16:48:45.600+0000] {dag.py:3490} INFO - Setting next_dagrun for example_nested_branch_dag to 2023-09-13T00:00:00+00:00, run_after=2023-09-14T00:00:00+00:00
[2023-09-14T16:48:45.700+0000] {processor.py:178} INFO - Processing /home/airflow/.local/lib/python3.7/site-packages/airflow/example_dags/example_nested_branch_dag.py took 0.329 seconds
[2023-09-14T16:49:16.166+0000] {processor.py:156} INFO - Started process (PID=1243) to work on /home/airflow/.local/lib/python3.7/site-packages/airflow/example_dags/example_nested_branch_dag.py
[2023-09-14T16:49:16.169+0000] {processor.py:799} INFO - Processing file /home/airflow/.local/lib/python3.7/site-packages/airflow/example_dags/example_nested_branch_dag.py for tasks to queue
[2023-09-14T16:49:16.173+0000] {logging_mixin.py:149} INFO - [2023-09-14T16:49:16.172+0000] {dagbag.py:541} INFO - Filling up the DagBag from /home/airflow/.local/lib/python3.7/site-packages/airflow/example_dags/example_nested_branch_dag.py
[2023-09-14T16:49:16.205+0000] {processor.py:809} INFO - DAG(s) dict_keys(['example_nested_branch_dag']) retrieved from /home/airflow/.local/lib/python3.7/site-packages/airflow/example_dags/example_nested_branch_dag.py
[2023-09-14T16:49:16.291+0000] {logging_mixin.py:149} INFO - [2023-09-14T16:49:16.290+0000] {dag.py:2726} INFO - Sync 1 DAGs
[2023-09-14T16:49:16.395+0000] {logging_mixin.py:149} INFO - [2023-09-14T16:49:16.395+0000] {dag.py:3490} INFO - Setting next_dagrun for example_nested_branch_dag to 2023-09-13T00:00:00+00:00, run_after=2023-09-14T00:00:00+00:00
[2023-09-14T16:49:16.471+0000] {processor.py:178} INFO - Processing /home/airflow/.local/lib/python3.7/site-packages/airflow/example_dags/example_nested_branch_dag.py took 0.322 seconds
[2023-09-14T16:49:47.606+0000] {processor.py:156} INFO - Started process (PID=1304) to work on /home/airflow/.local/lib/python3.7/site-packages/airflow/example_dags/example_nested_branch_dag.py
[2023-09-14T16:49:47.609+0000] {processor.py:799} INFO - Processing file /home/airflow/.local/lib/python3.7/site-packages/airflow/example_dags/example_nested_branch_dag.py for tasks to queue
[2023-09-14T16:49:47.614+0000] {logging_mixin.py:149} INFO - [2023-09-14T16:49:47.613+0000] {dagbag.py:541} INFO - Filling up the DagBag from /home/airflow/.local/lib/python3.7/site-packages/airflow/example_dags/example_nested_branch_dag.py
[2023-09-14T16:49:47.654+0000] {processor.py:809} INFO - DAG(s) dict_keys(['example_nested_branch_dag']) retrieved from /home/airflow/.local/lib/python3.7/site-packages/airflow/example_dags/example_nested_branch_dag.py
[2023-09-14T16:49:47.742+0000] {logging_mixin.py:149} INFO - [2023-09-14T16:49:47.741+0000] {dag.py:2726} INFO - Sync 1 DAGs
[2023-09-14T16:49:47.834+0000] {logging_mixin.py:149} INFO - [2023-09-14T16:49:47.834+0000] {dag.py:3490} INFO - Setting next_dagrun for example_nested_branch_dag to 2023-09-13T00:00:00+00:00, run_after=2023-09-14T00:00:00+00:00
[2023-09-14T16:49:47.909+0000] {processor.py:178} INFO - Processing /home/airflow/.local/lib/python3.7/site-packages/airflow/example_dags/example_nested_branch_dag.py took 0.317 seconds
[2023-09-14T16:50:18.292+0000] {processor.py:156} INFO - Started process (PID=1363) to work on /home/airflow/.local/lib/python3.7/site-packages/airflow/example_dags/example_nested_branch_dag.py
[2023-09-14T16:50:18.295+0000] {processor.py:799} INFO - Processing file /home/airflow/.local/lib/python3.7/site-packages/airflow/example_dags/example_nested_branch_dag.py for tasks to queue
[2023-09-14T16:50:18.299+0000] {logging_mixin.py:149} INFO - [2023-09-14T16:50:18.298+0000] {dagbag.py:541} INFO - Filling up the DagBag from /home/airflow/.local/lib/python3.7/site-packages/airflow/example_dags/example_nested_branch_dag.py
[2023-09-14T16:50:18.383+0000] {processor.py:809} INFO - DAG(s) dict_keys(['example_nested_branch_dag']) retrieved from /home/airflow/.local/lib/python3.7/site-packages/airflow/example_dags/example_nested_branch_dag.py
[2023-09-14T16:50:18.725+0000] {logging_mixin.py:149} INFO - [2023-09-14T16:50:18.725+0000] {dag.py:2726} INFO - Sync 1 DAGs
[2023-09-14T16:50:18.993+0000] {logging_mixin.py:149} INFO - [2023-09-14T16:50:18.987+0000] {dag.py:3490} INFO - Setting next_dagrun for example_nested_branch_dag to 2023-09-13T00:00:00+00:00, run_after=2023-09-14T00:00:00+00:00
[2023-09-14T16:50:19.225+0000] {processor.py:178} INFO - Processing /home/airflow/.local/lib/python3.7/site-packages/airflow/example_dags/example_nested_branch_dag.py took 0.944 seconds
[2023-09-14T16:50:49.622+0000] {processor.py:156} INFO - Started process (PID=1424) to work on /home/airflow/.local/lib/python3.7/site-packages/airflow/example_dags/example_nested_branch_dag.py
[2023-09-14T16:50:49.629+0000] {processor.py:799} INFO - Processing file /home/airflow/.local/lib/python3.7/site-packages/airflow/example_dags/example_nested_branch_dag.py for tasks to queue
[2023-09-14T16:50:49.633+0000] {logging_mixin.py:149} INFO - [2023-09-14T16:50:49.632+0000] {dagbag.py:541} INFO - Filling up the DagBag from /home/airflow/.local/lib/python3.7/site-packages/airflow/example_dags/example_nested_branch_dag.py
[2023-09-14T16:50:49.660+0000] {processor.py:809} INFO - DAG(s) dict_keys(['example_nested_branch_dag']) retrieved from /home/airflow/.local/lib/python3.7/site-packages/airflow/example_dags/example_nested_branch_dag.py
[2023-09-14T16:50:49.787+0000] {logging_mixin.py:149} INFO - [2023-09-14T16:50:49.786+0000] {dag.py:2726} INFO - Sync 1 DAGs
[2023-09-14T16:50:49.845+0000] {logging_mixin.py:149} INFO - [2023-09-14T16:50:49.844+0000] {dag.py:3490} INFO - Setting next_dagrun for example_nested_branch_dag to 2023-09-13T00:00:00+00:00, run_after=2023-09-14T00:00:00+00:00
[2023-09-14T16:50:49.914+0000] {processor.py:178} INFO - Processing /home/airflow/.local/lib/python3.7/site-packages/airflow/example_dags/example_nested_branch_dag.py took 0.299 seconds
[2023-09-14T16:51:20.116+0000] {processor.py:156} INFO - Started process (PID=1485) to work on /home/airflow/.local/lib/python3.7/site-packages/airflow/example_dags/example_nested_branch_dag.py
[2023-09-14T16:51:20.119+0000] {processor.py:799} INFO - Processing file /home/airflow/.local/lib/python3.7/site-packages/airflow/example_dags/example_nested_branch_dag.py for tasks to queue
[2023-09-14T16:51:20.124+0000] {logging_mixin.py:149} INFO - [2023-09-14T16:51:20.123+0000] {dagbag.py:541} INFO - Filling up the DagBag from /home/airflow/.local/lib/python3.7/site-packages/airflow/example_dags/example_nested_branch_dag.py
[2023-09-14T16:51:20.165+0000] {processor.py:809} INFO - DAG(s) dict_keys(['example_nested_branch_dag']) retrieved from /home/airflow/.local/lib/python3.7/site-packages/airflow/example_dags/example_nested_branch_dag.py
[2023-09-14T16:51:20.284+0000] {logging_mixin.py:149} INFO - [2023-09-14T16:51:20.284+0000] {dag.py:2726} INFO - Sync 1 DAGs
[2023-09-14T16:51:20.389+0000] {logging_mixin.py:149} INFO - [2023-09-14T16:51:20.388+0000] {dag.py:3490} INFO - Setting next_dagrun for example_nested_branch_dag to 2023-09-13T00:00:00+00:00, run_after=2023-09-14T00:00:00+00:00
[2023-09-14T16:51:20.515+0000] {processor.py:178} INFO - Processing /home/airflow/.local/lib/python3.7/site-packages/airflow/example_dags/example_nested_branch_dag.py took 0.412 seconds
[2023-09-14T16:51:51.039+0000] {processor.py:156} INFO - Started process (PID=1547) to work on /home/airflow/.local/lib/python3.7/site-packages/airflow/example_dags/example_nested_branch_dag.py
[2023-09-14T16:51:51.043+0000] {processor.py:799} INFO - Processing file /home/airflow/.local/lib/python3.7/site-packages/airflow/example_dags/example_nested_branch_dag.py for tasks to queue
[2023-09-14T16:51:51.046+0000] {logging_mixin.py:149} INFO - [2023-09-14T16:51:51.045+0000] {dagbag.py:541} INFO - Filling up the DagBag from /home/airflow/.local/lib/python3.7/site-packages/airflow/example_dags/example_nested_branch_dag.py
[2023-09-14T16:51:51.082+0000] {processor.py:809} INFO - DAG(s) dict_keys(['example_nested_branch_dag']) retrieved from /home/airflow/.local/lib/python3.7/site-packages/airflow/example_dags/example_nested_branch_dag.py
[2023-09-14T16:51:51.176+0000] {logging_mixin.py:149} INFO - [2023-09-14T16:51:51.176+0000] {dag.py:2726} INFO - Sync 1 DAGs
[2023-09-14T16:51:51.272+0000] {logging_mixin.py:149} INFO - [2023-09-14T16:51:51.272+0000] {dag.py:3490} INFO - Setting next_dagrun for example_nested_branch_dag to 2023-09-13T00:00:00+00:00, run_after=2023-09-14T00:00:00+00:00
[2023-09-14T16:51:51.401+0000] {processor.py:178} INFO - Processing /home/airflow/.local/lib/python3.7/site-packages/airflow/example_dags/example_nested_branch_dag.py took 0.372 seconds
[2023-09-14T16:52:21.750+0000] {processor.py:156} INFO - Started process (PID=1608) to work on /home/airflow/.local/lib/python3.7/site-packages/airflow/example_dags/example_nested_branch_dag.py
[2023-09-14T16:52:21.753+0000] {processor.py:799} INFO - Processing file /home/airflow/.local/lib/python3.7/site-packages/airflow/example_dags/example_nested_branch_dag.py for tasks to queue
[2023-09-14T16:52:21.758+0000] {logging_mixin.py:149} INFO - [2023-09-14T16:52:21.757+0000] {dagbag.py:541} INFO - Filling up the DagBag from /home/airflow/.local/lib/python3.7/site-packages/airflow/example_dags/example_nested_branch_dag.py
[2023-09-14T16:52:21.825+0000] {processor.py:809} INFO - DAG(s) dict_keys(['example_nested_branch_dag']) retrieved from /home/airflow/.local/lib/python3.7/site-packages/airflow/example_dags/example_nested_branch_dag.py
[2023-09-14T16:52:22.008+0000] {logging_mixin.py:149} INFO - [2023-09-14T16:52:22.008+0000] {dag.py:2726} INFO - Sync 1 DAGs
[2023-09-14T16:52:22.219+0000] {logging_mixin.py:149} INFO - [2023-09-14T16:52:22.218+0000] {dag.py:3490} INFO - Setting next_dagrun for example_nested_branch_dag to 2023-09-13T00:00:00+00:00, run_after=2023-09-14T00:00:00+00:00
[2023-09-14T16:52:22.364+0000] {processor.py:178} INFO - Processing /home/airflow/.local/lib/python3.7/site-packages/airflow/example_dags/example_nested_branch_dag.py took 0.630 seconds
[2023-09-14T16:52:53.125+0000] {processor.py:156} INFO - Started process (PID=1670) to work on /home/airflow/.local/lib/python3.7/site-packages/airflow/example_dags/example_nested_branch_dag.py
[2023-09-14T16:52:53.129+0000] {processor.py:799} INFO - Processing file /home/airflow/.local/lib/python3.7/site-packages/airflow/example_dags/example_nested_branch_dag.py for tasks to queue
[2023-09-14T16:52:53.131+0000] {logging_mixin.py:149} INFO - [2023-09-14T16:52:53.131+0000] {dagbag.py:541} INFO - Filling up the DagBag from /home/airflow/.local/lib/python3.7/site-packages/airflow/example_dags/example_nested_branch_dag.py
[2023-09-14T16:52:53.168+0000] {processor.py:809} INFO - DAG(s) dict_keys(['example_nested_branch_dag']) retrieved from /home/airflow/.local/lib/python3.7/site-packages/airflow/example_dags/example_nested_branch_dag.py
[2023-09-14T16:52:53.285+0000] {logging_mixin.py:149} INFO - [2023-09-14T16:52:53.284+0000] {dag.py:2726} INFO - Sync 1 DAGs
[2023-09-14T16:52:53.426+0000] {logging_mixin.py:149} INFO - [2023-09-14T16:52:53.426+0000] {dag.py:3490} INFO - Setting next_dagrun for example_nested_branch_dag to 2023-09-13T00:00:00+00:00, run_after=2023-09-14T00:00:00+00:00
[2023-09-14T16:52:53.499+0000] {processor.py:178} INFO - Processing /home/airflow/.local/lib/python3.7/site-packages/airflow/example_dags/example_nested_branch_dag.py took 0.384 seconds
[2023-09-14T16:53:25.126+0000] {processor.py:156} INFO - Started process (PID=1732) to work on /home/airflow/.local/lib/python3.7/site-packages/airflow/example_dags/example_nested_branch_dag.py
[2023-09-14T16:53:25.129+0000] {processor.py:799} INFO - Processing file /home/airflow/.local/lib/python3.7/site-packages/airflow/example_dags/example_nested_branch_dag.py for tasks to queue
[2023-09-14T16:53:25.132+0000] {logging_mixin.py:149} INFO - [2023-09-14T16:53:25.132+0000] {dagbag.py:541} INFO - Filling up the DagBag from /home/airflow/.local/lib/python3.7/site-packages/airflow/example_dags/example_nested_branch_dag.py
[2023-09-14T16:53:25.169+0000] {processor.py:809} INFO - DAG(s) dict_keys(['example_nested_branch_dag']) retrieved from /home/airflow/.local/lib/python3.7/site-packages/airflow/example_dags/example_nested_branch_dag.py
[2023-09-14T16:53:25.280+0000] {logging_mixin.py:149} INFO - [2023-09-14T16:53:25.279+0000] {dag.py:2726} INFO - Sync 1 DAGs
[2023-09-14T16:53:25.350+0000] {logging_mixin.py:149} INFO - [2023-09-14T16:53:25.350+0000] {dag.py:3490} INFO - Setting next_dagrun for example_nested_branch_dag to 2023-09-13T00:00:00+00:00, run_after=2023-09-14T00:00:00+00:00
[2023-09-14T16:53:25.423+0000] {processor.py:178} INFO - Processing /home/airflow/.local/lib/python3.7/site-packages/airflow/example_dags/example_nested_branch_dag.py took 0.304 seconds
[2023-09-14T16:53:56.879+0000] {processor.py:156} INFO - Started process (PID=1797) to work on /home/airflow/.local/lib/python3.7/site-packages/airflow/example_dags/example_nested_branch_dag.py
[2023-09-14T16:53:56.882+0000] {processor.py:799} INFO - Processing file /home/airflow/.local/lib/python3.7/site-packages/airflow/example_dags/example_nested_branch_dag.py for tasks to queue
[2023-09-14T16:53:56.885+0000] {logging_mixin.py:149} INFO - [2023-09-14T16:53:56.884+0000] {dagbag.py:541} INFO - Filling up the DagBag from /home/airflow/.local/lib/python3.7/site-packages/airflow/example_dags/example_nested_branch_dag.py
[2023-09-14T16:53:56.928+0000] {processor.py:809} INFO - DAG(s) dict_keys(['example_nested_branch_dag']) retrieved from /home/airflow/.local/lib/python3.7/site-packages/airflow/example_dags/example_nested_branch_dag.py
[2023-09-14T16:53:57.010+0000] {logging_mixin.py:149} INFO - [2023-09-14T16:53:57.009+0000] {dag.py:2726} INFO - Sync 1 DAGs
[2023-09-14T16:53:57.113+0000] {logging_mixin.py:149} INFO - [2023-09-14T16:53:57.113+0000] {dag.py:3490} INFO - Setting next_dagrun for example_nested_branch_dag to 2023-09-13T00:00:00+00:00, run_after=2023-09-14T00:00:00+00:00
[2023-09-14T16:53:57.193+0000] {processor.py:178} INFO - Processing /home/airflow/.local/lib/python3.7/site-packages/airflow/example_dags/example_nested_branch_dag.py took 0.322 seconds
[2023-09-14T16:54:47.131+0000] {processor.py:156} INFO - Started process (PID=1864) to work on /home/airflow/.local/lib/python3.7/site-packages/airflow/example_dags/example_nested_branch_dag.py
[2023-09-14T16:54:47.135+0000] {processor.py:799} INFO - Processing file /home/airflow/.local/lib/python3.7/site-packages/airflow/example_dags/example_nested_branch_dag.py for tasks to queue
[2023-09-14T16:54:47.147+0000] {logging_mixin.py:149} INFO - [2023-09-14T16:54:47.147+0000] {dagbag.py:541} INFO - Filling up the DagBag from /home/airflow/.local/lib/python3.7/site-packages/airflow/example_dags/example_nested_branch_dag.py
[2023-09-14T16:54:47.251+0000] {processor.py:809} INFO - DAG(s) dict_keys(['example_nested_branch_dag']) retrieved from /home/airflow/.local/lib/python3.7/site-packages/airflow/example_dags/example_nested_branch_dag.py
[2023-09-14T16:54:47.506+0000] {logging_mixin.py:149} INFO - [2023-09-14T16:54:47.506+0000] {dag.py:2726} INFO - Sync 1 DAGs
[2023-09-14T16:54:47.771+0000] {logging_mixin.py:149} INFO - [2023-09-14T16:54:47.770+0000] {dag.py:3490} INFO - Setting next_dagrun for example_nested_branch_dag to 2023-09-13T00:00:00+00:00, run_after=2023-09-14T00:00:00+00:00
[2023-09-14T16:54:47.949+0000] {processor.py:178} INFO - Processing /home/airflow/.local/lib/python3.7/site-packages/airflow/example_dags/example_nested_branch_dag.py took 0.864 seconds
[2023-09-14T16:55:18.706+0000] {processor.py:156} INFO - Started process (PID=1930) to work on /home/airflow/.local/lib/python3.7/site-packages/airflow/example_dags/example_nested_branch_dag.py
[2023-09-14T16:55:18.709+0000] {processor.py:799} INFO - Processing file /home/airflow/.local/lib/python3.7/site-packages/airflow/example_dags/example_nested_branch_dag.py for tasks to queue
[2023-09-14T16:55:18.711+0000] {logging_mixin.py:149} INFO - [2023-09-14T16:55:18.711+0000] {dagbag.py:541} INFO - Filling up the DagBag from /home/airflow/.local/lib/python3.7/site-packages/airflow/example_dags/example_nested_branch_dag.py
[2023-09-14T16:55:18.746+0000] {processor.py:809} INFO - DAG(s) dict_keys(['example_nested_branch_dag']) retrieved from /home/airflow/.local/lib/python3.7/site-packages/airflow/example_dags/example_nested_branch_dag.py
[2023-09-14T16:55:18.859+0000] {logging_mixin.py:149} INFO - [2023-09-14T16:55:18.859+0000] {dag.py:2726} INFO - Sync 1 DAGs
[2023-09-14T16:55:18.961+0000] {logging_mixin.py:149} INFO - [2023-09-14T16:55:18.961+0000] {dag.py:3490} INFO - Setting next_dagrun for example_nested_branch_dag to 2023-09-13T00:00:00+00:00, run_after=2023-09-14T00:00:00+00:00
[2023-09-14T16:55:19.013+0000] {processor.py:178} INFO - Processing /home/airflow/.local/lib/python3.7/site-packages/airflow/example_dags/example_nested_branch_dag.py took 0.313 seconds
[2023-09-14T16:55:49.366+0000] {processor.py:156} INFO - Started process (PID=1996) to work on /home/airflow/.local/lib/python3.7/site-packages/airflow/example_dags/example_nested_branch_dag.py
[2023-09-14T16:55:49.370+0000] {processor.py:799} INFO - Processing file /home/airflow/.local/lib/python3.7/site-packages/airflow/example_dags/example_nested_branch_dag.py for tasks to queue
[2023-09-14T16:55:49.375+0000] {logging_mixin.py:149} INFO - [2023-09-14T16:55:49.375+0000] {dagbag.py:541} INFO - Filling up the DagBag from /home/airflow/.local/lib/python3.7/site-packages/airflow/example_dags/example_nested_branch_dag.py
[2023-09-14T16:55:49.418+0000] {processor.py:809} INFO - DAG(s) dict_keys(['example_nested_branch_dag']) retrieved from /home/airflow/.local/lib/python3.7/site-packages/airflow/example_dags/example_nested_branch_dag.py
[2023-09-14T16:55:49.598+0000] {logging_mixin.py:149} INFO - [2023-09-14T16:55:49.597+0000] {dag.py:2726} INFO - Sync 1 DAGs
[2023-09-14T16:55:49.756+0000] {logging_mixin.py:149} INFO - [2023-09-14T16:55:49.755+0000] {dag.py:3490} INFO - Setting next_dagrun for example_nested_branch_dag to 2023-09-13T00:00:00+00:00, run_after=2023-09-14T00:00:00+00:00
[2023-09-14T16:55:49.847+0000] {processor.py:178} INFO - Processing /home/airflow/.local/lib/python3.7/site-packages/airflow/example_dags/example_nested_branch_dag.py took 0.500 seconds
[2023-09-14T16:56:20.660+0000] {processor.py:156} INFO - Started process (PID=2061) to work on /home/airflow/.local/lib/python3.7/site-packages/airflow/example_dags/example_nested_branch_dag.py
[2023-09-14T16:56:20.665+0000] {processor.py:799} INFO - Processing file /home/airflow/.local/lib/python3.7/site-packages/airflow/example_dags/example_nested_branch_dag.py for tasks to queue
[2023-09-14T16:56:20.669+0000] {logging_mixin.py:149} INFO - [2023-09-14T16:56:20.668+0000] {dagbag.py:541} INFO - Filling up the DagBag from /home/airflow/.local/lib/python3.7/site-packages/airflow/example_dags/example_nested_branch_dag.py
[2023-09-14T16:56:20.706+0000] {processor.py:809} INFO - DAG(s) dict_keys(['example_nested_branch_dag']) retrieved from /home/airflow/.local/lib/python3.7/site-packages/airflow/example_dags/example_nested_branch_dag.py
[2023-09-14T16:56:20.801+0000] {logging_mixin.py:149} INFO - [2023-09-14T16:56:20.800+0000] {dag.py:2726} INFO - Sync 1 DAGs
[2023-09-14T16:56:20.910+0000] {logging_mixin.py:149} INFO - [2023-09-14T16:56:20.910+0000] {dag.py:3490} INFO - Setting next_dagrun for example_nested_branch_dag to 2023-09-13T00:00:00+00:00, run_after=2023-09-14T00:00:00+00:00
[2023-09-14T16:56:20.967+0000] {processor.py:178} INFO - Processing /home/airflow/.local/lib/python3.7/site-packages/airflow/example_dags/example_nested_branch_dag.py took 0.321 seconds
[2023-09-14T16:56:51.263+0000] {processor.py:156} INFO - Started process (PID=2126) to work on /home/airflow/.local/lib/python3.7/site-packages/airflow/example_dags/example_nested_branch_dag.py
[2023-09-14T16:56:51.267+0000] {processor.py:799} INFO - Processing file /home/airflow/.local/lib/python3.7/site-packages/airflow/example_dags/example_nested_branch_dag.py for tasks to queue
[2023-09-14T16:56:51.272+0000] {logging_mixin.py:149} INFO - [2023-09-14T16:56:51.271+0000] {dagbag.py:541} INFO - Filling up the DagBag from /home/airflow/.local/lib/python3.7/site-packages/airflow/example_dags/example_nested_branch_dag.py
[2023-09-14T16:56:51.357+0000] {processor.py:809} INFO - DAG(s) dict_keys(['example_nested_branch_dag']) retrieved from /home/airflow/.local/lib/python3.7/site-packages/airflow/example_dags/example_nested_branch_dag.py
[2023-09-14T16:56:51.506+0000] {logging_mixin.py:149} INFO - [2023-09-14T16:56:51.506+0000] {dag.py:2726} INFO - Sync 1 DAGs
[2023-09-14T16:56:51.669+0000] {logging_mixin.py:149} INFO - [2023-09-14T16:56:51.668+0000] {dag.py:3490} INFO - Setting next_dagrun for example_nested_branch_dag to 2023-09-13T00:00:00+00:00, run_after=2023-09-14T00:00:00+00:00
[2023-09-14T16:56:51.823+0000] {processor.py:178} INFO - Processing /home/airflow/.local/lib/python3.7/site-packages/airflow/example_dags/example_nested_branch_dag.py took 0.592 seconds
[2023-09-14T16:57:22.475+0000] {processor.py:156} INFO - Started process (PID=2192) to work on /home/airflow/.local/lib/python3.7/site-packages/airflow/example_dags/example_nested_branch_dag.py
[2023-09-14T16:57:22.478+0000] {processor.py:799} INFO - Processing file /home/airflow/.local/lib/python3.7/site-packages/airflow/example_dags/example_nested_branch_dag.py for tasks to queue
[2023-09-14T16:57:22.483+0000] {logging_mixin.py:149} INFO - [2023-09-14T16:57:22.482+0000] {dagbag.py:541} INFO - Filling up the DagBag from /home/airflow/.local/lib/python3.7/site-packages/airflow/example_dags/example_nested_branch_dag.py
[2023-09-14T16:57:22.535+0000] {processor.py:809} INFO - DAG(s) dict_keys(['example_nested_branch_dag']) retrieved from /home/airflow/.local/lib/python3.7/site-packages/airflow/example_dags/example_nested_branch_dag.py
[2023-09-14T16:57:22.643+0000] {logging_mixin.py:149} INFO - [2023-09-14T16:57:22.643+0000] {dag.py:2726} INFO - Sync 1 DAGs
[2023-09-14T16:57:22.793+0000] {logging_mixin.py:149} INFO - [2023-09-14T16:57:22.792+0000] {dag.py:3490} INFO - Setting next_dagrun for example_nested_branch_dag to 2023-09-13T00:00:00+00:00, run_after=2023-09-14T00:00:00+00:00
[2023-09-14T16:57:22.885+0000] {processor.py:178} INFO - Processing /home/airflow/.local/lib/python3.7/site-packages/airflow/example_dags/example_nested_branch_dag.py took 0.416 seconds
[2023-09-14T16:57:53.037+0000] {processor.py:156} INFO - Started process (PID=2259) to work on /home/airflow/.local/lib/python3.7/site-packages/airflow/example_dags/example_nested_branch_dag.py
[2023-09-14T16:57:53.040+0000] {processor.py:799} INFO - Processing file /home/airflow/.local/lib/python3.7/site-packages/airflow/example_dags/example_nested_branch_dag.py for tasks to queue
[2023-09-14T16:57:53.042+0000] {logging_mixin.py:149} INFO - [2023-09-14T16:57:53.042+0000] {dagbag.py:541} INFO - Filling up the DagBag from /home/airflow/.local/lib/python3.7/site-packages/airflow/example_dags/example_nested_branch_dag.py
[2023-09-14T16:57:53.067+0000] {processor.py:809} INFO - DAG(s) dict_keys(['example_nested_branch_dag']) retrieved from /home/airflow/.local/lib/python3.7/site-packages/airflow/example_dags/example_nested_branch_dag.py
[2023-09-14T16:57:53.105+0000] {logging_mixin.py:149} INFO - [2023-09-14T16:57:53.105+0000] {dag.py:2726} INFO - Sync 1 DAGs
[2023-09-14T16:57:53.184+0000] {logging_mixin.py:149} INFO - [2023-09-14T16:57:53.184+0000] {dag.py:3490} INFO - Setting next_dagrun for example_nested_branch_dag to 2023-09-13T00:00:00+00:00, run_after=2023-09-14T00:00:00+00:00
[2023-09-14T16:57:53.238+0000] {processor.py:178} INFO - Processing /home/airflow/.local/lib/python3.7/site-packages/airflow/example_dags/example_nested_branch_dag.py took 0.210 seconds
[2023-09-14T16:58:25.828+0000] {processor.py:156} INFO - Started process (PID=2332) to work on /home/airflow/.local/lib/python3.7/site-packages/airflow/example_dags/example_nested_branch_dag.py
[2023-09-14T16:58:25.836+0000] {processor.py:799} INFO - Processing file /home/airflow/.local/lib/python3.7/site-packages/airflow/example_dags/example_nested_branch_dag.py for tasks to queue
[2023-09-14T16:58:25.839+0000] {logging_mixin.py:149} INFO - [2023-09-14T16:58:25.838+0000] {dagbag.py:541} INFO - Filling up the DagBag from /home/airflow/.local/lib/python3.7/site-packages/airflow/example_dags/example_nested_branch_dag.py
[2023-09-14T16:58:25.906+0000] {processor.py:809} INFO - DAG(s) dict_keys(['example_nested_branch_dag']) retrieved from /home/airflow/.local/lib/python3.7/site-packages/airflow/example_dags/example_nested_branch_dag.py
[2023-09-14T16:58:26.128+0000] {logging_mixin.py:149} INFO - [2023-09-14T16:58:26.126+0000] {dag.py:2726} INFO - Sync 1 DAGs
[2023-09-14T16:58:26.490+0000] {logging_mixin.py:149} INFO - [2023-09-14T16:58:26.489+0000] {dag.py:3490} INFO - Setting next_dagrun for example_nested_branch_dag to 2023-09-13T00:00:00+00:00, run_after=2023-09-14T00:00:00+00:00
[2023-09-14T16:58:26.741+0000] {processor.py:178} INFO - Processing /home/airflow/.local/lib/python3.7/site-packages/airflow/example_dags/example_nested_branch_dag.py took 0.928 seconds
[2023-09-14T16:59:03.205+0000] {processor.py:156} INFO - Started process (PID=2401) to work on /home/airflow/.local/lib/python3.7/site-packages/airflow/example_dags/example_nested_branch_dag.py
[2023-09-14T16:59:03.209+0000] {processor.py:799} INFO - Processing file /home/airflow/.local/lib/python3.7/site-packages/airflow/example_dags/example_nested_branch_dag.py for tasks to queue
[2023-09-14T16:59:03.212+0000] {logging_mixin.py:149} INFO - [2023-09-14T16:59:03.212+0000] {dagbag.py:541} INFO - Filling up the DagBag from /home/airflow/.local/lib/python3.7/site-packages/airflow/example_dags/example_nested_branch_dag.py
[2023-09-14T16:59:03.247+0000] {processor.py:809} INFO - DAG(s) dict_keys(['example_nested_branch_dag']) retrieved from /home/airflow/.local/lib/python3.7/site-packages/airflow/example_dags/example_nested_branch_dag.py
[2023-09-14T16:59:03.326+0000] {logging_mixin.py:149} INFO - [2023-09-14T16:59:03.326+0000] {dag.py:2726} INFO - Sync 1 DAGs
[2023-09-14T16:59:03.440+0000] {logging_mixin.py:149} INFO - [2023-09-14T16:59:03.439+0000] {dag.py:3490} INFO - Setting next_dagrun for example_nested_branch_dag to 2023-09-13T00:00:00+00:00, run_after=2023-09-14T00:00:00+00:00
[2023-09-14T16:59:03.520+0000] {processor.py:178} INFO - Processing /home/airflow/.local/lib/python3.7/site-packages/airflow/example_dags/example_nested_branch_dag.py took 0.322 seconds
[2023-09-14T16:59:36.095+0000] {processor.py:156} INFO - Started process (PID=2468) to work on /home/airflow/.local/lib/python3.7/site-packages/airflow/example_dags/example_nested_branch_dag.py
[2023-09-14T16:59:36.098+0000] {processor.py:799} INFO - Processing file /home/airflow/.local/lib/python3.7/site-packages/airflow/example_dags/example_nested_branch_dag.py for tasks to queue
[2023-09-14T16:59:36.101+0000] {logging_mixin.py:149} INFO - [2023-09-14T16:59:36.101+0000] {dagbag.py:541} INFO - Filling up the DagBag from /home/airflow/.local/lib/python3.7/site-packages/airflow/example_dags/example_nested_branch_dag.py
[2023-09-14T16:59:36.137+0000] {processor.py:809} INFO - DAG(s) dict_keys(['example_nested_branch_dag']) retrieved from /home/airflow/.local/lib/python3.7/site-packages/airflow/example_dags/example_nested_branch_dag.py
[2023-09-14T16:59:36.271+0000] {logging_mixin.py:149} INFO - [2023-09-14T16:59:36.270+0000] {dag.py:2726} INFO - Sync 1 DAGs
[2023-09-14T16:59:36.354+0000] {logging_mixin.py:149} INFO - [2023-09-14T16:59:36.353+0000] {dag.py:3490} INFO - Setting next_dagrun for example_nested_branch_dag to 2023-09-13T00:00:00+00:00, run_after=2023-09-14T00:00:00+00:00
[2023-09-14T16:59:36.410+0000] {processor.py:178} INFO - Processing /home/airflow/.local/lib/python3.7/site-packages/airflow/example_dags/example_nested_branch_dag.py took 0.324 seconds
[2023-09-14T17:00:12.035+0000] {processor.py:156} INFO - Started process (PID=2525) to work on /home/airflow/.local/lib/python3.7/site-packages/airflow/example_dags/example_nested_branch_dag.py
[2023-09-14T17:00:12.038+0000] {processor.py:799} INFO - Processing file /home/airflow/.local/lib/python3.7/site-packages/airflow/example_dags/example_nested_branch_dag.py for tasks to queue
[2023-09-14T17:00:12.041+0000] {logging_mixin.py:149} INFO - [2023-09-14T17:00:12.041+0000] {dagbag.py:541} INFO - Filling up the DagBag from /home/airflow/.local/lib/python3.7/site-packages/airflow/example_dags/example_nested_branch_dag.py
[2023-09-14T17:00:12.101+0000] {processor.py:809} INFO - DAG(s) dict_keys(['example_nested_branch_dag']) retrieved from /home/airflow/.local/lib/python3.7/site-packages/airflow/example_dags/example_nested_branch_dag.py
[2023-09-14T17:00:12.244+0000] {logging_mixin.py:149} INFO - [2023-09-14T17:00:12.244+0000] {dag.py:2726} INFO - Sync 1 DAGs
[2023-09-14T17:00:12.505+0000] {logging_mixin.py:149} INFO - [2023-09-14T17:00:12.504+0000] {dag.py:3490} INFO - Setting next_dagrun for example_nested_branch_dag to 2023-09-13T00:00:00+00:00, run_after=2023-09-14T00:00:00+00:00
[2023-09-14T17:00:12.682+0000] {processor.py:178} INFO - Processing /home/airflow/.local/lib/python3.7/site-packages/airflow/example_dags/example_nested_branch_dag.py took 0.656 seconds
[2023-09-14T17:00:43.031+0000] {processor.py:156} INFO - Started process (PID=2589) to work on /home/airflow/.local/lib/python3.7/site-packages/airflow/example_dags/example_nested_branch_dag.py
[2023-09-14T17:00:43.034+0000] {processor.py:799} INFO - Processing file /home/airflow/.local/lib/python3.7/site-packages/airflow/example_dags/example_nested_branch_dag.py for tasks to queue
[2023-09-14T17:00:43.037+0000] {logging_mixin.py:149} INFO - [2023-09-14T17:00:43.037+0000] {dagbag.py:541} INFO - Filling up the DagBag from /home/airflow/.local/lib/python3.7/site-packages/airflow/example_dags/example_nested_branch_dag.py
[2023-09-14T17:00:43.071+0000] {processor.py:809} INFO - DAG(s) dict_keys(['example_nested_branch_dag']) retrieved from /home/airflow/.local/lib/python3.7/site-packages/airflow/example_dags/example_nested_branch_dag.py
[2023-09-14T17:00:43.176+0000] {logging_mixin.py:149} INFO - [2023-09-14T17:00:43.176+0000] {dag.py:2726} INFO - Sync 1 DAGs
[2023-09-14T17:00:43.290+0000] {logging_mixin.py:149} INFO - [2023-09-14T17:00:43.290+0000] {dag.py:3490} INFO - Setting next_dagrun for example_nested_branch_dag to 2023-09-13T00:00:00+00:00, run_after=2023-09-14T00:00:00+00:00
[2023-09-14T17:00:43.342+0000] {processor.py:178} INFO - Processing /home/airflow/.local/lib/python3.7/site-packages/airflow/example_dags/example_nested_branch_dag.py took 0.325 seconds
[2023-09-14T17:01:14.143+0000] {processor.py:156} INFO - Started process (PID=2653) to work on /home/airflow/.local/lib/python3.7/site-packages/airflow/example_dags/example_nested_branch_dag.py
[2023-09-14T17:01:14.146+0000] {processor.py:799} INFO - Processing file /home/airflow/.local/lib/python3.7/site-packages/airflow/example_dags/example_nested_branch_dag.py for tasks to queue
[2023-09-14T17:01:14.150+0000] {logging_mixin.py:149} INFO - [2023-09-14T17:01:14.149+0000] {dagbag.py:541} INFO - Filling up the DagBag from /home/airflow/.local/lib/python3.7/site-packages/airflow/example_dags/example_nested_branch_dag.py
[2023-09-14T17:01:14.161+0000] {processor.py:809} INFO - DAG(s) dict_keys(['example_nested_branch_dag']) retrieved from /home/airflow/.local/lib/python3.7/site-packages/airflow/example_dags/example_nested_branch_dag.py
[2023-09-14T17:01:14.203+0000] {logging_mixin.py:149} INFO - [2023-09-14T17:01:14.203+0000] {dag.py:2726} INFO - Sync 1 DAGs
[2023-09-14T17:01:14.248+0000] {logging_mixin.py:149} INFO - [2023-09-14T17:01:14.248+0000] {dag.py:3490} INFO - Setting next_dagrun for example_nested_branch_dag to 2023-09-13T00:00:00+00:00, run_after=2023-09-14T00:00:00+00:00
[2023-09-14T17:01:14.295+0000] {processor.py:178} INFO - Processing /home/airflow/.local/lib/python3.7/site-packages/airflow/example_dags/example_nested_branch_dag.py took 0.157 seconds
[2023-09-14T17:01:44.667+0000] {processor.py:156} INFO - Started process (PID=2717) to work on /home/airflow/.local/lib/python3.7/site-packages/airflow/example_dags/example_nested_branch_dag.py
[2023-09-14T17:01:44.670+0000] {processor.py:799} INFO - Processing file /home/airflow/.local/lib/python3.7/site-packages/airflow/example_dags/example_nested_branch_dag.py for tasks to queue
[2023-09-14T17:01:44.673+0000] {logging_mixin.py:149} INFO - [2023-09-14T17:01:44.672+0000] {dagbag.py:541} INFO - Filling up the DagBag from /home/airflow/.local/lib/python3.7/site-packages/airflow/example_dags/example_nested_branch_dag.py
[2023-09-14T17:01:44.699+0000] {processor.py:809} INFO - DAG(s) dict_keys(['example_nested_branch_dag']) retrieved from /home/airflow/.local/lib/python3.7/site-packages/airflow/example_dags/example_nested_branch_dag.py
[2023-09-14T17:01:44.769+0000] {logging_mixin.py:149} INFO - [2023-09-14T17:01:44.769+0000] {dag.py:2726} INFO - Sync 1 DAGs
[2023-09-14T17:01:44.901+0000] {logging_mixin.py:149} INFO - [2023-09-14T17:01:44.901+0000] {dag.py:3490} INFO - Setting next_dagrun for example_nested_branch_dag to 2023-09-13T00:00:00+00:00, run_after=2023-09-14T00:00:00+00:00
[2023-09-14T17:01:44.983+0000] {processor.py:178} INFO - Processing /home/airflow/.local/lib/python3.7/site-packages/airflow/example_dags/example_nested_branch_dag.py took 0.321 seconds
[2023-09-14T17:02:15.882+0000] {processor.py:156} INFO - Started process (PID=2782) to work on /home/airflow/.local/lib/python3.7/site-packages/airflow/example_dags/example_nested_branch_dag.py
[2023-09-14T17:02:15.884+0000] {processor.py:799} INFO - Processing file /home/airflow/.local/lib/python3.7/site-packages/airflow/example_dags/example_nested_branch_dag.py for tasks to queue
[2023-09-14T17:02:15.885+0000] {logging_mixin.py:149} INFO - [2023-09-14T17:02:15.885+0000] {dagbag.py:541} INFO - Filling up the DagBag from /home/airflow/.local/lib/python3.7/site-packages/airflow/example_dags/example_nested_branch_dag.py
[2023-09-14T17:02:15.921+0000] {processor.py:809} INFO - DAG(s) dict_keys(['example_nested_branch_dag']) retrieved from /home/airflow/.local/lib/python3.7/site-packages/airflow/example_dags/example_nested_branch_dag.py
[2023-09-14T17:02:16.044+0000] {logging_mixin.py:149} INFO - [2023-09-14T17:02:16.044+0000] {dag.py:2726} INFO - Sync 1 DAGs
[2023-09-14T17:02:16.164+0000] {logging_mixin.py:149} INFO - [2023-09-14T17:02:16.162+0000] {dag.py:3490} INFO - Setting next_dagrun for example_nested_branch_dag to 2023-09-13T00:00:00+00:00, run_after=2023-09-14T00:00:00+00:00
[2023-09-14T17:02:16.248+0000] {processor.py:178} INFO - Processing /home/airflow/.local/lib/python3.7/site-packages/airflow/example_dags/example_nested_branch_dag.py took 0.372 seconds
