[2023-09-14T16:09:48.496+0000] {processor.py:156} INFO - Started process (PID=47) to work on /home/airflow/.local/lib/python3.7/site-packages/airflow/example_dags/example_kubernetes_executor.py
[2023-09-14T16:09:48.501+0000] {processor.py:799} INFO - Processing file /home/airflow/.local/lib/python3.7/site-packages/airflow/example_dags/example_kubernetes_executor.py for tasks to queue
[2023-09-14T16:09:48.536+0000] {logging_mixin.py:149} INFO - [2023-09-14T16:09:48.536+0000] {dagbag.py:541} INFO - Filling up the DagBag from /home/airflow/.local/lib/python3.7/site-packages/airflow/example_dags/example_kubernetes_executor.py
[2023-09-14T16:10:18.925+0000] {logging_mixin.py:149} INFO - [2023-09-14T16:10:18.852+0000] {timeout.py:68} ERROR - Process timed out, PID: 47
[2023-09-14T16:10:19.025+0000] {logging_mixin.py:149} INFO - [2023-09-14T16:10:18.960+0000] {dagbag.py:350} ERROR - Failed to import: /home/airflow/.local/lib/python3.7/site-packages/airflow/example_dags/example_kubernetes_executor.py
Traceback (most recent call last):
  File "/home/airflow/.local/lib/python3.7/site-packages/airflow/models/dagbag.py", line 346, in parse
    loader.exec_module(new_module)
  File "<frozen importlib._bootstrap_external>", line 728, in exec_module
  File "<frozen importlib._bootstrap>", line 219, in _call_with_frames_removed
  File "/home/airflow/.local/lib/python3.7/site-packages/airflow/example_dags/example_kubernetes_executor.py", line 39, in <module>
    from kubernetes.client import models as k8s
  File "/home/airflow/.local/lib/python3.7/site-packages/kubernetes/__init__.py", line 23, in <module>
    import kubernetes.stream
  File "/home/airflow/.local/lib/python3.7/site-packages/kubernetes/stream/__init__.py", line 15, in <module>
    from .stream import stream, portforward
  File "/home/airflow/.local/lib/python3.7/site-packages/kubernetes/stream/stream.py", line 17, in <module>
    from . import ws_client
  File "/home/airflow/.local/lib/python3.7/site-packages/kubernetes/stream/ws_client.py", line 32, in <module>
    from websocket import WebSocket, ABNF, enableTrace
  File "/home/airflow/.local/lib/python3.7/site-packages/websocket/__init__.py", line 19, in <module>
    from ._abnf import *
  File "/home/airflow/.local/lib/python3.7/site-packages/websocket/_abnf.py", line 34, in <module>
    from wsaccel.xormask import XorMaskerSimple
  File "<frozen importlib._bootstrap>", line 983, in _find_and_load
  File "<frozen importlib._bootstrap>", line 963, in _find_and_load_unlocked
  File "<frozen importlib._bootstrap>", line 906, in _find_spec
  File "<frozen importlib._bootstrap_external>", line 1280, in find_spec
  File "<frozen importlib._bootstrap_external>", line 1252, in _get_spec
  File "<frozen importlib._bootstrap_external>", line 1364, in find_spec
  File "<frozen importlib._bootstrap_external>", line 81, in _path_stat
  File "/home/airflow/.local/lib/python3.7/site-packages/airflow/utils/timeout.py", line 69, in handle_timeout
    raise AirflowTaskTimeout(self.error_message)
airflow.exceptions.AirflowTaskTimeout: DagBag import timeout for /home/airflow/.local/lib/python3.7/site-packages/airflow/example_dags/example_kubernetes_executor.py after 30.0s.
Please take a look at these docs to improve your DAG import time:
* https://airflow.apache.org/docs/apache-airflow/2.6.0/best-practices.html#top-level-python-code
* https://airflow.apache.org/docs/apache-airflow/2.6.0/best-practices.html#reducing-dag-complexity, PID: 47
[2023-09-14T16:10:19.030+0000] {processor.py:811} WARNING - No viable dags retrieved from /home/airflow/.local/lib/python3.7/site-packages/airflow/example_dags/example_kubernetes_executor.py
[2023-09-14T16:10:20.139+0000] {processor.py:178} INFO - Processing /home/airflow/.local/lib/python3.7/site-packages/airflow/example_dags/example_kubernetes_executor.py took 31.687 seconds
[2023-09-14T16:11:40.391+0000] {processor.py:156} INFO - Started process (PID=122) to work on /home/airflow/.local/lib/python3.7/site-packages/airflow/example_dags/example_kubernetes_executor.py
[2023-09-14T16:11:40.405+0000] {processor.py:799} INFO - Processing file /home/airflow/.local/lib/python3.7/site-packages/airflow/example_dags/example_kubernetes_executor.py for tasks to queue
[2023-09-14T16:11:40.408+0000] {logging_mixin.py:149} INFO - [2023-09-14T16:11:40.408+0000] {dagbag.py:541} INFO - Filling up the DagBag from /home/airflow/.local/lib/python3.7/site-packages/airflow/example_dags/example_kubernetes_executor.py
[2023-09-14T16:11:42.871+0000] {processor.py:809} INFO - DAG(s) dict_keys(['example_kubernetes_executor']) retrieved from /home/airflow/.local/lib/python3.7/site-packages/airflow/example_dags/example_kubernetes_executor.py
[2023-09-14T16:11:43.325+0000] {logging_mixin.py:149} INFO - [2023-09-14T16:11:43.325+0000] {dag.py:2726} INFO - Sync 1 DAGs
[2023-09-14T16:11:43.470+0000] {logging_mixin.py:149} INFO - [2023-09-14T16:11:43.469+0000] {dag.py:3490} INFO - Setting next_dagrun for example_kubernetes_executor to None, run_after=None
[2023-09-14T16:11:43.612+0000] {processor.py:178} INFO - Processing /home/airflow/.local/lib/python3.7/site-packages/airflow/example_dags/example_kubernetes_executor.py took 3.230 seconds
[2023-09-14T16:12:18.672+0000] {processor.py:156} INFO - Started process (PID=175) to work on /home/airflow/.local/lib/python3.7/site-packages/airflow/example_dags/example_kubernetes_executor.py
[2023-09-14T16:12:18.675+0000] {processor.py:799} INFO - Processing file /home/airflow/.local/lib/python3.7/site-packages/airflow/example_dags/example_kubernetes_executor.py for tasks to queue
[2023-09-14T16:12:18.681+0000] {logging_mixin.py:149} INFO - [2023-09-14T16:12:18.679+0000] {dagbag.py:541} INFO - Filling up the DagBag from /home/airflow/.local/lib/python3.7/site-packages/airflow/example_dags/example_kubernetes_executor.py
[2023-09-14T16:12:20.272+0000] {processor.py:809} INFO - DAG(s) dict_keys(['example_kubernetes_executor']) retrieved from /home/airflow/.local/lib/python3.7/site-packages/airflow/example_dags/example_kubernetes_executor.py
[2023-09-14T16:12:20.438+0000] {logging_mixin.py:149} INFO - [2023-09-14T16:12:20.437+0000] {dag.py:2726} INFO - Sync 1 DAGs
[2023-09-14T16:12:20.543+0000] {logging_mixin.py:149} INFO - [2023-09-14T16:12:20.543+0000] {dag.py:3490} INFO - Setting next_dagrun for example_kubernetes_executor to None, run_after=None
[2023-09-14T16:12:20.646+0000] {processor.py:178} INFO - Processing /home/airflow/.local/lib/python3.7/site-packages/airflow/example_dags/example_kubernetes_executor.py took 1.993 seconds
[2023-09-14T16:12:56.010+0000] {processor.py:156} INFO - Started process (PID=244) to work on /home/airflow/.local/lib/python3.7/site-packages/airflow/example_dags/example_kubernetes_executor.py
[2023-09-14T16:12:56.032+0000] {processor.py:799} INFO - Processing file /home/airflow/.local/lib/python3.7/site-packages/airflow/example_dags/example_kubernetes_executor.py for tasks to queue
[2023-09-14T16:12:56.044+0000] {logging_mixin.py:149} INFO - [2023-09-14T16:12:56.043+0000] {dagbag.py:541} INFO - Filling up the DagBag from /home/airflow/.local/lib/python3.7/site-packages/airflow/example_dags/example_kubernetes_executor.py
[2023-09-14T16:12:59.564+0000] {processor.py:809} INFO - DAG(s) dict_keys(['example_kubernetes_executor']) retrieved from /home/airflow/.local/lib/python3.7/site-packages/airflow/example_dags/example_kubernetes_executor.py
[2023-09-14T16:13:00.364+0000] {logging_mixin.py:149} INFO - [2023-09-14T16:13:00.354+0000] {dag.py:2726} INFO - Sync 1 DAGs
[2023-09-14T16:13:00.601+0000] {logging_mixin.py:149} INFO - [2023-09-14T16:13:00.601+0000] {dag.py:3490} INFO - Setting next_dagrun for example_kubernetes_executor to None, run_after=None
[2023-09-14T16:13:00.746+0000] {processor.py:178} INFO - Processing /home/airflow/.local/lib/python3.7/site-packages/airflow/example_dags/example_kubernetes_executor.py took 4.696 seconds
[2023-09-14T16:13:30.892+0000] {processor.py:156} INFO - Started process (PID=308) to work on /home/airflow/.local/lib/python3.7/site-packages/airflow/example_dags/example_kubernetes_executor.py
[2023-09-14T16:13:30.896+0000] {processor.py:799} INFO - Processing file /home/airflow/.local/lib/python3.7/site-packages/airflow/example_dags/example_kubernetes_executor.py for tasks to queue
[2023-09-14T16:13:30.901+0000] {logging_mixin.py:149} INFO - [2023-09-14T16:13:30.899+0000] {dagbag.py:541} INFO - Filling up the DagBag from /home/airflow/.local/lib/python3.7/site-packages/airflow/example_dags/example_kubernetes_executor.py
[2023-09-14T16:13:33.404+0000] {processor.py:809} INFO - DAG(s) dict_keys(['example_kubernetes_executor']) retrieved from /home/airflow/.local/lib/python3.7/site-packages/airflow/example_dags/example_kubernetes_executor.py
[2023-09-14T16:13:34.738+0000] {logging_mixin.py:149} INFO - [2023-09-14T16:13:34.737+0000] {dag.py:2726} INFO - Sync 1 DAGs
[2023-09-14T16:13:35.127+0000] {logging_mixin.py:149} INFO - [2023-09-14T16:13:35.127+0000] {dag.py:3490} INFO - Setting next_dagrun for example_kubernetes_executor to None, run_after=None
[2023-09-14T16:13:37.617+0000] {processor.py:178} INFO - Processing /home/airflow/.local/lib/python3.7/site-packages/airflow/example_dags/example_kubernetes_executor.py took 6.737 seconds
[2023-09-14T16:14:07.989+0000] {processor.py:156} INFO - Started process (PID=370) to work on /home/airflow/.local/lib/python3.7/site-packages/airflow/example_dags/example_kubernetes_executor.py
[2023-09-14T16:14:07.995+0000] {processor.py:799} INFO - Processing file /home/airflow/.local/lib/python3.7/site-packages/airflow/example_dags/example_kubernetes_executor.py for tasks to queue
[2023-09-14T16:14:07.998+0000] {logging_mixin.py:149} INFO - [2023-09-14T16:14:07.997+0000] {dagbag.py:541} INFO - Filling up the DagBag from /home/airflow/.local/lib/python3.7/site-packages/airflow/example_dags/example_kubernetes_executor.py
[2023-09-14T16:14:08.814+0000] {processor.py:809} INFO - DAG(s) dict_keys(['example_kubernetes_executor']) retrieved from /home/airflow/.local/lib/python3.7/site-packages/airflow/example_dags/example_kubernetes_executor.py
[2023-09-14T16:14:08.934+0000] {logging_mixin.py:149} INFO - [2023-09-14T16:14:08.933+0000] {dag.py:2726} INFO - Sync 1 DAGs
[2023-09-14T16:14:09.022+0000] {logging_mixin.py:149} INFO - [2023-09-14T16:14:09.021+0000] {dag.py:3490} INFO - Setting next_dagrun for example_kubernetes_executor to None, run_after=None
[2023-09-14T16:14:09.085+0000] {processor.py:178} INFO - Processing /home/airflow/.local/lib/python3.7/site-packages/airflow/example_dags/example_kubernetes_executor.py took 1.106 seconds
[2023-09-14T16:14:39.498+0000] {processor.py:156} INFO - Started process (PID=434) to work on /home/airflow/.local/lib/python3.7/site-packages/airflow/example_dags/example_kubernetes_executor.py
[2023-09-14T16:14:39.502+0000] {processor.py:799} INFO - Processing file /home/airflow/.local/lib/python3.7/site-packages/airflow/example_dags/example_kubernetes_executor.py for tasks to queue
[2023-09-14T16:14:39.504+0000] {logging_mixin.py:149} INFO - [2023-09-14T16:14:39.504+0000] {dagbag.py:541} INFO - Filling up the DagBag from /home/airflow/.local/lib/python3.7/site-packages/airflow/example_dags/example_kubernetes_executor.py
[2023-09-14T16:14:40.066+0000] {processor.py:809} INFO - DAG(s) dict_keys(['example_kubernetes_executor']) retrieved from /home/airflow/.local/lib/python3.7/site-packages/airflow/example_dags/example_kubernetes_executor.py
[2023-09-14T16:14:40.175+0000] {logging_mixin.py:149} INFO - [2023-09-14T16:14:40.174+0000] {dag.py:2726} INFO - Sync 1 DAGs
[2023-09-14T16:14:40.276+0000] {logging_mixin.py:149} INFO - [2023-09-14T16:14:40.276+0000] {dag.py:3490} INFO - Setting next_dagrun for example_kubernetes_executor to None, run_after=None
[2023-09-14T16:14:40.333+0000] {processor.py:178} INFO - Processing /home/airflow/.local/lib/python3.7/site-packages/airflow/example_dags/example_kubernetes_executor.py took 0.842 seconds
[2023-09-14T16:15:10.869+0000] {processor.py:156} INFO - Started process (PID=495) to work on /home/airflow/.local/lib/python3.7/site-packages/airflow/example_dags/example_kubernetes_executor.py
[2023-09-14T16:15:10.872+0000] {processor.py:799} INFO - Processing file /home/airflow/.local/lib/python3.7/site-packages/airflow/example_dags/example_kubernetes_executor.py for tasks to queue
[2023-09-14T16:15:10.874+0000] {logging_mixin.py:149} INFO - [2023-09-14T16:15:10.874+0000] {dagbag.py:541} INFO - Filling up the DagBag from /home/airflow/.local/lib/python3.7/site-packages/airflow/example_dags/example_kubernetes_executor.py
[2023-09-14T16:15:11.978+0000] {processor.py:809} INFO - DAG(s) dict_keys(['example_kubernetes_executor']) retrieved from /home/airflow/.local/lib/python3.7/site-packages/airflow/example_dags/example_kubernetes_executor.py
[2023-09-14T16:15:12.096+0000] {logging_mixin.py:149} INFO - [2023-09-14T16:15:12.096+0000] {dag.py:2726} INFO - Sync 1 DAGs
[2023-09-14T16:15:12.183+0000] {logging_mixin.py:149} INFO - [2023-09-14T16:15:12.183+0000] {dag.py:3490} INFO - Setting next_dagrun for example_kubernetes_executor to None, run_after=None
[2023-09-14T16:15:12.249+0000] {processor.py:178} INFO - Processing /home/airflow/.local/lib/python3.7/site-packages/airflow/example_dags/example_kubernetes_executor.py took 1.387 seconds
[2023-09-14T16:15:42.364+0000] {processor.py:156} INFO - Started process (PID=558) to work on /home/airflow/.local/lib/python3.7/site-packages/airflow/example_dags/example_kubernetes_executor.py
[2023-09-14T16:15:42.370+0000] {processor.py:799} INFO - Processing file /home/airflow/.local/lib/python3.7/site-packages/airflow/example_dags/example_kubernetes_executor.py for tasks to queue
[2023-09-14T16:15:42.373+0000] {logging_mixin.py:149} INFO - [2023-09-14T16:15:42.372+0000] {dagbag.py:541} INFO - Filling up the DagBag from /home/airflow/.local/lib/python3.7/site-packages/airflow/example_dags/example_kubernetes_executor.py
[2023-09-14T16:15:42.790+0000] {processor.py:809} INFO - DAG(s) dict_keys(['example_kubernetes_executor']) retrieved from /home/airflow/.local/lib/python3.7/site-packages/airflow/example_dags/example_kubernetes_executor.py
[2023-09-14T16:15:42.859+0000] {logging_mixin.py:149} INFO - [2023-09-14T16:15:42.859+0000] {dag.py:2726} INFO - Sync 1 DAGs
[2023-09-14T16:15:42.904+0000] {logging_mixin.py:149} INFO - [2023-09-14T16:15:42.903+0000] {dag.py:3490} INFO - Setting next_dagrun for example_kubernetes_executor to None, run_after=None
[2023-09-14T16:15:42.946+0000] {processor.py:178} INFO - Processing /home/airflow/.local/lib/python3.7/site-packages/airflow/example_dags/example_kubernetes_executor.py took 0.589 seconds
[2023-09-14T16:16:13.717+0000] {processor.py:156} INFO - Started process (PID=619) to work on /home/airflow/.local/lib/python3.7/site-packages/airflow/example_dags/example_kubernetes_executor.py
[2023-09-14T16:16:13.719+0000] {processor.py:799} INFO - Processing file /home/airflow/.local/lib/python3.7/site-packages/airflow/example_dags/example_kubernetes_executor.py for tasks to queue
[2023-09-14T16:16:13.721+0000] {logging_mixin.py:149} INFO - [2023-09-14T16:16:13.720+0000] {dagbag.py:541} INFO - Filling up the DagBag from /home/airflow/.local/lib/python3.7/site-packages/airflow/example_dags/example_kubernetes_executor.py
[2023-09-14T16:16:14.134+0000] {processor.py:809} INFO - DAG(s) dict_keys(['example_kubernetes_executor']) retrieved from /home/airflow/.local/lib/python3.7/site-packages/airflow/example_dags/example_kubernetes_executor.py
[2023-09-14T16:16:14.211+0000] {logging_mixin.py:149} INFO - [2023-09-14T16:16:14.211+0000] {dag.py:2726} INFO - Sync 1 DAGs
[2023-09-14T16:16:14.263+0000] {logging_mixin.py:149} INFO - [2023-09-14T16:16:14.263+0000] {dag.py:3490} INFO - Setting next_dagrun for example_kubernetes_executor to None, run_after=None
[2023-09-14T16:16:14.305+0000] {processor.py:178} INFO - Processing /home/airflow/.local/lib/python3.7/site-packages/airflow/example_dags/example_kubernetes_executor.py took 0.593 seconds
[2023-09-14T16:16:44.460+0000] {processor.py:156} INFO - Started process (PID=680) to work on /home/airflow/.local/lib/python3.7/site-packages/airflow/example_dags/example_kubernetes_executor.py
[2023-09-14T16:16:44.466+0000] {processor.py:799} INFO - Processing file /home/airflow/.local/lib/python3.7/site-packages/airflow/example_dags/example_kubernetes_executor.py for tasks to queue
[2023-09-14T16:16:44.469+0000] {logging_mixin.py:149} INFO - [2023-09-14T16:16:44.469+0000] {dagbag.py:541} INFO - Filling up the DagBag from /home/airflow/.local/lib/python3.7/site-packages/airflow/example_dags/example_kubernetes_executor.py
[2023-09-14T16:16:45.242+0000] {processor.py:809} INFO - DAG(s) dict_keys(['example_kubernetes_executor']) retrieved from /home/airflow/.local/lib/python3.7/site-packages/airflow/example_dags/example_kubernetes_executor.py
[2023-09-14T16:16:45.346+0000] {logging_mixin.py:149} INFO - [2023-09-14T16:16:45.345+0000] {dag.py:2726} INFO - Sync 1 DAGs
[2023-09-14T16:16:45.400+0000] {logging_mixin.py:149} INFO - [2023-09-14T16:16:45.400+0000] {dag.py:3490} INFO - Setting next_dagrun for example_kubernetes_executor to None, run_after=None
[2023-09-14T16:16:45.464+0000] {processor.py:178} INFO - Processing /home/airflow/.local/lib/python3.7/site-packages/airflow/example_dags/example_kubernetes_executor.py took 1.046 seconds
[2023-09-14T16:35:27.999+0000] {processor.py:156} INFO - Started process (PID=33) to work on /home/airflow/.local/lib/python3.7/site-packages/airflow/example_dags/example_kubernetes_executor.py
[2023-09-14T16:35:28.003+0000] {processor.py:799} INFO - Processing file /home/airflow/.local/lib/python3.7/site-packages/airflow/example_dags/example_kubernetes_executor.py for tasks to queue
[2023-09-14T16:35:28.007+0000] {logging_mixin.py:149} INFO - [2023-09-14T16:35:28.006+0000] {dagbag.py:541} INFO - Filling up the DagBag from /home/airflow/.local/lib/python3.7/site-packages/airflow/example_dags/example_kubernetes_executor.py
[2023-09-14T16:35:32.545+0000] {processor.py:809} INFO - DAG(s) dict_keys(['example_kubernetes_executor']) retrieved from /home/airflow/.local/lib/python3.7/site-packages/airflow/example_dags/example_kubernetes_executor.py
[2023-09-14T16:35:33.775+0000] {logging_mixin.py:149} INFO - [2023-09-14T16:35:33.775+0000] {dag.py:2726} INFO - Sync 1 DAGs
[2023-09-14T16:35:34.066+0000] {logging_mixin.py:149} INFO - [2023-09-14T16:35:34.065+0000] {dag.py:3490} INFO - Setting next_dagrun for example_kubernetes_executor to None, run_after=None
[2023-09-14T16:35:34.226+0000] {processor.py:178} INFO - Processing /home/airflow/.local/lib/python3.7/site-packages/airflow/example_dags/example_kubernetes_executor.py took 6.235 seconds
[2023-09-14T16:36:24.194+0000] {processor.py:156} INFO - Started process (PID=100) to work on /home/airflow/.local/lib/python3.7/site-packages/airflow/example_dags/example_kubernetes_executor.py
[2023-09-14T16:36:24.205+0000] {processor.py:799} INFO - Processing file /home/airflow/.local/lib/python3.7/site-packages/airflow/example_dags/example_kubernetes_executor.py for tasks to queue
[2023-09-14T16:36:24.213+0000] {logging_mixin.py:149} INFO - [2023-09-14T16:36:24.212+0000] {dagbag.py:541} INFO - Filling up the DagBag from /home/airflow/.local/lib/python3.7/site-packages/airflow/example_dags/example_kubernetes_executor.py
[2023-09-14T16:36:32.188+0000] {processor.py:809} INFO - DAG(s) dict_keys(['example_kubernetes_executor']) retrieved from /home/airflow/.local/lib/python3.7/site-packages/airflow/example_dags/example_kubernetes_executor.py
[2023-09-14T16:36:32.275+0000] {logging_mixin.py:149} INFO - [2023-09-14T16:36:32.275+0000] {dag.py:2726} INFO - Sync 1 DAGs
[2023-09-14T16:36:32.332+0000] {logging_mixin.py:149} INFO - [2023-09-14T16:36:32.332+0000] {dag.py:3490} INFO - Setting next_dagrun for example_kubernetes_executor to None, run_after=None
[2023-09-14T16:36:32.386+0000] {processor.py:178} INFO - Processing /home/airflow/.local/lib/python3.7/site-packages/airflow/example_dags/example_kubernetes_executor.py took 8.206 seconds
[2023-09-14T16:38:32.116+0000] {processor.py:156} INFO - Started process (PID=33) to work on /home/airflow/.local/lib/python3.7/site-packages/airflow/example_dags/example_kubernetes_executor.py
[2023-09-14T16:38:32.121+0000] {processor.py:799} INFO - Processing file /home/airflow/.local/lib/python3.7/site-packages/airflow/example_dags/example_kubernetes_executor.py for tasks to queue
[2023-09-14T16:38:32.124+0000] {logging_mixin.py:149} INFO - [2023-09-14T16:38:32.123+0000] {dagbag.py:541} INFO - Filling up the DagBag from /home/airflow/.local/lib/python3.7/site-packages/airflow/example_dags/example_kubernetes_executor.py
[2023-09-14T16:38:34.695+0000] {processor.py:809} INFO - DAG(s) dict_keys(['example_kubernetes_executor']) retrieved from /home/airflow/.local/lib/python3.7/site-packages/airflow/example_dags/example_kubernetes_executor.py
[2023-09-14T16:38:35.009+0000] {logging_mixin.py:149} INFO - [2023-09-14T16:38:35.008+0000] {dag.py:2726} INFO - Sync 1 DAGs
[2023-09-14T16:38:35.159+0000] {logging_mixin.py:149} INFO - [2023-09-14T16:38:35.159+0000] {dag.py:3490} INFO - Setting next_dagrun for example_kubernetes_executor to None, run_after=None
[2023-09-14T16:38:35.300+0000] {processor.py:178} INFO - Processing /home/airflow/.local/lib/python3.7/site-packages/airflow/example_dags/example_kubernetes_executor.py took 3.197 seconds
[2023-09-14T16:39:27.398+0000] {processor.py:156} INFO - Started process (PID=100) to work on /home/airflow/.local/lib/python3.7/site-packages/airflow/example_dags/example_kubernetes_executor.py
[2023-09-14T16:39:27.419+0000] {processor.py:799} INFO - Processing file /home/airflow/.local/lib/python3.7/site-packages/airflow/example_dags/example_kubernetes_executor.py for tasks to queue
[2023-09-14T16:39:27.444+0000] {logging_mixin.py:149} INFO - [2023-09-14T16:39:27.442+0000] {dagbag.py:541} INFO - Filling up the DagBag from /home/airflow/.local/lib/python3.7/site-packages/airflow/example_dags/example_kubernetes_executor.py
[2023-09-14T16:39:32.864+0000] {processor.py:809} INFO - DAG(s) dict_keys(['example_kubernetes_executor']) retrieved from /home/airflow/.local/lib/python3.7/site-packages/airflow/example_dags/example_kubernetes_executor.py
[2023-09-14T16:39:33.076+0000] {logging_mixin.py:149} INFO - [2023-09-14T16:39:33.076+0000] {dag.py:2726} INFO - Sync 1 DAGs
[2023-09-14T16:39:33.187+0000] {logging_mixin.py:149} INFO - [2023-09-14T16:39:33.186+0000] {dag.py:3490} INFO - Setting next_dagrun for example_kubernetes_executor to None, run_after=None
[2023-09-14T16:39:33.255+0000] {processor.py:178} INFO - Processing /home/airflow/.local/lib/python3.7/site-packages/airflow/example_dags/example_kubernetes_executor.py took 5.935 seconds
[2023-09-14T16:40:06.084+0000] {processor.py:156} INFO - Started process (PID=163) to work on /home/airflow/.local/lib/python3.7/site-packages/airflow/example_dags/example_kubernetes_executor.py
[2023-09-14T16:40:06.087+0000] {processor.py:799} INFO - Processing file /home/airflow/.local/lib/python3.7/site-packages/airflow/example_dags/example_kubernetes_executor.py for tasks to queue
[2023-09-14T16:40:06.091+0000] {logging_mixin.py:149} INFO - [2023-09-14T16:40:06.090+0000] {dagbag.py:541} INFO - Filling up the DagBag from /home/airflow/.local/lib/python3.7/site-packages/airflow/example_dags/example_kubernetes_executor.py
[2023-09-14T16:40:08.023+0000] {processor.py:809} INFO - DAG(s) dict_keys(['example_kubernetes_executor']) retrieved from /home/airflow/.local/lib/python3.7/site-packages/airflow/example_dags/example_kubernetes_executor.py
[2023-09-14T16:40:08.263+0000] {logging_mixin.py:149} INFO - [2023-09-14T16:40:08.262+0000] {dag.py:2726} INFO - Sync 1 DAGs
[2023-09-14T16:40:08.387+0000] {logging_mixin.py:149} INFO - [2023-09-14T16:40:08.386+0000] {dag.py:3490} INFO - Setting next_dagrun for example_kubernetes_executor to None, run_after=None
[2023-09-14T16:40:08.622+0000] {processor.py:178} INFO - Processing /home/airflow/.local/lib/python3.7/site-packages/airflow/example_dags/example_kubernetes_executor.py took 2.554 seconds
[2023-09-14T16:40:38.773+0000] {processor.py:156} INFO - Started process (PID=225) to work on /home/airflow/.local/lib/python3.7/site-packages/airflow/example_dags/example_kubernetes_executor.py
[2023-09-14T16:40:38.776+0000] {processor.py:799} INFO - Processing file /home/airflow/.local/lib/python3.7/site-packages/airflow/example_dags/example_kubernetes_executor.py for tasks to queue
[2023-09-14T16:40:38.778+0000] {logging_mixin.py:149} INFO - [2023-09-14T16:40:38.778+0000] {dagbag.py:541} INFO - Filling up the DagBag from /home/airflow/.local/lib/python3.7/site-packages/airflow/example_dags/example_kubernetes_executor.py
[2023-09-14T16:40:39.218+0000] {processor.py:809} INFO - DAG(s) dict_keys(['example_kubernetes_executor']) retrieved from /home/airflow/.local/lib/python3.7/site-packages/airflow/example_dags/example_kubernetes_executor.py
[2023-09-14T16:40:39.280+0000] {logging_mixin.py:149} INFO - [2023-09-14T16:40:39.280+0000] {dag.py:2726} INFO - Sync 1 DAGs
[2023-09-14T16:40:39.317+0000] {logging_mixin.py:149} INFO - [2023-09-14T16:40:39.316+0000] {dag.py:3490} INFO - Setting next_dagrun for example_kubernetes_executor to None, run_after=None
[2023-09-14T16:40:39.362+0000] {processor.py:178} INFO - Processing /home/airflow/.local/lib/python3.7/site-packages/airflow/example_dags/example_kubernetes_executor.py took 0.597 seconds
[2023-09-14T16:41:09.992+0000] {processor.py:156} INFO - Started process (PID=286) to work on /home/airflow/.local/lib/python3.7/site-packages/airflow/example_dags/example_kubernetes_executor.py
[2023-09-14T16:41:09.994+0000] {processor.py:799} INFO - Processing file /home/airflow/.local/lib/python3.7/site-packages/airflow/example_dags/example_kubernetes_executor.py for tasks to queue
[2023-09-14T16:41:09.996+0000] {logging_mixin.py:149} INFO - [2023-09-14T16:41:09.996+0000] {dagbag.py:541} INFO - Filling up the DagBag from /home/airflow/.local/lib/python3.7/site-packages/airflow/example_dags/example_kubernetes_executor.py
[2023-09-14T16:41:10.374+0000] {processor.py:809} INFO - DAG(s) dict_keys(['example_kubernetes_executor']) retrieved from /home/airflow/.local/lib/python3.7/site-packages/airflow/example_dags/example_kubernetes_executor.py
[2023-09-14T16:41:10.445+0000] {logging_mixin.py:149} INFO - [2023-09-14T16:41:10.444+0000] {dag.py:2726} INFO - Sync 1 DAGs
[2023-09-14T16:41:10.494+0000] {logging_mixin.py:149} INFO - [2023-09-14T16:41:10.494+0000] {dag.py:3490} INFO - Setting next_dagrun for example_kubernetes_executor to None, run_after=None
[2023-09-14T16:41:10.526+0000] {processor.py:178} INFO - Processing /home/airflow/.local/lib/python3.7/site-packages/airflow/example_dags/example_kubernetes_executor.py took 0.538 seconds
[2023-09-14T16:41:40.626+0000] {processor.py:156} INFO - Started process (PID=338) to work on /home/airflow/.local/lib/python3.7/site-packages/airflow/example_dags/example_kubernetes_executor.py
[2023-09-14T16:41:40.628+0000] {processor.py:799} INFO - Processing file /home/airflow/.local/lib/python3.7/site-packages/airflow/example_dags/example_kubernetes_executor.py for tasks to queue
[2023-09-14T16:41:40.630+0000] {logging_mixin.py:149} INFO - [2023-09-14T16:41:40.630+0000] {dagbag.py:541} INFO - Filling up the DagBag from /home/airflow/.local/lib/python3.7/site-packages/airflow/example_dags/example_kubernetes_executor.py
[2023-09-14T16:41:41.244+0000] {processor.py:809} INFO - DAG(s) dict_keys(['example_kubernetes_executor']) retrieved from /home/airflow/.local/lib/python3.7/site-packages/airflow/example_dags/example_kubernetes_executor.py
[2023-09-14T16:41:41.408+0000] {logging_mixin.py:149} INFO - [2023-09-14T16:41:41.408+0000] {dag.py:2726} INFO - Sync 1 DAGs
[2023-09-14T16:41:41.486+0000] {logging_mixin.py:149} INFO - [2023-09-14T16:41:41.486+0000] {dag.py:3490} INFO - Setting next_dagrun for example_kubernetes_executor to None, run_after=None
[2023-09-14T16:41:41.544+0000] {processor.py:178} INFO - Processing /home/airflow/.local/lib/python3.7/site-packages/airflow/example_dags/example_kubernetes_executor.py took 0.923 seconds
[2023-09-14T16:42:12.231+0000] {processor.py:156} INFO - Started process (PID=400) to work on /home/airflow/.local/lib/python3.7/site-packages/airflow/example_dags/example_kubernetes_executor.py
[2023-09-14T16:42:12.234+0000] {processor.py:799} INFO - Processing file /home/airflow/.local/lib/python3.7/site-packages/airflow/example_dags/example_kubernetes_executor.py for tasks to queue
[2023-09-14T16:42:12.237+0000] {logging_mixin.py:149} INFO - [2023-09-14T16:42:12.236+0000] {dagbag.py:541} INFO - Filling up the DagBag from /home/airflow/.local/lib/python3.7/site-packages/airflow/example_dags/example_kubernetes_executor.py
[2023-09-14T16:42:12.831+0000] {processor.py:809} INFO - DAG(s) dict_keys(['example_kubernetes_executor']) retrieved from /home/airflow/.local/lib/python3.7/site-packages/airflow/example_dags/example_kubernetes_executor.py
[2023-09-14T16:42:12.909+0000] {logging_mixin.py:149} INFO - [2023-09-14T16:42:12.909+0000] {dag.py:2726} INFO - Sync 1 DAGs
[2023-09-14T16:42:13.007+0000] {logging_mixin.py:149} INFO - [2023-09-14T16:42:13.006+0000] {dag.py:3490} INFO - Setting next_dagrun for example_kubernetes_executor to None, run_after=None
[2023-09-14T16:42:13.088+0000] {processor.py:178} INFO - Processing /home/airflow/.local/lib/python3.7/site-packages/airflow/example_dags/example_kubernetes_executor.py took 0.866 seconds
[2023-09-14T16:42:43.398+0000] {processor.py:156} INFO - Started process (PID=461) to work on /home/airflow/.local/lib/python3.7/site-packages/airflow/example_dags/example_kubernetes_executor.py
[2023-09-14T16:42:43.401+0000] {processor.py:799} INFO - Processing file /home/airflow/.local/lib/python3.7/site-packages/airflow/example_dags/example_kubernetes_executor.py for tasks to queue
[2023-09-14T16:42:43.405+0000] {logging_mixin.py:149} INFO - [2023-09-14T16:42:43.404+0000] {dagbag.py:541} INFO - Filling up the DagBag from /home/airflow/.local/lib/python3.7/site-packages/airflow/example_dags/example_kubernetes_executor.py
[2023-09-14T16:42:44.598+0000] {processor.py:809} INFO - DAG(s) dict_keys(['example_kubernetes_executor']) retrieved from /home/airflow/.local/lib/python3.7/site-packages/airflow/example_dags/example_kubernetes_executor.py
[2023-09-14T16:42:44.699+0000] {logging_mixin.py:149} INFO - [2023-09-14T16:42:44.699+0000] {dag.py:2726} INFO - Sync 1 DAGs
[2023-09-14T16:42:44.793+0000] {logging_mixin.py:149} INFO - [2023-09-14T16:42:44.792+0000] {dag.py:3490} INFO - Setting next_dagrun for example_kubernetes_executor to None, run_after=None
[2023-09-14T16:42:44.853+0000] {processor.py:178} INFO - Processing /home/airflow/.local/lib/python3.7/site-packages/airflow/example_dags/example_kubernetes_executor.py took 1.471 seconds
[2023-09-14T16:43:15.043+0000] {processor.py:156} INFO - Started process (PID=532) to work on /home/airflow/.local/lib/python3.7/site-packages/airflow/example_dags/example_kubernetes_executor.py
[2023-09-14T16:43:15.045+0000] {processor.py:799} INFO - Processing file /home/airflow/.local/lib/python3.7/site-packages/airflow/example_dags/example_kubernetes_executor.py for tasks to queue
[2023-09-14T16:43:15.047+0000] {logging_mixin.py:149} INFO - [2023-09-14T16:43:15.047+0000] {dagbag.py:541} INFO - Filling up the DagBag from /home/airflow/.local/lib/python3.7/site-packages/airflow/example_dags/example_kubernetes_executor.py
[2023-09-14T16:43:15.402+0000] {processor.py:809} INFO - DAG(s) dict_keys(['example_kubernetes_executor']) retrieved from /home/airflow/.local/lib/python3.7/site-packages/airflow/example_dags/example_kubernetes_executor.py
[2023-09-14T16:43:15.457+0000] {logging_mixin.py:149} INFO - [2023-09-14T16:43:15.456+0000] {dag.py:2726} INFO - Sync 1 DAGs
[2023-09-14T16:43:15.491+0000] {logging_mixin.py:149} INFO - [2023-09-14T16:43:15.490+0000] {dag.py:3490} INFO - Setting next_dagrun for example_kubernetes_executor to None, run_after=None
[2023-09-14T16:43:15.554+0000] {processor.py:178} INFO - Processing /home/airflow/.local/lib/python3.7/site-packages/airflow/example_dags/example_kubernetes_executor.py took 0.517 seconds
[2023-09-14T16:43:45.804+0000] {processor.py:156} INFO - Started process (PID=594) to work on /home/airflow/.local/lib/python3.7/site-packages/airflow/example_dags/example_kubernetes_executor.py
[2023-09-14T16:43:45.807+0000] {processor.py:799} INFO - Processing file /home/airflow/.local/lib/python3.7/site-packages/airflow/example_dags/example_kubernetes_executor.py for tasks to queue
[2023-09-14T16:43:45.809+0000] {logging_mixin.py:149} INFO - [2023-09-14T16:43:45.809+0000] {dagbag.py:541} INFO - Filling up the DagBag from /home/airflow/.local/lib/python3.7/site-packages/airflow/example_dags/example_kubernetes_executor.py
[2023-09-14T16:43:46.370+0000] {processor.py:809} INFO - DAG(s) dict_keys(['example_kubernetes_executor']) retrieved from /home/airflow/.local/lib/python3.7/site-packages/airflow/example_dags/example_kubernetes_executor.py
[2023-09-14T16:43:46.585+0000] {logging_mixin.py:149} INFO - [2023-09-14T16:43:46.584+0000] {dag.py:2726} INFO - Sync 1 DAGs
[2023-09-14T16:43:46.754+0000] {logging_mixin.py:149} INFO - [2023-09-14T16:43:46.750+0000] {dag.py:3490} INFO - Setting next_dagrun for example_kubernetes_executor to None, run_after=None
[2023-09-14T16:43:46.903+0000] {processor.py:178} INFO - Processing /home/airflow/.local/lib/python3.7/site-packages/airflow/example_dags/example_kubernetes_executor.py took 1.105 seconds
[2023-09-14T16:44:17.556+0000] {processor.py:156} INFO - Started process (PID=656) to work on /home/airflow/.local/lib/python3.7/site-packages/airflow/example_dags/example_kubernetes_executor.py
[2023-09-14T16:44:17.559+0000] {processor.py:799} INFO - Processing file /home/airflow/.local/lib/python3.7/site-packages/airflow/example_dags/example_kubernetes_executor.py for tasks to queue
[2023-09-14T16:44:17.561+0000] {logging_mixin.py:149} INFO - [2023-09-14T16:44:17.561+0000] {dagbag.py:541} INFO - Filling up the DagBag from /home/airflow/.local/lib/python3.7/site-packages/airflow/example_dags/example_kubernetes_executor.py
[2023-09-14T16:44:18.024+0000] {processor.py:809} INFO - DAG(s) dict_keys(['example_kubernetes_executor']) retrieved from /home/airflow/.local/lib/python3.7/site-packages/airflow/example_dags/example_kubernetes_executor.py
[2023-09-14T16:44:18.117+0000] {logging_mixin.py:149} INFO - [2023-09-14T16:44:18.116+0000] {dag.py:2726} INFO - Sync 1 DAGs
[2023-09-14T16:44:18.166+0000] {logging_mixin.py:149} INFO - [2023-09-14T16:44:18.166+0000] {dag.py:3490} INFO - Setting next_dagrun for example_kubernetes_executor to None, run_after=None
[2023-09-14T16:44:18.241+0000] {processor.py:178} INFO - Processing /home/airflow/.local/lib/python3.7/site-packages/airflow/example_dags/example_kubernetes_executor.py took 0.691 seconds
[2023-09-14T16:44:48.911+0000] {processor.py:156} INFO - Started process (PID=718) to work on /home/airflow/.local/lib/python3.7/site-packages/airflow/example_dags/example_kubernetes_executor.py
[2023-09-14T16:44:48.915+0000] {processor.py:799} INFO - Processing file /home/airflow/.local/lib/python3.7/site-packages/airflow/example_dags/example_kubernetes_executor.py for tasks to queue
[2023-09-14T16:44:48.918+0000] {logging_mixin.py:149} INFO - [2023-09-14T16:44:48.917+0000] {dagbag.py:541} INFO - Filling up the DagBag from /home/airflow/.local/lib/python3.7/site-packages/airflow/example_dags/example_kubernetes_executor.py
[2023-09-14T16:44:49.706+0000] {processor.py:809} INFO - DAG(s) dict_keys(['example_kubernetes_executor']) retrieved from /home/airflow/.local/lib/python3.7/site-packages/airflow/example_dags/example_kubernetes_executor.py
[2023-09-14T16:44:49.853+0000] {logging_mixin.py:149} INFO - [2023-09-14T16:44:49.852+0000] {dag.py:2726} INFO - Sync 1 DAGs
[2023-09-14T16:44:49.966+0000] {logging_mixin.py:149} INFO - [2023-09-14T16:44:49.966+0000] {dag.py:3490} INFO - Setting next_dagrun for example_kubernetes_executor to None, run_after=None
[2023-09-14T16:44:50.035+0000] {processor.py:178} INFO - Processing /home/airflow/.local/lib/python3.7/site-packages/airflow/example_dags/example_kubernetes_executor.py took 1.135 seconds
[2023-09-14T16:45:20.136+0000] {processor.py:156} INFO - Started process (PID=780) to work on /home/airflow/.local/lib/python3.7/site-packages/airflow/example_dags/example_kubernetes_executor.py
[2023-09-14T16:45:20.140+0000] {processor.py:799} INFO - Processing file /home/airflow/.local/lib/python3.7/site-packages/airflow/example_dags/example_kubernetes_executor.py for tasks to queue
[2023-09-14T16:45:20.143+0000] {logging_mixin.py:149} INFO - [2023-09-14T16:45:20.142+0000] {dagbag.py:541} INFO - Filling up the DagBag from /home/airflow/.local/lib/python3.7/site-packages/airflow/example_dags/example_kubernetes_executor.py
[2023-09-14T16:45:20.589+0000] {processor.py:809} INFO - DAG(s) dict_keys(['example_kubernetes_executor']) retrieved from /home/airflow/.local/lib/python3.7/site-packages/airflow/example_dags/example_kubernetes_executor.py
[2023-09-14T16:45:20.675+0000] {logging_mixin.py:149} INFO - [2023-09-14T16:45:20.675+0000] {dag.py:2726} INFO - Sync 1 DAGs
[2023-09-14T16:45:20.732+0000] {logging_mixin.py:149} INFO - [2023-09-14T16:45:20.731+0000] {dag.py:3490} INFO - Setting next_dagrun for example_kubernetes_executor to None, run_after=None
[2023-09-14T16:45:20.791+0000] {processor.py:178} INFO - Processing /home/airflow/.local/lib/python3.7/site-packages/airflow/example_dags/example_kubernetes_executor.py took 0.664 seconds
[2023-09-14T16:45:51.525+0000] {processor.py:156} INFO - Started process (PID=841) to work on /home/airflow/.local/lib/python3.7/site-packages/airflow/example_dags/example_kubernetes_executor.py
[2023-09-14T16:45:51.528+0000] {processor.py:799} INFO - Processing file /home/airflow/.local/lib/python3.7/site-packages/airflow/example_dags/example_kubernetes_executor.py for tasks to queue
[2023-09-14T16:45:51.532+0000] {logging_mixin.py:149} INFO - [2023-09-14T16:45:51.531+0000] {dagbag.py:541} INFO - Filling up the DagBag from /home/airflow/.local/lib/python3.7/site-packages/airflow/example_dags/example_kubernetes_executor.py
[2023-09-14T16:45:52.111+0000] {processor.py:809} INFO - DAG(s) dict_keys(['example_kubernetes_executor']) retrieved from /home/airflow/.local/lib/python3.7/site-packages/airflow/example_dags/example_kubernetes_executor.py
[2023-09-14T16:45:52.215+0000] {logging_mixin.py:149} INFO - [2023-09-14T16:45:52.215+0000] {dag.py:2726} INFO - Sync 1 DAGs
[2023-09-14T16:45:52.270+0000] {logging_mixin.py:149} INFO - [2023-09-14T16:45:52.269+0000] {dag.py:3490} INFO - Setting next_dagrun for example_kubernetes_executor to None, run_after=None
[2023-09-14T16:45:52.327+0000] {processor.py:178} INFO - Processing /home/airflow/.local/lib/python3.7/site-packages/airflow/example_dags/example_kubernetes_executor.py took 0.807 seconds
[2023-09-14T16:46:22.599+0000] {processor.py:156} INFO - Started process (PID=903) to work on /home/airflow/.local/lib/python3.7/site-packages/airflow/example_dags/example_kubernetes_executor.py
[2023-09-14T16:46:22.606+0000] {processor.py:799} INFO - Processing file /home/airflow/.local/lib/python3.7/site-packages/airflow/example_dags/example_kubernetes_executor.py for tasks to queue
[2023-09-14T16:46:22.610+0000] {logging_mixin.py:149} INFO - [2023-09-14T16:46:22.609+0000] {dagbag.py:541} INFO - Filling up the DagBag from /home/airflow/.local/lib/python3.7/site-packages/airflow/example_dags/example_kubernetes_executor.py
[2023-09-14T16:46:24.206+0000] {processor.py:809} INFO - DAG(s) dict_keys(['example_kubernetes_executor']) retrieved from /home/airflow/.local/lib/python3.7/site-packages/airflow/example_dags/example_kubernetes_executor.py
[2023-09-14T16:46:24.356+0000] {logging_mixin.py:149} INFO - [2023-09-14T16:46:24.356+0000] {dag.py:2726} INFO - Sync 1 DAGs
[2023-09-14T16:46:24.459+0000] {logging_mixin.py:149} INFO - [2023-09-14T16:46:24.458+0000] {dag.py:3490} INFO - Setting next_dagrun for example_kubernetes_executor to None, run_after=None
[2023-09-14T16:46:24.539+0000] {processor.py:178} INFO - Processing /home/airflow/.local/lib/python3.7/site-packages/airflow/example_dags/example_kubernetes_executor.py took 1.959 seconds
[2023-09-14T16:46:54.828+0000] {processor.py:156} INFO - Started process (PID=965) to work on /home/airflow/.local/lib/python3.7/site-packages/airflow/example_dags/example_kubernetes_executor.py
[2023-09-14T16:46:54.831+0000] {processor.py:799} INFO - Processing file /home/airflow/.local/lib/python3.7/site-packages/airflow/example_dags/example_kubernetes_executor.py for tasks to queue
[2023-09-14T16:46:54.834+0000] {logging_mixin.py:149} INFO - [2023-09-14T16:46:54.834+0000] {dagbag.py:541} INFO - Filling up the DagBag from /home/airflow/.local/lib/python3.7/site-packages/airflow/example_dags/example_kubernetes_executor.py
[2023-09-14T16:46:56.122+0000] {processor.py:809} INFO - DAG(s) dict_keys(['example_kubernetes_executor']) retrieved from /home/airflow/.local/lib/python3.7/site-packages/airflow/example_dags/example_kubernetes_executor.py
[2023-09-14T16:46:56.492+0000] {logging_mixin.py:149} INFO - [2023-09-14T16:46:56.491+0000] {dag.py:2726} INFO - Sync 1 DAGs
[2023-09-14T16:46:56.630+0000] {logging_mixin.py:149} INFO - [2023-09-14T16:46:56.629+0000] {dag.py:3490} INFO - Setting next_dagrun for example_kubernetes_executor to None, run_after=None
[2023-09-14T16:46:56.917+0000] {processor.py:178} INFO - Processing /home/airflow/.local/lib/python3.7/site-packages/airflow/example_dags/example_kubernetes_executor.py took 2.102 seconds
[2023-09-14T16:47:27.186+0000] {processor.py:156} INFO - Started process (PID=1027) to work on /home/airflow/.local/lib/python3.7/site-packages/airflow/example_dags/example_kubernetes_executor.py
[2023-09-14T16:47:27.193+0000] {processor.py:799} INFO - Processing file /home/airflow/.local/lib/python3.7/site-packages/airflow/example_dags/example_kubernetes_executor.py for tasks to queue
[2023-09-14T16:47:27.196+0000] {logging_mixin.py:149} INFO - [2023-09-14T16:47:27.196+0000] {dagbag.py:541} INFO - Filling up the DagBag from /home/airflow/.local/lib/python3.7/site-packages/airflow/example_dags/example_kubernetes_executor.py
[2023-09-14T16:47:29.066+0000] {processor.py:809} INFO - DAG(s) dict_keys(['example_kubernetes_executor']) retrieved from /home/airflow/.local/lib/python3.7/site-packages/airflow/example_dags/example_kubernetes_executor.py
[2023-09-14T16:47:29.200+0000] {logging_mixin.py:149} INFO - [2023-09-14T16:47:29.199+0000] {dag.py:2726} INFO - Sync 1 DAGs
[2023-09-14T16:47:29.306+0000] {logging_mixin.py:149} INFO - [2023-09-14T16:47:29.305+0000] {dag.py:3490} INFO - Setting next_dagrun for example_kubernetes_executor to None, run_after=None
[2023-09-14T16:47:29.366+0000] {processor.py:178} INFO - Processing /home/airflow/.local/lib/python3.7/site-packages/airflow/example_dags/example_kubernetes_executor.py took 2.189 seconds
[2023-09-14T16:48:00.119+0000] {processor.py:156} INFO - Started process (PID=1088) to work on /home/airflow/.local/lib/python3.7/site-packages/airflow/example_dags/example_kubernetes_executor.py
[2023-09-14T16:48:00.127+0000] {processor.py:799} INFO - Processing file /home/airflow/.local/lib/python3.7/site-packages/airflow/example_dags/example_kubernetes_executor.py for tasks to queue
[2023-09-14T16:48:00.136+0000] {logging_mixin.py:149} INFO - [2023-09-14T16:48:00.134+0000] {dagbag.py:541} INFO - Filling up the DagBag from /home/airflow/.local/lib/python3.7/site-packages/airflow/example_dags/example_kubernetes_executor.py
[2023-09-14T16:48:01.924+0000] {processor.py:809} INFO - DAG(s) dict_keys(['example_kubernetes_executor']) retrieved from /home/airflow/.local/lib/python3.7/site-packages/airflow/example_dags/example_kubernetes_executor.py
[2023-09-14T16:48:02.198+0000] {logging_mixin.py:149} INFO - [2023-09-14T16:48:02.197+0000] {dag.py:2726} INFO - Sync 1 DAGs
[2023-09-14T16:48:02.388+0000] {logging_mixin.py:149} INFO - [2023-09-14T16:48:02.388+0000] {dag.py:3490} INFO - Setting next_dagrun for example_kubernetes_executor to None, run_after=None
[2023-09-14T16:48:02.505+0000] {processor.py:178} INFO - Processing /home/airflow/.local/lib/python3.7/site-packages/airflow/example_dags/example_kubernetes_executor.py took 2.409 seconds
[2023-09-14T16:48:33.531+0000] {processor.py:156} INFO - Started process (PID=1151) to work on /home/airflow/.local/lib/python3.7/site-packages/airflow/example_dags/example_kubernetes_executor.py
[2023-09-14T16:48:33.534+0000] {processor.py:799} INFO - Processing file /home/airflow/.local/lib/python3.7/site-packages/airflow/example_dags/example_kubernetes_executor.py for tasks to queue
[2023-09-14T16:48:33.536+0000] {logging_mixin.py:149} INFO - [2023-09-14T16:48:33.536+0000] {dagbag.py:541} INFO - Filling up the DagBag from /home/airflow/.local/lib/python3.7/site-packages/airflow/example_dags/example_kubernetes_executor.py
[2023-09-14T16:48:34.336+0000] {processor.py:809} INFO - DAG(s) dict_keys(['example_kubernetes_executor']) retrieved from /home/airflow/.local/lib/python3.7/site-packages/airflow/example_dags/example_kubernetes_executor.py
[2023-09-14T16:48:34.463+0000] {logging_mixin.py:149} INFO - [2023-09-14T16:48:34.463+0000] {dag.py:2726} INFO - Sync 1 DAGs
[2023-09-14T16:48:34.547+0000] {logging_mixin.py:149} INFO - [2023-09-14T16:48:34.547+0000] {dag.py:3490} INFO - Setting next_dagrun for example_kubernetes_executor to None, run_after=None
[2023-09-14T16:48:34.666+0000] {processor.py:178} INFO - Processing /home/airflow/.local/lib/python3.7/site-packages/airflow/example_dags/example_kubernetes_executor.py took 1.142 seconds
[2023-09-14T16:49:05.128+0000] {processor.py:156} INFO - Started process (PID=1214) to work on /home/airflow/.local/lib/python3.7/site-packages/airflow/example_dags/example_kubernetes_executor.py
[2023-09-14T16:49:05.130+0000] {processor.py:799} INFO - Processing file /home/airflow/.local/lib/python3.7/site-packages/airflow/example_dags/example_kubernetes_executor.py for tasks to queue
[2023-09-14T16:49:05.134+0000] {logging_mixin.py:149} INFO - [2023-09-14T16:49:05.133+0000] {dagbag.py:541} INFO - Filling up the DagBag from /home/airflow/.local/lib/python3.7/site-packages/airflow/example_dags/example_kubernetes_executor.py
[2023-09-14T16:49:06.327+0000] {processor.py:809} INFO - DAG(s) dict_keys(['example_kubernetes_executor']) retrieved from /home/airflow/.local/lib/python3.7/site-packages/airflow/example_dags/example_kubernetes_executor.py
[2023-09-14T16:49:06.529+0000] {logging_mixin.py:149} INFO - [2023-09-14T16:49:06.529+0000] {dag.py:2726} INFO - Sync 1 DAGs
[2023-09-14T16:49:06.663+0000] {logging_mixin.py:149} INFO - [2023-09-14T16:49:06.663+0000] {dag.py:3490} INFO - Setting next_dagrun for example_kubernetes_executor to None, run_after=None
[2023-09-14T16:49:06.768+0000] {processor.py:178} INFO - Processing /home/airflow/.local/lib/python3.7/site-packages/airflow/example_dags/example_kubernetes_executor.py took 1.650 seconds
[2023-09-14T16:49:37.387+0000] {processor.py:156} INFO - Started process (PID=1276) to work on /home/airflow/.local/lib/python3.7/site-packages/airflow/example_dags/example_kubernetes_executor.py
[2023-09-14T16:49:37.391+0000] {processor.py:799} INFO - Processing file /home/airflow/.local/lib/python3.7/site-packages/airflow/example_dags/example_kubernetes_executor.py for tasks to queue
[2023-09-14T16:49:37.394+0000] {logging_mixin.py:149} INFO - [2023-09-14T16:49:37.394+0000] {dagbag.py:541} INFO - Filling up the DagBag from /home/airflow/.local/lib/python3.7/site-packages/airflow/example_dags/example_kubernetes_executor.py
[2023-09-14T16:49:38.096+0000] {processor.py:809} INFO - DAG(s) dict_keys(['example_kubernetes_executor']) retrieved from /home/airflow/.local/lib/python3.7/site-packages/airflow/example_dags/example_kubernetes_executor.py
[2023-09-14T16:49:38.227+0000] {logging_mixin.py:149} INFO - [2023-09-14T16:49:38.226+0000] {dag.py:2726} INFO - Sync 1 DAGs
[2023-09-14T16:49:38.311+0000] {logging_mixin.py:149} INFO - [2023-09-14T16:49:38.311+0000] {dag.py:3490} INFO - Setting next_dagrun for example_kubernetes_executor to None, run_after=None
[2023-09-14T16:49:38.437+0000] {processor.py:178} INFO - Processing /home/airflow/.local/lib/python3.7/site-packages/airflow/example_dags/example_kubernetes_executor.py took 1.059 seconds
[2023-09-14T16:50:09.002+0000] {processor.py:156} INFO - Started process (PID=1339) to work on /home/airflow/.local/lib/python3.7/site-packages/airflow/example_dags/example_kubernetes_executor.py
[2023-09-14T16:50:09.005+0000] {processor.py:799} INFO - Processing file /home/airflow/.local/lib/python3.7/site-packages/airflow/example_dags/example_kubernetes_executor.py for tasks to queue
[2023-09-14T16:50:09.008+0000] {logging_mixin.py:149} INFO - [2023-09-14T16:50:09.007+0000] {dagbag.py:541} INFO - Filling up the DagBag from /home/airflow/.local/lib/python3.7/site-packages/airflow/example_dags/example_kubernetes_executor.py
[2023-09-14T16:50:09.814+0000] {processor.py:809} INFO - DAG(s) dict_keys(['example_kubernetes_executor']) retrieved from /home/airflow/.local/lib/python3.7/site-packages/airflow/example_dags/example_kubernetes_executor.py
[2023-09-14T16:50:09.933+0000] {logging_mixin.py:149} INFO - [2023-09-14T16:50:09.932+0000] {dag.py:2726} INFO - Sync 1 DAGs
[2023-09-14T16:50:10.019+0000] {logging_mixin.py:149} INFO - [2023-09-14T16:50:10.018+0000] {dag.py:3490} INFO - Setting next_dagrun for example_kubernetes_executor to None, run_after=None
[2023-09-14T16:50:10.096+0000] {processor.py:178} INFO - Processing /home/airflow/.local/lib/python3.7/site-packages/airflow/example_dags/example_kubernetes_executor.py took 1.113 seconds
[2023-09-14T16:50:40.463+0000] {processor.py:156} INFO - Started process (PID=1400) to work on /home/airflow/.local/lib/python3.7/site-packages/airflow/example_dags/example_kubernetes_executor.py
[2023-09-14T16:50:40.466+0000] {processor.py:799} INFO - Processing file /home/airflow/.local/lib/python3.7/site-packages/airflow/example_dags/example_kubernetes_executor.py for tasks to queue
[2023-09-14T16:50:40.469+0000] {logging_mixin.py:149} INFO - [2023-09-14T16:50:40.469+0000] {dagbag.py:541} INFO - Filling up the DagBag from /home/airflow/.local/lib/python3.7/site-packages/airflow/example_dags/example_kubernetes_executor.py
[2023-09-14T16:50:42.050+0000] {processor.py:809} INFO - DAG(s) dict_keys(['example_kubernetes_executor']) retrieved from /home/airflow/.local/lib/python3.7/site-packages/airflow/example_dags/example_kubernetes_executor.py
[2023-09-14T16:50:42.218+0000] {logging_mixin.py:149} INFO - [2023-09-14T16:50:42.217+0000] {dag.py:2726} INFO - Sync 1 DAGs
[2023-09-14T16:50:42.314+0000] {logging_mixin.py:149} INFO - [2023-09-14T16:50:42.314+0000] {dag.py:3490} INFO - Setting next_dagrun for example_kubernetes_executor to None, run_after=None
[2023-09-14T16:50:42.388+0000] {processor.py:178} INFO - Processing /home/airflow/.local/lib/python3.7/site-packages/airflow/example_dags/example_kubernetes_executor.py took 1.937 seconds
[2023-09-14T16:51:13.230+0000] {processor.py:156} INFO - Started process (PID=1463) to work on /home/airflow/.local/lib/python3.7/site-packages/airflow/example_dags/example_kubernetes_executor.py
[2023-09-14T16:51:13.234+0000] {processor.py:799} INFO - Processing file /home/airflow/.local/lib/python3.7/site-packages/airflow/example_dags/example_kubernetes_executor.py for tasks to queue
[2023-09-14T16:51:13.240+0000] {logging_mixin.py:149} INFO - [2023-09-14T16:51:13.240+0000] {dagbag.py:541} INFO - Filling up the DagBag from /home/airflow/.local/lib/python3.7/site-packages/airflow/example_dags/example_kubernetes_executor.py
[2023-09-14T16:51:14.360+0000] {processor.py:809} INFO - DAG(s) dict_keys(['example_kubernetes_executor']) retrieved from /home/airflow/.local/lib/python3.7/site-packages/airflow/example_dags/example_kubernetes_executor.py
[2023-09-14T16:51:14.510+0000] {logging_mixin.py:149} INFO - [2023-09-14T16:51:14.509+0000] {dag.py:2726} INFO - Sync 1 DAGs
[2023-09-14T16:51:14.616+0000] {logging_mixin.py:149} INFO - [2023-09-14T16:51:14.615+0000] {dag.py:3490} INFO - Setting next_dagrun for example_kubernetes_executor to None, run_after=None
[2023-09-14T16:51:14.687+0000] {processor.py:178} INFO - Processing /home/airflow/.local/lib/python3.7/site-packages/airflow/example_dags/example_kubernetes_executor.py took 1.473 seconds
[2023-09-14T16:51:45.239+0000] {processor.py:156} INFO - Started process (PID=1527) to work on /home/airflow/.local/lib/python3.7/site-packages/airflow/example_dags/example_kubernetes_executor.py
[2023-09-14T16:51:45.242+0000] {processor.py:799} INFO - Processing file /home/airflow/.local/lib/python3.7/site-packages/airflow/example_dags/example_kubernetes_executor.py for tasks to queue
[2023-09-14T16:51:45.247+0000] {logging_mixin.py:149} INFO - [2023-09-14T16:51:45.246+0000] {dagbag.py:541} INFO - Filling up the DagBag from /home/airflow/.local/lib/python3.7/site-packages/airflow/example_dags/example_kubernetes_executor.py
[2023-09-14T16:51:45.846+0000] {processor.py:809} INFO - DAG(s) dict_keys(['example_kubernetes_executor']) retrieved from /home/airflow/.local/lib/python3.7/site-packages/airflow/example_dags/example_kubernetes_executor.py
[2023-09-14T16:51:45.946+0000] {logging_mixin.py:149} INFO - [2023-09-14T16:51:45.946+0000] {dag.py:2726} INFO - Sync 1 DAGs
[2023-09-14T16:51:46.013+0000] {logging_mixin.py:149} INFO - [2023-09-14T16:51:46.013+0000] {dag.py:3490} INFO - Setting next_dagrun for example_kubernetes_executor to None, run_after=None
[2023-09-14T16:51:46.071+0000] {processor.py:178} INFO - Processing /home/airflow/.local/lib/python3.7/site-packages/airflow/example_dags/example_kubernetes_executor.py took 0.839 seconds
[2023-09-14T16:52:16.739+0000] {processor.py:156} INFO - Started process (PID=1589) to work on /home/airflow/.local/lib/python3.7/site-packages/airflow/example_dags/example_kubernetes_executor.py
[2023-09-14T16:52:16.743+0000] {processor.py:799} INFO - Processing file /home/airflow/.local/lib/python3.7/site-packages/airflow/example_dags/example_kubernetes_executor.py for tasks to queue
[2023-09-14T16:52:16.748+0000] {logging_mixin.py:149} INFO - [2023-09-14T16:52:16.747+0000] {dagbag.py:541} INFO - Filling up the DagBag from /home/airflow/.local/lib/python3.7/site-packages/airflow/example_dags/example_kubernetes_executor.py
[2023-09-14T16:52:18.453+0000] {processor.py:809} INFO - DAG(s) dict_keys(['example_kubernetes_executor']) retrieved from /home/airflow/.local/lib/python3.7/site-packages/airflow/example_dags/example_kubernetes_executor.py
[2023-09-14T16:52:18.606+0000] {logging_mixin.py:149} INFO - [2023-09-14T16:52:18.605+0000] {dag.py:2726} INFO - Sync 1 DAGs
[2023-09-14T16:52:18.754+0000] {logging_mixin.py:149} INFO - [2023-09-14T16:52:18.754+0000] {dag.py:3490} INFO - Setting next_dagrun for example_kubernetes_executor to None, run_after=None
[2023-09-14T16:52:18.959+0000] {processor.py:178} INFO - Processing /home/airflow/.local/lib/python3.7/site-packages/airflow/example_dags/example_kubernetes_executor.py took 2.232 seconds
[2023-09-14T16:52:49.548+0000] {processor.py:156} INFO - Started process (PID=1659) to work on /home/airflow/.local/lib/python3.7/site-packages/airflow/example_dags/example_kubernetes_executor.py
[2023-09-14T16:52:49.551+0000] {processor.py:799} INFO - Processing file /home/airflow/.local/lib/python3.7/site-packages/airflow/example_dags/example_kubernetes_executor.py for tasks to queue
[2023-09-14T16:52:49.554+0000] {logging_mixin.py:149} INFO - [2023-09-14T16:52:49.554+0000] {dagbag.py:541} INFO - Filling up the DagBag from /home/airflow/.local/lib/python3.7/site-packages/airflow/example_dags/example_kubernetes_executor.py
[2023-09-14T16:52:51.129+0000] {processor.py:809} INFO - DAG(s) dict_keys(['example_kubernetes_executor']) retrieved from /home/airflow/.local/lib/python3.7/site-packages/airflow/example_dags/example_kubernetes_executor.py
[2023-09-14T16:52:51.358+0000] {logging_mixin.py:149} INFO - [2023-09-14T16:52:51.357+0000] {dag.py:2726} INFO - Sync 1 DAGs
[2023-09-14T16:52:51.480+0000] {logging_mixin.py:149} INFO - [2023-09-14T16:52:51.479+0000] {dag.py:3490} INFO - Setting next_dagrun for example_kubernetes_executor to None, run_after=None
[2023-09-14T16:52:51.569+0000] {processor.py:178} INFO - Processing /home/airflow/.local/lib/python3.7/site-packages/airflow/example_dags/example_kubernetes_executor.py took 2.033 seconds
[2023-09-14T16:53:21.759+0000] {processor.py:156} INFO - Started process (PID=1723) to work on /home/airflow/.local/lib/python3.7/site-packages/airflow/example_dags/example_kubernetes_executor.py
[2023-09-14T16:53:21.763+0000] {processor.py:799} INFO - Processing file /home/airflow/.local/lib/python3.7/site-packages/airflow/example_dags/example_kubernetes_executor.py for tasks to queue
[2023-09-14T16:53:21.767+0000] {logging_mixin.py:149} INFO - [2023-09-14T16:53:21.766+0000] {dagbag.py:541} INFO - Filling up the DagBag from /home/airflow/.local/lib/python3.7/site-packages/airflow/example_dags/example_kubernetes_executor.py
[2023-09-14T16:53:23.942+0000] {processor.py:809} INFO - DAG(s) dict_keys(['example_kubernetes_executor']) retrieved from /home/airflow/.local/lib/python3.7/site-packages/airflow/example_dags/example_kubernetes_executor.py
[2023-09-14T16:53:24.098+0000] {logging_mixin.py:149} INFO - [2023-09-14T16:53:24.098+0000] {dag.py:2726} INFO - Sync 1 DAGs
[2023-09-14T16:53:24.206+0000] {logging_mixin.py:149} INFO - [2023-09-14T16:53:24.206+0000] {dag.py:3490} INFO - Setting next_dagrun for example_kubernetes_executor to None, run_after=None
[2023-09-14T16:53:24.282+0000] {processor.py:178} INFO - Processing /home/airflow/.local/lib/python3.7/site-packages/airflow/example_dags/example_kubernetes_executor.py took 2.543 seconds
[2023-09-14T16:53:54.802+0000] {processor.py:156} INFO - Started process (PID=1792) to work on /home/airflow/.local/lib/python3.7/site-packages/airflow/example_dags/example_kubernetes_executor.py
[2023-09-14T16:53:54.806+0000] {processor.py:799} INFO - Processing file /home/airflow/.local/lib/python3.7/site-packages/airflow/example_dags/example_kubernetes_executor.py for tasks to queue
[2023-09-14T16:53:54.808+0000] {logging_mixin.py:149} INFO - [2023-09-14T16:53:54.808+0000] {dagbag.py:541} INFO - Filling up the DagBag from /home/airflow/.local/lib/python3.7/site-packages/airflow/example_dags/example_kubernetes_executor.py
[2023-09-14T16:53:56.636+0000] {processor.py:809} INFO - DAG(s) dict_keys(['example_kubernetes_executor']) retrieved from /home/airflow/.local/lib/python3.7/site-packages/airflow/example_dags/example_kubernetes_executor.py
[2023-09-14T16:53:56.790+0000] {logging_mixin.py:149} INFO - [2023-09-14T16:53:56.789+0000] {dag.py:2726} INFO - Sync 1 DAGs
[2023-09-14T16:53:56.892+0000] {logging_mixin.py:149} INFO - [2023-09-14T16:53:56.891+0000] {dag.py:3490} INFO - Setting next_dagrun for example_kubernetes_executor to None, run_after=None
[2023-09-14T16:53:56.960+0000] {processor.py:178} INFO - Processing /home/airflow/.local/lib/python3.7/site-packages/airflow/example_dags/example_kubernetes_executor.py took 2.166 seconds
[2023-09-14T16:54:32.121+0000] {processor.py:156} INFO - Started process (PID=1850) to work on /home/airflow/.local/lib/python3.7/site-packages/airflow/example_dags/example_kubernetes_executor.py
[2023-09-14T16:54:32.150+0000] {processor.py:799} INFO - Processing file /home/airflow/.local/lib/python3.7/site-packages/airflow/example_dags/example_kubernetes_executor.py for tasks to queue
[2023-09-14T16:54:32.173+0000] {logging_mixin.py:149} INFO - [2023-09-14T16:54:32.172+0000] {dagbag.py:541} INFO - Filling up the DagBag from /home/airflow/.local/lib/python3.7/site-packages/airflow/example_dags/example_kubernetes_executor.py
[2023-09-14T16:54:38.518+0000] {processor.py:809} INFO - DAG(s) dict_keys(['example_kubernetes_executor']) retrieved from /home/airflow/.local/lib/python3.7/site-packages/airflow/example_dags/example_kubernetes_executor.py
[2023-09-14T16:54:39.023+0000] {logging_mixin.py:149} INFO - [2023-09-14T16:54:39.022+0000] {dag.py:2726} INFO - Sync 1 DAGs
[2023-09-14T16:54:39.363+0000] {logging_mixin.py:149} INFO - [2023-09-14T16:54:39.353+0000] {dag.py:3490} INFO - Setting next_dagrun for example_kubernetes_executor to None, run_after=None
[2023-09-14T16:54:39.568+0000] {processor.py:178} INFO - Processing /home/airflow/.local/lib/python3.7/site-packages/airflow/example_dags/example_kubernetes_executor.py took 7.490 seconds
[2023-09-14T16:55:10.597+0000] {processor.py:156} INFO - Started process (PID=1920) to work on /home/airflow/.local/lib/python3.7/site-packages/airflow/example_dags/example_kubernetes_executor.py
[2023-09-14T16:55:10.604+0000] {processor.py:799} INFO - Processing file /home/airflow/.local/lib/python3.7/site-packages/airflow/example_dags/example_kubernetes_executor.py for tasks to queue
[2023-09-14T16:55:10.607+0000] {logging_mixin.py:149} INFO - [2023-09-14T16:55:10.606+0000] {dagbag.py:541} INFO - Filling up the DagBag from /home/airflow/.local/lib/python3.7/site-packages/airflow/example_dags/example_kubernetes_executor.py
[2023-09-14T16:55:11.458+0000] {processor.py:809} INFO - DAG(s) dict_keys(['example_kubernetes_executor']) retrieved from /home/airflow/.local/lib/python3.7/site-packages/airflow/example_dags/example_kubernetes_executor.py
[2023-09-14T16:55:11.581+0000] {logging_mixin.py:149} INFO - [2023-09-14T16:55:11.581+0000] {dag.py:2726} INFO - Sync 1 DAGs
[2023-09-14T16:55:11.674+0000] {logging_mixin.py:149} INFO - [2023-09-14T16:55:11.673+0000] {dag.py:3490} INFO - Setting next_dagrun for example_kubernetes_executor to None, run_after=None
[2023-09-14T16:55:11.751+0000] {processor.py:178} INFO - Processing /home/airflow/.local/lib/python3.7/site-packages/airflow/example_dags/example_kubernetes_executor.py took 1.164 seconds
[2023-09-14T16:55:42.286+0000] {processor.py:156} INFO - Started process (PID=1987) to work on /home/airflow/.local/lib/python3.7/site-packages/airflow/example_dags/example_kubernetes_executor.py
[2023-09-14T16:55:42.288+0000] {processor.py:799} INFO - Processing file /home/airflow/.local/lib/python3.7/site-packages/airflow/example_dags/example_kubernetes_executor.py for tasks to queue
[2023-09-14T16:55:42.291+0000] {logging_mixin.py:149} INFO - [2023-09-14T16:55:42.290+0000] {dagbag.py:541} INFO - Filling up the DagBag from /home/airflow/.local/lib/python3.7/site-packages/airflow/example_dags/example_kubernetes_executor.py
[2023-09-14T16:55:42.912+0000] {processor.py:809} INFO - DAG(s) dict_keys(['example_kubernetes_executor']) retrieved from /home/airflow/.local/lib/python3.7/site-packages/airflow/example_dags/example_kubernetes_executor.py
[2023-09-14T16:55:43.025+0000] {logging_mixin.py:149} INFO - [2023-09-14T16:55:43.024+0000] {dag.py:2726} INFO - Sync 1 DAGs
[2023-09-14T16:55:43.091+0000] {logging_mixin.py:149} INFO - [2023-09-14T16:55:43.091+0000] {dag.py:3490} INFO - Setting next_dagrun for example_kubernetes_executor to None, run_after=None
[2023-09-14T16:55:43.158+0000] {processor.py:178} INFO - Processing /home/airflow/.local/lib/python3.7/site-packages/airflow/example_dags/example_kubernetes_executor.py took 0.880 seconds
[2023-09-14T16:56:13.856+0000] {processor.py:156} INFO - Started process (PID=2052) to work on /home/airflow/.local/lib/python3.7/site-packages/airflow/example_dags/example_kubernetes_executor.py
[2023-09-14T16:56:13.879+0000] {processor.py:799} INFO - Processing file /home/airflow/.local/lib/python3.7/site-packages/airflow/example_dags/example_kubernetes_executor.py for tasks to queue
[2023-09-14T16:56:13.886+0000] {logging_mixin.py:149} INFO - [2023-09-14T16:56:13.886+0000] {dagbag.py:541} INFO - Filling up the DagBag from /home/airflow/.local/lib/python3.7/site-packages/airflow/example_dags/example_kubernetes_executor.py
[2023-09-14T16:56:15.204+0000] {processor.py:809} INFO - DAG(s) dict_keys(['example_kubernetes_executor']) retrieved from /home/airflow/.local/lib/python3.7/site-packages/airflow/example_dags/example_kubernetes_executor.py
[2023-09-14T16:56:15.418+0000] {logging_mixin.py:149} INFO - [2023-09-14T16:56:15.417+0000] {dag.py:2726} INFO - Sync 1 DAGs
[2023-09-14T16:56:15.564+0000] {logging_mixin.py:149} INFO - [2023-09-14T16:56:15.563+0000] {dag.py:3490} INFO - Setting next_dagrun for example_kubernetes_executor to None, run_after=None
[2023-09-14T16:56:15.662+0000] {processor.py:178} INFO - Processing /home/airflow/.local/lib/python3.7/site-packages/airflow/example_dags/example_kubernetes_executor.py took 1.822 seconds
[2023-09-14T16:56:46.277+0000] {processor.py:156} INFO - Started process (PID=2119) to work on /home/airflow/.local/lib/python3.7/site-packages/airflow/example_dags/example_kubernetes_executor.py
[2023-09-14T16:56:46.290+0000] {processor.py:799} INFO - Processing file /home/airflow/.local/lib/python3.7/site-packages/airflow/example_dags/example_kubernetes_executor.py for tasks to queue
[2023-09-14T16:56:46.302+0000] {logging_mixin.py:149} INFO - [2023-09-14T16:56:46.301+0000] {dagbag.py:541} INFO - Filling up the DagBag from /home/airflow/.local/lib/python3.7/site-packages/airflow/example_dags/example_kubernetes_executor.py
[2023-09-14T16:56:47.591+0000] {processor.py:809} INFO - DAG(s) dict_keys(['example_kubernetes_executor']) retrieved from /home/airflow/.local/lib/python3.7/site-packages/airflow/example_dags/example_kubernetes_executor.py
[2023-09-14T16:56:47.802+0000] {logging_mixin.py:149} INFO - [2023-09-14T16:56:47.802+0000] {dag.py:2726} INFO - Sync 1 DAGs
[2023-09-14T16:56:47.935+0000] {logging_mixin.py:149} INFO - [2023-09-14T16:56:47.934+0000] {dag.py:3490} INFO - Setting next_dagrun for example_kubernetes_executor to None, run_after=None
[2023-09-14T16:56:48.048+0000] {processor.py:178} INFO - Processing /home/airflow/.local/lib/python3.7/site-packages/airflow/example_dags/example_kubernetes_executor.py took 1.811 seconds
[2023-09-14T16:57:18.476+0000] {processor.py:156} INFO - Started process (PID=2187) to work on /home/airflow/.local/lib/python3.7/site-packages/airflow/example_dags/example_kubernetes_executor.py
[2023-09-14T16:57:18.478+0000] {processor.py:799} INFO - Processing file /home/airflow/.local/lib/python3.7/site-packages/airflow/example_dags/example_kubernetes_executor.py for tasks to queue
[2023-09-14T16:57:18.481+0000] {logging_mixin.py:149} INFO - [2023-09-14T16:57:18.481+0000] {dagbag.py:541} INFO - Filling up the DagBag from /home/airflow/.local/lib/python3.7/site-packages/airflow/example_dags/example_kubernetes_executor.py
[2023-09-14T16:57:19.309+0000] {processor.py:809} INFO - DAG(s) dict_keys(['example_kubernetes_executor']) retrieved from /home/airflow/.local/lib/python3.7/site-packages/airflow/example_dags/example_kubernetes_executor.py
[2023-09-14T16:57:19.513+0000] {logging_mixin.py:149} INFO - [2023-09-14T16:57:19.512+0000] {dag.py:2726} INFO - Sync 1 DAGs
[2023-09-14T16:57:19.662+0000] {logging_mixin.py:149} INFO - [2023-09-14T16:57:19.661+0000] {dag.py:3490} INFO - Setting next_dagrun for example_kubernetes_executor to None, run_after=None
[2023-09-14T16:57:19.879+0000] {processor.py:178} INFO - Processing /home/airflow/.local/lib/python3.7/site-packages/airflow/example_dags/example_kubernetes_executor.py took 1.410 seconds
[2023-09-14T16:57:50.299+0000] {processor.py:156} INFO - Started process (PID=2255) to work on /home/airflow/.local/lib/python3.7/site-packages/airflow/example_dags/example_kubernetes_executor.py
[2023-09-14T16:57:50.301+0000] {processor.py:799} INFO - Processing file /home/airflow/.local/lib/python3.7/site-packages/airflow/example_dags/example_kubernetes_executor.py for tasks to queue
[2023-09-14T16:57:50.305+0000] {logging_mixin.py:149} INFO - [2023-09-14T16:57:50.304+0000] {dagbag.py:541} INFO - Filling up the DagBag from /home/airflow/.local/lib/python3.7/site-packages/airflow/example_dags/example_kubernetes_executor.py
[2023-09-14T16:57:51.096+0000] {processor.py:809} INFO - DAG(s) dict_keys(['example_kubernetes_executor']) retrieved from /home/airflow/.local/lib/python3.7/site-packages/airflow/example_dags/example_kubernetes_executor.py
[2023-09-14T16:57:51.195+0000] {logging_mixin.py:149} INFO - [2023-09-14T16:57:51.194+0000] {dag.py:2726} INFO - Sync 1 DAGs
[2023-09-14T16:57:51.278+0000] {logging_mixin.py:149} INFO - [2023-09-14T16:57:51.278+0000] {dag.py:3490} INFO - Setting next_dagrun for example_kubernetes_executor to None, run_after=None
[2023-09-14T16:57:51.328+0000] {processor.py:178} INFO - Processing /home/airflow/.local/lib/python3.7/site-packages/airflow/example_dags/example_kubernetes_executor.py took 1.040 seconds
[2023-09-14T16:58:22.533+0000] {processor.py:156} INFO - Started process (PID=2319) to work on /home/airflow/.local/lib/python3.7/site-packages/airflow/example_dags/example_kubernetes_executor.py
[2023-09-14T16:58:22.543+0000] {processor.py:799} INFO - Processing file /home/airflow/.local/lib/python3.7/site-packages/airflow/example_dags/example_kubernetes_executor.py for tasks to queue
[2023-09-14T16:58:22.552+0000] {logging_mixin.py:149} INFO - [2023-09-14T16:58:22.551+0000] {dagbag.py:541} INFO - Filling up the DagBag from /home/airflow/.local/lib/python3.7/site-packages/airflow/example_dags/example_kubernetes_executor.py
[2023-09-14T16:58:25.925+0000] {processor.py:809} INFO - DAG(s) dict_keys(['example_kubernetes_executor']) retrieved from /home/airflow/.local/lib/python3.7/site-packages/airflow/example_dags/example_kubernetes_executor.py
[2023-09-14T16:58:26.339+0000] {logging_mixin.py:149} INFO - [2023-09-14T16:58:26.338+0000] {dag.py:2726} INFO - Sync 1 DAGs
[2023-09-14T16:58:26.683+0000] {logging_mixin.py:149} INFO - [2023-09-14T16:58:26.682+0000] {dag.py:3490} INFO - Setting next_dagrun for example_kubernetes_executor to None, run_after=None
[2023-09-14T16:58:26.944+0000] {processor.py:178} INFO - Processing /home/airflow/.local/lib/python3.7/site-packages/airflow/example_dags/example_kubernetes_executor.py took 4.479 seconds
[2023-09-14T16:59:01.125+0000] {processor.py:156} INFO - Started process (PID=2398) to work on /home/airflow/.local/lib/python3.7/site-packages/airflow/example_dags/example_kubernetes_executor.py
[2023-09-14T16:59:01.131+0000] {processor.py:799} INFO - Processing file /home/airflow/.local/lib/python3.7/site-packages/airflow/example_dags/example_kubernetes_executor.py for tasks to queue
[2023-09-14T16:59:01.136+0000] {logging_mixin.py:149} INFO - [2023-09-14T16:59:01.135+0000] {dagbag.py:541} INFO - Filling up the DagBag from /home/airflow/.local/lib/python3.7/site-packages/airflow/example_dags/example_kubernetes_executor.py
[2023-09-14T16:59:02.940+0000] {processor.py:809} INFO - DAG(s) dict_keys(['example_kubernetes_executor']) retrieved from /home/airflow/.local/lib/python3.7/site-packages/airflow/example_dags/example_kubernetes_executor.py
[2023-09-14T16:59:03.036+0000] {logging_mixin.py:149} INFO - [2023-09-14T16:59:03.036+0000] {dag.py:2726} INFO - Sync 1 DAGs
[2023-09-14T16:59:03.114+0000] {logging_mixin.py:149} INFO - [2023-09-14T16:59:03.113+0000] {dag.py:3490} INFO - Setting next_dagrun for example_kubernetes_executor to None, run_after=None
[2023-09-14T16:59:03.166+0000] {processor.py:178} INFO - Processing /home/airflow/.local/lib/python3.7/site-packages/airflow/example_dags/example_kubernetes_executor.py took 2.051 seconds
[2023-09-14T16:59:33.632+0000] {processor.py:156} INFO - Started process (PID=2461) to work on /home/airflow/.local/lib/python3.7/site-packages/airflow/example_dags/example_kubernetes_executor.py
[2023-09-14T16:59:33.645+0000] {processor.py:799} INFO - Processing file /home/airflow/.local/lib/python3.7/site-packages/airflow/example_dags/example_kubernetes_executor.py for tasks to queue
[2023-09-14T16:59:33.648+0000] {logging_mixin.py:149} INFO - [2023-09-14T16:59:33.647+0000] {dagbag.py:541} INFO - Filling up the DagBag from /home/airflow/.local/lib/python3.7/site-packages/airflow/example_dags/example_kubernetes_executor.py
[2023-09-14T16:59:34.429+0000] {processor.py:809} INFO - DAG(s) dict_keys(['example_kubernetes_executor']) retrieved from /home/airflow/.local/lib/python3.7/site-packages/airflow/example_dags/example_kubernetes_executor.py
[2023-09-14T16:59:34.553+0000] {logging_mixin.py:149} INFO - [2023-09-14T16:59:34.552+0000] {dag.py:2726} INFO - Sync 1 DAGs
[2023-09-14T16:59:34.619+0000] {logging_mixin.py:149} INFO - [2023-09-14T16:59:34.619+0000] {dag.py:3490} INFO - Setting next_dagrun for example_kubernetes_executor to None, run_after=None
[2023-09-14T16:59:34.707+0000] {processor.py:178} INFO - Processing /home/airflow/.local/lib/python3.7/site-packages/airflow/example_dags/example_kubernetes_executor.py took 1.096 seconds
[2023-09-14T17:00:05.966+0000] {processor.py:156} INFO - Started process (PID=2512) to work on /home/airflow/.local/lib/python3.7/site-packages/airflow/example_dags/example_kubernetes_executor.py
[2023-09-14T17:00:05.970+0000] {processor.py:799} INFO - Processing file /home/airflow/.local/lib/python3.7/site-packages/airflow/example_dags/example_kubernetes_executor.py for tasks to queue
[2023-09-14T17:00:05.973+0000] {logging_mixin.py:149} INFO - [2023-09-14T17:00:05.972+0000] {dagbag.py:541} INFO - Filling up the DagBag from /home/airflow/.local/lib/python3.7/site-packages/airflow/example_dags/example_kubernetes_executor.py
[2023-09-14T17:00:08.167+0000] {processor.py:809} INFO - DAG(s) dict_keys(['example_kubernetes_executor']) retrieved from /home/airflow/.local/lib/python3.7/site-packages/airflow/example_dags/example_kubernetes_executor.py
[2023-09-14T17:00:08.421+0000] {logging_mixin.py:149} INFO - [2023-09-14T17:00:08.421+0000] {dag.py:2726} INFO - Sync 1 DAGs
[2023-09-14T17:00:08.589+0000] {logging_mixin.py:149} INFO - [2023-09-14T17:00:08.585+0000] {dag.py:3490} INFO - Setting next_dagrun for example_kubernetes_executor to None, run_after=None
[2023-09-14T17:00:08.694+0000] {processor.py:178} INFO - Processing /home/airflow/.local/lib/python3.7/site-packages/airflow/example_dags/example_kubernetes_executor.py took 2.744 seconds
[2023-09-14T17:00:38.897+0000] {processor.py:156} INFO - Started process (PID=2580) to work on /home/airflow/.local/lib/python3.7/site-packages/airflow/example_dags/example_kubernetes_executor.py
[2023-09-14T17:00:38.899+0000] {processor.py:799} INFO - Processing file /home/airflow/.local/lib/python3.7/site-packages/airflow/example_dags/example_kubernetes_executor.py for tasks to queue
[2023-09-14T17:00:38.901+0000] {logging_mixin.py:149} INFO - [2023-09-14T17:00:38.901+0000] {dagbag.py:541} INFO - Filling up the DagBag from /home/airflow/.local/lib/python3.7/site-packages/airflow/example_dags/example_kubernetes_executor.py
[2023-09-14T17:00:39.353+0000] {processor.py:809} INFO - DAG(s) dict_keys(['example_kubernetes_executor']) retrieved from /home/airflow/.local/lib/python3.7/site-packages/airflow/example_dags/example_kubernetes_executor.py
[2023-09-14T17:00:39.436+0000] {logging_mixin.py:149} INFO - [2023-09-14T17:00:39.435+0000] {dag.py:2726} INFO - Sync 1 DAGs
[2023-09-14T17:00:39.497+0000] {logging_mixin.py:149} INFO - [2023-09-14T17:00:39.497+0000] {dag.py:3490} INFO - Setting next_dagrun for example_kubernetes_executor to None, run_after=None
[2023-09-14T17:00:39.575+0000] {processor.py:178} INFO - Processing /home/airflow/.local/lib/python3.7/site-packages/airflow/example_dags/example_kubernetes_executor.py took 0.688 seconds
[2023-09-14T17:01:09.764+0000] {processor.py:156} INFO - Started process (PID=2644) to work on /home/airflow/.local/lib/python3.7/site-packages/airflow/example_dags/example_kubernetes_executor.py
[2023-09-14T17:01:09.766+0000] {processor.py:799} INFO - Processing file /home/airflow/.local/lib/python3.7/site-packages/airflow/example_dags/example_kubernetes_executor.py for tasks to queue
[2023-09-14T17:01:09.768+0000] {logging_mixin.py:149} INFO - [2023-09-14T17:01:09.768+0000] {dagbag.py:541} INFO - Filling up the DagBag from /home/airflow/.local/lib/python3.7/site-packages/airflow/example_dags/example_kubernetes_executor.py
[2023-09-14T17:01:10.894+0000] {processor.py:809} INFO - DAG(s) dict_keys(['example_kubernetes_executor']) retrieved from /home/airflow/.local/lib/python3.7/site-packages/airflow/example_dags/example_kubernetes_executor.py
[2023-09-14T17:01:11.029+0000] {logging_mixin.py:149} INFO - [2023-09-14T17:01:11.028+0000] {dag.py:2726} INFO - Sync 1 DAGs
[2023-09-14T17:01:11.117+0000] {logging_mixin.py:149} INFO - [2023-09-14T17:01:11.117+0000] {dag.py:3490} INFO - Setting next_dagrun for example_kubernetes_executor to None, run_after=None
[2023-09-14T17:01:11.214+0000] {processor.py:178} INFO - Processing /home/airflow/.local/lib/python3.7/site-packages/airflow/example_dags/example_kubernetes_executor.py took 1.455 seconds
[2023-09-14T17:01:41.575+0000] {processor.py:156} INFO - Started process (PID=2709) to work on /home/airflow/.local/lib/python3.7/site-packages/airflow/example_dags/example_kubernetes_executor.py
[2023-09-14T17:01:41.580+0000] {processor.py:799} INFO - Processing file /home/airflow/.local/lib/python3.7/site-packages/airflow/example_dags/example_kubernetes_executor.py for tasks to queue
[2023-09-14T17:01:41.585+0000] {logging_mixin.py:149} INFO - [2023-09-14T17:01:41.583+0000] {dagbag.py:541} INFO - Filling up the DagBag from /home/airflow/.local/lib/python3.7/site-packages/airflow/example_dags/example_kubernetes_executor.py
[2023-09-14T17:01:42.042+0000] {processor.py:809} INFO - DAG(s) dict_keys(['example_kubernetes_executor']) retrieved from /home/airflow/.local/lib/python3.7/site-packages/airflow/example_dags/example_kubernetes_executor.py
[2023-09-14T17:01:42.115+0000] {logging_mixin.py:149} INFO - [2023-09-14T17:01:42.115+0000] {dag.py:2726} INFO - Sync 1 DAGs
[2023-09-14T17:01:42.163+0000] {logging_mixin.py:149} INFO - [2023-09-14T17:01:42.162+0000] {dag.py:3490} INFO - Setting next_dagrun for example_kubernetes_executor to None, run_after=None
[2023-09-14T17:01:42.194+0000] {processor.py:178} INFO - Processing /home/airflow/.local/lib/python3.7/site-packages/airflow/example_dags/example_kubernetes_executor.py took 0.626 seconds
[2023-09-14T17:02:13.353+0000] {processor.py:156} INFO - Started process (PID=2776) to work on /home/airflow/.local/lib/python3.7/site-packages/airflow/example_dags/example_kubernetes_executor.py
[2023-09-14T17:02:13.355+0000] {processor.py:799} INFO - Processing file /home/airflow/.local/lib/python3.7/site-packages/airflow/example_dags/example_kubernetes_executor.py for tasks to queue
[2023-09-14T17:02:13.357+0000] {logging_mixin.py:149} INFO - [2023-09-14T17:02:13.356+0000] {dagbag.py:541} INFO - Filling up the DagBag from /home/airflow/.local/lib/python3.7/site-packages/airflow/example_dags/example_kubernetes_executor.py
[2023-09-14T17:02:13.921+0000] {processor.py:809} INFO - DAG(s) dict_keys(['example_kubernetes_executor']) retrieved from /home/airflow/.local/lib/python3.7/site-packages/airflow/example_dags/example_kubernetes_executor.py
[2023-09-14T17:02:14.009+0000] {logging_mixin.py:149} INFO - [2023-09-14T17:02:14.009+0000] {dag.py:2726} INFO - Sync 1 DAGs
[2023-09-14T17:02:14.073+0000] {logging_mixin.py:149} INFO - [2023-09-14T17:02:14.072+0000] {dag.py:3490} INFO - Setting next_dagrun for example_kubernetes_executor to None, run_after=None
[2023-09-14T17:02:14.124+0000] {processor.py:178} INFO - Processing /home/airflow/.local/lib/python3.7/site-packages/airflow/example_dags/example_kubernetes_executor.py took 0.778 seconds
[2023-09-14T17:03:54.802+0000] {processor.py:156} INFO - Started process (PID=37) to work on /home/airflow/.local/lib/python3.7/site-packages/airflow/example_dags/example_kubernetes_executor.py
[2023-09-14T17:03:54.804+0000] {processor.py:799} INFO - Processing file /home/airflow/.local/lib/python3.7/site-packages/airflow/example_dags/example_kubernetes_executor.py for tasks to queue
[2023-09-14T17:03:54.809+0000] {logging_mixin.py:149} INFO - [2023-09-14T17:03:54.808+0000] {dagbag.py:541} INFO - Filling up the DagBag from /home/airflow/.local/lib/python3.7/site-packages/airflow/example_dags/example_kubernetes_executor.py
[2023-09-14T17:03:59.135+0000] {processor.py:809} INFO - DAG(s) dict_keys(['example_kubernetes_executor']) retrieved from /home/airflow/.local/lib/python3.7/site-packages/airflow/example_dags/example_kubernetes_executor.py
[2023-09-14T17:03:59.512+0000] {logging_mixin.py:149} INFO - [2023-09-14T17:03:59.511+0000] {dag.py:2726} INFO - Sync 1 DAGs
[2023-09-14T17:03:59.734+0000] {logging_mixin.py:149} INFO - [2023-09-14T17:03:59.733+0000] {dag.py:3490} INFO - Setting next_dagrun for example_kubernetes_executor to None, run_after=None
[2023-09-14T17:03:59.988+0000] {processor.py:178} INFO - Processing /home/airflow/.local/lib/python3.7/site-packages/airflow/example_dags/example_kubernetes_executor.py took 5.192 seconds
