[2023-09-14T16:11:19.587+0000] {processor.py:156} INFO - Started process (PID=88) to work on /home/airflow/.local/lib/python3.7/site-packages/airflow/example_dags/example_bash_operator.py
[2023-09-14T16:11:19.591+0000] {processor.py:799} INFO - Processing file /home/airflow/.local/lib/python3.7/site-packages/airflow/example_dags/example_bash_operator.py for tasks to queue
[2023-09-14T16:11:19.594+0000] {logging_mixin.py:149} INFO - [2023-09-14T16:11:19.593+0000] {dagbag.py:541} INFO - Filling up the DagBag from /home/airflow/.local/lib/python3.7/site-packages/airflow/example_dags/example_bash_operator.py
[2023-09-14T16:11:19.758+0000] {processor.py:809} INFO - DAG(s) dict_keys(['example_bash_operator']) retrieved from /home/airflow/.local/lib/python3.7/site-packages/airflow/example_dags/example_bash_operator.py
[2023-09-14T16:11:20.255+0000] {logging_mixin.py:149} INFO - [2023-09-14T16:11:20.254+0000] {dag.py:2726} INFO - Sync 1 DAGs
[2023-09-14T16:11:20.615+0000] {logging_mixin.py:149} INFO - [2023-09-14T16:11:20.613+0000] {dag.py:3490} INFO - Setting next_dagrun for example_bash_operator to 2023-09-13T00:00:00+00:00, run_after=2023-09-14T00:00:00+00:00
[2023-09-14T16:11:25.023+0000] {processor.py:178} INFO - Processing /home/airflow/.local/lib/python3.7/site-packages/airflow/example_dags/example_bash_operator.py took 5.455 seconds
[2023-09-14T16:12:00.340+0000] {processor.py:156} INFO - Started process (PID=157) to work on /home/airflow/.local/lib/python3.7/site-packages/airflow/example_dags/example_bash_operator.py
[2023-09-14T16:12:00.349+0000] {processor.py:799} INFO - Processing file /home/airflow/.local/lib/python3.7/site-packages/airflow/example_dags/example_bash_operator.py for tasks to queue
[2023-09-14T16:12:00.358+0000] {logging_mixin.py:149} INFO - [2023-09-14T16:12:00.357+0000] {dagbag.py:541} INFO - Filling up the DagBag from /home/airflow/.local/lib/python3.7/site-packages/airflow/example_dags/example_bash_operator.py
[2023-09-14T16:12:00.480+0000] {processor.py:809} INFO - DAG(s) dict_keys(['example_bash_operator']) retrieved from /home/airflow/.local/lib/python3.7/site-packages/airflow/example_dags/example_bash_operator.py
[2023-09-14T16:12:01.615+0000] {logging_mixin.py:149} INFO - [2023-09-14T16:12:01.615+0000] {dag.py:2726} INFO - Sync 1 DAGs
[2023-09-14T16:12:01.806+0000] {logging_mixin.py:149} INFO - [2023-09-14T16:12:01.806+0000] {dag.py:3490} INFO - Setting next_dagrun for example_bash_operator to 2023-09-13T00:00:00+00:00, run_after=2023-09-14T00:00:00+00:00
[2023-09-14T16:12:01.979+0000] {processor.py:178} INFO - Processing /home/airflow/.local/lib/python3.7/site-packages/airflow/example_dags/example_bash_operator.py took 1.654 seconds
[2023-09-14T16:12:37.053+0000] {processor.py:156} INFO - Started process (PID=218) to work on /home/airflow/.local/lib/python3.7/site-packages/airflow/example_dags/example_bash_operator.py
[2023-09-14T16:12:37.058+0000] {processor.py:799} INFO - Processing file /home/airflow/.local/lib/python3.7/site-packages/airflow/example_dags/example_bash_operator.py for tasks to queue
[2023-09-14T16:12:37.061+0000] {logging_mixin.py:149} INFO - [2023-09-14T16:12:37.060+0000] {dagbag.py:541} INFO - Filling up the DagBag from /home/airflow/.local/lib/python3.7/site-packages/airflow/example_dags/example_bash_operator.py
[2023-09-14T16:12:37.168+0000] {processor.py:809} INFO - DAG(s) dict_keys(['example_bash_operator']) retrieved from /home/airflow/.local/lib/python3.7/site-packages/airflow/example_dags/example_bash_operator.py
[2023-09-14T16:12:37.503+0000] {logging_mixin.py:149} INFO - [2023-09-14T16:12:37.503+0000] {dag.py:2726} INFO - Sync 1 DAGs
[2023-09-14T16:12:37.762+0000] {logging_mixin.py:149} INFO - [2023-09-14T16:12:37.762+0000] {dag.py:3490} INFO - Setting next_dagrun for example_bash_operator to 2023-09-13T00:00:00+00:00, run_after=2023-09-14T00:00:00+00:00
[2023-09-14T16:12:37.914+0000] {processor.py:178} INFO - Processing /home/airflow/.local/lib/python3.7/site-packages/airflow/example_dags/example_bash_operator.py took 0.879 seconds
[2023-09-14T16:13:14.322+0000] {processor.py:156} INFO - Started process (PID=279) to work on /home/airflow/.local/lib/python3.7/site-packages/airflow/example_dags/example_bash_operator.py
[2023-09-14T16:13:14.326+0000] {processor.py:799} INFO - Processing file /home/airflow/.local/lib/python3.7/site-packages/airflow/example_dags/example_bash_operator.py for tasks to queue
[2023-09-14T16:13:14.331+0000] {logging_mixin.py:149} INFO - [2023-09-14T16:13:14.330+0000] {dagbag.py:541} INFO - Filling up the DagBag from /home/airflow/.local/lib/python3.7/site-packages/airflow/example_dags/example_bash_operator.py
[2023-09-14T16:13:14.426+0000] {processor.py:809} INFO - DAG(s) dict_keys(['example_bash_operator']) retrieved from /home/airflow/.local/lib/python3.7/site-packages/airflow/example_dags/example_bash_operator.py
[2023-09-14T16:13:14.766+0000] {logging_mixin.py:149} INFO - [2023-09-14T16:13:14.765+0000] {dag.py:2726} INFO - Sync 1 DAGs
[2023-09-14T16:13:14.999+0000] {logging_mixin.py:149} INFO - [2023-09-14T16:13:14.998+0000] {dag.py:3490} INFO - Setting next_dagrun for example_bash_operator to 2023-09-13T00:00:00+00:00, run_after=2023-09-14T00:00:00+00:00
[2023-09-14T16:13:15.172+0000] {processor.py:178} INFO - Processing /home/airflow/.local/lib/python3.7/site-packages/airflow/example_dags/example_bash_operator.py took 0.863 seconds
[2023-09-14T16:13:49.284+0000] {processor.py:156} INFO - Started process (PID=340) to work on /home/airflow/.local/lib/python3.7/site-packages/airflow/example_dags/example_bash_operator.py
[2023-09-14T16:13:49.287+0000] {processor.py:799} INFO - Processing file /home/airflow/.local/lib/python3.7/site-packages/airflow/example_dags/example_bash_operator.py for tasks to queue
[2023-09-14T16:13:49.290+0000] {logging_mixin.py:149} INFO - [2023-09-14T16:13:49.290+0000] {dagbag.py:541} INFO - Filling up the DagBag from /home/airflow/.local/lib/python3.7/site-packages/airflow/example_dags/example_bash_operator.py
[2023-09-14T16:13:49.339+0000] {processor.py:809} INFO - DAG(s) dict_keys(['example_bash_operator']) retrieved from /home/airflow/.local/lib/python3.7/site-packages/airflow/example_dags/example_bash_operator.py
[2023-09-14T16:13:49.511+0000] {logging_mixin.py:149} INFO - [2023-09-14T16:13:49.510+0000] {dag.py:2726} INFO - Sync 1 DAGs
[2023-09-14T16:13:49.654+0000] {logging_mixin.py:149} INFO - [2023-09-14T16:13:49.653+0000] {dag.py:3490} INFO - Setting next_dagrun for example_bash_operator to 2023-09-13T00:00:00+00:00, run_after=2023-09-14T00:00:00+00:00
[2023-09-14T16:13:49.746+0000] {processor.py:178} INFO - Processing /home/airflow/.local/lib/python3.7/site-packages/airflow/example_dags/example_bash_operator.py took 0.470 seconds
[2023-09-14T16:14:22.669+0000] {processor.py:156} INFO - Started process (PID=392) to work on /home/airflow/.local/lib/python3.7/site-packages/airflow/example_dags/example_bash_operator.py
[2023-09-14T16:14:22.673+0000] {processor.py:799} INFO - Processing file /home/airflow/.local/lib/python3.7/site-packages/airflow/example_dags/example_bash_operator.py for tasks to queue
[2023-09-14T16:14:22.676+0000] {logging_mixin.py:149} INFO - [2023-09-14T16:14:22.675+0000] {dagbag.py:541} INFO - Filling up the DagBag from /home/airflow/.local/lib/python3.7/site-packages/airflow/example_dags/example_bash_operator.py
[2023-09-14T16:14:22.735+0000] {processor.py:809} INFO - DAG(s) dict_keys(['example_bash_operator']) retrieved from /home/airflow/.local/lib/python3.7/site-packages/airflow/example_dags/example_bash_operator.py
[2023-09-14T16:14:22.886+0000] {logging_mixin.py:149} INFO - [2023-09-14T16:14:22.886+0000] {dag.py:2726} INFO - Sync 1 DAGs
[2023-09-14T16:14:22.980+0000] {logging_mixin.py:149} INFO - [2023-09-14T16:14:22.979+0000] {dag.py:3490} INFO - Setting next_dagrun for example_bash_operator to 2023-09-13T00:00:00+00:00, run_after=2023-09-14T00:00:00+00:00
[2023-09-14T16:14:23.072+0000] {processor.py:178} INFO - Processing /home/airflow/.local/lib/python3.7/site-packages/airflow/example_dags/example_bash_operator.py took 0.418 seconds
[2023-09-14T16:14:54.860+0000] {processor.py:156} INFO - Started process (PID=454) to work on /home/airflow/.local/lib/python3.7/site-packages/airflow/example_dags/example_bash_operator.py
[2023-09-14T16:14:54.865+0000] {processor.py:799} INFO - Processing file /home/airflow/.local/lib/python3.7/site-packages/airflow/example_dags/example_bash_operator.py for tasks to queue
[2023-09-14T16:14:54.867+0000] {logging_mixin.py:149} INFO - [2023-09-14T16:14:54.867+0000] {dagbag.py:541} INFO - Filling up the DagBag from /home/airflow/.local/lib/python3.7/site-packages/airflow/example_dags/example_bash_operator.py
[2023-09-14T16:14:54.907+0000] {processor.py:809} INFO - DAG(s) dict_keys(['example_bash_operator']) retrieved from /home/airflow/.local/lib/python3.7/site-packages/airflow/example_dags/example_bash_operator.py
[2023-09-14T16:14:55.050+0000] {logging_mixin.py:149} INFO - [2023-09-14T16:14:55.050+0000] {dag.py:2726} INFO - Sync 1 DAGs
[2023-09-14T16:14:55.138+0000] {logging_mixin.py:149} INFO - [2023-09-14T16:14:55.137+0000] {dag.py:3490} INFO - Setting next_dagrun for example_bash_operator to 2023-09-13T00:00:00+00:00, run_after=2023-09-14T00:00:00+00:00
[2023-09-14T16:14:55.249+0000] {processor.py:178} INFO - Processing /home/airflow/.local/lib/python3.7/site-packages/airflow/example_dags/example_bash_operator.py took 0.404 seconds
[2023-09-14T16:15:25.709+0000] {processor.py:156} INFO - Started process (PID=515) to work on /home/airflow/.local/lib/python3.7/site-packages/airflow/example_dags/example_bash_operator.py
[2023-09-14T16:15:25.711+0000] {processor.py:799} INFO - Processing file /home/airflow/.local/lib/python3.7/site-packages/airflow/example_dags/example_bash_operator.py for tasks to queue
[2023-09-14T16:15:25.714+0000] {logging_mixin.py:149} INFO - [2023-09-14T16:15:25.713+0000] {dagbag.py:541} INFO - Filling up the DagBag from /home/airflow/.local/lib/python3.7/site-packages/airflow/example_dags/example_bash_operator.py
[2023-09-14T16:15:25.745+0000] {processor.py:809} INFO - DAG(s) dict_keys(['example_bash_operator']) retrieved from /home/airflow/.local/lib/python3.7/site-packages/airflow/example_dags/example_bash_operator.py
[2023-09-14T16:15:25.826+0000] {logging_mixin.py:149} INFO - [2023-09-14T16:15:25.826+0000] {dag.py:2726} INFO - Sync 1 DAGs
[2023-09-14T16:15:25.888+0000] {logging_mixin.py:149} INFO - [2023-09-14T16:15:25.888+0000] {dag.py:3490} INFO - Setting next_dagrun for example_bash_operator to 2023-09-13T00:00:00+00:00, run_after=2023-09-14T00:00:00+00:00
[2023-09-14T16:15:25.944+0000] {processor.py:178} INFO - Processing /home/airflow/.local/lib/python3.7/site-packages/airflow/example_dags/example_bash_operator.py took 0.243 seconds
[2023-09-14T16:15:56.308+0000] {processor.py:156} INFO - Started process (PID=576) to work on /home/airflow/.local/lib/python3.7/site-packages/airflow/example_dags/example_bash_operator.py
[2023-09-14T16:15:56.311+0000] {processor.py:799} INFO - Processing file /home/airflow/.local/lib/python3.7/site-packages/airflow/example_dags/example_bash_operator.py for tasks to queue
[2023-09-14T16:15:56.313+0000] {logging_mixin.py:149} INFO - [2023-09-14T16:15:56.313+0000] {dagbag.py:541} INFO - Filling up the DagBag from /home/airflow/.local/lib/python3.7/site-packages/airflow/example_dags/example_bash_operator.py
[2023-09-14T16:15:56.346+0000] {processor.py:809} INFO - DAG(s) dict_keys(['example_bash_operator']) retrieved from /home/airflow/.local/lib/python3.7/site-packages/airflow/example_dags/example_bash_operator.py
[2023-09-14T16:15:56.427+0000] {logging_mixin.py:149} INFO - [2023-09-14T16:15:56.427+0000] {dag.py:2726} INFO - Sync 1 DAGs
[2023-09-14T16:15:56.479+0000] {logging_mixin.py:149} INFO - [2023-09-14T16:15:56.479+0000] {dag.py:3490} INFO - Setting next_dagrun for example_bash_operator to 2023-09-13T00:00:00+00:00, run_after=2023-09-14T00:00:00+00:00
[2023-09-14T16:15:56.528+0000] {processor.py:178} INFO - Processing /home/airflow/.local/lib/python3.7/site-packages/airflow/example_dags/example_bash_operator.py took 0.228 seconds
[2023-09-14T16:16:27.674+0000] {processor.py:156} INFO - Started process (PID=639) to work on /home/airflow/.local/lib/python3.7/site-packages/airflow/example_dags/example_bash_operator.py
[2023-09-14T16:16:27.677+0000] {processor.py:799} INFO - Processing file /home/airflow/.local/lib/python3.7/site-packages/airflow/example_dags/example_bash_operator.py for tasks to queue
[2023-09-14T16:16:27.680+0000] {logging_mixin.py:149} INFO - [2023-09-14T16:16:27.679+0000] {dagbag.py:541} INFO - Filling up the DagBag from /home/airflow/.local/lib/python3.7/site-packages/airflow/example_dags/example_bash_operator.py
[2023-09-14T16:16:27.723+0000] {processor.py:809} INFO - DAG(s) dict_keys(['example_bash_operator']) retrieved from /home/airflow/.local/lib/python3.7/site-packages/airflow/example_dags/example_bash_operator.py
[2023-09-14T16:16:27.836+0000] {logging_mixin.py:149} INFO - [2023-09-14T16:16:27.836+0000] {dag.py:2726} INFO - Sync 1 DAGs
[2023-09-14T16:16:27.944+0000] {logging_mixin.py:149} INFO - [2023-09-14T16:16:27.943+0000] {dag.py:3490} INFO - Setting next_dagrun for example_bash_operator to 2023-09-13T00:00:00+00:00, run_after=2023-09-14T00:00:00+00:00
[2023-09-14T16:16:28.021+0000] {processor.py:178} INFO - Processing /home/airflow/.local/lib/python3.7/site-packages/airflow/example_dags/example_bash_operator.py took 0.355 seconds
[2023-09-14T16:16:58.203+0000] {processor.py:156} INFO - Started process (PID=699) to work on /home/airflow/.local/lib/python3.7/site-packages/airflow/example_dags/example_bash_operator.py
[2023-09-14T16:16:58.207+0000] {processor.py:799} INFO - Processing file /home/airflow/.local/lib/python3.7/site-packages/airflow/example_dags/example_bash_operator.py for tasks to queue
[2023-09-14T16:16:58.211+0000] {logging_mixin.py:149} INFO - [2023-09-14T16:16:58.210+0000] {dagbag.py:541} INFO - Filling up the DagBag from /home/airflow/.local/lib/python3.7/site-packages/airflow/example_dags/example_bash_operator.py
[2023-09-14T16:16:58.248+0000] {processor.py:809} INFO - DAG(s) dict_keys(['example_bash_operator']) retrieved from /home/airflow/.local/lib/python3.7/site-packages/airflow/example_dags/example_bash_operator.py
[2023-09-14T16:16:58.389+0000] {logging_mixin.py:149} INFO - [2023-09-14T16:16:58.388+0000] {dag.py:2726} INFO - Sync 1 DAGs
[2023-09-14T16:16:58.541+0000] {logging_mixin.py:149} INFO - [2023-09-14T16:16:58.541+0000] {dag.py:3490} INFO - Setting next_dagrun for example_bash_operator to 2023-09-13T00:00:00+00:00, run_after=2023-09-14T00:00:00+00:00
[2023-09-14T16:16:58.670+0000] {processor.py:178} INFO - Processing /home/airflow/.local/lib/python3.7/site-packages/airflow/example_dags/example_bash_operator.py took 0.476 seconds
[2023-09-14T16:36:08.688+0000] {processor.py:156} INFO - Started process (PID=74) to work on /home/airflow/.local/lib/python3.7/site-packages/airflow/example_dags/example_bash_operator.py
[2023-09-14T16:36:08.753+0000] {processor.py:799} INFO - Processing file /home/airflow/.local/lib/python3.7/site-packages/airflow/example_dags/example_bash_operator.py for tasks to queue
[2023-09-14T16:36:08.791+0000] {logging_mixin.py:149} INFO - [2023-09-14T16:36:08.788+0000] {dagbag.py:541} INFO - Filling up the DagBag from /home/airflow/.local/lib/python3.7/site-packages/airflow/example_dags/example_bash_operator.py
[2023-09-14T16:36:09.071+0000] {processor.py:809} INFO - DAG(s) dict_keys(['example_bash_operator']) retrieved from /home/airflow/.local/lib/python3.7/site-packages/airflow/example_dags/example_bash_operator.py
[2023-09-14T16:36:10.055+0000] {logging_mixin.py:149} INFO - [2023-09-14T16:36:10.055+0000] {dag.py:2726} INFO - Sync 1 DAGs
[2023-09-14T16:36:10.604+0000] {logging_mixin.py:149} INFO - [2023-09-14T16:36:10.604+0000] {dag.py:3490} INFO - Setting next_dagrun for example_bash_operator to 2023-09-13T00:00:00+00:00, run_after=2023-09-14T00:00:00+00:00
[2023-09-14T16:36:10.827+0000] {processor.py:178} INFO - Processing /home/airflow/.local/lib/python3.7/site-packages/airflow/example_dags/example_bash_operator.py took 2.299 seconds
[2023-09-14T16:36:41.455+0000] {processor.py:156} INFO - Started process (PID=134) to work on /home/airflow/.local/lib/python3.7/site-packages/airflow/example_dags/example_bash_operator.py
[2023-09-14T16:36:41.459+0000] {processor.py:799} INFO - Processing file /home/airflow/.local/lib/python3.7/site-packages/airflow/example_dags/example_bash_operator.py for tasks to queue
[2023-09-14T16:36:41.462+0000] {logging_mixin.py:149} INFO - [2023-09-14T16:36:41.461+0000] {dagbag.py:541} INFO - Filling up the DagBag from /home/airflow/.local/lib/python3.7/site-packages/airflow/example_dags/example_bash_operator.py
[2023-09-14T16:36:41.505+0000] {processor.py:809} INFO - DAG(s) dict_keys(['example_bash_operator']) retrieved from /home/airflow/.local/lib/python3.7/site-packages/airflow/example_dags/example_bash_operator.py
[2023-09-14T16:36:41.580+0000] {logging_mixin.py:149} INFO - [2023-09-14T16:36:41.580+0000] {dag.py:2726} INFO - Sync 1 DAGs
[2023-09-14T16:36:41.812+0000] {logging_mixin.py:149} INFO - [2023-09-14T16:36:41.812+0000] {dag.py:3490} INFO - Setting next_dagrun for example_bash_operator to 2023-09-13T00:00:00+00:00, run_after=2023-09-14T00:00:00+00:00
[2023-09-14T16:36:41.867+0000] {processor.py:178} INFO - Processing /home/airflow/.local/lib/python3.7/site-packages/airflow/example_dags/example_bash_operator.py took 0.419 seconds
[2023-09-14T16:39:15.211+0000] {processor.py:156} INFO - Started process (PID=73) to work on /home/airflow/.local/lib/python3.7/site-packages/airflow/example_dags/example_bash_operator.py
[2023-09-14T16:39:15.229+0000] {processor.py:799} INFO - Processing file /home/airflow/.local/lib/python3.7/site-packages/airflow/example_dags/example_bash_operator.py for tasks to queue
[2023-09-14T16:39:15.235+0000] {logging_mixin.py:149} INFO - [2023-09-14T16:39:15.234+0000] {dagbag.py:541} INFO - Filling up the DagBag from /home/airflow/.local/lib/python3.7/site-packages/airflow/example_dags/example_bash_operator.py
[2023-09-14T16:39:15.491+0000] {processor.py:809} INFO - DAG(s) dict_keys(['example_bash_operator']) retrieved from /home/airflow/.local/lib/python3.7/site-packages/airflow/example_dags/example_bash_operator.py
[2023-09-14T16:39:16.016+0000] {logging_mixin.py:149} INFO - [2023-09-14T16:39:16.014+0000] {dag.py:2726} INFO - Sync 1 DAGs
[2023-09-14T16:39:16.304+0000] {logging_mixin.py:149} INFO - [2023-09-14T16:39:16.303+0000] {dag.py:3490} INFO - Setting next_dagrun for example_bash_operator to 2023-09-13T00:00:00+00:00, run_after=2023-09-14T00:00:00+00:00
[2023-09-14T16:39:16.521+0000] {processor.py:178} INFO - Processing /home/airflow/.local/lib/python3.7/site-packages/airflow/example_dags/example_bash_operator.py took 1.349 seconds
[2023-09-14T16:39:46.749+0000] {processor.py:156} INFO - Started process (PID=133) to work on /home/airflow/.local/lib/python3.7/site-packages/airflow/example_dags/example_bash_operator.py
[2023-09-14T16:39:46.752+0000] {processor.py:799} INFO - Processing file /home/airflow/.local/lib/python3.7/site-packages/airflow/example_dags/example_bash_operator.py for tasks to queue
[2023-09-14T16:39:46.756+0000] {logging_mixin.py:149} INFO - [2023-09-14T16:39:46.755+0000] {dagbag.py:541} INFO - Filling up the DagBag from /home/airflow/.local/lib/python3.7/site-packages/airflow/example_dags/example_bash_operator.py
[2023-09-14T16:39:46.785+0000] {processor.py:809} INFO - DAG(s) dict_keys(['example_bash_operator']) retrieved from /home/airflow/.local/lib/python3.7/site-packages/airflow/example_dags/example_bash_operator.py
[2023-09-14T16:39:46.876+0000] {logging_mixin.py:149} INFO - [2023-09-14T16:39:46.875+0000] {dag.py:2726} INFO - Sync 1 DAGs
[2023-09-14T16:39:47.146+0000] {logging_mixin.py:149} INFO - [2023-09-14T16:39:47.146+0000] {dag.py:3490} INFO - Setting next_dagrun for example_bash_operator to 2023-09-13T00:00:00+00:00, run_after=2023-09-14T00:00:00+00:00
[2023-09-14T16:39:47.203+0000] {processor.py:178} INFO - Processing /home/airflow/.local/lib/python3.7/site-packages/airflow/example_dags/example_bash_operator.py took 0.463 seconds
[2023-09-14T16:40:17.587+0000] {processor.py:156} INFO - Started process (PID=194) to work on /home/airflow/.local/lib/python3.7/site-packages/airflow/example_dags/example_bash_operator.py
[2023-09-14T16:40:17.589+0000] {processor.py:799} INFO - Processing file /home/airflow/.local/lib/python3.7/site-packages/airflow/example_dags/example_bash_operator.py for tasks to queue
[2023-09-14T16:40:17.590+0000] {logging_mixin.py:149} INFO - [2023-09-14T16:40:17.590+0000] {dagbag.py:541} INFO - Filling up the DagBag from /home/airflow/.local/lib/python3.7/site-packages/airflow/example_dags/example_bash_operator.py
[2023-09-14T16:40:17.627+0000] {processor.py:809} INFO - DAG(s) dict_keys(['example_bash_operator']) retrieved from /home/airflow/.local/lib/python3.7/site-packages/airflow/example_dags/example_bash_operator.py
[2023-09-14T16:40:17.729+0000] {logging_mixin.py:149} INFO - [2023-09-14T16:40:17.729+0000] {dag.py:2726} INFO - Sync 1 DAGs
[2023-09-14T16:40:17.799+0000] {logging_mixin.py:149} INFO - [2023-09-14T16:40:17.799+0000] {dag.py:3490} INFO - Setting next_dagrun for example_bash_operator to 2023-09-13T00:00:00+00:00, run_after=2023-09-14T00:00:00+00:00
[2023-09-14T16:40:17.870+0000] {processor.py:178} INFO - Processing /home/airflow/.local/lib/python3.7/site-packages/airflow/example_dags/example_bash_operator.py took 0.289 seconds
[2023-09-14T16:40:48.300+0000] {processor.py:156} INFO - Started process (PID=255) to work on /home/airflow/.local/lib/python3.7/site-packages/airflow/example_dags/example_bash_operator.py
[2023-09-14T16:40:48.309+0000] {processor.py:799} INFO - Processing file /home/airflow/.local/lib/python3.7/site-packages/airflow/example_dags/example_bash_operator.py for tasks to queue
[2023-09-14T16:40:48.313+0000] {logging_mixin.py:149} INFO - [2023-09-14T16:40:48.313+0000] {dagbag.py:541} INFO - Filling up the DagBag from /home/airflow/.local/lib/python3.7/site-packages/airflow/example_dags/example_bash_operator.py
[2023-09-14T16:40:48.400+0000] {processor.py:809} INFO - DAG(s) dict_keys(['example_bash_operator']) retrieved from /home/airflow/.local/lib/python3.7/site-packages/airflow/example_dags/example_bash_operator.py
[2023-09-14T16:40:48.545+0000] {logging_mixin.py:149} INFO - [2023-09-14T16:40:48.545+0000] {dag.py:2726} INFO - Sync 1 DAGs
[2023-09-14T16:40:48.635+0000] {logging_mixin.py:149} INFO - [2023-09-14T16:40:48.635+0000] {dag.py:3490} INFO - Setting next_dagrun for example_bash_operator to 2023-09-13T00:00:00+00:00, run_after=2023-09-14T00:00:00+00:00
[2023-09-14T16:40:48.703+0000] {processor.py:178} INFO - Processing /home/airflow/.local/lib/python3.7/site-packages/airflow/example_dags/example_bash_operator.py took 0.412 seconds
[2023-09-14T16:41:18.875+0000] {processor.py:156} INFO - Started process (PID=316) to work on /home/airflow/.local/lib/python3.7/site-packages/airflow/example_dags/example_bash_operator.py
[2023-09-14T16:41:18.878+0000] {processor.py:799} INFO - Processing file /home/airflow/.local/lib/python3.7/site-packages/airflow/example_dags/example_bash_operator.py for tasks to queue
[2023-09-14T16:41:18.881+0000] {logging_mixin.py:149} INFO - [2023-09-14T16:41:18.880+0000] {dagbag.py:541} INFO - Filling up the DagBag from /home/airflow/.local/lib/python3.7/site-packages/airflow/example_dags/example_bash_operator.py
[2023-09-14T16:41:18.911+0000] {processor.py:809} INFO - DAG(s) dict_keys(['example_bash_operator']) retrieved from /home/airflow/.local/lib/python3.7/site-packages/airflow/example_dags/example_bash_operator.py
[2023-09-14T16:41:19.000+0000] {logging_mixin.py:149} INFO - [2023-09-14T16:41:19.000+0000] {dag.py:2726} INFO - Sync 1 DAGs
[2023-09-14T16:41:19.079+0000] {logging_mixin.py:149} INFO - [2023-09-14T16:41:19.078+0000] {dag.py:3490} INFO - Setting next_dagrun for example_bash_operator to 2023-09-13T00:00:00+00:00, run_after=2023-09-14T00:00:00+00:00
[2023-09-14T16:41:19.168+0000] {processor.py:178} INFO - Processing /home/airflow/.local/lib/python3.7/site-packages/airflow/example_dags/example_bash_operator.py took 0.300 seconds
[2023-09-14T16:41:49.568+0000] {processor.py:156} INFO - Started process (PID=377) to work on /home/airflow/.local/lib/python3.7/site-packages/airflow/example_dags/example_bash_operator.py
[2023-09-14T16:41:49.572+0000] {processor.py:799} INFO - Processing file /home/airflow/.local/lib/python3.7/site-packages/airflow/example_dags/example_bash_operator.py for tasks to queue
[2023-09-14T16:41:49.576+0000] {logging_mixin.py:149} INFO - [2023-09-14T16:41:49.576+0000] {dagbag.py:541} INFO - Filling up the DagBag from /home/airflow/.local/lib/python3.7/site-packages/airflow/example_dags/example_bash_operator.py
[2023-09-14T16:41:49.627+0000] {processor.py:809} INFO - DAG(s) dict_keys(['example_bash_operator']) retrieved from /home/airflow/.local/lib/python3.7/site-packages/airflow/example_dags/example_bash_operator.py
[2023-09-14T16:41:49.731+0000] {logging_mixin.py:149} INFO - [2023-09-14T16:41:49.730+0000] {dag.py:2726} INFO - Sync 1 DAGs
[2023-09-14T16:41:49.802+0000] {logging_mixin.py:149} INFO - [2023-09-14T16:41:49.802+0000] {dag.py:3490} INFO - Setting next_dagrun for example_bash_operator to 2023-09-13T00:00:00+00:00, run_after=2023-09-14T00:00:00+00:00
[2023-09-14T16:41:49.852+0000] {processor.py:178} INFO - Processing /home/airflow/.local/lib/python3.7/site-packages/airflow/example_dags/example_bash_operator.py took 0.292 seconds
[2023-09-14T16:42:20.079+0000] {processor.py:156} INFO - Started process (PID=438) to work on /home/airflow/.local/lib/python3.7/site-packages/airflow/example_dags/example_bash_operator.py
[2023-09-14T16:42:20.082+0000] {processor.py:799} INFO - Processing file /home/airflow/.local/lib/python3.7/site-packages/airflow/example_dags/example_bash_operator.py for tasks to queue
[2023-09-14T16:42:20.084+0000] {logging_mixin.py:149} INFO - [2023-09-14T16:42:20.084+0000] {dagbag.py:541} INFO - Filling up the DagBag from /home/airflow/.local/lib/python3.7/site-packages/airflow/example_dags/example_bash_operator.py
[2023-09-14T16:42:20.111+0000] {processor.py:809} INFO - DAG(s) dict_keys(['example_bash_operator']) retrieved from /home/airflow/.local/lib/python3.7/site-packages/airflow/example_dags/example_bash_operator.py
[2023-09-14T16:42:20.195+0000] {logging_mixin.py:149} INFO - [2023-09-14T16:42:20.195+0000] {dag.py:2726} INFO - Sync 1 DAGs
[2023-09-14T16:42:20.251+0000] {logging_mixin.py:149} INFO - [2023-09-14T16:42:20.251+0000] {dag.py:3490} INFO - Setting next_dagrun for example_bash_operator to 2023-09-13T00:00:00+00:00, run_after=2023-09-14T00:00:00+00:00
[2023-09-14T16:42:20.311+0000] {processor.py:178} INFO - Processing /home/airflow/.local/lib/python3.7/site-packages/airflow/example_dags/example_bash_operator.py took 0.243 seconds
[2023-09-14T16:42:51.116+0000] {processor.py:156} INFO - Started process (PID=500) to work on /home/airflow/.local/lib/python3.7/site-packages/airflow/example_dags/example_bash_operator.py
[2023-09-14T16:42:51.118+0000] {processor.py:799} INFO - Processing file /home/airflow/.local/lib/python3.7/site-packages/airflow/example_dags/example_bash_operator.py for tasks to queue
[2023-09-14T16:42:51.124+0000] {logging_mixin.py:149} INFO - [2023-09-14T16:42:51.123+0000] {dagbag.py:541} INFO - Filling up the DagBag from /home/airflow/.local/lib/python3.7/site-packages/airflow/example_dags/example_bash_operator.py
[2023-09-14T16:42:51.170+0000] {processor.py:809} INFO - DAG(s) dict_keys(['example_bash_operator']) retrieved from /home/airflow/.local/lib/python3.7/site-packages/airflow/example_dags/example_bash_operator.py
[2023-09-14T16:42:51.331+0000] {logging_mixin.py:149} INFO - [2023-09-14T16:42:51.331+0000] {dag.py:2726} INFO - Sync 1 DAGs
[2023-09-14T16:42:51.423+0000] {logging_mixin.py:149} INFO - [2023-09-14T16:42:51.421+0000] {dag.py:3490} INFO - Setting next_dagrun for example_bash_operator to 2023-09-13T00:00:00+00:00, run_after=2023-09-14T00:00:00+00:00
[2023-09-14T16:42:51.507+0000] {processor.py:178} INFO - Processing /home/airflow/.local/lib/python3.7/site-packages/airflow/example_dags/example_bash_operator.py took 0.401 seconds
[2023-09-14T16:43:21.807+0000] {processor.py:156} INFO - Started process (PID=561) to work on /home/airflow/.local/lib/python3.7/site-packages/airflow/example_dags/example_bash_operator.py
[2023-09-14T16:43:21.810+0000] {processor.py:799} INFO - Processing file /home/airflow/.local/lib/python3.7/site-packages/airflow/example_dags/example_bash_operator.py for tasks to queue
[2023-09-14T16:43:21.814+0000] {logging_mixin.py:149} INFO - [2023-09-14T16:43:21.814+0000] {dagbag.py:541} INFO - Filling up the DagBag from /home/airflow/.local/lib/python3.7/site-packages/airflow/example_dags/example_bash_operator.py
[2023-09-14T16:43:21.856+0000] {processor.py:809} INFO - DAG(s) dict_keys(['example_bash_operator']) retrieved from /home/airflow/.local/lib/python3.7/site-packages/airflow/example_dags/example_bash_operator.py
[2023-09-14T16:43:21.957+0000] {logging_mixin.py:149} INFO - [2023-09-14T16:43:21.957+0000] {dag.py:2726} INFO - Sync 1 DAGs
[2023-09-14T16:43:22.037+0000] {logging_mixin.py:149} INFO - [2023-09-14T16:43:22.037+0000] {dag.py:3490} INFO - Setting next_dagrun for example_bash_operator to 2023-09-13T00:00:00+00:00, run_after=2023-09-14T00:00:00+00:00
[2023-09-14T16:43:22.091+0000] {processor.py:178} INFO - Processing /home/airflow/.local/lib/python3.7/site-packages/airflow/example_dags/example_bash_operator.py took 0.296 seconds
[2023-09-14T16:43:52.420+0000] {processor.py:156} INFO - Started process (PID=622) to work on /home/airflow/.local/lib/python3.7/site-packages/airflow/example_dags/example_bash_operator.py
[2023-09-14T16:43:52.422+0000] {processor.py:799} INFO - Processing file /home/airflow/.local/lib/python3.7/site-packages/airflow/example_dags/example_bash_operator.py for tasks to queue
[2023-09-14T16:43:52.424+0000] {logging_mixin.py:149} INFO - [2023-09-14T16:43:52.424+0000] {dagbag.py:541} INFO - Filling up the DagBag from /home/airflow/.local/lib/python3.7/site-packages/airflow/example_dags/example_bash_operator.py
[2023-09-14T16:43:52.459+0000] {processor.py:809} INFO - DAG(s) dict_keys(['example_bash_operator']) retrieved from /home/airflow/.local/lib/python3.7/site-packages/airflow/example_dags/example_bash_operator.py
[2023-09-14T16:43:52.584+0000] {logging_mixin.py:149} INFO - [2023-09-14T16:43:52.584+0000] {dag.py:2726} INFO - Sync 1 DAGs
[2023-09-14T16:43:52.652+0000] {logging_mixin.py:149} INFO - [2023-09-14T16:43:52.651+0000] {dag.py:3490} INFO - Setting next_dagrun for example_bash_operator to 2023-09-13T00:00:00+00:00, run_after=2023-09-14T00:00:00+00:00
[2023-09-14T16:43:52.708+0000] {processor.py:178} INFO - Processing /home/airflow/.local/lib/python3.7/site-packages/airflow/example_dags/example_bash_operator.py took 0.295 seconds
[2023-09-14T16:44:23.008+0000] {processor.py:156} INFO - Started process (PID=684) to work on /home/airflow/.local/lib/python3.7/site-packages/airflow/example_dags/example_bash_operator.py
[2023-09-14T16:44:23.010+0000] {processor.py:799} INFO - Processing file /home/airflow/.local/lib/python3.7/site-packages/airflow/example_dags/example_bash_operator.py for tasks to queue
[2023-09-14T16:44:23.012+0000] {logging_mixin.py:149} INFO - [2023-09-14T16:44:23.011+0000] {dagbag.py:541} INFO - Filling up the DagBag from /home/airflow/.local/lib/python3.7/site-packages/airflow/example_dags/example_bash_operator.py
[2023-09-14T16:44:23.044+0000] {processor.py:809} INFO - DAG(s) dict_keys(['example_bash_operator']) retrieved from /home/airflow/.local/lib/python3.7/site-packages/airflow/example_dags/example_bash_operator.py
[2023-09-14T16:44:23.144+0000] {logging_mixin.py:149} INFO - [2023-09-14T16:44:23.144+0000] {dag.py:2726} INFO - Sync 1 DAGs
[2023-09-14T16:44:23.195+0000] {logging_mixin.py:149} INFO - [2023-09-14T16:44:23.194+0000] {dag.py:3490} INFO - Setting next_dagrun for example_bash_operator to 2023-09-13T00:00:00+00:00, run_after=2023-09-14T00:00:00+00:00
[2023-09-14T16:44:23.251+0000] {processor.py:178} INFO - Processing /home/airflow/.local/lib/python3.7/site-packages/airflow/example_dags/example_bash_operator.py took 0.249 seconds
[2023-09-14T16:44:57.932+0000] {processor.py:156} INFO - Started process (PID=745) to work on /home/airflow/.local/lib/python3.7/site-packages/airflow/example_dags/example_bash_operator.py
[2023-09-14T16:44:57.934+0000] {processor.py:799} INFO - Processing file /home/airflow/.local/lib/python3.7/site-packages/airflow/example_dags/example_bash_operator.py for tasks to queue
[2023-09-14T16:44:57.939+0000] {logging_mixin.py:149} INFO - [2023-09-14T16:44:57.939+0000] {dagbag.py:541} INFO - Filling up the DagBag from /home/airflow/.local/lib/python3.7/site-packages/airflow/example_dags/example_bash_operator.py
[2023-09-14T16:44:57.975+0000] {processor.py:809} INFO - DAG(s) dict_keys(['example_bash_operator']) retrieved from /home/airflow/.local/lib/python3.7/site-packages/airflow/example_dags/example_bash_operator.py
[2023-09-14T16:44:58.232+0000] {logging_mixin.py:149} INFO - [2023-09-14T16:44:58.232+0000] {dag.py:2726} INFO - Sync 1 DAGs
[2023-09-14T16:44:58.454+0000] {logging_mixin.py:149} INFO - [2023-09-14T16:44:58.453+0000] {dag.py:3490} INFO - Setting next_dagrun for example_bash_operator to 2023-09-13T00:00:00+00:00, run_after=2023-09-14T00:00:00+00:00
[2023-09-14T16:44:58.561+0000] {processor.py:178} INFO - Processing /home/airflow/.local/lib/python3.7/site-packages/airflow/example_dags/example_bash_operator.py took 0.637 seconds
[2023-09-14T16:45:29.117+0000] {processor.py:156} INFO - Started process (PID=806) to work on /home/airflow/.local/lib/python3.7/site-packages/airflow/example_dags/example_bash_operator.py
[2023-09-14T16:45:29.120+0000] {processor.py:799} INFO - Processing file /home/airflow/.local/lib/python3.7/site-packages/airflow/example_dags/example_bash_operator.py for tasks to queue
[2023-09-14T16:45:29.123+0000] {logging_mixin.py:149} INFO - [2023-09-14T16:45:29.122+0000] {dagbag.py:541} INFO - Filling up the DagBag from /home/airflow/.local/lib/python3.7/site-packages/airflow/example_dags/example_bash_operator.py
[2023-09-14T16:45:29.154+0000] {processor.py:809} INFO - DAG(s) dict_keys(['example_bash_operator']) retrieved from /home/airflow/.local/lib/python3.7/site-packages/airflow/example_dags/example_bash_operator.py
[2023-09-14T16:45:29.228+0000] {logging_mixin.py:149} INFO - [2023-09-14T16:45:29.228+0000] {dag.py:2726} INFO - Sync 1 DAGs
[2023-09-14T16:45:29.310+0000] {logging_mixin.py:149} INFO - [2023-09-14T16:45:29.310+0000] {dag.py:3490} INFO - Setting next_dagrun for example_bash_operator to 2023-09-13T00:00:00+00:00, run_after=2023-09-14T00:00:00+00:00
[2023-09-14T16:45:29.413+0000] {processor.py:178} INFO - Processing /home/airflow/.local/lib/python3.7/site-packages/airflow/example_dags/example_bash_operator.py took 0.304 seconds
[2023-09-14T16:46:01.128+0000] {processor.py:156} INFO - Started process (PID=867) to work on /home/airflow/.local/lib/python3.7/site-packages/airflow/example_dags/example_bash_operator.py
[2023-09-14T16:46:01.131+0000] {processor.py:799} INFO - Processing file /home/airflow/.local/lib/python3.7/site-packages/airflow/example_dags/example_bash_operator.py for tasks to queue
[2023-09-14T16:46:01.134+0000] {logging_mixin.py:149} INFO - [2023-09-14T16:46:01.133+0000] {dagbag.py:541} INFO - Filling up the DagBag from /home/airflow/.local/lib/python3.7/site-packages/airflow/example_dags/example_bash_operator.py
[2023-09-14T16:46:01.204+0000] {processor.py:809} INFO - DAG(s) dict_keys(['example_bash_operator']) retrieved from /home/airflow/.local/lib/python3.7/site-packages/airflow/example_dags/example_bash_operator.py
[2023-09-14T16:46:01.340+0000] {logging_mixin.py:149} INFO - [2023-09-14T16:46:01.339+0000] {dag.py:2726} INFO - Sync 1 DAGs
[2023-09-14T16:46:01.449+0000] {logging_mixin.py:149} INFO - [2023-09-14T16:46:01.449+0000] {dag.py:3490} INFO - Setting next_dagrun for example_bash_operator to 2023-09-13T00:00:00+00:00, run_after=2023-09-14T00:00:00+00:00
[2023-09-14T16:46:01.527+0000] {processor.py:178} INFO - Processing /home/airflow/.local/lib/python3.7/site-packages/airflow/example_dags/example_bash_operator.py took 0.408 seconds
[2023-09-14T16:46:31.900+0000] {processor.py:156} INFO - Started process (PID=928) to work on /home/airflow/.local/lib/python3.7/site-packages/airflow/example_dags/example_bash_operator.py
[2023-09-14T16:46:31.904+0000] {processor.py:799} INFO - Processing file /home/airflow/.local/lib/python3.7/site-packages/airflow/example_dags/example_bash_operator.py for tasks to queue
[2023-09-14T16:46:31.911+0000] {logging_mixin.py:149} INFO - [2023-09-14T16:46:31.910+0000] {dagbag.py:541} INFO - Filling up the DagBag from /home/airflow/.local/lib/python3.7/site-packages/airflow/example_dags/example_bash_operator.py
[2023-09-14T16:46:31.953+0000] {processor.py:809} INFO - DAG(s) dict_keys(['example_bash_operator']) retrieved from /home/airflow/.local/lib/python3.7/site-packages/airflow/example_dags/example_bash_operator.py
[2023-09-14T16:46:32.079+0000] {logging_mixin.py:149} INFO - [2023-09-14T16:46:32.079+0000] {dag.py:2726} INFO - Sync 1 DAGs
[2023-09-14T16:46:32.173+0000] {logging_mixin.py:149} INFO - [2023-09-14T16:46:32.172+0000] {dag.py:3490} INFO - Setting next_dagrun for example_bash_operator to 2023-09-13T00:00:00+00:00, run_after=2023-09-14T00:00:00+00:00
[2023-09-14T16:46:32.237+0000] {processor.py:178} INFO - Processing /home/airflow/.local/lib/python3.7/site-packages/airflow/example_dags/example_bash_operator.py took 0.351 seconds
[2023-09-14T16:47:03.607+0000] {processor.py:156} INFO - Started process (PID=989) to work on /home/airflow/.local/lib/python3.7/site-packages/airflow/example_dags/example_bash_operator.py
[2023-09-14T16:47:03.613+0000] {processor.py:799} INFO - Processing file /home/airflow/.local/lib/python3.7/site-packages/airflow/example_dags/example_bash_operator.py for tasks to queue
[2023-09-14T16:47:03.623+0000] {logging_mixin.py:149} INFO - [2023-09-14T16:47:03.622+0000] {dagbag.py:541} INFO - Filling up the DagBag from /home/airflow/.local/lib/python3.7/site-packages/airflow/example_dags/example_bash_operator.py
[2023-09-14T16:47:03.759+0000] {processor.py:809} INFO - DAG(s) dict_keys(['example_bash_operator']) retrieved from /home/airflow/.local/lib/python3.7/site-packages/airflow/example_dags/example_bash_operator.py
[2023-09-14T16:47:04.011+0000] {logging_mixin.py:149} INFO - [2023-09-14T16:47:04.010+0000] {dag.py:2726} INFO - Sync 1 DAGs
[2023-09-14T16:47:04.173+0000] {logging_mixin.py:149} INFO - [2023-09-14T16:47:04.172+0000] {dag.py:3490} INFO - Setting next_dagrun for example_bash_operator to 2023-09-13T00:00:00+00:00, run_after=2023-09-14T00:00:00+00:00
[2023-09-14T16:47:04.266+0000] {processor.py:178} INFO - Processing /home/airflow/.local/lib/python3.7/site-packages/airflow/example_dags/example_bash_operator.py took 0.681 seconds
[2023-09-14T16:47:34.751+0000] {processor.py:156} INFO - Started process (PID=1049) to work on /home/airflow/.local/lib/python3.7/site-packages/airflow/example_dags/example_bash_operator.py
[2023-09-14T16:47:34.756+0000] {processor.py:799} INFO - Processing file /home/airflow/.local/lib/python3.7/site-packages/airflow/example_dags/example_bash_operator.py for tasks to queue
[2023-09-14T16:47:34.760+0000] {logging_mixin.py:149} INFO - [2023-09-14T16:47:34.759+0000] {dagbag.py:541} INFO - Filling up the DagBag from /home/airflow/.local/lib/python3.7/site-packages/airflow/example_dags/example_bash_operator.py
[2023-09-14T16:47:34.819+0000] {processor.py:809} INFO - DAG(s) dict_keys(['example_bash_operator']) retrieved from /home/airflow/.local/lib/python3.7/site-packages/airflow/example_dags/example_bash_operator.py
[2023-09-14T16:47:35.035+0000] {logging_mixin.py:149} INFO - [2023-09-14T16:47:35.035+0000] {dag.py:2726} INFO - Sync 1 DAGs
[2023-09-14T16:47:35.147+0000] {logging_mixin.py:149} INFO - [2023-09-14T16:47:35.146+0000] {dag.py:3490} INFO - Setting next_dagrun for example_bash_operator to 2023-09-13T00:00:00+00:00, run_after=2023-09-14T00:00:00+00:00
[2023-09-14T16:47:35.201+0000] {processor.py:178} INFO - Processing /home/airflow/.local/lib/python3.7/site-packages/airflow/example_dags/example_bash_operator.py took 0.461 seconds
[2023-09-14T16:48:05.539+0000] {processor.py:156} INFO - Started process (PID=1102) to work on /home/airflow/.local/lib/python3.7/site-packages/airflow/example_dags/example_bash_operator.py
[2023-09-14T16:48:05.546+0000] {processor.py:799} INFO - Processing file /home/airflow/.local/lib/python3.7/site-packages/airflow/example_dags/example_bash_operator.py for tasks to queue
[2023-09-14T16:48:05.551+0000] {logging_mixin.py:149} INFO - [2023-09-14T16:48:05.550+0000] {dagbag.py:541} INFO - Filling up the DagBag from /home/airflow/.local/lib/python3.7/site-packages/airflow/example_dags/example_bash_operator.py
[2023-09-14T16:48:05.635+0000] {processor.py:809} INFO - DAG(s) dict_keys(['example_bash_operator']) retrieved from /home/airflow/.local/lib/python3.7/site-packages/airflow/example_dags/example_bash_operator.py
[2023-09-14T16:48:05.844+0000] {logging_mixin.py:149} INFO - [2023-09-14T16:48:05.843+0000] {dag.py:2726} INFO - Sync 1 DAGs
[2023-09-14T16:48:06.061+0000] {logging_mixin.py:149} INFO - [2023-09-14T16:48:06.060+0000] {dag.py:3490} INFO - Setting next_dagrun for example_bash_operator to 2023-09-13T00:00:00+00:00, run_after=2023-09-14T00:00:00+00:00
[2023-09-14T16:48:06.226+0000] {processor.py:178} INFO - Processing /home/airflow/.local/lib/python3.7/site-packages/airflow/example_dags/example_bash_operator.py took 0.703 seconds
[2023-09-14T16:48:36.958+0000] {processor.py:156} INFO - Started process (PID=1163) to work on /home/airflow/.local/lib/python3.7/site-packages/airflow/example_dags/example_bash_operator.py
[2023-09-14T16:48:36.960+0000] {processor.py:799} INFO - Processing file /home/airflow/.local/lib/python3.7/site-packages/airflow/example_dags/example_bash_operator.py for tasks to queue
[2023-09-14T16:48:36.962+0000] {logging_mixin.py:149} INFO - [2023-09-14T16:48:36.962+0000] {dagbag.py:541} INFO - Filling up the DagBag from /home/airflow/.local/lib/python3.7/site-packages/airflow/example_dags/example_bash_operator.py
[2023-09-14T16:48:37.008+0000] {processor.py:809} INFO - DAG(s) dict_keys(['example_bash_operator']) retrieved from /home/airflow/.local/lib/python3.7/site-packages/airflow/example_dags/example_bash_operator.py
[2023-09-14T16:48:37.160+0000] {logging_mixin.py:149} INFO - [2023-09-14T16:48:37.160+0000] {dag.py:2726} INFO - Sync 1 DAGs
[2023-09-14T16:48:37.275+0000] {logging_mixin.py:149} INFO - [2023-09-14T16:48:37.275+0000] {dag.py:3490} INFO - Setting next_dagrun for example_bash_operator to 2023-09-13T00:00:00+00:00, run_after=2023-09-14T00:00:00+00:00
[2023-09-14T16:48:37.370+0000] {processor.py:178} INFO - Processing /home/airflow/.local/lib/python3.7/site-packages/airflow/example_dags/example_bash_operator.py took 0.418 seconds
[2023-09-14T16:49:08.858+0000] {processor.py:156} INFO - Started process (PID=1224) to work on /home/airflow/.local/lib/python3.7/site-packages/airflow/example_dags/example_bash_operator.py
[2023-09-14T16:49:08.864+0000] {processor.py:799} INFO - Processing file /home/airflow/.local/lib/python3.7/site-packages/airflow/example_dags/example_bash_operator.py for tasks to queue
[2023-09-14T16:49:08.867+0000] {logging_mixin.py:149} INFO - [2023-09-14T16:49:08.867+0000] {dagbag.py:541} INFO - Filling up the DagBag from /home/airflow/.local/lib/python3.7/site-packages/airflow/example_dags/example_bash_operator.py
[2023-09-14T16:49:08.945+0000] {processor.py:809} INFO - DAG(s) dict_keys(['example_bash_operator']) retrieved from /home/airflow/.local/lib/python3.7/site-packages/airflow/example_dags/example_bash_operator.py
[2023-09-14T16:49:09.198+0000] {logging_mixin.py:149} INFO - [2023-09-14T16:49:09.197+0000] {dag.py:2726} INFO - Sync 1 DAGs
[2023-09-14T16:49:09.414+0000] {logging_mixin.py:149} INFO - [2023-09-14T16:49:09.408+0000] {dag.py:3490} INFO - Setting next_dagrun for example_bash_operator to 2023-09-13T00:00:00+00:00, run_after=2023-09-14T00:00:00+00:00
[2023-09-14T16:49:09.532+0000] {processor.py:178} INFO - Processing /home/airflow/.local/lib/python3.7/site-packages/airflow/example_dags/example_bash_operator.py took 0.687 seconds
[2023-09-14T16:49:39.749+0000] {processor.py:156} INFO - Started process (PID=1285) to work on /home/airflow/.local/lib/python3.7/site-packages/airflow/example_dags/example_bash_operator.py
[2023-09-14T16:49:39.753+0000] {processor.py:799} INFO - Processing file /home/airflow/.local/lib/python3.7/site-packages/airflow/example_dags/example_bash_operator.py for tasks to queue
[2023-09-14T16:49:39.755+0000] {logging_mixin.py:149} INFO - [2023-09-14T16:49:39.755+0000] {dagbag.py:541} INFO - Filling up the DagBag from /home/airflow/.local/lib/python3.7/site-packages/airflow/example_dags/example_bash_operator.py
[2023-09-14T16:49:39.816+0000] {processor.py:809} INFO - DAG(s) dict_keys(['example_bash_operator']) retrieved from /home/airflow/.local/lib/python3.7/site-packages/airflow/example_dags/example_bash_operator.py
[2023-09-14T16:49:39.983+0000] {logging_mixin.py:149} INFO - [2023-09-14T16:49:39.983+0000] {dag.py:2726} INFO - Sync 1 DAGs
[2023-09-14T16:49:40.101+0000] {logging_mixin.py:149} INFO - [2023-09-14T16:49:40.101+0000] {dag.py:3490} INFO - Setting next_dagrun for example_bash_operator to 2023-09-13T00:00:00+00:00, run_after=2023-09-14T00:00:00+00:00
[2023-09-14T16:49:40.164+0000] {processor.py:178} INFO - Processing /home/airflow/.local/lib/python3.7/site-packages/airflow/example_dags/example_bash_operator.py took 0.427 seconds
[2023-09-14T16:50:11.329+0000] {processor.py:156} INFO - Started process (PID=1346) to work on /home/airflow/.local/lib/python3.7/site-packages/airflow/example_dags/example_bash_operator.py
[2023-09-14T16:50:11.333+0000] {processor.py:799} INFO - Processing file /home/airflow/.local/lib/python3.7/site-packages/airflow/example_dags/example_bash_operator.py for tasks to queue
[2023-09-14T16:50:11.339+0000] {logging_mixin.py:149} INFO - [2023-09-14T16:50:11.339+0000] {dagbag.py:541} INFO - Filling up the DagBag from /home/airflow/.local/lib/python3.7/site-packages/airflow/example_dags/example_bash_operator.py
[2023-09-14T16:50:11.397+0000] {processor.py:809} INFO - DAG(s) dict_keys(['example_bash_operator']) retrieved from /home/airflow/.local/lib/python3.7/site-packages/airflow/example_dags/example_bash_operator.py
[2023-09-14T16:50:11.592+0000] {logging_mixin.py:149} INFO - [2023-09-14T16:50:11.592+0000] {dag.py:2726} INFO - Sync 1 DAGs
[2023-09-14T16:50:11.668+0000] {logging_mixin.py:149} INFO - [2023-09-14T16:50:11.668+0000] {dag.py:3490} INFO - Setting next_dagrun for example_bash_operator to 2023-09-13T00:00:00+00:00, run_after=2023-09-14T00:00:00+00:00
[2023-09-14T16:50:11.768+0000] {processor.py:178} INFO - Processing /home/airflow/.local/lib/python3.7/site-packages/airflow/example_dags/example_bash_operator.py took 0.450 seconds
[2023-09-14T16:50:43.787+0000] {processor.py:156} INFO - Started process (PID=1407) to work on /home/airflow/.local/lib/python3.7/site-packages/airflow/example_dags/example_bash_operator.py
[2023-09-14T16:50:43.792+0000] {processor.py:799} INFO - Processing file /home/airflow/.local/lib/python3.7/site-packages/airflow/example_dags/example_bash_operator.py for tasks to queue
[2023-09-14T16:50:43.797+0000] {logging_mixin.py:149} INFO - [2023-09-14T16:50:43.796+0000] {dagbag.py:541} INFO - Filling up the DagBag from /home/airflow/.local/lib/python3.7/site-packages/airflow/example_dags/example_bash_operator.py
[2023-09-14T16:50:43.843+0000] {processor.py:809} INFO - DAG(s) dict_keys(['example_bash_operator']) retrieved from /home/airflow/.local/lib/python3.7/site-packages/airflow/example_dags/example_bash_operator.py
[2023-09-14T16:50:43.974+0000] {logging_mixin.py:149} INFO - [2023-09-14T16:50:43.973+0000] {dag.py:2726} INFO - Sync 1 DAGs
[2023-09-14T16:50:44.066+0000] {logging_mixin.py:149} INFO - [2023-09-14T16:50:44.066+0000] {dag.py:3490} INFO - Setting next_dagrun for example_bash_operator to 2023-09-13T00:00:00+00:00, run_after=2023-09-14T00:00:00+00:00
[2023-09-14T16:50:44.133+0000] {processor.py:178} INFO - Processing /home/airflow/.local/lib/python3.7/site-packages/airflow/example_dags/example_bash_operator.py took 0.355 seconds
[2023-09-14T16:51:14.857+0000] {processor.py:156} INFO - Started process (PID=1468) to work on /home/airflow/.local/lib/python3.7/site-packages/airflow/example_dags/example_bash_operator.py
[2023-09-14T16:51:14.862+0000] {processor.py:799} INFO - Processing file /home/airflow/.local/lib/python3.7/site-packages/airflow/example_dags/example_bash_operator.py for tasks to queue
[2023-09-14T16:51:14.865+0000] {logging_mixin.py:149} INFO - [2023-09-14T16:51:14.865+0000] {dagbag.py:541} INFO - Filling up the DagBag from /home/airflow/.local/lib/python3.7/site-packages/airflow/example_dags/example_bash_operator.py
[2023-09-14T16:51:14.914+0000] {processor.py:809} INFO - DAG(s) dict_keys(['example_bash_operator']) retrieved from /home/airflow/.local/lib/python3.7/site-packages/airflow/example_dags/example_bash_operator.py
[2023-09-14T16:51:15.111+0000] {logging_mixin.py:149} INFO - [2023-09-14T16:51:15.110+0000] {dag.py:2726} INFO - Sync 1 DAGs
[2023-09-14T16:51:15.210+0000] {logging_mixin.py:149} INFO - [2023-09-14T16:51:15.209+0000] {dag.py:3490} INFO - Setting next_dagrun for example_bash_operator to 2023-09-13T00:00:00+00:00, run_after=2023-09-14T00:00:00+00:00
[2023-09-14T16:51:15.343+0000] {processor.py:178} INFO - Processing /home/airflow/.local/lib/python3.7/site-packages/airflow/example_dags/example_bash_operator.py took 0.496 seconds
[2023-09-14T16:51:46.096+0000] {processor.py:156} INFO - Started process (PID=1529) to work on /home/airflow/.local/lib/python3.7/site-packages/airflow/example_dags/example_bash_operator.py
[2023-09-14T16:51:46.098+0000] {processor.py:799} INFO - Processing file /home/airflow/.local/lib/python3.7/site-packages/airflow/example_dags/example_bash_operator.py for tasks to queue
[2023-09-14T16:51:46.101+0000] {logging_mixin.py:149} INFO - [2023-09-14T16:51:46.101+0000] {dagbag.py:541} INFO - Filling up the DagBag from /home/airflow/.local/lib/python3.7/site-packages/airflow/example_dags/example_bash_operator.py
[2023-09-14T16:51:46.143+0000] {processor.py:809} INFO - DAG(s) dict_keys(['example_bash_operator']) retrieved from /home/airflow/.local/lib/python3.7/site-packages/airflow/example_dags/example_bash_operator.py
[2023-09-14T16:51:46.258+0000] {logging_mixin.py:149} INFO - [2023-09-14T16:51:46.257+0000] {dag.py:2726} INFO - Sync 1 DAGs
[2023-09-14T16:51:46.324+0000] {logging_mixin.py:149} INFO - [2023-09-14T16:51:46.324+0000] {dag.py:3490} INFO - Setting next_dagrun for example_bash_operator to 2023-09-13T00:00:00+00:00, run_after=2023-09-14T00:00:00+00:00
[2023-09-14T16:51:46.434+0000] {processor.py:178} INFO - Processing /home/airflow/.local/lib/python3.7/site-packages/airflow/example_dags/example_bash_operator.py took 0.343 seconds
[2023-09-14T16:52:17.648+0000] {processor.py:156} INFO - Started process (PID=1591) to work on /home/airflow/.local/lib/python3.7/site-packages/airflow/example_dags/example_bash_operator.py
[2023-09-14T16:52:17.652+0000] {processor.py:799} INFO - Processing file /home/airflow/.local/lib/python3.7/site-packages/airflow/example_dags/example_bash_operator.py for tasks to queue
[2023-09-14T16:52:17.655+0000] {logging_mixin.py:149} INFO - [2023-09-14T16:52:17.654+0000] {dagbag.py:541} INFO - Filling up the DagBag from /home/airflow/.local/lib/python3.7/site-packages/airflow/example_dags/example_bash_operator.py
[2023-09-14T16:52:17.717+0000] {processor.py:809} INFO - DAG(s) dict_keys(['example_bash_operator']) retrieved from /home/airflow/.local/lib/python3.7/site-packages/airflow/example_dags/example_bash_operator.py
[2023-09-14T16:52:18.130+0000] {logging_mixin.py:149} INFO - [2023-09-14T16:52:18.128+0000] {dag.py:2726} INFO - Sync 1 DAGs
[2023-09-14T16:52:18.383+0000] {logging_mixin.py:149} INFO - [2023-09-14T16:52:18.382+0000] {dag.py:3490} INFO - Setting next_dagrun for example_bash_operator to 2023-09-13T00:00:00+00:00, run_after=2023-09-14T00:00:00+00:00
[2023-09-14T16:52:18.471+0000] {processor.py:178} INFO - Processing /home/airflow/.local/lib/python3.7/site-packages/airflow/example_dags/example_bash_operator.py took 0.836 seconds
[2023-09-14T16:52:48.768+0000] {processor.py:156} INFO - Started process (PID=1651) to work on /home/airflow/.local/lib/python3.7/site-packages/airflow/example_dags/example_bash_operator.py
[2023-09-14T16:52:48.771+0000] {processor.py:799} INFO - Processing file /home/airflow/.local/lib/python3.7/site-packages/airflow/example_dags/example_bash_operator.py for tasks to queue
[2023-09-14T16:52:48.782+0000] {logging_mixin.py:149} INFO - [2023-09-14T16:52:48.777+0000] {dagbag.py:541} INFO - Filling up the DagBag from /home/airflow/.local/lib/python3.7/site-packages/airflow/example_dags/example_bash_operator.py
[2023-09-14T16:52:48.854+0000] {processor.py:809} INFO - DAG(s) dict_keys(['example_bash_operator']) retrieved from /home/airflow/.local/lib/python3.7/site-packages/airflow/example_dags/example_bash_operator.py
[2023-09-14T16:52:49.062+0000] {logging_mixin.py:149} INFO - [2023-09-14T16:52:49.061+0000] {dag.py:2726} INFO - Sync 1 DAGs
[2023-09-14T16:52:49.252+0000] {logging_mixin.py:149} INFO - [2023-09-14T16:52:49.249+0000] {dag.py:3490} INFO - Setting next_dagrun for example_bash_operator to 2023-09-13T00:00:00+00:00, run_after=2023-09-14T00:00:00+00:00
[2023-09-14T16:52:49.366+0000] {processor.py:178} INFO - Processing /home/airflow/.local/lib/python3.7/site-packages/airflow/example_dags/example_bash_operator.py took 0.616 seconds
[2023-09-14T16:53:20.547+0000] {processor.py:156} INFO - Started process (PID=1720) to work on /home/airflow/.local/lib/python3.7/site-packages/airflow/example_dags/example_bash_operator.py
[2023-09-14T16:53:20.556+0000] {processor.py:799} INFO - Processing file /home/airflow/.local/lib/python3.7/site-packages/airflow/example_dags/example_bash_operator.py for tasks to queue
[2023-09-14T16:53:20.561+0000] {logging_mixin.py:149} INFO - [2023-09-14T16:53:20.560+0000] {dagbag.py:541} INFO - Filling up the DagBag from /home/airflow/.local/lib/python3.7/site-packages/airflow/example_dags/example_bash_operator.py
[2023-09-14T16:53:20.670+0000] {processor.py:809} INFO - DAG(s) dict_keys(['example_bash_operator']) retrieved from /home/airflow/.local/lib/python3.7/site-packages/airflow/example_dags/example_bash_operator.py
[2023-09-14T16:53:20.981+0000] {logging_mixin.py:149} INFO - [2023-09-14T16:53:20.980+0000] {dag.py:2726} INFO - Sync 1 DAGs
[2023-09-14T16:53:21.102+0000] {logging_mixin.py:149} INFO - [2023-09-14T16:53:21.101+0000] {dag.py:3490} INFO - Setting next_dagrun for example_bash_operator to 2023-09-13T00:00:00+00:00, run_after=2023-09-14T00:00:00+00:00
[2023-09-14T16:53:21.229+0000] {processor.py:178} INFO - Processing /home/airflow/.local/lib/python3.7/site-packages/airflow/example_dags/example_bash_operator.py took 0.698 seconds
[2023-09-14T16:53:51.634+0000] {processor.py:156} INFO - Started process (PID=1785) to work on /home/airflow/.local/lib/python3.7/site-packages/airflow/example_dags/example_bash_operator.py
[2023-09-14T16:53:51.638+0000] {processor.py:799} INFO - Processing file /home/airflow/.local/lib/python3.7/site-packages/airflow/example_dags/example_bash_operator.py for tasks to queue
[2023-09-14T16:53:51.642+0000] {logging_mixin.py:149} INFO - [2023-09-14T16:53:51.641+0000] {dagbag.py:541} INFO - Filling up the DagBag from /home/airflow/.local/lib/python3.7/site-packages/airflow/example_dags/example_bash_operator.py
[2023-09-14T16:53:51.712+0000] {processor.py:809} INFO - DAG(s) dict_keys(['example_bash_operator']) retrieved from /home/airflow/.local/lib/python3.7/site-packages/airflow/example_dags/example_bash_operator.py
[2023-09-14T16:53:51.881+0000] {logging_mixin.py:149} INFO - [2023-09-14T16:53:51.881+0000] {dag.py:2726} INFO - Sync 1 DAGs
[2023-09-14T16:53:52.036+0000] {logging_mixin.py:149} INFO - [2023-09-14T16:53:52.029+0000] {dag.py:3490} INFO - Setting next_dagrun for example_bash_operator to 2023-09-13T00:00:00+00:00, run_after=2023-09-14T00:00:00+00:00
[2023-09-14T16:53:52.283+0000] {processor.py:178} INFO - Processing /home/airflow/.local/lib/python3.7/site-packages/airflow/example_dags/example_bash_operator.py took 0.660 seconds
[2023-09-14T16:54:39.907+0000] {processor.py:156} INFO - Started process (PID=1856) to work on /home/airflow/.local/lib/python3.7/site-packages/airflow/example_dags/example_bash_operator.py
[2023-09-14T16:54:39.922+0000] {processor.py:799} INFO - Processing file /home/airflow/.local/lib/python3.7/site-packages/airflow/example_dags/example_bash_operator.py for tasks to queue
[2023-09-14T16:54:39.938+0000] {logging_mixin.py:149} INFO - [2023-09-14T16:54:39.938+0000] {dagbag.py:541} INFO - Filling up the DagBag from /home/airflow/.local/lib/python3.7/site-packages/airflow/example_dags/example_bash_operator.py
[2023-09-14T16:54:40.179+0000] {processor.py:809} INFO - DAG(s) dict_keys(['example_bash_operator']) retrieved from /home/airflow/.local/lib/python3.7/site-packages/airflow/example_dags/example_bash_operator.py
[2023-09-14T16:54:40.679+0000] {logging_mixin.py:149} INFO - [2023-09-14T16:54:40.679+0000] {dag.py:2726} INFO - Sync 1 DAGs
[2023-09-14T16:54:41.138+0000] {logging_mixin.py:149} INFO - [2023-09-14T16:54:41.123+0000] {dag.py:3490} INFO - Setting next_dagrun for example_bash_operator to 2023-09-13T00:00:00+00:00, run_after=2023-09-14T00:00:00+00:00
[2023-09-14T16:54:41.385+0000] {processor.py:178} INFO - Processing /home/airflow/.local/lib/python3.7/site-packages/airflow/example_dags/example_bash_operator.py took 1.519 seconds
[2023-09-14T16:55:11.702+0000] {processor.py:156} INFO - Started process (PID=1922) to work on /home/airflow/.local/lib/python3.7/site-packages/airflow/example_dags/example_bash_operator.py
[2023-09-14T16:55:11.709+0000] {processor.py:799} INFO - Processing file /home/airflow/.local/lib/python3.7/site-packages/airflow/example_dags/example_bash_operator.py for tasks to queue
[2023-09-14T16:55:11.714+0000] {logging_mixin.py:149} INFO - [2023-09-14T16:55:11.714+0000] {dagbag.py:541} INFO - Filling up the DagBag from /home/airflow/.local/lib/python3.7/site-packages/airflow/example_dags/example_bash_operator.py
[2023-09-14T16:55:11.770+0000] {processor.py:809} INFO - DAG(s) dict_keys(['example_bash_operator']) retrieved from /home/airflow/.local/lib/python3.7/site-packages/airflow/example_dags/example_bash_operator.py
[2023-09-14T16:55:11.889+0000] {logging_mixin.py:149} INFO - [2023-09-14T16:55:11.889+0000] {dag.py:2726} INFO - Sync 1 DAGs
[2023-09-14T16:55:11.971+0000] {logging_mixin.py:149} INFO - [2023-09-14T16:55:11.971+0000] {dag.py:3490} INFO - Setting next_dagrun for example_bash_operator to 2023-09-13T00:00:00+00:00, run_after=2023-09-14T00:00:00+00:00
[2023-09-14T16:55:12.116+0000] {processor.py:178} INFO - Processing /home/airflow/.local/lib/python3.7/site-packages/airflow/example_dags/example_bash_operator.py took 0.432 seconds
[2023-09-14T16:55:42.842+0000] {processor.py:156} INFO - Started process (PID=1988) to work on /home/airflow/.local/lib/python3.7/site-packages/airflow/example_dags/example_bash_operator.py
[2023-09-14T16:55:42.845+0000] {processor.py:799} INFO - Processing file /home/airflow/.local/lib/python3.7/site-packages/airflow/example_dags/example_bash_operator.py for tasks to queue
[2023-09-14T16:55:42.849+0000] {logging_mixin.py:149} INFO - [2023-09-14T16:55:42.848+0000] {dagbag.py:541} INFO - Filling up the DagBag from /home/airflow/.local/lib/python3.7/site-packages/airflow/example_dags/example_bash_operator.py
[2023-09-14T16:55:42.900+0000] {processor.py:809} INFO - DAG(s) dict_keys(['example_bash_operator']) retrieved from /home/airflow/.local/lib/python3.7/site-packages/airflow/example_dags/example_bash_operator.py
[2023-09-14T16:55:43.028+0000] {logging_mixin.py:149} INFO - [2023-09-14T16:55:43.028+0000] {dag.py:2726} INFO - Sync 1 DAGs
[2023-09-14T16:55:43.099+0000] {logging_mixin.py:149} INFO - [2023-09-14T16:55:43.099+0000] {dag.py:3490} INFO - Setting next_dagrun for example_bash_operator to 2023-09-13T00:00:00+00:00, run_after=2023-09-14T00:00:00+00:00
[2023-09-14T16:55:43.171+0000] {processor.py:178} INFO - Processing /home/airflow/.local/lib/python3.7/site-packages/airflow/example_dags/example_bash_operator.py took 0.340 seconds
[2023-09-14T16:56:13.855+0000] {processor.py:156} INFO - Started process (PID=2053) to work on /home/airflow/.local/lib/python3.7/site-packages/airflow/example_dags/example_bash_operator.py
[2023-09-14T16:56:13.879+0000] {processor.py:799} INFO - Processing file /home/airflow/.local/lib/python3.7/site-packages/airflow/example_dags/example_bash_operator.py for tasks to queue
[2023-09-14T16:56:13.886+0000] {logging_mixin.py:149} INFO - [2023-09-14T16:56:13.885+0000] {dagbag.py:541} INFO - Filling up the DagBag from /home/airflow/.local/lib/python3.7/site-packages/airflow/example_dags/example_bash_operator.py
[2023-09-14T16:56:13.997+0000] {processor.py:809} INFO - DAG(s) dict_keys(['example_bash_operator']) retrieved from /home/airflow/.local/lib/python3.7/site-packages/airflow/example_dags/example_bash_operator.py
[2023-09-14T16:56:14.234+0000] {logging_mixin.py:149} INFO - [2023-09-14T16:56:14.233+0000] {dag.py:2726} INFO - Sync 1 DAGs
[2023-09-14T16:56:14.358+0000] {logging_mixin.py:149} INFO - [2023-09-14T16:56:14.357+0000] {dag.py:3490} INFO - Setting next_dagrun for example_bash_operator to 2023-09-13T00:00:00+00:00, run_after=2023-09-14T00:00:00+00:00
[2023-09-14T16:56:14.454+0000] {processor.py:178} INFO - Processing /home/airflow/.local/lib/python3.7/site-packages/airflow/example_dags/example_bash_operator.py took 0.614 seconds
[2023-09-14T16:56:45.264+0000] {processor.py:156} INFO - Started process (PID=2117) to work on /home/airflow/.local/lib/python3.7/site-packages/airflow/example_dags/example_bash_operator.py
[2023-09-14T16:56:45.268+0000] {processor.py:799} INFO - Processing file /home/airflow/.local/lib/python3.7/site-packages/airflow/example_dags/example_bash_operator.py for tasks to queue
[2023-09-14T16:56:45.271+0000] {logging_mixin.py:149} INFO - [2023-09-14T16:56:45.270+0000] {dagbag.py:541} INFO - Filling up the DagBag from /home/airflow/.local/lib/python3.7/site-packages/airflow/example_dags/example_bash_operator.py
[2023-09-14T16:56:45.328+0000] {processor.py:809} INFO - DAG(s) dict_keys(['example_bash_operator']) retrieved from /home/airflow/.local/lib/python3.7/site-packages/airflow/example_dags/example_bash_operator.py
[2023-09-14T16:56:45.581+0000] {logging_mixin.py:149} INFO - [2023-09-14T16:56:45.579+0000] {dag.py:2726} INFO - Sync 1 DAGs
[2023-09-14T16:56:45.820+0000] {logging_mixin.py:149} INFO - [2023-09-14T16:56:45.819+0000] {dag.py:3490} INFO - Setting next_dagrun for example_bash_operator to 2023-09-13T00:00:00+00:00, run_after=2023-09-14T00:00:00+00:00
[2023-09-14T16:56:45.989+0000] {processor.py:178} INFO - Processing /home/airflow/.local/lib/python3.7/site-packages/airflow/example_dags/example_bash_operator.py took 0.735 seconds
[2023-09-14T16:57:16.215+0000] {processor.py:156} INFO - Started process (PID=2183) to work on /home/airflow/.local/lib/python3.7/site-packages/airflow/example_dags/example_bash_operator.py
[2023-09-14T16:57:16.220+0000] {processor.py:799} INFO - Processing file /home/airflow/.local/lib/python3.7/site-packages/airflow/example_dags/example_bash_operator.py for tasks to queue
[2023-09-14T16:57:16.222+0000] {logging_mixin.py:149} INFO - [2023-09-14T16:57:16.222+0000] {dagbag.py:541} INFO - Filling up the DagBag from /home/airflow/.local/lib/python3.7/site-packages/airflow/example_dags/example_bash_operator.py
[2023-09-14T16:57:16.334+0000] {processor.py:809} INFO - DAG(s) dict_keys(['example_bash_operator']) retrieved from /home/airflow/.local/lib/python3.7/site-packages/airflow/example_dags/example_bash_operator.py
[2023-09-14T16:57:16.435+0000] {logging_mixin.py:149} INFO - [2023-09-14T16:57:16.434+0000] {dag.py:2726} INFO - Sync 1 DAGs
[2023-09-14T16:57:16.518+0000] {logging_mixin.py:149} INFO - [2023-09-14T16:57:16.517+0000] {dag.py:3490} INFO - Setting next_dagrun for example_bash_operator to 2023-09-13T00:00:00+00:00, run_after=2023-09-14T00:00:00+00:00
[2023-09-14T16:57:16.614+0000] {processor.py:178} INFO - Processing /home/airflow/.local/lib/python3.7/site-packages/airflow/example_dags/example_bash_operator.py took 0.410 seconds
[2023-09-14T16:57:47.700+0000] {processor.py:156} INFO - Started process (PID=2250) to work on /home/airflow/.local/lib/python3.7/site-packages/airflow/example_dags/example_bash_operator.py
[2023-09-14T16:57:47.704+0000] {processor.py:799} INFO - Processing file /home/airflow/.local/lib/python3.7/site-packages/airflow/example_dags/example_bash_operator.py for tasks to queue
[2023-09-14T16:57:47.708+0000] {logging_mixin.py:149} INFO - [2023-09-14T16:57:47.707+0000] {dagbag.py:541} INFO - Filling up the DagBag from /home/airflow/.local/lib/python3.7/site-packages/airflow/example_dags/example_bash_operator.py
[2023-09-14T16:57:47.756+0000] {processor.py:809} INFO - DAG(s) dict_keys(['example_bash_operator']) retrieved from /home/airflow/.local/lib/python3.7/site-packages/airflow/example_dags/example_bash_operator.py
[2023-09-14T16:57:47.886+0000] {logging_mixin.py:149} INFO - [2023-09-14T16:57:47.885+0000] {dag.py:2726} INFO - Sync 1 DAGs
[2023-09-14T16:57:47.976+0000] {logging_mixin.py:149} INFO - [2023-09-14T16:57:47.975+0000] {dag.py:3490} INFO - Setting next_dagrun for example_bash_operator to 2023-09-13T00:00:00+00:00, run_after=2023-09-14T00:00:00+00:00
[2023-09-14T16:57:48.066+0000] {processor.py:178} INFO - Processing /home/airflow/.local/lib/python3.7/site-packages/airflow/example_dags/example_bash_operator.py took 0.373 seconds
[2023-09-14T16:58:19.743+0000] {processor.py:156} INFO - Started process (PID=2315) to work on /home/airflow/.local/lib/python3.7/site-packages/airflow/example_dags/example_bash_operator.py
[2023-09-14T16:58:19.746+0000] {processor.py:799} INFO - Processing file /home/airflow/.local/lib/python3.7/site-packages/airflow/example_dags/example_bash_operator.py for tasks to queue
[2023-09-14T16:58:19.753+0000] {logging_mixin.py:149} INFO - [2023-09-14T16:58:19.751+0000] {dagbag.py:541} INFO - Filling up the DagBag from /home/airflow/.local/lib/python3.7/site-packages/airflow/example_dags/example_bash_operator.py
[2023-09-14T16:58:19.836+0000] {processor.py:809} INFO - DAG(s) dict_keys(['example_bash_operator']) retrieved from /home/airflow/.local/lib/python3.7/site-packages/airflow/example_dags/example_bash_operator.py
[2023-09-14T16:58:20.070+0000] {logging_mixin.py:149} INFO - [2023-09-14T16:58:20.069+0000] {dag.py:2726} INFO - Sync 1 DAGs
[2023-09-14T16:58:20.299+0000] {logging_mixin.py:149} INFO - [2023-09-14T16:58:20.298+0000] {dag.py:3490} INFO - Setting next_dagrun for example_bash_operator to 2023-09-13T00:00:00+00:00, run_after=2023-09-14T00:00:00+00:00
[2023-09-14T16:58:20.470+0000] {processor.py:178} INFO - Processing /home/airflow/.local/lib/python3.7/site-packages/airflow/example_dags/example_bash_operator.py took 0.738 seconds
[2023-09-14T16:58:57.756+0000] {processor.py:156} INFO - Started process (PID=2382) to work on /home/airflow/.local/lib/python3.7/site-packages/airflow/example_dags/example_bash_operator.py
[2023-09-14T16:58:57.761+0000] {processor.py:799} INFO - Processing file /home/airflow/.local/lib/python3.7/site-packages/airflow/example_dags/example_bash_operator.py for tasks to queue
[2023-09-14T16:58:57.766+0000] {logging_mixin.py:149} INFO - [2023-09-14T16:58:57.765+0000] {dagbag.py:541} INFO - Filling up the DagBag from /home/airflow/.local/lib/python3.7/site-packages/airflow/example_dags/example_bash_operator.py
[2023-09-14T16:58:57.905+0000] {processor.py:809} INFO - DAG(s) dict_keys(['example_bash_operator']) retrieved from /home/airflow/.local/lib/python3.7/site-packages/airflow/example_dags/example_bash_operator.py
[2023-09-14T16:58:58.120+0000] {logging_mixin.py:149} INFO - [2023-09-14T16:58:58.119+0000] {dag.py:2726} INFO - Sync 1 DAGs
[2023-09-14T16:58:58.223+0000] {logging_mixin.py:149} INFO - [2023-09-14T16:58:58.223+0000] {dag.py:3490} INFO - Setting next_dagrun for example_bash_operator to 2023-09-13T00:00:00+00:00, run_after=2023-09-14T00:00:00+00:00
[2023-09-14T16:58:58.306+0000] {processor.py:178} INFO - Processing /home/airflow/.local/lib/python3.7/site-packages/airflow/example_dags/example_bash_operator.py took 0.582 seconds
[2023-09-14T16:59:30.361+0000] {processor.py:156} INFO - Started process (PID=2445) to work on /home/airflow/.local/lib/python3.7/site-packages/airflow/example_dags/example_bash_operator.py
[2023-09-14T16:59:30.366+0000] {processor.py:799} INFO - Processing file /home/airflow/.local/lib/python3.7/site-packages/airflow/example_dags/example_bash_operator.py for tasks to queue
[2023-09-14T16:59:30.370+0000] {logging_mixin.py:149} INFO - [2023-09-14T16:59:30.369+0000] {dagbag.py:541} INFO - Filling up the DagBag from /home/airflow/.local/lib/python3.7/site-packages/airflow/example_dags/example_bash_operator.py
[2023-09-14T16:59:30.428+0000] {processor.py:809} INFO - DAG(s) dict_keys(['example_bash_operator']) retrieved from /home/airflow/.local/lib/python3.7/site-packages/airflow/example_dags/example_bash_operator.py
[2023-09-14T16:59:30.678+0000] {logging_mixin.py:149} INFO - [2023-09-14T16:59:30.677+0000] {dag.py:2726} INFO - Sync 1 DAGs
[2023-09-14T16:59:30.864+0000] {logging_mixin.py:149} INFO - [2023-09-14T16:59:30.862+0000] {dag.py:3490} INFO - Setting next_dagrun for example_bash_operator to 2023-09-13T00:00:00+00:00, run_after=2023-09-14T00:00:00+00:00
[2023-09-14T16:59:30.959+0000] {processor.py:178} INFO - Processing /home/airflow/.local/lib/python3.7/site-packages/airflow/example_dags/example_bash_operator.py took 0.609 seconds
[2023-09-14T17:00:04.203+0000] {processor.py:156} INFO - Started process (PID=2509) to work on /home/airflow/.local/lib/python3.7/site-packages/airflow/example_dags/example_bash_operator.py
[2023-09-14T17:00:04.215+0000] {processor.py:799} INFO - Processing file /home/airflow/.local/lib/python3.7/site-packages/airflow/example_dags/example_bash_operator.py for tasks to queue
[2023-09-14T17:00:04.219+0000] {logging_mixin.py:149} INFO - [2023-09-14T17:00:04.218+0000] {dagbag.py:541} INFO - Filling up the DagBag from /home/airflow/.local/lib/python3.7/site-packages/airflow/example_dags/example_bash_operator.py
[2023-09-14T17:00:04.394+0000] {processor.py:809} INFO - DAG(s) dict_keys(['example_bash_operator']) retrieved from /home/airflow/.local/lib/python3.7/site-packages/airflow/example_dags/example_bash_operator.py
[2023-09-14T17:00:04.659+0000] {logging_mixin.py:149} INFO - [2023-09-14T17:00:04.656+0000] {dag.py:2726} INFO - Sync 1 DAGs
[2023-09-14T17:00:04.842+0000] {logging_mixin.py:149} INFO - [2023-09-14T17:00:04.841+0000] {dag.py:3490} INFO - Setting next_dagrun for example_bash_operator to 2023-09-13T00:00:00+00:00, run_after=2023-09-14T00:00:00+00:00
[2023-09-14T17:00:04.985+0000] {processor.py:178} INFO - Processing /home/airflow/.local/lib/python3.7/site-packages/airflow/example_dags/example_bash_operator.py took 0.801 seconds
[2023-09-14T17:00:35.815+0000] {processor.py:156} INFO - Started process (PID=2573) to work on /home/airflow/.local/lib/python3.7/site-packages/airflow/example_dags/example_bash_operator.py
[2023-09-14T17:00:35.820+0000] {processor.py:799} INFO - Processing file /home/airflow/.local/lib/python3.7/site-packages/airflow/example_dags/example_bash_operator.py for tasks to queue
[2023-09-14T17:00:35.824+0000] {logging_mixin.py:149} INFO - [2023-09-14T17:00:35.824+0000] {dagbag.py:541} INFO - Filling up the DagBag from /home/airflow/.local/lib/python3.7/site-packages/airflow/example_dags/example_bash_operator.py
[2023-09-14T17:00:35.881+0000] {processor.py:809} INFO - DAG(s) dict_keys(['example_bash_operator']) retrieved from /home/airflow/.local/lib/python3.7/site-packages/airflow/example_dags/example_bash_operator.py
[2023-09-14T17:00:36.083+0000] {logging_mixin.py:149} INFO - [2023-09-14T17:00:36.082+0000] {dag.py:2726} INFO - Sync 1 DAGs
[2023-09-14T17:00:36.207+0000] {logging_mixin.py:149} INFO - [2023-09-14T17:00:36.207+0000] {dag.py:3490} INFO - Setting next_dagrun for example_bash_operator to 2023-09-13T00:00:00+00:00, run_after=2023-09-14T00:00:00+00:00
[2023-09-14T17:00:36.291+0000] {processor.py:178} INFO - Processing /home/airflow/.local/lib/python3.7/site-packages/airflow/example_dags/example_bash_operator.py took 0.486 seconds
[2023-09-14T17:01:06.691+0000] {processor.py:156} INFO - Started process (PID=2636) to work on /home/airflow/.local/lib/python3.7/site-packages/airflow/example_dags/example_bash_operator.py
[2023-09-14T17:01:06.693+0000] {processor.py:799} INFO - Processing file /home/airflow/.local/lib/python3.7/site-packages/airflow/example_dags/example_bash_operator.py for tasks to queue
[2023-09-14T17:01:06.695+0000] {logging_mixin.py:149} INFO - [2023-09-14T17:01:06.695+0000] {dagbag.py:541} INFO - Filling up the DagBag from /home/airflow/.local/lib/python3.7/site-packages/airflow/example_dags/example_bash_operator.py
[2023-09-14T17:01:06.728+0000] {processor.py:809} INFO - DAG(s) dict_keys(['example_bash_operator']) retrieved from /home/airflow/.local/lib/python3.7/site-packages/airflow/example_dags/example_bash_operator.py
[2023-09-14T17:01:06.796+0000] {logging_mixin.py:149} INFO - [2023-09-14T17:01:06.796+0000] {dag.py:2726} INFO - Sync 1 DAGs
[2023-09-14T17:01:06.834+0000] {logging_mixin.py:149} INFO - [2023-09-14T17:01:06.834+0000] {dag.py:3490} INFO - Setting next_dagrun for example_bash_operator to 2023-09-13T00:00:00+00:00, run_after=2023-09-14T00:00:00+00:00
[2023-09-14T17:01:06.879+0000] {processor.py:178} INFO - Processing /home/airflow/.local/lib/python3.7/site-packages/airflow/example_dags/example_bash_operator.py took 0.196 seconds
[2023-09-14T17:01:37.177+0000] {processor.py:156} INFO - Started process (PID=2700) to work on /home/airflow/.local/lib/python3.7/site-packages/airflow/example_dags/example_bash_operator.py
[2023-09-14T17:01:37.180+0000] {processor.py:799} INFO - Processing file /home/airflow/.local/lib/python3.7/site-packages/airflow/example_dags/example_bash_operator.py for tasks to queue
[2023-09-14T17:01:37.183+0000] {logging_mixin.py:149} INFO - [2023-09-14T17:01:37.182+0000] {dagbag.py:541} INFO - Filling up the DagBag from /home/airflow/.local/lib/python3.7/site-packages/airflow/example_dags/example_bash_operator.py
[2023-09-14T17:01:37.216+0000] {processor.py:809} INFO - DAG(s) dict_keys(['example_bash_operator']) retrieved from /home/airflow/.local/lib/python3.7/site-packages/airflow/example_dags/example_bash_operator.py
[2023-09-14T17:01:37.301+0000] {logging_mixin.py:149} INFO - [2023-09-14T17:01:37.301+0000] {dag.py:2726} INFO - Sync 1 DAGs
[2023-09-14T17:01:37.361+0000] {logging_mixin.py:149} INFO - [2023-09-14T17:01:37.361+0000] {dag.py:3490} INFO - Setting next_dagrun for example_bash_operator to 2023-09-13T00:00:00+00:00, run_after=2023-09-14T00:00:00+00:00
[2023-09-14T17:01:37.410+0000] {processor.py:178} INFO - Processing /home/airflow/.local/lib/python3.7/site-packages/airflow/example_dags/example_bash_operator.py took 0.244 seconds
[2023-09-14T17:02:07.704+0000] {processor.py:156} INFO - Started process (PID=2765) to work on /home/airflow/.local/lib/python3.7/site-packages/airflow/example_dags/example_bash_operator.py
[2023-09-14T17:02:07.707+0000] {processor.py:799} INFO - Processing file /home/airflow/.local/lib/python3.7/site-packages/airflow/example_dags/example_bash_operator.py for tasks to queue
[2023-09-14T17:02:07.709+0000] {logging_mixin.py:149} INFO - [2023-09-14T17:02:07.709+0000] {dagbag.py:541} INFO - Filling up the DagBag from /home/airflow/.local/lib/python3.7/site-packages/airflow/example_dags/example_bash_operator.py
[2023-09-14T17:02:07.744+0000] {processor.py:809} INFO - DAG(s) dict_keys(['example_bash_operator']) retrieved from /home/airflow/.local/lib/python3.7/site-packages/airflow/example_dags/example_bash_operator.py
[2023-09-14T17:02:07.854+0000] {logging_mixin.py:149} INFO - [2023-09-14T17:02:07.854+0000] {dag.py:2726} INFO - Sync 1 DAGs
[2023-09-14T17:02:07.911+0000] {logging_mixin.py:149} INFO - [2023-09-14T17:02:07.910+0000] {dag.py:3490} INFO - Setting next_dagrun for example_bash_operator to 2023-09-13T00:00:00+00:00, run_after=2023-09-14T00:00:00+00:00
[2023-09-14T17:02:07.948+0000] {processor.py:178} INFO - Processing /home/airflow/.local/lib/python3.7/site-packages/airflow/example_dags/example_bash_operator.py took 0.256 seconds
