[2023-09-14T16:11:07.870+0000] {processor.py:156} INFO - Started process (PID=86) to work on /home/airflow/.local/lib/python3.7/site-packages/airflow/example_dags/tutorial_dag.py
[2023-09-14T16:11:08.021+0000] {processor.py:799} INFO - Processing file /home/airflow/.local/lib/python3.7/site-packages/airflow/example_dags/tutorial_dag.py for tasks to queue
[2023-09-14T16:11:08.084+0000] {logging_mixin.py:149} INFO - [2023-09-14T16:11:08.084+0000] {dagbag.py:541} INFO - Filling up the DagBag from /home/airflow/.local/lib/python3.7/site-packages/airflow/example_dags/tutorial_dag.py
[2023-09-14T16:11:10.282+0000] {processor.py:809} INFO - DAG(s) dict_keys(['tutorial_dag']) retrieved from /home/airflow/.local/lib/python3.7/site-packages/airflow/example_dags/tutorial_dag.py
[2023-09-14T16:11:14.824+0000] {logging_mixin.py:149} INFO - [2023-09-14T16:11:14.823+0000] {dag.py:2726} INFO - Sync 1 DAGs
[2023-09-14T16:11:15.380+0000] {logging_mixin.py:149} INFO - [2023-09-14T16:11:15.379+0000] {dag.py:3490} INFO - Setting next_dagrun for tutorial_dag to None, run_after=None
[2023-09-14T16:11:15.653+0000] {processor.py:178} INFO - Processing /home/airflow/.local/lib/python3.7/site-packages/airflow/example_dags/tutorial_dag.py took 8.916 seconds
[2023-09-14T16:11:58.138+0000] {processor.py:156} INFO - Started process (PID=155) to work on /home/airflow/.local/lib/python3.7/site-packages/airflow/example_dags/tutorial_dag.py
[2023-09-14T16:11:58.148+0000] {processor.py:799} INFO - Processing file /home/airflow/.local/lib/python3.7/site-packages/airflow/example_dags/tutorial_dag.py for tasks to queue
[2023-09-14T16:11:58.151+0000] {logging_mixin.py:149} INFO - [2023-09-14T16:11:58.150+0000] {dagbag.py:541} INFO - Filling up the DagBag from /home/airflow/.local/lib/python3.7/site-packages/airflow/example_dags/tutorial_dag.py
[2023-09-14T16:11:58.167+0000] {processor.py:809} INFO - DAG(s) dict_keys(['tutorial_dag']) retrieved from /home/airflow/.local/lib/python3.7/site-packages/airflow/example_dags/tutorial_dag.py
[2023-09-14T16:11:58.242+0000] {logging_mixin.py:149} INFO - [2023-09-14T16:11:58.242+0000] {dag.py:2726} INFO - Sync 1 DAGs
[2023-09-14T16:11:58.951+0000] {logging_mixin.py:149} INFO - [2023-09-14T16:11:58.951+0000] {dag.py:3490} INFO - Setting next_dagrun for tutorial_dag to None, run_after=None
[2023-09-14T16:11:59.124+0000] {processor.py:178} INFO - Processing /home/airflow/.local/lib/python3.7/site-packages/airflow/example_dags/tutorial_dag.py took 1.001 seconds
[2023-09-14T16:12:34.909+0000] {processor.py:156} INFO - Started process (PID=216) to work on /home/airflow/.local/lib/python3.7/site-packages/airflow/example_dags/tutorial_dag.py
[2023-09-14T16:12:34.925+0000] {processor.py:799} INFO - Processing file /home/airflow/.local/lib/python3.7/site-packages/airflow/example_dags/tutorial_dag.py for tasks to queue
[2023-09-14T16:12:34.941+0000] {logging_mixin.py:149} INFO - [2023-09-14T16:12:34.940+0000] {dagbag.py:541} INFO - Filling up the DagBag from /home/airflow/.local/lib/python3.7/site-packages/airflow/example_dags/tutorial_dag.py
[2023-09-14T16:12:34.966+0000] {processor.py:809} INFO - DAG(s) dict_keys(['tutorial_dag']) retrieved from /home/airflow/.local/lib/python3.7/site-packages/airflow/example_dags/tutorial_dag.py
[2023-09-14T16:12:35.215+0000] {logging_mixin.py:149} INFO - [2023-09-14T16:12:35.205+0000] {dag.py:2726} INFO - Sync 1 DAGs
[2023-09-14T16:12:35.571+0000] {logging_mixin.py:149} INFO - [2023-09-14T16:12:35.570+0000] {dag.py:3490} INFO - Setting next_dagrun for tutorial_dag to None, run_after=None
[2023-09-14T16:12:35.749+0000] {processor.py:178} INFO - Processing /home/airflow/.local/lib/python3.7/site-packages/airflow/example_dags/tutorial_dag.py took 0.857 seconds
[2023-09-14T16:13:11.368+0000] {processor.py:156} INFO - Started process (PID=276) to work on /home/airflow/.local/lib/python3.7/site-packages/airflow/example_dags/tutorial_dag.py
[2023-09-14T16:13:11.373+0000] {processor.py:799} INFO - Processing file /home/airflow/.local/lib/python3.7/site-packages/airflow/example_dags/tutorial_dag.py for tasks to queue
[2023-09-14T16:13:11.376+0000] {logging_mixin.py:149} INFO - [2023-09-14T16:13:11.376+0000] {dagbag.py:541} INFO - Filling up the DagBag from /home/airflow/.local/lib/python3.7/site-packages/airflow/example_dags/tutorial_dag.py
[2023-09-14T16:13:11.391+0000] {processor.py:809} INFO - DAG(s) dict_keys(['tutorial_dag']) retrieved from /home/airflow/.local/lib/python3.7/site-packages/airflow/example_dags/tutorial_dag.py
[2023-09-14T16:13:11.482+0000] {logging_mixin.py:149} INFO - [2023-09-14T16:13:11.481+0000] {dag.py:2726} INFO - Sync 1 DAGs
[2023-09-14T16:13:11.612+0000] {logging_mixin.py:149} INFO - [2023-09-14T16:13:11.611+0000] {dag.py:3490} INFO - Setting next_dagrun for tutorial_dag to None, run_after=None
[2023-09-14T16:13:11.722+0000] {processor.py:178} INFO - Processing /home/airflow/.local/lib/python3.7/site-packages/airflow/example_dags/tutorial_dag.py took 0.362 seconds
[2023-09-14T16:13:46.613+0000] {processor.py:156} INFO - Started process (PID=328) to work on /home/airflow/.local/lib/python3.7/site-packages/airflow/example_dags/tutorial_dag.py
[2023-09-14T16:13:46.618+0000] {processor.py:799} INFO - Processing file /home/airflow/.local/lib/python3.7/site-packages/airflow/example_dags/tutorial_dag.py for tasks to queue
[2023-09-14T16:13:46.622+0000] {logging_mixin.py:149} INFO - [2023-09-14T16:13:46.621+0000] {dagbag.py:541} INFO - Filling up the DagBag from /home/airflow/.local/lib/python3.7/site-packages/airflow/example_dags/tutorial_dag.py
[2023-09-14T16:13:46.640+0000] {processor.py:809} INFO - DAG(s) dict_keys(['tutorial_dag']) retrieved from /home/airflow/.local/lib/python3.7/site-packages/airflow/example_dags/tutorial_dag.py
[2023-09-14T16:13:46.769+0000] {logging_mixin.py:149} INFO - [2023-09-14T16:13:46.768+0000] {dag.py:2726} INFO - Sync 1 DAGs
[2023-09-14T16:13:46.946+0000] {logging_mixin.py:149} INFO - [2023-09-14T16:13:46.946+0000] {dag.py:3490} INFO - Setting next_dagrun for tutorial_dag to None, run_after=None
[2023-09-14T16:13:47.066+0000] {processor.py:178} INFO - Processing /home/airflow/.local/lib/python3.7/site-packages/airflow/example_dags/tutorial_dag.py took 0.465 seconds
[2023-09-14T16:14:21.674+0000] {processor.py:156} INFO - Started process (PID=390) to work on /home/airflow/.local/lib/python3.7/site-packages/airflow/example_dags/tutorial_dag.py
[2023-09-14T16:14:21.677+0000] {processor.py:799} INFO - Processing file /home/airflow/.local/lib/python3.7/site-packages/airflow/example_dags/tutorial_dag.py for tasks to queue
[2023-09-14T16:14:21.681+0000] {logging_mixin.py:149} INFO - [2023-09-14T16:14:21.680+0000] {dagbag.py:541} INFO - Filling up the DagBag from /home/airflow/.local/lib/python3.7/site-packages/airflow/example_dags/tutorial_dag.py
[2023-09-14T16:14:21.697+0000] {processor.py:809} INFO - DAG(s) dict_keys(['tutorial_dag']) retrieved from /home/airflow/.local/lib/python3.7/site-packages/airflow/example_dags/tutorial_dag.py
[2023-09-14T16:14:21.793+0000] {logging_mixin.py:149} INFO - [2023-09-14T16:14:21.792+0000] {dag.py:2726} INFO - Sync 1 DAGs
[2023-09-14T16:14:21.877+0000] {logging_mixin.py:149} INFO - [2023-09-14T16:14:21.877+0000] {dag.py:3490} INFO - Setting next_dagrun for tutorial_dag to None, run_after=None
[2023-09-14T16:14:21.989+0000] {processor.py:178} INFO - Processing /home/airflow/.local/lib/python3.7/site-packages/airflow/example_dags/tutorial_dag.py took 0.327 seconds
[2023-09-14T16:14:52.837+0000] {processor.py:156} INFO - Started process (PID=452) to work on /home/airflow/.local/lib/python3.7/site-packages/airflow/example_dags/tutorial_dag.py
[2023-09-14T16:14:52.841+0000] {processor.py:799} INFO - Processing file /home/airflow/.local/lib/python3.7/site-packages/airflow/example_dags/tutorial_dag.py for tasks to queue
[2023-09-14T16:14:52.844+0000] {logging_mixin.py:149} INFO - [2023-09-14T16:14:52.843+0000] {dagbag.py:541} INFO - Filling up the DagBag from /home/airflow/.local/lib/python3.7/site-packages/airflow/example_dags/tutorial_dag.py
[2023-09-14T16:14:52.860+0000] {processor.py:809} INFO - DAG(s) dict_keys(['tutorial_dag']) retrieved from /home/airflow/.local/lib/python3.7/site-packages/airflow/example_dags/tutorial_dag.py
[2023-09-14T16:14:52.953+0000] {logging_mixin.py:149} INFO - [2023-09-14T16:14:52.953+0000] {dag.py:2726} INFO - Sync 1 DAGs
[2023-09-14T16:14:53.131+0000] {logging_mixin.py:149} INFO - [2023-09-14T16:14:53.131+0000] {dag.py:3490} INFO - Setting next_dagrun for tutorial_dag to None, run_after=None
[2023-09-14T16:14:53.281+0000] {processor.py:178} INFO - Processing /home/airflow/.local/lib/python3.7/site-packages/airflow/example_dags/tutorial_dag.py took 0.453 seconds
[2023-09-14T16:15:23.383+0000] {processor.py:156} INFO - Started process (PID=512) to work on /home/airflow/.local/lib/python3.7/site-packages/airflow/example_dags/tutorial_dag.py
[2023-09-14T16:15:23.386+0000] {processor.py:799} INFO - Processing file /home/airflow/.local/lib/python3.7/site-packages/airflow/example_dags/tutorial_dag.py for tasks to queue
[2023-09-14T16:15:23.388+0000] {logging_mixin.py:149} INFO - [2023-09-14T16:15:23.388+0000] {dagbag.py:541} INFO - Filling up the DagBag from /home/airflow/.local/lib/python3.7/site-packages/airflow/example_dags/tutorial_dag.py
[2023-09-14T16:15:23.398+0000] {processor.py:809} INFO - DAG(s) dict_keys(['tutorial_dag']) retrieved from /home/airflow/.local/lib/python3.7/site-packages/airflow/example_dags/tutorial_dag.py
[2023-09-14T16:15:23.439+0000] {logging_mixin.py:149} INFO - [2023-09-14T16:15:23.438+0000] {dag.py:2726} INFO - Sync 1 DAGs
[2023-09-14T16:15:23.488+0000] {logging_mixin.py:149} INFO - [2023-09-14T16:15:23.488+0000] {dag.py:3490} INFO - Setting next_dagrun for tutorial_dag to None, run_after=None
[2023-09-14T16:15:23.529+0000] {processor.py:178} INFO - Processing /home/airflow/.local/lib/python3.7/site-packages/airflow/example_dags/tutorial_dag.py took 0.152 seconds
[2023-09-14T16:15:53.905+0000] {processor.py:156} INFO - Started process (PID=573) to work on /home/airflow/.local/lib/python3.7/site-packages/airflow/example_dags/tutorial_dag.py
[2023-09-14T16:15:53.907+0000] {processor.py:799} INFO - Processing file /home/airflow/.local/lib/python3.7/site-packages/airflow/example_dags/tutorial_dag.py for tasks to queue
[2023-09-14T16:15:53.909+0000] {logging_mixin.py:149} INFO - [2023-09-14T16:15:53.909+0000] {dagbag.py:541} INFO - Filling up the DagBag from /home/airflow/.local/lib/python3.7/site-packages/airflow/example_dags/tutorial_dag.py
[2023-09-14T16:15:53.920+0000] {processor.py:809} INFO - DAG(s) dict_keys(['tutorial_dag']) retrieved from /home/airflow/.local/lib/python3.7/site-packages/airflow/example_dags/tutorial_dag.py
[2023-09-14T16:15:53.986+0000] {logging_mixin.py:149} INFO - [2023-09-14T16:15:53.985+0000] {dag.py:2726} INFO - Sync 1 DAGs
[2023-09-14T16:15:54.063+0000] {logging_mixin.py:149} INFO - [2023-09-14T16:15:54.063+0000] {dag.py:3490} INFO - Setting next_dagrun for tutorial_dag to None, run_after=None
[2023-09-14T16:15:54.129+0000] {processor.py:178} INFO - Processing /home/airflow/.local/lib/python3.7/site-packages/airflow/example_dags/tutorial_dag.py took 0.230 seconds
[2023-09-14T16:16:24.236+0000] {processor.py:156} INFO - Started process (PID=634) to work on /home/airflow/.local/lib/python3.7/site-packages/airflow/example_dags/tutorial_dag.py
[2023-09-14T16:16:24.237+0000] {processor.py:799} INFO - Processing file /home/airflow/.local/lib/python3.7/site-packages/airflow/example_dags/tutorial_dag.py for tasks to queue
[2023-09-14T16:16:24.239+0000] {logging_mixin.py:149} INFO - [2023-09-14T16:16:24.239+0000] {dagbag.py:541} INFO - Filling up the DagBag from /home/airflow/.local/lib/python3.7/site-packages/airflow/example_dags/tutorial_dag.py
[2023-09-14T16:16:24.250+0000] {processor.py:809} INFO - DAG(s) dict_keys(['tutorial_dag']) retrieved from /home/airflow/.local/lib/python3.7/site-packages/airflow/example_dags/tutorial_dag.py
[2023-09-14T16:16:24.301+0000] {logging_mixin.py:149} INFO - [2023-09-14T16:16:24.301+0000] {dag.py:2726} INFO - Sync 1 DAGs
[2023-09-14T16:16:24.347+0000] {logging_mixin.py:149} INFO - [2023-09-14T16:16:24.347+0000] {dag.py:3490} INFO - Setting next_dagrun for tutorial_dag to None, run_after=None
[2023-09-14T16:16:24.385+0000] {processor.py:178} INFO - Processing /home/airflow/.local/lib/python3.7/site-packages/airflow/example_dags/tutorial_dag.py took 0.156 seconds
[2023-09-14T16:16:55.173+0000] {processor.py:156} INFO - Started process (PID=695) to work on /home/airflow/.local/lib/python3.7/site-packages/airflow/example_dags/tutorial_dag.py
[2023-09-14T16:16:55.178+0000] {processor.py:799} INFO - Processing file /home/airflow/.local/lib/python3.7/site-packages/airflow/example_dags/tutorial_dag.py for tasks to queue
[2023-09-14T16:16:55.184+0000] {logging_mixin.py:149} INFO - [2023-09-14T16:16:55.183+0000] {dagbag.py:541} INFO - Filling up the DagBag from /home/airflow/.local/lib/python3.7/site-packages/airflow/example_dags/tutorial_dag.py
[2023-09-14T16:16:55.211+0000] {processor.py:809} INFO - DAG(s) dict_keys(['tutorial_dag']) retrieved from /home/airflow/.local/lib/python3.7/site-packages/airflow/example_dags/tutorial_dag.py
[2023-09-14T16:16:55.323+0000] {logging_mixin.py:149} INFO - [2023-09-14T16:16:55.323+0000] {dag.py:2726} INFO - Sync 1 DAGs
[2023-09-14T16:16:55.467+0000] {logging_mixin.py:149} INFO - [2023-09-14T16:16:55.467+0000] {dag.py:3490} INFO - Setting next_dagrun for tutorial_dag to None, run_after=None
[2023-09-14T16:16:55.551+0000] {processor.py:178} INFO - Processing /home/airflow/.local/lib/python3.7/site-packages/airflow/example_dags/tutorial_dag.py took 0.399 seconds
[2023-09-14T16:36:03.342+0000] {processor.py:156} INFO - Started process (PID=72) to work on /home/airflow/.local/lib/python3.7/site-packages/airflow/example_dags/tutorial_dag.py
[2023-09-14T16:36:03.406+0000] {processor.py:799} INFO - Processing file /home/airflow/.local/lib/python3.7/site-packages/airflow/example_dags/tutorial_dag.py for tasks to queue
[2023-09-14T16:36:03.424+0000] {logging_mixin.py:149} INFO - [2023-09-14T16:36:03.424+0000] {dagbag.py:541} INFO - Filling up the DagBag from /home/airflow/.local/lib/python3.7/site-packages/airflow/example_dags/tutorial_dag.py
[2023-09-14T16:36:03.601+0000] {processor.py:809} INFO - DAG(s) dict_keys(['tutorial_dag']) retrieved from /home/airflow/.local/lib/python3.7/site-packages/airflow/example_dags/tutorial_dag.py
[2023-09-14T16:36:04.101+0000] {logging_mixin.py:149} INFO - [2023-09-14T16:36:04.101+0000] {dag.py:2726} INFO - Sync 1 DAGs
[2023-09-14T16:36:04.391+0000] {logging_mixin.py:149} INFO - [2023-09-14T16:36:04.391+0000] {dag.py:3490} INFO - Setting next_dagrun for tutorial_dag to None, run_after=None
[2023-09-14T16:36:04.907+0000] {processor.py:178} INFO - Processing /home/airflow/.local/lib/python3.7/site-packages/airflow/example_dags/tutorial_dag.py took 1.793 seconds
[2023-09-14T16:36:37.947+0000] {processor.py:156} INFO - Started process (PID=132) to work on /home/airflow/.local/lib/python3.7/site-packages/airflow/example_dags/tutorial_dag.py
[2023-09-14T16:36:37.951+0000] {processor.py:799} INFO - Processing file /home/airflow/.local/lib/python3.7/site-packages/airflow/example_dags/tutorial_dag.py for tasks to queue
[2023-09-14T16:36:37.955+0000] {logging_mixin.py:149} INFO - [2023-09-14T16:36:37.954+0000] {dagbag.py:541} INFO - Filling up the DagBag from /home/airflow/.local/lib/python3.7/site-packages/airflow/example_dags/tutorial_dag.py
[2023-09-14T16:36:37.974+0000] {processor.py:809} INFO - DAG(s) dict_keys(['tutorial_dag']) retrieved from /home/airflow/.local/lib/python3.7/site-packages/airflow/example_dags/tutorial_dag.py
[2023-09-14T16:36:38.026+0000] {logging_mixin.py:149} INFO - [2023-09-14T16:36:38.026+0000] {dag.py:2726} INFO - Sync 1 DAGs
[2023-09-14T16:36:38.282+0000] {logging_mixin.py:149} INFO - [2023-09-14T16:36:38.281+0000] {dag.py:3490} INFO - Setting next_dagrun for tutorial_dag to None, run_after=None
[2023-09-14T16:36:38.328+0000] {processor.py:178} INFO - Processing /home/airflow/.local/lib/python3.7/site-packages/airflow/example_dags/tutorial_dag.py took 0.389 seconds
[2023-09-14T16:39:11.838+0000] {processor.py:156} INFO - Started process (PID=65) to work on /home/airflow/.local/lib/python3.7/site-packages/airflow/example_dags/tutorial_dag.py
[2023-09-14T16:39:11.907+0000] {processor.py:799} INFO - Processing file /home/airflow/.local/lib/python3.7/site-packages/airflow/example_dags/tutorial_dag.py for tasks to queue
[2023-09-14T16:39:11.930+0000] {logging_mixin.py:149} INFO - [2023-09-14T16:39:11.922+0000] {dagbag.py:541} INFO - Filling up the DagBag from /home/airflow/.local/lib/python3.7/site-packages/airflow/example_dags/tutorial_dag.py
[2023-09-14T16:39:12.035+0000] {processor.py:809} INFO - DAG(s) dict_keys(['tutorial_dag']) retrieved from /home/airflow/.local/lib/python3.7/site-packages/airflow/example_dags/tutorial_dag.py
[2023-09-14T16:39:12.713+0000] {logging_mixin.py:149} INFO - [2023-09-14T16:39:12.712+0000] {dag.py:2726} INFO - Sync 1 DAGs
[2023-09-14T16:39:13.195+0000] {logging_mixin.py:149} INFO - [2023-09-14T16:39:13.195+0000] {dag.py:3490} INFO - Setting next_dagrun for tutorial_dag to None, run_after=None
[2023-09-14T16:39:13.378+0000] {processor.py:178} INFO - Processing /home/airflow/.local/lib/python3.7/site-packages/airflow/example_dags/tutorial_dag.py took 1.637 seconds
[2023-09-14T16:39:43.954+0000] {processor.py:156} INFO - Started process (PID=131) to work on /home/airflow/.local/lib/python3.7/site-packages/airflow/example_dags/tutorial_dag.py
[2023-09-14T16:39:43.956+0000] {processor.py:799} INFO - Processing file /home/airflow/.local/lib/python3.7/site-packages/airflow/example_dags/tutorial_dag.py for tasks to queue
[2023-09-14T16:39:43.959+0000] {logging_mixin.py:149} INFO - [2023-09-14T16:39:43.959+0000] {dagbag.py:541} INFO - Filling up the DagBag from /home/airflow/.local/lib/python3.7/site-packages/airflow/example_dags/tutorial_dag.py
[2023-09-14T16:39:43.973+0000] {processor.py:809} INFO - DAG(s) dict_keys(['tutorial_dag']) retrieved from /home/airflow/.local/lib/python3.7/site-packages/airflow/example_dags/tutorial_dag.py
[2023-09-14T16:39:44.092+0000] {logging_mixin.py:149} INFO - [2023-09-14T16:39:44.091+0000] {dag.py:2726} INFO - Sync 1 DAGs
[2023-09-14T16:39:44.168+0000] {logging_mixin.py:149} INFO - [2023-09-14T16:39:44.168+0000] {dag.py:3490} INFO - Setting next_dagrun for tutorial_dag to None, run_after=None
[2023-09-14T16:39:44.816+0000] {processor.py:178} INFO - Processing /home/airflow/.local/lib/python3.7/site-packages/airflow/example_dags/tutorial_dag.py took 0.869 seconds
[2023-09-14T16:40:15.239+0000] {processor.py:156} INFO - Started process (PID=192) to work on /home/airflow/.local/lib/python3.7/site-packages/airflow/example_dags/tutorial_dag.py
[2023-09-14T16:40:15.241+0000] {processor.py:799} INFO - Processing file /home/airflow/.local/lib/python3.7/site-packages/airflow/example_dags/tutorial_dag.py for tasks to queue
[2023-09-14T16:40:15.247+0000] {logging_mixin.py:149} INFO - [2023-09-14T16:40:15.246+0000] {dagbag.py:541} INFO - Filling up the DagBag from /home/airflow/.local/lib/python3.7/site-packages/airflow/example_dags/tutorial_dag.py
[2023-09-14T16:40:15.431+0000] {processor.py:809} INFO - DAG(s) dict_keys(['tutorial_dag']) retrieved from /home/airflow/.local/lib/python3.7/site-packages/airflow/example_dags/tutorial_dag.py
[2023-09-14T16:40:15.479+0000] {logging_mixin.py:149} INFO - [2023-09-14T16:40:15.478+0000] {dag.py:2726} INFO - Sync 1 DAGs
[2023-09-14T16:40:15.533+0000] {logging_mixin.py:149} INFO - [2023-09-14T16:40:15.532+0000] {dag.py:3490} INFO - Setting next_dagrun for tutorial_dag to None, run_after=None
[2023-09-14T16:40:15.583+0000] {processor.py:178} INFO - Processing /home/airflow/.local/lib/python3.7/site-packages/airflow/example_dags/tutorial_dag.py took 0.356 seconds
[2023-09-14T16:40:46.866+0000] {processor.py:156} INFO - Started process (PID=253) to work on /home/airflow/.local/lib/python3.7/site-packages/airflow/example_dags/tutorial_dag.py
[2023-09-14T16:40:46.869+0000] {processor.py:799} INFO - Processing file /home/airflow/.local/lib/python3.7/site-packages/airflow/example_dags/tutorial_dag.py for tasks to queue
[2023-09-14T16:40:46.875+0000] {logging_mixin.py:149} INFO - [2023-09-14T16:40:46.875+0000] {dagbag.py:541} INFO - Filling up the DagBag from /home/airflow/.local/lib/python3.7/site-packages/airflow/example_dags/tutorial_dag.py
[2023-09-14T16:40:46.893+0000] {processor.py:809} INFO - DAG(s) dict_keys(['tutorial_dag']) retrieved from /home/airflow/.local/lib/python3.7/site-packages/airflow/example_dags/tutorial_dag.py
[2023-09-14T16:40:46.966+0000] {logging_mixin.py:149} INFO - [2023-09-14T16:40:46.966+0000] {dag.py:2726} INFO - Sync 1 DAGs
[2023-09-14T16:40:47.040+0000] {logging_mixin.py:149} INFO - [2023-09-14T16:40:47.039+0000] {dag.py:3490} INFO - Setting next_dagrun for tutorial_dag to None, run_after=None
[2023-09-14T16:40:47.151+0000] {processor.py:178} INFO - Processing /home/airflow/.local/lib/python3.7/site-packages/airflow/example_dags/tutorial_dag.py took 0.299 seconds
[2023-09-14T16:41:17.515+0000] {processor.py:156} INFO - Started process (PID=314) to work on /home/airflow/.local/lib/python3.7/site-packages/airflow/example_dags/tutorial_dag.py
[2023-09-14T16:41:17.518+0000] {processor.py:799} INFO - Processing file /home/airflow/.local/lib/python3.7/site-packages/airflow/example_dags/tutorial_dag.py for tasks to queue
[2023-09-14T16:41:17.522+0000] {logging_mixin.py:149} INFO - [2023-09-14T16:41:17.522+0000] {dagbag.py:541} INFO - Filling up the DagBag from /home/airflow/.local/lib/python3.7/site-packages/airflow/example_dags/tutorial_dag.py
[2023-09-14T16:41:17.546+0000] {processor.py:809} INFO - DAG(s) dict_keys(['tutorial_dag']) retrieved from /home/airflow/.local/lib/python3.7/site-packages/airflow/example_dags/tutorial_dag.py
[2023-09-14T16:41:17.605+0000] {logging_mixin.py:149} INFO - [2023-09-14T16:41:17.605+0000] {dag.py:2726} INFO - Sync 1 DAGs
[2023-09-14T16:41:17.720+0000] {logging_mixin.py:149} INFO - [2023-09-14T16:41:17.720+0000] {dag.py:3490} INFO - Setting next_dagrun for tutorial_dag to None, run_after=None
[2023-09-14T16:41:17.792+0000] {processor.py:178} INFO - Processing /home/airflow/.local/lib/python3.7/site-packages/airflow/example_dags/tutorial_dag.py took 0.286 seconds
[2023-09-14T16:41:48.255+0000] {processor.py:156} INFO - Started process (PID=375) to work on /home/airflow/.local/lib/python3.7/site-packages/airflow/example_dags/tutorial_dag.py
[2023-09-14T16:41:48.258+0000] {processor.py:799} INFO - Processing file /home/airflow/.local/lib/python3.7/site-packages/airflow/example_dags/tutorial_dag.py for tasks to queue
[2023-09-14T16:41:48.262+0000] {logging_mixin.py:149} INFO - [2023-09-14T16:41:48.261+0000] {dagbag.py:541} INFO - Filling up the DagBag from /home/airflow/.local/lib/python3.7/site-packages/airflow/example_dags/tutorial_dag.py
[2023-09-14T16:41:48.278+0000] {processor.py:809} INFO - DAG(s) dict_keys(['tutorial_dag']) retrieved from /home/airflow/.local/lib/python3.7/site-packages/airflow/example_dags/tutorial_dag.py
[2023-09-14T16:41:48.342+0000] {logging_mixin.py:149} INFO - [2023-09-14T16:41:48.342+0000] {dag.py:2726} INFO - Sync 1 DAGs
[2023-09-14T16:41:48.397+0000] {logging_mixin.py:149} INFO - [2023-09-14T16:41:48.397+0000] {dag.py:3490} INFO - Setting next_dagrun for tutorial_dag to None, run_after=None
[2023-09-14T16:41:48.449+0000] {processor.py:178} INFO - Processing /home/airflow/.local/lib/python3.7/site-packages/airflow/example_dags/tutorial_dag.py took 0.206 seconds
[2023-09-14T16:42:18.658+0000] {processor.py:156} INFO - Started process (PID=436) to work on /home/airflow/.local/lib/python3.7/site-packages/airflow/example_dags/tutorial_dag.py
[2023-09-14T16:42:18.662+0000] {processor.py:799} INFO - Processing file /home/airflow/.local/lib/python3.7/site-packages/airflow/example_dags/tutorial_dag.py for tasks to queue
[2023-09-14T16:42:18.665+0000] {logging_mixin.py:149} INFO - [2023-09-14T16:42:18.664+0000] {dagbag.py:541} INFO - Filling up the DagBag from /home/airflow/.local/lib/python3.7/site-packages/airflow/example_dags/tutorial_dag.py
[2023-09-14T16:42:18.681+0000] {processor.py:809} INFO - DAG(s) dict_keys(['tutorial_dag']) retrieved from /home/airflow/.local/lib/python3.7/site-packages/airflow/example_dags/tutorial_dag.py
[2023-09-14T16:42:18.777+0000] {logging_mixin.py:149} INFO - [2023-09-14T16:42:18.776+0000] {dag.py:2726} INFO - Sync 1 DAGs
[2023-09-14T16:42:18.882+0000] {logging_mixin.py:149} INFO - [2023-09-14T16:42:18.881+0000] {dag.py:3490} INFO - Setting next_dagrun for tutorial_dag to None, run_after=None
[2023-09-14T16:42:18.962+0000] {processor.py:178} INFO - Processing /home/airflow/.local/lib/python3.7/site-packages/airflow/example_dags/tutorial_dag.py took 0.313 seconds
[2023-09-14T16:42:49.672+0000] {processor.py:156} INFO - Started process (PID=498) to work on /home/airflow/.local/lib/python3.7/site-packages/airflow/example_dags/tutorial_dag.py
[2023-09-14T16:42:49.676+0000] {processor.py:799} INFO - Processing file /home/airflow/.local/lib/python3.7/site-packages/airflow/example_dags/tutorial_dag.py for tasks to queue
[2023-09-14T16:42:49.680+0000] {logging_mixin.py:149} INFO - [2023-09-14T16:42:49.679+0000] {dagbag.py:541} INFO - Filling up the DagBag from /home/airflow/.local/lib/python3.7/site-packages/airflow/example_dags/tutorial_dag.py
[2023-09-14T16:42:49.697+0000] {processor.py:809} INFO - DAG(s) dict_keys(['tutorial_dag']) retrieved from /home/airflow/.local/lib/python3.7/site-packages/airflow/example_dags/tutorial_dag.py
[2023-09-14T16:42:49.805+0000] {logging_mixin.py:149} INFO - [2023-09-14T16:42:49.804+0000] {dag.py:2726} INFO - Sync 1 DAGs
[2023-09-14T16:42:49.888+0000] {logging_mixin.py:149} INFO - [2023-09-14T16:42:49.887+0000] {dag.py:3490} INFO - Setting next_dagrun for tutorial_dag to None, run_after=None
[2023-09-14T16:42:49.971+0000] {processor.py:178} INFO - Processing /home/airflow/.local/lib/python3.7/site-packages/airflow/example_dags/tutorial_dag.py took 0.308 seconds
[2023-09-14T16:43:20.476+0000] {processor.py:156} INFO - Started process (PID=559) to work on /home/airflow/.local/lib/python3.7/site-packages/airflow/example_dags/tutorial_dag.py
[2023-09-14T16:43:20.478+0000] {processor.py:799} INFO - Processing file /home/airflow/.local/lib/python3.7/site-packages/airflow/example_dags/tutorial_dag.py for tasks to queue
[2023-09-14T16:43:20.481+0000] {logging_mixin.py:149} INFO - [2023-09-14T16:43:20.480+0000] {dagbag.py:541} INFO - Filling up the DagBag from /home/airflow/.local/lib/python3.7/site-packages/airflow/example_dags/tutorial_dag.py
[2023-09-14T16:43:20.489+0000] {processor.py:809} INFO - DAG(s) dict_keys(['tutorial_dag']) retrieved from /home/airflow/.local/lib/python3.7/site-packages/airflow/example_dags/tutorial_dag.py
[2023-09-14T16:43:20.557+0000] {logging_mixin.py:149} INFO - [2023-09-14T16:43:20.556+0000] {dag.py:2726} INFO - Sync 1 DAGs
[2023-09-14T16:43:20.612+0000] {logging_mixin.py:149} INFO - [2023-09-14T16:43:20.611+0000] {dag.py:3490} INFO - Setting next_dagrun for tutorial_dag to None, run_after=None
[2023-09-14T16:43:20.682+0000] {processor.py:178} INFO - Processing /home/airflow/.local/lib/python3.7/site-packages/airflow/example_dags/tutorial_dag.py took 0.211 seconds
[2023-09-14T16:43:51.316+0000] {processor.py:156} INFO - Started process (PID=620) to work on /home/airflow/.local/lib/python3.7/site-packages/airflow/example_dags/tutorial_dag.py
[2023-09-14T16:43:51.318+0000] {processor.py:799} INFO - Processing file /home/airflow/.local/lib/python3.7/site-packages/airflow/example_dags/tutorial_dag.py for tasks to queue
[2023-09-14T16:43:51.320+0000] {logging_mixin.py:149} INFO - [2023-09-14T16:43:51.319+0000] {dagbag.py:541} INFO - Filling up the DagBag from /home/airflow/.local/lib/python3.7/site-packages/airflow/example_dags/tutorial_dag.py
[2023-09-14T16:43:51.331+0000] {processor.py:809} INFO - DAG(s) dict_keys(['tutorial_dag']) retrieved from /home/airflow/.local/lib/python3.7/site-packages/airflow/example_dags/tutorial_dag.py
[2023-09-14T16:43:51.382+0000] {logging_mixin.py:149} INFO - [2023-09-14T16:43:51.382+0000] {dag.py:2726} INFO - Sync 1 DAGs
[2023-09-14T16:43:51.446+0000] {logging_mixin.py:149} INFO - [2023-09-14T16:43:51.446+0000] {dag.py:3490} INFO - Setting next_dagrun for tutorial_dag to None, run_after=None
[2023-09-14T16:43:51.489+0000] {processor.py:178} INFO - Processing /home/airflow/.local/lib/python3.7/site-packages/airflow/example_dags/tutorial_dag.py took 0.180 seconds
[2023-09-14T16:44:22.806+0000] {processor.py:156} INFO - Started process (PID=682) to work on /home/airflow/.local/lib/python3.7/site-packages/airflow/example_dags/tutorial_dag.py
[2023-09-14T16:44:22.809+0000] {processor.py:799} INFO - Processing file /home/airflow/.local/lib/python3.7/site-packages/airflow/example_dags/tutorial_dag.py for tasks to queue
[2023-09-14T16:44:22.810+0000] {logging_mixin.py:149} INFO - [2023-09-14T16:44:22.810+0000] {dagbag.py:541} INFO - Filling up the DagBag from /home/airflow/.local/lib/python3.7/site-packages/airflow/example_dags/tutorial_dag.py
[2023-09-14T16:44:22.818+0000] {processor.py:809} INFO - DAG(s) dict_keys(['tutorial_dag']) retrieved from /home/airflow/.local/lib/python3.7/site-packages/airflow/example_dags/tutorial_dag.py
[2023-09-14T16:44:22.859+0000] {logging_mixin.py:149} INFO - [2023-09-14T16:44:22.859+0000] {dag.py:2726} INFO - Sync 1 DAGs
[2023-09-14T16:44:22.906+0000] {logging_mixin.py:149} INFO - [2023-09-14T16:44:22.905+0000] {dag.py:3490} INFO - Setting next_dagrun for tutorial_dag to None, run_after=None
[2023-09-14T16:44:22.943+0000] {processor.py:178} INFO - Processing /home/airflow/.local/lib/python3.7/site-packages/airflow/example_dags/tutorial_dag.py took 0.141 seconds
[2023-09-14T16:44:57.114+0000] {processor.py:156} INFO - Started process (PID=743) to work on /home/airflow/.local/lib/python3.7/site-packages/airflow/example_dags/tutorial_dag.py
[2023-09-14T16:44:57.116+0000] {processor.py:799} INFO - Processing file /home/airflow/.local/lib/python3.7/site-packages/airflow/example_dags/tutorial_dag.py for tasks to queue
[2023-09-14T16:44:57.119+0000] {logging_mixin.py:149} INFO - [2023-09-14T16:44:57.118+0000] {dagbag.py:541} INFO - Filling up the DagBag from /home/airflow/.local/lib/python3.7/site-packages/airflow/example_dags/tutorial_dag.py
[2023-09-14T16:44:57.133+0000] {processor.py:809} INFO - DAG(s) dict_keys(['tutorial_dag']) retrieved from /home/airflow/.local/lib/python3.7/site-packages/airflow/example_dags/tutorial_dag.py
[2023-09-14T16:44:57.282+0000] {logging_mixin.py:149} INFO - [2023-09-14T16:44:57.281+0000] {dag.py:2726} INFO - Sync 1 DAGs
[2023-09-14T16:44:57.367+0000] {logging_mixin.py:149} INFO - [2023-09-14T16:44:57.367+0000] {dag.py:3490} INFO - Setting next_dagrun for tutorial_dag to None, run_after=None
[2023-09-14T16:44:57.459+0000] {processor.py:178} INFO - Processing /home/airflow/.local/lib/python3.7/site-packages/airflow/example_dags/tutorial_dag.py took 0.351 seconds
[2023-09-14T16:45:27.563+0000] {processor.py:156} INFO - Started process (PID=803) to work on /home/airflow/.local/lib/python3.7/site-packages/airflow/example_dags/tutorial_dag.py
[2023-09-14T16:45:27.565+0000] {processor.py:799} INFO - Processing file /home/airflow/.local/lib/python3.7/site-packages/airflow/example_dags/tutorial_dag.py for tasks to queue
[2023-09-14T16:45:27.567+0000] {logging_mixin.py:149} INFO - [2023-09-14T16:45:27.567+0000] {dagbag.py:541} INFO - Filling up the DagBag from /home/airflow/.local/lib/python3.7/site-packages/airflow/example_dags/tutorial_dag.py
[2023-09-14T16:45:27.583+0000] {processor.py:809} INFO - DAG(s) dict_keys(['tutorial_dag']) retrieved from /home/airflow/.local/lib/python3.7/site-packages/airflow/example_dags/tutorial_dag.py
[2023-09-14T16:45:27.661+0000] {logging_mixin.py:149} INFO - [2023-09-14T16:45:27.660+0000] {dag.py:2726} INFO - Sync 1 DAGs
[2023-09-14T16:45:27.737+0000] {logging_mixin.py:149} INFO - [2023-09-14T16:45:27.737+0000] {dag.py:3490} INFO - Setting next_dagrun for tutorial_dag to None, run_after=None
[2023-09-14T16:45:27.780+0000] {processor.py:178} INFO - Processing /home/airflow/.local/lib/python3.7/site-packages/airflow/example_dags/tutorial_dag.py took 0.221 seconds
[2023-09-14T16:46:00.571+0000] {processor.py:156} INFO - Started process (PID=865) to work on /home/airflow/.local/lib/python3.7/site-packages/airflow/example_dags/tutorial_dag.py
[2023-09-14T16:46:00.574+0000] {processor.py:799} INFO - Processing file /home/airflow/.local/lib/python3.7/site-packages/airflow/example_dags/tutorial_dag.py for tasks to queue
[2023-09-14T16:46:00.579+0000] {logging_mixin.py:149} INFO - [2023-09-14T16:46:00.578+0000] {dagbag.py:541} INFO - Filling up the DagBag from /home/airflow/.local/lib/python3.7/site-packages/airflow/example_dags/tutorial_dag.py
[2023-09-14T16:46:00.605+0000] {processor.py:809} INFO - DAG(s) dict_keys(['tutorial_dag']) retrieved from /home/airflow/.local/lib/python3.7/site-packages/airflow/example_dags/tutorial_dag.py
[2023-09-14T16:46:00.734+0000] {logging_mixin.py:149} INFO - [2023-09-14T16:46:00.732+0000] {dag.py:2726} INFO - Sync 1 DAGs
[2023-09-14T16:46:00.890+0000] {logging_mixin.py:149} INFO - [2023-09-14T16:46:00.890+0000] {dag.py:3490} INFO - Setting next_dagrun for tutorial_dag to None, run_after=None
[2023-09-14T16:46:01.013+0000] {processor.py:178} INFO - Processing /home/airflow/.local/lib/python3.7/site-packages/airflow/example_dags/tutorial_dag.py took 0.456 seconds
[2023-09-14T16:46:31.497+0000] {processor.py:156} INFO - Started process (PID=926) to work on /home/airflow/.local/lib/python3.7/site-packages/airflow/example_dags/tutorial_dag.py
[2023-09-14T16:46:31.501+0000] {processor.py:799} INFO - Processing file /home/airflow/.local/lib/python3.7/site-packages/airflow/example_dags/tutorial_dag.py for tasks to queue
[2023-09-14T16:46:31.505+0000] {logging_mixin.py:149} INFO - [2023-09-14T16:46:31.504+0000] {dagbag.py:541} INFO - Filling up the DagBag from /home/airflow/.local/lib/python3.7/site-packages/airflow/example_dags/tutorial_dag.py
[2023-09-14T16:46:31.536+0000] {processor.py:809} INFO - DAG(s) dict_keys(['tutorial_dag']) retrieved from /home/airflow/.local/lib/python3.7/site-packages/airflow/example_dags/tutorial_dag.py
[2023-09-14T16:46:31.637+0000] {logging_mixin.py:149} INFO - [2023-09-14T16:46:31.636+0000] {dag.py:2726} INFO - Sync 1 DAGs
[2023-09-14T16:46:31.749+0000] {logging_mixin.py:149} INFO - [2023-09-14T16:46:31.749+0000] {dag.py:3490} INFO - Setting next_dagrun for tutorial_dag to None, run_after=None
[2023-09-14T16:46:31.814+0000] {processor.py:178} INFO - Processing /home/airflow/.local/lib/python3.7/site-packages/airflow/example_dags/tutorial_dag.py took 0.328 seconds
[2023-09-14T16:47:02.441+0000] {processor.py:156} INFO - Started process (PID=986) to work on /home/airflow/.local/lib/python3.7/site-packages/airflow/example_dags/tutorial_dag.py
[2023-09-14T16:47:02.445+0000] {processor.py:799} INFO - Processing file /home/airflow/.local/lib/python3.7/site-packages/airflow/example_dags/tutorial_dag.py for tasks to queue
[2023-09-14T16:47:02.449+0000] {logging_mixin.py:149} INFO - [2023-09-14T16:47:02.448+0000] {dagbag.py:541} INFO - Filling up the DagBag from /home/airflow/.local/lib/python3.7/site-packages/airflow/example_dags/tutorial_dag.py
[2023-09-14T16:47:02.470+0000] {processor.py:809} INFO - DAG(s) dict_keys(['tutorial_dag']) retrieved from /home/airflow/.local/lib/python3.7/site-packages/airflow/example_dags/tutorial_dag.py
[2023-09-14T16:47:02.543+0000] {logging_mixin.py:149} INFO - [2023-09-14T16:47:02.542+0000] {dag.py:2726} INFO - Sync 1 DAGs
[2023-09-14T16:47:02.634+0000] {logging_mixin.py:149} INFO - [2023-09-14T16:47:02.633+0000] {dag.py:3490} INFO - Setting next_dagrun for tutorial_dag to None, run_after=None
[2023-09-14T16:47:02.693+0000] {processor.py:178} INFO - Processing /home/airflow/.local/lib/python3.7/site-packages/airflow/example_dags/tutorial_dag.py took 0.265 seconds
[2023-09-14T16:47:33.899+0000] {processor.py:156} INFO - Started process (PID=1039) to work on /home/airflow/.local/lib/python3.7/site-packages/airflow/example_dags/tutorial_dag.py
[2023-09-14T16:47:33.904+0000] {processor.py:799} INFO - Processing file /home/airflow/.local/lib/python3.7/site-packages/airflow/example_dags/tutorial_dag.py for tasks to queue
[2023-09-14T16:47:33.908+0000] {logging_mixin.py:149} INFO - [2023-09-14T16:47:33.907+0000] {dagbag.py:541} INFO - Filling up the DagBag from /home/airflow/.local/lib/python3.7/site-packages/airflow/example_dags/tutorial_dag.py
[2023-09-14T16:47:33.922+0000] {processor.py:809} INFO - DAG(s) dict_keys(['tutorial_dag']) retrieved from /home/airflow/.local/lib/python3.7/site-packages/airflow/example_dags/tutorial_dag.py
[2023-09-14T16:47:34.013+0000] {logging_mixin.py:149} INFO - [2023-09-14T16:47:34.013+0000] {dag.py:2726} INFO - Sync 1 DAGs
[2023-09-14T16:47:34.090+0000] {logging_mixin.py:149} INFO - [2023-09-14T16:47:34.089+0000] {dag.py:3490} INFO - Setting next_dagrun for tutorial_dag to None, run_after=None
[2023-09-14T16:47:34.170+0000] {processor.py:178} INFO - Processing /home/airflow/.local/lib/python3.7/site-packages/airflow/example_dags/tutorial_dag.py took 0.281 seconds
[2023-09-14T16:48:04.573+0000] {processor.py:156} INFO - Started process (PID=1100) to work on /home/airflow/.local/lib/python3.7/site-packages/airflow/example_dags/tutorial_dag.py
[2023-09-14T16:48:04.576+0000] {processor.py:799} INFO - Processing file /home/airflow/.local/lib/python3.7/site-packages/airflow/example_dags/tutorial_dag.py for tasks to queue
[2023-09-14T16:48:04.578+0000] {logging_mixin.py:149} INFO - [2023-09-14T16:48:04.578+0000] {dagbag.py:541} INFO - Filling up the DagBag from /home/airflow/.local/lib/python3.7/site-packages/airflow/example_dags/tutorial_dag.py
[2023-09-14T16:48:04.594+0000] {processor.py:809} INFO - DAG(s) dict_keys(['tutorial_dag']) retrieved from /home/airflow/.local/lib/python3.7/site-packages/airflow/example_dags/tutorial_dag.py
[2023-09-14T16:48:04.673+0000] {logging_mixin.py:149} INFO - [2023-09-14T16:48:04.672+0000] {dag.py:2726} INFO - Sync 1 DAGs
[2023-09-14T16:48:04.767+0000] {logging_mixin.py:149} INFO - [2023-09-14T16:48:04.766+0000] {dag.py:3490} INFO - Setting next_dagrun for tutorial_dag to None, run_after=None
[2023-09-14T16:48:04.827+0000] {processor.py:178} INFO - Processing /home/airflow/.local/lib/python3.7/site-packages/airflow/example_dags/tutorial_dag.py took 0.264 seconds
[2023-09-14T16:48:36.198+0000] {processor.py:156} INFO - Started process (PID=1161) to work on /home/airflow/.local/lib/python3.7/site-packages/airflow/example_dags/tutorial_dag.py
[2023-09-14T16:48:36.201+0000] {processor.py:799} INFO - Processing file /home/airflow/.local/lib/python3.7/site-packages/airflow/example_dags/tutorial_dag.py for tasks to queue
[2023-09-14T16:48:36.203+0000] {logging_mixin.py:149} INFO - [2023-09-14T16:48:36.203+0000] {dagbag.py:541} INFO - Filling up the DagBag from /home/airflow/.local/lib/python3.7/site-packages/airflow/example_dags/tutorial_dag.py
[2023-09-14T16:48:36.219+0000] {processor.py:809} INFO - DAG(s) dict_keys(['tutorial_dag']) retrieved from /home/airflow/.local/lib/python3.7/site-packages/airflow/example_dags/tutorial_dag.py
[2023-09-14T16:48:36.280+0000] {logging_mixin.py:149} INFO - [2023-09-14T16:48:36.280+0000] {dag.py:2726} INFO - Sync 1 DAGs
[2023-09-14T16:48:36.341+0000] {logging_mixin.py:149} INFO - [2023-09-14T16:48:36.340+0000] {dag.py:3490} INFO - Setting next_dagrun for tutorial_dag to None, run_after=None
[2023-09-14T16:48:36.435+0000] {processor.py:178} INFO - Processing /home/airflow/.local/lib/python3.7/site-packages/airflow/example_dags/tutorial_dag.py took 0.248 seconds
[2023-09-14T16:49:08.391+0000] {processor.py:156} INFO - Started process (PID=1222) to work on /home/airflow/.local/lib/python3.7/site-packages/airflow/example_dags/tutorial_dag.py
[2023-09-14T16:49:08.395+0000] {processor.py:799} INFO - Processing file /home/airflow/.local/lib/python3.7/site-packages/airflow/example_dags/tutorial_dag.py for tasks to queue
[2023-09-14T16:49:08.399+0000] {logging_mixin.py:149} INFO - [2023-09-14T16:49:08.398+0000] {dagbag.py:541} INFO - Filling up the DagBag from /home/airflow/.local/lib/python3.7/site-packages/airflow/example_dags/tutorial_dag.py
[2023-09-14T16:49:08.420+0000] {processor.py:809} INFO - DAG(s) dict_keys(['tutorial_dag']) retrieved from /home/airflow/.local/lib/python3.7/site-packages/airflow/example_dags/tutorial_dag.py
[2023-09-14T16:49:08.504+0000] {logging_mixin.py:149} INFO - [2023-09-14T16:49:08.503+0000] {dag.py:2726} INFO - Sync 1 DAGs
[2023-09-14T16:49:08.639+0000] {logging_mixin.py:149} INFO - [2023-09-14T16:49:08.638+0000] {dag.py:3490} INFO - Setting next_dagrun for tutorial_dag to None, run_after=None
[2023-09-14T16:49:08.732+0000] {processor.py:178} INFO - Processing /home/airflow/.local/lib/python3.7/site-packages/airflow/example_dags/tutorial_dag.py took 0.354 seconds
[2023-09-14T16:49:39.307+0000] {processor.py:156} INFO - Started process (PID=1283) to work on /home/airflow/.local/lib/python3.7/site-packages/airflow/example_dags/tutorial_dag.py
[2023-09-14T16:49:39.310+0000] {processor.py:799} INFO - Processing file /home/airflow/.local/lib/python3.7/site-packages/airflow/example_dags/tutorial_dag.py for tasks to queue
[2023-09-14T16:49:39.313+0000] {logging_mixin.py:149} INFO - [2023-09-14T16:49:39.313+0000] {dagbag.py:541} INFO - Filling up the DagBag from /home/airflow/.local/lib/python3.7/site-packages/airflow/example_dags/tutorial_dag.py
[2023-09-14T16:49:39.343+0000] {processor.py:809} INFO - DAG(s) dict_keys(['tutorial_dag']) retrieved from /home/airflow/.local/lib/python3.7/site-packages/airflow/example_dags/tutorial_dag.py
[2023-09-14T16:49:39.440+0000] {logging_mixin.py:149} INFO - [2023-09-14T16:49:39.439+0000] {dag.py:2726} INFO - Sync 1 DAGs
[2023-09-14T16:49:39.549+0000] {logging_mixin.py:149} INFO - [2023-09-14T16:49:39.549+0000] {dag.py:3490} INFO - Setting next_dagrun for tutorial_dag to None, run_after=None
[2023-09-14T16:49:39.617+0000] {processor.py:178} INFO - Processing /home/airflow/.local/lib/python3.7/site-packages/airflow/example_dags/tutorial_dag.py took 0.323 seconds
[2023-09-14T16:50:10.750+0000] {processor.py:156} INFO - Started process (PID=1344) to work on /home/airflow/.local/lib/python3.7/site-packages/airflow/example_dags/tutorial_dag.py
[2023-09-14T16:50:10.755+0000] {processor.py:799} INFO - Processing file /home/airflow/.local/lib/python3.7/site-packages/airflow/example_dags/tutorial_dag.py for tasks to queue
[2023-09-14T16:50:10.759+0000] {logging_mixin.py:149} INFO - [2023-09-14T16:50:10.759+0000] {dagbag.py:541} INFO - Filling up the DagBag from /home/airflow/.local/lib/python3.7/site-packages/airflow/example_dags/tutorial_dag.py
[2023-09-14T16:50:10.779+0000] {processor.py:809} INFO - DAG(s) dict_keys(['tutorial_dag']) retrieved from /home/airflow/.local/lib/python3.7/site-packages/airflow/example_dags/tutorial_dag.py
[2023-09-14T16:50:10.922+0000] {logging_mixin.py:149} INFO - [2023-09-14T16:50:10.922+0000] {dag.py:2726} INFO - Sync 1 DAGs
[2023-09-14T16:50:11.048+0000] {logging_mixin.py:149} INFO - [2023-09-14T16:50:11.047+0000] {dag.py:3490} INFO - Setting next_dagrun for tutorial_dag to None, run_after=None
[2023-09-14T16:50:11.205+0000] {processor.py:178} INFO - Processing /home/airflow/.local/lib/python3.7/site-packages/airflow/example_dags/tutorial_dag.py took 0.470 seconds
[2023-09-14T16:50:42.896+0000] {processor.py:156} INFO - Started process (PID=1405) to work on /home/airflow/.local/lib/python3.7/site-packages/airflow/example_dags/tutorial_dag.py
[2023-09-14T16:50:42.899+0000] {processor.py:799} INFO - Processing file /home/airflow/.local/lib/python3.7/site-packages/airflow/example_dags/tutorial_dag.py for tasks to queue
[2023-09-14T16:50:42.902+0000] {logging_mixin.py:149} INFO - [2023-09-14T16:50:42.902+0000] {dagbag.py:541} INFO - Filling up the DagBag from /home/airflow/.local/lib/python3.7/site-packages/airflow/example_dags/tutorial_dag.py
[2023-09-14T16:50:42.918+0000] {processor.py:809} INFO - DAG(s) dict_keys(['tutorial_dag']) retrieved from /home/airflow/.local/lib/python3.7/site-packages/airflow/example_dags/tutorial_dag.py
[2023-09-14T16:50:43.003+0000] {logging_mixin.py:149} INFO - [2023-09-14T16:50:43.002+0000] {dag.py:2726} INFO - Sync 1 DAGs
[2023-09-14T16:50:43.080+0000] {logging_mixin.py:149} INFO - [2023-09-14T16:50:43.080+0000] {dag.py:3490} INFO - Setting next_dagrun for tutorial_dag to None, run_after=None
[2023-09-14T16:50:43.199+0000] {processor.py:178} INFO - Processing /home/airflow/.local/lib/python3.7/site-packages/airflow/example_dags/tutorial_dag.py took 0.315 seconds
[2023-09-14T16:51:14.279+0000] {processor.py:156} INFO - Started process (PID=1466) to work on /home/airflow/.local/lib/python3.7/site-packages/airflow/example_dags/tutorial_dag.py
[2023-09-14T16:51:14.284+0000] {processor.py:799} INFO - Processing file /home/airflow/.local/lib/python3.7/site-packages/airflow/example_dags/tutorial_dag.py for tasks to queue
[2023-09-14T16:51:14.287+0000] {logging_mixin.py:149} INFO - [2023-09-14T16:51:14.286+0000] {dagbag.py:541} INFO - Filling up the DagBag from /home/airflow/.local/lib/python3.7/site-packages/airflow/example_dags/tutorial_dag.py
[2023-09-14T16:51:14.311+0000] {processor.py:809} INFO - DAG(s) dict_keys(['tutorial_dag']) retrieved from /home/airflow/.local/lib/python3.7/site-packages/airflow/example_dags/tutorial_dag.py
[2023-09-14T16:51:14.418+0000] {logging_mixin.py:149} INFO - [2023-09-14T16:51:14.418+0000] {dag.py:2726} INFO - Sync 1 DAGs
[2023-09-14T16:51:14.509+0000] {logging_mixin.py:149} INFO - [2023-09-14T16:51:14.508+0000] {dag.py:3490} INFO - Setting next_dagrun for tutorial_dag to None, run_after=None
[2023-09-14T16:51:14.626+0000] {processor.py:178} INFO - Processing /home/airflow/.local/lib/python3.7/site-packages/airflow/example_dags/tutorial_dag.py took 0.364 seconds
[2023-09-14T16:51:44.761+0000] {processor.py:156} INFO - Started process (PID=1526) to work on /home/airflow/.local/lib/python3.7/site-packages/airflow/example_dags/tutorial_dag.py
[2023-09-14T16:51:44.764+0000] {processor.py:799} INFO - Processing file /home/airflow/.local/lib/python3.7/site-packages/airflow/example_dags/tutorial_dag.py for tasks to queue
[2023-09-14T16:51:44.769+0000] {logging_mixin.py:149} INFO - [2023-09-14T16:51:44.768+0000] {dagbag.py:541} INFO - Filling up the DagBag from /home/airflow/.local/lib/python3.7/site-packages/airflow/example_dags/tutorial_dag.py
[2023-09-14T16:51:44.794+0000] {processor.py:809} INFO - DAG(s) dict_keys(['tutorial_dag']) retrieved from /home/airflow/.local/lib/python3.7/site-packages/airflow/example_dags/tutorial_dag.py
[2023-09-14T16:51:44.882+0000] {logging_mixin.py:149} INFO - [2023-09-14T16:51:44.881+0000] {dag.py:2726} INFO - Sync 1 DAGs
[2023-09-14T16:51:44.991+0000] {logging_mixin.py:149} INFO - [2023-09-14T16:51:44.990+0000] {dag.py:3490} INFO - Setting next_dagrun for tutorial_dag to None, run_after=None
[2023-09-14T16:51:45.086+0000] {processor.py:178} INFO - Processing /home/airflow/.local/lib/python3.7/site-packages/airflow/example_dags/tutorial_dag.py took 0.332 seconds
[2023-09-14T16:52:15.373+0000] {processor.py:156} INFO - Started process (PID=1588) to work on /home/airflow/.local/lib/python3.7/site-packages/airflow/example_dags/tutorial_dag.py
[2023-09-14T16:52:15.377+0000] {processor.py:799} INFO - Processing file /home/airflow/.local/lib/python3.7/site-packages/airflow/example_dags/tutorial_dag.py for tasks to queue
[2023-09-14T16:52:15.384+0000] {logging_mixin.py:149} INFO - [2023-09-14T16:52:15.383+0000] {dagbag.py:541} INFO - Filling up the DagBag from /home/airflow/.local/lib/python3.7/site-packages/airflow/example_dags/tutorial_dag.py
[2023-09-14T16:52:15.405+0000] {processor.py:809} INFO - DAG(s) dict_keys(['tutorial_dag']) retrieved from /home/airflow/.local/lib/python3.7/site-packages/airflow/example_dags/tutorial_dag.py
[2023-09-14T16:52:15.495+0000] {logging_mixin.py:149} INFO - [2023-09-14T16:52:15.494+0000] {dag.py:2726} INFO - Sync 1 DAGs
[2023-09-14T16:52:15.596+0000] {logging_mixin.py:149} INFO - [2023-09-14T16:52:15.595+0000] {dag.py:3490} INFO - Setting next_dagrun for tutorial_dag to None, run_after=None
[2023-09-14T16:52:15.665+0000] {processor.py:178} INFO - Processing /home/airflow/.local/lib/python3.7/site-packages/airflow/example_dags/tutorial_dag.py took 0.306 seconds
[2023-09-14T16:52:46.418+0000] {processor.py:156} INFO - Started process (PID=1649) to work on /home/airflow/.local/lib/python3.7/site-packages/airflow/example_dags/tutorial_dag.py
[2023-09-14T16:52:46.423+0000] {processor.py:799} INFO - Processing file /home/airflow/.local/lib/python3.7/site-packages/airflow/example_dags/tutorial_dag.py for tasks to queue
[2023-09-14T16:52:46.428+0000] {logging_mixin.py:149} INFO - [2023-09-14T16:52:46.427+0000] {dagbag.py:541} INFO - Filling up the DagBag from /home/airflow/.local/lib/python3.7/site-packages/airflow/example_dags/tutorial_dag.py
[2023-09-14T16:52:46.447+0000] {processor.py:809} INFO - DAG(s) dict_keys(['tutorial_dag']) retrieved from /home/airflow/.local/lib/python3.7/site-packages/airflow/example_dags/tutorial_dag.py
[2023-09-14T16:52:46.530+0000] {logging_mixin.py:149} INFO - [2023-09-14T16:52:46.529+0000] {dag.py:2726} INFO - Sync 1 DAGs
[2023-09-14T16:52:46.627+0000] {logging_mixin.py:149} INFO - [2023-09-14T16:52:46.626+0000] {dag.py:3490} INFO - Setting next_dagrun for tutorial_dag to None, run_after=None
[2023-09-14T16:52:46.770+0000] {processor.py:178} INFO - Processing /home/airflow/.local/lib/python3.7/site-packages/airflow/example_dags/tutorial_dag.py took 0.365 seconds
[2023-09-14T16:53:18.960+0000] {processor.py:156} INFO - Started process (PID=1710) to work on /home/airflow/.local/lib/python3.7/site-packages/airflow/example_dags/tutorial_dag.py
[2023-09-14T16:53:18.983+0000] {processor.py:799} INFO - Processing file /home/airflow/.local/lib/python3.7/site-packages/airflow/example_dags/tutorial_dag.py for tasks to queue
[2023-09-14T16:53:18.997+0000] {logging_mixin.py:149} INFO - [2023-09-14T16:53:18.996+0000] {dagbag.py:541} INFO - Filling up the DagBag from /home/airflow/.local/lib/python3.7/site-packages/airflow/example_dags/tutorial_dag.py
[2023-09-14T16:53:19.043+0000] {processor.py:809} INFO - DAG(s) dict_keys(['tutorial_dag']) retrieved from /home/airflow/.local/lib/python3.7/site-packages/airflow/example_dags/tutorial_dag.py
[2023-09-14T16:53:19.252+0000] {logging_mixin.py:149} INFO - [2023-09-14T16:53:19.252+0000] {dag.py:2726} INFO - Sync 1 DAGs
[2023-09-14T16:53:19.544+0000] {logging_mixin.py:149} INFO - [2023-09-14T16:53:19.544+0000] {dag.py:3490} INFO - Setting next_dagrun for tutorial_dag to None, run_after=None
[2023-09-14T16:53:19.687+0000] {processor.py:178} INFO - Processing /home/airflow/.local/lib/python3.7/site-packages/airflow/example_dags/tutorial_dag.py took 0.759 seconds
[2023-09-14T16:53:50.102+0000] {processor.py:156} INFO - Started process (PID=1783) to work on /home/airflow/.local/lib/python3.7/site-packages/airflow/example_dags/tutorial_dag.py
[2023-09-14T16:53:50.109+0000] {processor.py:799} INFO - Processing file /home/airflow/.local/lib/python3.7/site-packages/airflow/example_dags/tutorial_dag.py for tasks to queue
[2023-09-14T16:53:50.113+0000] {logging_mixin.py:149} INFO - [2023-09-14T16:53:50.112+0000] {dagbag.py:541} INFO - Filling up the DagBag from /home/airflow/.local/lib/python3.7/site-packages/airflow/example_dags/tutorial_dag.py
[2023-09-14T16:53:50.141+0000] {processor.py:809} INFO - DAG(s) dict_keys(['tutorial_dag']) retrieved from /home/airflow/.local/lib/python3.7/site-packages/airflow/example_dags/tutorial_dag.py
[2023-09-14T16:53:50.250+0000] {logging_mixin.py:149} INFO - [2023-09-14T16:53:50.249+0000] {dag.py:2726} INFO - Sync 1 DAGs
[2023-09-14T16:53:50.346+0000] {logging_mixin.py:149} INFO - [2023-09-14T16:53:50.345+0000] {dag.py:3490} INFO - Setting next_dagrun for tutorial_dag to None, run_after=None
[2023-09-14T16:53:50.438+0000] {processor.py:178} INFO - Processing /home/airflow/.local/lib/python3.7/site-packages/airflow/example_dags/tutorial_dag.py took 0.348 seconds
[2023-09-14T16:54:37.327+0000] {processor.py:156} INFO - Started process (PID=1854) to work on /home/airflow/.local/lib/python3.7/site-packages/airflow/example_dags/tutorial_dag.py
[2023-09-14T16:54:37.374+0000] {processor.py:799} INFO - Processing file /home/airflow/.local/lib/python3.7/site-packages/airflow/example_dags/tutorial_dag.py for tasks to queue
[2023-09-14T16:54:37.416+0000] {logging_mixin.py:149} INFO - [2023-09-14T16:54:37.414+0000] {dagbag.py:541} INFO - Filling up the DagBag from /home/airflow/.local/lib/python3.7/site-packages/airflow/example_dags/tutorial_dag.py
[2023-09-14T16:54:37.608+0000] {processor.py:809} INFO - DAG(s) dict_keys(['tutorial_dag']) retrieved from /home/airflow/.local/lib/python3.7/site-packages/airflow/example_dags/tutorial_dag.py
[2023-09-14T16:54:37.963+0000] {logging_mixin.py:149} INFO - [2023-09-14T16:54:37.962+0000] {dag.py:2726} INFO - Sync 1 DAGs
[2023-09-14T16:54:38.247+0000] {logging_mixin.py:149} INFO - [2023-09-14T16:54:38.247+0000] {dag.py:3490} INFO - Setting next_dagrun for tutorial_dag to None, run_after=None
[2023-09-14T16:54:38.498+0000] {processor.py:178} INFO - Processing /home/airflow/.local/lib/python3.7/site-packages/airflow/example_dags/tutorial_dag.py took 1.220 seconds
[2023-09-14T16:55:09.022+0000] {processor.py:156} INFO - Started process (PID=1919) to work on /home/airflow/.local/lib/python3.7/site-packages/airflow/example_dags/tutorial_dag.py
[2023-09-14T16:55:09.031+0000] {processor.py:799} INFO - Processing file /home/airflow/.local/lib/python3.7/site-packages/airflow/example_dags/tutorial_dag.py for tasks to queue
[2023-09-14T16:55:09.036+0000] {logging_mixin.py:149} INFO - [2023-09-14T16:55:09.035+0000] {dagbag.py:541} INFO - Filling up the DagBag from /home/airflow/.local/lib/python3.7/site-packages/airflow/example_dags/tutorial_dag.py
[2023-09-14T16:55:09.059+0000] {processor.py:809} INFO - DAG(s) dict_keys(['tutorial_dag']) retrieved from /home/airflow/.local/lib/python3.7/site-packages/airflow/example_dags/tutorial_dag.py
[2023-09-14T16:55:09.162+0000] {logging_mixin.py:149} INFO - [2023-09-14T16:55:09.161+0000] {dag.py:2726} INFO - Sync 1 DAGs
[2023-09-14T16:55:09.292+0000] {logging_mixin.py:149} INFO - [2023-09-14T16:55:09.292+0000] {dag.py:3490} INFO - Setting next_dagrun for tutorial_dag to None, run_after=None
[2023-09-14T16:55:09.402+0000] {processor.py:178} INFO - Processing /home/airflow/.local/lib/python3.7/site-packages/airflow/example_dags/tutorial_dag.py took 0.394 seconds
[2023-09-14T16:55:39.824+0000] {processor.py:156} INFO - Started process (PID=1985) to work on /home/airflow/.local/lib/python3.7/site-packages/airflow/example_dags/tutorial_dag.py
[2023-09-14T16:55:39.827+0000] {processor.py:799} INFO - Processing file /home/airflow/.local/lib/python3.7/site-packages/airflow/example_dags/tutorial_dag.py for tasks to queue
[2023-09-14T16:55:39.829+0000] {logging_mixin.py:149} INFO - [2023-09-14T16:55:39.829+0000] {dagbag.py:541} INFO - Filling up the DagBag from /home/airflow/.local/lib/python3.7/site-packages/airflow/example_dags/tutorial_dag.py
[2023-09-14T16:55:39.843+0000] {processor.py:809} INFO - DAG(s) dict_keys(['tutorial_dag']) retrieved from /home/airflow/.local/lib/python3.7/site-packages/airflow/example_dags/tutorial_dag.py
[2023-09-14T16:55:39.915+0000] {logging_mixin.py:149} INFO - [2023-09-14T16:55:39.915+0000] {dag.py:2726} INFO - Sync 1 DAGs
[2023-09-14T16:55:39.986+0000] {logging_mixin.py:149} INFO - [2023-09-14T16:55:39.986+0000] {dag.py:3490} INFO - Setting next_dagrun for tutorial_dag to None, run_after=None
[2023-09-14T16:55:40.044+0000] {processor.py:178} INFO - Processing /home/airflow/.local/lib/python3.7/site-packages/airflow/example_dags/tutorial_dag.py took 0.230 seconds
[2023-09-14T16:56:11.608+0000] {processor.py:156} INFO - Started process (PID=2050) to work on /home/airflow/.local/lib/python3.7/site-packages/airflow/example_dags/tutorial_dag.py
[2023-09-14T16:56:11.613+0000] {processor.py:799} INFO - Processing file /home/airflow/.local/lib/python3.7/site-packages/airflow/example_dags/tutorial_dag.py for tasks to queue
[2023-09-14T16:56:11.619+0000] {logging_mixin.py:149} INFO - [2023-09-14T16:56:11.619+0000] {dagbag.py:541} INFO - Filling up the DagBag from /home/airflow/.local/lib/python3.7/site-packages/airflow/example_dags/tutorial_dag.py
[2023-09-14T16:56:11.643+0000] {processor.py:809} INFO - DAG(s) dict_keys(['tutorial_dag']) retrieved from /home/airflow/.local/lib/python3.7/site-packages/airflow/example_dags/tutorial_dag.py
[2023-09-14T16:56:11.771+0000] {logging_mixin.py:149} INFO - [2023-09-14T16:56:11.771+0000] {dag.py:2726} INFO - Sync 1 DAGs
[2023-09-14T16:56:11.892+0000] {logging_mixin.py:149} INFO - [2023-09-14T16:56:11.892+0000] {dag.py:3490} INFO - Setting next_dagrun for tutorial_dag to None, run_after=None
[2023-09-14T16:56:11.991+0000] {processor.py:178} INFO - Processing /home/airflow/.local/lib/python3.7/site-packages/airflow/example_dags/tutorial_dag.py took 0.401 seconds
[2023-09-14T16:56:43.545+0000] {processor.py:156} INFO - Started process (PID=2115) to work on /home/airflow/.local/lib/python3.7/site-packages/airflow/example_dags/tutorial_dag.py
[2023-09-14T16:56:43.549+0000] {processor.py:799} INFO - Processing file /home/airflow/.local/lib/python3.7/site-packages/airflow/example_dags/tutorial_dag.py for tasks to queue
[2023-09-14T16:56:43.556+0000] {logging_mixin.py:149} INFO - [2023-09-14T16:56:43.555+0000] {dagbag.py:541} INFO - Filling up the DagBag from /home/airflow/.local/lib/python3.7/site-packages/airflow/example_dags/tutorial_dag.py
[2023-09-14T16:56:43.582+0000] {processor.py:809} INFO - DAG(s) dict_keys(['tutorial_dag']) retrieved from /home/airflow/.local/lib/python3.7/site-packages/airflow/example_dags/tutorial_dag.py
[2023-09-14T16:56:43.713+0000] {logging_mixin.py:149} INFO - [2023-09-14T16:56:43.712+0000] {dag.py:2726} INFO - Sync 1 DAGs
[2023-09-14T16:56:43.889+0000] {logging_mixin.py:149} INFO - [2023-09-14T16:56:43.888+0000] {dag.py:3490} INFO - Setting next_dagrun for tutorial_dag to None, run_after=None
[2023-09-14T16:56:43.988+0000] {processor.py:178} INFO - Processing /home/airflow/.local/lib/python3.7/site-packages/airflow/example_dags/tutorial_dag.py took 0.454 seconds
[2023-09-14T16:57:14.837+0000] {processor.py:156} INFO - Started process (PID=2180) to work on /home/airflow/.local/lib/python3.7/site-packages/airflow/example_dags/tutorial_dag.py
[2023-09-14T16:57:14.843+0000] {processor.py:799} INFO - Processing file /home/airflow/.local/lib/python3.7/site-packages/airflow/example_dags/tutorial_dag.py for tasks to queue
[2023-09-14T16:57:14.848+0000] {logging_mixin.py:149} INFO - [2023-09-14T16:57:14.847+0000] {dagbag.py:541} INFO - Filling up the DagBag from /home/airflow/.local/lib/python3.7/site-packages/airflow/example_dags/tutorial_dag.py
[2023-09-14T16:57:14.861+0000] {processor.py:809} INFO - DAG(s) dict_keys(['tutorial_dag']) retrieved from /home/airflow/.local/lib/python3.7/site-packages/airflow/example_dags/tutorial_dag.py
[2023-09-14T16:57:14.988+0000] {logging_mixin.py:149} INFO - [2023-09-14T16:57:14.987+0000] {dag.py:2726} INFO - Sync 1 DAGs
[2023-09-14T16:57:15.078+0000] {logging_mixin.py:149} INFO - [2023-09-14T16:57:15.077+0000] {dag.py:3490} INFO - Setting next_dagrun for tutorial_dag to None, run_after=None
[2023-09-14T16:57:15.209+0000] {processor.py:178} INFO - Processing /home/airflow/.local/lib/python3.7/site-packages/airflow/example_dags/tutorial_dag.py took 0.385 seconds
[2023-09-14T16:57:45.968+0000] {processor.py:156} INFO - Started process (PID=2247) to work on /home/airflow/.local/lib/python3.7/site-packages/airflow/example_dags/tutorial_dag.py
[2023-09-14T16:57:45.971+0000] {processor.py:799} INFO - Processing file /home/airflow/.local/lib/python3.7/site-packages/airflow/example_dags/tutorial_dag.py for tasks to queue
[2023-09-14T16:57:45.975+0000] {logging_mixin.py:149} INFO - [2023-09-14T16:57:45.974+0000] {dagbag.py:541} INFO - Filling up the DagBag from /home/airflow/.local/lib/python3.7/site-packages/airflow/example_dags/tutorial_dag.py
[2023-09-14T16:57:45.991+0000] {processor.py:809} INFO - DAG(s) dict_keys(['tutorial_dag']) retrieved from /home/airflow/.local/lib/python3.7/site-packages/airflow/example_dags/tutorial_dag.py
[2023-09-14T16:57:46.142+0000] {logging_mixin.py:149} INFO - [2023-09-14T16:57:46.142+0000] {dag.py:2726} INFO - Sync 1 DAGs
[2023-09-14T16:57:46.354+0000] {logging_mixin.py:149} INFO - [2023-09-14T16:57:46.353+0000] {dag.py:3490} INFO - Setting next_dagrun for tutorial_dag to None, run_after=None
[2023-09-14T16:57:46.467+0000] {processor.py:178} INFO - Processing /home/airflow/.local/lib/python3.7/site-packages/airflow/example_dags/tutorial_dag.py took 0.508 seconds
[2023-09-14T16:58:19.063+0000] {processor.py:156} INFO - Started process (PID=2313) to work on /home/airflow/.local/lib/python3.7/site-packages/airflow/example_dags/tutorial_dag.py
[2023-09-14T16:58:19.071+0000] {processor.py:799} INFO - Processing file /home/airflow/.local/lib/python3.7/site-packages/airflow/example_dags/tutorial_dag.py for tasks to queue
[2023-09-14T16:58:19.075+0000] {logging_mixin.py:149} INFO - [2023-09-14T16:58:19.074+0000] {dagbag.py:541} INFO - Filling up the DagBag from /home/airflow/.local/lib/python3.7/site-packages/airflow/example_dags/tutorial_dag.py
[2023-09-14T16:58:19.107+0000] {processor.py:809} INFO - DAG(s) dict_keys(['tutorial_dag']) retrieved from /home/airflow/.local/lib/python3.7/site-packages/airflow/example_dags/tutorial_dag.py
[2023-09-14T16:58:19.262+0000] {logging_mixin.py:149} INFO - [2023-09-14T16:58:19.261+0000] {dag.py:2726} INFO - Sync 1 DAGs
[2023-09-14T16:58:19.414+0000] {logging_mixin.py:149} INFO - [2023-09-14T16:58:19.413+0000] {dag.py:3490} INFO - Setting next_dagrun for tutorial_dag to None, run_after=None
[2023-09-14T16:58:19.567+0000] {processor.py:178} INFO - Processing /home/airflow/.local/lib/python3.7/site-packages/airflow/example_dags/tutorial_dag.py took 0.518 seconds
[2023-09-14T16:58:57.371+0000] {processor.py:156} INFO - Started process (PID=2380) to work on /home/airflow/.local/lib/python3.7/site-packages/airflow/example_dags/tutorial_dag.py
[2023-09-14T16:58:57.375+0000] {processor.py:799} INFO - Processing file /home/airflow/.local/lib/python3.7/site-packages/airflow/example_dags/tutorial_dag.py for tasks to queue
[2023-09-14T16:58:57.380+0000] {logging_mixin.py:149} INFO - [2023-09-14T16:58:57.379+0000] {dagbag.py:541} INFO - Filling up the DagBag from /home/airflow/.local/lib/python3.7/site-packages/airflow/example_dags/tutorial_dag.py
[2023-09-14T16:58:57.400+0000] {processor.py:809} INFO - DAG(s) dict_keys(['tutorial_dag']) retrieved from /home/airflow/.local/lib/python3.7/site-packages/airflow/example_dags/tutorial_dag.py
[2023-09-14T16:58:57.486+0000] {logging_mixin.py:149} INFO - [2023-09-14T16:58:57.486+0000] {dag.py:2726} INFO - Sync 1 DAGs
[2023-09-14T16:58:57.567+0000] {logging_mixin.py:149} INFO - [2023-09-14T16:58:57.566+0000] {dag.py:3490} INFO - Setting next_dagrun for tutorial_dag to None, run_after=None
[2023-09-14T16:58:57.637+0000] {processor.py:178} INFO - Processing /home/airflow/.local/lib/python3.7/site-packages/airflow/example_dags/tutorial_dag.py took 0.277 seconds
[2023-09-14T16:59:29.040+0000] {processor.py:156} INFO - Started process (PID=2443) to work on /home/airflow/.local/lib/python3.7/site-packages/airflow/example_dags/tutorial_dag.py
[2023-09-14T16:59:29.046+0000] {processor.py:799} INFO - Processing file /home/airflow/.local/lib/python3.7/site-packages/airflow/example_dags/tutorial_dag.py for tasks to queue
[2023-09-14T16:59:29.050+0000] {logging_mixin.py:149} INFO - [2023-09-14T16:59:29.049+0000] {dagbag.py:541} INFO - Filling up the DagBag from /home/airflow/.local/lib/python3.7/site-packages/airflow/example_dags/tutorial_dag.py
[2023-09-14T16:59:29.087+0000] {processor.py:809} INFO - DAG(s) dict_keys(['tutorial_dag']) retrieved from /home/airflow/.local/lib/python3.7/site-packages/airflow/example_dags/tutorial_dag.py
[2023-09-14T16:59:29.245+0000] {logging_mixin.py:149} INFO - [2023-09-14T16:59:29.244+0000] {dag.py:2726} INFO - Sync 1 DAGs
[2023-09-14T16:59:29.427+0000] {logging_mixin.py:149} INFO - [2023-09-14T16:59:29.426+0000] {dag.py:3490} INFO - Setting next_dagrun for tutorial_dag to None, run_after=None
[2023-09-14T16:59:29.582+0000] {processor.py:178} INFO - Processing /home/airflow/.local/lib/python3.7/site-packages/airflow/example_dags/tutorial_dag.py took 0.568 seconds
[2023-09-14T17:00:02.212+0000] {processor.py:156} INFO - Started process (PID=2507) to work on /home/airflow/.local/lib/python3.7/site-packages/airflow/example_dags/tutorial_dag.py
[2023-09-14T17:00:02.223+0000] {processor.py:799} INFO - Processing file /home/airflow/.local/lib/python3.7/site-packages/airflow/example_dags/tutorial_dag.py for tasks to queue
[2023-09-14T17:00:02.228+0000] {logging_mixin.py:149} INFO - [2023-09-14T17:00:02.227+0000] {dagbag.py:541} INFO - Filling up the DagBag from /home/airflow/.local/lib/python3.7/site-packages/airflow/example_dags/tutorial_dag.py
[2023-09-14T17:00:02.282+0000] {processor.py:809} INFO - DAG(s) dict_keys(['tutorial_dag']) retrieved from /home/airflow/.local/lib/python3.7/site-packages/airflow/example_dags/tutorial_dag.py
[2023-09-14T17:00:02.491+0000] {logging_mixin.py:149} INFO - [2023-09-14T17:00:02.490+0000] {dag.py:2726} INFO - Sync 1 DAGs
[2023-09-14T17:00:02.747+0000] {logging_mixin.py:149} INFO - [2023-09-14T17:00:02.746+0000] {dag.py:3490} INFO - Setting next_dagrun for tutorial_dag to None, run_after=None
[2023-09-14T17:00:02.908+0000] {processor.py:178} INFO - Processing /home/airflow/.local/lib/python3.7/site-packages/airflow/example_dags/tutorial_dag.py took 0.718 seconds
[2023-09-14T17:00:33.392+0000] {processor.py:156} INFO - Started process (PID=2570) to work on /home/airflow/.local/lib/python3.7/site-packages/airflow/example_dags/tutorial_dag.py
[2023-09-14T17:00:33.394+0000] {processor.py:799} INFO - Processing file /home/airflow/.local/lib/python3.7/site-packages/airflow/example_dags/tutorial_dag.py for tasks to queue
[2023-09-14T17:00:33.397+0000] {logging_mixin.py:149} INFO - [2023-09-14T17:00:33.397+0000] {dagbag.py:541} INFO - Filling up the DagBag from /home/airflow/.local/lib/python3.7/site-packages/airflow/example_dags/tutorial_dag.py
[2023-09-14T17:00:33.414+0000] {processor.py:809} INFO - DAG(s) dict_keys(['tutorial_dag']) retrieved from /home/airflow/.local/lib/python3.7/site-packages/airflow/example_dags/tutorial_dag.py
[2023-09-14T17:00:33.465+0000] {logging_mixin.py:149} INFO - [2023-09-14T17:00:33.464+0000] {dag.py:2726} INFO - Sync 1 DAGs
[2023-09-14T17:00:33.518+0000] {logging_mixin.py:149} INFO - [2023-09-14T17:00:33.517+0000] {dag.py:3490} INFO - Setting next_dagrun for tutorial_dag to None, run_after=None
[2023-09-14T17:00:33.621+0000] {processor.py:178} INFO - Processing /home/airflow/.local/lib/python3.7/site-packages/airflow/example_dags/tutorial_dag.py took 0.239 seconds
[2023-09-14T17:01:04.215+0000] {processor.py:156} INFO - Started process (PID=2634) to work on /home/airflow/.local/lib/python3.7/site-packages/airflow/example_dags/tutorial_dag.py
[2023-09-14T17:01:04.220+0000] {processor.py:799} INFO - Processing file /home/airflow/.local/lib/python3.7/site-packages/airflow/example_dags/tutorial_dag.py for tasks to queue
[2023-09-14T17:01:04.223+0000] {logging_mixin.py:149} INFO - [2023-09-14T17:01:04.222+0000] {dagbag.py:541} INFO - Filling up the DagBag from /home/airflow/.local/lib/python3.7/site-packages/airflow/example_dags/tutorial_dag.py
[2023-09-14T17:01:04.252+0000] {processor.py:809} INFO - DAG(s) dict_keys(['tutorial_dag']) retrieved from /home/airflow/.local/lib/python3.7/site-packages/airflow/example_dags/tutorial_dag.py
[2023-09-14T17:01:04.322+0000] {logging_mixin.py:149} INFO - [2023-09-14T17:01:04.322+0000] {dag.py:2726} INFO - Sync 1 DAGs
[2023-09-14T17:01:04.464+0000] {logging_mixin.py:149} INFO - [2023-09-14T17:01:04.464+0000] {dag.py:3490} INFO - Setting next_dagrun for tutorial_dag to None, run_after=None
[2023-09-14T17:01:04.516+0000] {processor.py:178} INFO - Processing /home/airflow/.local/lib/python3.7/site-packages/airflow/example_dags/tutorial_dag.py took 0.311 seconds
[2023-09-14T17:01:34.806+0000] {processor.py:156} INFO - Started process (PID=2698) to work on /home/airflow/.local/lib/python3.7/site-packages/airflow/example_dags/tutorial_dag.py
[2023-09-14T17:01:34.809+0000] {processor.py:799} INFO - Processing file /home/airflow/.local/lib/python3.7/site-packages/airflow/example_dags/tutorial_dag.py for tasks to queue
[2023-09-14T17:01:34.810+0000] {logging_mixin.py:149} INFO - [2023-09-14T17:01:34.810+0000] {dagbag.py:541} INFO - Filling up the DagBag from /home/airflow/.local/lib/python3.7/site-packages/airflow/example_dags/tutorial_dag.py
[2023-09-14T17:01:34.820+0000] {processor.py:809} INFO - DAG(s) dict_keys(['tutorial_dag']) retrieved from /home/airflow/.local/lib/python3.7/site-packages/airflow/example_dags/tutorial_dag.py
[2023-09-14T17:01:34.863+0000] {logging_mixin.py:149} INFO - [2023-09-14T17:01:34.863+0000] {dag.py:2726} INFO - Sync 1 DAGs
[2023-09-14T17:01:34.928+0000] {logging_mixin.py:149} INFO - [2023-09-14T17:01:34.928+0000] {dag.py:3490} INFO - Setting next_dagrun for tutorial_dag to None, run_after=None
[2023-09-14T17:01:34.978+0000] {processor.py:178} INFO - Processing /home/airflow/.local/lib/python3.7/site-packages/airflow/example_dags/tutorial_dag.py took 0.177 seconds
[2023-09-14T17:02:05.358+0000] {processor.py:156} INFO - Started process (PID=2763) to work on /home/airflow/.local/lib/python3.7/site-packages/airflow/example_dags/tutorial_dag.py
[2023-09-14T17:02:05.360+0000] {processor.py:799} INFO - Processing file /home/airflow/.local/lib/python3.7/site-packages/airflow/example_dags/tutorial_dag.py for tasks to queue
[2023-09-14T17:02:05.361+0000] {logging_mixin.py:149} INFO - [2023-09-14T17:02:05.361+0000] {dagbag.py:541} INFO - Filling up the DagBag from /home/airflow/.local/lib/python3.7/site-packages/airflow/example_dags/tutorial_dag.py
[2023-09-14T17:02:05.372+0000] {processor.py:809} INFO - DAG(s) dict_keys(['tutorial_dag']) retrieved from /home/airflow/.local/lib/python3.7/site-packages/airflow/example_dags/tutorial_dag.py
[2023-09-14T17:02:05.424+0000] {logging_mixin.py:149} INFO - [2023-09-14T17:02:05.424+0000] {dag.py:2726} INFO - Sync 1 DAGs
[2023-09-14T17:02:05.468+0000] {logging_mixin.py:149} INFO - [2023-09-14T17:02:05.468+0000] {dag.py:3490} INFO - Setting next_dagrun for tutorial_dag to None, run_after=None
[2023-09-14T17:02:05.517+0000] {processor.py:178} INFO - Processing /home/airflow/.local/lib/python3.7/site-packages/airflow/example_dags/tutorial_dag.py took 0.170 seconds
