[2023-09-14T16:10:55.303+0000] {processor.py:156} INFO - Started process (PID=80) to work on /home/airflow/.local/lib/python3.7/site-packages/airflow/example_dags/tutorial_taskflow_api.py
[2023-09-14T16:10:55.513+0000] {processor.py:799} INFO - Processing file /home/airflow/.local/lib/python3.7/site-packages/airflow/example_dags/tutorial_taskflow_api.py for tasks to queue
[2023-09-14T16:10:55.525+0000] {logging_mixin.py:149} INFO - [2023-09-14T16:10:55.522+0000] {dagbag.py:541} INFO - Filling up the DagBag from /home/airflow/.local/lib/python3.7/site-packages/airflow/example_dags/tutorial_taskflow_api.py
[2023-09-14T16:10:55.865+0000] {processor.py:809} INFO - DAG(s) dict_keys(['tutorial_taskflow_api']) retrieved from /home/airflow/.local/lib/python3.7/site-packages/airflow/example_dags/tutorial_taskflow_api.py
[2023-09-14T16:10:56.469+0000] {logging_mixin.py:149} INFO - [2023-09-14T16:10:56.469+0000] {dag.py:2726} INFO - Sync 1 DAGs
[2023-09-14T16:10:57.915+0000] {logging_mixin.py:149} INFO - [2023-09-14T16:10:57.915+0000] {dag.py:3490} INFO - Setting next_dagrun for tutorial_taskflow_api to None, run_after=None
[2023-09-14T16:10:58.197+0000] {processor.py:178} INFO - Processing /home/airflow/.local/lib/python3.7/site-packages/airflow/example_dags/tutorial_taskflow_api.py took 2.974 seconds
[2023-09-14T16:11:54.599+0000] {processor.py:156} INFO - Started process (PID=149) to work on /home/airflow/.local/lib/python3.7/site-packages/airflow/example_dags/tutorial_taskflow_api.py
[2023-09-14T16:11:54.606+0000] {processor.py:799} INFO - Processing file /home/airflow/.local/lib/python3.7/site-packages/airflow/example_dags/tutorial_taskflow_api.py for tasks to queue
[2023-09-14T16:11:54.609+0000] {logging_mixin.py:149} INFO - [2023-09-14T16:11:54.608+0000] {dagbag.py:541} INFO - Filling up the DagBag from /home/airflow/.local/lib/python3.7/site-packages/airflow/example_dags/tutorial_taskflow_api.py
[2023-09-14T16:11:54.634+0000] {processor.py:809} INFO - DAG(s) dict_keys(['tutorial_taskflow_api']) retrieved from /home/airflow/.local/lib/python3.7/site-packages/airflow/example_dags/tutorial_taskflow_api.py
[2023-09-14T16:11:54.815+0000] {logging_mixin.py:149} INFO - [2023-09-14T16:11:54.805+0000] {dag.py:2726} INFO - Sync 1 DAGs
[2023-09-14T16:11:55.567+0000] {logging_mixin.py:149} INFO - [2023-09-14T16:11:55.566+0000] {dag.py:3490} INFO - Setting next_dagrun for tutorial_taskflow_api to None, run_after=None
[2023-09-14T16:11:55.740+0000] {processor.py:178} INFO - Processing /home/airflow/.local/lib/python3.7/site-packages/airflow/example_dags/tutorial_taskflow_api.py took 1.150 seconds
[2023-09-14T16:12:31.930+0000] {processor.py:156} INFO - Started process (PID=210) to work on /home/airflow/.local/lib/python3.7/site-packages/airflow/example_dags/tutorial_taskflow_api.py
[2023-09-14T16:12:31.933+0000] {processor.py:799} INFO - Processing file /home/airflow/.local/lib/python3.7/site-packages/airflow/example_dags/tutorial_taskflow_api.py for tasks to queue
[2023-09-14T16:12:31.936+0000] {logging_mixin.py:149} INFO - [2023-09-14T16:12:31.936+0000] {dagbag.py:541} INFO - Filling up the DagBag from /home/airflow/.local/lib/python3.7/site-packages/airflow/example_dags/tutorial_taskflow_api.py
[2023-09-14T16:12:31.994+0000] {processor.py:809} INFO - DAG(s) dict_keys(['tutorial_taskflow_api']) retrieved from /home/airflow/.local/lib/python3.7/site-packages/airflow/example_dags/tutorial_taskflow_api.py
[2023-09-14T16:12:32.212+0000] {logging_mixin.py:149} INFO - [2023-09-14T16:12:32.211+0000] {dag.py:2726} INFO - Sync 1 DAGs
[2023-09-14T16:12:32.437+0000] {logging_mixin.py:149} INFO - [2023-09-14T16:12:32.436+0000] {dag.py:3490} INFO - Setting next_dagrun for tutorial_taskflow_api to None, run_after=None
[2023-09-14T16:12:32.565+0000] {processor.py:178} INFO - Processing /home/airflow/.local/lib/python3.7/site-packages/airflow/example_dags/tutorial_taskflow_api.py took 0.653 seconds
[2023-09-14T16:13:08.649+0000] {processor.py:156} INFO - Started process (PID=270) to work on /home/airflow/.local/lib/python3.7/site-packages/airflow/example_dags/tutorial_taskflow_api.py
[2023-09-14T16:13:08.663+0000] {processor.py:799} INFO - Processing file /home/airflow/.local/lib/python3.7/site-packages/airflow/example_dags/tutorial_taskflow_api.py for tasks to queue
[2023-09-14T16:13:08.666+0000] {logging_mixin.py:149} INFO - [2023-09-14T16:13:08.665+0000] {dagbag.py:541} INFO - Filling up the DagBag from /home/airflow/.local/lib/python3.7/site-packages/airflow/example_dags/tutorial_taskflow_api.py
[2023-09-14T16:13:08.708+0000] {processor.py:809} INFO - DAG(s) dict_keys(['tutorial_taskflow_api']) retrieved from /home/airflow/.local/lib/python3.7/site-packages/airflow/example_dags/tutorial_taskflow_api.py
[2023-09-14T16:13:08.805+0000] {logging_mixin.py:149} INFO - [2023-09-14T16:13:08.804+0000] {dag.py:2726} INFO - Sync 1 DAGs
[2023-09-14T16:13:08.912+0000] {logging_mixin.py:149} INFO - [2023-09-14T16:13:08.911+0000] {dag.py:3490} INFO - Setting next_dagrun for tutorial_taskflow_api to None, run_after=None
[2023-09-14T16:13:08.985+0000] {processor.py:178} INFO - Processing /home/airflow/.local/lib/python3.7/site-packages/airflow/example_dags/tutorial_taskflow_api.py took 0.349 seconds
[2023-09-14T16:13:44.955+0000] {processor.py:156} INFO - Started process (PID=323) to work on /home/airflow/.local/lib/python3.7/site-packages/airflow/example_dags/tutorial_taskflow_api.py
[2023-09-14T16:13:44.961+0000] {processor.py:799} INFO - Processing file /home/airflow/.local/lib/python3.7/site-packages/airflow/example_dags/tutorial_taskflow_api.py for tasks to queue
[2023-09-14T16:13:44.971+0000] {logging_mixin.py:149} INFO - [2023-09-14T16:13:44.971+0000] {dagbag.py:541} INFO - Filling up the DagBag from /home/airflow/.local/lib/python3.7/site-packages/airflow/example_dags/tutorial_taskflow_api.py
[2023-09-14T16:13:45.010+0000] {processor.py:809} INFO - DAG(s) dict_keys(['tutorial_taskflow_api']) retrieved from /home/airflow/.local/lib/python3.7/site-packages/airflow/example_dags/tutorial_taskflow_api.py
[2023-09-14T16:13:45.162+0000] {logging_mixin.py:149} INFO - [2023-09-14T16:13:45.154+0000] {dag.py:2726} INFO - Sync 1 DAGs
[2023-09-14T16:13:45.388+0000] {logging_mixin.py:149} INFO - [2023-09-14T16:13:45.388+0000] {dag.py:3490} INFO - Setting next_dagrun for tutorial_taskflow_api to None, run_after=None
[2023-09-14T16:13:45.500+0000] {processor.py:178} INFO - Processing /home/airflow/.local/lib/python3.7/site-packages/airflow/example_dags/tutorial_taskflow_api.py took 0.562 seconds
[2023-09-14T16:14:19.535+0000] {processor.py:156} INFO - Started process (PID=384) to work on /home/airflow/.local/lib/python3.7/site-packages/airflow/example_dags/tutorial_taskflow_api.py
[2023-09-14T16:14:19.538+0000] {processor.py:799} INFO - Processing file /home/airflow/.local/lib/python3.7/site-packages/airflow/example_dags/tutorial_taskflow_api.py for tasks to queue
[2023-09-14T16:14:19.543+0000] {logging_mixin.py:149} INFO - [2023-09-14T16:14:19.543+0000] {dagbag.py:541} INFO - Filling up the DagBag from /home/airflow/.local/lib/python3.7/site-packages/airflow/example_dags/tutorial_taskflow_api.py
[2023-09-14T16:14:19.581+0000] {processor.py:809} INFO - DAG(s) dict_keys(['tutorial_taskflow_api']) retrieved from /home/airflow/.local/lib/python3.7/site-packages/airflow/example_dags/tutorial_taskflow_api.py
[2023-09-14T16:14:19.699+0000] {logging_mixin.py:149} INFO - [2023-09-14T16:14:19.699+0000] {dag.py:2726} INFO - Sync 1 DAGs
[2023-09-14T16:14:19.813+0000] {logging_mixin.py:149} INFO - [2023-09-14T16:14:19.813+0000] {dag.py:3490} INFO - Setting next_dagrun for tutorial_taskflow_api to None, run_after=None
[2023-09-14T16:14:19.881+0000] {processor.py:178} INFO - Processing /home/airflow/.local/lib/python3.7/site-packages/airflow/example_dags/tutorial_taskflow_api.py took 0.370 seconds
[2023-09-14T16:14:50.678+0000] {processor.py:156} INFO - Started process (PID=446) to work on /home/airflow/.local/lib/python3.7/site-packages/airflow/example_dags/tutorial_taskflow_api.py
[2023-09-14T16:14:50.681+0000] {processor.py:799} INFO - Processing file /home/airflow/.local/lib/python3.7/site-packages/airflow/example_dags/tutorial_taskflow_api.py for tasks to queue
[2023-09-14T16:14:50.683+0000] {logging_mixin.py:149} INFO - [2023-09-14T16:14:50.683+0000] {dagbag.py:541} INFO - Filling up the DagBag from /home/airflow/.local/lib/python3.7/site-packages/airflow/example_dags/tutorial_taskflow_api.py
[2023-09-14T16:14:50.704+0000] {processor.py:809} INFO - DAG(s) dict_keys(['tutorial_taskflow_api']) retrieved from /home/airflow/.local/lib/python3.7/site-packages/airflow/example_dags/tutorial_taskflow_api.py
[2023-09-14T16:14:50.775+0000] {logging_mixin.py:149} INFO - [2023-09-14T16:14:50.775+0000] {dag.py:2726} INFO - Sync 1 DAGs
[2023-09-14T16:14:50.854+0000] {logging_mixin.py:149} INFO - [2023-09-14T16:14:50.854+0000] {dag.py:3490} INFO - Setting next_dagrun for tutorial_taskflow_api to None, run_after=None
[2023-09-14T16:14:50.926+0000] {processor.py:178} INFO - Processing /home/airflow/.local/lib/python3.7/site-packages/airflow/example_dags/tutorial_taskflow_api.py took 0.257 seconds
[2023-09-14T16:15:21.393+0000] {processor.py:156} INFO - Started process (PID=507) to work on /home/airflow/.local/lib/python3.7/site-packages/airflow/example_dags/tutorial_taskflow_api.py
[2023-09-14T16:15:21.396+0000] {processor.py:799} INFO - Processing file /home/airflow/.local/lib/python3.7/site-packages/airflow/example_dags/tutorial_taskflow_api.py for tasks to queue
[2023-09-14T16:15:21.398+0000] {logging_mixin.py:149} INFO - [2023-09-14T16:15:21.398+0000] {dagbag.py:541} INFO - Filling up the DagBag from /home/airflow/.local/lib/python3.7/site-packages/airflow/example_dags/tutorial_taskflow_api.py
[2023-09-14T16:15:21.411+0000] {processor.py:809} INFO - DAG(s) dict_keys(['tutorial_taskflow_api']) retrieved from /home/airflow/.local/lib/python3.7/site-packages/airflow/example_dags/tutorial_taskflow_api.py
[2023-09-14T16:15:21.459+0000] {logging_mixin.py:149} INFO - [2023-09-14T16:15:21.459+0000] {dag.py:2726} INFO - Sync 1 DAGs
[2023-09-14T16:15:21.519+0000] {logging_mixin.py:149} INFO - [2023-09-14T16:15:21.519+0000] {dag.py:3490} INFO - Setting next_dagrun for tutorial_taskflow_api to None, run_after=None
[2023-09-14T16:15:21.587+0000] {processor.py:178} INFO - Processing /home/airflow/.local/lib/python3.7/site-packages/airflow/example_dags/tutorial_taskflow_api.py took 0.200 seconds
[2023-09-14T16:15:52.278+0000] {processor.py:156} INFO - Started process (PID=568) to work on /home/airflow/.local/lib/python3.7/site-packages/airflow/example_dags/tutorial_taskflow_api.py
[2023-09-14T16:15:52.282+0000] {processor.py:799} INFO - Processing file /home/airflow/.local/lib/python3.7/site-packages/airflow/example_dags/tutorial_taskflow_api.py for tasks to queue
[2023-09-14T16:15:52.284+0000] {logging_mixin.py:149} INFO - [2023-09-14T16:15:52.284+0000] {dagbag.py:541} INFO - Filling up the DagBag from /home/airflow/.local/lib/python3.7/site-packages/airflow/example_dags/tutorial_taskflow_api.py
[2023-09-14T16:15:52.303+0000] {processor.py:809} INFO - DAG(s) dict_keys(['tutorial_taskflow_api']) retrieved from /home/airflow/.local/lib/python3.7/site-packages/airflow/example_dags/tutorial_taskflow_api.py
[2023-09-14T16:15:52.358+0000] {logging_mixin.py:149} INFO - [2023-09-14T16:15:52.358+0000] {dag.py:2726} INFO - Sync 1 DAGs
[2023-09-14T16:15:52.412+0000] {logging_mixin.py:149} INFO - [2023-09-14T16:15:52.411+0000] {dag.py:3490} INFO - Setting next_dagrun for tutorial_taskflow_api to None, run_after=None
[2023-09-14T16:15:52.501+0000] {processor.py:178} INFO - Processing /home/airflow/.local/lib/python3.7/site-packages/airflow/example_dags/tutorial_taskflow_api.py took 0.231 seconds
[2023-09-14T16:16:22.689+0000] {processor.py:156} INFO - Started process (PID=629) to work on /home/airflow/.local/lib/python3.7/site-packages/airflow/example_dags/tutorial_taskflow_api.py
[2023-09-14T16:16:22.691+0000] {processor.py:799} INFO - Processing file /home/airflow/.local/lib/python3.7/site-packages/airflow/example_dags/tutorial_taskflow_api.py for tasks to queue
[2023-09-14T16:16:22.693+0000] {logging_mixin.py:149} INFO - [2023-09-14T16:16:22.693+0000] {dagbag.py:541} INFO - Filling up the DagBag from /home/airflow/.local/lib/python3.7/site-packages/airflow/example_dags/tutorial_taskflow_api.py
[2023-09-14T16:16:22.704+0000] {processor.py:809} INFO - DAG(s) dict_keys(['tutorial_taskflow_api']) retrieved from /home/airflow/.local/lib/python3.7/site-packages/airflow/example_dags/tutorial_taskflow_api.py
[2023-09-14T16:16:22.747+0000] {logging_mixin.py:149} INFO - [2023-09-14T16:16:22.747+0000] {dag.py:2726} INFO - Sync 1 DAGs
[2023-09-14T16:16:22.794+0000] {logging_mixin.py:149} INFO - [2023-09-14T16:16:22.794+0000] {dag.py:3490} INFO - Setting next_dagrun for tutorial_taskflow_api to None, run_after=None
[2023-09-14T16:16:22.832+0000] {processor.py:178} INFO - Processing /home/airflow/.local/lib/python3.7/site-packages/airflow/example_dags/tutorial_taskflow_api.py took 0.148 seconds
[2023-09-14T16:16:53.146+0000] {processor.py:156} INFO - Started process (PID=690) to work on /home/airflow/.local/lib/python3.7/site-packages/airflow/example_dags/tutorial_taskflow_api.py
[2023-09-14T16:16:53.149+0000] {processor.py:799} INFO - Processing file /home/airflow/.local/lib/python3.7/site-packages/airflow/example_dags/tutorial_taskflow_api.py for tasks to queue
[2023-09-14T16:16:53.152+0000] {logging_mixin.py:149} INFO - [2023-09-14T16:16:53.151+0000] {dagbag.py:541} INFO - Filling up the DagBag from /home/airflow/.local/lib/python3.7/site-packages/airflow/example_dags/tutorial_taskflow_api.py
[2023-09-14T16:16:53.164+0000] {processor.py:809} INFO - DAG(s) dict_keys(['tutorial_taskflow_api']) retrieved from /home/airflow/.local/lib/python3.7/site-packages/airflow/example_dags/tutorial_taskflow_api.py
[2023-09-14T16:16:53.217+0000] {logging_mixin.py:149} INFO - [2023-09-14T16:16:53.216+0000] {dag.py:2726} INFO - Sync 1 DAGs
[2023-09-14T16:16:53.321+0000] {logging_mixin.py:149} INFO - [2023-09-14T16:16:53.320+0000] {dag.py:3490} INFO - Setting next_dagrun for tutorial_taskflow_api to None, run_after=None
[2023-09-14T16:16:53.569+0000] {processor.py:178} INFO - Processing /home/airflow/.local/lib/python3.7/site-packages/airflow/example_dags/tutorial_taskflow_api.py took 0.431 seconds
[2023-09-14T16:35:56.047+0000] {processor.py:156} INFO - Started process (PID=59) to work on /home/airflow/.local/lib/python3.7/site-packages/airflow/example_dags/tutorial_taskflow_api.py
[2023-09-14T16:35:56.051+0000] {processor.py:799} INFO - Processing file /home/airflow/.local/lib/python3.7/site-packages/airflow/example_dags/tutorial_taskflow_api.py for tasks to queue
[2023-09-14T16:35:56.064+0000] {logging_mixin.py:149} INFO - [2023-09-14T16:35:56.063+0000] {dagbag.py:541} INFO - Filling up the DagBag from /home/airflow/.local/lib/python3.7/site-packages/airflow/example_dags/tutorial_taskflow_api.py
[2023-09-14T16:35:56.239+0000] {processor.py:809} INFO - DAG(s) dict_keys(['tutorial_taskflow_api']) retrieved from /home/airflow/.local/lib/python3.7/site-packages/airflow/example_dags/tutorial_taskflow_api.py
[2023-09-14T16:35:58.763+0000] {logging_mixin.py:149} INFO - [2023-09-14T16:35:58.754+0000] {dag.py:2726} INFO - Sync 1 DAGs
[2023-09-14T16:35:59.158+0000] {logging_mixin.py:149} INFO - [2023-09-14T16:35:59.155+0000] {dag.py:3490} INFO - Setting next_dagrun for tutorial_taskflow_api to None, run_after=None
[2023-09-14T16:35:59.358+0000] {processor.py:178} INFO - Processing /home/airflow/.local/lib/python3.7/site-packages/airflow/example_dags/tutorial_taskflow_api.py took 3.355 seconds
[2023-09-14T16:36:36.402+0000] {processor.py:156} INFO - Started process (PID=127) to work on /home/airflow/.local/lib/python3.7/site-packages/airflow/example_dags/tutorial_taskflow_api.py
[2023-09-14T16:36:36.405+0000] {processor.py:799} INFO - Processing file /home/airflow/.local/lib/python3.7/site-packages/airflow/example_dags/tutorial_taskflow_api.py for tasks to queue
[2023-09-14T16:36:36.408+0000] {logging_mixin.py:149} INFO - [2023-09-14T16:36:36.408+0000] {dagbag.py:541} INFO - Filling up the DagBag from /home/airflow/.local/lib/python3.7/site-packages/airflow/example_dags/tutorial_taskflow_api.py
[2023-09-14T16:36:36.422+0000] {processor.py:809} INFO - DAG(s) dict_keys(['tutorial_taskflow_api']) retrieved from /home/airflow/.local/lib/python3.7/site-packages/airflow/example_dags/tutorial_taskflow_api.py
[2023-09-14T16:36:36.478+0000] {logging_mixin.py:149} INFO - [2023-09-14T16:36:36.478+0000] {dag.py:2726} INFO - Sync 1 DAGs
[2023-09-14T16:36:36.831+0000] {logging_mixin.py:149} INFO - [2023-09-14T16:36:36.830+0000] {dag.py:3490} INFO - Setting next_dagrun for tutorial_taskflow_api to None, run_after=None
[2023-09-14T16:36:36.879+0000] {processor.py:178} INFO - Processing /home/airflow/.local/lib/python3.7/site-packages/airflow/example_dags/tutorial_taskflow_api.py took 0.483 seconds
[2023-09-14T16:38:47.873+0000] {processor.py:156} INFO - Started process (PID=59) to work on /home/airflow/.local/lib/python3.7/site-packages/airflow/example_dags/tutorial_taskflow_api.py
[2023-09-14T16:38:47.932+0000] {processor.py:799} INFO - Processing file /home/airflow/.local/lib/python3.7/site-packages/airflow/example_dags/tutorial_taskflow_api.py for tasks to queue
[2023-09-14T16:38:47.956+0000] {logging_mixin.py:149} INFO - [2023-09-14T16:38:47.955+0000] {dagbag.py:541} INFO - Filling up the DagBag from /home/airflow/.local/lib/python3.7/site-packages/airflow/example_dags/tutorial_taskflow_api.py
[2023-09-14T16:38:48.229+0000] {processor.py:809} INFO - DAG(s) dict_keys(['tutorial_taskflow_api']) retrieved from /home/airflow/.local/lib/python3.7/site-packages/airflow/example_dags/tutorial_taskflow_api.py
[2023-09-14T16:38:48.670+0000] {logging_mixin.py:149} INFO - [2023-09-14T16:38:48.669+0000] {dag.py:2726} INFO - Sync 1 DAGs
[2023-09-14T16:38:49.306+0000] {logging_mixin.py:149} INFO - [2023-09-14T16:38:49.306+0000] {dag.py:3490} INFO - Setting next_dagrun for tutorial_taskflow_api to None, run_after=None
[2023-09-14T16:38:49.588+0000] {processor.py:178} INFO - Processing /home/airflow/.local/lib/python3.7/site-packages/airflow/example_dags/tutorial_taskflow_api.py took 1.852 seconds
[2023-09-14T16:39:39.273+0000] {processor.py:156} INFO - Started process (PID=119) to work on /home/airflow/.local/lib/python3.7/site-packages/airflow/example_dags/tutorial_taskflow_api.py
[2023-09-14T16:39:39.276+0000] {processor.py:799} INFO - Processing file /home/airflow/.local/lib/python3.7/site-packages/airflow/example_dags/tutorial_taskflow_api.py for tasks to queue
[2023-09-14T16:39:39.279+0000] {logging_mixin.py:149} INFO - [2023-09-14T16:39:39.279+0000] {dagbag.py:541} INFO - Filling up the DagBag from /home/airflow/.local/lib/python3.7/site-packages/airflow/example_dags/tutorial_taskflow_api.py
[2023-09-14T16:39:39.295+0000] {processor.py:809} INFO - DAG(s) dict_keys(['tutorial_taskflow_api']) retrieved from /home/airflow/.local/lib/python3.7/site-packages/airflow/example_dags/tutorial_taskflow_api.py
[2023-09-14T16:39:39.364+0000] {logging_mixin.py:149} INFO - [2023-09-14T16:39:39.364+0000] {dag.py:2726} INFO - Sync 1 DAGs
[2023-09-14T16:39:39.439+0000] {logging_mixin.py:149} INFO - [2023-09-14T16:39:39.438+0000] {dag.py:3490} INFO - Setting next_dagrun for tutorial_taskflow_api to None, run_after=None
[2023-09-14T16:39:39.706+0000] {processor.py:178} INFO - Processing /home/airflow/.local/lib/python3.7/site-packages/airflow/example_dags/tutorial_taskflow_api.py took 0.440 seconds
[2023-09-14T16:40:13.714+0000] {processor.py:156} INFO - Started process (PID=187) to work on /home/airflow/.local/lib/python3.7/site-packages/airflow/example_dags/tutorial_taskflow_api.py
[2023-09-14T16:40:13.717+0000] {processor.py:799} INFO - Processing file /home/airflow/.local/lib/python3.7/site-packages/airflow/example_dags/tutorial_taskflow_api.py for tasks to queue
[2023-09-14T16:40:13.719+0000] {logging_mixin.py:149} INFO - [2023-09-14T16:40:13.718+0000] {dagbag.py:541} INFO - Filling up the DagBag from /home/airflow/.local/lib/python3.7/site-packages/airflow/example_dags/tutorial_taskflow_api.py
[2023-09-14T16:40:13.967+0000] {processor.py:809} INFO - DAG(s) dict_keys(['tutorial_taskflow_api']) retrieved from /home/airflow/.local/lib/python3.7/site-packages/airflow/example_dags/tutorial_taskflow_api.py
[2023-09-14T16:40:14.024+0000] {logging_mixin.py:149} INFO - [2023-09-14T16:40:14.024+0000] {dag.py:2726} INFO - Sync 1 DAGs
[2023-09-14T16:40:14.083+0000] {logging_mixin.py:149} INFO - [2023-09-14T16:40:14.083+0000] {dag.py:3490} INFO - Setting next_dagrun for tutorial_taskflow_api to None, run_after=None
[2023-09-14T16:40:14.135+0000] {processor.py:178} INFO - Processing /home/airflow/.local/lib/python3.7/site-packages/airflow/example_dags/tutorial_taskflow_api.py took 0.431 seconds
[2023-09-14T16:40:44.513+0000] {processor.py:156} INFO - Started process (PID=248) to work on /home/airflow/.local/lib/python3.7/site-packages/airflow/example_dags/tutorial_taskflow_api.py
[2023-09-14T16:40:44.518+0000] {processor.py:799} INFO - Processing file /home/airflow/.local/lib/python3.7/site-packages/airflow/example_dags/tutorial_taskflow_api.py for tasks to queue
[2023-09-14T16:40:44.525+0000] {logging_mixin.py:149} INFO - [2023-09-14T16:40:44.523+0000] {dagbag.py:541} INFO - Filling up the DagBag from /home/airflow/.local/lib/python3.7/site-packages/airflow/example_dags/tutorial_taskflow_api.py
[2023-09-14T16:40:44.543+0000] {processor.py:809} INFO - DAG(s) dict_keys(['tutorial_taskflow_api']) retrieved from /home/airflow/.local/lib/python3.7/site-packages/airflow/example_dags/tutorial_taskflow_api.py
[2023-09-14T16:40:44.610+0000] {logging_mixin.py:149} INFO - [2023-09-14T16:40:44.609+0000] {dag.py:2726} INFO - Sync 1 DAGs
[2023-09-14T16:40:44.668+0000] {logging_mixin.py:149} INFO - [2023-09-14T16:40:44.667+0000] {dag.py:3490} INFO - Setting next_dagrun for tutorial_taskflow_api to None, run_after=None
[2023-09-14T16:40:44.747+0000] {processor.py:178} INFO - Processing /home/airflow/.local/lib/python3.7/site-packages/airflow/example_dags/tutorial_taskflow_api.py took 0.251 seconds
[2023-09-14T16:41:14.871+0000] {processor.py:156} INFO - Started process (PID=308) to work on /home/airflow/.local/lib/python3.7/site-packages/airflow/example_dags/tutorial_taskflow_api.py
[2023-09-14T16:41:14.873+0000] {processor.py:799} INFO - Processing file /home/airflow/.local/lib/python3.7/site-packages/airflow/example_dags/tutorial_taskflow_api.py for tasks to queue
[2023-09-14T16:41:14.875+0000] {logging_mixin.py:149} INFO - [2023-09-14T16:41:14.875+0000] {dagbag.py:541} INFO - Filling up the DagBag from /home/airflow/.local/lib/python3.7/site-packages/airflow/example_dags/tutorial_taskflow_api.py
[2023-09-14T16:41:14.889+0000] {processor.py:809} INFO - DAG(s) dict_keys(['tutorial_taskflow_api']) retrieved from /home/airflow/.local/lib/python3.7/site-packages/airflow/example_dags/tutorial_taskflow_api.py
[2023-09-14T16:41:14.937+0000] {logging_mixin.py:149} INFO - [2023-09-14T16:41:14.937+0000] {dag.py:2726} INFO - Sync 1 DAGs
[2023-09-14T16:41:14.985+0000] {logging_mixin.py:149} INFO - [2023-09-14T16:41:14.984+0000] {dag.py:3490} INFO - Setting next_dagrun for tutorial_taskflow_api to None, run_after=None
[2023-09-14T16:41:15.068+0000] {processor.py:178} INFO - Processing /home/airflow/.local/lib/python3.7/site-packages/airflow/example_dags/tutorial_taskflow_api.py took 0.203 seconds
[2023-09-14T16:41:45.657+0000] {processor.py:156} INFO - Started process (PID=369) to work on /home/airflow/.local/lib/python3.7/site-packages/airflow/example_dags/tutorial_taskflow_api.py
[2023-09-14T16:41:45.660+0000] {processor.py:799} INFO - Processing file /home/airflow/.local/lib/python3.7/site-packages/airflow/example_dags/tutorial_taskflow_api.py for tasks to queue
[2023-09-14T16:41:45.663+0000] {logging_mixin.py:149} INFO - [2023-09-14T16:41:45.662+0000] {dagbag.py:541} INFO - Filling up the DagBag from /home/airflow/.local/lib/python3.7/site-packages/airflow/example_dags/tutorial_taskflow_api.py
[2023-09-14T16:41:45.676+0000] {processor.py:809} INFO - DAG(s) dict_keys(['tutorial_taskflow_api']) retrieved from /home/airflow/.local/lib/python3.7/site-packages/airflow/example_dags/tutorial_taskflow_api.py
[2023-09-14T16:41:45.731+0000] {logging_mixin.py:149} INFO - [2023-09-14T16:41:45.731+0000] {dag.py:2726} INFO - Sync 1 DAGs
[2023-09-14T16:41:45.811+0000] {logging_mixin.py:149} INFO - [2023-09-14T16:41:45.810+0000] {dag.py:3490} INFO - Setting next_dagrun for tutorial_taskflow_api to None, run_after=None
[2023-09-14T16:41:45.882+0000] {processor.py:178} INFO - Processing /home/airflow/.local/lib/python3.7/site-packages/airflow/example_dags/tutorial_taskflow_api.py took 0.232 seconds
[2023-09-14T16:42:16.107+0000] {processor.py:156} INFO - Started process (PID=430) to work on /home/airflow/.local/lib/python3.7/site-packages/airflow/example_dags/tutorial_taskflow_api.py
[2023-09-14T16:42:16.109+0000] {processor.py:799} INFO - Processing file /home/airflow/.local/lib/python3.7/site-packages/airflow/example_dags/tutorial_taskflow_api.py for tasks to queue
[2023-09-14T16:42:16.111+0000] {logging_mixin.py:149} INFO - [2023-09-14T16:42:16.111+0000] {dagbag.py:541} INFO - Filling up the DagBag from /home/airflow/.local/lib/python3.7/site-packages/airflow/example_dags/tutorial_taskflow_api.py
[2023-09-14T16:42:16.124+0000] {processor.py:809} INFO - DAG(s) dict_keys(['tutorial_taskflow_api']) retrieved from /home/airflow/.local/lib/python3.7/site-packages/airflow/example_dags/tutorial_taskflow_api.py
[2023-09-14T16:42:16.192+0000] {logging_mixin.py:149} INFO - [2023-09-14T16:42:16.192+0000] {dag.py:2726} INFO - Sync 1 DAGs
[2023-09-14T16:42:16.263+0000] {logging_mixin.py:149} INFO - [2023-09-14T16:42:16.263+0000] {dag.py:3490} INFO - Setting next_dagrun for tutorial_taskflow_api to None, run_after=None
[2023-09-14T16:42:16.349+0000] {processor.py:178} INFO - Processing /home/airflow/.local/lib/python3.7/site-packages/airflow/example_dags/tutorial_taskflow_api.py took 0.249 seconds
[2023-09-14T16:42:47.722+0000] {processor.py:156} INFO - Started process (PID=492) to work on /home/airflow/.local/lib/python3.7/site-packages/airflow/example_dags/tutorial_taskflow_api.py
[2023-09-14T16:42:47.733+0000] {processor.py:799} INFO - Processing file /home/airflow/.local/lib/python3.7/site-packages/airflow/example_dags/tutorial_taskflow_api.py for tasks to queue
[2023-09-14T16:42:47.745+0000] {logging_mixin.py:149} INFO - [2023-09-14T16:42:47.745+0000] {dagbag.py:541} INFO - Filling up the DagBag from /home/airflow/.local/lib/python3.7/site-packages/airflow/example_dags/tutorial_taskflow_api.py
[2023-09-14T16:42:47.786+0000] {processor.py:809} INFO - DAG(s) dict_keys(['tutorial_taskflow_api']) retrieved from /home/airflow/.local/lib/python3.7/site-packages/airflow/example_dags/tutorial_taskflow_api.py
[2023-09-14T16:42:47.950+0000] {logging_mixin.py:149} INFO - [2023-09-14T16:42:47.942+0000] {dag.py:2726} INFO - Sync 1 DAGs
[2023-09-14T16:42:48.104+0000] {logging_mixin.py:149} INFO - [2023-09-14T16:42:48.104+0000] {dag.py:3490} INFO - Setting next_dagrun for tutorial_taskflow_api to None, run_after=None
[2023-09-14T16:42:48.300+0000] {processor.py:178} INFO - Processing /home/airflow/.local/lib/python3.7/site-packages/airflow/example_dags/tutorial_taskflow_api.py took 0.591 seconds
[2023-09-14T16:43:19.213+0000] {processor.py:156} INFO - Started process (PID=553) to work on /home/airflow/.local/lib/python3.7/site-packages/airflow/example_dags/tutorial_taskflow_api.py
[2023-09-14T16:43:19.215+0000] {processor.py:799} INFO - Processing file /home/airflow/.local/lib/python3.7/site-packages/airflow/example_dags/tutorial_taskflow_api.py for tasks to queue
[2023-09-14T16:43:19.218+0000] {logging_mixin.py:149} INFO - [2023-09-14T16:43:19.218+0000] {dagbag.py:541} INFO - Filling up the DagBag from /home/airflow/.local/lib/python3.7/site-packages/airflow/example_dags/tutorial_taskflow_api.py
[2023-09-14T16:43:19.233+0000] {processor.py:809} INFO - DAG(s) dict_keys(['tutorial_taskflow_api']) retrieved from /home/airflow/.local/lib/python3.7/site-packages/airflow/example_dags/tutorial_taskflow_api.py
[2023-09-14T16:43:19.289+0000] {logging_mixin.py:149} INFO - [2023-09-14T16:43:19.289+0000] {dag.py:2726} INFO - Sync 1 DAGs
[2023-09-14T16:43:19.358+0000] {logging_mixin.py:149} INFO - [2023-09-14T16:43:19.357+0000] {dag.py:3490} INFO - Setting next_dagrun for tutorial_taskflow_api to None, run_after=None
[2023-09-14T16:43:19.451+0000] {processor.py:178} INFO - Processing /home/airflow/.local/lib/python3.7/site-packages/airflow/example_dags/tutorial_taskflow_api.py took 0.245 seconds
[2023-09-14T16:43:50.221+0000] {processor.py:156} INFO - Started process (PID=614) to work on /home/airflow/.local/lib/python3.7/site-packages/airflow/example_dags/tutorial_taskflow_api.py
[2023-09-14T16:43:50.226+0000] {processor.py:799} INFO - Processing file /home/airflow/.local/lib/python3.7/site-packages/airflow/example_dags/tutorial_taskflow_api.py for tasks to queue
[2023-09-14T16:43:50.231+0000] {logging_mixin.py:149} INFO - [2023-09-14T16:43:50.230+0000] {dagbag.py:541} INFO - Filling up the DagBag from /home/airflow/.local/lib/python3.7/site-packages/airflow/example_dags/tutorial_taskflow_api.py
[2023-09-14T16:43:50.251+0000] {processor.py:809} INFO - DAG(s) dict_keys(['tutorial_taskflow_api']) retrieved from /home/airflow/.local/lib/python3.7/site-packages/airflow/example_dags/tutorial_taskflow_api.py
[2023-09-14T16:43:50.319+0000] {logging_mixin.py:149} INFO - [2023-09-14T16:43:50.318+0000] {dag.py:2726} INFO - Sync 1 DAGs
[2023-09-14T16:43:50.389+0000] {logging_mixin.py:149} INFO - [2023-09-14T16:43:50.389+0000] {dag.py:3490} INFO - Setting next_dagrun for tutorial_taskflow_api to None, run_after=None
[2023-09-14T16:43:50.438+0000] {processor.py:178} INFO - Processing /home/airflow/.local/lib/python3.7/site-packages/airflow/example_dags/tutorial_taskflow_api.py took 0.233 seconds
[2023-09-14T16:44:21.926+0000] {processor.py:156} INFO - Started process (PID=677) to work on /home/airflow/.local/lib/python3.7/site-packages/airflow/example_dags/tutorial_taskflow_api.py
[2023-09-14T16:44:21.929+0000] {processor.py:799} INFO - Processing file /home/airflow/.local/lib/python3.7/site-packages/airflow/example_dags/tutorial_taskflow_api.py for tasks to queue
[2023-09-14T16:44:21.930+0000] {logging_mixin.py:149} INFO - [2023-09-14T16:44:21.930+0000] {dagbag.py:541} INFO - Filling up the DagBag from /home/airflow/.local/lib/python3.7/site-packages/airflow/example_dags/tutorial_taskflow_api.py
[2023-09-14T16:44:21.941+0000] {processor.py:809} INFO - DAG(s) dict_keys(['tutorial_taskflow_api']) retrieved from /home/airflow/.local/lib/python3.7/site-packages/airflow/example_dags/tutorial_taskflow_api.py
[2023-09-14T16:44:21.988+0000] {logging_mixin.py:149} INFO - [2023-09-14T16:44:21.988+0000] {dag.py:2726} INFO - Sync 1 DAGs
[2023-09-14T16:44:22.045+0000] {logging_mixin.py:149} INFO - [2023-09-14T16:44:22.044+0000] {dag.py:3490} INFO - Setting next_dagrun for tutorial_taskflow_api to None, run_after=None
[2023-09-14T16:44:22.082+0000] {processor.py:178} INFO - Processing /home/airflow/.local/lib/python3.7/site-packages/airflow/example_dags/tutorial_taskflow_api.py took 0.161 seconds
[2023-09-14T16:44:55.940+0000] {processor.py:156} INFO - Started process (PID=738) to work on /home/airflow/.local/lib/python3.7/site-packages/airflow/example_dags/tutorial_taskflow_api.py
[2023-09-14T16:44:55.944+0000] {processor.py:799} INFO - Processing file /home/airflow/.local/lib/python3.7/site-packages/airflow/example_dags/tutorial_taskflow_api.py for tasks to queue
[2023-09-14T16:44:55.948+0000] {logging_mixin.py:149} INFO - [2023-09-14T16:44:55.947+0000] {dagbag.py:541} INFO - Filling up the DagBag from /home/airflow/.local/lib/python3.7/site-packages/airflow/example_dags/tutorial_taskflow_api.py
[2023-09-14T16:44:55.998+0000] {processor.py:809} INFO - DAG(s) dict_keys(['tutorial_taskflow_api']) retrieved from /home/airflow/.local/lib/python3.7/site-packages/airflow/example_dags/tutorial_taskflow_api.py
[2023-09-14T16:44:56.195+0000] {logging_mixin.py:149} INFO - [2023-09-14T16:44:56.194+0000] {dag.py:2726} INFO - Sync 1 DAGs
[2023-09-14T16:44:56.328+0000] {logging_mixin.py:149} INFO - [2023-09-14T16:44:56.328+0000] {dag.py:3490} INFO - Setting next_dagrun for tutorial_taskflow_api to None, run_after=None
[2023-09-14T16:44:56.383+0000] {processor.py:178} INFO - Processing /home/airflow/.local/lib/python3.7/site-packages/airflow/example_dags/tutorial_taskflow_api.py took 0.461 seconds
[2023-09-14T16:45:26.726+0000] {processor.py:156} INFO - Started process (PID=798) to work on /home/airflow/.local/lib/python3.7/site-packages/airflow/example_dags/tutorial_taskflow_api.py
[2023-09-14T16:45:26.730+0000] {processor.py:799} INFO - Processing file /home/airflow/.local/lib/python3.7/site-packages/airflow/example_dags/tutorial_taskflow_api.py for tasks to queue
[2023-09-14T16:45:26.734+0000] {logging_mixin.py:149} INFO - [2023-09-14T16:45:26.734+0000] {dagbag.py:541} INFO - Filling up the DagBag from /home/airflow/.local/lib/python3.7/site-packages/airflow/example_dags/tutorial_taskflow_api.py
[2023-09-14T16:45:26.753+0000] {processor.py:809} INFO - DAG(s) dict_keys(['tutorial_taskflow_api']) retrieved from /home/airflow/.local/lib/python3.7/site-packages/airflow/example_dags/tutorial_taskflow_api.py
[2023-09-14T16:45:26.835+0000] {logging_mixin.py:149} INFO - [2023-09-14T16:45:26.835+0000] {dag.py:2726} INFO - Sync 1 DAGs
[2023-09-14T16:45:26.901+0000] {logging_mixin.py:149} INFO - [2023-09-14T16:45:26.901+0000] {dag.py:3490} INFO - Setting next_dagrun for tutorial_taskflow_api to None, run_after=None
[2023-09-14T16:45:26.984+0000] {processor.py:178} INFO - Processing /home/airflow/.local/lib/python3.7/site-packages/airflow/example_dags/tutorial_taskflow_api.py took 0.269 seconds
[2023-09-14T16:45:57.768+0000] {processor.py:156} INFO - Started process (PID=850) to work on /home/airflow/.local/lib/python3.7/site-packages/airflow/example_dags/tutorial_taskflow_api.py
[2023-09-14T16:45:57.777+0000] {processor.py:799} INFO - Processing file /home/airflow/.local/lib/python3.7/site-packages/airflow/example_dags/tutorial_taskflow_api.py for tasks to queue
[2023-09-14T16:45:57.785+0000] {logging_mixin.py:149} INFO - [2023-09-14T16:45:57.785+0000] {dagbag.py:541} INFO - Filling up the DagBag from /home/airflow/.local/lib/python3.7/site-packages/airflow/example_dags/tutorial_taskflow_api.py
[2023-09-14T16:45:57.834+0000] {processor.py:809} INFO - DAG(s) dict_keys(['tutorial_taskflow_api']) retrieved from /home/airflow/.local/lib/python3.7/site-packages/airflow/example_dags/tutorial_taskflow_api.py
[2023-09-14T16:45:58.001+0000] {logging_mixin.py:149} INFO - [2023-09-14T16:45:57.999+0000] {dag.py:2726} INFO - Sync 1 DAGs
[2023-09-14T16:45:58.226+0000] {logging_mixin.py:149} INFO - [2023-09-14T16:45:58.225+0000] {dag.py:3490} INFO - Setting next_dagrun for tutorial_taskflow_api to None, run_after=None
[2023-09-14T16:45:58.434+0000] {processor.py:178} INFO - Processing /home/airflow/.local/lib/python3.7/site-packages/airflow/example_dags/tutorial_taskflow_api.py took 0.688 seconds
[2023-09-14T16:46:29.117+0000] {processor.py:156} INFO - Started process (PID=911) to work on /home/airflow/.local/lib/python3.7/site-packages/airflow/example_dags/tutorial_taskflow_api.py
[2023-09-14T16:46:29.120+0000] {processor.py:799} INFO - Processing file /home/airflow/.local/lib/python3.7/site-packages/airflow/example_dags/tutorial_taskflow_api.py for tasks to queue
[2023-09-14T16:46:29.123+0000] {logging_mixin.py:149} INFO - [2023-09-14T16:46:29.122+0000] {dagbag.py:541} INFO - Filling up the DagBag from /home/airflow/.local/lib/python3.7/site-packages/airflow/example_dags/tutorial_taskflow_api.py
[2023-09-14T16:46:29.141+0000] {processor.py:809} INFO - DAG(s) dict_keys(['tutorial_taskflow_api']) retrieved from /home/airflow/.local/lib/python3.7/site-packages/airflow/example_dags/tutorial_taskflow_api.py
[2023-09-14T16:46:29.216+0000] {logging_mixin.py:149} INFO - [2023-09-14T16:46:29.215+0000] {dag.py:2726} INFO - Sync 1 DAGs
[2023-09-14T16:46:29.306+0000] {logging_mixin.py:149} INFO - [2023-09-14T16:46:29.306+0000] {dag.py:3490} INFO - Setting next_dagrun for tutorial_taskflow_api to None, run_after=None
[2023-09-14T16:46:29.426+0000] {processor.py:178} INFO - Processing /home/airflow/.local/lib/python3.7/site-packages/airflow/example_dags/tutorial_taskflow_api.py took 0.329 seconds
[2023-09-14T16:46:59.759+0000] {processor.py:156} INFO - Started process (PID=972) to work on /home/airflow/.local/lib/python3.7/site-packages/airflow/example_dags/tutorial_taskflow_api.py
[2023-09-14T16:46:59.762+0000] {processor.py:799} INFO - Processing file /home/airflow/.local/lib/python3.7/site-packages/airflow/example_dags/tutorial_taskflow_api.py for tasks to queue
[2023-09-14T16:46:59.765+0000] {logging_mixin.py:149} INFO - [2023-09-14T16:46:59.764+0000] {dagbag.py:541} INFO - Filling up the DagBag from /home/airflow/.local/lib/python3.7/site-packages/airflow/example_dags/tutorial_taskflow_api.py
[2023-09-14T16:46:59.806+0000] {processor.py:809} INFO - DAG(s) dict_keys(['tutorial_taskflow_api']) retrieved from /home/airflow/.local/lib/python3.7/site-packages/airflow/example_dags/tutorial_taskflow_api.py
[2023-09-14T16:46:59.860+0000] {logging_mixin.py:149} INFO - [2023-09-14T16:46:59.860+0000] {dag.py:2726} INFO - Sync 1 DAGs
[2023-09-14T16:46:59.916+0000] {logging_mixin.py:149} INFO - [2023-09-14T16:46:59.916+0000] {dag.py:3490} INFO - Setting next_dagrun for tutorial_taskflow_api to None, run_after=None
[2023-09-14T16:46:59.986+0000] {processor.py:178} INFO - Processing /home/airflow/.local/lib/python3.7/site-packages/airflow/example_dags/tutorial_taskflow_api.py took 0.240 seconds
[2023-09-14T16:47:30.419+0000] {processor.py:156} INFO - Started process (PID=1033) to work on /home/airflow/.local/lib/python3.7/site-packages/airflow/example_dags/tutorial_taskflow_api.py
[2023-09-14T16:47:30.423+0000] {processor.py:799} INFO - Processing file /home/airflow/.local/lib/python3.7/site-packages/airflow/example_dags/tutorial_taskflow_api.py for tasks to queue
[2023-09-14T16:47:30.427+0000] {logging_mixin.py:149} INFO - [2023-09-14T16:47:30.426+0000] {dagbag.py:541} INFO - Filling up the DagBag from /home/airflow/.local/lib/python3.7/site-packages/airflow/example_dags/tutorial_taskflow_api.py
[2023-09-14T16:47:30.472+0000] {processor.py:809} INFO - DAG(s) dict_keys(['tutorial_taskflow_api']) retrieved from /home/airflow/.local/lib/python3.7/site-packages/airflow/example_dags/tutorial_taskflow_api.py
[2023-09-14T16:47:30.640+0000] {logging_mixin.py:149} INFO - [2023-09-14T16:47:30.639+0000] {dag.py:2726} INFO - Sync 1 DAGs
[2023-09-14T16:47:30.881+0000] {logging_mixin.py:149} INFO - [2023-09-14T16:47:30.881+0000] {dag.py:3490} INFO - Setting next_dagrun for tutorial_taskflow_api to None, run_after=None
[2023-09-14T16:47:31.072+0000] {processor.py:178} INFO - Processing /home/airflow/.local/lib/python3.7/site-packages/airflow/example_dags/tutorial_taskflow_api.py took 0.672 seconds
[2023-09-14T16:48:03.295+0000] {processor.py:156} INFO - Started process (PID=1094) to work on /home/airflow/.local/lib/python3.7/site-packages/airflow/example_dags/tutorial_taskflow_api.py
[2023-09-14T16:48:03.298+0000] {processor.py:799} INFO - Processing file /home/airflow/.local/lib/python3.7/site-packages/airflow/example_dags/tutorial_taskflow_api.py for tasks to queue
[2023-09-14T16:48:03.301+0000] {logging_mixin.py:149} INFO - [2023-09-14T16:48:03.301+0000] {dagbag.py:541} INFO - Filling up the DagBag from /home/airflow/.local/lib/python3.7/site-packages/airflow/example_dags/tutorial_taskflow_api.py
[2023-09-14T16:48:03.324+0000] {processor.py:809} INFO - DAG(s) dict_keys(['tutorial_taskflow_api']) retrieved from /home/airflow/.local/lib/python3.7/site-packages/airflow/example_dags/tutorial_taskflow_api.py
[2023-09-14T16:48:03.416+0000] {logging_mixin.py:149} INFO - [2023-09-14T16:48:03.416+0000] {dag.py:2726} INFO - Sync 1 DAGs
[2023-09-14T16:48:03.535+0000] {logging_mixin.py:149} INFO - [2023-09-14T16:48:03.535+0000] {dag.py:3490} INFO - Setting next_dagrun for tutorial_taskflow_api to None, run_after=None
[2023-09-14T16:48:03.613+0000] {processor.py:178} INFO - Processing /home/airflow/.local/lib/python3.7/site-packages/airflow/example_dags/tutorial_taskflow_api.py took 0.325 seconds
[2023-09-14T16:48:34.991+0000] {processor.py:156} INFO - Started process (PID=1156) to work on /home/airflow/.local/lib/python3.7/site-packages/airflow/example_dags/tutorial_taskflow_api.py
[2023-09-14T16:48:34.994+0000] {processor.py:799} INFO - Processing file /home/airflow/.local/lib/python3.7/site-packages/airflow/example_dags/tutorial_taskflow_api.py for tasks to queue
[2023-09-14T16:48:34.997+0000] {logging_mixin.py:149} INFO - [2023-09-14T16:48:34.996+0000] {dagbag.py:541} INFO - Filling up the DagBag from /home/airflow/.local/lib/python3.7/site-packages/airflow/example_dags/tutorial_taskflow_api.py
[2023-09-14T16:48:35.010+0000] {processor.py:809} INFO - DAG(s) dict_keys(['tutorial_taskflow_api']) retrieved from /home/airflow/.local/lib/python3.7/site-packages/airflow/example_dags/tutorial_taskflow_api.py
[2023-09-14T16:48:35.084+0000] {logging_mixin.py:149} INFO - [2023-09-14T16:48:35.084+0000] {dag.py:2726} INFO - Sync 1 DAGs
[2023-09-14T16:48:35.162+0000] {logging_mixin.py:149} INFO - [2023-09-14T16:48:35.162+0000] {dag.py:3490} INFO - Setting next_dagrun for tutorial_taskflow_api to None, run_after=None
[2023-09-14T16:48:35.224+0000] {processor.py:178} INFO - Processing /home/airflow/.local/lib/python3.7/site-packages/airflow/example_dags/tutorial_taskflow_api.py took 0.244 seconds
[2023-09-14T16:49:06.901+0000] {processor.py:156} INFO - Started process (PID=1217) to work on /home/airflow/.local/lib/python3.7/site-packages/airflow/example_dags/tutorial_taskflow_api.py
[2023-09-14T16:49:06.908+0000] {processor.py:799} INFO - Processing file /home/airflow/.local/lib/python3.7/site-packages/airflow/example_dags/tutorial_taskflow_api.py for tasks to queue
[2023-09-14T16:49:06.914+0000] {logging_mixin.py:149} INFO - [2023-09-14T16:49:06.914+0000] {dagbag.py:541} INFO - Filling up the DagBag from /home/airflow/.local/lib/python3.7/site-packages/airflow/example_dags/tutorial_taskflow_api.py
[2023-09-14T16:49:06.954+0000] {processor.py:809} INFO - DAG(s) dict_keys(['tutorial_taskflow_api']) retrieved from /home/airflow/.local/lib/python3.7/site-packages/airflow/example_dags/tutorial_taskflow_api.py
[2023-09-14T16:49:07.080+0000] {logging_mixin.py:149} INFO - [2023-09-14T16:49:07.080+0000] {dag.py:2726} INFO - Sync 1 DAGs
[2023-09-14T16:49:07.203+0000] {logging_mixin.py:149} INFO - [2023-09-14T16:49:07.203+0000] {dag.py:3490} INFO - Setting next_dagrun for tutorial_taskflow_api to None, run_after=None
[2023-09-14T16:49:07.317+0000] {processor.py:178} INFO - Processing /home/airflow/.local/lib/python3.7/site-packages/airflow/example_dags/tutorial_taskflow_api.py took 0.428 seconds
[2023-09-14T16:49:37.982+0000] {processor.py:156} INFO - Started process (PID=1278) to work on /home/airflow/.local/lib/python3.7/site-packages/airflow/example_dags/tutorial_taskflow_api.py
[2023-09-14T16:49:37.986+0000] {processor.py:799} INFO - Processing file /home/airflow/.local/lib/python3.7/site-packages/airflow/example_dags/tutorial_taskflow_api.py for tasks to queue
[2023-09-14T16:49:37.989+0000] {logging_mixin.py:149} INFO - [2023-09-14T16:49:37.989+0000] {dagbag.py:541} INFO - Filling up the DagBag from /home/airflow/.local/lib/python3.7/site-packages/airflow/example_dags/tutorial_taskflow_api.py
[2023-09-14T16:49:38.027+0000] {processor.py:809} INFO - DAG(s) dict_keys(['tutorial_taskflow_api']) retrieved from /home/airflow/.local/lib/python3.7/site-packages/airflow/example_dags/tutorial_taskflow_api.py
[2023-09-14T16:49:38.108+0000] {logging_mixin.py:149} INFO - [2023-09-14T16:49:38.108+0000] {dag.py:2726} INFO - Sync 1 DAGs
[2023-09-14T16:49:38.191+0000] {logging_mixin.py:149} INFO - [2023-09-14T16:49:38.190+0000] {dag.py:3490} INFO - Setting next_dagrun for tutorial_taskflow_api to None, run_after=None
[2023-09-14T16:49:38.269+0000] {processor.py:178} INFO - Processing /home/airflow/.local/lib/python3.7/site-packages/airflow/example_dags/tutorial_taskflow_api.py took 0.301 seconds
[2023-09-14T16:50:08.407+0000] {processor.py:156} INFO - Started process (PID=1338) to work on /home/airflow/.local/lib/python3.7/site-packages/airflow/example_dags/tutorial_taskflow_api.py
[2023-09-14T16:50:08.420+0000] {processor.py:799} INFO - Processing file /home/airflow/.local/lib/python3.7/site-packages/airflow/example_dags/tutorial_taskflow_api.py for tasks to queue
[2023-09-14T16:50:08.426+0000] {logging_mixin.py:149} INFO - [2023-09-14T16:50:08.425+0000] {dagbag.py:541} INFO - Filling up the DagBag from /home/airflow/.local/lib/python3.7/site-packages/airflow/example_dags/tutorial_taskflow_api.py
[2023-09-14T16:50:08.453+0000] {processor.py:809} INFO - DAG(s) dict_keys(['tutorial_taskflow_api']) retrieved from /home/airflow/.local/lib/python3.7/site-packages/airflow/example_dags/tutorial_taskflow_api.py
[2023-09-14T16:50:08.569+0000] {logging_mixin.py:149} INFO - [2023-09-14T16:50:08.566+0000] {dag.py:2726} INFO - Sync 1 DAGs
[2023-09-14T16:50:08.748+0000] {logging_mixin.py:149} INFO - [2023-09-14T16:50:08.747+0000] {dag.py:3490} INFO - Setting next_dagrun for tutorial_taskflow_api to None, run_after=None
[2023-09-14T16:50:08.880+0000] {processor.py:178} INFO - Processing /home/airflow/.local/lib/python3.7/site-packages/airflow/example_dags/tutorial_taskflow_api.py took 0.491 seconds
[2023-09-14T16:50:39.400+0000] {processor.py:156} INFO - Started process (PID=1399) to work on /home/airflow/.local/lib/python3.7/site-packages/airflow/example_dags/tutorial_taskflow_api.py
[2023-09-14T16:50:39.408+0000] {processor.py:799} INFO - Processing file /home/airflow/.local/lib/python3.7/site-packages/airflow/example_dags/tutorial_taskflow_api.py for tasks to queue
[2023-09-14T16:50:39.412+0000] {logging_mixin.py:149} INFO - [2023-09-14T16:50:39.412+0000] {dagbag.py:541} INFO - Filling up the DagBag from /home/airflow/.local/lib/python3.7/site-packages/airflow/example_dags/tutorial_taskflow_api.py
[2023-09-14T16:50:39.548+0000] {processor.py:809} INFO - DAG(s) dict_keys(['tutorial_taskflow_api']) retrieved from /home/airflow/.local/lib/python3.7/site-packages/airflow/example_dags/tutorial_taskflow_api.py
[2023-09-14T16:50:39.887+0000] {logging_mixin.py:149} INFO - [2023-09-14T16:50:39.886+0000] {dag.py:2726} INFO - Sync 1 DAGs
[2023-09-14T16:50:40.147+0000] {logging_mixin.py:149} INFO - [2023-09-14T16:50:40.146+0000] {dag.py:3490} INFO - Setting next_dagrun for tutorial_taskflow_api to None, run_after=None
[2023-09-14T16:50:40.285+0000] {processor.py:178} INFO - Processing /home/airflow/.local/lib/python3.7/site-packages/airflow/example_dags/tutorial_taskflow_api.py took 0.907 seconds
[2023-09-14T16:51:11.120+0000] {processor.py:156} INFO - Started process (PID=1460) to work on /home/airflow/.local/lib/python3.7/site-packages/airflow/example_dags/tutorial_taskflow_api.py
[2023-09-14T16:51:11.128+0000] {processor.py:799} INFO - Processing file /home/airflow/.local/lib/python3.7/site-packages/airflow/example_dags/tutorial_taskflow_api.py for tasks to queue
[2023-09-14T16:51:11.135+0000] {logging_mixin.py:149} INFO - [2023-09-14T16:51:11.135+0000] {dagbag.py:541} INFO - Filling up the DagBag from /home/airflow/.local/lib/python3.7/site-packages/airflow/example_dags/tutorial_taskflow_api.py
[2023-09-14T16:51:11.165+0000] {processor.py:809} INFO - DAG(s) dict_keys(['tutorial_taskflow_api']) retrieved from /home/airflow/.local/lib/python3.7/site-packages/airflow/example_dags/tutorial_taskflow_api.py
[2023-09-14T16:51:11.274+0000] {logging_mixin.py:149} INFO - [2023-09-14T16:51:11.273+0000] {dag.py:2726} INFO - Sync 1 DAGs
[2023-09-14T16:51:11.418+0000] {logging_mixin.py:149} INFO - [2023-09-14T16:51:11.418+0000] {dag.py:3490} INFO - Setting next_dagrun for tutorial_taskflow_api to None, run_after=None
[2023-09-14T16:51:11.518+0000] {processor.py:178} INFO - Processing /home/airflow/.local/lib/python3.7/site-packages/airflow/example_dags/tutorial_taskflow_api.py took 0.409 seconds
[2023-09-14T16:51:41.903+0000] {processor.py:156} INFO - Started process (PID=1520) to work on /home/airflow/.local/lib/python3.7/site-packages/airflow/example_dags/tutorial_taskflow_api.py
[2023-09-14T16:51:41.907+0000] {processor.py:799} INFO - Processing file /home/airflow/.local/lib/python3.7/site-packages/airflow/example_dags/tutorial_taskflow_api.py for tasks to queue
[2023-09-14T16:51:41.912+0000] {logging_mixin.py:149} INFO - [2023-09-14T16:51:41.911+0000] {dagbag.py:541} INFO - Filling up the DagBag from /home/airflow/.local/lib/python3.7/site-packages/airflow/example_dags/tutorial_taskflow_api.py
[2023-09-14T16:51:41.929+0000] {processor.py:809} INFO - DAG(s) dict_keys(['tutorial_taskflow_api']) retrieved from /home/airflow/.local/lib/python3.7/site-packages/airflow/example_dags/tutorial_taskflow_api.py
[2023-09-14T16:51:41.977+0000] {logging_mixin.py:149} INFO - [2023-09-14T16:51:41.976+0000] {dag.py:2726} INFO - Sync 1 DAGs
[2023-09-14T16:51:42.046+0000] {logging_mixin.py:149} INFO - [2023-09-14T16:51:42.045+0000] {dag.py:3490} INFO - Setting next_dagrun for tutorial_taskflow_api to None, run_after=None
[2023-09-14T16:51:42.149+0000] {processor.py:178} INFO - Processing /home/airflow/.local/lib/python3.7/site-packages/airflow/example_dags/tutorial_taskflow_api.py took 0.253 seconds
[2023-09-14T16:52:12.407+0000] {processor.py:156} INFO - Started process (PID=1582) to work on /home/airflow/.local/lib/python3.7/site-packages/airflow/example_dags/tutorial_taskflow_api.py
[2023-09-14T16:52:12.412+0000] {processor.py:799} INFO - Processing file /home/airflow/.local/lib/python3.7/site-packages/airflow/example_dags/tutorial_taskflow_api.py for tasks to queue
[2023-09-14T16:52:12.419+0000] {logging_mixin.py:149} INFO - [2023-09-14T16:52:12.417+0000] {dagbag.py:541} INFO - Filling up the DagBag from /home/airflow/.local/lib/python3.7/site-packages/airflow/example_dags/tutorial_taskflow_api.py
[2023-09-14T16:52:12.453+0000] {processor.py:809} INFO - DAG(s) dict_keys(['tutorial_taskflow_api']) retrieved from /home/airflow/.local/lib/python3.7/site-packages/airflow/example_dags/tutorial_taskflow_api.py
[2023-09-14T16:52:12.551+0000] {logging_mixin.py:149} INFO - [2023-09-14T16:52:12.550+0000] {dag.py:2726} INFO - Sync 1 DAGs
[2023-09-14T16:52:12.679+0000] {logging_mixin.py:149} INFO - [2023-09-14T16:52:12.679+0000] {dag.py:3490} INFO - Setting next_dagrun for tutorial_taskflow_api to None, run_after=None
[2023-09-14T16:52:12.803+0000] {processor.py:178} INFO - Processing /home/airflow/.local/lib/python3.7/site-packages/airflow/example_dags/tutorial_taskflow_api.py took 0.408 seconds
[2023-09-14T16:52:43.189+0000] {processor.py:156} INFO - Started process (PID=1643) to work on /home/airflow/.local/lib/python3.7/site-packages/airflow/example_dags/tutorial_taskflow_api.py
[2023-09-14T16:52:43.193+0000] {processor.py:799} INFO - Processing file /home/airflow/.local/lib/python3.7/site-packages/airflow/example_dags/tutorial_taskflow_api.py for tasks to queue
[2023-09-14T16:52:43.196+0000] {logging_mixin.py:149} INFO - [2023-09-14T16:52:43.196+0000] {dagbag.py:541} INFO - Filling up the DagBag from /home/airflow/.local/lib/python3.7/site-packages/airflow/example_dags/tutorial_taskflow_api.py
[2023-09-14T16:52:43.217+0000] {processor.py:809} INFO - DAG(s) dict_keys(['tutorial_taskflow_api']) retrieved from /home/airflow/.local/lib/python3.7/site-packages/airflow/example_dags/tutorial_taskflow_api.py
[2023-09-14T16:52:43.284+0000] {logging_mixin.py:149} INFO - [2023-09-14T16:52:43.284+0000] {dag.py:2726} INFO - Sync 1 DAGs
[2023-09-14T16:52:43.361+0000] {logging_mixin.py:149} INFO - [2023-09-14T16:52:43.361+0000] {dag.py:3490} INFO - Setting next_dagrun for tutorial_taskflow_api to None, run_after=None
[2023-09-14T16:52:43.414+0000] {processor.py:178} INFO - Processing /home/airflow/.local/lib/python3.7/site-packages/airflow/example_dags/tutorial_taskflow_api.py took 0.235 seconds
[2023-09-14T16:53:13.619+0000] {processor.py:156} INFO - Started process (PID=1704) to work on /home/airflow/.local/lib/python3.7/site-packages/airflow/example_dags/tutorial_taskflow_api.py
[2023-09-14T16:53:13.624+0000] {processor.py:799} INFO - Processing file /home/airflow/.local/lib/python3.7/site-packages/airflow/example_dags/tutorial_taskflow_api.py for tasks to queue
[2023-09-14T16:53:13.629+0000] {logging_mixin.py:149} INFO - [2023-09-14T16:53:13.629+0000] {dagbag.py:541} INFO - Filling up the DagBag from /home/airflow/.local/lib/python3.7/site-packages/airflow/example_dags/tutorial_taskflow_api.py
[2023-09-14T16:53:13.661+0000] {processor.py:809} INFO - DAG(s) dict_keys(['tutorial_taskflow_api']) retrieved from /home/airflow/.local/lib/python3.7/site-packages/airflow/example_dags/tutorial_taskflow_api.py
[2023-09-14T16:53:13.785+0000] {logging_mixin.py:149} INFO - [2023-09-14T16:53:13.784+0000] {dag.py:2726} INFO - Sync 1 DAGs
[2023-09-14T16:53:13.895+0000] {logging_mixin.py:149} INFO - [2023-09-14T16:53:13.894+0000] {dag.py:3490} INFO - Setting next_dagrun for tutorial_taskflow_api to None, run_after=None
[2023-09-14T16:53:13.993+0000] {processor.py:178} INFO - Processing /home/airflow/.local/lib/python3.7/site-packages/airflow/example_dags/tutorial_taskflow_api.py took 0.394 seconds
[2023-09-14T16:53:44.897+0000] {processor.py:156} INFO - Started process (PID=1770) to work on /home/airflow/.local/lib/python3.7/site-packages/airflow/example_dags/tutorial_taskflow_api.py
[2023-09-14T16:53:44.902+0000] {processor.py:799} INFO - Processing file /home/airflow/.local/lib/python3.7/site-packages/airflow/example_dags/tutorial_taskflow_api.py for tasks to queue
[2023-09-14T16:53:44.914+0000] {logging_mixin.py:149} INFO - [2023-09-14T16:53:44.912+0000] {dagbag.py:541} INFO - Filling up the DagBag from /home/airflow/.local/lib/python3.7/site-packages/airflow/example_dags/tutorial_taskflow_api.py
[2023-09-14T16:53:44.973+0000] {processor.py:809} INFO - DAG(s) dict_keys(['tutorial_taskflow_api']) retrieved from /home/airflow/.local/lib/python3.7/site-packages/airflow/example_dags/tutorial_taskflow_api.py
[2023-09-14T16:53:45.125+0000] {logging_mixin.py:149} INFO - [2023-09-14T16:53:45.124+0000] {dag.py:2726} INFO - Sync 1 DAGs
[2023-09-14T16:53:45.247+0000] {logging_mixin.py:149} INFO - [2023-09-14T16:53:45.247+0000] {dag.py:3490} INFO - Setting next_dagrun for tutorial_taskflow_api to None, run_after=None
[2023-09-14T16:53:45.434+0000] {processor.py:178} INFO - Processing /home/airflow/.local/lib/python3.7/site-packages/airflow/example_dags/tutorial_taskflow_api.py took 0.552 seconds
[2023-09-14T16:54:25.545+0000] {processor.py:156} INFO - Started process (PID=1844) to work on /home/airflow/.local/lib/python3.7/site-packages/airflow/example_dags/tutorial_taskflow_api.py
[2023-09-14T16:54:25.553+0000] {processor.py:799} INFO - Processing file /home/airflow/.local/lib/python3.7/site-packages/airflow/example_dags/tutorial_taskflow_api.py for tasks to queue
[2023-09-14T16:54:25.557+0000] {logging_mixin.py:149} INFO - [2023-09-14T16:54:25.556+0000] {dagbag.py:541} INFO - Filling up the DagBag from /home/airflow/.local/lib/python3.7/site-packages/airflow/example_dags/tutorial_taskflow_api.py
[2023-09-14T16:54:25.609+0000] {processor.py:809} INFO - DAG(s) dict_keys(['tutorial_taskflow_api']) retrieved from /home/airflow/.local/lib/python3.7/site-packages/airflow/example_dags/tutorial_taskflow_api.py
[2023-09-14T16:54:25.791+0000] {logging_mixin.py:149} INFO - [2023-09-14T16:54:25.790+0000] {dag.py:2726} INFO - Sync 1 DAGs
[2023-09-14T16:54:26.032+0000] {logging_mixin.py:149} INFO - [2023-09-14T16:54:26.031+0000] {dag.py:3490} INFO - Setting next_dagrun for tutorial_taskflow_api to None, run_after=None
[2023-09-14T16:54:26.198+0000] {processor.py:178} INFO - Processing /home/airflow/.local/lib/python3.7/site-packages/airflow/example_dags/tutorial_taskflow_api.py took 0.674 seconds
[2023-09-14T16:55:03.461+0000] {processor.py:156} INFO - Started process (PID=1910) to work on /home/airflow/.local/lib/python3.7/site-packages/airflow/example_dags/tutorial_taskflow_api.py
[2023-09-14T16:55:03.464+0000] {processor.py:799} INFO - Processing file /home/airflow/.local/lib/python3.7/site-packages/airflow/example_dags/tutorial_taskflow_api.py for tasks to queue
[2023-09-14T16:55:03.468+0000] {logging_mixin.py:149} INFO - [2023-09-14T16:55:03.467+0000] {dagbag.py:541} INFO - Filling up the DagBag from /home/airflow/.local/lib/python3.7/site-packages/airflow/example_dags/tutorial_taskflow_api.py
[2023-09-14T16:55:03.492+0000] {processor.py:809} INFO - DAG(s) dict_keys(['tutorial_taskflow_api']) retrieved from /home/airflow/.local/lib/python3.7/site-packages/airflow/example_dags/tutorial_taskflow_api.py
[2023-09-14T16:55:03.585+0000] {logging_mixin.py:149} INFO - [2023-09-14T16:55:03.584+0000] {dag.py:2726} INFO - Sync 1 DAGs
[2023-09-14T16:55:03.672+0000] {logging_mixin.py:149} INFO - [2023-09-14T16:55:03.671+0000] {dag.py:3490} INFO - Setting next_dagrun for tutorial_taskflow_api to None, run_after=None
[2023-09-14T16:55:03.735+0000] {processor.py:178} INFO - Processing /home/airflow/.local/lib/python3.7/site-packages/airflow/example_dags/tutorial_taskflow_api.py took 0.282 seconds
[2023-09-14T16:55:36.117+0000] {processor.py:156} INFO - Started process (PID=1976) to work on /home/airflow/.local/lib/python3.7/site-packages/airflow/example_dags/tutorial_taskflow_api.py
[2023-09-14T16:55:36.129+0000] {processor.py:799} INFO - Processing file /home/airflow/.local/lib/python3.7/site-packages/airflow/example_dags/tutorial_taskflow_api.py for tasks to queue
[2023-09-14T16:55:36.138+0000] {logging_mixin.py:149} INFO - [2023-09-14T16:55:36.137+0000] {dagbag.py:541} INFO - Filling up the DagBag from /home/airflow/.local/lib/python3.7/site-packages/airflow/example_dags/tutorial_taskflow_api.py
[2023-09-14T16:55:36.180+0000] {processor.py:809} INFO - DAG(s) dict_keys(['tutorial_taskflow_api']) retrieved from /home/airflow/.local/lib/python3.7/site-packages/airflow/example_dags/tutorial_taskflow_api.py
[2023-09-14T16:55:36.339+0000] {logging_mixin.py:149} INFO - [2023-09-14T16:55:36.338+0000] {dag.py:2726} INFO - Sync 1 DAGs
[2023-09-14T16:55:36.533+0000] {logging_mixin.py:149} INFO - [2023-09-14T16:55:36.529+0000] {dag.py:3490} INFO - Setting next_dagrun for tutorial_taskflow_api to None, run_after=None
[2023-09-14T16:55:36.706+0000] {processor.py:178} INFO - Processing /home/airflow/.local/lib/python3.7/site-packages/airflow/example_dags/tutorial_taskflow_api.py took 0.610 seconds
[2023-09-14T16:56:07.020+0000] {processor.py:156} INFO - Started process (PID=2041) to work on /home/airflow/.local/lib/python3.7/site-packages/airflow/example_dags/tutorial_taskflow_api.py
[2023-09-14T16:56:07.023+0000] {processor.py:799} INFO - Processing file /home/airflow/.local/lib/python3.7/site-packages/airflow/example_dags/tutorial_taskflow_api.py for tasks to queue
[2023-09-14T16:56:07.025+0000] {logging_mixin.py:149} INFO - [2023-09-14T16:56:07.025+0000] {dagbag.py:541} INFO - Filling up the DagBag from /home/airflow/.local/lib/python3.7/site-packages/airflow/example_dags/tutorial_taskflow_api.py
[2023-09-14T16:56:07.043+0000] {processor.py:809} INFO - DAG(s) dict_keys(['tutorial_taskflow_api']) retrieved from /home/airflow/.local/lib/python3.7/site-packages/airflow/example_dags/tutorial_taskflow_api.py
[2023-09-14T16:56:07.150+0000] {logging_mixin.py:149} INFO - [2023-09-14T16:56:07.149+0000] {dag.py:2726} INFO - Sync 1 DAGs
[2023-09-14T16:56:07.241+0000] {logging_mixin.py:149} INFO - [2023-09-14T16:56:07.241+0000] {dag.py:3490} INFO - Setting next_dagrun for tutorial_taskflow_api to None, run_after=None
[2023-09-14T16:56:07.354+0000] {processor.py:178} INFO - Processing /home/airflow/.local/lib/python3.7/site-packages/airflow/example_dags/tutorial_taskflow_api.py took 0.345 seconds
[2023-09-14T16:56:38.261+0000] {processor.py:156} INFO - Started process (PID=2106) to work on /home/airflow/.local/lib/python3.7/site-packages/airflow/example_dags/tutorial_taskflow_api.py
[2023-09-14T16:56:38.269+0000] {processor.py:799} INFO - Processing file /home/airflow/.local/lib/python3.7/site-packages/airflow/example_dags/tutorial_taskflow_api.py for tasks to queue
[2023-09-14T16:56:38.273+0000] {logging_mixin.py:149} INFO - [2023-09-14T16:56:38.272+0000] {dagbag.py:541} INFO - Filling up the DagBag from /home/airflow/.local/lib/python3.7/site-packages/airflow/example_dags/tutorial_taskflow_api.py
[2023-09-14T16:56:38.304+0000] {processor.py:809} INFO - DAG(s) dict_keys(['tutorial_taskflow_api']) retrieved from /home/airflow/.local/lib/python3.7/site-packages/airflow/example_dags/tutorial_taskflow_api.py
[2023-09-14T16:56:38.393+0000] {logging_mixin.py:149} INFO - [2023-09-14T16:56:38.393+0000] {dag.py:2726} INFO - Sync 1 DAGs
[2023-09-14T16:56:38.479+0000] {logging_mixin.py:149} INFO - [2023-09-14T16:56:38.478+0000] {dag.py:3490} INFO - Setting next_dagrun for tutorial_taskflow_api to None, run_after=None
[2023-09-14T16:56:38.549+0000] {processor.py:178} INFO - Processing /home/airflow/.local/lib/python3.7/site-packages/airflow/example_dags/tutorial_taskflow_api.py took 0.308 seconds
[2023-09-14T16:57:08.975+0000] {processor.py:156} INFO - Started process (PID=2163) to work on /home/airflow/.local/lib/python3.7/site-packages/airflow/example_dags/tutorial_taskflow_api.py
[2023-09-14T16:57:08.978+0000] {processor.py:799} INFO - Processing file /home/airflow/.local/lib/python3.7/site-packages/airflow/example_dags/tutorial_taskflow_api.py for tasks to queue
[2023-09-14T16:57:08.980+0000] {logging_mixin.py:149} INFO - [2023-09-14T16:57:08.980+0000] {dagbag.py:541} INFO - Filling up the DagBag from /home/airflow/.local/lib/python3.7/site-packages/airflow/example_dags/tutorial_taskflow_api.py
[2023-09-14T16:57:08.999+0000] {processor.py:809} INFO - DAG(s) dict_keys(['tutorial_taskflow_api']) retrieved from /home/airflow/.local/lib/python3.7/site-packages/airflow/example_dags/tutorial_taskflow_api.py
[2023-09-14T16:57:09.073+0000] {logging_mixin.py:149} INFO - [2023-09-14T16:57:09.072+0000] {dag.py:2726} INFO - Sync 1 DAGs
[2023-09-14T16:57:09.145+0000] {logging_mixin.py:149} INFO - [2023-09-14T16:57:09.145+0000] {dag.py:3490} INFO - Setting next_dagrun for tutorial_taskflow_api to None, run_after=None
[2023-09-14T16:57:09.210+0000] {processor.py:178} INFO - Processing /home/airflow/.local/lib/python3.7/site-packages/airflow/example_dags/tutorial_taskflow_api.py took 0.249 seconds
[2023-09-14T16:57:40.181+0000] {processor.py:156} INFO - Started process (PID=2230) to work on /home/airflow/.local/lib/python3.7/site-packages/airflow/example_dags/tutorial_taskflow_api.py
[2023-09-14T16:57:40.187+0000] {processor.py:799} INFO - Processing file /home/airflow/.local/lib/python3.7/site-packages/airflow/example_dags/tutorial_taskflow_api.py for tasks to queue
[2023-09-14T16:57:40.190+0000] {logging_mixin.py:149} INFO - [2023-09-14T16:57:40.189+0000] {dagbag.py:541} INFO - Filling up the DagBag from /home/airflow/.local/lib/python3.7/site-packages/airflow/example_dags/tutorial_taskflow_api.py
[2023-09-14T16:57:40.210+0000] {processor.py:809} INFO - DAG(s) dict_keys(['tutorial_taskflow_api']) retrieved from /home/airflow/.local/lib/python3.7/site-packages/airflow/example_dags/tutorial_taskflow_api.py
[2023-09-14T16:57:40.274+0000] {logging_mixin.py:149} INFO - [2023-09-14T16:57:40.273+0000] {dag.py:2726} INFO - Sync 1 DAGs
[2023-09-14T16:57:40.337+0000] {logging_mixin.py:149} INFO - [2023-09-14T16:57:40.336+0000] {dag.py:3490} INFO - Setting next_dagrun for tutorial_taskflow_api to None, run_after=None
[2023-09-14T16:57:40.443+0000] {processor.py:178} INFO - Processing /home/airflow/.local/lib/python3.7/site-packages/airflow/example_dags/tutorial_taskflow_api.py took 0.270 seconds
[2023-09-14T16:58:12.027+0000] {processor.py:156} INFO - Started process (PID=2295) to work on /home/airflow/.local/lib/python3.7/site-packages/airflow/example_dags/tutorial_taskflow_api.py
[2023-09-14T16:58:12.030+0000] {processor.py:799} INFO - Processing file /home/airflow/.local/lib/python3.7/site-packages/airflow/example_dags/tutorial_taskflow_api.py for tasks to queue
[2023-09-14T16:58:12.033+0000] {logging_mixin.py:149} INFO - [2023-09-14T16:58:12.032+0000] {dagbag.py:541} INFO - Filling up the DagBag from /home/airflow/.local/lib/python3.7/site-packages/airflow/example_dags/tutorial_taskflow_api.py
[2023-09-14T16:58:12.072+0000] {processor.py:809} INFO - DAG(s) dict_keys(['tutorial_taskflow_api']) retrieved from /home/airflow/.local/lib/python3.7/site-packages/airflow/example_dags/tutorial_taskflow_api.py
[2023-09-14T16:58:12.213+0000] {logging_mixin.py:149} INFO - [2023-09-14T16:58:12.212+0000] {dag.py:2726} INFO - Sync 1 DAGs
[2023-09-14T16:58:12.360+0000] {logging_mixin.py:149} INFO - [2023-09-14T16:58:12.359+0000] {dag.py:3490} INFO - Setting next_dagrun for tutorial_taskflow_api to None, run_after=None
[2023-09-14T16:58:12.460+0000] {processor.py:178} INFO - Processing /home/airflow/.local/lib/python3.7/site-packages/airflow/example_dags/tutorial_taskflow_api.py took 0.444 seconds
[2023-09-14T16:58:54.945+0000] {processor.py:156} INFO - Started process (PID=2373) to work on /home/airflow/.local/lib/python3.7/site-packages/airflow/example_dags/tutorial_taskflow_api.py
[2023-09-14T16:58:54.949+0000] {processor.py:799} INFO - Processing file /home/airflow/.local/lib/python3.7/site-packages/airflow/example_dags/tutorial_taskflow_api.py for tasks to queue
[2023-09-14T16:58:54.953+0000] {logging_mixin.py:149} INFO - [2023-09-14T16:58:54.953+0000] {dagbag.py:541} INFO - Filling up the DagBag from /home/airflow/.local/lib/python3.7/site-packages/airflow/example_dags/tutorial_taskflow_api.py
[2023-09-14T16:58:54.985+0000] {processor.py:809} INFO - DAG(s) dict_keys(['tutorial_taskflow_api']) retrieved from /home/airflow/.local/lib/python3.7/site-packages/airflow/example_dags/tutorial_taskflow_api.py
[2023-09-14T16:58:55.071+0000] {logging_mixin.py:149} INFO - [2023-09-14T16:58:55.069+0000] {dag.py:2726} INFO - Sync 1 DAGs
[2023-09-14T16:58:55.207+0000] {logging_mixin.py:149} INFO - [2023-09-14T16:58:55.206+0000] {dag.py:3490} INFO - Setting next_dagrun for tutorial_taskflow_api to None, run_after=None
[2023-09-14T16:58:55.285+0000] {processor.py:178} INFO - Processing /home/airflow/.local/lib/python3.7/site-packages/airflow/example_dags/tutorial_taskflow_api.py took 0.354 seconds
[2023-09-14T16:59:25.585+0000] {processor.py:156} INFO - Started process (PID=2436) to work on /home/airflow/.local/lib/python3.7/site-packages/airflow/example_dags/tutorial_taskflow_api.py
[2023-09-14T16:59:25.588+0000] {processor.py:799} INFO - Processing file /home/airflow/.local/lib/python3.7/site-packages/airflow/example_dags/tutorial_taskflow_api.py for tasks to queue
[2023-09-14T16:59:25.590+0000] {logging_mixin.py:149} INFO - [2023-09-14T16:59:25.590+0000] {dagbag.py:541} INFO - Filling up the DagBag from /home/airflow/.local/lib/python3.7/site-packages/airflow/example_dags/tutorial_taskflow_api.py
[2023-09-14T16:59:25.604+0000] {processor.py:809} INFO - DAG(s) dict_keys(['tutorial_taskflow_api']) retrieved from /home/airflow/.local/lib/python3.7/site-packages/airflow/example_dags/tutorial_taskflow_api.py
[2023-09-14T16:59:25.694+0000] {logging_mixin.py:149} INFO - [2023-09-14T16:59:25.693+0000] {dag.py:2726} INFO - Sync 1 DAGs
[2023-09-14T16:59:25.792+0000] {logging_mixin.py:149} INFO - [2023-09-14T16:59:25.792+0000] {dag.py:3490} INFO - Setting next_dagrun for tutorial_taskflow_api to None, run_after=None
[2023-09-14T16:59:25.868+0000] {processor.py:178} INFO - Processing /home/airflow/.local/lib/python3.7/site-packages/airflow/example_dags/tutorial_taskflow_api.py took 0.289 seconds
[2023-09-14T16:59:58.294+0000] {processor.py:156} INFO - Started process (PID=2501) to work on /home/airflow/.local/lib/python3.7/site-packages/airflow/example_dags/tutorial_taskflow_api.py
[2023-09-14T16:59:58.301+0000] {processor.py:799} INFO - Processing file /home/airflow/.local/lib/python3.7/site-packages/airflow/example_dags/tutorial_taskflow_api.py for tasks to queue
[2023-09-14T16:59:58.308+0000] {logging_mixin.py:149} INFO - [2023-09-14T16:59:58.308+0000] {dagbag.py:541} INFO - Filling up the DagBag from /home/airflow/.local/lib/python3.7/site-packages/airflow/example_dags/tutorial_taskflow_api.py
[2023-09-14T16:59:58.413+0000] {processor.py:809} INFO - DAG(s) dict_keys(['tutorial_taskflow_api']) retrieved from /home/airflow/.local/lib/python3.7/site-packages/airflow/example_dags/tutorial_taskflow_api.py
[2023-09-14T16:59:58.645+0000] {logging_mixin.py:149} INFO - [2023-09-14T16:59:58.645+0000] {dag.py:2726} INFO - Sync 1 DAGs
[2023-09-14T16:59:58.931+0000] {logging_mixin.py:149} INFO - [2023-09-14T16:59:58.930+0000] {dag.py:3490} INFO - Setting next_dagrun for tutorial_taskflow_api to None, run_after=None
[2023-09-14T16:59:59.103+0000] {processor.py:178} INFO - Processing /home/airflow/.local/lib/python3.7/site-packages/airflow/example_dags/tutorial_taskflow_api.py took 0.844 seconds
[2023-09-14T17:00:29.614+0000] {processor.py:156} INFO - Started process (PID=2565) to work on /home/airflow/.local/lib/python3.7/site-packages/airflow/example_dags/tutorial_taskflow_api.py
[2023-09-14T17:00:29.616+0000] {processor.py:799} INFO - Processing file /home/airflow/.local/lib/python3.7/site-packages/airflow/example_dags/tutorial_taskflow_api.py for tasks to queue
[2023-09-14T17:00:29.620+0000] {logging_mixin.py:149} INFO - [2023-09-14T17:00:29.620+0000] {dagbag.py:541} INFO - Filling up the DagBag from /home/airflow/.local/lib/python3.7/site-packages/airflow/example_dags/tutorial_taskflow_api.py
[2023-09-14T17:00:29.641+0000] {processor.py:809} INFO - DAG(s) dict_keys(['tutorial_taskflow_api']) retrieved from /home/airflow/.local/lib/python3.7/site-packages/airflow/example_dags/tutorial_taskflow_api.py
[2023-09-14T17:00:29.720+0000] {logging_mixin.py:149} INFO - [2023-09-14T17:00:29.720+0000] {dag.py:2726} INFO - Sync 1 DAGs
[2023-09-14T17:00:29.810+0000] {logging_mixin.py:149} INFO - [2023-09-14T17:00:29.809+0000] {dag.py:3490} INFO - Setting next_dagrun for tutorial_taskflow_api to None, run_after=None
[2023-09-14T17:00:29.868+0000] {processor.py:178} INFO - Processing /home/airflow/.local/lib/python3.7/site-packages/airflow/example_dags/tutorial_taskflow_api.py took 0.266 seconds
[2023-09-14T17:00:59.961+0000] {processor.py:156} INFO - Started process (PID=2629) to work on /home/airflow/.local/lib/python3.7/site-packages/airflow/example_dags/tutorial_taskflow_api.py
[2023-09-14T17:00:59.963+0000] {processor.py:799} INFO - Processing file /home/airflow/.local/lib/python3.7/site-packages/airflow/example_dags/tutorial_taskflow_api.py for tasks to queue
[2023-09-14T17:00:59.966+0000] {logging_mixin.py:149} INFO - [2023-09-14T17:00:59.965+0000] {dagbag.py:541} INFO - Filling up the DagBag from /home/airflow/.local/lib/python3.7/site-packages/airflow/example_dags/tutorial_taskflow_api.py
[2023-09-14T17:00:59.987+0000] {processor.py:809} INFO - DAG(s) dict_keys(['tutorial_taskflow_api']) retrieved from /home/airflow/.local/lib/python3.7/site-packages/airflow/example_dags/tutorial_taskflow_api.py
[2023-09-14T17:01:00.062+0000] {logging_mixin.py:149} INFO - [2023-09-14T17:01:00.061+0000] {dag.py:2726} INFO - Sync 1 DAGs
[2023-09-14T17:01:00.182+0000] {logging_mixin.py:149} INFO - [2023-09-14T17:01:00.173+0000] {dag.py:3490} INFO - Setting next_dagrun for tutorial_taskflow_api to None, run_after=None
[2023-09-14T17:01:00.398+0000] {processor.py:178} INFO - Processing /home/airflow/.local/lib/python3.7/site-packages/airflow/example_dags/tutorial_taskflow_api.py took 0.445 seconds
[2023-09-14T17:01:31.168+0000] {processor.py:156} INFO - Started process (PID=2693) to work on /home/airflow/.local/lib/python3.7/site-packages/airflow/example_dags/tutorial_taskflow_api.py
[2023-09-14T17:01:31.170+0000] {processor.py:799} INFO - Processing file /home/airflow/.local/lib/python3.7/site-packages/airflow/example_dags/tutorial_taskflow_api.py for tasks to queue
[2023-09-14T17:01:31.171+0000] {logging_mixin.py:149} INFO - [2023-09-14T17:01:31.171+0000] {dagbag.py:541} INFO - Filling up the DagBag from /home/airflow/.local/lib/python3.7/site-packages/airflow/example_dags/tutorial_taskflow_api.py
[2023-09-14T17:01:31.181+0000] {processor.py:809} INFO - DAG(s) dict_keys(['tutorial_taskflow_api']) retrieved from /home/airflow/.local/lib/python3.7/site-packages/airflow/example_dags/tutorial_taskflow_api.py
[2023-09-14T17:01:31.219+0000] {logging_mixin.py:149} INFO - [2023-09-14T17:01:31.219+0000] {dag.py:2726} INFO - Sync 1 DAGs
[2023-09-14T17:01:31.267+0000] {logging_mixin.py:149} INFO - [2023-09-14T17:01:31.267+0000] {dag.py:3490} INFO - Setting next_dagrun for tutorial_taskflow_api to None, run_after=None
[2023-09-14T17:01:31.313+0000] {processor.py:178} INFO - Processing /home/airflow/.local/lib/python3.7/site-packages/airflow/example_dags/tutorial_taskflow_api.py took 0.149 seconds
[2023-09-14T17:02:01.723+0000] {processor.py:156} INFO - Started process (PID=2758) to work on /home/airflow/.local/lib/python3.7/site-packages/airflow/example_dags/tutorial_taskflow_api.py
[2023-09-14T17:02:01.725+0000] {processor.py:799} INFO - Processing file /home/airflow/.local/lib/python3.7/site-packages/airflow/example_dags/tutorial_taskflow_api.py for tasks to queue
[2023-09-14T17:02:01.726+0000] {logging_mixin.py:149} INFO - [2023-09-14T17:02:01.726+0000] {dagbag.py:541} INFO - Filling up the DagBag from /home/airflow/.local/lib/python3.7/site-packages/airflow/example_dags/tutorial_taskflow_api.py
[2023-09-14T17:02:01.734+0000] {processor.py:809} INFO - DAG(s) dict_keys(['tutorial_taskflow_api']) retrieved from /home/airflow/.local/lib/python3.7/site-packages/airflow/example_dags/tutorial_taskflow_api.py
[2023-09-14T17:02:01.775+0000] {logging_mixin.py:149} INFO - [2023-09-14T17:02:01.775+0000] {dag.py:2726} INFO - Sync 1 DAGs
[2023-09-14T17:02:01.821+0000] {logging_mixin.py:149} INFO - [2023-09-14T17:02:01.821+0000] {dag.py:3490} INFO - Setting next_dagrun for tutorial_taskflow_api to None, run_after=None
[2023-09-14T17:02:01.853+0000] {processor.py:178} INFO - Processing /home/airflow/.local/lib/python3.7/site-packages/airflow/example_dags/tutorial_taskflow_api.py took 0.134 seconds
