[2023-09-14T16:11:30.970+0000] {processor.py:156} INFO - Started process (PID=106) to work on /home/airflow/.local/lib/python3.7/site-packages/airflow/example_dags/tutorial.py
[2023-09-14T16:11:30.975+0000] {processor.py:799} INFO - Processing file /home/airflow/.local/lib/python3.7/site-packages/airflow/example_dags/tutorial.py for tasks to queue
[2023-09-14T16:11:30.986+0000] {logging_mixin.py:149} INFO - [2023-09-14T16:11:30.985+0000] {dagbag.py:541} INFO - Filling up the DagBag from /home/airflow/.local/lib/python3.7/site-packages/airflow/example_dags/tutorial.py
[2023-09-14T16:11:31.026+0000] {processor.py:809} INFO - DAG(s) dict_keys(['tutorial']) retrieved from /home/airflow/.local/lib/python3.7/site-packages/airflow/example_dags/tutorial.py
[2023-09-14T16:11:31.170+0000] {logging_mixin.py:149} INFO - [2023-09-14T16:11:31.170+0000] {dag.py:2726} INFO - Sync 1 DAGs
[2023-09-14T16:11:31.356+0000] {logging_mixin.py:149} INFO - [2023-09-14T16:11:31.355+0000] {dag.py:3490} INFO - Setting next_dagrun for tutorial to 2023-09-13T16:11:31.354913+00:00, run_after=2023-09-14T16:11:31.354913+00:00
[2023-09-14T16:11:32.011+0000] {processor.py:178} INFO - Processing /home/airflow/.local/lib/python3.7/site-packages/airflow/example_dags/tutorial.py took 1.062 seconds
[2023-09-14T16:12:15.692+0000] {processor.py:156} INFO - Started process (PID=169) to work on /home/airflow/.local/lib/python3.7/site-packages/airflow/example_dags/tutorial.py
[2023-09-14T16:12:15.715+0000] {processor.py:799} INFO - Processing file /home/airflow/.local/lib/python3.7/site-packages/airflow/example_dags/tutorial.py for tasks to queue
[2023-09-14T16:12:15.729+0000] {logging_mixin.py:149} INFO - [2023-09-14T16:12:15.728+0000] {dagbag.py:541} INFO - Filling up the DagBag from /home/airflow/.local/lib/python3.7/site-packages/airflow/example_dags/tutorial.py
[2023-09-14T16:12:15.768+0000] {processor.py:809} INFO - DAG(s) dict_keys(['tutorial']) retrieved from /home/airflow/.local/lib/python3.7/site-packages/airflow/example_dags/tutorial.py
[2023-09-14T16:12:16.363+0000] {logging_mixin.py:149} INFO - [2023-09-14T16:12:16.362+0000] {dag.py:2726} INFO - Sync 1 DAGs
[2023-09-14T16:12:16.509+0000] {logging_mixin.py:149} INFO - [2023-09-14T16:12:16.508+0000] {dag.py:3490} INFO - Setting next_dagrun for tutorial to 2023-09-13T16:12:16.507973+00:00, run_after=2023-09-14T16:12:16.507973+00:00
[2023-09-14T16:12:16.642+0000] {processor.py:178} INFO - Processing /home/airflow/.local/lib/python3.7/site-packages/airflow/example_dags/tutorial.py took 0.958 seconds
[2023-09-14T16:12:47.637+0000] {processor.py:156} INFO - Started process (PID=230) to work on /home/airflow/.local/lib/python3.7/site-packages/airflow/example_dags/tutorial.py
[2023-09-14T16:12:47.648+0000] {processor.py:799} INFO - Processing file /home/airflow/.local/lib/python3.7/site-packages/airflow/example_dags/tutorial.py for tasks to queue
[2023-09-14T16:12:47.651+0000] {logging_mixin.py:149} INFO - [2023-09-14T16:12:47.651+0000] {dagbag.py:541} INFO - Filling up the DagBag from /home/airflow/.local/lib/python3.7/site-packages/airflow/example_dags/tutorial.py
[2023-09-14T16:12:47.721+0000] {processor.py:809} INFO - DAG(s) dict_keys(['tutorial']) retrieved from /home/airflow/.local/lib/python3.7/site-packages/airflow/example_dags/tutorial.py
[2023-09-14T16:12:48.292+0000] {logging_mixin.py:149} INFO - [2023-09-14T16:12:48.291+0000] {dag.py:2726} INFO - Sync 1 DAGs
[2023-09-14T16:12:48.770+0000] {logging_mixin.py:149} INFO - [2023-09-14T16:12:48.770+0000] {dag.py:3490} INFO - Setting next_dagrun for tutorial to 2023-09-13T16:12:48.753039+00:00, run_after=2023-09-14T16:12:48.753039+00:00
[2023-09-14T16:12:49.316+0000] {processor.py:178} INFO - Processing /home/airflow/.local/lib/python3.7/site-packages/airflow/example_dags/tutorial.py took 1.697 seconds
[2023-09-14T16:13:19.871+0000] {processor.py:156} INFO - Started process (PID=291) to work on /home/airflow/.local/lib/python3.7/site-packages/airflow/example_dags/tutorial.py
[2023-09-14T16:13:19.875+0000] {processor.py:799} INFO - Processing file /home/airflow/.local/lib/python3.7/site-packages/airflow/example_dags/tutorial.py for tasks to queue
[2023-09-14T16:13:19.879+0000] {logging_mixin.py:149} INFO - [2023-09-14T16:13:19.878+0000] {dagbag.py:541} INFO - Filling up the DagBag from /home/airflow/.local/lib/python3.7/site-packages/airflow/example_dags/tutorial.py
[2023-09-14T16:13:20.057+0000] {processor.py:809} INFO - DAG(s) dict_keys(['tutorial']) retrieved from /home/airflow/.local/lib/python3.7/site-packages/airflow/example_dags/tutorial.py
[2023-09-14T16:13:20.352+0000] {logging_mixin.py:149} INFO - [2023-09-14T16:13:20.351+0000] {dag.py:2726} INFO - Sync 1 DAGs
[2023-09-14T16:13:20.546+0000] {logging_mixin.py:149} INFO - [2023-09-14T16:13:20.546+0000] {dag.py:3490} INFO - Setting next_dagrun for tutorial to 2023-09-13T16:13:20.544394+00:00, run_after=2023-09-14T16:13:20.544394+00:00
[2023-09-14T16:13:20.687+0000] {processor.py:178} INFO - Processing /home/airflow/.local/lib/python3.7/site-packages/airflow/example_dags/tutorial.py took 0.836 seconds
[2023-09-14T16:13:52.775+0000] {processor.py:156} INFO - Started process (PID=352) to work on /home/airflow/.local/lib/python3.7/site-packages/airflow/example_dags/tutorial.py
[2023-09-14T16:13:52.778+0000] {processor.py:799} INFO - Processing file /home/airflow/.local/lib/python3.7/site-packages/airflow/example_dags/tutorial.py for tasks to queue
[2023-09-14T16:13:52.781+0000] {logging_mixin.py:149} INFO - [2023-09-14T16:13:52.781+0000] {dagbag.py:541} INFO - Filling up the DagBag from /home/airflow/.local/lib/python3.7/site-packages/airflow/example_dags/tutorial.py
[2023-09-14T16:13:52.816+0000] {processor.py:809} INFO - DAG(s) dict_keys(['tutorial']) retrieved from /home/airflow/.local/lib/python3.7/site-packages/airflow/example_dags/tutorial.py
[2023-09-14T16:13:52.974+0000] {logging_mixin.py:149} INFO - [2023-09-14T16:13:52.973+0000] {dag.py:2726} INFO - Sync 1 DAGs
[2023-09-14T16:13:53.196+0000] {logging_mixin.py:149} INFO - [2023-09-14T16:13:53.195+0000] {dag.py:3490} INFO - Setting next_dagrun for tutorial to 2023-09-13T16:13:53.195093+00:00, run_after=2023-09-14T16:13:53.195093+00:00
[2023-09-14T16:13:53.341+0000] {processor.py:178} INFO - Processing /home/airflow/.local/lib/python3.7/site-packages/airflow/example_dags/tutorial.py took 0.580 seconds
[2023-09-14T16:14:27.116+0000] {processor.py:156} INFO - Started process (PID=413) to work on /home/airflow/.local/lib/python3.7/site-packages/airflow/example_dags/tutorial.py
[2023-09-14T16:14:27.122+0000] {processor.py:799} INFO - Processing file /home/airflow/.local/lib/python3.7/site-packages/airflow/example_dags/tutorial.py for tasks to queue
[2023-09-14T16:14:27.124+0000] {logging_mixin.py:149} INFO - [2023-09-14T16:14:27.124+0000] {dagbag.py:541} INFO - Filling up the DagBag from /home/airflow/.local/lib/python3.7/site-packages/airflow/example_dags/tutorial.py
[2023-09-14T16:14:27.154+0000] {processor.py:809} INFO - DAG(s) dict_keys(['tutorial']) retrieved from /home/airflow/.local/lib/python3.7/site-packages/airflow/example_dags/tutorial.py
[2023-09-14T16:14:27.246+0000] {logging_mixin.py:149} INFO - [2023-09-14T16:14:27.246+0000] {dag.py:2726} INFO - Sync 1 DAGs
[2023-09-14T16:14:27.411+0000] {logging_mixin.py:149} INFO - [2023-09-14T16:14:27.409+0000] {dag.py:3490} INFO - Setting next_dagrun for tutorial to 2023-09-13T16:14:27.408910+00:00, run_after=2023-09-14T16:14:27.408910+00:00
[2023-09-14T16:14:27.543+0000] {processor.py:178} INFO - Processing /home/airflow/.local/lib/python3.7/site-packages/airflow/example_dags/tutorial.py took 0.439 seconds
[2023-09-14T16:14:57.937+0000] {processor.py:156} INFO - Started process (PID=474) to work on /home/airflow/.local/lib/python3.7/site-packages/airflow/example_dags/tutorial.py
[2023-09-14T16:14:57.942+0000] {processor.py:799} INFO - Processing file /home/airflow/.local/lib/python3.7/site-packages/airflow/example_dags/tutorial.py for tasks to queue
[2023-09-14T16:14:57.945+0000] {logging_mixin.py:149} INFO - [2023-09-14T16:14:57.944+0000] {dagbag.py:541} INFO - Filling up the DagBag from /home/airflow/.local/lib/python3.7/site-packages/airflow/example_dags/tutorial.py
[2023-09-14T16:14:57.962+0000] {processor.py:809} INFO - DAG(s) dict_keys(['tutorial']) retrieved from /home/airflow/.local/lib/python3.7/site-packages/airflow/example_dags/tutorial.py
[2023-09-14T16:14:58.041+0000] {logging_mixin.py:149} INFO - [2023-09-14T16:14:58.040+0000] {dag.py:2726} INFO - Sync 1 DAGs
[2023-09-14T16:14:58.121+0000] {logging_mixin.py:149} INFO - [2023-09-14T16:14:58.121+0000] {dag.py:3490} INFO - Setting next_dagrun for tutorial to 2023-09-13T16:14:58.121157+00:00, run_after=2023-09-14T16:14:58.121157+00:00
[2023-09-14T16:14:58.166+0000] {processor.py:178} INFO - Processing /home/airflow/.local/lib/python3.7/site-packages/airflow/example_dags/tutorial.py took 0.239 seconds
[2023-09-14T16:15:28.773+0000] {processor.py:156} INFO - Started process (PID=535) to work on /home/airflow/.local/lib/python3.7/site-packages/airflow/example_dags/tutorial.py
[2023-09-14T16:15:28.782+0000] {processor.py:799} INFO - Processing file /home/airflow/.local/lib/python3.7/site-packages/airflow/example_dags/tutorial.py for tasks to queue
[2023-09-14T16:15:28.787+0000] {logging_mixin.py:149} INFO - [2023-09-14T16:15:28.786+0000] {dagbag.py:541} INFO - Filling up the DagBag from /home/airflow/.local/lib/python3.7/site-packages/airflow/example_dags/tutorial.py
[2023-09-14T16:15:28.867+0000] {processor.py:809} INFO - DAG(s) dict_keys(['tutorial']) retrieved from /home/airflow/.local/lib/python3.7/site-packages/airflow/example_dags/tutorial.py
[2023-09-14T16:15:29.059+0000] {logging_mixin.py:149} INFO - [2023-09-14T16:15:29.059+0000] {dag.py:2726} INFO - Sync 1 DAGs
[2023-09-14T16:15:29.231+0000] {logging_mixin.py:149} INFO - [2023-09-14T16:15:29.231+0000] {dag.py:3490} INFO - Setting next_dagrun for tutorial to 2023-09-13T16:15:29.229898+00:00, run_after=2023-09-14T16:15:29.229898+00:00
[2023-09-14T16:15:29.306+0000] {processor.py:178} INFO - Processing /home/airflow/.local/lib/python3.7/site-packages/airflow/example_dags/tutorial.py took 0.541 seconds
[2023-09-14T16:16:00.153+0000] {processor.py:156} INFO - Started process (PID=588) to work on /home/airflow/.local/lib/python3.7/site-packages/airflow/example_dags/tutorial.py
[2023-09-14T16:16:00.156+0000] {processor.py:799} INFO - Processing file /home/airflow/.local/lib/python3.7/site-packages/airflow/example_dags/tutorial.py for tasks to queue
[2023-09-14T16:16:00.158+0000] {logging_mixin.py:149} INFO - [2023-09-14T16:16:00.158+0000] {dagbag.py:541} INFO - Filling up the DagBag from /home/airflow/.local/lib/python3.7/site-packages/airflow/example_dags/tutorial.py
[2023-09-14T16:16:00.175+0000] {processor.py:809} INFO - DAG(s) dict_keys(['tutorial']) retrieved from /home/airflow/.local/lib/python3.7/site-packages/airflow/example_dags/tutorial.py
[2023-09-14T16:16:00.227+0000] {logging_mixin.py:149} INFO - [2023-09-14T16:16:00.226+0000] {dag.py:2726} INFO - Sync 1 DAGs
[2023-09-14T16:16:00.293+0000] {logging_mixin.py:149} INFO - [2023-09-14T16:16:00.293+0000] {dag.py:3490} INFO - Setting next_dagrun for tutorial to 2023-09-13T16:16:00.292617+00:00, run_after=2023-09-14T16:16:00.292617+00:00
[2023-09-14T16:16:00.354+0000] {processor.py:178} INFO - Processing /home/airflow/.local/lib/python3.7/site-packages/airflow/example_dags/tutorial.py took 0.209 seconds
[2023-09-14T16:16:30.489+0000] {processor.py:156} INFO - Started process (PID=648) to work on /home/airflow/.local/lib/python3.7/site-packages/airflow/example_dags/tutorial.py
[2023-09-14T16:16:30.491+0000] {processor.py:799} INFO - Processing file /home/airflow/.local/lib/python3.7/site-packages/airflow/example_dags/tutorial.py for tasks to queue
[2023-09-14T16:16:30.493+0000] {logging_mixin.py:149} INFO - [2023-09-14T16:16:30.493+0000] {dagbag.py:541} INFO - Filling up the DagBag from /home/airflow/.local/lib/python3.7/site-packages/airflow/example_dags/tutorial.py
[2023-09-14T16:16:30.513+0000] {processor.py:809} INFO - DAG(s) dict_keys(['tutorial']) retrieved from /home/airflow/.local/lib/python3.7/site-packages/airflow/example_dags/tutorial.py
[2023-09-14T16:16:30.556+0000] {logging_mixin.py:149} INFO - [2023-09-14T16:16:30.556+0000] {dag.py:2726} INFO - Sync 1 DAGs
[2023-09-14T16:16:30.605+0000] {logging_mixin.py:149} INFO - [2023-09-14T16:16:30.605+0000] {dag.py:3490} INFO - Setting next_dagrun for tutorial to 2023-09-13T16:16:30.604516+00:00, run_after=2023-09-14T16:16:30.604516+00:00
[2023-09-14T16:16:30.661+0000] {processor.py:178} INFO - Processing /home/airflow/.local/lib/python3.7/site-packages/airflow/example_dags/tutorial.py took 0.177 seconds
[2023-09-14T16:36:18.412+0000] {processor.py:156} INFO - Started process (PID=84) to work on /home/airflow/.local/lib/python3.7/site-packages/airflow/example_dags/tutorial.py
[2023-09-14T16:36:18.419+0000] {processor.py:799} INFO - Processing file /home/airflow/.local/lib/python3.7/site-packages/airflow/example_dags/tutorial.py for tasks to queue
[2023-09-14T16:36:18.424+0000] {logging_mixin.py:149} INFO - [2023-09-14T16:36:18.423+0000] {dagbag.py:541} INFO - Filling up the DagBag from /home/airflow/.local/lib/python3.7/site-packages/airflow/example_dags/tutorial.py
[2023-09-14T16:36:18.456+0000] {processor.py:809} INFO - DAG(s) dict_keys(['tutorial']) retrieved from /home/airflow/.local/lib/python3.7/site-packages/airflow/example_dags/tutorial.py
[2023-09-14T16:36:18.715+0000] {logging_mixin.py:149} INFO - [2023-09-14T16:36:18.715+0000] {dag.py:2726} INFO - Sync 1 DAGs
[2023-09-14T16:36:19.018+0000] {logging_mixin.py:149} INFO - [2023-09-14T16:36:19.017+0000] {dag.py:3490} INFO - Setting next_dagrun for tutorial to 2023-09-13T16:36:19.016214+00:00, run_after=2023-09-14T16:36:19.016214+00:00
[2023-09-14T16:36:20.297+0000] {processor.py:178} INFO - Processing /home/airflow/.local/lib/python3.7/site-packages/airflow/example_dags/tutorial.py took 1.895 seconds
[2023-09-14T16:39:20.531+0000] {processor.py:156} INFO - Started process (PID=83) to work on /home/airflow/.local/lib/python3.7/site-packages/airflow/example_dags/tutorial.py
[2023-09-14T16:39:20.534+0000] {processor.py:799} INFO - Processing file /home/airflow/.local/lib/python3.7/site-packages/airflow/example_dags/tutorial.py for tasks to queue
[2023-09-14T16:39:20.544+0000] {logging_mixin.py:149} INFO - [2023-09-14T16:39:20.539+0000] {dagbag.py:541} INFO - Filling up the DagBag from /home/airflow/.local/lib/python3.7/site-packages/airflow/example_dags/tutorial.py
[2023-09-14T16:39:20.692+0000] {processor.py:809} INFO - DAG(s) dict_keys(['tutorial']) retrieved from /home/airflow/.local/lib/python3.7/site-packages/airflow/example_dags/tutorial.py
[2023-09-14T16:39:21.035+0000] {logging_mixin.py:149} INFO - [2023-09-14T16:39:21.034+0000] {dag.py:2726} INFO - Sync 1 DAGs
[2023-09-14T16:39:21.313+0000] {logging_mixin.py:149} INFO - [2023-09-14T16:39:21.312+0000] {dag.py:3490} INFO - Setting next_dagrun for tutorial to 2023-09-13T16:39:21.304414+00:00, run_after=2023-09-14T16:39:21.304414+00:00
[2023-09-14T16:39:21.491+0000] {processor.py:178} INFO - Processing /home/airflow/.local/lib/python3.7/site-packages/airflow/example_dags/tutorial.py took 1.002 seconds
[2023-09-14T16:39:52.124+0000] {processor.py:156} INFO - Started process (PID=143) to work on /home/airflow/.local/lib/python3.7/site-packages/airflow/example_dags/tutorial.py
[2023-09-14T16:39:52.128+0000] {processor.py:799} INFO - Processing file /home/airflow/.local/lib/python3.7/site-packages/airflow/example_dags/tutorial.py for tasks to queue
[2023-09-14T16:39:52.136+0000] {logging_mixin.py:149} INFO - [2023-09-14T16:39:52.136+0000] {dagbag.py:541} INFO - Filling up the DagBag from /home/airflow/.local/lib/python3.7/site-packages/airflow/example_dags/tutorial.py
[2023-09-14T16:39:52.208+0000] {processor.py:809} INFO - DAG(s) dict_keys(['tutorial']) retrieved from /home/airflow/.local/lib/python3.7/site-packages/airflow/example_dags/tutorial.py
[2023-09-14T16:39:52.498+0000] {logging_mixin.py:149} INFO - [2023-09-14T16:39:52.497+0000] {dag.py:2726} INFO - Sync 1 DAGs
[2023-09-14T16:39:53.314+0000] {logging_mixin.py:149} INFO - [2023-09-14T16:39:53.313+0000] {dag.py:3490} INFO - Setting next_dagrun for tutorial to 2023-09-13T16:39:53.312389+00:00, run_after=2023-09-14T16:39:53.312389+00:00
[2023-09-14T16:39:53.712+0000] {processor.py:178} INFO - Processing /home/airflow/.local/lib/python3.7/site-packages/airflow/example_dags/tutorial.py took 1.610 seconds
[2023-09-14T16:40:23.796+0000] {processor.py:156} INFO - Started process (PID=204) to work on /home/airflow/.local/lib/python3.7/site-packages/airflow/example_dags/tutorial.py
[2023-09-14T16:40:23.800+0000] {processor.py:799} INFO - Processing file /home/airflow/.local/lib/python3.7/site-packages/airflow/example_dags/tutorial.py for tasks to queue
[2023-09-14T16:40:23.804+0000] {logging_mixin.py:149} INFO - [2023-09-14T16:40:23.804+0000] {dagbag.py:541} INFO - Filling up the DagBag from /home/airflow/.local/lib/python3.7/site-packages/airflow/example_dags/tutorial.py
[2023-09-14T16:40:23.821+0000] {processor.py:809} INFO - DAG(s) dict_keys(['tutorial']) retrieved from /home/airflow/.local/lib/python3.7/site-packages/airflow/example_dags/tutorial.py
[2023-09-14T16:40:23.888+0000] {logging_mixin.py:149} INFO - [2023-09-14T16:40:23.887+0000] {dag.py:2726} INFO - Sync 1 DAGs
[2023-09-14T16:40:23.974+0000] {logging_mixin.py:149} INFO - [2023-09-14T16:40:23.973+0000] {dag.py:3490} INFO - Setting next_dagrun for tutorial to 2023-09-13T16:40:23.972703+00:00, run_after=2023-09-14T16:40:23.972703+00:00
[2023-09-14T16:40:24.083+0000] {processor.py:178} INFO - Processing /home/airflow/.local/lib/python3.7/site-packages/airflow/example_dags/tutorial.py took 0.297 seconds
[2023-09-14T16:40:54.213+0000] {processor.py:156} INFO - Started process (PID=265) to work on /home/airflow/.local/lib/python3.7/site-packages/airflow/example_dags/tutorial.py
[2023-09-14T16:40:54.215+0000] {processor.py:799} INFO - Processing file /home/airflow/.local/lib/python3.7/site-packages/airflow/example_dags/tutorial.py for tasks to queue
[2023-09-14T16:40:54.217+0000] {logging_mixin.py:149} INFO - [2023-09-14T16:40:54.217+0000] {dagbag.py:541} INFO - Filling up the DagBag from /home/airflow/.local/lib/python3.7/site-packages/airflow/example_dags/tutorial.py
[2023-09-14T16:40:54.240+0000] {processor.py:809} INFO - DAG(s) dict_keys(['tutorial']) retrieved from /home/airflow/.local/lib/python3.7/site-packages/airflow/example_dags/tutorial.py
[2023-09-14T16:40:54.306+0000] {logging_mixin.py:149} INFO - [2023-09-14T16:40:54.305+0000] {dag.py:2726} INFO - Sync 1 DAGs
[2023-09-14T16:40:54.351+0000] {logging_mixin.py:149} INFO - [2023-09-14T16:40:54.351+0000] {dag.py:3490} INFO - Setting next_dagrun for tutorial to 2023-09-13T16:40:54.351266+00:00, run_after=2023-09-14T16:40:54.351266+00:00
[2023-09-14T16:40:54.392+0000] {processor.py:178} INFO - Processing /home/airflow/.local/lib/python3.7/site-packages/airflow/example_dags/tutorial.py took 0.185 seconds
[2023-09-14T16:41:24.881+0000] {processor.py:156} INFO - Started process (PID=326) to work on /home/airflow/.local/lib/python3.7/site-packages/airflow/example_dags/tutorial.py
[2023-09-14T16:41:24.885+0000] {processor.py:799} INFO - Processing file /home/airflow/.local/lib/python3.7/site-packages/airflow/example_dags/tutorial.py for tasks to queue
[2023-09-14T16:41:24.888+0000] {logging_mixin.py:149} INFO - [2023-09-14T16:41:24.887+0000] {dagbag.py:541} INFO - Filling up the DagBag from /home/airflow/.local/lib/python3.7/site-packages/airflow/example_dags/tutorial.py
[2023-09-14T16:41:24.908+0000] {processor.py:809} INFO - DAG(s) dict_keys(['tutorial']) retrieved from /home/airflow/.local/lib/python3.7/site-packages/airflow/example_dags/tutorial.py
[2023-09-14T16:41:24.954+0000] {logging_mixin.py:149} INFO - [2023-09-14T16:41:24.954+0000] {dag.py:2726} INFO - Sync 1 DAGs
[2023-09-14T16:41:25.003+0000] {logging_mixin.py:149} INFO - [2023-09-14T16:41:25.003+0000] {dag.py:3490} INFO - Setting next_dagrun for tutorial to 2023-09-13T16:41:25.003371+00:00, run_after=2023-09-14T16:41:25.003371+00:00
[2023-09-14T16:41:25.084+0000] {processor.py:178} INFO - Processing /home/airflow/.local/lib/python3.7/site-packages/airflow/example_dags/tutorial.py took 0.214 seconds
[2023-09-14T16:41:55.674+0000] {processor.py:156} INFO - Started process (PID=387) to work on /home/airflow/.local/lib/python3.7/site-packages/airflow/example_dags/tutorial.py
[2023-09-14T16:41:55.676+0000] {processor.py:799} INFO - Processing file /home/airflow/.local/lib/python3.7/site-packages/airflow/example_dags/tutorial.py for tasks to queue
[2023-09-14T16:41:55.678+0000] {logging_mixin.py:149} INFO - [2023-09-14T16:41:55.678+0000] {dagbag.py:541} INFO - Filling up the DagBag from /home/airflow/.local/lib/python3.7/site-packages/airflow/example_dags/tutorial.py
[2023-09-14T16:41:55.693+0000] {processor.py:809} INFO - DAG(s) dict_keys(['tutorial']) retrieved from /home/airflow/.local/lib/python3.7/site-packages/airflow/example_dags/tutorial.py
[2023-09-14T16:41:55.750+0000] {logging_mixin.py:149} INFO - [2023-09-14T16:41:55.750+0000] {dag.py:2726} INFO - Sync 1 DAGs
[2023-09-14T16:41:55.813+0000] {logging_mixin.py:149} INFO - [2023-09-14T16:41:55.812+0000] {dag.py:3490} INFO - Setting next_dagrun for tutorial to 2023-09-13T16:41:55.812539+00:00, run_after=2023-09-14T16:41:55.812539+00:00
[2023-09-14T16:41:55.897+0000] {processor.py:178} INFO - Processing /home/airflow/.local/lib/python3.7/site-packages/airflow/example_dags/tutorial.py took 0.229 seconds
[2023-09-14T16:42:26.426+0000] {processor.py:156} INFO - Started process (PID=448) to work on /home/airflow/.local/lib/python3.7/site-packages/airflow/example_dags/tutorial.py
[2023-09-14T16:42:26.430+0000] {processor.py:799} INFO - Processing file /home/airflow/.local/lib/python3.7/site-packages/airflow/example_dags/tutorial.py for tasks to queue
[2023-09-14T16:42:26.433+0000] {logging_mixin.py:149} INFO - [2023-09-14T16:42:26.433+0000] {dagbag.py:541} INFO - Filling up the DagBag from /home/airflow/.local/lib/python3.7/site-packages/airflow/example_dags/tutorial.py
[2023-09-14T16:42:26.448+0000] {processor.py:809} INFO - DAG(s) dict_keys(['tutorial']) retrieved from /home/airflow/.local/lib/python3.7/site-packages/airflow/example_dags/tutorial.py
[2023-09-14T16:42:26.499+0000] {logging_mixin.py:149} INFO - [2023-09-14T16:42:26.499+0000] {dag.py:2726} INFO - Sync 1 DAGs
[2023-09-14T16:42:26.550+0000] {logging_mixin.py:149} INFO - [2023-09-14T16:42:26.549+0000] {dag.py:3490} INFO - Setting next_dagrun for tutorial to 2023-09-13T16:42:26.549343+00:00, run_after=2023-09-14T16:42:26.549343+00:00
[2023-09-14T16:42:26.585+0000] {processor.py:178} INFO - Processing /home/airflow/.local/lib/python3.7/site-packages/airflow/example_dags/tutorial.py took 0.168 seconds
[2023-09-14T16:42:57.453+0000] {processor.py:156} INFO - Started process (PID=510) to work on /home/airflow/.local/lib/python3.7/site-packages/airflow/example_dags/tutorial.py
[2023-09-14T16:42:57.455+0000] {processor.py:799} INFO - Processing file /home/airflow/.local/lib/python3.7/site-packages/airflow/example_dags/tutorial.py for tasks to queue
[2023-09-14T16:42:57.457+0000] {logging_mixin.py:149} INFO - [2023-09-14T16:42:57.457+0000] {dagbag.py:541} INFO - Filling up the DagBag from /home/airflow/.local/lib/python3.7/site-packages/airflow/example_dags/tutorial.py
[2023-09-14T16:42:57.473+0000] {processor.py:809} INFO - DAG(s) dict_keys(['tutorial']) retrieved from /home/airflow/.local/lib/python3.7/site-packages/airflow/example_dags/tutorial.py
[2023-09-14T16:42:57.528+0000] {logging_mixin.py:149} INFO - [2023-09-14T16:42:57.527+0000] {dag.py:2726} INFO - Sync 1 DAGs
[2023-09-14T16:42:57.582+0000] {logging_mixin.py:149} INFO - [2023-09-14T16:42:57.581+0000] {dag.py:3490} INFO - Setting next_dagrun for tutorial to 2023-09-13T16:42:57.581336+00:00, run_after=2023-09-14T16:42:57.581336+00:00
[2023-09-14T16:42:57.660+0000] {processor.py:178} INFO - Processing /home/airflow/.local/lib/python3.7/site-packages/airflow/example_dags/tutorial.py took 0.211 seconds
[2023-09-14T16:43:27.863+0000] {processor.py:156} INFO - Started process (PID=570) to work on /home/airflow/.local/lib/python3.7/site-packages/airflow/example_dags/tutorial.py
[2023-09-14T16:43:27.866+0000] {processor.py:799} INFO - Processing file /home/airflow/.local/lib/python3.7/site-packages/airflow/example_dags/tutorial.py for tasks to queue
[2023-09-14T16:43:27.869+0000] {logging_mixin.py:149} INFO - [2023-09-14T16:43:27.869+0000] {dagbag.py:541} INFO - Filling up the DagBag from /home/airflow/.local/lib/python3.7/site-packages/airflow/example_dags/tutorial.py
[2023-09-14T16:43:27.888+0000] {processor.py:809} INFO - DAG(s) dict_keys(['tutorial']) retrieved from /home/airflow/.local/lib/python3.7/site-packages/airflow/example_dags/tutorial.py
[2023-09-14T16:43:27.967+0000] {logging_mixin.py:149} INFO - [2023-09-14T16:43:27.967+0000] {dag.py:2726} INFO - Sync 1 DAGs
[2023-09-14T16:43:28.054+0000] {logging_mixin.py:149} INFO - [2023-09-14T16:43:28.054+0000] {dag.py:3490} INFO - Setting next_dagrun for tutorial to 2023-09-13T16:43:28.053299+00:00, run_after=2023-09-14T16:43:28.053299+00:00
[2023-09-14T16:43:28.149+0000] {processor.py:178} INFO - Processing /home/airflow/.local/lib/python3.7/site-packages/airflow/example_dags/tutorial.py took 0.296 seconds
[2023-09-14T16:43:58.869+0000] {processor.py:156} INFO - Started process (PID=631) to work on /home/airflow/.local/lib/python3.7/site-packages/airflow/example_dags/tutorial.py
[2023-09-14T16:43:58.872+0000] {processor.py:799} INFO - Processing file /home/airflow/.local/lib/python3.7/site-packages/airflow/example_dags/tutorial.py for tasks to queue
[2023-09-14T16:43:58.875+0000] {logging_mixin.py:149} INFO - [2023-09-14T16:43:58.874+0000] {dagbag.py:541} INFO - Filling up the DagBag from /home/airflow/.local/lib/python3.7/site-packages/airflow/example_dags/tutorial.py
[2023-09-14T16:43:58.901+0000] {processor.py:809} INFO - DAG(s) dict_keys(['tutorial']) retrieved from /home/airflow/.local/lib/python3.7/site-packages/airflow/example_dags/tutorial.py
[2023-09-14T16:43:58.978+0000] {logging_mixin.py:149} INFO - [2023-09-14T16:43:58.978+0000] {dag.py:2726} INFO - Sync 1 DAGs
[2023-09-14T16:43:59.067+0000] {logging_mixin.py:149} INFO - [2023-09-14T16:43:59.066+0000] {dag.py:3490} INFO - Setting next_dagrun for tutorial to 2023-09-13T16:43:59.065150+00:00, run_after=2023-09-14T16:43:59.065150+00:00
[2023-09-14T16:43:59.185+0000] {processor.py:178} INFO - Processing /home/airflow/.local/lib/python3.7/site-packages/airflow/example_dags/tutorial.py took 0.324 seconds
[2023-09-14T16:44:29.296+0000] {processor.py:156} INFO - Started process (PID=693) to work on /home/airflow/.local/lib/python3.7/site-packages/airflow/example_dags/tutorial.py
[2023-09-14T16:44:29.298+0000] {processor.py:799} INFO - Processing file /home/airflow/.local/lib/python3.7/site-packages/airflow/example_dags/tutorial.py for tasks to queue
[2023-09-14T16:44:29.300+0000] {logging_mixin.py:149} INFO - [2023-09-14T16:44:29.300+0000] {dagbag.py:541} INFO - Filling up the DagBag from /home/airflow/.local/lib/python3.7/site-packages/airflow/example_dags/tutorial.py
[2023-09-14T16:44:29.313+0000] {processor.py:809} INFO - DAG(s) dict_keys(['tutorial']) retrieved from /home/airflow/.local/lib/python3.7/site-packages/airflow/example_dags/tutorial.py
[2023-09-14T16:44:29.357+0000] {logging_mixin.py:149} INFO - [2023-09-14T16:44:29.356+0000] {dag.py:2726} INFO - Sync 1 DAGs
[2023-09-14T16:44:29.414+0000] {logging_mixin.py:149} INFO - [2023-09-14T16:44:29.414+0000] {dag.py:3490} INFO - Setting next_dagrun for tutorial to 2023-09-13T16:44:29.413981+00:00, run_after=2023-09-14T16:44:29.413981+00:00
[2023-09-14T16:44:29.453+0000] {processor.py:178} INFO - Processing /home/airflow/.local/lib/python3.7/site-packages/airflow/example_dags/tutorial.py took 0.161 seconds
[2023-09-14T16:44:59.976+0000] {processor.py:156} INFO - Started process (PID=754) to work on /home/airflow/.local/lib/python3.7/site-packages/airflow/example_dags/tutorial.py
[2023-09-14T16:44:59.981+0000] {processor.py:799} INFO - Processing file /home/airflow/.local/lib/python3.7/site-packages/airflow/example_dags/tutorial.py for tasks to queue
[2023-09-14T16:44:59.986+0000] {logging_mixin.py:149} INFO - [2023-09-14T16:44:59.985+0000] {dagbag.py:541} INFO - Filling up the DagBag from /home/airflow/.local/lib/python3.7/site-packages/airflow/example_dags/tutorial.py
[2023-09-14T16:45:00.041+0000] {processor.py:809} INFO - DAG(s) dict_keys(['tutorial']) retrieved from /home/airflow/.local/lib/python3.7/site-packages/airflow/example_dags/tutorial.py
[2023-09-14T16:45:00.102+0000] {logging_mixin.py:149} INFO - [2023-09-14T16:45:00.102+0000] {dag.py:2726} INFO - Sync 1 DAGs
[2023-09-14T16:45:00.319+0000] {logging_mixin.py:149} INFO - [2023-09-14T16:45:00.318+0000] {dag.py:3490} INFO - Setting next_dagrun for tutorial to 2023-09-13T16:45:00.318207+00:00, run_after=2023-09-14T16:45:00.318207+00:00
[2023-09-14T16:45:00.390+0000] {processor.py:178} INFO - Processing /home/airflow/.local/lib/python3.7/site-packages/airflow/example_dags/tutorial.py took 0.426 seconds
[2023-09-14T16:45:31.001+0000] {processor.py:156} INFO - Started process (PID=815) to work on /home/airflow/.local/lib/python3.7/site-packages/airflow/example_dags/tutorial.py
[2023-09-14T16:45:31.003+0000] {processor.py:799} INFO - Processing file /home/airflow/.local/lib/python3.7/site-packages/airflow/example_dags/tutorial.py for tasks to queue
[2023-09-14T16:45:31.004+0000] {logging_mixin.py:149} INFO - [2023-09-14T16:45:31.004+0000] {dagbag.py:541} INFO - Filling up the DagBag from /home/airflow/.local/lib/python3.7/site-packages/airflow/example_dags/tutorial.py
[2023-09-14T16:45:31.017+0000] {processor.py:809} INFO - DAG(s) dict_keys(['tutorial']) retrieved from /home/airflow/.local/lib/python3.7/site-packages/airflow/example_dags/tutorial.py
[2023-09-14T16:45:31.071+0000] {logging_mixin.py:149} INFO - [2023-09-14T16:45:31.071+0000] {dag.py:2726} INFO - Sync 1 DAGs
[2023-09-14T16:45:31.163+0000] {logging_mixin.py:149} INFO - [2023-09-14T16:45:31.163+0000] {dag.py:3490} INFO - Setting next_dagrun for tutorial to 2023-09-13T16:45:31.163050+00:00, run_after=2023-09-14T16:45:31.163050+00:00
[2023-09-14T16:45:31.247+0000] {processor.py:178} INFO - Processing /home/airflow/.local/lib/python3.7/site-packages/airflow/example_dags/tutorial.py took 0.250 seconds
[2023-09-14T16:46:03.508+0000] {processor.py:156} INFO - Started process (PID=876) to work on /home/airflow/.local/lib/python3.7/site-packages/airflow/example_dags/tutorial.py
[2023-09-14T16:46:03.516+0000] {processor.py:799} INFO - Processing file /home/airflow/.local/lib/python3.7/site-packages/airflow/example_dags/tutorial.py for tasks to queue
[2023-09-14T16:46:03.521+0000] {logging_mixin.py:149} INFO - [2023-09-14T16:46:03.521+0000] {dagbag.py:541} INFO - Filling up the DagBag from /home/airflow/.local/lib/python3.7/site-packages/airflow/example_dags/tutorial.py
[2023-09-14T16:46:03.590+0000] {processor.py:809} INFO - DAG(s) dict_keys(['tutorial']) retrieved from /home/airflow/.local/lib/python3.7/site-packages/airflow/example_dags/tutorial.py
[2023-09-14T16:46:03.731+0000] {logging_mixin.py:149} INFO - [2023-09-14T16:46:03.730+0000] {dag.py:2726} INFO - Sync 1 DAGs
[2023-09-14T16:46:03.903+0000] {logging_mixin.py:149} INFO - [2023-09-14T16:46:03.903+0000] {dag.py:3490} INFO - Setting next_dagrun for tutorial to 2023-09-13T16:46:03.902475+00:00, run_after=2023-09-14T16:46:03.902475+00:00
[2023-09-14T16:46:03.990+0000] {processor.py:178} INFO - Processing /home/airflow/.local/lib/python3.7/site-packages/airflow/example_dags/tutorial.py took 0.501 seconds
[2023-09-14T16:46:34.335+0000] {processor.py:156} INFO - Started process (PID=937) to work on /home/airflow/.local/lib/python3.7/site-packages/airflow/example_dags/tutorial.py
[2023-09-14T16:46:34.339+0000] {processor.py:799} INFO - Processing file /home/airflow/.local/lib/python3.7/site-packages/airflow/example_dags/tutorial.py for tasks to queue
[2023-09-14T16:46:34.342+0000] {logging_mixin.py:149} INFO - [2023-09-14T16:46:34.341+0000] {dagbag.py:541} INFO - Filling up the DagBag from /home/airflow/.local/lib/python3.7/site-packages/airflow/example_dags/tutorial.py
[2023-09-14T16:46:34.368+0000] {processor.py:809} INFO - DAG(s) dict_keys(['tutorial']) retrieved from /home/airflow/.local/lib/python3.7/site-packages/airflow/example_dags/tutorial.py
[2023-09-14T16:46:34.466+0000] {logging_mixin.py:149} INFO - [2023-09-14T16:46:34.466+0000] {dag.py:2726} INFO - Sync 1 DAGs
[2023-09-14T16:46:34.620+0000] {logging_mixin.py:149} INFO - [2023-09-14T16:46:34.620+0000] {dag.py:3490} INFO - Setting next_dagrun for tutorial to 2023-09-13T16:46:34.618967+00:00, run_after=2023-09-14T16:46:34.618967+00:00
[2023-09-14T16:46:34.705+0000] {processor.py:178} INFO - Processing /home/airflow/.local/lib/python3.7/site-packages/airflow/example_dags/tutorial.py took 0.383 seconds
[2023-09-14T16:47:06.098+0000] {processor.py:156} INFO - Started process (PID=998) to work on /home/airflow/.local/lib/python3.7/site-packages/airflow/example_dags/tutorial.py
[2023-09-14T16:47:06.103+0000] {processor.py:799} INFO - Processing file /home/airflow/.local/lib/python3.7/site-packages/airflow/example_dags/tutorial.py for tasks to queue
[2023-09-14T16:47:06.109+0000] {logging_mixin.py:149} INFO - [2023-09-14T16:47:06.109+0000] {dagbag.py:541} INFO - Filling up the DagBag from /home/airflow/.local/lib/python3.7/site-packages/airflow/example_dags/tutorial.py
[2023-09-14T16:47:06.133+0000] {processor.py:809} INFO - DAG(s) dict_keys(['tutorial']) retrieved from /home/airflow/.local/lib/python3.7/site-packages/airflow/example_dags/tutorial.py
[2023-09-14T16:47:06.217+0000] {logging_mixin.py:149} INFO - [2023-09-14T16:47:06.216+0000] {dag.py:2726} INFO - Sync 1 DAGs
[2023-09-14T16:47:06.379+0000] {logging_mixin.py:149} INFO - [2023-09-14T16:47:06.379+0000] {dag.py:3490} INFO - Setting next_dagrun for tutorial to 2023-09-13T16:47:06.378370+00:00, run_after=2023-09-14T16:47:06.378370+00:00
[2023-09-14T16:47:06.467+0000] {processor.py:178} INFO - Processing /home/airflow/.local/lib/python3.7/site-packages/airflow/example_dags/tutorial.py took 0.377 seconds
[2023-09-14T16:47:36.989+0000] {processor.py:156} INFO - Started process (PID=1059) to work on /home/airflow/.local/lib/python3.7/site-packages/airflow/example_dags/tutorial.py
[2023-09-14T16:47:36.993+0000] {processor.py:799} INFO - Processing file /home/airflow/.local/lib/python3.7/site-packages/airflow/example_dags/tutorial.py for tasks to queue
[2023-09-14T16:47:36.996+0000] {logging_mixin.py:149} INFO - [2023-09-14T16:47:36.996+0000] {dagbag.py:541} INFO - Filling up the DagBag from /home/airflow/.local/lib/python3.7/site-packages/airflow/example_dags/tutorial.py
[2023-09-14T16:47:37.023+0000] {processor.py:809} INFO - DAG(s) dict_keys(['tutorial']) retrieved from /home/airflow/.local/lib/python3.7/site-packages/airflow/example_dags/tutorial.py
[2023-09-14T16:47:37.083+0000] {logging_mixin.py:149} INFO - [2023-09-14T16:47:37.083+0000] {dag.py:2726} INFO - Sync 1 DAGs
[2023-09-14T16:47:37.151+0000] {logging_mixin.py:149} INFO - [2023-09-14T16:47:37.150+0000] {dag.py:3490} INFO - Setting next_dagrun for tutorial to 2023-09-13T16:47:37.149859+00:00, run_after=2023-09-14T16:47:37.149859+00:00
[2023-09-14T16:47:37.235+0000] {processor.py:178} INFO - Processing /home/airflow/.local/lib/python3.7/site-packages/airflow/example_dags/tutorial.py took 0.257 seconds
[2023-09-14T16:48:16.000+0000] {processor.py:156} INFO - Started process (PID=1124) to work on /home/airflow/.local/lib/python3.7/site-packages/airflow/example_dags/tutorial.py
[2023-09-14T16:48:16.003+0000] {processor.py:799} INFO - Processing file /home/airflow/.local/lib/python3.7/site-packages/airflow/example_dags/tutorial.py for tasks to queue
[2023-09-14T16:48:16.005+0000] {logging_mixin.py:149} INFO - [2023-09-14T16:48:16.005+0000] {dagbag.py:541} INFO - Filling up the DagBag from /home/airflow/.local/lib/python3.7/site-packages/airflow/example_dags/tutorial.py
[2023-09-14T16:48:16.033+0000] {processor.py:809} INFO - DAG(s) dict_keys(['tutorial']) retrieved from /home/airflow/.local/lib/python3.7/site-packages/airflow/example_dags/tutorial.py
[2023-09-14T16:48:16.105+0000] {logging_mixin.py:149} INFO - [2023-09-14T16:48:16.105+0000] {dag.py:2726} INFO - Sync 1 DAGs
[2023-09-14T16:48:16.187+0000] {logging_mixin.py:149} INFO - [2023-09-14T16:48:16.186+0000] {dag.py:3490} INFO - Setting next_dagrun for tutorial to 2023-09-13T16:48:16.186292+00:00, run_after=2023-09-14T16:48:16.186292+00:00
[2023-09-14T16:48:16.313+0000] {processor.py:178} INFO - Processing /home/airflow/.local/lib/python3.7/site-packages/airflow/example_dags/tutorial.py took 0.319 seconds
[2023-09-14T16:48:46.945+0000] {processor.py:156} INFO - Started process (PID=1185) to work on /home/airflow/.local/lib/python3.7/site-packages/airflow/example_dags/tutorial.py
[2023-09-14T16:48:46.949+0000] {processor.py:799} INFO - Processing file /home/airflow/.local/lib/python3.7/site-packages/airflow/example_dags/tutorial.py for tasks to queue
[2023-09-14T16:48:46.952+0000] {logging_mixin.py:149} INFO - [2023-09-14T16:48:46.951+0000] {dagbag.py:541} INFO - Filling up the DagBag from /home/airflow/.local/lib/python3.7/site-packages/airflow/example_dags/tutorial.py
[2023-09-14T16:48:46.975+0000] {processor.py:809} INFO - DAG(s) dict_keys(['tutorial']) retrieved from /home/airflow/.local/lib/python3.7/site-packages/airflow/example_dags/tutorial.py
[2023-09-14T16:48:47.039+0000] {logging_mixin.py:149} INFO - [2023-09-14T16:48:47.038+0000] {dag.py:2726} INFO - Sync 1 DAGs
[2023-09-14T16:48:47.137+0000] {logging_mixin.py:149} INFO - [2023-09-14T16:48:47.136+0000] {dag.py:3490} INFO - Setting next_dagrun for tutorial to 2023-09-13T16:48:47.135357+00:00, run_after=2023-09-14T16:48:47.135357+00:00
[2023-09-14T16:48:47.212+0000] {processor.py:178} INFO - Processing /home/airflow/.local/lib/python3.7/site-packages/airflow/example_dags/tutorial.py took 0.277 seconds
[2023-09-14T16:49:17.584+0000] {processor.py:156} INFO - Started process (PID=1251) to work on /home/airflow/.local/lib/python3.7/site-packages/airflow/example_dags/tutorial.py
[2023-09-14T16:49:17.587+0000] {processor.py:799} INFO - Processing file /home/airflow/.local/lib/python3.7/site-packages/airflow/example_dags/tutorial.py for tasks to queue
[2023-09-14T16:49:17.591+0000] {logging_mixin.py:149} INFO - [2023-09-14T16:49:17.591+0000] {dagbag.py:541} INFO - Filling up the DagBag from /home/airflow/.local/lib/python3.7/site-packages/airflow/example_dags/tutorial.py
[2023-09-14T16:49:17.619+0000] {processor.py:809} INFO - DAG(s) dict_keys(['tutorial']) retrieved from /home/airflow/.local/lib/python3.7/site-packages/airflow/example_dags/tutorial.py
[2023-09-14T16:49:17.703+0000] {logging_mixin.py:149} INFO - [2023-09-14T16:49:17.702+0000] {dag.py:2726} INFO - Sync 1 DAGs
[2023-09-14T16:49:17.806+0000] {logging_mixin.py:149} INFO - [2023-09-14T16:49:17.806+0000] {dag.py:3490} INFO - Setting next_dagrun for tutorial to 2023-09-13T16:49:17.805719+00:00, run_after=2023-09-14T16:49:17.805719+00:00
[2023-09-14T16:49:17.956+0000] {processor.py:178} INFO - Processing /home/airflow/.local/lib/python3.7/site-packages/airflow/example_dags/tutorial.py took 0.391 seconds
[2023-09-14T16:49:48.180+0000] {processor.py:156} INFO - Started process (PID=1312) to work on /home/airflow/.local/lib/python3.7/site-packages/airflow/example_dags/tutorial.py
[2023-09-14T16:49:48.183+0000] {processor.py:799} INFO - Processing file /home/airflow/.local/lib/python3.7/site-packages/airflow/example_dags/tutorial.py for tasks to queue
[2023-09-14T16:49:48.187+0000] {logging_mixin.py:149} INFO - [2023-09-14T16:49:48.186+0000] {dagbag.py:541} INFO - Filling up the DagBag from /home/airflow/.local/lib/python3.7/site-packages/airflow/example_dags/tutorial.py
[2023-09-14T16:49:48.205+0000] {processor.py:809} INFO - DAG(s) dict_keys(['tutorial']) retrieved from /home/airflow/.local/lib/python3.7/site-packages/airflow/example_dags/tutorial.py
[2023-09-14T16:49:48.266+0000] {logging_mixin.py:149} INFO - [2023-09-14T16:49:48.266+0000] {dag.py:2726} INFO - Sync 1 DAGs
[2023-09-14T16:49:48.348+0000] {logging_mixin.py:149} INFO - [2023-09-14T16:49:48.347+0000] {dag.py:3490} INFO - Setting next_dagrun for tutorial to 2023-09-13T16:49:48.347302+00:00, run_after=2023-09-14T16:49:48.347302+00:00
[2023-09-14T16:49:48.440+0000] {processor.py:178} INFO - Processing /home/airflow/.local/lib/python3.7/site-packages/airflow/example_dags/tutorial.py took 0.266 seconds
[2023-09-14T16:50:19.378+0000] {processor.py:156} INFO - Started process (PID=1372) to work on /home/airflow/.local/lib/python3.7/site-packages/airflow/example_dags/tutorial.py
[2023-09-14T16:50:19.384+0000] {processor.py:799} INFO - Processing file /home/airflow/.local/lib/python3.7/site-packages/airflow/example_dags/tutorial.py for tasks to queue
[2023-09-14T16:50:19.391+0000] {logging_mixin.py:149} INFO - [2023-09-14T16:50:19.390+0000] {dagbag.py:541} INFO - Filling up the DagBag from /home/airflow/.local/lib/python3.7/site-packages/airflow/example_dags/tutorial.py
[2023-09-14T16:50:19.419+0000] {processor.py:809} INFO - DAG(s) dict_keys(['tutorial']) retrieved from /home/airflow/.local/lib/python3.7/site-packages/airflow/example_dags/tutorial.py
[2023-09-14T16:50:19.586+0000] {logging_mixin.py:149} INFO - [2023-09-14T16:50:19.585+0000] {dag.py:2726} INFO - Sync 1 DAGs
[2023-09-14T16:50:19.723+0000] {logging_mixin.py:149} INFO - [2023-09-14T16:50:19.722+0000] {dag.py:3490} INFO - Setting next_dagrun for tutorial to 2023-09-13T16:50:19.721800+00:00, run_after=2023-09-14T16:50:19.721800+00:00
[2023-09-14T16:50:19.825+0000] {processor.py:178} INFO - Processing /home/airflow/.local/lib/python3.7/site-packages/airflow/example_dags/tutorial.py took 0.468 seconds
[2023-09-14T16:50:50.038+0000] {processor.py:156} INFO - Started process (PID=1425) to work on /home/airflow/.local/lib/python3.7/site-packages/airflow/example_dags/tutorial.py
[2023-09-14T16:50:50.040+0000] {processor.py:799} INFO - Processing file /home/airflow/.local/lib/python3.7/site-packages/airflow/example_dags/tutorial.py for tasks to queue
[2023-09-14T16:50:50.043+0000] {logging_mixin.py:149} INFO - [2023-09-14T16:50:50.043+0000] {dagbag.py:541} INFO - Filling up the DagBag from /home/airflow/.local/lib/python3.7/site-packages/airflow/example_dags/tutorial.py
[2023-09-14T16:50:50.055+0000] {processor.py:809} INFO - DAG(s) dict_keys(['tutorial']) retrieved from /home/airflow/.local/lib/python3.7/site-packages/airflow/example_dags/tutorial.py
[2023-09-14T16:50:50.106+0000] {logging_mixin.py:149} INFO - [2023-09-14T16:50:50.106+0000] {dag.py:2726} INFO - Sync 1 DAGs
[2023-09-14T16:50:50.252+0000] {logging_mixin.py:149} INFO - [2023-09-14T16:50:50.252+0000] {dag.py:3490} INFO - Setting next_dagrun for tutorial to 2023-09-13T16:50:50.251824+00:00, run_after=2023-09-14T16:50:50.251824+00:00
[2023-09-14T16:50:50.377+0000] {processor.py:178} INFO - Processing /home/airflow/.local/lib/python3.7/site-packages/airflow/example_dags/tutorial.py took 0.346 seconds
[2023-09-14T16:51:20.680+0000] {processor.py:156} INFO - Started process (PID=1486) to work on /home/airflow/.local/lib/python3.7/site-packages/airflow/example_dags/tutorial.py
[2023-09-14T16:51:20.683+0000] {processor.py:799} INFO - Processing file /home/airflow/.local/lib/python3.7/site-packages/airflow/example_dags/tutorial.py for tasks to queue
[2023-09-14T16:51:20.686+0000] {logging_mixin.py:149} INFO - [2023-09-14T16:51:20.685+0000] {dagbag.py:541} INFO - Filling up the DagBag from /home/airflow/.local/lib/python3.7/site-packages/airflow/example_dags/tutorial.py
[2023-09-14T16:51:20.723+0000] {processor.py:809} INFO - DAG(s) dict_keys(['tutorial']) retrieved from /home/airflow/.local/lib/python3.7/site-packages/airflow/example_dags/tutorial.py
[2023-09-14T16:51:20.812+0000] {logging_mixin.py:149} INFO - [2023-09-14T16:51:20.811+0000] {dag.py:2726} INFO - Sync 1 DAGs
[2023-09-14T16:51:20.897+0000] {logging_mixin.py:149} INFO - [2023-09-14T16:51:20.897+0000] {dag.py:3490} INFO - Setting next_dagrun for tutorial to 2023-09-13T16:51:20.896349+00:00, run_after=2023-09-14T16:51:20.896349+00:00
[2023-09-14T16:51:20.972+0000] {processor.py:178} INFO - Processing /home/airflow/.local/lib/python3.7/site-packages/airflow/example_dags/tutorial.py took 0.304 seconds
[2023-09-14T16:51:51.579+0000] {processor.py:156} INFO - Started process (PID=1548) to work on /home/airflow/.local/lib/python3.7/site-packages/airflow/example_dags/tutorial.py
[2023-09-14T16:51:51.582+0000] {processor.py:799} INFO - Processing file /home/airflow/.local/lib/python3.7/site-packages/airflow/example_dags/tutorial.py for tasks to queue
[2023-09-14T16:51:51.586+0000] {logging_mixin.py:149} INFO - [2023-09-14T16:51:51.585+0000] {dagbag.py:541} INFO - Filling up the DagBag from /home/airflow/.local/lib/python3.7/site-packages/airflow/example_dags/tutorial.py
[2023-09-14T16:51:51.608+0000] {processor.py:809} INFO - DAG(s) dict_keys(['tutorial']) retrieved from /home/airflow/.local/lib/python3.7/site-packages/airflow/example_dags/tutorial.py
[2023-09-14T16:51:51.677+0000] {logging_mixin.py:149} INFO - [2023-09-14T16:51:51.677+0000] {dag.py:2726} INFO - Sync 1 DAGs
[2023-09-14T16:51:51.761+0000] {logging_mixin.py:149} INFO - [2023-09-14T16:51:51.760+0000] {dag.py:3490} INFO - Setting next_dagrun for tutorial to 2023-09-13T16:51:51.759829+00:00, run_after=2023-09-14T16:51:51.759829+00:00
[2023-09-14T16:51:51.849+0000] {processor.py:178} INFO - Processing /home/airflow/.local/lib/python3.7/site-packages/airflow/example_dags/tutorial.py took 0.278 seconds
[2023-09-14T16:52:22.603+0000] {processor.py:156} INFO - Started process (PID=1610) to work on /home/airflow/.local/lib/python3.7/site-packages/airflow/example_dags/tutorial.py
[2023-09-14T16:52:22.611+0000] {processor.py:799} INFO - Processing file /home/airflow/.local/lib/python3.7/site-packages/airflow/example_dags/tutorial.py for tasks to queue
[2023-09-14T16:52:22.614+0000] {logging_mixin.py:149} INFO - [2023-09-14T16:52:22.614+0000] {dagbag.py:541} INFO - Filling up the DagBag from /home/airflow/.local/lib/python3.7/site-packages/airflow/example_dags/tutorial.py
[2023-09-14T16:52:22.637+0000] {processor.py:809} INFO - DAG(s) dict_keys(['tutorial']) retrieved from /home/airflow/.local/lib/python3.7/site-packages/airflow/example_dags/tutorial.py
[2023-09-14T16:52:22.771+0000] {logging_mixin.py:149} INFO - [2023-09-14T16:52:22.770+0000] {dag.py:2726} INFO - Sync 1 DAGs
[2023-09-14T16:52:22.902+0000] {logging_mixin.py:149} INFO - [2023-09-14T16:52:22.902+0000] {dag.py:3490} INFO - Setting next_dagrun for tutorial to 2023-09-13T16:52:22.901667+00:00, run_after=2023-09-14T16:52:22.901667+00:00
[2023-09-14T16:52:23.031+0000] {processor.py:178} INFO - Processing /home/airflow/.local/lib/python3.7/site-packages/airflow/example_dags/tutorial.py took 0.447 seconds
[2023-09-14T16:52:53.215+0000] {processor.py:156} INFO - Started process (PID=1671) to work on /home/airflow/.local/lib/python3.7/site-packages/airflow/example_dags/tutorial.py
[2023-09-14T16:52:53.221+0000] {processor.py:799} INFO - Processing file /home/airflow/.local/lib/python3.7/site-packages/airflow/example_dags/tutorial.py for tasks to queue
[2023-09-14T16:52:53.225+0000] {logging_mixin.py:149} INFO - [2023-09-14T16:52:53.224+0000] {dagbag.py:541} INFO - Filling up the DagBag from /home/airflow/.local/lib/python3.7/site-packages/airflow/example_dags/tutorial.py
[2023-09-14T16:52:53.266+0000] {processor.py:809} INFO - DAG(s) dict_keys(['tutorial']) retrieved from /home/airflow/.local/lib/python3.7/site-packages/airflow/example_dags/tutorial.py
[2023-09-14T16:52:53.371+0000] {logging_mixin.py:149} INFO - [2023-09-14T16:52:53.371+0000] {dag.py:2726} INFO - Sync 1 DAGs
[2023-09-14T16:52:53.468+0000] {logging_mixin.py:149} INFO - [2023-09-14T16:52:53.467+0000] {dag.py:3490} INFO - Setting next_dagrun for tutorial to 2023-09-13T16:52:53.466055+00:00, run_after=2023-09-14T16:52:53.466055+00:00
[2023-09-14T16:52:53.570+0000] {processor.py:178} INFO - Processing /home/airflow/.local/lib/python3.7/site-packages/airflow/example_dags/tutorial.py took 0.370 seconds
[2023-09-14T16:53:25.545+0000] {processor.py:156} INFO - Started process (PID=1733) to work on /home/airflow/.local/lib/python3.7/site-packages/airflow/example_dags/tutorial.py
[2023-09-14T16:53:25.548+0000] {processor.py:799} INFO - Processing file /home/airflow/.local/lib/python3.7/site-packages/airflow/example_dags/tutorial.py for tasks to queue
[2023-09-14T16:53:25.550+0000] {logging_mixin.py:149} INFO - [2023-09-14T16:53:25.550+0000] {dagbag.py:541} INFO - Filling up the DagBag from /home/airflow/.local/lib/python3.7/site-packages/airflow/example_dags/tutorial.py
[2023-09-14T16:53:25.568+0000] {processor.py:809} INFO - DAG(s) dict_keys(['tutorial']) retrieved from /home/airflow/.local/lib/python3.7/site-packages/airflow/example_dags/tutorial.py
[2023-09-14T16:53:25.674+0000] {logging_mixin.py:149} INFO - [2023-09-14T16:53:25.673+0000] {dag.py:2726} INFO - Sync 1 DAGs
[2023-09-14T16:53:25.784+0000] {logging_mixin.py:149} INFO - [2023-09-14T16:53:25.783+0000] {dag.py:3490} INFO - Setting next_dagrun for tutorial to 2023-09-13T16:53:25.782777+00:00, run_after=2023-09-14T16:53:25.782777+00:00
[2023-09-14T16:53:25.865+0000] {processor.py:178} INFO - Processing /home/airflow/.local/lib/python3.7/site-packages/airflow/example_dags/tutorial.py took 0.330 seconds
[2023-09-14T16:53:57.432+0000] {processor.py:156} INFO - Started process (PID=1800) to work on /home/airflow/.local/lib/python3.7/site-packages/airflow/example_dags/tutorial.py
[2023-09-14T16:53:57.435+0000] {processor.py:799} INFO - Processing file /home/airflow/.local/lib/python3.7/site-packages/airflow/example_dags/tutorial.py for tasks to queue
[2023-09-14T16:53:57.439+0000] {logging_mixin.py:149} INFO - [2023-09-14T16:53:57.439+0000] {dagbag.py:541} INFO - Filling up the DagBag from /home/airflow/.local/lib/python3.7/site-packages/airflow/example_dags/tutorial.py
[2023-09-14T16:53:57.463+0000] {processor.py:809} INFO - DAG(s) dict_keys(['tutorial']) retrieved from /home/airflow/.local/lib/python3.7/site-packages/airflow/example_dags/tutorial.py
[2023-09-14T16:53:57.546+0000] {logging_mixin.py:149} INFO - [2023-09-14T16:53:57.545+0000] {dag.py:2726} INFO - Sync 1 DAGs
[2023-09-14T16:53:57.669+0000] {logging_mixin.py:149} INFO - [2023-09-14T16:53:57.666+0000] {dag.py:3490} INFO - Setting next_dagrun for tutorial to 2023-09-13T16:53:57.664564+00:00, run_after=2023-09-14T16:53:57.664564+00:00
[2023-09-14T16:53:57.758+0000] {processor.py:178} INFO - Processing /home/airflow/.local/lib/python3.7/site-packages/airflow/example_dags/tutorial.py took 0.338 seconds
[2023-09-14T16:54:48.174+0000] {processor.py:156} INFO - Started process (PID=1866) to work on /home/airflow/.local/lib/python3.7/site-packages/airflow/example_dags/tutorial.py
[2023-09-14T16:54:48.182+0000] {processor.py:799} INFO - Processing file /home/airflow/.local/lib/python3.7/site-packages/airflow/example_dags/tutorial.py for tasks to queue
[2023-09-14T16:54:48.190+0000] {logging_mixin.py:149} INFO - [2023-09-14T16:54:48.189+0000] {dagbag.py:541} INFO - Filling up the DagBag from /home/airflow/.local/lib/python3.7/site-packages/airflow/example_dags/tutorial.py
[2023-09-14T16:54:48.288+0000] {processor.py:809} INFO - DAG(s) dict_keys(['tutorial']) retrieved from /home/airflow/.local/lib/python3.7/site-packages/airflow/example_dags/tutorial.py
[2023-09-14T16:54:48.523+0000] {logging_mixin.py:149} INFO - [2023-09-14T16:54:48.522+0000] {dag.py:2726} INFO - Sync 1 DAGs
[2023-09-14T16:54:48.801+0000] {logging_mixin.py:149} INFO - [2023-09-14T16:54:48.800+0000] {dag.py:3490} INFO - Setting next_dagrun for tutorial to 2023-09-13T16:54:48.799205+00:00, run_after=2023-09-14T16:54:48.799205+00:00
[2023-09-14T16:54:49.028+0000] {processor.py:178} INFO - Processing /home/airflow/.local/lib/python3.7/site-packages/airflow/example_dags/tutorial.py took 0.910 seconds
[2023-09-14T16:55:19.425+0000] {processor.py:156} INFO - Started process (PID=1932) to work on /home/airflow/.local/lib/python3.7/site-packages/airflow/example_dags/tutorial.py
[2023-09-14T16:55:19.427+0000] {processor.py:799} INFO - Processing file /home/airflow/.local/lib/python3.7/site-packages/airflow/example_dags/tutorial.py for tasks to queue
[2023-09-14T16:55:19.429+0000] {logging_mixin.py:149} INFO - [2023-09-14T16:55:19.429+0000] {dagbag.py:541} INFO - Filling up the DagBag from /home/airflow/.local/lib/python3.7/site-packages/airflow/example_dags/tutorial.py
[2023-09-14T16:55:19.443+0000] {processor.py:809} INFO - DAG(s) dict_keys(['tutorial']) retrieved from /home/airflow/.local/lib/python3.7/site-packages/airflow/example_dags/tutorial.py
[2023-09-14T16:55:19.509+0000] {logging_mixin.py:149} INFO - [2023-09-14T16:55:19.509+0000] {dag.py:2726} INFO - Sync 1 DAGs
[2023-09-14T16:55:19.576+0000] {logging_mixin.py:149} INFO - [2023-09-14T16:55:19.576+0000] {dag.py:3490} INFO - Setting next_dagrun for tutorial to 2023-09-13T16:55:19.575112+00:00, run_after=2023-09-14T16:55:19.575112+00:00
[2023-09-14T16:55:19.664+0000] {processor.py:178} INFO - Processing /home/airflow/.local/lib/python3.7/site-packages/airflow/example_dags/tutorial.py took 0.244 seconds
[2023-09-14T16:55:50.075+0000] {processor.py:156} INFO - Started process (PID=1998) to work on /home/airflow/.local/lib/python3.7/site-packages/airflow/example_dags/tutorial.py
[2023-09-14T16:55:50.079+0000] {processor.py:799} INFO - Processing file /home/airflow/.local/lib/python3.7/site-packages/airflow/example_dags/tutorial.py for tasks to queue
[2023-09-14T16:55:50.083+0000] {logging_mixin.py:149} INFO - [2023-09-14T16:55:50.083+0000] {dagbag.py:541} INFO - Filling up the DagBag from /home/airflow/.local/lib/python3.7/site-packages/airflow/example_dags/tutorial.py
[2023-09-14T16:55:50.118+0000] {processor.py:809} INFO - DAG(s) dict_keys(['tutorial']) retrieved from /home/airflow/.local/lib/python3.7/site-packages/airflow/example_dags/tutorial.py
[2023-09-14T16:55:50.213+0000] {logging_mixin.py:149} INFO - [2023-09-14T16:55:50.212+0000] {dag.py:2726} INFO - Sync 1 DAGs
[2023-09-14T16:55:50.531+0000] {logging_mixin.py:149} INFO - [2023-09-14T16:55:50.530+0000] {dag.py:3490} INFO - Setting next_dagrun for tutorial to 2023-09-13T16:55:50.529892+00:00, run_after=2023-09-14T16:55:50.529892+00:00
[2023-09-14T16:55:50.695+0000] {processor.py:178} INFO - Processing /home/airflow/.local/lib/python3.7/site-packages/airflow/example_dags/tutorial.py took 0.630 seconds
[2023-09-14T16:56:21.072+0000] {processor.py:156} INFO - Started process (PID=2063) to work on /home/airflow/.local/lib/python3.7/site-packages/airflow/example_dags/tutorial.py
[2023-09-14T16:56:21.076+0000] {processor.py:799} INFO - Processing file /home/airflow/.local/lib/python3.7/site-packages/airflow/example_dags/tutorial.py for tasks to queue
[2023-09-14T16:56:21.078+0000] {logging_mixin.py:149} INFO - [2023-09-14T16:56:21.078+0000] {dagbag.py:541} INFO - Filling up the DagBag from /home/airflow/.local/lib/python3.7/site-packages/airflow/example_dags/tutorial.py
[2023-09-14T16:56:21.099+0000] {processor.py:809} INFO - DAG(s) dict_keys(['tutorial']) retrieved from /home/airflow/.local/lib/python3.7/site-packages/airflow/example_dags/tutorial.py
[2023-09-14T16:56:21.189+0000] {logging_mixin.py:149} INFO - [2023-09-14T16:56:21.188+0000] {dag.py:2726} INFO - Sync 1 DAGs
[2023-09-14T16:56:21.273+0000] {logging_mixin.py:149} INFO - [2023-09-14T16:56:21.273+0000] {dag.py:3490} INFO - Setting next_dagrun for tutorial to 2023-09-13T16:56:21.272548+00:00, run_after=2023-09-14T16:56:21.272548+00:00
[2023-09-14T16:56:21.355+0000] {processor.py:178} INFO - Processing /home/airflow/.local/lib/python3.7/site-packages/airflow/example_dags/tutorial.py took 0.293 seconds
[2023-09-14T16:56:51.980+0000] {processor.py:156} INFO - Started process (PID=2128) to work on /home/airflow/.local/lib/python3.7/site-packages/airflow/example_dags/tutorial.py
[2023-09-14T16:56:51.986+0000] {processor.py:799} INFO - Processing file /home/airflow/.local/lib/python3.7/site-packages/airflow/example_dags/tutorial.py for tasks to queue
[2023-09-14T16:56:51.989+0000] {logging_mixin.py:149} INFO - [2023-09-14T16:56:51.989+0000] {dagbag.py:541} INFO - Filling up the DagBag from /home/airflow/.local/lib/python3.7/site-packages/airflow/example_dags/tutorial.py
[2023-09-14T16:56:52.021+0000] {processor.py:809} INFO - DAG(s) dict_keys(['tutorial']) retrieved from /home/airflow/.local/lib/python3.7/site-packages/airflow/example_dags/tutorial.py
[2023-09-14T16:56:52.176+0000] {logging_mixin.py:149} INFO - [2023-09-14T16:56:52.175+0000] {dag.py:2726} INFO - Sync 1 DAGs
[2023-09-14T16:56:52.477+0000] {logging_mixin.py:149} INFO - [2023-09-14T16:56:52.476+0000] {dag.py:3490} INFO - Setting next_dagrun for tutorial to 2023-09-13T16:56:52.475414+00:00, run_after=2023-09-14T16:56:52.475414+00:00
[2023-09-14T16:56:52.607+0000] {processor.py:178} INFO - Processing /home/airflow/.local/lib/python3.7/site-packages/airflow/example_dags/tutorial.py took 0.650 seconds
[2023-09-14T16:57:23.044+0000] {processor.py:156} INFO - Started process (PID=2194) to work on /home/airflow/.local/lib/python3.7/site-packages/airflow/example_dags/tutorial.py
[2023-09-14T16:57:23.049+0000] {processor.py:799} INFO - Processing file /home/airflow/.local/lib/python3.7/site-packages/airflow/example_dags/tutorial.py for tasks to queue
[2023-09-14T16:57:23.053+0000] {logging_mixin.py:149} INFO - [2023-09-14T16:57:23.053+0000] {dagbag.py:541} INFO - Filling up the DagBag from /home/airflow/.local/lib/python3.7/site-packages/airflow/example_dags/tutorial.py
[2023-09-14T16:57:23.086+0000] {processor.py:809} INFO - DAG(s) dict_keys(['tutorial']) retrieved from /home/airflow/.local/lib/python3.7/site-packages/airflow/example_dags/tutorial.py
[2023-09-14T16:57:23.237+0000] {logging_mixin.py:149} INFO - [2023-09-14T16:57:23.236+0000] {dag.py:2726} INFO - Sync 1 DAGs
[2023-09-14T16:57:23.428+0000] {logging_mixin.py:149} INFO - [2023-09-14T16:57:23.427+0000] {dag.py:3490} INFO - Setting next_dagrun for tutorial to 2023-09-13T16:57:23.423537+00:00, run_after=2023-09-14T16:57:23.423537+00:00
[2023-09-14T16:57:23.573+0000] {processor.py:178} INFO - Processing /home/airflow/.local/lib/python3.7/site-packages/airflow/example_dags/tutorial.py took 0.546 seconds
[2023-09-14T16:57:54.091+0000] {processor.py:156} INFO - Started process (PID=2268) to work on /home/airflow/.local/lib/python3.7/site-packages/airflow/example_dags/tutorial.py
[2023-09-14T16:57:54.093+0000] {processor.py:799} INFO - Processing file /home/airflow/.local/lib/python3.7/site-packages/airflow/example_dags/tutorial.py for tasks to queue
[2023-09-14T16:57:54.096+0000] {logging_mixin.py:149} INFO - [2023-09-14T16:57:54.095+0000] {dagbag.py:541} INFO - Filling up the DagBag from /home/airflow/.local/lib/python3.7/site-packages/airflow/example_dags/tutorial.py
[2023-09-14T16:57:54.111+0000] {processor.py:809} INFO - DAG(s) dict_keys(['tutorial']) retrieved from /home/airflow/.local/lib/python3.7/site-packages/airflow/example_dags/tutorial.py
[2023-09-14T16:57:54.179+0000] {logging_mixin.py:149} INFO - [2023-09-14T16:57:54.179+0000] {dag.py:2726} INFO - Sync 1 DAGs
[2023-09-14T16:57:54.303+0000] {logging_mixin.py:149} INFO - [2023-09-14T16:57:54.302+0000] {dag.py:3490} INFO - Setting next_dagrun for tutorial to 2023-09-13T16:57:54.301542+00:00, run_after=2023-09-14T16:57:54.301542+00:00
[2023-09-14T16:57:54.393+0000] {processor.py:178} INFO - Processing /home/airflow/.local/lib/python3.7/site-packages/airflow/example_dags/tutorial.py took 0.312 seconds
[2023-09-14T16:58:27.994+0000] {processor.py:156} INFO - Started process (PID=2335) to work on /home/airflow/.local/lib/python3.7/site-packages/airflow/example_dags/tutorial.py
[2023-09-14T16:58:27.999+0000] {processor.py:799} INFO - Processing file /home/airflow/.local/lib/python3.7/site-packages/airflow/example_dags/tutorial.py for tasks to queue
[2023-09-14T16:58:28.007+0000] {logging_mixin.py:149} INFO - [2023-09-14T16:58:28.006+0000] {dagbag.py:541} INFO - Filling up the DagBag from /home/airflow/.local/lib/python3.7/site-packages/airflow/example_dags/tutorial.py
[2023-09-14T16:58:28.035+0000] {processor.py:809} INFO - DAG(s) dict_keys(['tutorial']) retrieved from /home/airflow/.local/lib/python3.7/site-packages/airflow/example_dags/tutorial.py
[2023-09-14T16:58:28.136+0000] {logging_mixin.py:149} INFO - [2023-09-14T16:58:28.135+0000] {dag.py:2726} INFO - Sync 1 DAGs
[2023-09-14T16:58:28.277+0000] {logging_mixin.py:149} INFO - [2023-09-14T16:58:28.276+0000] {dag.py:3490} INFO - Setting next_dagrun for tutorial to 2023-09-13T16:58:28.276402+00:00, run_after=2023-09-14T16:58:28.276402+00:00
[2023-09-14T16:58:28.370+0000] {processor.py:178} INFO - Processing /home/airflow/.local/lib/python3.7/site-packages/airflow/example_dags/tutorial.py took 0.392 seconds
[2023-09-14T16:59:03.620+0000] {processor.py:156} INFO - Started process (PID=2403) to work on /home/airflow/.local/lib/python3.7/site-packages/airflow/example_dags/tutorial.py
[2023-09-14T16:59:03.623+0000] {processor.py:799} INFO - Processing file /home/airflow/.local/lib/python3.7/site-packages/airflow/example_dags/tutorial.py for tasks to queue
[2023-09-14T16:59:03.628+0000] {logging_mixin.py:149} INFO - [2023-09-14T16:59:03.627+0000] {dagbag.py:541} INFO - Filling up the DagBag from /home/airflow/.local/lib/python3.7/site-packages/airflow/example_dags/tutorial.py
[2023-09-14T16:59:03.660+0000] {processor.py:809} INFO - DAG(s) dict_keys(['tutorial']) retrieved from /home/airflow/.local/lib/python3.7/site-packages/airflow/example_dags/tutorial.py
[2023-09-14T16:59:03.739+0000] {logging_mixin.py:149} INFO - [2023-09-14T16:59:03.738+0000] {dag.py:2726} INFO - Sync 1 DAGs
[2023-09-14T16:59:03.822+0000] {logging_mixin.py:149} INFO - [2023-09-14T16:59:03.822+0000] {dag.py:3490} INFO - Setting next_dagrun for tutorial to 2023-09-13T16:59:03.821119+00:00, run_after=2023-09-14T16:59:03.821119+00:00
[2023-09-14T16:59:03.892+0000] {processor.py:178} INFO - Processing /home/airflow/.local/lib/python3.7/site-packages/airflow/example_dags/tutorial.py took 0.285 seconds
[2023-09-14T16:59:36.515+0000] {processor.py:156} INFO - Started process (PID=2470) to work on /home/airflow/.local/lib/python3.7/site-packages/airflow/example_dags/tutorial.py
[2023-09-14T16:59:36.520+0000] {processor.py:799} INFO - Processing file /home/airflow/.local/lib/python3.7/site-packages/airflow/example_dags/tutorial.py for tasks to queue
[2023-09-14T16:59:36.525+0000] {logging_mixin.py:149} INFO - [2023-09-14T16:59:36.524+0000] {dagbag.py:541} INFO - Filling up the DagBag from /home/airflow/.local/lib/python3.7/site-packages/airflow/example_dags/tutorial.py
[2023-09-14T16:59:36.555+0000] {processor.py:809} INFO - DAG(s) dict_keys(['tutorial']) retrieved from /home/airflow/.local/lib/python3.7/site-packages/airflow/example_dags/tutorial.py
[2023-09-14T16:59:36.640+0000] {logging_mixin.py:149} INFO - [2023-09-14T16:59:36.639+0000] {dag.py:2726} INFO - Sync 1 DAGs
[2023-09-14T16:59:36.764+0000] {logging_mixin.py:149} INFO - [2023-09-14T16:59:36.763+0000] {dag.py:3490} INFO - Setting next_dagrun for tutorial to 2023-09-13T16:59:36.762885+00:00, run_after=2023-09-14T16:59:36.762885+00:00
[2023-09-14T16:59:36.871+0000] {processor.py:178} INFO - Processing /home/airflow/.local/lib/python3.7/site-packages/airflow/example_dags/tutorial.py took 0.377 seconds
[2023-09-14T17:00:12.929+0000] {processor.py:156} INFO - Started process (PID=2527) to work on /home/airflow/.local/lib/python3.7/site-packages/airflow/example_dags/tutorial.py
[2023-09-14T17:00:12.937+0000] {processor.py:799} INFO - Processing file /home/airflow/.local/lib/python3.7/site-packages/airflow/example_dags/tutorial.py for tasks to queue
[2023-09-14T17:00:12.946+0000] {logging_mixin.py:149} INFO - [2023-09-14T17:00:12.941+0000] {dagbag.py:541} INFO - Filling up the DagBag from /home/airflow/.local/lib/python3.7/site-packages/airflow/example_dags/tutorial.py
[2023-09-14T17:00:12.996+0000] {processor.py:809} INFO - DAG(s) dict_keys(['tutorial']) retrieved from /home/airflow/.local/lib/python3.7/site-packages/airflow/example_dags/tutorial.py
[2023-09-14T17:00:13.181+0000] {logging_mixin.py:149} INFO - [2023-09-14T17:00:13.181+0000] {dag.py:2726} INFO - Sync 1 DAGs
[2023-09-14T17:00:13.366+0000] {logging_mixin.py:149} INFO - [2023-09-14T17:00:13.362+0000] {dag.py:3490} INFO - Setting next_dagrun for tutorial to 2023-09-13T17:00:13.360959+00:00, run_after=2023-09-14T17:00:13.360959+00:00
[2023-09-14T17:00:13.478+0000] {processor.py:178} INFO - Processing /home/airflow/.local/lib/python3.7/site-packages/airflow/example_dags/tutorial.py took 0.571 seconds
[2023-09-14T17:00:43.963+0000] {processor.py:156} INFO - Started process (PID=2591) to work on /home/airflow/.local/lib/python3.7/site-packages/airflow/example_dags/tutorial.py
[2023-09-14T17:00:43.966+0000] {processor.py:799} INFO - Processing file /home/airflow/.local/lib/python3.7/site-packages/airflow/example_dags/tutorial.py for tasks to queue
[2023-09-14T17:00:43.969+0000] {logging_mixin.py:149} INFO - [2023-09-14T17:00:43.968+0000] {dagbag.py:541} INFO - Filling up the DagBag from /home/airflow/.local/lib/python3.7/site-packages/airflow/example_dags/tutorial.py
[2023-09-14T17:00:43.984+0000] {processor.py:809} INFO - DAG(s) dict_keys(['tutorial']) retrieved from /home/airflow/.local/lib/python3.7/site-packages/airflow/example_dags/tutorial.py
[2023-09-14T17:00:44.085+0000] {logging_mixin.py:149} INFO - [2023-09-14T17:00:44.081+0000] {dag.py:2726} INFO - Sync 1 DAGs
[2023-09-14T17:00:44.236+0000] {logging_mixin.py:149} INFO - [2023-09-14T17:00:44.235+0000] {dag.py:3490} INFO - Setting next_dagrun for tutorial to 2023-09-13T17:00:44.234544+00:00, run_after=2023-09-14T17:00:44.234544+00:00
[2023-09-14T17:00:44.424+0000] {processor.py:178} INFO - Processing /home/airflow/.local/lib/python3.7/site-packages/airflow/example_dags/tutorial.py took 0.472 seconds
[2023-09-14T17:01:15.422+0000] {processor.py:156} INFO - Started process (PID=2655) to work on /home/airflow/.local/lib/python3.7/site-packages/airflow/example_dags/tutorial.py
[2023-09-14T17:01:15.424+0000] {processor.py:799} INFO - Processing file /home/airflow/.local/lib/python3.7/site-packages/airflow/example_dags/tutorial.py for tasks to queue
[2023-09-14T17:01:15.426+0000] {logging_mixin.py:149} INFO - [2023-09-14T17:01:15.425+0000] {dagbag.py:541} INFO - Filling up the DagBag from /home/airflow/.local/lib/python3.7/site-packages/airflow/example_dags/tutorial.py
[2023-09-14T17:01:15.442+0000] {processor.py:809} INFO - DAG(s) dict_keys(['tutorial']) retrieved from /home/airflow/.local/lib/python3.7/site-packages/airflow/example_dags/tutorial.py
[2023-09-14T17:01:15.483+0000] {logging_mixin.py:149} INFO - [2023-09-14T17:01:15.483+0000] {dag.py:2726} INFO - Sync 1 DAGs
[2023-09-14T17:01:15.534+0000] {logging_mixin.py:149} INFO - [2023-09-14T17:01:15.534+0000] {dag.py:3490} INFO - Setting next_dagrun for tutorial to 2023-09-13T17:01:15.533851+00:00, run_after=2023-09-14T17:01:15.533851+00:00
[2023-09-14T17:01:15.591+0000] {processor.py:178} INFO - Processing /home/airflow/.local/lib/python3.7/site-packages/airflow/example_dags/tutorial.py took 0.175 seconds
[2023-09-14T17:01:46.133+0000] {processor.py:156} INFO - Started process (PID=2720) to work on /home/airflow/.local/lib/python3.7/site-packages/airflow/example_dags/tutorial.py
[2023-09-14T17:01:46.137+0000] {processor.py:799} INFO - Processing file /home/airflow/.local/lib/python3.7/site-packages/airflow/example_dags/tutorial.py for tasks to queue
[2023-09-14T17:01:46.146+0000] {logging_mixin.py:149} INFO - [2023-09-14T17:01:46.145+0000] {dagbag.py:541} INFO - Filling up the DagBag from /home/airflow/.local/lib/python3.7/site-packages/airflow/example_dags/tutorial.py
[2023-09-14T17:01:46.167+0000] {processor.py:809} INFO - DAG(s) dict_keys(['tutorial']) retrieved from /home/airflow/.local/lib/python3.7/site-packages/airflow/example_dags/tutorial.py
[2023-09-14T17:01:46.315+0000] {logging_mixin.py:149} INFO - [2023-09-14T17:01:46.315+0000] {dag.py:2726} INFO - Sync 1 DAGs
[2023-09-14T17:01:46.401+0000] {logging_mixin.py:149} INFO - [2023-09-14T17:01:46.400+0000] {dag.py:3490} INFO - Setting next_dagrun for tutorial to 2023-09-13T17:01:46.400473+00:00, run_after=2023-09-14T17:01:46.400473+00:00
[2023-09-14T17:01:46.569+0000] {processor.py:178} INFO - Processing /home/airflow/.local/lib/python3.7/site-packages/airflow/example_dags/tutorial.py took 0.447 seconds
[2023-09-14T17:02:17.454+0000] {processor.py:156} INFO - Started process (PID=2785) to work on /home/airflow/.local/lib/python3.7/site-packages/airflow/example_dags/tutorial.py
[2023-09-14T17:02:17.456+0000] {processor.py:799} INFO - Processing file /home/airflow/.local/lib/python3.7/site-packages/airflow/example_dags/tutorial.py for tasks to queue
[2023-09-14T17:02:17.459+0000] {logging_mixin.py:149} INFO - [2023-09-14T17:02:17.458+0000] {dagbag.py:541} INFO - Filling up the DagBag from /home/airflow/.local/lib/python3.7/site-packages/airflow/example_dags/tutorial.py
[2023-09-14T17:02:17.476+0000] {processor.py:809} INFO - DAG(s) dict_keys(['tutorial']) retrieved from /home/airflow/.local/lib/python3.7/site-packages/airflow/example_dags/tutorial.py
[2023-09-14T17:02:17.517+0000] {logging_mixin.py:149} INFO - [2023-09-14T17:02:17.516+0000] {dag.py:2726} INFO - Sync 1 DAGs
[2023-09-14T17:02:17.562+0000] {logging_mixin.py:149} INFO - [2023-09-14T17:02:17.562+0000] {dag.py:3490} INFO - Setting next_dagrun for tutorial to 2023-09-13T17:02:17.561407+00:00, run_after=2023-09-14T17:02:17.561407+00:00
[2023-09-14T17:02:17.612+0000] {processor.py:178} INFO - Processing /home/airflow/.local/lib/python3.7/site-packages/airflow/example_dags/tutorial.py took 0.162 seconds
