[2023-09-15T16:12:45.280+0000] {taskinstance.py:1125} INFO - Dependencies all met for dep_context=non-requeueable deps ti=<TaskInstance: datamart_business.insert_into_city_with_most_purchases scheduled__2023-09-14T02:00:00+00:00 [queued]>
[2023-09-15T16:12:45.505+0000] {taskinstance.py:1125} INFO - Dependencies all met for dep_context=requeueable deps ti=<TaskInstance: datamart_business.insert_into_city_with_most_purchases scheduled__2023-09-14T02:00:00+00:00 [queued]>
[2023-09-15T16:12:45.507+0000] {taskinstance.py:1331} INFO - Starting attempt 1 of 2
[2023-09-15T16:12:45.544+0000] {taskinstance.py:1350} INFO - Executing <Task(GenericTransfer): insert_into_city_with_most_purchases> on 2023-09-14 02:00:00+00:00
[2023-09-15T16:12:45.557+0000] {standard_task_runner.py:57} INFO - Started process 253 to run task
[2023-09-15T16:12:45.563+0000] {standard_task_runner.py:84} INFO - Running: ['***', 'tasks', 'run', 'datamart_business', 'insert_into_city_with_most_purchases', 'scheduled__2023-09-14T02:00:00+00:00', '--job-id', '55', '--raw', '--subdir', 'DAGS_FOLDER/datamart_bisnis.py', '--cfg-path', '/tmp/tmp7nso9sz5']
[2023-09-15T16:12:45.567+0000] {standard_task_runner.py:85} INFO - Job 55: Subtask insert_into_city_with_most_purchases
[2023-09-15T16:12:45.716+0000] {task_command.py:410} INFO - Running <TaskInstance: datamart_business.insert_into_city_with_most_purchases scheduled__2023-09-14T02:00:00+00:00 [running]> on host ecb76d2810ac
[2023-09-15T16:12:45.861+0000] {taskinstance.py:1570} INFO - Exporting env vars: AIRFLOW_CTX_DAG_OWNER='Imara Acacia' AIRFLOW_CTX_DAG_ID='datamart_business' AIRFLOW_CTX_TASK_ID='insert_into_city_with_most_purchases' AIRFLOW_CTX_EXECUTION_DATE='2023-09-14T02:00:00+00:00' AIRFLOW_CTX_TRY_NUMBER='1' AIRFLOW_CTX_DAG_RUN_ID='scheduled__2023-09-14T02:00:00+00:00'
[2023-09-15T16:12:45.878+0000] {base.py:73} INFO - Using connection ID 'dwh' for task execution.
[2023-09-15T16:12:46.022+0000] {base.py:73} INFO - Using connection ID 'datamart' for task execution.
[2023-09-15T16:12:46.100+0000] {generic_transfer.py:77} INFO - Extracting data from dwh
[2023-09-15T16:12:46.101+0000] {generic_transfer.py:78} INFO - Executing: 
 
SELECT "City", COUNT("InvoiceId") AS "TotalPurchases"
FROM "transactions"
GROUP BY "City"
ORDER BY "TotalPurchases" DESC
[2023-09-15T16:12:46.109+0000] {base.py:73} INFO - Using connection ID 'dwh' for task execution.
[2023-09-15T16:12:46.116+0000] {sql.py:375} INFO - Running statement: 
SELECT "City", COUNT("InvoiceId") AS "TotalPurchases"
FROM "transactions"
GROUP BY "City"
ORDER BY "TotalPurchases" DESC, parameters: None
[2023-09-15T16:12:46.120+0000] {sql.py:384} INFO - Rows affected: 53
[2023-09-15T16:12:46.121+0000] {generic_transfer.py:95} INFO - Running preoperator
[2023-09-15T16:12:46.122+0000] {generic_transfer.py:96} INFO - ['DROP TABLE IF EXISTS city_with_most_purchases', '\n        CREATE TABLE city_with_most_purchases (\n        "City" VARCHAR(40),\n        "TotalPurchase" INT NOT NULL\n        )\n        ']
[2023-09-15T16:12:46.130+0000] {base.py:73} INFO - Using connection ID 'datamart' for task execution.
[2023-09-15T16:12:46.135+0000] {sql.py:375} INFO - Running statement: DROP TABLE IF EXISTS city_with_most_purchases, parameters: None
[2023-09-15T16:12:46.137+0000] {sql.py:375} INFO - Running statement: 
        CREATE TABLE city_with_most_purchases (
        "City" VARCHAR(40),
        "TotalPurchase" INT NOT NULL
        )
        , parameters: None
[2023-09-15T16:12:46.145+0000] {generic_transfer.py:105} INFO - Inserting rows into datamart
[2023-09-15T16:12:46.158+0000] {base.py:73} INFO - Using connection ID 'datamart' for task execution.
[2023-09-15T16:12:46.196+0000] {sql.py:473} INFO - Done loading. Loaded a total of 53 rows into city_with_most_purchases
[2023-09-15T16:12:46.220+0000] {taskinstance.py:1373} INFO - Marking task as SUCCESS. dag_id=datamart_business, task_id=insert_into_city_with_most_purchases, execution_date=20230914T020000, start_date=20230915T161245, end_date=20230915T161246
[2023-09-15T16:12:46.299+0000] {local_task_job_runner.py:232} INFO - Task exited with return code 0
[2023-09-15T16:12:46.354+0000] {taskinstance.py:2674} INFO - 0 downstream tasks scheduled from follow-on schedule check
