[2023-09-07T04:14:48.923+0000] {taskinstance.py:1125} INFO - Dependencies all met for dep_context=non-requeueable deps ti=<TaskInstance: postgres_operator_dag.create_pet_table manual__2023-09-07T04:14:42.635821+00:00 [queued]>
[2023-09-07T04:14:48.970+0000] {taskinstance.py:1125} INFO - Dependencies all met for dep_context=requeueable deps ti=<TaskInstance: postgres_operator_dag.create_pet_table manual__2023-09-07T04:14:42.635821+00:00 [queued]>
[2023-09-07T04:14:48.971+0000] {taskinstance.py:1331} INFO - Starting attempt 1 of 1
[2023-09-07T04:14:49.025+0000] {taskinstance.py:1350} INFO - Executing <Task(PostgresOperator): create_pet_table> on 2023-09-07 04:14:42.635821+00:00
[2023-09-07T04:14:49.059+0000] {standard_task_runner.py:57} INFO - Started process 117 to run task
[2023-09-07T04:14:49.081+0000] {standard_task_runner.py:84} INFO - Running: ['***', 'tasks', 'run', 'postgres_operator_dag', 'create_pet_table', 'manual__2023-09-07T04:14:42.635821+00:00', '--job-id', '9', '--raw', '--subdir', 'DAGS_FOLDER/postgres_operator.py', '--cfg-path', '/tmp/tmp71lacxrx']
[2023-09-07T04:14:49.106+0000] {standard_task_runner.py:85} INFO - Job 9: Subtask create_pet_table
[2023-09-07T04:14:49.344+0000] {task_command.py:410} INFO - Running <TaskInstance: postgres_operator_dag.create_pet_table manual__2023-09-07T04:14:42.635821+00:00 [running]> on host ecb76d2810ac
[2023-09-07T04:14:49.709+0000] {taskinstance.py:1570} INFO - Exporting env vars: AIRFLOW_CTX_DAG_OWNER='***' AIRFLOW_CTX_DAG_ID='postgres_operator_dag' AIRFLOW_CTX_TASK_ID='create_pet_table' AIRFLOW_CTX_EXECUTION_DATE='2023-09-07T04:14:42.635821+00:00' AIRFLOW_CTX_TRY_NUMBER='1' AIRFLOW_CTX_DAG_RUN_ID='manual__2023-09-07T04:14:42.635821+00:00'
[2023-09-07T04:14:49.718+0000] {sql.py:262} INFO - Executing: 
            SELECT * FROM "Album" LIMIT 10
          
[2023-09-07T04:14:49.769+0000] {base.py:73} INFO - Using connection ID 'postgres' for task execution.
[2023-09-07T04:14:50.463+0000] {base.py:73} INFO - Using connection ID 'postgres' for task execution.
[2023-09-07T04:14:50.478+0000] {sql.py:375} INFO - Running statement: 
            SELECT * FROM "Album" LIMIT 10
          , parameters: None
[2023-09-07T04:14:50.507+0000] {sql.py:384} INFO - Rows affected: 10
[2023-09-07T04:14:50.593+0000] {taskinstance.py:1373} INFO - Marking task as SUCCESS. dag_id=postgres_operator_dag, task_id=create_pet_table, execution_date=20230907T041442, start_date=20230907T041448, end_date=20230907T041450
[2023-09-07T04:14:50.694+0000] {local_task_job_runner.py:232} INFO - Task exited with return code 0
[2023-09-07T04:14:50.738+0000] {taskinstance.py:2674} INFO - 0 downstream tasks scheduled from follow-on schedule check
