[2023-09-15T16:12:33.416+0000] {taskinstance.py:1125} INFO - Dependencies all met for dep_context=non-requeueable deps ti=<TaskInstance: datamart_business.insert_into_most_productive_artist manual__2023-09-15T16:12:15.832393+00:00 [queued]>
[2023-09-15T16:12:33.635+0000] {taskinstance.py:1125} INFO - Dependencies all met for dep_context=requeueable deps ti=<TaskInstance: datamart_business.insert_into_most_productive_artist manual__2023-09-15T16:12:15.832393+00:00 [queued]>
[2023-09-15T16:12:33.637+0000] {taskinstance.py:1331} INFO - Starting attempt 1 of 2
[2023-09-15T16:12:33.667+0000] {taskinstance.py:1350} INFO - Executing <Task(GenericTransfer): insert_into_most_productive_artist> on 2023-09-15 16:12:15.832393+00:00
[2023-09-15T16:12:33.676+0000] {standard_task_runner.py:57} INFO - Started process 237 to run task
[2023-09-15T16:12:33.692+0000] {standard_task_runner.py:84} INFO - Running: ['***', 'tasks', 'run', 'datamart_business', 'insert_into_most_productive_artist', 'manual__2023-09-15T16:12:15.832393+00:00', '--job-id', '50', '--raw', '--subdir', 'DAGS_FOLDER/datamart_bisnis.py', '--cfg-path', '/tmp/tmpetmg346h']
[2023-09-15T16:12:33.699+0000] {standard_task_runner.py:85} INFO - Job 50: Subtask insert_into_most_productive_artist
[2023-09-15T16:12:33.841+0000] {task_command.py:410} INFO - Running <TaskInstance: datamart_business.insert_into_most_productive_artist manual__2023-09-15T16:12:15.832393+00:00 [running]> on host ecb76d2810ac
[2023-09-15T16:12:34.008+0000] {taskinstance.py:1570} INFO - Exporting env vars: AIRFLOW_CTX_DAG_OWNER='Imara Acacia' AIRFLOW_CTX_DAG_ID='datamart_business' AIRFLOW_CTX_TASK_ID='insert_into_most_productive_artist' AIRFLOW_CTX_EXECUTION_DATE='2023-09-15T16:12:15.832393+00:00' AIRFLOW_CTX_TRY_NUMBER='1' AIRFLOW_CTX_DAG_RUN_ID='manual__2023-09-15T16:12:15.832393+00:00'
[2023-09-15T16:12:34.036+0000] {base.py:73} INFO - Using connection ID 'dwh' for task execution.
[2023-09-15T16:12:34.412+0000] {base.py:73} INFO - Using connection ID 'datamart' for task execution.
[2023-09-15T16:12:34.531+0000] {generic_transfer.py:77} INFO - Extracting data from dwh
[2023-09-15T16:12:34.531+0000] {generic_transfer.py:78} INFO - Executing: 
 
SELECT "ArtistId", "ArtistName", COUNT("TrackId") AS "TotalTrack"
FROM "songs"
GROUP BY "GenreName", "ArtistId", "ArtistName"
ORDER BY "TotalTrack" DESC
[2023-09-15T16:12:34.549+0000] {base.py:73} INFO - Using connection ID 'dwh' for task execution.
[2023-09-15T16:12:34.564+0000] {sql.py:375} INFO - Running statement: 
SELECT "ArtistId", "ArtistName", COUNT("TrackId") AS "TotalTrack"
FROM "songs"
GROUP BY "GenreName", "ArtistId", "ArtistName"
ORDER BY "TotalTrack" DESC, parameters: None
[2023-09-15T16:12:34.583+0000] {sql.py:384} INFO - Rows affected: 233
[2023-09-15T16:12:34.586+0000] {generic_transfer.py:95} INFO - Running preoperator
[2023-09-15T16:12:34.590+0000] {generic_transfer.py:96} INFO - ['DROP TABLE IF EXISTS most_productive_artist', '\n        CREATE TABLE most_productive_artist (\n        "ArtistId" INT NOT NULL,\n        "ArtistName" VARCHAR(120),\n        "TotalTrack" INT NOT NULL\n        )\n        ']
[2023-09-15T16:12:34.608+0000] {base.py:73} INFO - Using connection ID 'datamart' for task execution.
[2023-09-15T16:12:34.624+0000] {sql.py:375} INFO - Running statement: DROP TABLE IF EXISTS most_productive_artist, parameters: None
[2023-09-15T16:12:34.627+0000] {sql.py:375} INFO - Running statement: 
        CREATE TABLE most_productive_artist (
        "ArtistId" INT NOT NULL,
        "ArtistName" VARCHAR(120),
        "TotalTrack" INT NOT NULL
        )
        , parameters: None
[2023-09-15T16:12:34.632+0000] {generic_transfer.py:105} INFO - Inserting rows into datamart
[2023-09-15T16:12:34.645+0000] {base.py:73} INFO - Using connection ID 'datamart' for task execution.
[2023-09-15T16:12:34.746+0000] {sql.py:473} INFO - Done loading. Loaded a total of 233 rows into most_productive_artist
[2023-09-15T16:12:34.790+0000] {taskinstance.py:1373} INFO - Marking task as SUCCESS. dag_id=datamart_business, task_id=insert_into_most_productive_artist, execution_date=20230915T161215, start_date=20230915T161233, end_date=20230915T161234
[2023-09-15T16:12:34.902+0000] {local_task_job_runner.py:232} INFO - Task exited with return code 0
[2023-09-15T16:12:34.964+0000] {taskinstance.py:2674} INFO - 1 downstream tasks scheduled from follow-on schedule check
