[2023-09-15T16:12:41.469+0000] {taskinstance.py:1125} INFO - Dependencies all met for dep_context=non-requeueable deps ti=<TaskInstance: datamart_business.insert_into_city_with_most_purchases manual__2023-09-15T16:12:15.832393+00:00 [queued]>
[2023-09-15T16:12:41.692+0000] {taskinstance.py:1125} INFO - Dependencies all met for dep_context=requeueable deps ti=<TaskInstance: datamart_business.insert_into_city_with_most_purchases manual__2023-09-15T16:12:15.832393+00:00 [queued]>
[2023-09-15T16:12:41.694+0000] {taskinstance.py:1331} INFO - Starting attempt 1 of 2
[2023-09-15T16:12:41.722+0000] {taskinstance.py:1350} INFO - Executing <Task(GenericTransfer): insert_into_city_with_most_purchases> on 2023-09-15 16:12:15.832393+00:00
[2023-09-15T16:12:41.731+0000] {standard_task_runner.py:57} INFO - Started process 250 to run task
[2023-09-15T16:12:41.737+0000] {standard_task_runner.py:84} INFO - Running: ['***', 'tasks', 'run', 'datamart_business', 'insert_into_city_with_most_purchases', 'manual__2023-09-15T16:12:15.832393+00:00', '--job-id', '53', '--raw', '--subdir', 'DAGS_FOLDER/datamart_bisnis.py', '--cfg-path', '/tmp/tmpru2gfraz']
[2023-09-15T16:12:41.744+0000] {standard_task_runner.py:85} INFO - Job 53: Subtask insert_into_city_with_most_purchases
[2023-09-15T16:12:41.860+0000] {task_command.py:410} INFO - Running <TaskInstance: datamart_business.insert_into_city_with_most_purchases manual__2023-09-15T16:12:15.832393+00:00 [running]> on host ecb76d2810ac
[2023-09-15T16:12:42.019+0000] {taskinstance.py:1570} INFO - Exporting env vars: AIRFLOW_CTX_DAG_OWNER='Imara Acacia' AIRFLOW_CTX_DAG_ID='datamart_business' AIRFLOW_CTX_TASK_ID='insert_into_city_with_most_purchases' AIRFLOW_CTX_EXECUTION_DATE='2023-09-15T16:12:15.832393+00:00' AIRFLOW_CTX_TRY_NUMBER='1' AIRFLOW_CTX_DAG_RUN_ID='manual__2023-09-15T16:12:15.832393+00:00'
[2023-09-15T16:12:42.039+0000] {base.py:73} INFO - Using connection ID 'dwh' for task execution.
[2023-09-15T16:12:42.342+0000] {base.py:73} INFO - Using connection ID 'datamart' for task execution.
[2023-09-15T16:12:42.440+0000] {generic_transfer.py:77} INFO - Extracting data from dwh
[2023-09-15T16:12:42.442+0000] {generic_transfer.py:78} INFO - Executing: 
 
SELECT "City", COUNT("InvoiceId") AS "TotalPurchases"
FROM "transactions"
GROUP BY "City"
ORDER BY "TotalPurchases" DESC
[2023-09-15T16:12:42.453+0000] {base.py:73} INFO - Using connection ID 'dwh' for task execution.
[2023-09-15T16:12:42.462+0000] {sql.py:375} INFO - Running statement: 
SELECT "City", COUNT("InvoiceId") AS "TotalPurchases"
FROM "transactions"
GROUP BY "City"
ORDER BY "TotalPurchases" DESC, parameters: None
[2023-09-15T16:12:42.473+0000] {sql.py:384} INFO - Rows affected: 53
[2023-09-15T16:12:42.474+0000] {generic_transfer.py:95} INFO - Running preoperator
[2023-09-15T16:12:42.476+0000] {generic_transfer.py:96} INFO - ['DROP TABLE IF EXISTS city_with_most_purchases', '\n        CREATE TABLE city_with_most_purchases (\n        "City" VARCHAR(40),\n        "TotalPurchase" INT NOT NULL\n        )\n        ']
[2023-09-15T16:12:42.488+0000] {base.py:73} INFO - Using connection ID 'datamart' for task execution.
[2023-09-15T16:12:42.494+0000] {sql.py:375} INFO - Running statement: DROP TABLE IF EXISTS city_with_most_purchases, parameters: None
[2023-09-15T16:12:42.496+0000] {sql.py:375} INFO - Running statement: 
        CREATE TABLE city_with_most_purchases (
        "City" VARCHAR(40),
        "TotalPurchase" INT NOT NULL
        )
        , parameters: None
[2023-09-15T16:12:42.501+0000] {generic_transfer.py:105} INFO - Inserting rows into datamart
[2023-09-15T16:12:42.512+0000] {base.py:73} INFO - Using connection ID 'datamart' for task execution.
[2023-09-15T16:12:42.537+0000] {sql.py:473} INFO - Done loading. Loaded a total of 53 rows into city_with_most_purchases
[2023-09-15T16:12:42.554+0000] {taskinstance.py:1373} INFO - Marking task as SUCCESS. dag_id=datamart_business, task_id=insert_into_city_with_most_purchases, execution_date=20230915T161215, start_date=20230915T161241, end_date=20230915T161242
[2023-09-15T16:12:42.592+0000] {local_task_job_runner.py:232} INFO - Task exited with return code 0
[2023-09-15T16:12:42.624+0000] {taskinstance.py:2674} INFO - 0 downstream tasks scheduled from follow-on schedule check
