[2023-09-15T12:22:26.740+0000] {taskinstance.py:1125} INFO - Dependencies all met for dep_context=non-requeueable deps ti=<TaskInstance: transactions.insert_into_transactions manual__2023-09-15T12:05:17.291240+00:00 [queued]>
[2023-09-15T12:22:29.244+0000] {taskinstance.py:1125} INFO - Dependencies all met for dep_context=requeueable deps ti=<TaskInstance: transactions.insert_into_transactions manual__2023-09-15T12:05:17.291240+00:00 [queued]>
[2023-09-15T12:22:29.248+0000] {taskinstance.py:1331} INFO - Starting attempt 1 of 2
[2023-09-15T12:22:29.841+0000] {taskinstance.py:1350} INFO - Executing <Task(GenericTransfer): insert_into_transactions> on 2023-09-15 12:05:17.291240+00:00
[2023-09-15T12:22:29.868+0000] {standard_task_runner.py:57} INFO - Started process 76 to run task
[2023-09-15T12:22:29.922+0000] {standard_task_runner.py:84} INFO - Running: ['***', 'tasks', 'run', 'transactions', 'insert_into_transactions', 'manual__2023-09-15T12:05:17.291240+00:00', '--job-id', '39', '--raw', '--subdir', 'DAGS_FOLDER/transactions.py', '--cfg-path', '/tmp/tmpdshq5r7m']
[2023-09-15T12:22:29.958+0000] {standard_task_runner.py:85} INFO - Job 39: Subtask insert_into_transactions
[2023-09-15T12:22:30.712+0000] {task_command.py:410} INFO - Running <TaskInstance: transactions.insert_into_transactions manual__2023-09-15T12:05:17.291240+00:00 [running]> on host ecb76d2810ac
[2023-09-15T12:22:31.064+0000] {taskinstance.py:1570} INFO - Exporting env vars: AIRFLOW_CTX_DAG_OWNER='Imara Acacia' AIRFLOW_CTX_DAG_ID='transactions' AIRFLOW_CTX_TASK_ID='insert_into_transactions' AIRFLOW_CTX_EXECUTION_DATE='2023-09-15T12:05:17.291240+00:00' AIRFLOW_CTX_TRY_NUMBER='1' AIRFLOW_CTX_DAG_RUN_ID='manual__2023-09-15T12:05:17.291240+00:00'
[2023-09-15T12:22:31.112+0000] {base.py:73} INFO - Using connection ID 'postgres' for task execution.
[2023-09-15T12:22:32.039+0000] {base.py:73} INFO - Using connection ID 'dwh' for task execution.
[2023-09-15T12:22:32.419+0000] {generic_transfer.py:77} INFO - Extracting data from postgres
[2023-09-15T12:22:32.422+0000] {generic_transfer.py:78} INFO - Executing: 
 
SELECT a."TrackId",
       b."InvoiceId",
       d."CustomerId",
       c."InvoiceDate",
       c."Total",
       concat(d."FirstName", ' ', d."LastName"),
       d."Address",
       d."City",
       d."State",
       d."Country",
       d."PostalCode",
       d."Email"
FROM "Track" a 
JOIN "InvoiceLine" b
ON  a."TrackId" = b."TrackId"
JOIN "Invoice" c
ON  b."InvoiceId" = c."InvoiceId"
JOIN "Customer" d
ON c."CustomerId" = d."CustomerId"
[2023-09-15T12:22:32.469+0000] {base.py:73} INFO - Using connection ID 'postgres' for task execution.
[2023-09-15T12:22:32.507+0000] {sql.py:375} INFO - Running statement: 
SELECT a."TrackId",
       b."InvoiceId",
       d."CustomerId",
       c."InvoiceDate",
       c."Total",
       concat(d."FirstName", ' ', d."LastName"),
       d."Address",
       d."City",
       d."State",
       d."Country",
       d."PostalCode",
       d."Email"
FROM "Track" a 
JOIN "InvoiceLine" b
ON  a."TrackId" = b."TrackId"
JOIN "Invoice" c
ON  b."InvoiceId" = c."InvoiceId"
JOIN "Customer" d
ON c."CustomerId" = d."CustomerId", parameters: None
[2023-09-15T12:22:32.754+0000] {sql.py:384} INFO - Rows affected: 2240
[2023-09-15T12:22:32.828+0000] {generic_transfer.py:95} INFO - Running preoperator
[2023-09-15T12:22:32.830+0000] {generic_transfer.py:96} INFO - ['DROP TABLE IF EXISTS transactions', '\n        CREATE TABLE transactions (\n        "TrackId" INT NOT NULL,\n        "InvoiceId" INT NOT NULL,\n        "CustomerId" INT NOT NULL,\n        "InvoiceDate" TIMESTAMP NOT NULL,\n        "Total" NUMERIC(10,2) NOT NULL,\n        "FullName" VARCHAR(50) NOT NULL,\n        "Address" VARCHAR(70),\n        "City" VARCHAR(40),\n        "State" VARCHAR(40),\n        "Country" VARCHAR(40),\n        "PostalCode" VARCHAR(10),\n        "Email" VARCHAR(60) NOT NULL\n        )\n        ']
[2023-09-15T12:22:32.930+0000] {base.py:73} INFO - Using connection ID 'dwh' for task execution.
[2023-09-15T12:22:32.952+0000] {sql.py:375} INFO - Running statement: DROP TABLE IF EXISTS transactions, parameters: None
[2023-09-15T12:22:32.965+0000] {sql.py:375} INFO - Running statement: 
        CREATE TABLE transactions (
        "TrackId" INT NOT NULL,
        "InvoiceId" INT NOT NULL,
        "CustomerId" INT NOT NULL,
        "InvoiceDate" TIMESTAMP NOT NULL,
        "Total" NUMERIC(10,2) NOT NULL,
        "FullName" VARCHAR(50) NOT NULL,
        "Address" VARCHAR(70),
        "City" VARCHAR(40),
        "State" VARCHAR(40),
        "Country" VARCHAR(40),
        "PostalCode" VARCHAR(10),
        "Email" VARCHAR(60) NOT NULL
        )
        , parameters: None
[2023-09-15T12:22:33.049+0000] {generic_transfer.py:105} INFO - Inserting rows into dwh
[2023-09-15T12:22:33.073+0000] {base.py:73} INFO - Using connection ID 'dwh' for task execution.
[2023-09-15T12:22:34.707+0000] {sql.py:470} INFO - Loaded 1000 rows into transactions so far
[2023-09-15T12:22:36.258+0000] {sql.py:470} INFO - Loaded 2000 rows into transactions so far
[2023-09-15T12:22:36.650+0000] {sql.py:473} INFO - Done loading. Loaded a total of 2240 rows into transactions
[2023-09-15T12:22:36.699+0000] {taskinstance.py:1373} INFO - Marking task as SUCCESS. dag_id=transactions, task_id=insert_into_transactions, execution_date=20230915T120517, start_date=20230915T122226, end_date=20230915T122236
[2023-09-15T12:22:36.821+0000] {local_task_job_runner.py:232} INFO - Task exited with return code 0
[2023-09-15T12:22:36.911+0000] {taskinstance.py:2674} INFO - 0 downstream tasks scheduled from follow-on schedule check
