[2023-09-15T16:04:25.906+0000] {taskinstance.py:1125} INFO - Dependencies all met for dep_context=non-requeueable deps ti=<TaskInstance: artis_revenue.insert_into_artist_revenue manual__2023-09-15T16:04:19.186219+00:00 [queued]>
[2023-09-15T16:04:25.929+0000] {taskinstance.py:1125} INFO - Dependencies all met for dep_context=requeueable deps ti=<TaskInstance: artis_revenue.insert_into_artist_revenue manual__2023-09-15T16:04:19.186219+00:00 [queued]>
[2023-09-15T16:04:25.931+0000] {taskinstance.py:1331} INFO - Starting attempt 1 of 2
[2023-09-15T16:04:25.963+0000] {taskinstance.py:1350} INFO - Executing <Task(GenericTransfer): insert_into_artist_revenue> on 2023-09-15 16:04:19.186219+00:00
[2023-09-15T16:04:25.973+0000] {standard_task_runner.py:57} INFO - Started process 93 to run task
[2023-09-15T16:04:25.985+0000] {standard_task_runner.py:84} INFO - Running: ['***', 'tasks', 'run', 'artis_revenue', 'insert_into_artist_revenue', 'manual__2023-09-15T16:04:19.186219+00:00', '--job-id', '47', '--raw', '--subdir', 'DAGS_FOLDER/artist_revenue.py', '--cfg-path', '/tmp/tmpipitgiia']
[2023-09-15T16:04:25.992+0000] {standard_task_runner.py:85} INFO - Job 47: Subtask insert_into_artist_revenue
[2023-09-15T16:04:26.171+0000] {task_command.py:410} INFO - Running <TaskInstance: artis_revenue.insert_into_artist_revenue manual__2023-09-15T16:04:19.186219+00:00 [running]> on host ecb76d2810ac
[2023-09-15T16:04:26.408+0000] {taskinstance.py:1570} INFO - Exporting env vars: AIRFLOW_CTX_DAG_OWNER='Imara Acacia' AIRFLOW_CTX_DAG_ID='artis_revenue' AIRFLOW_CTX_TASK_ID='insert_into_artist_revenue' AIRFLOW_CTX_EXECUTION_DATE='2023-09-15T16:04:19.186219+00:00' AIRFLOW_CTX_TRY_NUMBER='1' AIRFLOW_CTX_DAG_RUN_ID='manual__2023-09-15T16:04:19.186219+00:00'
[2023-09-15T16:04:26.438+0000] {base.py:73} INFO - Using connection ID 'postgres' for task execution.
[2023-09-15T16:04:26.888+0000] {base.py:73} INFO - Using connection ID 'dwh' for task execution.
[2023-09-15T16:04:27.012+0000] {generic_transfer.py:77} INFO - Extracting data from postgres
[2023-09-15T16:04:27.013+0000] {generic_transfer.py:78} INFO - Executing: 
 
SELECT a."ArtistId", 
       a."Name", 
       b."Title", 
       c."Name", 
       (d."Quantity" * d."UnitPrice"),
       d."InvoiceLineId",
       e."InvoiceId",
       e."InvoiceDate"
FROM "Artist" a
JOIN "Album" b
ON a."ArtistId" = b."ArtistId"
JOIN "Track" c
ON b."AlbumId" = c."AlbumId"
JOIN "InvoiceLine" d
ON c."TrackId" = d."TrackId"
JOIN "Invoice" e
ON d."InvoiceId" = e."InvoiceId"
[2023-09-15T16:04:27.030+0000] {base.py:73} INFO - Using connection ID 'postgres' for task execution.
[2023-09-15T16:04:27.070+0000] {sql.py:375} INFO - Running statement: 
SELECT a."ArtistId", 
       a."Name", 
       b."Title", 
       c."Name", 
       (d."Quantity" * d."UnitPrice"),
       d."InvoiceLineId",
       e."InvoiceId",
       e."InvoiceDate"
FROM "Artist" a
JOIN "Album" b
ON a."ArtistId" = b."ArtistId"
JOIN "Track" c
ON b."AlbumId" = c."AlbumId"
JOIN "InvoiceLine" d
ON c."TrackId" = d."TrackId"
JOIN "Invoice" e
ON d."InvoiceId" = e."InvoiceId", parameters: None
[2023-09-15T16:04:27.136+0000] {sql.py:384} INFO - Rows affected: 2240
[2023-09-15T16:04:27.146+0000] {generic_transfer.py:95} INFO - Running preoperator
[2023-09-15T16:04:27.147+0000] {generic_transfer.py:96} INFO - ['DROP TABLE IF EXISTS artist_revenue', '\n        CREATE TABLE artist_revenue (\n        "ArtistId" INT NOT NULL,\n        "ArtistName" VARCHAR(120),\n        "AlbumTitle" VARCHAR(160) NOT NULL,\n        "TrackName" VARCHAR(200) NOT NULL,\n        "TotalPrice" NUMERIC(10,2) NOT NULL,\n        "InvoiceLineId" INT NOT NULL,\n        "InvoiceId" INT NOT NULL,\n        "InvoiceDate" TIMESTAMP NOT NULL)\n        ']
[2023-09-15T16:04:27.161+0000] {base.py:73} INFO - Using connection ID 'dwh' for task execution.
[2023-09-15T16:04:27.194+0000] {sql.py:375} INFO - Running statement: DROP TABLE IF EXISTS artist_revenue, parameters: None
[2023-09-15T16:04:27.237+0000] {sql.py:375} INFO - Running statement: 
        CREATE TABLE artist_revenue (
        "ArtistId" INT NOT NULL,
        "ArtistName" VARCHAR(120),
        "AlbumTitle" VARCHAR(160) NOT NULL,
        "TrackName" VARCHAR(200) NOT NULL,
        "TotalPrice" NUMERIC(10,2) NOT NULL,
        "InvoiceLineId" INT NOT NULL,
        "InvoiceId" INT NOT NULL,
        "InvoiceDate" TIMESTAMP NOT NULL)
        , parameters: None
[2023-09-15T16:04:27.310+0000] {generic_transfer.py:105} INFO - Inserting rows into dwh
[2023-09-15T16:04:27.328+0000] {base.py:73} INFO - Using connection ID 'dwh' for task execution.
[2023-09-15T16:04:27.774+0000] {sql.py:470} INFO - Loaded 1000 rows into artist_revenue so far
[2023-09-15T16:04:28.396+0000] {sql.py:470} INFO - Loaded 2000 rows into artist_revenue so far
[2023-09-15T16:04:28.491+0000] {sql.py:473} INFO - Done loading. Loaded a total of 2240 rows into artist_revenue
[2023-09-15T16:04:28.512+0000] {taskinstance.py:1373} INFO - Marking task as SUCCESS. dag_id=artis_revenue, task_id=insert_into_artist_revenue, execution_date=20230915T160419, start_date=20230915T160425, end_date=20230915T160428
[2023-09-15T16:04:28.569+0000] {local_task_job_runner.py:232} INFO - Task exited with return code 0
[2023-09-15T16:04:28.611+0000] {taskinstance.py:2674} INFO - 0 downstream tasks scheduled from follow-on schedule check
